INFO:root:Started
INFO:root:Epoch: 0, Train loss: 3.9155903, Train Acc: 0.023358585
INFO:root:Epoch: 0, Validation loss: 3.8103406, Validation Acc: 0.0234375
INFO:root:Epoch: 1, Train loss: 3.7925267, Train Acc: 0.043876264
INFO:root:Epoch: 1, Validation loss: 3.7702377, Validation Acc: 0.049479168
INFO:root:Epoch: 2, Train loss: 3.6952243, Train Acc: 0.0647096
INFO:root:Epoch: 2, Validation loss: 3.661833, Validation Acc: 0.0703125
INFO:root:Epoch: 3, Train loss: 3.6189942, Train Acc: 0.066287875
INFO:root:Epoch: 3, Validation loss: 3.6466208, Validation Acc: 0.067708336
INFO:root:Epoch: 4, Train loss: 3.5490742, Train Acc: 0.0886995
INFO:root:Epoch: 4, Validation loss: 3.5280454, Validation Acc: 0.09375
INFO:root:Epoch: 5, Train loss: 3.4528344, Train Acc: 0.10069445
INFO:root:Epoch: 5, Validation loss: 3.5418823, Validation Acc: 0.078125
INFO:root:Epoch: 6, Train loss: 3.3581944, Train Acc: 0.11868687
INFO:root:Epoch: 6, Validation loss: 3.5978546, Validation Acc: 0.0625
INFO:root:Epoch: 7, Train loss: 3.2871828, Train Acc: 0.13731061
INFO:root:Epoch: 7, Validation loss: 3.5134351, Validation Acc: 0.083333336
INFO:root:Epoch: 8, Train loss: 3.2088003, Train Acc: 0.14867425
INFO:root:Epoch: 8, Validation loss: 3.5447133, Validation Acc: 0.098958336
INFO:root:Epoch: 9, Train loss: 3.0759568, Train Acc: 0.18402778
INFO:root:Epoch: 9, Validation loss: 3.5079963, Validation Acc: 0.104166664
INFO:root:Epoch: 10, Train loss: 3.018236, Train Acc: 0.20075758
INFO:root:Epoch: 10, Validation loss: 3.4925022, Validation Acc: 0.111979164
INFO:root:Epoch: 11, Train loss: 2.9357924, Train Acc: 0.21117425
INFO:root:Epoch: 11, Validation loss: 3.4777107, Validation Acc: 0.109375
INFO:root:Epoch: 12, Train loss: 2.882017, Train Acc: 0.22758839
INFO:root:Epoch: 12, Validation loss: 3.4390495, Validation Acc: 0.106770836
INFO:root:Epoch: 13, Train loss: 2.7625153, Train Acc: 0.25157827
INFO:root:Epoch: 13, Validation loss: 3.4096458, Validation Acc: 0.114583336
INFO:root:Epoch: 14, Train loss: 2.7221913, Train Acc: 0.26799244
INFO:root:Epoch: 14, Validation loss: 3.415188, Validation Acc: 0.12760417
INFO:root:Epoch: 15, Train loss: 2.6413448, Train Acc: 0.27209595
INFO:root:Epoch: 15, Validation loss: 3.4863088, Validation Acc: 0.119791664
INFO:root:Epoch: 16, Train loss: 2.5702024, Train Acc: 0.301452
INFO:root:Epoch: 16, Validation loss: 3.5024316, Validation Acc: 0.106770836
INFO:root:Epoch: 17, Train loss: 2.4948144, Train Acc: 0.3364899
INFO:root:Epoch: 17, Validation loss: 3.520551, Validation Acc: 0.125
INFO:root:Epoch: 18, Train loss: 2.40911, Train Acc: 0.34532827
INFO:root:Epoch: 18, Validation loss: 3.3059216, Validation Acc: 0.14322917
INFO:root:Epoch: 19, Train loss: 2.3449626, Train Acc: 0.35637626
INFO:root:Epoch: 19, Validation loss: 3.2909327, Validation Acc: 0.14322917
INFO:root:Epoch: 20, Train loss: 2.2388554, Train Acc: 0.39078283
INFO:root:Epoch: 20, Validation loss: 3.6363099, Validation Acc: 0.13020833
INFO:root:Epoch: 21, Train loss: 2.217302, Train Acc: 0.38510102
INFO:root:Epoch: 21, Validation loss: 3.2777474, Validation Acc: 0.16666667
INFO:root:Epoch: 22, Train loss: 2.106541, Train Acc: 0.41666666
INFO:root:Epoch: 22, Validation loss: 3.6076736, Validation Acc: 0.16145833
INFO:root:Epoch: 23, Train loss: 2.02336, Train Acc: 0.4368687
INFO:root:Epoch: 23, Validation loss: 3.4688184, Validation Acc: 0.1484375
INFO:root:Epoch: 24, Train loss: 1.9654764, Train Acc: 0.45801768
INFO:root:Epoch: 24, Validation loss: 3.4967766, Validation Acc: 0.16145833
INFO:root:Epoch: 25, Train loss: 1.914926, Train Acc: 0.47316918
INFO:root:Epoch: 25, Validation loss: 3.541261, Validation Acc: 0.17447917
INFO:root:Epoch: 26, Train loss: 1.8723758, Train Acc: 0.49084595
INFO:root:Epoch: 26, Validation loss: 3.487749, Validation Acc: 0.1796875
INFO:root:Epoch: 27, Train loss: 1.791193, Train Acc: 0.5056818
INFO:root:Epoch: 27, Validation loss: 3.68133, Validation Acc: 0.16666667
INFO:root:Epoch: 28, Train loss: 1.7355647, Train Acc: 0.51483583
INFO:root:Epoch: 28, Validation loss: 3.6499264, Validation Acc: 0.15885417
INFO:root:Epoch: 29, Train loss: 1.6981496, Train Acc: 0.5246212
INFO:root:Epoch: 29, Validation loss: 3.7259703, Validation Acc: 0.13020833
INFO:root:Epoch: 30, Train loss: 1.6209903, Train Acc: 0.541351
INFO:root:Epoch: 30, Validation loss: 3.6458814, Validation Acc: 0.18229167
INFO:root:Epoch: 31, Train loss: 1.5695134, Train Acc: 0.56534094
INFO:root:Epoch: 31, Validation loss: 3.7955408, Validation Acc: 0.15104167
INFO:root:Epoch: 32, Train loss: 1.5379785, Train Acc: 0.56660354
INFO:root:Epoch: 32, Validation loss: 3.8693752, Validation Acc: 0.18489583
INFO:root:Epoch: 33, Train loss: 1.4876888, Train Acc: 0.57575756
INFO:root:Epoch: 33, Validation loss: 3.6941195, Validation Acc: 0.20052083
INFO:root:Epoch: 34, Train loss: 1.4333822, Train Acc: 0.592803
INFO:root:Epoch: 34, Validation loss: 3.8151586, Validation Acc: 0.15885417
INFO:root:Epoch: 35, Train loss: 1.4167758, Train Acc: 0.6076389
INFO:root:Epoch: 35, Validation loss: 3.7919939, Validation Acc: 0.15885417
INFO:root:Epoch: 36, Train loss: 1.3352946, Train Acc: 0.6098485
INFO:root:Epoch: 36, Validation loss: 3.7264721, Validation Acc: 0.1796875
INFO:root:Epoch: 37, Train loss: 1.3123493, Train Acc: 0.6212121
INFO:root:Epoch: 37, Validation loss: 3.8172128, Validation Acc: 0.15364583
INFO:root:Epoch: 38, Train loss: 1.2391748, Train Acc: 0.65309346
INFO:root:Epoch: 38, Validation loss: 3.8078969, Validation Acc: 0.17708333
INFO:root:Epoch: 39, Train loss: 1.1955907, Train Acc: 0.65309346
INFO:root:Epoch: 39, Validation loss: 3.891775, Validation Acc: 0.13802083
INFO:root:Epoch: 40, Train loss: 1.1305598, Train Acc: 0.68497473
INFO:root:Epoch: 40, Validation loss: 3.8567202, Validation Acc: 0.203125
INFO:root:Epoch: 41, Train loss: 1.1589217, Train Acc: 0.6739268
INFO:root:Epoch: 41, Validation loss: 3.9845066, Validation Acc: 0.18489583
INFO:root:Epoch: 42, Train loss: 1.1282631, Train Acc: 0.6751894
INFO:root:Epoch: 42, Validation loss: 3.9212277, Validation Acc: 0.16145833
INFO:root:Epoch: 43, Train loss: 1.076737, Train Acc: 0.6890783
INFO:root:Epoch: 43, Validation loss: 3.9918385, Validation Acc: 0.15625
INFO:root:Epoch: 44, Train loss: 1.0468011, Train Acc: 0.6979167
INFO:root:Epoch: 44, Validation loss: 4.0075407, Validation Acc: 0.19010417
INFO:root:Epoch: 45, Train loss: 1.0284812, Train Acc: 0.7121212
INFO:root:Epoch: 45, Validation loss: 4.1865325, Validation Acc: 0.15364583
INFO:root:Epoch: 46, Train loss: 0.9927432, Train Acc: 0.717803
INFO:root:Epoch: 46, Validation loss: 4.0990615, Validation Acc: 0.15104167
INFO:root:Epoch: 47, Train loss: 0.93329483, Train Acc: 0.72285354
INFO:root:Epoch: 47, Validation loss: 4.1140523, Validation Acc: 0.17708333
INFO:root:Epoch: 48, Train loss: 0.9030672, Train Acc: 0.7405303
INFO:root:Epoch: 48, Validation loss: 4.2862873, Validation Acc: 0.16666667
INFO:root:Epoch: 49, Train loss: 0.863483, Train Acc: 0.75063133
INFO:root:Epoch: 49, Validation loss: 4.1612973, Validation Acc: 0.19010417
INFO:root:Epoch: 50, Train loss: 0.8563061, Train Acc: 0.7522096
INFO:root:Epoch: 50, Validation loss: 4.192903, Validation Acc: 0.16145833
INFO:root:Epoch: 51, Train loss: 0.80261683, Train Acc: 0.7698864
INFO:root:Epoch: 51, Validation loss: 4.1890364, Validation Acc: 0.171875
INFO:root:Epoch: 52, Train loss: 0.82184696, Train Acc: 0.76704544
INFO:root:Epoch: 52, Validation loss: 4.2316937, Validation Acc: 0.16927083
INFO:root:Epoch: 53, Train loss: 0.8038502, Train Acc: 0.7604167
INFO:root:Epoch: 53, Validation loss: 4.0637155, Validation Acc: 0.18489583
INFO:root:Epoch: 54, Train loss: 0.74487597, Train Acc: 0.78661615
INFO:root:Epoch: 54, Validation loss: 4.261, Validation Acc: 0.18489583
INFO:root:Epoch: 55, Train loss: 0.6992858, Train Acc: 0.79829544
INFO:root:Epoch: 55, Validation loss: 4.3074837, Validation Acc: 0.171875
INFO:root:Epoch: 56, Train loss: 0.71437854, Train Acc: 0.8011364
INFO:root:Epoch: 56, Validation loss: 4.3417134, Validation Acc: 0.1796875
INFO:root:Epoch: 57, Train loss: 0.69572324, Train Acc: 0.7951389
INFO:root:Epoch: 57, Validation loss: 4.448334, Validation Acc: 0.18229167
INFO:root:Epoch: 58, Train loss: 0.6718353, Train Acc: 0.8042929
INFO:root:Epoch: 58, Validation loss: 4.5107555, Validation Acc: 0.19270833
INFO:root:Epoch: 59, Train loss: 0.6661529, Train Acc: 0.802399
INFO:root:Epoch: 59, Validation loss: 4.3842287, Validation Acc: 0.19010417
INFO:root:Training from ep 0 to ep 60 finished
INFO:root:Best epoch: 41
