INFO:root:Started
INFO:root:Epoch: 0, Train loss: 3.9740188, Train Acc: 0.026199495
INFO:root:Epoch: 0, Validation loss: 3.8249779, Validation Acc: 0.036458332
INFO:root:Epoch: 1, Train loss: 3.7540722, Train Acc: 0.051452022
INFO:root:Epoch: 1, Validation loss: 3.7398493, Validation Acc: 0.057291668
INFO:root:Epoch: 2, Train loss: 3.5906773, Train Acc: 0.077651516
INFO:root:Epoch: 2, Validation loss: 3.6307774, Validation Acc: 0.0625
INFO:root:Epoch: 3, Train loss: 3.4828143, Train Acc: 0.096906565
INFO:root:Epoch: 3, Validation loss: 3.580128, Validation Acc: 0.078125
INFO:root:Epoch: 4, Train loss: 3.3668358, Train Acc: 0.1294192
INFO:root:Epoch: 4, Validation loss: 3.5181725, Validation Acc: 0.114583336
INFO:root:Epoch: 5, Train loss: 3.278528, Train Acc: 0.13825758
INFO:root:Epoch: 5, Validation loss: 3.4993937, Validation Acc: 0.098958336
INFO:root:Epoch: 6, Train loss: 3.1869917, Train Acc: 0.16130051
INFO:root:Epoch: 6, Validation loss: 3.4133987, Validation Acc: 0.091145836
INFO:root:Epoch: 7, Train loss: 3.0983107, Train Acc: 0.18813132
INFO:root:Epoch: 7, Validation loss: 3.5759983, Validation Acc: 0.09375
INFO:root:Epoch: 8, Train loss: 3.0253475, Train Acc: 0.20075758
INFO:root:Epoch: 8, Validation loss: 3.4710782, Validation Acc: 0.111979164
INFO:root:Epoch: 9, Train loss: 2.8656123, Train Acc: 0.23358586
INFO:root:Epoch: 9, Validation loss: 3.4547074, Validation Acc: 0.096354164
INFO:root:Epoch: 10, Train loss: 2.8028932, Train Acc: 0.25
INFO:root:Epoch: 10, Validation loss: 3.4365118, Validation Acc: 0.111979164
INFO:root:Epoch: 11, Train loss: 2.7423015, Train Acc: 0.26830807
INFO:root:Epoch: 11, Validation loss: 3.3936243, Validation Acc: 0.125
INFO:root:Epoch: 12, Train loss: 2.651768, Train Acc: 0.2834596
INFO:root:Epoch: 12, Validation loss: 3.4412024, Validation Acc: 0.125
INFO:root:Epoch: 13, Train loss: 2.5464342, Train Acc: 0.3074495
INFO:root:Epoch: 13, Validation loss: 3.291378, Validation Acc: 0.125
INFO:root:Epoch: 14, Train loss: 2.4503584, Train Acc: 0.3380682
INFO:root:Epoch: 14, Validation loss: 3.3648365, Validation Acc: 0.140625
INFO:root:Epoch: 15, Train loss: 2.3800416, Train Acc: 0.35132575
INFO:root:Epoch: 15, Validation loss: 3.4151108, Validation Acc: 0.15625
INFO:root:Epoch: 16, Train loss: 2.2888112, Train Acc: 0.39078283
INFO:root:Epoch: 16, Validation loss: 3.4887302, Validation Acc: 0.14583333
INFO:root:Epoch: 17, Train loss: 2.2268052, Train Acc: 0.3967803
INFO:root:Epoch: 17, Validation loss: 3.4135616, Validation Acc: 0.12760417
INFO:root:Epoch: 18, Train loss: 2.122227, Train Acc: 0.42424244
INFO:root:Epoch: 18, Validation loss: 3.4967682, Validation Acc: 0.119791664
INFO:root:Epoch: 19, Train loss: 2.0827482, Train Acc: 0.42455807
INFO:root:Epoch: 19, Validation loss: 3.3002803, Validation Acc: 0.17708333
INFO:root:Epoch: 20, Train loss: 1.9438063, Train Acc: 0.47064394
INFO:root:Epoch: 20, Validation loss: 3.4990451, Validation Acc: 0.15885417
INFO:root:Epoch: 21, Train loss: 1.9115357, Train Acc: 0.47032827
INFO:root:Epoch: 21, Validation loss: 3.4050176, Validation Acc: 0.171875
INFO:root:Epoch: 22, Train loss: 1.8046453, Train Acc: 0.50410354
INFO:root:Epoch: 22, Validation loss: 3.618888, Validation Acc: 0.15625
INFO:root:Epoch: 23, Train loss: 1.7248325, Train Acc: 0.5173611
INFO:root:Epoch: 23, Validation loss: 3.5799325, Validation Acc: 0.17708333
INFO:root:Epoch: 24, Train loss: 1.6801684, Train Acc: 0.52935606
INFO:root:Epoch: 24, Validation loss: 3.542387, Validation Acc: 0.1796875
INFO:root:Epoch: 25, Train loss: 1.6267432, Train Acc: 0.55397725
INFO:root:Epoch: 25, Validation loss: 3.6558955, Validation Acc: 0.16145833
INFO:root:Epoch: 26, Train loss: 1.5807754, Train Acc: 0.5546086
INFO:root:Epoch: 26, Validation loss: 3.6684086, Validation Acc: 0.18489583
INFO:root:Epoch: 27, Train loss: 1.5079416, Train Acc: 0.5808081
INFO:root:Epoch: 27, Validation loss: 3.7003477, Validation Acc: 0.15885417
INFO:root:Epoch: 28, Train loss: 1.4594862, Train Acc: 0.58838385
INFO:root:Epoch: 28, Validation loss: 3.6205747, Validation Acc: 0.17708333
INFO:root:Epoch: 29, Train loss: 1.3867396, Train Acc: 0.6111111
INFO:root:Epoch: 29, Validation loss: 3.7085972, Validation Acc: 0.18489583
INFO:root:Epoch: 30, Train loss: 1.35697, Train Acc: 0.6136364
INFO:root:Epoch: 30, Validation loss: 3.7611055, Validation Acc: 0.18229167
INFO:root:Epoch: 31, Train loss: 1.2831886, Train Acc: 0.6319444
INFO:root:Epoch: 31, Validation loss: 3.8870423, Validation Acc: 0.1875
INFO:root:Epoch: 32, Train loss: 1.2789208, Train Acc: 0.6373106
INFO:root:Epoch: 32, Validation loss: 3.9023151, Validation Acc: 0.16927083
INFO:root:Epoch: 33, Train loss: 1.2116265, Train Acc: 0.6622475
INFO:root:Epoch: 33, Validation loss: 3.7437232, Validation Acc: 0.17447917
INFO:root:Epoch: 34, Train loss: 1.1535301, Train Acc: 0.66824496
INFO:root:Epoch: 34, Validation loss: 3.879407, Validation Acc: 0.1875
INFO:root:Epoch: 35, Train loss: 1.1475437, Train Acc: 0.6758207
INFO:root:Epoch: 35, Validation loss: 3.9392922, Validation Acc: 0.1796875
INFO:root:Epoch: 36, Train loss: 1.0500637, Train Acc: 0.7026515
INFO:root:Epoch: 36, Validation loss: 4.0555453, Validation Acc: 0.171875
INFO:root:Epoch: 37, Train loss: 1.0431749, Train Acc: 0.7001263
INFO:root:Epoch: 37, Validation loss: 3.9259946, Validation Acc: 0.20052083
INFO:root:Epoch: 38, Train loss: 0.98681885, Train Acc: 0.7209596
INFO:root:Epoch: 38, Validation loss: 4.2090096, Validation Acc: 0.16666667
INFO:root:Epoch: 39, Train loss: 0.9638287, Train Acc: 0.7234849
INFO:root:Epoch: 39, Validation loss: 4.0708756, Validation Acc: 0.17708333
INFO:root:Epoch: 40, Train loss: 0.8798902, Train Acc: 0.74116164
INFO:root:Epoch: 40, Validation loss: 4.0955033, Validation Acc: 0.16145833
INFO:root:Epoch: 41, Train loss: 0.87621576, Train Acc: 0.749053
INFO:root:Epoch: 41, Validation loss: 4.3976054, Validation Acc: 0.14583333
INFO:root:Epoch: 42, Train loss: 0.87256104, Train Acc: 0.75410354
INFO:root:Epoch: 42, Validation loss: 4.393259, Validation Acc: 0.1484375
INFO:root:Epoch: 43, Train loss: 0.82560676, Train Acc: 0.7594697
INFO:root:Epoch: 43, Validation loss: 4.2416945, Validation Acc: 0.15625
INFO:root:Epoch: 44, Train loss: 0.83410597, Train Acc: 0.7623106
INFO:root:Epoch: 44, Validation loss: 4.4126086, Validation Acc: 0.16666667
INFO:root:Epoch: 45, Train loss: 0.78662837, Train Acc: 0.7774621
INFO:root:Epoch: 45, Validation loss: 4.5852513, Validation Acc: 0.15625
INFO:root:Epoch: 46, Train loss: 0.7793797, Train Acc: 0.7698864
INFO:root:Epoch: 46, Validation loss: 4.3255677, Validation Acc: 0.171875
INFO:root:Epoch: 47, Train loss: 0.71722394, Train Acc: 0.7891414
INFO:root:Epoch: 47, Validation loss: 4.514555, Validation Acc: 0.20572917
INFO:root:Epoch: 48, Train loss: 0.6660687, Train Acc: 0.80997473
INFO:root:Epoch: 48, Validation loss: 4.362488, Validation Acc: 0.15885417
INFO:root:Epoch: 49, Train loss: 0.66265136, Train Acc: 0.80713385
INFO:root:Epoch: 49, Validation loss: 4.402445, Validation Acc: 0.171875
INFO:root:Epoch: 50, Train loss: 0.63190955, Train Acc: 0.8159722
INFO:root:Epoch: 50, Validation loss: 4.3532834, Validation Acc: 0.171875
INFO:root:Epoch: 51, Train loss: 0.5886877, Train Acc: 0.8292298
INFO:root:Epoch: 51, Validation loss: 4.619414, Validation Acc: 0.15364583
INFO:root:Epoch: 52, Train loss: 0.5973351, Train Acc: 0.8197601
INFO:root:Epoch: 52, Validation loss: 4.5744195, Validation Acc: 0.17708333
INFO:root:Epoch: 53, Train loss: 0.59599125, Train Acc: 0.83301765
INFO:root:Epoch: 53, Validation loss: 4.3968005, Validation Acc: 0.16145833
INFO:root:Epoch: 54, Train loss: 0.54094195, Train Acc: 0.8472222
INFO:root:Epoch: 54, Validation loss: 4.357408, Validation Acc: 0.15885417
INFO:root:Epoch: 55, Train loss: 0.5303768, Train Acc: 0.84690654
INFO:root:Epoch: 55, Validation loss: 4.546789, Validation Acc: 0.19010417
INFO:root:Epoch: 56, Train loss: 0.5232074, Train Acc: 0.84690654
INFO:root:Epoch: 56, Validation loss: 4.4832664, Validation Acc: 0.16145833
INFO:root:Epoch: 57, Train loss: 0.5115012, Train Acc: 0.85353535
INFO:root:Epoch: 57, Validation loss: 4.6541967, Validation Acc: 0.17447917
INFO:root:Epoch: 58, Train loss: 0.5185183, Train Acc: 0.85227275
INFO:root:Epoch: 58, Validation loss: 4.378979, Validation Acc: 0.18229167
INFO:root:Epoch: 59, Train loss: 0.5078265, Train Acc: 0.8554293
INFO:root:Epoch: 59, Validation loss: 4.4636583, Validation Acc: 0.19791667
INFO:root:Training from ep 0 to ep 60 finished
INFO:root:Best epoch: 48
