INFO:root:Started
INFO:root:Epoch: 0, Train loss: 3.7145472, Train Acc: 0.053030305
INFO:root:Epoch: 0, Validation loss: 3.5931387, Validation Acc: 0.106770836
INFO:root:Epoch: 1, Train loss: 3.4305327, Train Acc: 0.09469697
INFO:root:Epoch: 1, Validation loss: 3.4303024, Validation Acc: 0.1171875
INFO:root:Epoch: 2, Train loss: 3.3042216, Train Acc: 0.1278409
INFO:root:Epoch: 2, Validation loss: 3.562115, Validation Acc: 0.09375
INFO:root:Epoch: 3, Train loss: 3.188381, Train Acc: 0.15056819
INFO:root:Epoch: 3, Validation loss: 3.416516, Validation Acc: 0.1015625
INFO:root:Epoch: 4, Train loss: 3.0738387, Train Acc: 0.17518939
INFO:root:Epoch: 4, Validation loss: 3.4452267, Validation Acc: 0.096354164
INFO:root:Epoch: 5, Train loss: 2.9693518, Train Acc: 0.20170455
INFO:root:Epoch: 5, Validation loss: 3.358639, Validation Acc: 0.109375
INFO:root:Epoch: 6, Train loss: 2.8842182, Train Acc: 0.2215909
INFO:root:Epoch: 6, Validation loss: 3.3564827, Validation Acc: 0.119791664
INFO:root:Epoch: 7, Train loss: 2.808665, Train Acc: 0.23926768
INFO:root:Epoch: 7, Validation loss: 3.2350814, Validation Acc: 0.14583333
INFO:root:Epoch: 8, Train loss: 2.705303, Train Acc: 0.26641414
INFO:root:Epoch: 8, Validation loss: 3.2973862, Validation Acc: 0.13802083
INFO:root:Epoch: 9, Train loss: 2.633161, Train Acc: 0.28251263
INFO:root:Epoch: 9, Validation loss: 3.2595384, Validation Acc: 0.13541667
INFO:root:Epoch: 10, Train loss: 2.5377018, Train Acc: 0.30113637
INFO:root:Epoch: 10, Validation loss: 3.3972826, Validation Acc: 0.16666667
INFO:root:Epoch: 11, Train loss: 2.4615974, Train Acc: 0.33080807
INFO:root:Epoch: 11, Validation loss: 3.2765448, Validation Acc: 0.15885417
INFO:root:Epoch: 12, Train loss: 2.3958335, Train Acc: 0.34785354
INFO:root:Epoch: 12, Validation loss: 3.259162, Validation Acc: 0.171875
INFO:root:Epoch: 13, Train loss: 2.3520055, Train Acc: 0.35385102
INFO:root:Epoch: 13, Validation loss: 3.3198297, Validation Acc: 0.15885417
INFO:root:Epoch: 14, Train loss: 2.236446, Train Acc: 0.38194445
INFO:root:Epoch: 14, Validation loss: 3.2045527, Validation Acc: 0.203125
INFO:root:Epoch: 15, Train loss: 2.2105293, Train Acc: 0.39204547
INFO:root:Epoch: 15, Validation loss: 3.2242115, Validation Acc: 0.20572917
INFO:root:Epoch: 16, Train loss: 2.0876155, Train Acc: 0.417298
INFO:root:Epoch: 16, Validation loss: 3.2635996, Validation Acc: 0.18229167
INFO:root:Epoch: 17, Train loss: 2.0689883, Train Acc: 0.42329547
INFO:root:Epoch: 17, Validation loss: 3.2772455, Validation Acc: 0.19010417
INFO:root:Epoch: 18, Train loss: 1.9970641, Train Acc: 0.43907827
INFO:root:Epoch: 18, Validation loss: 3.134938, Validation Acc: 0.21875
INFO:root:Epoch: 19, Train loss: 1.905489, Train Acc: 0.46212122
INFO:root:Epoch: 19, Validation loss: 3.4434338, Validation Acc: 0.20052083
INFO:root:Epoch: 20, Train loss: 1.8741506, Train Acc: 0.4782197
INFO:root:Epoch: 20, Validation loss: 3.2389343, Validation Acc: 0.19791667
INFO:root:Epoch: 21, Train loss: 1.824819, Train Acc: 0.49305555
INFO:root:Epoch: 21, Validation loss: 3.2257788, Validation Acc: 0.1875
INFO:root:Epoch: 22, Train loss: 1.7658764, Train Acc: 0.5015783
INFO:root:Epoch: 22, Validation loss: 3.4717395, Validation Acc: 0.2109375
INFO:root:Epoch: 23, Train loss: 1.7065169, Train Acc: 0.52367425
INFO:root:Epoch: 23, Validation loss: 3.336322, Validation Acc: 0.18229167
INFO:root:Epoch: 24, Train loss: 1.6892984, Train Acc: 0.5129419
INFO:root:Epoch: 24, Validation loss: 3.3196185, Validation Acc: 0.20052083
INFO:root:Epoch: 25, Train loss: 1.667844, Train Acc: 0.5363005
INFO:root:Epoch: 25, Validation loss: 3.5315475, Validation Acc: 0.17447917
INFO:root:Epoch: 26, Train loss: 1.548602, Train Acc: 0.5558712
INFO:root:Epoch: 26, Validation loss: 3.4948893, Validation Acc: 0.19010417
INFO:root:Epoch: 27, Train loss: 1.5386453, Train Acc: 0.56060606
INFO:root:Epoch: 27, Validation loss: 3.2998512, Validation Acc: 0.21354167
INFO:root:Epoch: 28, Train loss: 1.482397, Train Acc: 0.57323235
INFO:root:Epoch: 28, Validation loss: 3.3805492, Validation Acc: 0.1796875
INFO:root:Epoch: 29, Train loss: 1.4572306, Train Acc: 0.5864899
INFO:root:Epoch: 29, Validation loss: 3.3575132, Validation Acc: 0.19270833
INFO:root:Training from ep 0 to ep 30 finished
INFO:root:Best epoch: 19
