INFO:root:Started
INFO:root:Epoch: 0, Train loss: 0.08092959
INFO:root:Epoch: 0, Validation loss: 0.04214494
INFO:root:Epoch: 1, Train loss: 0.013173277
INFO:root:Epoch: 1, Validation loss: 0.010930313
INFO:root:Epoch: 2, Train loss: 0.0055996506
INFO:root:Epoch: 2, Validation loss: 0.0046534277
INFO:root:Epoch: 3, Train loss: 0.0030345838
INFO:root:Epoch: 3, Validation loss: 0.0024547416
INFO:root:Epoch: 4, Train loss: 0.0019238149
INFO:root:Epoch: 4, Validation loss: 0.0019555723
INFO:root:Epoch: 5, Train loss: 0.0013121999
INFO:root:Epoch: 5, Validation loss: 0.0010772655
INFO:root:Epoch: 6, Train loss: 0.00094044645
INFO:root:Epoch: 6, Validation loss: 0.0008425093
INFO:root:Epoch: 7, Train loss: 0.000714701
INFO:root:Epoch: 7, Validation loss: 0.00071101496
INFO:root:Epoch: 8, Train loss: 0.0006115366
INFO:root:Epoch: 8, Validation loss: 0.0005250563
INFO:root:Epoch: 9, Train loss: 0.0005189989
INFO:root:Epoch: 9, Validation loss: 0.0005332553
INFO:root:Epoch: 10, Train loss: 0.00044049436
INFO:root:Epoch: 10, Validation loss: 0.0004177062
INFO:root:Epoch: 11, Train loss: 0.00037973988
INFO:root:Epoch: 11, Validation loss: 0.00030913483
INFO:root:Epoch: 12, Train loss: 0.0003314659
INFO:root:Epoch: 12, Validation loss: 0.00035675755
INFO:root:Epoch: 13, Train loss: 0.0002975047
INFO:root:Epoch: 13, Validation loss: 0.00027454167
INFO:root:Epoch: 14, Train loss: 0.00027778727
INFO:root:Epoch: 14, Validation loss: 0.00024933208
INFO:root:Epoch: 15, Train loss: 0.00023617723
INFO:root:Epoch: 15, Validation loss: 0.00020287896
INFO:root:Epoch: 16, Train loss: 0.00022644772
INFO:root:Epoch: 16, Validation loss: 0.00020202127
INFO:root:Epoch: 17, Train loss: 0.00020466004
INFO:root:Epoch: 17, Validation loss: 0.00018339066
INFO:root:Epoch: 18, Train loss: 0.00018311334
INFO:root:Epoch: 18, Validation loss: 0.0001687613
INFO:root:Epoch: 19, Train loss: 0.00016963173
INFO:root:Epoch: 19, Validation loss: 0.00015254827
INFO:root:Epoch: 20, Train loss: 0.00015885197
INFO:root:Epoch: 20, Validation loss: 0.00013975278
INFO:root:Epoch: 21, Train loss: 0.00015286186
INFO:root:Epoch: 21, Validation loss: 0.000115663526
INFO:root:Epoch: 22, Train loss: 0.00013663518
INFO:root:Epoch: 22, Validation loss: 0.00010841046
INFO:root:Epoch: 23, Train loss: 0.0001355027
INFO:root:Epoch: 23, Validation loss: 0.00013862186
INFO:root:Epoch: 24, Train loss: 0.00012276912
INFO:root:Epoch: 24, Validation loss: 0.00012493142
INFO:root:Epoch: 25, Train loss: 0.00011097818
INFO:root:Epoch: 25, Validation loss: 7.8701356e-05
INFO:root:Epoch: 26, Train loss: 0.00010482539
INFO:root:Epoch: 26, Validation loss: 0.0001364911
INFO:root:Epoch: 27, Train loss: 0.00010693219
INFO:root:Epoch: 27, Validation loss: 0.00012527512
INFO:root:Epoch: 28, Train loss: 9.248748e-05
INFO:root:Epoch: 28, Validation loss: 8.095852e-05
INFO:root:Epoch: 29, Train loss: 9.201998e-05
INFO:root:Epoch: 29, Validation loss: 7.531661e-05
INFO:root:Epoch: 30, Train loss: 9.3767296e-05
INFO:root:Epoch: 30, Validation loss: 9.148897e-05
INFO:root:Epoch: 31, Train loss: 8.2847655e-05
INFO:root:Epoch: 31, Validation loss: 8.374089e-05
INFO:root:Epoch: 32, Train loss: 8.1587816e-05
INFO:root:Epoch: 32, Validation loss: 8.443941e-05
INFO:root:Epoch: 33, Train loss: 8.1196216e-05
INFO:root:Epoch: 33, Validation loss: 9.74086e-05
INFO:root:Epoch: 34, Train loss: 7.654229e-05
INFO:root:Epoch: 34, Validation loss: 5.2942058e-05
INFO:root:Epoch: 35, Train loss: 6.9165384e-05
INFO:root:Epoch: 35, Validation loss: 4.3390726e-05
INFO:root:Epoch: 36, Train loss: 7.246691e-05
INFO:root:Epoch: 36, Validation loss: 6.544082e-05
INFO:root:Epoch: 37, Train loss: 6.684532e-05
INFO:root:Epoch: 37, Validation loss: 4.18457e-05
INFO:root:Epoch: 38, Train loss: 6.662617e-05
INFO:root:Epoch: 38, Validation loss: 6.0368e-05
INFO:root:Epoch: 39, Train loss: 6.550167e-05
INFO:root:Epoch: 39, Validation loss: 5.396999e-05
INFO:root:Epoch: 40, Train loss: 6.0774866e-05
INFO:root:Epoch: 40, Validation loss: 5.50316e-05
INFO:root:Epoch: 41, Train loss: 6.092548e-05
INFO:root:Epoch: 41, Validation loss: 4.1159183e-05
INFO:root:Epoch: 42, Train loss: 5.6452245e-05
INFO:root:Epoch: 42, Validation loss: 4.772558e-05
INFO:root:Epoch: 43, Train loss: 5.623461e-05
INFO:root:Epoch: 43, Validation loss: 4.022574e-05
INFO:root:Epoch: 44, Train loss: 5.4691107e-05
INFO:root:Epoch: 44, Validation loss: 3.7683545e-05
INFO:root:Epoch: 45, Train loss: 4.9499806e-05
INFO:root:Epoch: 45, Validation loss: 3.9245657e-05
INFO:root:Epoch: 46, Train loss: 5.018714e-05
INFO:root:Epoch: 46, Validation loss: 3.6744124e-05
INFO:root:Epoch: 47, Train loss: 4.4237422e-05
INFO:root:Epoch: 47, Validation loss: 3.966973e-05
INFO:root:Epoch: 48, Train loss: 4.2902102e-05
INFO:root:Epoch: 48, Validation loss: 3.044675e-05
INFO:root:Epoch: 49, Train loss: 4.122089e-05
INFO:root:Epoch: 49, Validation loss: 3.7241116e-05
INFO:root:Epoch: 50, Train loss: 4.0842937e-05
INFO:root:Epoch: 50, Validation loss: 1.870065e-05
INFO:root:Epoch: 51, Train loss: 4.0761402e-05
INFO:root:Epoch: 51, Validation loss: 3.2683514e-05
INFO:root:Epoch: 52, Train loss: 4.0280273e-05
INFO:root:Epoch: 52, Validation loss: 2.8275932e-05
INFO:root:Epoch: 53, Train loss: 3.902521e-05
INFO:root:Epoch: 53, Validation loss: 4.1632382e-05
INFO:root:Epoch: 54, Train loss: 3.987706e-05
INFO:root:Epoch: 54, Validation loss: 2.7150756e-05
INFO:root:Epoch: 55, Train loss: 3.741879e-05
INFO:root:Epoch: 55, Validation loss: 3.882437e-05
INFO:root:Epoch: 56, Train loss: 3.8951308e-05
INFO:root:Epoch: 56, Validation loss: 2.845853e-05
INFO:root:Epoch: 57, Train loss: 3.6577963e-05
INFO:root:Epoch: 57, Validation loss: 3.652922e-05
INFO:root:Epoch: 58, Train loss: 3.397262e-05
INFO:root:Epoch: 58, Validation loss: 2.2074377e-05
INFO:root:Epoch: 59, Train loss: 3.0789848e-05
INFO:root:Epoch: 59, Validation loss: 2.6706704e-05
INFO:root:Epoch: 60, Train loss: 3.3044096e-05
INFO:root:Epoch: 60, Validation loss: 2.7492708e-05
INFO:root:Epoch: 61, Train loss: 3.521607e-05
INFO:root:Epoch: 61, Validation loss: 3.0335716e-05
INFO:root:Epoch: 62, Train loss: 3.4150326e-05
INFO:root:Epoch: 62, Validation loss: 2.4154204e-05
INFO:root:Epoch: 63, Train loss: 2.9167202e-05
INFO:root:Epoch: 63, Validation loss: 2.1186235e-05
INFO:root:Epoch: 64, Train loss: 2.9584273e-05
INFO:root:Epoch: 64, Validation loss: 2.4923182e-05
INFO:root:Epoch: 65, Train loss: 2.8513386e-05
INFO:root:Epoch: 65, Validation loss: 1.9588466e-05
INFO:root:Epoch: 66, Train loss: 2.9565195e-05
INFO:root:Epoch: 66, Validation loss: 2.9488456e-05
INFO:root:Epoch: 67, Train loss: 3.222929e-05
INFO:root:Epoch: 67, Validation loss: 3.7682068e-05
INFO:root:Epoch: 68, Train loss: 2.9347453e-05
INFO:root:Epoch: 68, Validation loss: 2.2661596e-05
INFO:root:Epoch: 69, Train loss: 2.650683e-05
INFO:root:Epoch: 69, Validation loss: 2.2223658e-05
INFO:root:Epoch: 70, Train loss: 2.5364989e-05
INFO:root:Epoch: 70, Validation loss: 9.250365e-06
INFO:root:Epoch: 71, Train loss: 2.704525e-05
INFO:root:Epoch: 71, Validation loss: 1.8770825e-05
INFO:root:Epoch: 72, Train loss: 2.49654e-05
INFO:root:Epoch: 72, Validation loss: 1.2296739e-05
INFO:root:Epoch: 73, Train loss: 2.6888258e-05
INFO:root:Epoch: 73, Validation loss: 1.4126971e-05
INFO:root:Epoch: 74, Train loss: 2.1892487e-05
INFO:root:Epoch: 74, Validation loss: 1.7027322e-05
INFO:root:Epoch: 75, Train loss: 2.2982309e-05
INFO:root:Epoch: 75, Validation loss: 1.2438634e-05
INFO:root:Epoch: 76, Train loss: 2.0858808e-05
INFO:root:Epoch: 76, Validation loss: 1.9238181e-05
INFO:root:Epoch: 77, Train loss: 2.2996632e-05
INFO:root:Epoch: 77, Validation loss: 1.9302444e-05
INFO:root:Epoch: 78, Train loss: 2.052541e-05
INFO:root:Epoch: 78, Validation loss: 1.8785675e-05
INFO:root:Epoch: 79, Train loss: 2.1397213e-05
INFO:root:Epoch: 79, Validation loss: 1.2548462e-05
INFO:root:Epoch: 80, Train loss: 2.1578733e-05
INFO:root:Epoch: 80, Validation loss: 2.3879387e-05
INFO:root:Epoch: 81, Train loss: 2.1212612e-05
INFO:root:Epoch: 81, Validation loss: 1.3122233e-05
INFO:root:Epoch: 82, Train loss: 2.38953e-05
INFO:root:Epoch: 82, Validation loss: 1.1187031e-05
INFO:root:Epoch: 83, Train loss: 2.0608175e-05
INFO:root:Epoch: 83, Validation loss: 1.2821277e-05
INFO:root:Epoch: 84, Train loss: 2.0670319e-05
INFO:root:Epoch: 84, Validation loss: 6.711839e-06
INFO:root:Epoch: 85, Train loss: 2.0608584e-05
INFO:root:Epoch: 85, Validation loss: 1.8536139e-05
INFO:root:Epoch: 86, Train loss: 1.7959599e-05
INFO:root:Epoch: 86, Validation loss: 1.2844846e-05
INFO:root:Epoch: 87, Train loss: 2.0300666e-05
INFO:root:Epoch: 87, Validation loss: 1.3578308e-05
INFO:root:Epoch: 88, Train loss: 1.563598e-05
INFO:root:Epoch: 88, Validation loss: 1.2823255e-05
INFO:root:Epoch: 89, Train loss: 1.7939796e-05
INFO:root:Epoch: 89, Validation loss: 1.29598375e-05
INFO:root:Epoch: 90, Train loss: 1.8436222e-05
INFO:root:Epoch: 90, Validation loss: 9.860235e-06
INFO:root:Epoch: 91, Train loss: 1.7038372e-05
INFO:root:Epoch: 91, Validation loss: 1.1397998e-05
INFO:root:Epoch: 92, Train loss: 1.609783e-05
INFO:root:Epoch: 92, Validation loss: 1.1939463e-05
INFO:root:Epoch: 93, Train loss: 1.676477e-05
INFO:root:Epoch: 93, Validation loss: 1.2755658e-05
INFO:root:Epoch: 94, Train loss: 1.7208731e-05
INFO:root:Epoch: 94, Validation loss: 1.6992672e-05
INFO:root:Epoch: 95, Train loss: 2.1074247e-05
INFO:root:Epoch: 95, Validation loss: 1.3499768e-05
INFO:root:Epoch: 96, Train loss: 2.0813415e-05
INFO:root:Epoch: 96, Validation loss: 1.5601585e-05
INFO:root:Epoch: 97, Train loss: 1.6781065e-05
INFO:root:Epoch: 97, Validation loss: 9.905539e-06
INFO:root:Epoch: 98, Train loss: 1.5504856e-05
INFO:root:Epoch: 98, Validation loss: 1.1555774e-05
INFO:root:Epoch: 99, Train loss: 1.3626871e-05
INFO:root:Epoch: 99, Validation loss: 1.3947994e-05
INFO:root:Training from ep 0 to ep 100 finished
INFO:root:Best epoch: 85
