INFO:root:Started
INFO:root:Epoch: 0, Train loss: 3.9273956, Train Acc: 0.01830808
INFO:root:Epoch: 0, Validation loss: 3.9027166, Validation Acc: 0.026041666
INFO:root:Epoch: 1, Train loss: 3.918603, Train Acc: 0.015782828
INFO:root:Epoch: 1, Validation loss: 3.9141798, Validation Acc: 0.020833334
INFO:root:Epoch: 2, Train loss: 3.914813, Train Acc: 0.019570706
INFO:root:Epoch: 2, Validation loss: 3.9069183, Validation Acc: 0.013020833
INFO:root:Epoch: 3, Train loss: 3.9132972, Train Acc: 0.016098484
INFO:root:Epoch: 3, Validation loss: 3.9058511, Validation Acc: 0.03125
INFO:root:Epoch: 4, Train loss: 3.9136565, Train Acc: 0.017045455
INFO:root:Epoch: 4, Validation loss: 3.9056654, Validation Acc: 0.028645834
INFO:root:Epoch: 5, Train loss: 3.9128237, Train Acc: 0.017676767
INFO:root:Epoch: 5, Validation loss: 3.9077346, Validation Acc: 0.026041666
INFO:root:Epoch: 6, Train loss: 3.9125369, Train Acc: 0.021464646
INFO:root:Epoch: 6, Validation loss: 3.909129, Validation Acc: 0.026041666
INFO:root:Epoch: 7, Train loss: 3.9128485, Train Acc: 0.016098484
INFO:root:Epoch: 7, Validation loss: 3.9086478, Validation Acc: 0.026041666
INFO:root:Epoch: 8, Train loss: 3.9128227, Train Acc: 0.019255051
INFO:root:Epoch: 8, Validation loss: 3.906554, Validation Acc: 0.03125
INFO:root:Epoch: 9, Train loss: 3.912305, Train Acc: 0.015782828
INFO:root:Epoch: 9, Validation loss: 3.9052715, Validation Acc: 0.026041666
INFO:root:Epoch: 10, Train loss: 3.9123566, Train Acc: 0.019886363
INFO:root:Epoch: 10, Validation loss: 3.9064863, Validation Acc: 0.026041666
INFO:root:Epoch: 11, Train loss: 3.9122348, Train Acc: 0.018939395
INFO:root:Epoch: 11, Validation loss: 3.9055605, Validation Acc: 0.015625
INFO:root:Epoch: 12, Train loss: 3.9121497, Train Acc: 0.016414141
INFO:root:Epoch: 12, Validation loss: 3.9022977, Validation Acc: 0.013020833
INFO:root:Epoch: 13, Train loss: 3.912508, Train Acc: 0.016729798
INFO:root:Epoch: 13, Validation loss: 3.9040673, Validation Acc: 0.020833334
INFO:root:Epoch: 14, Train loss: 3.9123387, Train Acc: 0.016729798
INFO:root:Epoch: 14, Validation loss: 3.904462, Validation Acc: 0.020833334
INFO:root:Epoch: 15, Train loss: 3.9124901, Train Acc: 0.016729798
INFO:root:Epoch: 15, Validation loss: 3.9057949, Validation Acc: 0.03125
INFO:root:Epoch: 16, Train loss: 3.9124863, Train Acc: 0.016414141
INFO:root:Epoch: 16, Validation loss: 3.9046304, Validation Acc: 0.026041666
INFO:root:Epoch: 17, Train loss: 3.911976, Train Acc: 0.01830808
INFO:root:Epoch: 17, Validation loss: 3.9079373, Validation Acc: 0.026041666
INFO:root:Epoch: 18, Train loss: 3.9115875, Train Acc: 0.017361112
INFO:root:Epoch: 18, Validation loss: 3.9069636, Validation Acc: 0.028645834
INFO:root:Epoch: 19, Train loss: 3.911903, Train Acc: 0.019570706
INFO:root:Epoch: 19, Validation loss: 3.9028194, Validation Acc: 0.018229166
INFO:root:Epoch: 20, Train loss: 3.9116008, Train Acc: 0.016414141
INFO:root:Epoch: 20, Validation loss: 3.907099, Validation Acc: 0.015625
INFO:root:Epoch: 21, Train loss: 3.9114842, Train Acc: 0.016414141
INFO:root:Epoch: 21, Validation loss: 3.9051313, Validation Acc: 0.026041666
INFO:root:Epoch: 22, Train loss: 3.9116056, Train Acc: 0.019255051
INFO:root:Epoch: 22, Validation loss: 3.9054167, Validation Acc: 0.028645834
INFO:root:Epoch: 23, Train loss: 3.9116755, Train Acc: 0.017676767
INFO:root:Epoch: 23, Validation loss: 3.8977, Validation Acc: 0.026041666
INFO:root:Epoch: 24, Train loss: 3.9116883, Train Acc: 0.019886363
INFO:root:Epoch: 24, Validation loss: 3.9043581, Validation Acc: 0.020833334
INFO:root:Epoch: 25, Train loss: 3.9118083, Train Acc: 0.016729798
INFO:root:Epoch: 25, Validation loss: 3.9048474, Validation Acc: 0.026041666
INFO:root:Epoch: 26, Train loss: 3.912066, Train Acc: 0.017676767
INFO:root:Epoch: 26, Validation loss: 3.9077356, Validation Acc: 0.020833334
INFO:root:Epoch: 27, Train loss: 3.9115162, Train Acc: 0.016098484
INFO:root:Epoch: 27, Validation loss: 3.9049885, Validation Acc: 0.0234375
INFO:root:Epoch: 28, Train loss: 3.9115064, Train Acc: 0.02209596
INFO:root:Epoch: 28, Validation loss: 3.900099, Validation Acc: 0.026041666
INFO:root:Epoch: 29, Train loss: 3.9109836, Train Acc: 0.017361112
INFO:root:Epoch: 29, Validation loss: 3.9053156, Validation Acc: 0.020833334
INFO:root:Epoch: 30, Train loss: 3.9112778, Train Acc: 0.02020202
INFO:root:Epoch: 30, Validation loss: 3.905221, Validation Acc: 0.018229166
INFO:root:Epoch: 31, Train loss: 3.911303, Train Acc: 0.016098484
INFO:root:Epoch: 31, Validation loss: 3.905584, Validation Acc: 0.020833334
INFO:root:Epoch: 32, Train loss: 3.9111674, Train Acc: 0.017361112
INFO:root:Epoch: 32, Validation loss: 3.9043896, Validation Acc: 0.028645834
INFO:root:Epoch: 33, Train loss: 3.9111662, Train Acc: 0.017992424
INFO:root:Epoch: 33, Validation loss: 3.9049475, Validation Acc: 0.015625
INFO:root:Epoch: 34, Train loss: 3.91108, Train Acc: 0.019255051
INFO:root:Epoch: 34, Validation loss: 3.9037316, Validation Acc: 0.013020833
INFO:root:Epoch: 35, Train loss: 3.9115198, Train Acc: 0.021780303
INFO:root:Epoch: 35, Validation loss: 3.9052708, Validation Acc: 0.015625
INFO:root:Epoch: 36, Train loss: 3.9112942, Train Acc: 0.015151516
INFO:root:Epoch: 36, Validation loss: 3.902478, Validation Acc: 0.028645834
INFO:root:Epoch: 37, Train loss: 3.9110026, Train Acc: 0.014520202
INFO:root:Epoch: 37, Validation loss: 3.9068825, Validation Acc: 0.033854168
INFO:root:Epoch: 38, Train loss: 3.910931, Train Acc: 0.017992424
INFO:root:Epoch: 38, Validation loss: 3.9043903, Validation Acc: 0.026041666
INFO:root:Epoch: 39, Train loss: 3.9110537, Train Acc: 0.017361112
INFO:root:Epoch: 39, Validation loss: 3.903621, Validation Acc: 0.015625
INFO:root:Epoch: 40, Train loss: 3.9109385, Train Acc: 0.018939395
INFO:root:Epoch: 40, Validation loss: 3.9049032, Validation Acc: 0.026041666
INFO:root:Epoch: 41, Train loss: 3.911142, Train Acc: 0.016729798
INFO:root:Epoch: 41, Validation loss: 3.9045098, Validation Acc: 0.020833334
INFO:root:Epoch: 42, Train loss: 3.9110584, Train Acc: 0.016098484
INFO:root:Epoch: 42, Validation loss: 3.9075136, Validation Acc: 0.0234375
INFO:root:Epoch: 43, Train loss: 3.911089, Train Acc: 0.017045455
INFO:root:Epoch: 43, Validation loss: 3.9049976, Validation Acc: 0.0234375
INFO:root:Epoch: 44, Train loss: 3.9107835, Train Acc: 0.014204546
INFO:root:Epoch: 44, Validation loss: 3.9053986, Validation Acc: 0.026041666
INFO:root:Epoch: 45, Train loss: 3.9109395, Train Acc: 0.016729798
INFO:root:Epoch: 45, Validation loss: 3.903506, Validation Acc: 0.0234375
INFO:root:Epoch: 46, Train loss: 3.9110703, Train Acc: 0.017045455
INFO:root:Epoch: 46, Validation loss: 3.9035769, Validation Acc: 0.0234375
INFO:root:Epoch: 47, Train loss: 3.9107678, Train Acc: 0.020517677
INFO:root:Epoch: 47, Validation loss: 3.902943, Validation Acc: 0.026041666
INFO:root:Epoch: 48, Train loss: 3.9108622, Train Acc: 0.013888889
INFO:root:Epoch: 48, Validation loss: 3.9054396, Validation Acc: 0.0234375
INFO:root:Epoch: 49, Train loss: 3.9106624, Train Acc: 0.017676767
INFO:root:Epoch: 49, Validation loss: 3.902047, Validation Acc: 0.020833334
INFO:root:Epoch: 50, Train loss: 3.91088, Train Acc: 0.017992424
INFO:root:Epoch: 50, Validation loss: 3.9011676, Validation Acc: 0.0234375
INFO:root:Epoch: 51, Train loss: 3.9107065, Train Acc: 0.017992424
INFO:root:Epoch: 51, Validation loss: 3.9032876, Validation Acc: 0.015625
INFO:root:Epoch: 52, Train loss: 3.910474, Train Acc: 0.017676767
INFO:root:Epoch: 52, Validation loss: 3.9035113, Validation Acc: 0.015625
INFO:root:Epoch: 53, Train loss: 3.9105706, Train Acc: 0.015151516
INFO:root:Epoch: 53, Validation loss: 3.9061844, Validation Acc: 0.015625
INFO:root:Epoch: 54, Train loss: 3.9104717, Train Acc: 0.016098484
INFO:root:Epoch: 54, Validation loss: 3.9030325, Validation Acc: 0.026041666
INFO:root:Epoch: 55, Train loss: 3.9106164, Train Acc: 0.01199495
INFO:root:Epoch: 55, Validation loss: 3.9056454, Validation Acc: 0.026041666
INFO:root:Epoch: 56, Train loss: 3.9107528, Train Acc: 0.019255051
INFO:root:Epoch: 56, Validation loss: 3.9017665, Validation Acc: 0.026041666
INFO:root:Epoch: 57, Train loss: 3.91073, Train Acc: 0.016729798
INFO:root:Epoch: 57, Validation loss: 3.9069717, Validation Acc: 0.0234375
INFO:root:Epoch: 58, Train loss: 3.910612, Train Acc: 0.017992424
INFO:root:Epoch: 58, Validation loss: 3.906428, Validation Acc: 0.0234375
INFO:root:Epoch: 59, Train loss: 3.9105747, Train Acc: 0.017045455
INFO:root:Epoch: 59, Validation loss: 3.9049168, Validation Acc: 0.026041666
INFO:root:Training from ep 0 to ep 60 finished
INFO:root:Best epoch: 38
