INFO:root:Started
INFO:root:Epoch: 0, Train loss: 1.030512
INFO:root:Epoch: 0, Validation loss: 0.1200106
INFO:root:Epoch: 1, Train loss: 0.052769873
INFO:root:Epoch: 1, Validation loss: 0.03309445
INFO:root:Epoch: 2, Train loss: 0.016717313
INFO:root:Epoch: 2, Validation loss: 0.014141257
INFO:root:Epoch: 3, Train loss: 0.0094967745
INFO:root:Epoch: 3, Validation loss: 0.0073403707
INFO:root:Epoch: 4, Train loss: 0.005372416
INFO:root:Epoch: 4, Validation loss: 0.006044704
INFO:root:Epoch: 5, Train loss: 0.0033943765
INFO:root:Epoch: 5, Validation loss: 0.0030393223
INFO:root:Epoch: 6, Train loss: 0.0028997737
INFO:root:Epoch: 6, Validation loss: 0.0030920394
INFO:root:Epoch: 7, Train loss: 0.002041161
INFO:root:Epoch: 7, Validation loss: 0.0019075678
INFO:root:Epoch: 8, Train loss: 0.0018058422
INFO:root:Epoch: 8, Validation loss: 0.0016317613
INFO:root:Epoch: 9, Train loss: 0.001240967
INFO:root:Epoch: 9, Validation loss: 0.0017224415
INFO:root:Epoch: 10, Train loss: 0.0010855631
INFO:root:Epoch: 10, Validation loss: 0.0011148473
INFO:root:Epoch: 11, Train loss: 0.0009313161
INFO:root:Epoch: 11, Validation loss: 0.0009178775
INFO:root:Epoch: 12, Train loss: 0.00088172674
INFO:root:Epoch: 12, Validation loss: 0.00076431216
INFO:root:Epoch: 13, Train loss: 0.00061211595
INFO:root:Epoch: 13, Validation loss: 0.00049495685
INFO:root:Epoch: 14, Train loss: 0.00047771513
INFO:root:Epoch: 14, Validation loss: 0.00064287614
INFO:root:Epoch: 15, Train loss: 0.000578984
INFO:root:Epoch: 15, Validation loss: 0.0008639689
INFO:root:Epoch: 16, Train loss: 0.00042194015
INFO:root:Epoch: 16, Validation loss: 0.00051052734
INFO:root:Epoch: 17, Train loss: 0.00035992576
INFO:root:Epoch: 17, Validation loss: 0.0006979446
INFO:root:Epoch: 18, Train loss: 0.00038139912
INFO:root:Epoch: 18, Validation loss: 0.00033941335
INFO:root:Epoch: 19, Train loss: 0.00035431606
INFO:root:Epoch: 19, Validation loss: 0.00045612306
INFO:root:Epoch: 20, Train loss: 0.00039077623
INFO:root:Epoch: 20, Validation loss: 0.0003134361
INFO:root:Epoch: 21, Train loss: 0.0002368018
INFO:root:Epoch: 21, Validation loss: 0.000550396
INFO:root:Epoch: 22, Train loss: 0.00022237284
INFO:root:Epoch: 22, Validation loss: 0.00023397391
INFO:root:Epoch: 23, Train loss: 0.0003934554
INFO:root:Epoch: 23, Validation loss: 0.0013438138
INFO:root:Epoch: 24, Train loss: 0.00041993844
INFO:root:Epoch: 24, Validation loss: 0.00051031704
INFO:root:Epoch: 25, Train loss: 0.00037658887
INFO:root:Epoch: 25, Validation loss: 0.00064901833
INFO:root:Epoch: 26, Train loss: 0.00039128438
INFO:root:Epoch: 26, Validation loss: 0.0005504173
INFO:root:Epoch: 27, Train loss: 0.00025210815
INFO:root:Epoch: 27, Validation loss: 0.00042111395
INFO:root:Epoch: 28, Train loss: 0.00025661607
INFO:root:Epoch: 28, Validation loss: 0.00036110223
INFO:root:Epoch: 29, Train loss: 0.00019777866
INFO:root:Epoch: 29, Validation loss: 0.00044175764
INFO:root:Epoch: 30, Train loss: 0.00012501761
INFO:root:Epoch: 30, Validation loss: 0.0002294864
INFO:root:Epoch: 31, Train loss: 0.0002317427
INFO:root:Epoch: 31, Validation loss: 0.00018498026
INFO:root:Epoch: 32, Train loss: 0.00013587679
INFO:root:Epoch: 32, Validation loss: 0.00018704373
INFO:root:Epoch: 33, Train loss: 0.00016204655
INFO:root:Epoch: 33, Validation loss: 0.00022068858
INFO:root:Epoch: 34, Train loss: 0.00015285134
INFO:root:Epoch: 34, Validation loss: 0.0004945678
INFO:root:Epoch: 35, Train loss: 0.00012202676
INFO:root:Epoch: 35, Validation loss: 0.00018866724
INFO:root:Epoch: 36, Train loss: 0.00012790787
INFO:root:Epoch: 36, Validation loss: 0.00010910617
INFO:root:Epoch: 37, Train loss: 8.137863e-05
INFO:root:Epoch: 37, Validation loss: 0.00020219953
INFO:root:Epoch: 38, Train loss: 7.617694e-05
INFO:root:Epoch: 38, Validation loss: 0.0007637891
INFO:root:Epoch: 39, Train loss: 0.0007064694
INFO:root:Epoch: 39, Validation loss: 0.0032861202
INFO:root:Epoch: 40, Train loss: 0.002373906
INFO:root:Epoch: 40, Validation loss: 0.009784167
INFO:root:Epoch: 41, Train loss: 0.0005019301
INFO:root:Epoch: 41, Validation loss: 0.00023260141
INFO:root:Epoch: 42, Train loss: 0.0001983535
INFO:root:Epoch: 42, Validation loss: 0.00018488194
INFO:root:Epoch: 43, Train loss: 0.00012285335
INFO:root:Epoch: 43, Validation loss: 0.000105036466
INFO:root:Epoch: 44, Train loss: 0.00013278256
INFO:root:Epoch: 44, Validation loss: 0.00011956844
INFO:root:Epoch: 45, Train loss: 0.00038020723
INFO:root:Epoch: 45, Validation loss: 0.0006353857
INFO:root:Epoch: 46, Train loss: 0.00017764393
INFO:root:Epoch: 46, Validation loss: 0.0006151854
INFO:root:Epoch: 47, Train loss: 0.0007562055
INFO:root:Epoch: 47, Validation loss: 0.00024980216
INFO:root:Epoch: 48, Train loss: 0.0016991702
INFO:root:Epoch: 48, Validation loss: 0.0017583481
INFO:root:Epoch: 49, Train loss: 0.00031157266
INFO:root:Epoch: 49, Validation loss: 0.0002908832
INFO:root:Epoch: 50, Train loss: 0.00023011811
INFO:root:Epoch: 50, Validation loss: 0.0005541852
INFO:root:Epoch: 51, Train loss: 0.00017277866
INFO:root:Epoch: 51, Validation loss: 0.00013118701
INFO:root:Epoch: 52, Train loss: 0.00017020934
INFO:root:Epoch: 52, Validation loss: 3.264943e-05
INFO:root:Epoch: 53, Train loss: 5.650503e-05
INFO:root:Epoch: 53, Validation loss: 4.483412e-05
INFO:root:Epoch: 54, Train loss: 4.3822478e-05
INFO:root:Epoch: 54, Validation loss: 5.224784e-05
INFO:root:Epoch: 55, Train loss: 7.8032026e-05
INFO:root:Epoch: 55, Validation loss: 0.00018234635
INFO:root:Epoch: 56, Train loss: 5.4396227e-05
INFO:root:Epoch: 56, Validation loss: 2.460476e-05
INFO:root:Epoch: 57, Train loss: 9.073784e-05
INFO:root:Epoch: 57, Validation loss: 7.0845614e-05
INFO:root:Epoch: 58, Train loss: 3.1644235e-05
INFO:root:Epoch: 58, Validation loss: 3.669835e-05
INFO:root:Epoch: 59, Train loss: 2.1183065e-05
INFO:root:Epoch: 59, Validation loss: 1.1516062e-05
INFO:root:Epoch: 60, Train loss: 1.6741174e-05
INFO:root:Epoch: 60, Validation loss: 4.7257166e-05
INFO:root:Epoch: 61, Train loss: 2.3603525e-05
INFO:root:Epoch: 61, Validation loss: 2.3697821e-05
INFO:root:Epoch: 62, Train loss: 2.1351389e-05
INFO:root:Epoch: 62, Validation loss: 0.00022683301
INFO:root:Epoch: 63, Train loss: 2.1058217e-05
INFO:root:Epoch: 63, Validation loss: 2.17232e-05
INFO:root:Epoch: 64, Train loss: 2.5320396e-05
INFO:root:Epoch: 64, Validation loss: 6.3083986e-05
INFO:root:Epoch: 65, Train loss: 0.00039007264
INFO:root:Epoch: 65, Validation loss: 0.005043963
INFO:root:Epoch: 66, Train loss: 0.00088357955
INFO:root:Epoch: 66, Validation loss: 0.0024500592
INFO:root:Epoch: 67, Train loss: 0.0010099859
INFO:root:Epoch: 67, Validation loss: 0.00029595967
INFO:root:Epoch: 68, Train loss: 0.00011846104
INFO:root:Epoch: 68, Validation loss: 8.4840605e-05
INFO:root:Epoch: 69, Train loss: 6.527177e-05
INFO:root:Epoch: 69, Validation loss: 1.9643712e-05
INFO:root:Epoch: 70, Train loss: 2.6554191e-05
INFO:root:Epoch: 70, Validation loss: 6.052926e-05
INFO:root:Epoch: 71, Train loss: 3.3795233e-05
INFO:root:Epoch: 71, Validation loss: 0.0003275153
INFO:root:Epoch: 72, Train loss: 6.8549e-05
INFO:root:Epoch: 72, Validation loss: 0.0001066886
INFO:root:Epoch: 73, Train loss: 7.045254e-05
INFO:root:Epoch: 73, Validation loss: 4.8230122e-05
INFO:root:Epoch: 74, Train loss: 2.864729e-05
INFO:root:Epoch: 74, Validation loss: 2.667618e-05
INFO:root:Epoch: 75, Train loss: 3.3232758e-05
INFO:root:Epoch: 75, Validation loss: 0.00031301493
INFO:root:Epoch: 76, Train loss: 0.0003877487
INFO:root:Epoch: 76, Validation loss: 0.027175872
INFO:root:Epoch: 77, Train loss: 0.0006953689
INFO:root:Epoch: 77, Validation loss: 0.00418025
INFO:root:Epoch: 78, Train loss: 0.000603893
INFO:root:Epoch: 78, Validation loss: 0.0021398312
INFO:root:Epoch: 79, Train loss: 0.0002428994
INFO:root:Epoch: 79, Validation loss: 0.00088268134
INFO:root:Epoch: 80, Train loss: 0.000109994406
INFO:root:Epoch: 80, Validation loss: 0.00017798848
INFO:root:Epoch: 81, Train loss: 3.8709517e-05
INFO:root:Epoch: 81, Validation loss: 2.0012229e-05
INFO:root:Epoch: 82, Train loss: 3.8236798e-05
INFO:root:Epoch: 82, Validation loss: 4.3765598e-05
INFO:root:Epoch: 83, Train loss: 2.6941936e-05
INFO:root:Epoch: 83, Validation loss: 7.068715e-05
INFO:root:Epoch: 84, Train loss: 0.00011184823
INFO:root:Epoch: 84, Validation loss: 0.0002103506
INFO:root:Epoch: 85, Train loss: 0.00021195244
INFO:root:Epoch: 85, Validation loss: 0.00014951995
INFO:root:Epoch: 86, Train loss: 8.97049e-05
INFO:root:Epoch: 86, Validation loss: 6.6185654e-05
INFO:root:Epoch: 87, Train loss: 0.00035826123
INFO:root:Epoch: 87, Validation loss: 0.0010788034
INFO:root:Epoch: 88, Train loss: 7.47881e-05
INFO:root:Epoch: 88, Validation loss: 0.00036875706
INFO:root:Epoch: 89, Train loss: 0.000110855806
INFO:root:Epoch: 89, Validation loss: 9.496621e-05
INFO:root:Epoch: 90, Train loss: 4.7954993e-05
INFO:root:Epoch: 90, Validation loss: 3.1068852e-05
INFO:root:Epoch: 91, Train loss: 8.35719e-05
INFO:root:Epoch: 91, Validation loss: 7.145809e-05
INFO:root:Epoch: 92, Train loss: 5.1891013e-05
INFO:root:Epoch: 92, Validation loss: 4.1840944e-05
INFO:root:Epoch: 93, Train loss: 5.458974e-05
INFO:root:Epoch: 93, Validation loss: 6.9760186e-05
INFO:root:Epoch: 94, Train loss: 3.3494012e-05
INFO:root:Epoch: 94, Validation loss: 0.00049493305
INFO:root:Epoch: 95, Train loss: 7.729275e-05
INFO:root:Epoch: 95, Validation loss: 2.0230738e-05
INFO:root:Epoch: 96, Train loss: 2.2596116e-05
INFO:root:Epoch: 96, Validation loss: 7.260391e-06
INFO:root:Epoch: 97, Train loss: 0.0009507223
INFO:root:Epoch: 97, Validation loss: 0.012713521
INFO:root:Epoch: 98, Train loss: 0.000690284
INFO:root:Epoch: 98, Validation loss: 0.00012242324
INFO:root:Epoch: 99, Train loss: 0.00011529523
INFO:root:Epoch: 99, Validation loss: 0.00012581778
INFO:root:Training from ep 0 to ep 100 finished
INFO:root:Best epoch: 97
