INFO:root:Started
INFO:root:Epoch: 0, Train loss: 3.7148728
INFO:root:Epoch: 0, Validation loss: 0.5819315
INFO:root:Epoch: 1, Train loss: 0.31113482
INFO:root:Epoch: 1, Validation loss: 0.19853047
INFO:root:Epoch: 2, Train loss: 0.13530187
INFO:root:Epoch: 2, Validation loss: 0.13453493
INFO:root:Epoch: 3, Train loss: 0.08974791
INFO:root:Epoch: 3, Validation loss: 0.07523937
INFO:root:Epoch: 4, Train loss: 0.05731412
INFO:root:Epoch: 4, Validation loss: 0.05852863
INFO:root:Epoch: 5, Train loss: 0.04362227
INFO:root:Epoch: 5, Validation loss: 0.046249904
INFO:root:Epoch: 6, Train loss: 0.03165703
INFO:root:Epoch: 6, Validation loss: 0.034923956
INFO:root:Epoch: 7, Train loss: 0.023631252
INFO:root:Epoch: 7, Validation loss: 0.022598585
INFO:root:Epoch: 8, Train loss: 0.019912856
INFO:root:Epoch: 8, Validation loss: 0.02018502
INFO:root:Epoch: 9, Train loss: 0.014629244
INFO:root:Epoch: 9, Validation loss: 0.0339698
INFO:root:Epoch: 10, Train loss: 0.014585185
INFO:root:Epoch: 10, Validation loss: 0.01650381
INFO:root:Epoch: 11, Train loss: 0.011006415
INFO:root:Epoch: 11, Validation loss: 0.01580104
INFO:root:Epoch: 12, Train loss: 0.010228718
INFO:root:Epoch: 12, Validation loss: 0.012080446
INFO:root:Epoch: 13, Train loss: 0.0072250315
INFO:root:Epoch: 13, Validation loss: 0.0078045675
INFO:root:Epoch: 14, Train loss: 0.0069271014
INFO:root:Epoch: 14, Validation loss: 0.011051158
INFO:root:Epoch: 15, Train loss: 0.006873986
INFO:root:Epoch: 15, Validation loss: 0.0063083596
INFO:root:Epoch: 16, Train loss: 0.0066059013
INFO:root:Epoch: 16, Validation loss: 0.01281788
INFO:root:Epoch: 17, Train loss: 0.0076390347
INFO:root:Epoch: 17, Validation loss: 0.025488794
INFO:root:Epoch: 18, Train loss: 0.006510668
INFO:root:Epoch: 18, Validation loss: 0.0063578035
INFO:root:Epoch: 19, Train loss: 0.00420149
INFO:root:Epoch: 19, Validation loss: 0.0031920937
INFO:root:Epoch: 20, Train loss: 0.0036905012
INFO:root:Epoch: 20, Validation loss: 0.0024926749
INFO:root:Epoch: 21, Train loss: 0.0027844035
INFO:root:Epoch: 21, Validation loss: 0.0012512408
INFO:root:Epoch: 22, Train loss: 0.0029668638
INFO:root:Epoch: 22, Validation loss: 0.0019814004
INFO:root:Epoch: 23, Train loss: 0.0030741696
INFO:root:Epoch: 23, Validation loss: 0.0026629553
INFO:root:Epoch: 24, Train loss: 0.0023218626
INFO:root:Epoch: 24, Validation loss: 0.004171396
INFO:root:Epoch: 25, Train loss: 0.0022571627
INFO:root:Epoch: 25, Validation loss: 0.0032174455
INFO:root:Epoch: 26, Train loss: 0.0027561805
INFO:root:Epoch: 26, Validation loss: 0.0023350886
INFO:root:Epoch: 27, Train loss: 0.001599753
INFO:root:Epoch: 27, Validation loss: 0.002785825
INFO:root:Epoch: 28, Train loss: 0.0019367064
INFO:root:Epoch: 28, Validation loss: 0.0024370388
INFO:root:Epoch: 29, Train loss: 0.0020161346
INFO:root:Epoch: 29, Validation loss: 0.004052686
INFO:root:Epoch: 30, Train loss: 0.0018726883
INFO:root:Epoch: 30, Validation loss: 0.002707378
INFO:root:Epoch: 31, Train loss: 0.0019581108
INFO:root:Epoch: 31, Validation loss: 0.0013496728
INFO:root:Epoch: 32, Train loss: 0.0016549246
INFO:root:Epoch: 32, Validation loss: 0.0021031843
INFO:root:Epoch: 33, Train loss: 0.0018521413
INFO:root:Epoch: 33, Validation loss: 0.0014469142
INFO:root:Epoch: 34, Train loss: 0.0019190504
INFO:root:Epoch: 34, Validation loss: 0.0034024657
INFO:root:Epoch: 35, Train loss: 0.0019950042
INFO:root:Epoch: 35, Validation loss: 0.0011563344
INFO:root:Epoch: 36, Train loss: 0.001341711
INFO:root:Epoch: 36, Validation loss: 0.00088895933
INFO:root:Epoch: 37, Train loss: 0.0013085168
INFO:root:Epoch: 37, Validation loss: 0.0011136512
INFO:root:Epoch: 38, Train loss: 0.0013502995
INFO:root:Epoch: 38, Validation loss: 0.0022220807
INFO:root:Epoch: 39, Train loss: 0.0016236034
INFO:root:Epoch: 39, Validation loss: 0.0026860363
INFO:root:Epoch: 40, Train loss: 0.0021237643
INFO:root:Epoch: 40, Validation loss: 0.0023995456
INFO:root:Epoch: 41, Train loss: 0.0021005024
INFO:root:Epoch: 41, Validation loss: 0.0037834672
INFO:root:Epoch: 42, Train loss: 0.0024949983
INFO:root:Epoch: 42, Validation loss: 0.0022131861
INFO:root:Epoch: 43, Train loss: 0.001827874
INFO:root:Epoch: 43, Validation loss: 0.002885905
INFO:root:Epoch: 44, Train loss: 0.0016163572
INFO:root:Epoch: 44, Validation loss: 0.0020588802
INFO:root:Epoch: 45, Train loss: 0.002549116
INFO:root:Epoch: 45, Validation loss: 0.0024522054
INFO:root:Epoch: 46, Train loss: 0.0017327173
INFO:root:Epoch: 46, Validation loss: 0.0025993139
INFO:root:Epoch: 47, Train loss: 0.0017776621
INFO:root:Epoch: 47, Validation loss: 0.001202463
INFO:root:Epoch: 48, Train loss: 0.0026344608
INFO:root:Epoch: 48, Validation loss: 0.0039182184
INFO:root:Epoch: 49, Train loss: 0.0022276987
INFO:root:Epoch: 49, Validation loss: 0.004577903
INFO:root:Epoch: 50, Train loss: 0.0026613453
INFO:root:Epoch: 50, Validation loss: 0.0028309263
INFO:root:Epoch: 51, Train loss: 0.0030833762
INFO:root:Epoch: 51, Validation loss: 0.0053123613
INFO:root:Epoch: 52, Train loss: 0.005508658
INFO:root:Epoch: 52, Validation loss: 0.007759624
INFO:root:Epoch: 53, Train loss: 0.0059394026
INFO:root:Epoch: 53, Validation loss: 0.0041758865
INFO:root:Epoch: 54, Train loss: 0.0023778272
INFO:root:Epoch: 54, Validation loss: 0.004564487
INFO:root:Epoch: 55, Train loss: 0.0023826228
INFO:root:Epoch: 55, Validation loss: 0.002964677
INFO:root:Epoch: 56, Train loss: 0.001730501
INFO:root:Epoch: 56, Validation loss: 0.0022418245
INFO:root:Epoch: 57, Train loss: 0.0014997731
INFO:root:Epoch: 57, Validation loss: 0.0022466131
INFO:root:Epoch: 58, Train loss: 0.0026831108
INFO:root:Epoch: 58, Validation loss: 0.005086907
INFO:root:Epoch: 59, Train loss: 0.0027976448
INFO:root:Epoch: 59, Validation loss: 0.0022039928
INFO:root:Epoch: 60, Train loss: 0.0019487278
INFO:root:Epoch: 60, Validation loss: 0.0026868593
INFO:root:Epoch: 61, Train loss: 0.0015773615
INFO:root:Epoch: 61, Validation loss: 0.00086127024
INFO:root:Epoch: 62, Train loss: 0.0013025132
INFO:root:Epoch: 62, Validation loss: 0.0042647617
INFO:root:Epoch: 63, Train loss: 0.0052587753
INFO:root:Epoch: 63, Validation loss: 0.005390809
INFO:root:Epoch: 64, Train loss: 0.003685869
INFO:root:Epoch: 64, Validation loss: 0.0047921767
INFO:root:Epoch: 65, Train loss: 0.0029076913
INFO:root:Epoch: 65, Validation loss: 0.002321102
INFO:root:Epoch: 66, Train loss: 0.0016843287
INFO:root:Epoch: 66, Validation loss: 0.00325552
INFO:root:Epoch: 67, Train loss: 0.0018033804
INFO:root:Epoch: 67, Validation loss: 0.0049108965
INFO:root:Epoch: 68, Train loss: 0.0021835214
INFO:root:Epoch: 68, Validation loss: 0.0032392817
INFO:root:Epoch: 69, Train loss: 0.0021664947
INFO:root:Epoch: 69, Validation loss: 0.0034579888
INFO:root:Epoch: 70, Train loss: 0.0018309334
INFO:root:Epoch: 70, Validation loss: 0.002788114
INFO:root:Epoch: 71, Train loss: 0.0019275581
INFO:root:Epoch: 71, Validation loss: 0.0029271035
INFO:root:Epoch: 72, Train loss: 0.0017978386
INFO:root:Epoch: 72, Validation loss: 0.0028523405
INFO:root:Epoch: 73, Train loss: 0.001994949
INFO:root:Epoch: 73, Validation loss: 0.0032396154
INFO:root:Epoch: 74, Train loss: 0.0023455662
INFO:root:Epoch: 74, Validation loss: 0.0024064945
INFO:root:Epoch: 75, Train loss: 0.005293943
INFO:root:Epoch: 75, Validation loss: 0.0033572477
INFO:root:Epoch: 76, Train loss: 0.003956266
INFO:root:Epoch: 76, Validation loss: 0.005826213
INFO:root:Epoch: 77, Train loss: 0.002168352
INFO:root:Epoch: 77, Validation loss: 0.005172813
INFO:root:Epoch: 78, Train loss: 0.0033484728
INFO:root:Epoch: 78, Validation loss: 0.004460975
INFO:root:Epoch: 79, Train loss: 0.003616218
INFO:root:Epoch: 79, Validation loss: 0.0048873923
INFO:root:Epoch: 80, Train loss: 0.0032501577
INFO:root:Epoch: 80, Validation loss: 0.00498334
INFO:root:Epoch: 81, Train loss: 0.0036951213
INFO:root:Epoch: 81, Validation loss: 0.004693545
INFO:root:Epoch: 82, Train loss: 0.0022927483
INFO:root:Epoch: 82, Validation loss: 0.0021299648
INFO:root:Epoch: 83, Train loss: 0.0020941016
INFO:root:Epoch: 83, Validation loss: 0.011369988
INFO:root:Epoch: 84, Train loss: 0.004343743
INFO:root:Epoch: 84, Validation loss: 0.0059097814
INFO:root:Epoch: 85, Train loss: 0.003996279
INFO:root:Epoch: 85, Validation loss: 0.0042422693
INFO:root:Epoch: 86, Train loss: 0.0034398327
INFO:root:Epoch: 86, Validation loss: 0.0034260363
INFO:root:Epoch: 87, Train loss: 0.0021152687
INFO:root:Epoch: 87, Validation loss: 0.0026637162
INFO:root:Epoch: 88, Train loss: 0.0019821953
INFO:root:Epoch: 88, Validation loss: 0.0021620512
INFO:root:Epoch: 89, Train loss: 0.002865532
INFO:root:Epoch: 89, Validation loss: 0.0033765049
INFO:root:Epoch: 90, Train loss: 0.0023679945
INFO:root:Epoch: 90, Validation loss: 0.0036375623
INFO:root:Epoch: 91, Train loss: 0.0023821255
INFO:root:Epoch: 91, Validation loss: 0.003046049
INFO:root:Epoch: 92, Train loss: 0.0023996166
INFO:root:Epoch: 92, Validation loss: 0.0024004243
INFO:root:Epoch: 93, Train loss: 0.0025001897
INFO:root:Epoch: 93, Validation loss: 0.0025247498
INFO:root:Epoch: 94, Train loss: 0.0017074354
INFO:root:Epoch: 94, Validation loss: 0.0018363612
INFO:root:Epoch: 95, Train loss: 0.0016292759
INFO:root:Epoch: 95, Validation loss: 0.0047016838
INFO:root:Epoch: 96, Train loss: 0.002278291
INFO:root:Epoch: 96, Validation loss: 0.0025105579
INFO:root:Epoch: 97, Train loss: 0.0019847164
INFO:root:Epoch: 97, Validation loss: 0.0026472018
INFO:root:Epoch: 98, Train loss: 0.003862362
INFO:root:Epoch: 98, Validation loss: 0.006826447
INFO:root:Epoch: 99, Train loss: 0.0027533812
INFO:root:Epoch: 99, Validation loss: 0.0031256713
INFO:root:Training from ep 0 to ep 100 finished
INFO:root:Best epoch: 62
