INFO:root:Started
INFO:root:Epoch: 0, Train loss: 0.069618694
INFO:root:Epoch: 0, Validation loss: 0.03815002
INFO:root:Epoch: 1, Train loss: 0.014657897
INFO:root:Epoch: 1, Validation loss: 0.009172258
INFO:root:Epoch: 2, Train loss: 0.0049850633
INFO:root:Epoch: 2, Validation loss: 0.003274607
INFO:root:Epoch: 3, Train loss: 0.0017143068
INFO:root:Epoch: 3, Validation loss: 0.001373756
INFO:root:Epoch: 4, Train loss: 0.00077043084
INFO:root:Epoch: 4, Validation loss: 0.00078990124
INFO:root:Epoch: 5, Train loss: 0.0004657553
INFO:root:Epoch: 5, Validation loss: 0.00045775954
INFO:root:Epoch: 6, Train loss: 0.00034901738
INFO:root:Epoch: 6, Validation loss: 0.00040105727
INFO:root:Epoch: 7, Train loss: 0.00026663597
INFO:root:Epoch: 7, Validation loss: 0.00034835178
INFO:root:Epoch: 8, Train loss: 0.00023223153
INFO:root:Epoch: 8, Validation loss: 0.00020731465
INFO:root:Epoch: 9, Train loss: 0.00019966897
INFO:root:Epoch: 9, Validation loss: 0.00022922896
INFO:root:Epoch: 10, Train loss: 0.00017511453
INFO:root:Epoch: 10, Validation loss: 0.00017565629
INFO:root:Epoch: 11, Train loss: 0.00015637773
INFO:root:Epoch: 11, Validation loss: 0.00015943208
INFO:root:Epoch: 12, Train loss: 0.00014275423
INFO:root:Epoch: 12, Validation loss: 0.0001586646
INFO:root:Epoch: 13, Train loss: 0.00013012596
INFO:root:Epoch: 13, Validation loss: 0.00013902309
INFO:root:Epoch: 14, Train loss: 0.00012033487
INFO:root:Epoch: 14, Validation loss: 0.00012771625
INFO:root:Epoch: 15, Train loss: 0.00010683802
INFO:root:Epoch: 15, Validation loss: 0.00011911726
INFO:root:Epoch: 16, Train loss: 9.918966e-05
INFO:root:Epoch: 16, Validation loss: 0.00012070791
INFO:root:Epoch: 17, Train loss: 9.361181e-05
INFO:root:Epoch: 17, Validation loss: 0.00010516081
INFO:root:Epoch: 18, Train loss: 8.301477e-05
INFO:root:Epoch: 18, Validation loss: 9.5866264e-05
INFO:root:Epoch: 19, Train loss: 7.979507e-05
INFO:root:Epoch: 19, Validation loss: 8.751361e-05
INFO:root:Epoch: 20, Train loss: 7.3217925e-05
INFO:root:Epoch: 20, Validation loss: 8.41505e-05
INFO:root:Epoch: 21, Train loss: 6.847961e-05
INFO:root:Epoch: 21, Validation loss: 7.700844e-05
INFO:root:Epoch: 22, Train loss: 6.2186125e-05
INFO:root:Epoch: 22, Validation loss: 6.869022e-05
INFO:root:Epoch: 23, Train loss: 5.8226917e-05
INFO:root:Epoch: 23, Validation loss: 7.506857e-05
INFO:root:Epoch: 24, Train loss: 5.8915837e-05
INFO:root:Epoch: 24, Validation loss: 6.973281e-05
INFO:root:Epoch: 25, Train loss: 5.2655712e-05
INFO:root:Epoch: 25, Validation loss: 5.4397256e-05
INFO:root:Epoch: 26, Train loss: 4.9219892e-05
INFO:root:Epoch: 26, Validation loss: 6.8014866e-05
INFO:root:Epoch: 27, Train loss: 4.6178837e-05
INFO:root:Epoch: 27, Validation loss: 5.2844123e-05
INFO:root:Epoch: 28, Train loss: 4.404382e-05
INFO:root:Epoch: 28, Validation loss: 4.9751907e-05
INFO:root:Epoch: 29, Train loss: 4.634194e-05
INFO:root:Epoch: 29, Validation loss: 4.924491e-05
INFO:root:Epoch: 30, Train loss: 4.1521045e-05
INFO:root:Epoch: 30, Validation loss: 5.240889e-05
INFO:root:Epoch: 31, Train loss: 3.8502414e-05
INFO:root:Epoch: 31, Validation loss: 4.7415597e-05
INFO:root:Epoch: 32, Train loss: 3.652865e-05
INFO:root:Epoch: 32, Validation loss: 4.4191598e-05
INFO:root:Epoch: 33, Train loss: 3.6689416e-05
INFO:root:Epoch: 33, Validation loss: 4.320735e-05
INFO:root:Epoch: 34, Train loss: 3.3462566e-05
INFO:root:Epoch: 34, Validation loss: 3.6928635e-05
INFO:root:Epoch: 35, Train loss: 3.3097484e-05
INFO:root:Epoch: 35, Validation loss: 3.3370852e-05
INFO:root:Epoch: 36, Train loss: 3.1444542e-05
INFO:root:Epoch: 36, Validation loss: 3.6838675e-05
INFO:root:Epoch: 37, Train loss: 3.0630377e-05
INFO:root:Epoch: 37, Validation loss: 3.4533055e-05
INFO:root:Epoch: 38, Train loss: 2.8524795e-05
INFO:root:Epoch: 38, Validation loss: 3.4988516e-05
INFO:root:Epoch: 39, Train loss: 2.8203809e-05
INFO:root:Epoch: 39, Validation loss: 3.109337e-05
INFO:root:Epoch: 40, Train loss: 2.6997679e-05
INFO:root:Epoch: 40, Validation loss: 3.4225315e-05
INFO:root:Epoch: 41, Train loss: 2.568358e-05
INFO:root:Epoch: 41, Validation loss: 2.8462015e-05
INFO:root:Epoch: 42, Train loss: 2.435561e-05
INFO:root:Epoch: 42, Validation loss: 2.9291528e-05
INFO:root:Epoch: 43, Train loss: 2.3669734e-05
INFO:root:Epoch: 43, Validation loss: 2.5601776e-05
INFO:root:Epoch: 44, Train loss: 2.320199e-05
INFO:root:Epoch: 44, Validation loss: 2.8167873e-05
INFO:root:Epoch: 45, Train loss: 2.2521981e-05
INFO:root:Epoch: 45, Validation loss: 2.7612998e-05
INFO:root:Epoch: 46, Train loss: 2.2478467e-05
INFO:root:Epoch: 46, Validation loss: 2.4418316e-05
INFO:root:Epoch: 47, Train loss: 2.0386953e-05
INFO:root:Epoch: 47, Validation loss: 2.838522e-05
INFO:root:Epoch: 48, Train loss: 1.9941672e-05
INFO:root:Epoch: 48, Validation loss: 2.2733959e-05
INFO:root:Epoch: 49, Train loss: 1.9499426e-05
INFO:root:Epoch: 49, Validation loss: 2.2876076e-05
INFO:root:Epoch: 50, Train loss: 1.9078565e-05
INFO:root:Epoch: 50, Validation loss: 1.975209e-05
INFO:root:Epoch: 51, Train loss: 1.878874e-05
INFO:root:Epoch: 51, Validation loss: 2.2170821e-05
INFO:root:Epoch: 52, Train loss: 1.8873985e-05
INFO:root:Epoch: 52, Validation loss: 1.9633146e-05
INFO:root:Epoch: 53, Train loss: 1.8188208e-05
INFO:root:Epoch: 53, Validation loss: 2.4900699e-05
INFO:root:Epoch: 54, Train loss: 1.7030497e-05
INFO:root:Epoch: 54, Validation loss: 1.921003e-05
INFO:root:Epoch: 55, Train loss: 1.671105e-05
INFO:root:Epoch: 55, Validation loss: 2.1321477e-05
INFO:root:Epoch: 56, Train loss: 1.6600095e-05
INFO:root:Epoch: 56, Validation loss: 1.95231e-05
INFO:root:Epoch: 57, Train loss: 1.6249864e-05
INFO:root:Epoch: 57, Validation loss: 2.3296087e-05
INFO:root:Epoch: 58, Train loss: 1.54463e-05
INFO:root:Epoch: 58, Validation loss: 1.9226343e-05
INFO:root:Epoch: 59, Train loss: 1.5178963e-05
INFO:root:Epoch: 59, Validation loss: 1.916064e-05
INFO:root:Epoch: 60, Train loss: 1.4794958e-05
INFO:root:Epoch: 60, Validation loss: 1.8894238e-05
INFO:root:Epoch: 61, Train loss: 1.4060158e-05
INFO:root:Epoch: 61, Validation loss: 2.5317548e-05
INFO:root:Epoch: 62, Train loss: 1.510534e-05
INFO:root:Epoch: 62, Validation loss: 2.038954e-05
INFO:root:Epoch: 63, Train loss: 1.3948686e-05
INFO:root:Epoch: 63, Validation loss: 1.667202e-05
INFO:root:Epoch: 64, Train loss: 1.381834e-05
INFO:root:Epoch: 64, Validation loss: 1.964598e-05
INFO:root:Epoch: 65, Train loss: 1.3683715e-05
INFO:root:Epoch: 65, Validation loss: 1.5133644e-05
INFO:root:Epoch: 66, Train loss: 1.3192927e-05
INFO:root:Epoch: 66, Validation loss: 1.4150062e-05
INFO:root:Epoch: 67, Train loss: 1.3564591e-05
INFO:root:Epoch: 67, Validation loss: 2.1710199e-05
INFO:root:Epoch: 68, Train loss: 1.2468967e-05
INFO:root:Epoch: 68, Validation loss: 1.4912867e-05
INFO:root:Epoch: 69, Train loss: 1.2548051e-05
INFO:root:Epoch: 69, Validation loss: 1.3152892e-05
INFO:root:Epoch: 70, Train loss: 1.2364836e-05
INFO:root:Epoch: 70, Validation loss: 1.21877565e-05
INFO:root:Epoch: 71, Train loss: 1.1944559e-05
INFO:root:Epoch: 71, Validation loss: 1.3190091e-05
INFO:root:Epoch: 72, Train loss: 1.2004205e-05
INFO:root:Epoch: 72, Validation loss: 1.3676185e-05
INFO:root:Epoch: 73, Train loss: 1.1579257e-05
INFO:root:Epoch: 73, Validation loss: 1.3111066e-05
INFO:root:Epoch: 74, Train loss: 1.2052729e-05
INFO:root:Epoch: 74, Validation loss: 1.47150295e-05
INFO:root:Epoch: 75, Train loss: 1.1579657e-05
INFO:root:Epoch: 75, Validation loss: 1.3257062e-05
INFO:root:Epoch: 76, Train loss: 1.1289744e-05
INFO:root:Epoch: 76, Validation loss: 1.4026027e-05
INFO:root:Epoch: 77, Train loss: 1.1218415e-05
INFO:root:Epoch: 77, Validation loss: 1.4398438e-05
INFO:root:Epoch: 78, Train loss: 1.1262079e-05
INFO:root:Epoch: 78, Validation loss: 1.4683072e-05
INFO:root:Epoch: 79, Train loss: 1.1289806e-05
INFO:root:Epoch: 79, Validation loss: 1.5194941e-05
INFO:root:Epoch: 80, Train loss: 1.0699061e-05
INFO:root:Epoch: 80, Validation loss: 3.9079358e-05
INFO:root:Epoch: 81, Train loss: 1.0737052e-05
INFO:root:Epoch: 81, Validation loss: 1.2096263e-05
INFO:root:Epoch: 82, Train loss: 1.0643714e-05
INFO:root:Epoch: 82, Validation loss: 1.3918522e-05
INFO:root:Epoch: 83, Train loss: 1.05205e-05
INFO:root:Epoch: 83, Validation loss: 1.2432069e-05
INFO:root:Epoch: 84, Train loss: 1.01554815e-05
INFO:root:Epoch: 84, Validation loss: 1.0638396e-05
INFO:root:Epoch: 85, Train loss: 9.903843e-06
INFO:root:Epoch: 85, Validation loss: 1.4939873e-05
INFO:root:Epoch: 86, Train loss: 9.997293e-06
INFO:root:Epoch: 86, Validation loss: 1.2693703e-05
INFO:root:Epoch: 87, Train loss: 9.666517e-06
INFO:root:Epoch: 87, Validation loss: 1.2221025e-05
INFO:root:Epoch: 88, Train loss: 9.74418e-06
INFO:root:Epoch: 88, Validation loss: 1.1888018e-05
INFO:root:Epoch: 89, Train loss: 9.635646e-06
INFO:root:Epoch: 89, Validation loss: 1.1500286e-05
INFO:root:Epoch: 90, Train loss: 9.683565e-06
INFO:root:Epoch: 90, Validation loss: 1.1010468e-05
INFO:root:Epoch: 91, Train loss: 9.558328e-06
INFO:root:Epoch: 91, Validation loss: 1.2882273e-05
INFO:root:Epoch: 92, Train loss: 8.77498e-06
INFO:root:Epoch: 92, Validation loss: 1.2225204e-05
INFO:root:Epoch: 93, Train loss: 9.439534e-06
INFO:root:Epoch: 93, Validation loss: 1.0704981e-05
INFO:root:Epoch: 94, Train loss: 9.370279e-06
INFO:root:Epoch: 94, Validation loss: 1.0094438e-05
INFO:root:Epoch: 95, Train loss: 9.245814e-06
INFO:root:Epoch: 95, Validation loss: 1.0630374e-05
INFO:root:Epoch: 96, Train loss: 8.811756e-06
INFO:root:Epoch: 96, Validation loss: 1.1917009e-05
INFO:root:Epoch: 97, Train loss: 8.950218e-06
INFO:root:Epoch: 97, Validation loss: 1.1160087e-05
INFO:root:Epoch: 98, Train loss: 8.603135e-06
INFO:root:Epoch: 98, Validation loss: 1.101047e-05
INFO:root:Epoch: 99, Train loss: 8.532811e-06
INFO:root:Epoch: 99, Validation loss: 1.2491946e-05
INFO:root:Training from ep 0 to ep 100 finished
INFO:root:Best epoch: 95
