INFO:root:Started
INFO:root:Epoch: 0, Train loss: 3.9067428, Train Acc: 0.021148989
INFO:root:Epoch: 0, Validation loss: 4.056941, Validation Acc: 0.0234375
INFO:root:Epoch: 1, Train loss: 3.8016715, Train Acc: 0.035669193
INFO:root:Epoch: 1, Validation loss: 3.7572908, Validation Acc: 0.041666668
INFO:root:Epoch: 2, Train loss: 3.7274752, Train Acc: 0.052714646
INFO:root:Epoch: 2, Validation loss: 3.7155955, Validation Acc: 0.041666668
INFO:root:Epoch: 3, Train loss: 3.695265, Train Acc: 0.04955808
INFO:root:Epoch: 3, Validation loss: 3.6834843, Validation Acc: 0.041666668
INFO:root:Epoch: 4, Train loss: 3.6635237, Train Acc: 0.053030305
INFO:root:Epoch: 4, Validation loss: 3.689169, Validation Acc: 0.046875
INFO:root:Epoch: 5, Train loss: 3.613994, Train Acc: 0.060290404
INFO:root:Epoch: 5, Validation loss: 3.5655925, Validation Acc: 0.0703125
INFO:root:Epoch: 6, Train loss: 3.577809, Train Acc: 0.07417929
INFO:root:Epoch: 6, Validation loss: 3.5880878, Validation Acc: 0.057291668
INFO:root:Epoch: 7, Train loss: 3.5236773, Train Acc: 0.07891414
INFO:root:Epoch: 7, Validation loss: 3.547519, Validation Acc: 0.067708336
INFO:root:Epoch: 8, Train loss: 3.4935462, Train Acc: 0.0886995
INFO:root:Epoch: 8, Validation loss: 3.534275, Validation Acc: 0.057291668
INFO:root:Epoch: 9, Train loss: 3.4148664, Train Acc: 0.097537875
INFO:root:Epoch: 9, Validation loss: 3.544737, Validation Acc: 0.044270832
INFO:root:Epoch: 10, Train loss: 3.3586607, Train Acc: 0.10511363
INFO:root:Epoch: 10, Validation loss: 3.5044117, Validation Acc: 0.0859375
INFO:root:Epoch: 11, Train loss: 3.295385, Train Acc: 0.11679293
INFO:root:Epoch: 11, Validation loss: 3.4700985, Validation Acc: 0.091145836
INFO:root:Epoch: 12, Train loss: 3.2604706, Train Acc: 0.14204545
INFO:root:Epoch: 12, Validation loss: 3.3498147, Validation Acc: 0.106770836
INFO:root:Epoch: 13, Train loss: 3.1987343, Train Acc: 0.14741161
INFO:root:Epoch: 13, Validation loss: 3.3200438, Validation Acc: 0.111979164
INFO:root:Epoch: 14, Train loss: 3.1691306, Train Acc: 0.1590909
INFO:root:Epoch: 14, Validation loss: 3.330249, Validation Acc: 0.1171875
INFO:root:Epoch: 15, Train loss: 3.1192236, Train Acc: 0.16982323
INFO:root:Epoch: 15, Validation loss: 3.437328, Validation Acc: 0.096354164
INFO:root:Epoch: 16, Train loss: 3.064995, Train Acc: 0.17771465
INFO:root:Epoch: 16, Validation loss: 3.3765202, Validation Acc: 0.106770836
INFO:root:Epoch: 17, Train loss: 3.0139885, Train Acc: 0.19507575
INFO:root:Epoch: 17, Validation loss: 3.4637234, Validation Acc: 0.09375
INFO:root:Epoch: 18, Train loss: 2.9919279, Train Acc: 0.19128788
INFO:root:Epoch: 18, Validation loss: 3.3325813, Validation Acc: 0.1015625
INFO:root:Epoch: 19, Train loss: 2.9916027, Train Acc: 0.1919192
INFO:root:Epoch: 19, Validation loss: 3.2788231, Validation Acc: 0.13020833
INFO:root:Epoch: 20, Train loss: 2.9162254, Train Acc: 0.21685606
INFO:root:Epoch: 20, Validation loss: 3.2105198, Validation Acc: 0.14322917
INFO:root:Epoch: 21, Train loss: 2.927561, Train Acc: 0.208649
INFO:root:Epoch: 21, Validation loss: 3.2131178, Validation Acc: 0.15625
INFO:root:Epoch: 22, Train loss: 2.8365784, Train Acc: 0.23705809
INFO:root:Epoch: 22, Validation loss: 3.2887192, Validation Acc: 0.1171875
INFO:root:Epoch: 23, Train loss: 2.8023, Train Acc: 0.23295455
INFO:root:Epoch: 23, Validation loss: 3.1967022, Validation Acc: 0.114583336
INFO:root:Epoch: 24, Train loss: 2.778113, Train Acc: 0.23737374
INFO:root:Epoch: 24, Validation loss: 3.3275688, Validation Acc: 0.16666667
INFO:root:Epoch: 25, Train loss: 2.7567925, Train Acc: 0.25662878
INFO:root:Epoch: 25, Validation loss: 3.3148434, Validation Acc: 0.114583336
INFO:root:Epoch: 26, Train loss: 2.7253513, Train Acc: 0.2506313
INFO:root:Epoch: 26, Validation loss: 3.2526424, Validation Acc: 0.15104167
INFO:root:Epoch: 27, Train loss: 2.6831245, Train Acc: 0.2660985
INFO:root:Epoch: 27, Validation loss: 3.3242533, Validation Acc: 0.14322917
INFO:root:Epoch: 28, Train loss: 2.6783686, Train Acc: 0.26799244
INFO:root:Epoch: 28, Validation loss: 3.228712, Validation Acc: 0.1640625
INFO:root:Epoch: 29, Train loss: 2.6325157, Train Acc: 0.27746212
INFO:root:Epoch: 29, Validation loss: 3.1867325, Validation Acc: 0.140625
INFO:root:Training from ep 0 to ep 30 finished
INFO:root:Best epoch: 25
INFO:root:Started
INFO:root:Epoch: 30, Train loss: 2.5933132, Train Acc: 0.2818813
INFO:root:Epoch: 30, Validation loss: 3.2189114, Validation Acc: 0.1484375
INFO:root:Epoch: 31, Train loss: 2.5296876, Train Acc: 0.30113637
INFO:root:Epoch: 31, Validation loss: 3.170213, Validation Acc: 0.14583333
INFO:root:Epoch: 32, Train loss: 2.4979115, Train Acc: 0.30555555
INFO:root:Epoch: 32, Validation loss: 3.2240374, Validation Acc: 0.15104167
INFO:root:Epoch: 33, Train loss: 2.459743, Train Acc: 0.31944445
INFO:root:Epoch: 33, Validation loss: 3.2279618, Validation Acc: 0.17708333
INFO:root:Epoch: 34, Train loss: 2.4854162, Train Acc: 0.30587122
INFO:root:Epoch: 34, Validation loss: 3.1116855, Validation Acc: 0.18229167
INFO:root:Epoch: 35, Train loss: 2.416744, Train Acc: 0.3213384
INFO:root:Epoch: 35, Validation loss: 3.2553928, Validation Acc: 0.19791667
INFO:root:Epoch: 36, Train loss: 2.4298398, Train Acc: 0.32512626
INFO:root:Epoch: 36, Validation loss: 3.2683659, Validation Acc: 0.15104167
INFO:root:Epoch: 37, Train loss: 2.398111, Train Acc: 0.33333334
INFO:root:Epoch: 37, Validation loss: 3.167944, Validation Acc: 0.203125
INFO:root:Epoch: 38, Train loss: 2.3669467, Train Acc: 0.35385102
INFO:root:Epoch: 38, Validation loss: 3.2108145, Validation Acc: 0.1640625
INFO:root:Epoch: 39, Train loss: 2.305388, Train Acc: 0.35132575
INFO:root:Epoch: 39, Validation loss: 3.3287256, Validation Acc: 0.16927083
INFO:root:Epoch: 40, Train loss: 2.2626193, Train Acc: 0.36205807
INFO:root:Epoch: 40, Validation loss: 3.2312775, Validation Acc: 0.1640625
INFO:root:Epoch: 41, Train loss: 2.2534919, Train Acc: 0.37310606
INFO:root:Epoch: 41, Validation loss: 3.357558, Validation Acc: 0.140625
INFO:root:Epoch: 42, Train loss: 2.233906, Train Acc: 0.3806818
INFO:root:Epoch: 42, Validation loss: 3.3157825, Validation Acc: 0.17708333
INFO:root:Epoch: 43, Train loss: 2.2083323, Train Acc: 0.38257575
INFO:root:Epoch: 43, Validation loss: 3.2705433, Validation Acc: 0.15104167
INFO:root:Epoch: 44, Train loss: 2.2167041, Train Acc: 0.38352272
INFO:root:Epoch: 44, Validation loss: 3.3390272, Validation Acc: 0.21354167
INFO:root:Epoch: 45, Train loss: 2.1547477, Train Acc: 0.39141414
INFO:root:Epoch: 45, Validation loss: 3.448063, Validation Acc: 0.13802083
INFO:root:Epoch: 46, Train loss: 2.123194, Train Acc: 0.39267677
INFO:root:Epoch: 46, Validation loss: 3.277547, Validation Acc: 0.1875
INFO:root:Epoch: 47, Train loss: 2.1023319, Train Acc: 0.4040404
INFO:root:Epoch: 47, Validation loss: 3.1137478, Validation Acc: 0.1953125
INFO:root:Epoch: 48, Train loss: 2.0836341, Train Acc: 0.41445708
INFO:root:Epoch: 48, Validation loss: 3.2865381, Validation Acc: 0.1796875
INFO:root:Epoch: 49, Train loss: 2.0600128, Train Acc: 0.42771465
INFO:root:Epoch: 49, Validation loss: 3.3225605, Validation Acc: 0.171875
INFO:root:Epoch: 50, Train loss: 2.0050373, Train Acc: 0.44539142
INFO:root:Epoch: 50, Validation loss: 3.3319702, Validation Acc: 0.16927083
INFO:root:Epoch: 51, Train loss: 2.0309675, Train Acc: 0.42708334
INFO:root:Epoch: 51, Validation loss: 3.3146098, Validation Acc: 0.19010417
INFO:root:Epoch: 52, Train loss: 1.940988, Train Acc: 0.4542298
INFO:root:Epoch: 52, Validation loss: 3.5147762, Validation Acc: 0.14583333
INFO:root:Epoch: 53, Train loss: 1.9512522, Train Acc: 0.44223484
INFO:root:Epoch: 53, Validation loss: 3.3497658, Validation Acc: 0.16145833
INFO:root:Epoch: 54, Train loss: 1.9182546, Train Acc: 0.46212122
INFO:root:Epoch: 54, Validation loss: 3.3794625, Validation Acc: 0.19010417
INFO:root:Epoch: 55, Train loss: 1.8877974, Train Acc: 0.47285354
INFO:root:Epoch: 55, Validation loss: 3.4852931, Validation Acc: 0.1796875
INFO:root:Epoch: 56, Train loss: 1.8681405, Train Acc: 0.4883207
INFO:root:Epoch: 56, Validation loss: 3.2746265, Validation Acc: 0.18229167
INFO:root:Epoch: 57, Train loss: 1.8239205, Train Acc: 0.4760101
INFO:root:Epoch: 57, Validation loss: 3.3757088, Validation Acc: 0.1953125
INFO:root:Epoch: 58, Train loss: 1.8613956, Train Acc: 0.47853535
INFO:root:Epoch: 58, Validation loss: 3.413228, Validation Acc: 0.16145833
INFO:root:Epoch: 59, Train loss: 1.7934301, Train Acc: 0.48989898
INFO:root:Epoch: 59, Validation loss: 3.361007, Validation Acc: 0.16666667
INFO:root:Training from ep 30 to ep 60 finished
INFO:root:Best epoch: 45
