INFO:root:Started
INFO:root:Epoch: 0, Train loss: 3.6945255, Train Acc: 0.061237372
INFO:root:Epoch: 0, Validation loss: 3.594196, Validation Acc: 0.078125
INFO:root:Epoch: 1, Train loss: 3.4159756, Train Acc: 0.10006313
INFO:root:Epoch: 1, Validation loss: 3.4515991, Validation Acc: 0.088541664
INFO:root:Epoch: 2, Train loss: 3.2627199, Train Acc: 0.12752526
INFO:root:Epoch: 2, Validation loss: 3.3249903, Validation Acc: 0.125
INFO:root:Epoch: 3, Train loss: 3.1175508, Train Acc: 0.16666667
INFO:root:Epoch: 3, Validation loss: 3.3248827, Validation Acc: 0.122395836
INFO:root:Epoch: 4, Train loss: 3.005281, Train Acc: 0.19255051
INFO:root:Epoch: 4, Validation loss: 3.222596, Validation Acc: 0.14322917
INFO:root:Epoch: 5, Train loss: 2.8699849, Train Acc: 0.21843435
INFO:root:Epoch: 5, Validation loss: 3.4031942, Validation Acc: 0.13020833
INFO:root:Epoch: 6, Train loss: 2.77249, Train Acc: 0.2528409
INFO:root:Epoch: 6, Validation loss: 3.207671, Validation Acc: 0.122395836
INFO:root:Epoch: 7, Train loss: 2.6672823, Train Acc: 0.28030303
INFO:root:Epoch: 7, Validation loss: 3.2577875, Validation Acc: 0.15885417
INFO:root:Epoch: 8, Train loss: 2.5716965, Train Acc: 0.29324496
INFO:root:Epoch: 8, Validation loss: 3.3656693, Validation Acc: 0.13802083
INFO:root:Epoch: 9, Train loss: 2.430066, Train Acc: 0.33522728
INFO:root:Epoch: 9, Validation loss: 3.2410488, Validation Acc: 0.16666667
INFO:root:Epoch: 10, Train loss: 2.355159, Train Acc: 0.34217173
INFO:root:Epoch: 10, Validation loss: 3.2024567, Validation Acc: 0.171875
INFO:root:Epoch: 11, Train loss: 2.2611501, Train Acc: 0.37468433
INFO:root:Epoch: 11, Validation loss: 3.4051647, Validation Acc: 0.1640625
INFO:root:Epoch: 12, Train loss: 2.197492, Train Acc: 0.38825756
INFO:root:Epoch: 12, Validation loss: 3.0971386, Validation Acc: 0.1875
INFO:root:Epoch: 13, Train loss: 2.089999, Train Acc: 0.41287878
INFO:root:Epoch: 13, Validation loss: 3.3822527, Validation Acc: 0.17447917
INFO:root:Epoch: 14, Train loss: 2.0411785, Train Acc: 0.43339646
INFO:root:Epoch: 14, Validation loss: 3.327325, Validation Acc: 0.17708333
INFO:root:Epoch: 15, Train loss: 1.9344686, Train Acc: 0.46022728
INFO:root:Epoch: 15, Validation loss: 3.3114128, Validation Acc: 0.19791667
INFO:root:Epoch: 16, Train loss: 1.8482013, Train Acc: 0.47253788
INFO:root:Epoch: 16, Validation loss: 3.3718233, Validation Acc: 0.16927083
INFO:root:Epoch: 17, Train loss: 1.7925646, Train Acc: 0.50031567
INFO:root:Epoch: 17, Validation loss: 3.3801339, Validation Acc: 0.18229167
INFO:root:Epoch: 18, Train loss: 1.729409, Train Acc: 0.51546717
INFO:root:Epoch: 18, Validation loss: 3.3012474, Validation Acc: 0.171875
INFO:root:Epoch: 19, Train loss: 1.657098, Train Acc: 0.530303
INFO:root:Epoch: 19, Validation loss: 3.4890566, Validation Acc: 0.19010417
INFO:root:Epoch: 20, Train loss: 1.6476635, Train Acc: 0.532197
INFO:root:Epoch: 20, Validation loss: 3.2566357, Validation Acc: 0.2265625
INFO:root:Epoch: 21, Train loss: 1.5962412, Train Acc: 0.54924244
INFO:root:Epoch: 21, Validation loss: 3.240597, Validation Acc: 0.2109375
INFO:root:Epoch: 22, Train loss: 1.4792507, Train Acc: 0.57954544
INFO:root:Epoch: 22, Validation loss: 3.3422396, Validation Acc: 0.20052083
INFO:root:Epoch: 23, Train loss: 1.4656879, Train Acc: 0.5820707
INFO:root:Epoch: 23, Validation loss: 3.5088472, Validation Acc: 0.1796875
INFO:root:Epoch: 24, Train loss: 1.4358022, Train Acc: 0.59311867
INFO:root:Epoch: 24, Validation loss: 3.4996758, Validation Acc: 0.20833333
INFO:root:Epoch: 25, Train loss: 1.3904555, Train Acc: 0.6066919
INFO:root:Epoch: 25, Validation loss: 3.5828812, Validation Acc: 0.16927083
INFO:root:Epoch: 26, Train loss: 1.3287152, Train Acc: 0.6234217
INFO:root:Epoch: 26, Validation loss: 3.4064476, Validation Acc: 0.22916667
INFO:root:Epoch: 27, Train loss: 1.2953848, Train Acc: 0.62089646
INFO:root:Epoch: 27, Validation loss: 3.3329754, Validation Acc: 0.22135417
INFO:root:Epoch: 28, Train loss: 1.3122073, Train Acc: 0.6177399
INFO:root:Epoch: 28, Validation loss: 3.6590497, Validation Acc: 0.1953125
INFO:root:Epoch: 29, Train loss: 1.2061795, Train Acc: 0.65372473
INFO:root:Epoch: 29, Validation loss: 3.5791721, Validation Acc: 0.21354167
INFO:root:Training from ep 0 to ep 30 finished
INFO:root:Best epoch: 27
