INFO:root:Started
INFO:root:Epoch: 0, Train loss: 8.122677
INFO:root:Epoch: 0, Validation loss: 3.3746085
INFO:root:Epoch: 1, Train loss: 1.9723722
INFO:root:Epoch: 1, Validation loss: 1.4074379
INFO:root:Training from ep 0 to ep 2 finished
INFO:root:Best epoch: 2
INFO:root:Started
INFO:root:Epoch: 0, Train loss: 8.125724
INFO:root:Epoch: 0, Validation loss: 3.4012938
INFO:root:Epoch: 1, Train loss: 1.9717901
INFO:root:Epoch: 1, Validation loss: 1.4071327
INFO:root:Epoch: 2, Train loss: 0.93305
INFO:root:Epoch: 2, Validation loss: 1.5876621
INFO:root:Epoch: 3, Train loss: 0.5922668
INFO:root:Epoch: 3, Validation loss: 0.49902087
INFO:root:Epoch: 4, Train loss: 0.40839267
INFO:root:Epoch: 4, Validation loss: 0.79753596
INFO:root:Epoch: 5, Train loss: 0.30738008
INFO:root:Epoch: 5, Validation loss: 0.33501044
INFO:root:Epoch: 6, Train loss: 0.24901702
INFO:root:Epoch: 6, Validation loss: 0.28495285
INFO:root:Epoch: 7, Train loss: 0.21262282
INFO:root:Epoch: 7, Validation loss: 0.20497599
INFO:root:Epoch: 8, Train loss: 0.18271418
INFO:root:Epoch: 8, Validation loss: 0.4266549
INFO:root:Epoch: 9, Train loss: 0.15705393
INFO:root:Epoch: 9, Validation loss: 0.22230269
INFO:root:Epoch: 10, Train loss: 0.14197138
INFO:root:Epoch: 10, Validation loss: 0.19477466
INFO:root:Epoch: 11, Train loss: 0.12711337
INFO:root:Epoch: 11, Validation loss: 0.123431005
INFO:root:Epoch: 12, Train loss: 0.11923186
INFO:root:Epoch: 12, Validation loss: 0.117071256
INFO:root:Epoch: 13, Train loss: 0.108103655
INFO:root:Epoch: 13, Validation loss: 0.1301833
INFO:root:Epoch: 14, Train loss: 0.101879805
INFO:root:Epoch: 14, Validation loss: 0.14552051
INFO:root:Epoch: 15, Train loss: 0.094030604
INFO:root:Epoch: 15, Validation loss: 0.10620282
INFO:root:Epoch: 16, Train loss: 0.08658916
INFO:root:Epoch: 16, Validation loss: 0.10908038
INFO:root:Epoch: 17, Train loss: 0.07936389
INFO:root:Epoch: 17, Validation loss: 0.08545197
INFO:root:Epoch: 18, Train loss: 0.0747218
INFO:root:Epoch: 18, Validation loss: 0.08219408
INFO:root:Epoch: 19, Train loss: 0.07060962
INFO:root:Epoch: 19, Validation loss: 0.08489812
INFO:root:Epoch: 20, Train loss: 0.065439
INFO:root:Epoch: 20, Validation loss: 0.09394417
INFO:root:Epoch: 21, Train loss: 0.06270513
INFO:root:Epoch: 21, Validation loss: 0.08433371
INFO:root:Epoch: 22, Train loss: 0.061251327
INFO:root:Epoch: 22, Validation loss: 0.11928093
INFO:root:Epoch: 23, Train loss: 0.056808844
INFO:root:Epoch: 23, Validation loss: 0.10278159
INFO:root:Epoch: 24, Train loss: 0.05358644
INFO:root:Epoch: 24, Validation loss: 0.083126254
INFO:root:Epoch: 25, Train loss: 0.049614415
INFO:root:Epoch: 25, Validation loss: 0.078962296
INFO:root:Epoch: 26, Train loss: 0.047746986
INFO:root:Epoch: 26, Validation loss: 0.06596332
INFO:root:Epoch: 27, Train loss: 0.044493973
INFO:root:Epoch: 27, Validation loss: 0.16314957
INFO:root:Epoch: 28, Train loss: 0.044255797
INFO:root:Epoch: 28, Validation loss: 0.20345731
INFO:root:Epoch: 29, Train loss: 0.04526061
INFO:root:Epoch: 29, Validation loss: 0.06415039
INFO:root:Epoch: 30, Train loss: 0.038263753
INFO:root:Epoch: 30, Validation loss: 0.083476156
INFO:root:Epoch: 31, Train loss: 0.0380088
INFO:root:Epoch: 31, Validation loss: 0.109628566
INFO:root:Epoch: 32, Train loss: 0.037185907
INFO:root:Epoch: 32, Validation loss: 0.043547187
INFO:root:Epoch: 33, Train loss: 0.03266576
INFO:root:Epoch: 33, Validation loss: 0.044029705
INFO:root:Epoch: 34, Train loss: 0.039952178
INFO:root:Epoch: 34, Validation loss: 0.11176621
INFO:root:Epoch: 35, Train loss: 0.03091422
INFO:root:Epoch: 35, Validation loss: 0.05269323
INFO:root:Epoch: 36, Train loss: 0.030398963
INFO:root:Epoch: 36, Validation loss: 0.04845633
INFO:root:Epoch: 37, Train loss: 0.027299272
INFO:root:Epoch: 37, Validation loss: 0.07633952
INFO:root:Epoch: 38, Train loss: 0.026898786
INFO:root:Epoch: 38, Validation loss: 0.060680218
INFO:root:Epoch: 39, Train loss: 0.025497437
INFO:root:Epoch: 39, Validation loss: 0.032392383
INFO:root:Epoch: 40, Train loss: 0.02422583
INFO:root:Epoch: 40, Validation loss: 0.025847383
INFO:root:Epoch: 41, Train loss: 0.026266102
INFO:root:Epoch: 41, Validation loss: 0.021793788
INFO:root:Epoch: 42, Train loss: 0.021718476
INFO:root:Epoch: 42, Validation loss: 0.03221119
INFO:root:Epoch: 43, Train loss: 0.020920847
INFO:root:Epoch: 43, Validation loss: 0.02155975
INFO:root:Epoch: 44, Train loss: 0.019594569
INFO:root:Epoch: 44, Validation loss: 0.02914559
INFO:root:Epoch: 45, Train loss: 0.019355258
INFO:root:Epoch: 45, Validation loss: 0.100314006
INFO:root:Epoch: 46, Train loss: 0.05484733
INFO:root:Epoch: 46, Validation loss: 0.03930516
INFO:root:Epoch: 47, Train loss: 0.026157696
INFO:root:Epoch: 47, Validation loss: 0.022761757
INFO:root:Epoch: 48, Train loss: 0.021692349
INFO:root:Epoch: 48, Validation loss: 0.023377454
INFO:root:Epoch: 49, Train loss: 0.01869503
INFO:root:Epoch: 49, Validation loss: 0.022733824
INFO:root:Epoch: 50, Train loss: 0.017138127
INFO:root:Epoch: 50, Validation loss: 0.023465397
INFO:root:Epoch: 51, Train loss: 0.019090071
INFO:root:Epoch: 51, Validation loss: 0.028020414
INFO:root:Epoch: 52, Train loss: 0.0166794
INFO:root:Epoch: 52, Validation loss: 0.016883556
INFO:root:Epoch: 53, Train loss: 0.014912787
INFO:root:Epoch: 53, Validation loss: 0.038718306
INFO:root:Epoch: 54, Train loss: 0.015147589
INFO:root:Epoch: 54, Validation loss: 0.024392476
INFO:root:Epoch: 55, Train loss: 0.012947173
INFO:root:Epoch: 55, Validation loss: 0.017079687
INFO:root:Epoch: 56, Train loss: 0.012498627
INFO:root:Epoch: 56, Validation loss: 0.019645093
INFO:root:Epoch: 57, Train loss: 0.014837455
INFO:root:Epoch: 57, Validation loss: 0.23450351
INFO:root:Epoch: 58, Train loss: 0.014109213
INFO:root:Epoch: 58, Validation loss: 0.030320568
INFO:root:Epoch: 59, Train loss: 0.014507591
INFO:root:Epoch: 59, Validation loss: 0.030199585
INFO:root:Epoch: 60, Train loss: 0.01192027
INFO:root:Epoch: 60, Validation loss: 0.010707466
INFO:root:Epoch: 61, Train loss: 0.012278184
INFO:root:Epoch: 61, Validation loss: 0.019220954
INFO:root:Epoch: 62, Train loss: 0.010952258
INFO:root:Epoch: 62, Validation loss: 0.017314816
INFO:root:Epoch: 63, Train loss: 0.011051371
INFO:root:Epoch: 63, Validation loss: 0.034811564
INFO:root:Epoch: 64, Train loss: 0.01082445
INFO:root:Epoch: 64, Validation loss: 0.026601288
INFO:root:Epoch: 65, Train loss: 0.015910415
INFO:root:Epoch: 65, Validation loss: 0.018878512
INFO:root:Epoch: 66, Train loss: 0.010605662
INFO:root:Epoch: 66, Validation loss: 0.026852924
INFO:root:Epoch: 67, Train loss: 0.00983194
INFO:root:Epoch: 67, Validation loss: 0.020056795
INFO:root:Epoch: 68, Train loss: 0.011004637
INFO:root:Epoch: 68, Validation loss: 0.023487825
INFO:root:Epoch: 69, Train loss: 0.009096079
INFO:root:Epoch: 69, Validation loss: 0.076657295
INFO:root:Epoch: 70, Train loss: 0.008596212
INFO:root:Epoch: 70, Validation loss: 0.0813611
INFO:root:Epoch: 71, Train loss: 0.008132246
INFO:root:Epoch: 71, Validation loss: 0.013103554
INFO:root:Epoch: 72, Train loss: 0.0073676943
INFO:root:Epoch: 72, Validation loss: 0.028090741
INFO:root:Epoch: 73, Train loss: 0.0077266153
INFO:root:Epoch: 73, Validation loss: 0.0284453
INFO:root:Epoch: 74, Train loss: 0.0138808265
INFO:root:Epoch: 74, Validation loss: 0.018250966
INFO:root:Epoch: 75, Train loss: 0.008825361
INFO:root:Epoch: 75, Validation loss: 0.053307515
INFO:root:Epoch: 76, Train loss: 0.006655938
INFO:root:Epoch: 76, Validation loss: 0.03725219
INFO:root:Epoch: 77, Train loss: 0.006533506
INFO:root:Epoch: 77, Validation loss: 0.09314655
INFO:root:Epoch: 78, Train loss: 0.007933255
INFO:root:Epoch: 78, Validation loss: 0.04811446
INFO:root:Epoch: 79, Train loss: 0.008006617
INFO:root:Epoch: 79, Validation loss: 0.025241876
INFO:root:Epoch: 80, Train loss: 0.00847363
INFO:root:Epoch: 80, Validation loss: 0.108603336
INFO:root:Epoch: 81, Train loss: 0.006769126
INFO:root:Epoch: 81, Validation loss: 0.031463224
INFO:root:Epoch: 82, Train loss: 0.006492452
INFO:root:Epoch: 82, Validation loss: 0.066524014
INFO:root:Epoch: 83, Train loss: 0.0059776013
INFO:root:Epoch: 83, Validation loss: 0.04903714
INFO:root:Epoch: 84, Train loss: 0.00515998
INFO:root:Epoch: 84, Validation loss: 0.04077323
INFO:root:Epoch: 85, Train loss: 0.005848179
INFO:root:Epoch: 85, Validation loss: 0.0755595
INFO:root:Epoch: 86, Train loss: 0.0064111296
INFO:root:Epoch: 86, Validation loss: 0.23681171
INFO:root:Epoch: 87, Train loss: 0.0063460213
INFO:root:Epoch: 87, Validation loss: 0.38368785
INFO:root:Epoch: 88, Train loss: 0.0066785314
INFO:root:Epoch: 88, Validation loss: 0.029451374
INFO:root:Epoch: 89, Train loss: 0.004700655
INFO:root:Epoch: 89, Validation loss: 0.041840155
INFO:root:Epoch: 90, Train loss: 0.008225507
INFO:root:Epoch: 90, Validation loss: 0.035029985
INFO:root:Epoch: 91, Train loss: 0.0060500614
INFO:root:Epoch: 91, Validation loss: 0.032537647
INFO:root:Epoch: 92, Train loss: 0.004485125
INFO:root:Epoch: 92, Validation loss: 0.02416053
INFO:root:Epoch: 93, Train loss: 0.004595186
INFO:root:Epoch: 93, Validation loss: 0.12689482
INFO:root:Epoch: 94, Train loss: 0.004216848
INFO:root:Epoch: 94, Validation loss: 0.037319984
INFO:root:Epoch: 95, Train loss: 0.00385592
INFO:root:Epoch: 95, Validation loss: 0.028144265
INFO:root:Epoch: 96, Train loss: 0.0035342632
INFO:root:Epoch: 96, Validation loss: 0.085290596
INFO:root:Epoch: 97, Train loss: 0.0040280595
INFO:root:Epoch: 97, Validation loss: 0.023671066
INFO:root:Epoch: 98, Train loss: 0.00514235
INFO:root:Epoch: 98, Validation loss: 0.7551559
INFO:root:Epoch: 99, Train loss: 0.009008891
INFO:root:Epoch: 99, Validation loss: 0.00610551
INFO:root:Training from ep 0 to ep 100 finished
INFO:root:Best epoch: 100
