INFO:root:Started
INFO:root:Epoch: 0, Train loss: 3.6879585, Train Acc: 0.058396466
INFO:root:Epoch: 0, Validation loss: 3.5769033, Validation Acc: 0.067708336
INFO:root:Epoch: 1, Train loss: 3.404407, Train Acc: 0.09974747
INFO:root:Epoch: 1, Validation loss: 3.5080225, Validation Acc: 0.072916664
INFO:root:Epoch: 2, Train loss: 3.2639601, Train Acc: 0.13257575
INFO:root:Epoch: 2, Validation loss: 3.3329468, Validation Acc: 0.13541667
INFO:root:Epoch: 3, Train loss: 3.1243453, Train Acc: 0.16856061
INFO:root:Epoch: 3, Validation loss: 3.3055274, Validation Acc: 0.122395836
INFO:root:Epoch: 4, Train loss: 3.0122786, Train Acc: 0.1903409
INFO:root:Epoch: 4, Validation loss: 3.1647127, Validation Acc: 0.1484375
INFO:root:Epoch: 5, Train loss: 2.8830044, Train Acc: 0.22127526
INFO:root:Epoch: 5, Validation loss: 3.3089333, Validation Acc: 0.15625
INFO:root:Epoch: 6, Train loss: 2.7910573, Train Acc: 0.24873738
INFO:root:Epoch: 6, Validation loss: 3.4467876, Validation Acc: 0.122395836
INFO:root:Epoch: 7, Train loss: 2.6951387, Train Acc: 0.27304292
INFO:root:Epoch: 7, Validation loss: 3.2630389, Validation Acc: 0.15625
INFO:root:Epoch: 8, Train loss: 2.586624, Train Acc: 0.29892677
INFO:root:Epoch: 8, Validation loss: 3.355936, Validation Acc: 0.13802083
INFO:root:Epoch: 9, Train loss: 2.4564745, Train Acc: 0.31723484
INFO:root:Epoch: 9, Validation loss: 3.2771013, Validation Acc: 0.14322917
INFO:root:Epoch: 10, Train loss: 2.3640096, Train Acc: 0.3510101
INFO:root:Epoch: 10, Validation loss: 3.3290389, Validation Acc: 0.16666667
INFO:root:Epoch: 11, Train loss: 2.268313, Train Acc: 0.37657827
INFO:root:Epoch: 11, Validation loss: 3.4477975, Validation Acc: 0.14583333
INFO:root:Epoch: 12, Train loss: 2.2076051, Train Acc: 0.3838384
INFO:root:Epoch: 12, Validation loss: 3.203325, Validation Acc: 0.19791667
INFO:root:Epoch: 13, Train loss: 2.0948303, Train Acc: 0.41887626
INFO:root:Epoch: 13, Validation loss: 3.328681, Validation Acc: 0.16666667
INFO:root:Epoch: 14, Train loss: 2.0861497, Train Acc: 0.41950756
INFO:root:Epoch: 14, Validation loss: 3.3170917, Validation Acc: 0.19010417
INFO:root:Epoch: 15, Train loss: 1.9537327, Train Acc: 0.45675504
INFO:root:Epoch: 15, Validation loss: 3.3954208, Validation Acc: 0.171875
INFO:root:Epoch: 16, Train loss: 1.8658732, Train Acc: 0.46906567
INFO:root:Epoch: 16, Validation loss: 3.3270872, Validation Acc: 0.16927083
INFO:root:Epoch: 17, Train loss: 1.8011374, Train Acc: 0.48579547
INFO:root:Epoch: 17, Validation loss: 3.3153002, Validation Acc: 0.21614583
INFO:root:Epoch: 18, Train loss: 1.7337116, Train Acc: 0.50978535
INFO:root:Epoch: 18, Validation loss: 3.3823225, Validation Acc: 0.1875
INFO:root:Epoch: 19, Train loss: 1.6815623, Train Acc: 0.5208333
INFO:root:Epoch: 19, Validation loss: 3.4401238, Validation Acc: 0.17447917
INFO:root:Epoch: 20, Train loss: 1.6412675, Train Acc: 0.53409094
INFO:root:Epoch: 20, Validation loss: 3.5071557, Validation Acc: 0.17708333
INFO:root:Epoch: 21, Train loss: 1.6077801, Train Acc: 0.5486111
INFO:root:Epoch: 21, Validation loss: 3.3412688, Validation Acc: 0.21354167
INFO:root:Epoch: 22, Train loss: 1.5095209, Train Acc: 0.5748106
INFO:root:Epoch: 22, Validation loss: 3.531317, Validation Acc: 0.18229167
INFO:root:Epoch: 23, Train loss: 1.4704143, Train Acc: 0.5741793
INFO:root:Epoch: 23, Validation loss: 3.4774044, Validation Acc: 0.20833333
INFO:root:Epoch: 24, Train loss: 1.4308252, Train Acc: 0.58964646
INFO:root:Epoch: 24, Validation loss: 3.51775, Validation Acc: 0.19791667
INFO:root:Epoch: 25, Train loss: 1.3920876, Train Acc: 0.60574496
INFO:root:Epoch: 25, Validation loss: 3.7483733, Validation Acc: 0.15885417
INFO:root:Epoch: 26, Train loss: 1.3394068, Train Acc: 0.6215278
INFO:root:Epoch: 26, Validation loss: 3.4928236, Validation Acc: 0.1875
INFO:root:Epoch: 27, Train loss: 1.3052468, Train Acc: 0.6272096
INFO:root:Epoch: 27, Validation loss: 3.4571304, Validation Acc: 0.23177083
INFO:root:Epoch: 28, Train loss: 1.3185799, Train Acc: 0.61300504
INFO:root:Epoch: 28, Validation loss: 3.461949, Validation Acc: 0.19791667
INFO:root:Epoch: 29, Train loss: 1.220741, Train Acc: 0.6373106
INFO:root:Epoch: 29, Validation loss: 3.469033, Validation Acc: 0.22916667
INFO:root:Training from ep 0 to ep 30 finished
INFO:root:Best epoch: 28
