INFO:root:Started
INFO:root:Epoch: 0, Train loss: 18.063633
INFO:root:Epoch: 0, Validation loss: 15.893353
INFO:root:Epoch: 1, Train loss: 11.032637
INFO:root:Epoch: 1, Validation loss: 11.24175
INFO:root:Epoch: 2, Train loss: 8.118721
INFO:root:Epoch: 2, Validation loss: 8.932912
INFO:root:Epoch: 3, Train loss: 6.4329042
INFO:root:Epoch: 3, Validation loss: 7.0080104
INFO:root:Epoch: 4, Train loss: 5.451876
INFO:root:Epoch: 4, Validation loss: 6.259314
INFO:root:Epoch: 5, Train loss: 4.8261027
INFO:root:Epoch: 5, Validation loss: 5.6072764
INFO:root:Epoch: 6, Train loss: 4.380479
INFO:root:Epoch: 6, Validation loss: 5.1338663
INFO:root:Epoch: 7, Train loss: 4.062323
INFO:root:Epoch: 7, Validation loss: 4.695997
INFO:root:Epoch: 8, Train loss: 3.8669903
INFO:root:Epoch: 8, Validation loss: 4.5280704
INFO:root:Epoch: 9, Train loss: 3.6715848
INFO:root:Epoch: 9, Validation loss: 4.549171
INFO:root:Epoch: 10, Train loss: 3.524542
INFO:root:Epoch: 10, Validation loss: 4.1718936
INFO:root:Epoch: 11, Train loss: 3.4018064
INFO:root:Epoch: 11, Validation loss: 4.0363126
INFO:root:Epoch: 12, Train loss: 3.3021061
INFO:root:Epoch: 12, Validation loss: 3.8286908
INFO:root:Epoch: 13, Train loss: 3.1938813
INFO:root:Epoch: 13, Validation loss: 3.7041557
INFO:root:Epoch: 14, Train loss: 3.0857818
INFO:root:Epoch: 14, Validation loss: 3.5563877
INFO:root:Epoch: 15, Train loss: 2.9927173
INFO:root:Epoch: 15, Validation loss: 3.428811
INFO:root:Epoch: 16, Train loss: 2.9107234
INFO:root:Epoch: 16, Validation loss: 3.2912548
INFO:root:Epoch: 17, Train loss: 2.809887
INFO:root:Epoch: 17, Validation loss: 3.264749
INFO:root:Epoch: 18, Train loss: 2.742382
INFO:root:Epoch: 18, Validation loss: 3.17891
INFO:root:Epoch: 19, Train loss: 2.6672583
INFO:root:Epoch: 19, Validation loss: 3.0618012
INFO:root:Epoch: 20, Train loss: 2.6160295
INFO:root:Epoch: 20, Validation loss: 2.9204226
INFO:root:Epoch: 21, Train loss: 2.5532205
INFO:root:Epoch: 21, Validation loss: 2.8614357
INFO:root:Epoch: 22, Train loss: 2.4977198
INFO:root:Epoch: 22, Validation loss: 2.8203664
INFO:root:Epoch: 23, Train loss: 2.4478362
INFO:root:Epoch: 23, Validation loss: 2.713439
INFO:root:Epoch: 24, Train loss: 2.3995595
INFO:root:Epoch: 24, Validation loss: 2.672869
INFO:root:Epoch: 25, Train loss: 2.3569286
INFO:root:Epoch: 25, Validation loss: 2.6204214
INFO:root:Epoch: 26, Train loss: 2.3174264
INFO:root:Epoch: 26, Validation loss: 2.6025085
INFO:root:Epoch: 27, Train loss: 2.2955062
INFO:root:Epoch: 27, Validation loss: 2.529601
INFO:root:Epoch: 28, Train loss: 2.2401073
INFO:root:Epoch: 28, Validation loss: 2.4658728
INFO:root:Epoch: 29, Train loss: 2.2153728
INFO:root:Epoch: 29, Validation loss: 2.418154
INFO:root:Epoch: 30, Train loss: 2.1950717
INFO:root:Epoch: 30, Validation loss: 2.4400702
INFO:root:Epoch: 31, Train loss: 2.177514
INFO:root:Epoch: 31, Validation loss: 2.3957555
INFO:root:Epoch: 32, Train loss: 2.155987
INFO:root:Epoch: 32, Validation loss: 2.3360906
INFO:root:Epoch: 33, Train loss: 2.1288335
INFO:root:Epoch: 33, Validation loss: 2.3452394
INFO:root:Epoch: 34, Train loss: 2.1136374
INFO:root:Epoch: 34, Validation loss: 2.30344
INFO:root:Epoch: 35, Train loss: 2.0888271
INFO:root:Epoch: 35, Validation loss: 2.3096473
INFO:root:Epoch: 36, Train loss: 2.0749643
INFO:root:Epoch: 36, Validation loss: 2.2303607
INFO:root:Epoch: 37, Train loss: 2.0508554
INFO:root:Epoch: 37, Validation loss: 2.2300498
INFO:root:Epoch: 38, Train loss: 2.0433583
INFO:root:Epoch: 38, Validation loss: 2.1712706
INFO:root:Epoch: 39, Train loss: 2.0288196
INFO:root:Epoch: 39, Validation loss: 2.1741726
INFO:root:Epoch: 40, Train loss: 2.0140371
INFO:root:Epoch: 40, Validation loss: 2.1988494
INFO:root:Epoch: 41, Train loss: 2.0111856
INFO:root:Epoch: 41, Validation loss: 2.1968374
INFO:root:Epoch: 42, Train loss: 1.9986812
INFO:root:Epoch: 42, Validation loss: 2.1259449
INFO:root:Epoch: 43, Train loss: 1.9820073
INFO:root:Epoch: 43, Validation loss: 2.1814256
INFO:root:Epoch: 44, Train loss: 1.974839
INFO:root:Epoch: 44, Validation loss: 2.0905318
INFO:root:Epoch: 45, Train loss: 1.9575857
INFO:root:Epoch: 45, Validation loss: 2.0870128
INFO:root:Epoch: 46, Train loss: 1.9549323
INFO:root:Epoch: 46, Validation loss: 2.0529094
INFO:root:Epoch: 47, Train loss: 1.9537185
INFO:root:Epoch: 47, Validation loss: 2.1194277
INFO:root:Epoch: 48, Train loss: 1.9448725
INFO:root:Epoch: 48, Validation loss: 2.073933
INFO:root:Epoch: 49, Train loss: 1.9214208
INFO:root:Epoch: 49, Validation loss: 2.094773
INFO:root:Epoch: 50, Train loss: 1.9229397
INFO:root:Epoch: 50, Validation loss: 2.0608325
INFO:root:Epoch: 51, Train loss: 1.9191203
INFO:root:Epoch: 51, Validation loss: 2.0416117
INFO:root:Epoch: 52, Train loss: 1.900207
INFO:root:Epoch: 52, Validation loss: 2.0067492
INFO:root:Epoch: 53, Train loss: 1.9114691
INFO:root:Epoch: 53, Validation loss: 2.0325413
INFO:root:Epoch: 54, Train loss: 1.8953868
INFO:root:Epoch: 54, Validation loss: 2.0071912
INFO:root:Epoch: 55, Train loss: 1.8909788
INFO:root:Epoch: 55, Validation loss: 1.9890503
INFO:root:Epoch: 56, Train loss: 1.8966216
INFO:root:Epoch: 56, Validation loss: 2.0487704
INFO:root:Epoch: 57, Train loss: 1.8733369
INFO:root:Epoch: 57, Validation loss: 1.9961302
INFO:root:Epoch: 58, Train loss: 1.8811775
INFO:root:Epoch: 58, Validation loss: 1.9610608
INFO:root:Epoch: 59, Train loss: 1.8638905
INFO:root:Epoch: 59, Validation loss: 1.9878354
INFO:root:Epoch: 60, Train loss: 1.8652565
INFO:root:Epoch: 60, Validation loss: 1.9770339
INFO:root:Epoch: 61, Train loss: 1.8650709
INFO:root:Epoch: 61, Validation loss: 1.9591067
INFO:root:Epoch: 62, Train loss: 1.8440322
INFO:root:Epoch: 62, Validation loss: 2.002503
INFO:root:Epoch: 63, Train loss: 1.8533549
INFO:root:Epoch: 63, Validation loss: 1.9569592
INFO:root:Epoch: 64, Train loss: 1.835198
INFO:root:Epoch: 64, Validation loss: 2.010766
INFO:root:Epoch: 65, Train loss: 1.8386188
INFO:root:Epoch: 65, Validation loss: 1.9536169
INFO:root:Epoch: 66, Train loss: 1.8365656
INFO:root:Epoch: 66, Validation loss: 1.9825734
INFO:root:Epoch: 67, Train loss: 1.8464987
INFO:root:Epoch: 67, Validation loss: 1.9768181
INFO:root:Epoch: 68, Train loss: 1.8404088
INFO:root:Epoch: 68, Validation loss: 1.9465358
INFO:root:Epoch: 69, Train loss: 1.830073
INFO:root:Epoch: 69, Validation loss: 1.953449
INFO:root:Epoch: 70, Train loss: 1.8091458
INFO:root:Epoch: 70, Validation loss: 1.908043
INFO:root:Epoch: 71, Train loss: 1.8247219
INFO:root:Epoch: 71, Validation loss: 1.9174851
INFO:root:Epoch: 72, Train loss: 1.8145568
INFO:root:Epoch: 72, Validation loss: 1.9599391
INFO:root:Epoch: 73, Train loss: 1.8170785
INFO:root:Epoch: 73, Validation loss: 1.9063765
INFO:root:Epoch: 74, Train loss: 1.8093469
INFO:root:Epoch: 74, Validation loss: 1.9123502
INFO:root:Epoch: 75, Train loss: 1.8191686
INFO:root:Epoch: 75, Validation loss: 1.9583893
INFO:root:Epoch: 76, Train loss: 1.8043164
INFO:root:Epoch: 76, Validation loss: 1.8893684
INFO:root:Epoch: 77, Train loss: 1.8099643
INFO:root:Epoch: 77, Validation loss: 1.9122562
INFO:root:Epoch: 78, Train loss: 1.8090159
INFO:root:Epoch: 78, Validation loss: 1.9085304
INFO:root:Epoch: 79, Train loss: 1.7967653
INFO:root:Epoch: 79, Validation loss: 1.9197735
INFO:root:Epoch: 80, Train loss: 1.7904695
INFO:root:Epoch: 80, Validation loss: 1.9122533
INFO:root:Epoch: 81, Train loss: 1.7882648
INFO:root:Epoch: 81, Validation loss: 1.899493
INFO:root:Epoch: 82, Train loss: 1.779914
INFO:root:Epoch: 82, Validation loss: 1.9102476
INFO:root:Epoch: 83, Train loss: 1.789664
INFO:root:Epoch: 83, Validation loss: 1.8931462
INFO:root:Epoch: 84, Train loss: 1.7775514
INFO:root:Epoch: 84, Validation loss: 1.8580674
INFO:root:Epoch: 85, Train loss: 1.7855376
INFO:root:Epoch: 85, Validation loss: 1.8913574
INFO:root:Epoch: 86, Train loss: 1.7788157
INFO:root:Epoch: 86, Validation loss: 1.9020699
INFO:root:Epoch: 87, Train loss: 1.7677723
INFO:root:Epoch: 87, Validation loss: 1.8909518
INFO:root:Epoch: 88, Train loss: 1.7821269
INFO:root:Epoch: 88, Validation loss: 1.8977178
INFO:root:Epoch: 89, Train loss: 1.7795049
INFO:root:Epoch: 89, Validation loss: 1.8750936
INFO:root:Epoch: 90, Train loss: 1.7793155
INFO:root:Epoch: 90, Validation loss: 1.8986734
INFO:root:Epoch: 91, Train loss: 1.7702918
INFO:root:Epoch: 91, Validation loss: 1.866184
INFO:root:Epoch: 92, Train loss: 1.7662563
INFO:root:Epoch: 92, Validation loss: 1.898952
INFO:root:Epoch: 93, Train loss: 1.7685744
INFO:root:Epoch: 93, Validation loss: 1.8533999
INFO:root:Epoch: 94, Train loss: 1.7602625
INFO:root:Epoch: 94, Validation loss: 1.8750463
INFO:root:Epoch: 95, Train loss: 1.7591947
INFO:root:Epoch: 95, Validation loss: 1.8842118
INFO:root:Epoch: 96, Train loss: 1.7693472
INFO:root:Epoch: 96, Validation loss: 1.8943572
INFO:root:Epoch: 97, Train loss: 1.7616912
INFO:root:Epoch: 97, Validation loss: 1.8584042
INFO:root:Epoch: 98, Train loss: 1.7652014
INFO:root:Epoch: 98, Validation loss: 1.9003338
INFO:root:Epoch: 99, Train loss: 1.7554655
INFO:root:Epoch: 99, Validation loss: 1.8808724
INFO:root:Training from ep 0 to ep 100 finished
INFO:root:Best epoch: 94
