INFO:root:Started
INFO:root:Epoch: 0, Train loss: 29.499529
INFO:root:Epoch: 0, Validation loss: 28.512089
INFO:root:Epoch: 1, Train loss: 22.360865
INFO:root:Epoch: 1, Validation loss: 25.072565
INFO:root:Epoch: 2, Train loss: 19.98911
INFO:root:Epoch: 2, Validation loss: 23.083422
INFO:root:Epoch: 3, Train loss: 18.329233
INFO:root:Epoch: 3, Validation loss: 20.470623
INFO:root:Epoch: 4, Train loss: 17.09664
INFO:root:Epoch: 4, Validation loss: 20.204954
INFO:root:Epoch: 5, Train loss: 16.170708
INFO:root:Epoch: 5, Validation loss: 19.38996
INFO:root:Epoch: 6, Train loss: 15.317052
INFO:root:Epoch: 6, Validation loss: 17.545704
INFO:root:Epoch: 7, Train loss: 14.440583
INFO:root:Epoch: 7, Validation loss: 16.126116
INFO:root:Epoch: 8, Train loss: 13.873941
INFO:root:Epoch: 8, Validation loss: 15.836883
INFO:root:Epoch: 9, Train loss: 13.183848
INFO:root:Epoch: 9, Validation loss: 16.694971
INFO:root:Epoch: 10, Train loss: 12.631196
INFO:root:Epoch: 10, Validation loss: 14.969351
INFO:root:Epoch: 11, Train loss: 12.071928
INFO:root:Epoch: 11, Validation loss: 14.045216
INFO:root:Epoch: 12, Train loss: 11.683283
INFO:root:Epoch: 12, Validation loss: 12.900555
INFO:root:Epoch: 13, Train loss: 11.1889105
INFO:root:Epoch: 13, Validation loss: 13.509637
INFO:root:Epoch: 14, Train loss: 10.785186
INFO:root:Epoch: 14, Validation loss: 12.169028
INFO:root:Epoch: 15, Train loss: 10.335369
INFO:root:Epoch: 15, Validation loss: 12.517064
INFO:root:Epoch: 16, Train loss: 9.95981
INFO:root:Epoch: 16, Validation loss: 11.747663
INFO:root:Epoch: 17, Train loss: 9.615262
INFO:root:Epoch: 17, Validation loss: 11.444971
INFO:root:Epoch: 18, Train loss: 9.194459
INFO:root:Epoch: 18, Validation loss: 11.406243
INFO:root:Epoch: 19, Train loss: 8.866442
INFO:root:Epoch: 19, Validation loss: 10.449747
INFO:root:Epoch: 20, Train loss: 8.56574
INFO:root:Epoch: 20, Validation loss: 9.479715
INFO:root:Epoch: 21, Train loss: 8.303968
INFO:root:Epoch: 21, Validation loss: 9.337091
INFO:root:Epoch: 22, Train loss: 7.9878554
INFO:root:Epoch: 22, Validation loss: 10.1160755
INFO:root:Epoch: 23, Train loss: 7.7092752
INFO:root:Epoch: 23, Validation loss: 9.245516
INFO:root:Epoch: 24, Train loss: 7.468159
INFO:root:Epoch: 24, Validation loss: 8.503455
INFO:root:Epoch: 25, Train loss: 7.2148504
INFO:root:Epoch: 25, Validation loss: 8.657778
INFO:root:Epoch: 26, Train loss: 7.0088806
INFO:root:Epoch: 26, Validation loss: 8.167213
INFO:root:Epoch: 27, Train loss: 6.772498
INFO:root:Epoch: 27, Validation loss: 8.258192
INFO:root:Epoch: 28, Train loss: 6.595699
INFO:root:Epoch: 28, Validation loss: 7.9569864
INFO:root:Epoch: 29, Train loss: 6.3810973
INFO:root:Epoch: 29, Validation loss: 7.4565253
INFO:root:Epoch: 30, Train loss: 6.197597
INFO:root:Epoch: 30, Validation loss: 7.429228
INFO:root:Epoch: 31, Train loss: 6.061742
INFO:root:Epoch: 31, Validation loss: 7.2841496
INFO:root:Epoch: 32, Train loss: 5.9044275
INFO:root:Epoch: 32, Validation loss: 6.7704206
INFO:root:Epoch: 33, Train loss: 5.7890506
INFO:root:Epoch: 33, Validation loss: 6.8404603
INFO:root:Epoch: 34, Train loss: 5.6268277
INFO:root:Epoch: 34, Validation loss: 6.997935
INFO:root:Epoch: 35, Train loss: 5.474471
INFO:root:Epoch: 35, Validation loss: 6.539001
INFO:root:Epoch: 36, Train loss: 5.349004
INFO:root:Epoch: 36, Validation loss: 6.2813897
INFO:root:Epoch: 37, Train loss: 5.256244
INFO:root:Epoch: 37, Validation loss: 6.4402246
INFO:root:Epoch: 38, Train loss: 5.1534853
INFO:root:Epoch: 38, Validation loss: 6.1131496
INFO:root:Epoch: 39, Train loss: 5.021114
INFO:root:Epoch: 39, Validation loss: 6.103035
INFO:root:Epoch: 40, Train loss: 4.9265294
INFO:root:Epoch: 40, Validation loss: 6.0364947
INFO:root:Epoch: 41, Train loss: 4.8572226
INFO:root:Epoch: 41, Validation loss: 5.786189
INFO:root:Epoch: 42, Train loss: 4.770969
INFO:root:Epoch: 42, Validation loss: 5.717683
INFO:root:Epoch: 43, Train loss: 4.672768
INFO:root:Epoch: 43, Validation loss: 5.647884
INFO:root:Epoch: 44, Train loss: 4.595347
INFO:root:Epoch: 44, Validation loss: 5.692652
INFO:root:Epoch: 45, Train loss: 4.52478
INFO:root:Epoch: 45, Validation loss: 5.363721
INFO:root:Epoch: 46, Train loss: 4.4486775
INFO:root:Epoch: 46, Validation loss: 5.197207
INFO:root:Epoch: 47, Train loss: 4.3555446
INFO:root:Epoch: 47, Validation loss: 5.431756
INFO:root:Epoch: 48, Train loss: 4.3416195
INFO:root:Epoch: 48, Validation loss: 5.2698474
INFO:root:Epoch: 49, Train loss: 4.25028
INFO:root:Epoch: 49, Validation loss: 5.262775
INFO:root:Epoch: 50, Train loss: 4.170708
INFO:root:Epoch: 50, Validation loss: 4.9115763
INFO:root:Epoch: 51, Train loss: 4.1300907
INFO:root:Epoch: 51, Validation loss: 5.1778626
INFO:root:Epoch: 52, Train loss: 4.0852566
INFO:root:Epoch: 52, Validation loss: 4.7020583
INFO:root:Epoch: 53, Train loss: 4.0264926
INFO:root:Epoch: 53, Validation loss: 4.767516
INFO:root:Epoch: 54, Train loss: 3.9898963
INFO:root:Epoch: 54, Validation loss: 4.572259
INFO:root:Epoch: 55, Train loss: 3.9081836
INFO:root:Epoch: 55, Validation loss: 4.6220965
INFO:root:Epoch: 56, Train loss: 3.8779557
INFO:root:Epoch: 56, Validation loss: 4.5277104
INFO:root:Epoch: 57, Train loss: 3.8380911
INFO:root:Epoch: 57, Validation loss: 4.5571294
INFO:root:Epoch: 58, Train loss: 3.7861993
INFO:root:Epoch: 58, Validation loss: 4.518213
INFO:root:Epoch: 59, Train loss: 3.7389488
INFO:root:Epoch: 59, Validation loss: 4.2988987
INFO:root:Epoch: 60, Train loss: 3.7123034
INFO:root:Epoch: 60, Validation loss: 4.4347167
INFO:root:Epoch: 61, Train loss: 3.676264
INFO:root:Epoch: 61, Validation loss: 4.311813
INFO:root:Epoch: 62, Train loss: 3.6332922
INFO:root:Epoch: 62, Validation loss: 4.3805737
INFO:root:Epoch: 63, Train loss: 3.5992308
INFO:root:Epoch: 63, Validation loss: 4.2207456
INFO:root:Epoch: 64, Train loss: 3.5489242
INFO:root:Epoch: 64, Validation loss: 4.3975883
INFO:root:Epoch: 65, Train loss: 3.5202055
INFO:root:Epoch: 65, Validation loss: 4.192144
INFO:root:Epoch: 66, Train loss: 3.4998636
INFO:root:Epoch: 66, Validation loss: 4.2617183
INFO:root:Epoch: 67, Train loss: 3.4642127
INFO:root:Epoch: 67, Validation loss: 4.1251135
INFO:root:Epoch: 68, Train loss: 3.4143887
INFO:root:Epoch: 68, Validation loss: 3.9341393
INFO:root:Epoch: 69, Train loss: 3.3793635
INFO:root:Epoch: 69, Validation loss: 4.0035987
INFO:root:Epoch: 70, Train loss: 3.344211
INFO:root:Epoch: 70, Validation loss: 4.070773
INFO:root:Epoch: 71, Train loss: 3.305411
INFO:root:Epoch: 71, Validation loss: 3.8141844
INFO:root:Epoch: 72, Train loss: 3.279487
INFO:root:Epoch: 72, Validation loss: 3.923052
INFO:root:Epoch: 73, Train loss: 3.2545743
INFO:root:Epoch: 73, Validation loss: 3.794683
INFO:root:Epoch: 74, Train loss: 3.2233486
INFO:root:Epoch: 74, Validation loss: 3.7520082
INFO:root:Epoch: 75, Train loss: 3.2004995
INFO:root:Epoch: 75, Validation loss: 3.8422816
INFO:root:Epoch: 76, Train loss: 3.1613193
INFO:root:Epoch: 76, Validation loss: 3.6695478
INFO:root:Epoch: 77, Train loss: 3.1464179
INFO:root:Epoch: 77, Validation loss: 3.6399684
INFO:root:Epoch: 78, Train loss: 3.1089666
INFO:root:Epoch: 78, Validation loss: 3.615937
INFO:root:Epoch: 79, Train loss: 3.0617049
INFO:root:Epoch: 79, Validation loss: 3.6320806
INFO:root:Epoch: 80, Train loss: 3.0411692
INFO:root:Epoch: 80, Validation loss: 3.6172645
INFO:root:Epoch: 81, Train loss: 2.9921696
INFO:root:Epoch: 81, Validation loss: 3.5832927
INFO:root:Epoch: 82, Train loss: 2.9999132
INFO:root:Epoch: 82, Validation loss: 3.4629207
INFO:root:Epoch: 83, Train loss: 2.9690151
INFO:root:Epoch: 83, Validation loss: 3.4480853
INFO:root:Epoch: 84, Train loss: 2.9269416
INFO:root:Epoch: 84, Validation loss: 3.3356736
INFO:root:Epoch: 85, Train loss: 2.9058821
INFO:root:Epoch: 85, Validation loss: 3.373174
INFO:root:Epoch: 86, Train loss: 2.874431
INFO:root:Epoch: 86, Validation loss: 3.3136399
INFO:root:Epoch: 87, Train loss: 2.8419113
INFO:root:Epoch: 87, Validation loss: 3.3501306
INFO:root:Epoch: 88, Train loss: 2.8368924
INFO:root:Epoch: 88, Validation loss: 3.2500658
INFO:root:Epoch: 89, Train loss: 2.7953298
INFO:root:Epoch: 89, Validation loss: 3.262758
INFO:root:Epoch: 90, Train loss: 2.787906
INFO:root:Epoch: 90, Validation loss: 3.2496054
INFO:root:Epoch: 91, Train loss: 2.7558115
INFO:root:Epoch: 91, Validation loss: 3.170736
INFO:root:Epoch: 92, Train loss: 2.7388165
INFO:root:Epoch: 92, Validation loss: 3.1463835
INFO:root:Epoch: 93, Train loss: 2.7198417
INFO:root:Epoch: 93, Validation loss: 3.0805004
INFO:root:Epoch: 94, Train loss: 2.6892223
INFO:root:Epoch: 94, Validation loss: 3.176885
INFO:root:Epoch: 95, Train loss: 2.6737628
INFO:root:Epoch: 95, Validation loss: 3.1120474
INFO:root:Epoch: 96, Train loss: 2.6729543
INFO:root:Epoch: 96, Validation loss: 3.0585878
INFO:root:Epoch: 97, Train loss: 2.6241708
INFO:root:Epoch: 97, Validation loss: 3.0701537
INFO:root:Epoch: 98, Train loss: 2.621145
INFO:root:Epoch: 98, Validation loss: 2.9603462
INFO:root:Epoch: 99, Train loss: 2.6046908
INFO:root:Epoch: 99, Validation loss: 3.0394273
INFO:root:Training from ep 0 to ep 100 finished
INFO:root:Best epoch: 99
