INFO:root:Started
INFO:root:Epoch: 0, Train loss: 3.7431839, Train Acc: 0.052083332
INFO:root:Epoch: 0, Validation loss: 3.5840073, Validation Acc: 0.0703125
INFO:root:Epoch: 1, Train loss: 3.4512532, Train Acc: 0.09659091
INFO:root:Epoch: 1, Validation loss: 3.6172209, Validation Acc: 0.041666668
INFO:root:Epoch: 2, Train loss: 3.3098357, Train Acc: 0.1227904
INFO:root:Epoch: 2, Validation loss: 3.435734, Validation Acc: 0.114583336
INFO:root:Epoch: 3, Train loss: 3.1798213, Train Acc: 0.16224748
INFO:root:Epoch: 3, Validation loss: 3.388935, Validation Acc: 0.088541664
INFO:root:Epoch: 4, Train loss: 3.0550654, Train Acc: 0.18529041
INFO:root:Epoch: 4, Validation loss: 3.3072484, Validation Acc: 0.14322917
INFO:root:Epoch: 5, Train loss: 2.947634, Train Acc: 0.20170455
INFO:root:Epoch: 5, Validation loss: 3.330658, Validation Acc: 0.15885417
INFO:root:Epoch: 6, Train loss: 2.8663523, Train Acc: 0.23958333
INFO:root:Epoch: 6, Validation loss: 3.389471, Validation Acc: 0.109375
INFO:root:Epoch: 7, Train loss: 2.7681558, Train Acc: 0.25378788
INFO:root:Epoch: 7, Validation loss: 3.3742657, Validation Acc: 0.13802083
INFO:root:Epoch: 8, Train loss: 2.6788015, Train Acc: 0.2667298
INFO:root:Epoch: 8, Validation loss: 3.24534, Validation Acc: 0.15885417
INFO:root:Epoch: 9, Train loss: 2.5586808, Train Acc: 0.29924244
INFO:root:Epoch: 9, Validation loss: 3.2247617, Validation Acc: 0.1875
INFO:root:Epoch: 10, Train loss: 2.4865887, Train Acc: 0.31376263
INFO:root:Epoch: 10, Validation loss: 3.1708505, Validation Acc: 0.17708333
INFO:root:Epoch: 11, Train loss: 2.3951585, Train Acc: 0.3386995
INFO:root:Epoch: 11, Validation loss: 3.3061295, Validation Acc: 0.15625
INFO:root:Epoch: 12, Train loss: 2.3145878, Train Acc: 0.35448232
INFO:root:Epoch: 12, Validation loss: 3.1586516, Validation Acc: 0.19791667
INFO:root:Epoch: 13, Train loss: 2.2487993, Train Acc: 0.38983586
INFO:root:Epoch: 13, Validation loss: 3.2358682, Validation Acc: 0.16145833
INFO:root:Epoch: 14, Train loss: 2.2251484, Train Acc: 0.36679292
INFO:root:Epoch: 14, Validation loss: 3.2126453, Validation Acc: 0.1875
INFO:root:Epoch: 15, Train loss: 2.1179912, Train Acc: 0.41098484
INFO:root:Epoch: 15, Validation loss: 3.1983058, Validation Acc: 0.16927083
INFO:root:Epoch: 16, Train loss: 2.0281491, Train Acc: 0.42455807
INFO:root:Epoch: 16, Validation loss: 3.2189264, Validation Acc: 0.171875
INFO:root:Epoch: 17, Train loss: 1.9700559, Train Acc: 0.448548
INFO:root:Epoch: 17, Validation loss: 3.3173666, Validation Acc: 0.171875
INFO:root:Epoch: 18, Train loss: 1.9366578, Train Acc: 0.45738637
INFO:root:Epoch: 18, Validation loss: 3.2369165, Validation Acc: 0.1953125
INFO:root:Epoch: 19, Train loss: 1.8669306, Train Acc: 0.4775884
INFO:root:Epoch: 19, Validation loss: 3.3823354, Validation Acc: 0.18489583
INFO:root:Epoch: 20, Train loss: 1.8497068, Train Acc: 0.4832702
INFO:root:Epoch: 20, Validation loss: 3.0898492, Validation Acc: 0.234375
INFO:root:Epoch: 21, Train loss: 1.7956352, Train Acc: 0.48358586
INFO:root:Epoch: 21, Validation loss: 3.447836, Validation Acc: 0.18229167
INFO:root:Epoch: 22, Train loss: 1.7312618, Train Acc: 0.51325756
INFO:root:Epoch: 22, Validation loss: 3.327512, Validation Acc: 0.17447917
INFO:root:Epoch: 23, Train loss: 1.6579895, Train Acc: 0.52714646
INFO:root:Epoch: 23, Validation loss: 3.4791288, Validation Acc: 0.1640625
INFO:root:Epoch: 24, Train loss: 1.6376778, Train Acc: 0.5359849
INFO:root:Epoch: 24, Validation loss: 3.2910583, Validation Acc: 0.22395833
INFO:root:Epoch: 25, Train loss: 1.5626832, Train Acc: 0.552399
INFO:root:Epoch: 25, Validation loss: 3.462273, Validation Acc: 0.19270833
INFO:root:Epoch: 26, Train loss: 1.5425677, Train Acc: 0.5609217
INFO:root:Epoch: 26, Validation loss: 3.1243546, Validation Acc: 0.234375
INFO:root:Epoch: 27, Train loss: 1.4923737, Train Acc: 0.563447
INFO:root:Epoch: 27, Validation loss: 3.2369306, Validation Acc: 0.2109375
INFO:root:Epoch: 28, Train loss: 1.4982798, Train Acc: 0.57133836
INFO:root:Epoch: 28, Validation loss: 3.5353057, Validation Acc: 0.17708333
INFO:root:Epoch: 29, Train loss: 1.4105203, Train Acc: 0.58838385
INFO:root:Epoch: 29, Validation loss: 3.3562365, Validation Acc: 0.20052083
INFO:root:Training from ep 0 to ep 30 finished
INFO:root:Best epoch: 21
