INFO:root:Started
INFO:root:Epoch: 0, Train loss: 5.9553776
INFO:root:Epoch: 0, Validation loss: 4.1875744
INFO:root:Epoch: 1, Train loss: 3.690427
INFO:root:Epoch: 1, Validation loss: 3.4698548
INFO:root:Epoch: 2, Train loss: 3.3524911
INFO:root:Epoch: 2, Validation loss: 3.3366036
INFO:root:Epoch: 3, Train loss: 3.2214096
INFO:root:Epoch: 3, Validation loss: 3.2136743
INFO:root:Epoch: 4, Train loss: 3.14874
INFO:root:Epoch: 4, Validation loss: 3.1309888
INFO:root:Epoch: 5, Train loss: 3.0962741
INFO:root:Epoch: 5, Validation loss: 3.1056013
INFO:root:Epoch: 6, Train loss: 3.0642922
INFO:root:Epoch: 6, Validation loss: 3.042245
INFO:root:Epoch: 7, Train loss: 3.023028
INFO:root:Epoch: 7, Validation loss: 3.0226378
INFO:root:Epoch: 8, Train loss: 2.9949424
INFO:root:Epoch: 8, Validation loss: 3.026412
INFO:root:Epoch: 9, Train loss: 2.97551
INFO:root:Epoch: 9, Validation loss: 2.9849317
INFO:root:Epoch: 10, Train loss: 2.9548912
INFO:root:Epoch: 10, Validation loss: 2.9635186
INFO:root:Epoch: 11, Train loss: 2.941221
INFO:root:Epoch: 11, Validation loss: 2.9632025
INFO:root:Epoch: 12, Train loss: 2.9379869
INFO:root:Epoch: 12, Validation loss: 2.9342768
INFO:root:Epoch: 13, Train loss: 2.920935
INFO:root:Epoch: 13, Validation loss: 2.905704
INFO:root:Epoch: 14, Train loss: 2.9002376
INFO:root:Epoch: 14, Validation loss: 2.889541
INFO:root:Epoch: 15, Train loss: 2.8948073
INFO:root:Epoch: 15, Validation loss: 2.9312449
INFO:root:Epoch: 16, Train loss: 2.8869808
INFO:root:Epoch: 16, Validation loss: 2.901054
INFO:root:Epoch: 17, Train loss: 2.8543587
INFO:root:Epoch: 17, Validation loss: 2.8454797
INFO:root:Epoch: 18, Train loss: 2.858576
INFO:root:Epoch: 18, Validation loss: 2.861914
INFO:root:Epoch: 19, Train loss: 2.8430536
INFO:root:Epoch: 19, Validation loss: 2.8674364
INFO:root:Epoch: 20, Train loss: 2.8288705
INFO:root:Epoch: 20, Validation loss: 2.8600168
INFO:root:Epoch: 21, Train loss: 2.8224452
INFO:root:Epoch: 21, Validation loss: 2.886159
INFO:root:Epoch: 22, Train loss: 2.8103514
INFO:root:Epoch: 22, Validation loss: 2.895862
INFO:root:Epoch: 23, Train loss: 2.7924438
INFO:root:Epoch: 23, Validation loss: 2.8556638
INFO:root:Epoch: 24, Train loss: 2.7868998
INFO:root:Epoch: 24, Validation loss: 2.818524
INFO:root:Epoch: 25, Train loss: 2.7978983
INFO:root:Epoch: 25, Validation loss: 2.8029892
INFO:root:Epoch: 26, Train loss: 2.7693274
INFO:root:Epoch: 26, Validation loss: 2.8320885
INFO:root:Epoch: 27, Train loss: 2.758457
INFO:root:Epoch: 27, Validation loss: 2.7968323
INFO:root:Epoch: 28, Train loss: 2.7444506
INFO:root:Epoch: 28, Validation loss: 2.7504086
INFO:root:Epoch: 29, Train loss: 2.7431996
INFO:root:Epoch: 29, Validation loss: 2.802578
INFO:root:Epoch: 30, Train loss: 2.7405143
INFO:root:Epoch: 30, Validation loss: 2.8067923
INFO:root:Epoch: 31, Train loss: 2.7306888
INFO:root:Epoch: 31, Validation loss: 2.7458813
INFO:root:Epoch: 32, Train loss: 2.7045288
INFO:root:Epoch: 32, Validation loss: 2.816845
INFO:root:Epoch: 33, Train loss: 2.7011855
INFO:root:Epoch: 33, Validation loss: 2.789424
INFO:root:Epoch: 34, Train loss: 2.7031562
INFO:root:Epoch: 34, Validation loss: 2.74887
INFO:root:Epoch: 35, Train loss: 2.6954696
INFO:root:Epoch: 35, Validation loss: 2.7081985
INFO:root:Epoch: 36, Train loss: 2.6836557
INFO:root:Epoch: 36, Validation loss: 2.7588303
INFO:root:Epoch: 37, Train loss: 2.6765046
INFO:root:Epoch: 37, Validation loss: 2.8010707
INFO:root:Epoch: 38, Train loss: 2.678024
INFO:root:Epoch: 38, Validation loss: 2.684407
INFO:root:Epoch: 39, Train loss: 2.6839552
INFO:root:Epoch: 39, Validation loss: 2.7133515
INFO:root:Epoch: 40, Train loss: 2.6438146
INFO:root:Epoch: 40, Validation loss: 2.7295108
INFO:root:Epoch: 41, Train loss: 2.634291
INFO:root:Epoch: 41, Validation loss: 2.789952
INFO:root:Epoch: 42, Train loss: 2.644457
INFO:root:Epoch: 42, Validation loss: 2.6711452
INFO:root:Epoch: 43, Train loss: 2.6211538
INFO:root:Epoch: 43, Validation loss: 2.7055278
INFO:root:Epoch: 44, Train loss: 2.5947664
INFO:root:Epoch: 44, Validation loss: 2.660722
INFO:root:Epoch: 45, Train loss: 2.6249058
INFO:root:Epoch: 45, Validation loss: 2.6670892
INFO:root:Epoch: 46, Train loss: 2.6108105
INFO:root:Epoch: 46, Validation loss: 2.5989358
INFO:root:Epoch: 47, Train loss: 2.5813704
INFO:root:Epoch: 47, Validation loss: 2.667482
INFO:root:Epoch: 48, Train loss: 2.5845833
INFO:root:Epoch: 48, Validation loss: 2.7052758
INFO:root:Epoch: 49, Train loss: 2.585401
INFO:root:Epoch: 49, Validation loss: 2.6683867
INFO:root:Epoch: 50, Train loss: 2.5781374
INFO:root:Epoch: 50, Validation loss: 2.6770082
INFO:root:Epoch: 51, Train loss: 2.572932
INFO:root:Epoch: 51, Validation loss: 2.6525447
INFO:root:Epoch: 52, Train loss: 2.5573556
INFO:root:Epoch: 52, Validation loss: 2.6903179
INFO:root:Epoch: 53, Train loss: 2.5498552
INFO:root:Epoch: 53, Validation loss: 2.634739
INFO:root:Epoch: 54, Train loss: 2.557214
INFO:root:Epoch: 54, Validation loss: 2.700606
INFO:root:Epoch: 55, Train loss: 2.5399523
INFO:root:Epoch: 55, Validation loss: 2.6050806
INFO:root:Epoch: 56, Train loss: 2.545256
INFO:root:Epoch: 56, Validation loss: 2.6279194
INFO:root:Epoch: 57, Train loss: 2.5200713
INFO:root:Epoch: 57, Validation loss: 2.6321228
INFO:root:Epoch: 58, Train loss: 2.514948
INFO:root:Epoch: 58, Validation loss: 2.7085614
INFO:root:Epoch: 59, Train loss: 2.507796
INFO:root:Epoch: 59, Validation loss: 2.5709596
INFO:root:Epoch: 60, Train loss: 2.4880695
INFO:root:Epoch: 60, Validation loss: 2.6006405
INFO:root:Epoch: 61, Train loss: 2.507339
INFO:root:Epoch: 61, Validation loss: 2.6090624
INFO:root:Epoch: 62, Train loss: 2.501051
INFO:root:Epoch: 62, Validation loss: 2.5593376
INFO:root:Epoch: 63, Train loss: 2.4989932
INFO:root:Epoch: 63, Validation loss: 2.5800192
INFO:root:Epoch: 64, Train loss: 2.4652104
INFO:root:Epoch: 64, Validation loss: 2.5907214
INFO:root:Epoch: 65, Train loss: 2.47728
INFO:root:Epoch: 65, Validation loss: 2.54158
INFO:root:Epoch: 66, Train loss: 2.476771
INFO:root:Epoch: 66, Validation loss: 2.6065185
INFO:root:Epoch: 67, Train loss: 2.4443295
INFO:root:Epoch: 67, Validation loss: 2.571088
INFO:root:Epoch: 68, Train loss: 2.4519389
INFO:root:Epoch: 68, Validation loss: 2.5668666
INFO:root:Epoch: 69, Train loss: 2.4538805
INFO:root:Epoch: 69, Validation loss: 2.534472
INFO:root:Epoch: 70, Train loss: 2.4367838
INFO:root:Epoch: 70, Validation loss: 2.5511453
INFO:root:Epoch: 71, Train loss: 2.446977
INFO:root:Epoch: 71, Validation loss: 2.5584373
INFO:root:Epoch: 72, Train loss: 2.4429393
INFO:root:Epoch: 72, Validation loss: 2.524872
INFO:root:Epoch: 73, Train loss: 2.4411902
INFO:root:Epoch: 73, Validation loss: 2.4942393
INFO:root:Epoch: 74, Train loss: 2.4082851
INFO:root:Epoch: 74, Validation loss: 2.4660006
INFO:root:Epoch: 75, Train loss: 2.403467
INFO:root:Epoch: 75, Validation loss: 2.6002877
INFO:root:Epoch: 76, Train loss: 2.4092143
INFO:root:Epoch: 76, Validation loss: 2.4969943
INFO:root:Epoch: 77, Train loss: 2.3833728
INFO:root:Epoch: 77, Validation loss: 2.4889176
INFO:root:Epoch: 78, Train loss: 2.3945265
INFO:root:Epoch: 78, Validation loss: 2.5055778
INFO:root:Epoch: 79, Train loss: 2.389823
INFO:root:Epoch: 79, Validation loss: 2.5877783
INFO:root:Epoch: 80, Train loss: 2.3954687
INFO:root:Epoch: 80, Validation loss: 2.556847
INFO:root:Epoch: 81, Train loss: 2.3935483
INFO:root:Epoch: 81, Validation loss: 2.519614
INFO:root:Epoch: 82, Train loss: 2.3716156
INFO:root:Epoch: 82, Validation loss: 2.481346
INFO:root:Epoch: 83, Train loss: 2.388463
INFO:root:Epoch: 83, Validation loss: 2.4658997
INFO:root:Epoch: 84, Train loss: 2.376889
INFO:root:Epoch: 84, Validation loss: 2.4990807
INFO:root:Epoch: 85, Train loss: 2.3702037
INFO:root:Epoch: 85, Validation loss: 2.538745
INFO:root:Epoch: 86, Train loss: 2.3505542
INFO:root:Epoch: 86, Validation loss: 2.4593272
INFO:root:Epoch: 87, Train loss: 2.3482168
INFO:root:Epoch: 87, Validation loss: 2.5547767
INFO:root:Epoch: 88, Train loss: 2.352281
INFO:root:Epoch: 88, Validation loss: 2.5503433
INFO:root:Epoch: 89, Train loss: 2.346152
INFO:root:Epoch: 89, Validation loss: 2.4947596
INFO:root:Epoch: 90, Train loss: 2.3471344
INFO:root:Epoch: 90, Validation loss: 2.5320947
INFO:root:Epoch: 91, Train loss: 2.3440814
INFO:root:Epoch: 91, Validation loss: 2.5104017
INFO:root:Epoch: 92, Train loss: 2.3280132
INFO:root:Epoch: 92, Validation loss: 2.464931
INFO:root:Epoch: 93, Train loss: 2.3247793
INFO:root:Epoch: 93, Validation loss: 2.4416432
INFO:root:Epoch: 94, Train loss: 2.3189406
INFO:root:Epoch: 94, Validation loss: 2.477473
INFO:root:Epoch: 95, Train loss: 2.3367274
INFO:root:Epoch: 95, Validation loss: 2.4105031
INFO:root:Epoch: 96, Train loss: 2.3267255
INFO:root:Epoch: 96, Validation loss: 2.5247393
INFO:root:Epoch: 97, Train loss: 2.3282309
INFO:root:Epoch: 97, Validation loss: 2.4655576
INFO:root:Epoch: 98, Train loss: 2.2994006
INFO:root:Epoch: 98, Validation loss: 2.494049
INFO:root:Epoch: 99, Train loss: 2.3015857
INFO:root:Epoch: 99, Validation loss: 2.4871666
INFO:root:Training from ep 0 to ep 100 finished
INFO:root:Best epoch: 96
