INFO:root:Started
INFO:root:Epoch: 0, Train loss: 8.003193
INFO:root:Epoch: 0, Validation loss: 5.5994344
INFO:root:Epoch: 1, Train loss: 4.743742
INFO:root:Epoch: 1, Validation loss: 4.4608274
INFO:root:Training from ep 0 to ep 2 finished
INFO:root:Best epoch: 2
INFO:root:Started
INFO:root:Epoch: 0, Train loss: 8.003282
INFO:root:Epoch: 0, Validation loss: 5.601628
INFO:root:Epoch: 1, Train loss: 4.7452207
INFO:root:Epoch: 1, Validation loss: 4.456299
INFO:root:Epoch: 2, Train loss: 3.617634
INFO:root:Epoch: 2, Validation loss: 2.7520175
INFO:root:Epoch: 3, Train loss: 2.4383101
INFO:root:Epoch: 3, Validation loss: 2.4242384
INFO:root:Epoch: 4, Train loss: 2.2626355
INFO:root:Epoch: 4, Validation loss: 2.2485967
INFO:root:Epoch: 5, Train loss: 2.1612515
INFO:root:Epoch: 5, Validation loss: 2.1632001
INFO:root:Epoch: 6, Train loss: 2.1034153
INFO:root:Epoch: 6, Validation loss: 2.1174195
INFO:root:Epoch: 7, Train loss: 2.0546985
INFO:root:Epoch: 7, Validation loss: 2.1149251
INFO:root:Epoch: 8, Train loss: 2.0051708
INFO:root:Epoch: 8, Validation loss: 2.1143394
INFO:root:Epoch: 9, Train loss: 1.9745338
INFO:root:Epoch: 9, Validation loss: 1.9986221
INFO:root:Epoch: 10, Train loss: 1.9542266
INFO:root:Epoch: 10, Validation loss: 2.074322
INFO:root:Epoch: 11, Train loss: 1.9463221
INFO:root:Epoch: 11, Validation loss: 2.0404377
INFO:root:Epoch: 12, Train loss: 1.9291058
INFO:root:Epoch: 12, Validation loss: 1.9497178
INFO:root:Epoch: 13, Train loss: 1.9155957
INFO:root:Epoch: 13, Validation loss: 2.1762187
INFO:root:Epoch: 14, Train loss: 1.9016278
INFO:root:Epoch: 14, Validation loss: 2.0551353
INFO:root:Epoch: 15, Train loss: 1.8794475
INFO:root:Epoch: 15, Validation loss: 1.9565672
INFO:root:Epoch: 16, Train loss: 1.8889937
INFO:root:Epoch: 16, Validation loss: 2.1233988
INFO:root:Epoch: 17, Train loss: 1.853067
INFO:root:Epoch: 17, Validation loss: 2.1352007
INFO:root:Epoch: 18, Train loss: 1.8574394
INFO:root:Epoch: 18, Validation loss: 1.9535977
INFO:root:Epoch: 19, Train loss: 1.8454609
INFO:root:Epoch: 19, Validation loss: 1.987419
INFO:root:Epoch: 20, Train loss: 1.8413553
INFO:root:Epoch: 20, Validation loss: 2.62756
INFO:root:Epoch: 21, Train loss: 1.8273941
INFO:root:Epoch: 21, Validation loss: 2.1361454
INFO:root:Epoch: 22, Train loss: 1.8232449
INFO:root:Epoch: 22, Validation loss: 1.8745216
INFO:root:Epoch: 23, Train loss: 1.8266917
INFO:root:Epoch: 23, Validation loss: 2.3190408
INFO:root:Epoch: 24, Train loss: 1.810629
INFO:root:Epoch: 24, Validation loss: 2.3047335
INFO:root:Epoch: 25, Train loss: 1.8143662
INFO:root:Epoch: 25, Validation loss: 1.884618
INFO:root:Epoch: 26, Train loss: 1.8140421
INFO:root:Epoch: 26, Validation loss: 2.1017182
INFO:root:Epoch: 27, Train loss: 1.7954533
INFO:root:Epoch: 27, Validation loss: 1.8621505
INFO:root:Epoch: 28, Train loss: 1.7900712
INFO:root:Epoch: 28, Validation loss: 2.0225854
INFO:root:Epoch: 29, Train loss: 1.7775362
INFO:root:Epoch: 29, Validation loss: 2.068386
INFO:root:Epoch: 30, Train loss: 1.7866026
INFO:root:Epoch: 30, Validation loss: 2.9670918
INFO:root:Epoch: 31, Train loss: 1.7803351
INFO:root:Epoch: 31, Validation loss: 2.058174
INFO:root:Epoch: 32, Train loss: 1.7647238
INFO:root:Epoch: 32, Validation loss: 2.3399155
INFO:root:Epoch: 33, Train loss: 1.7650851
INFO:root:Epoch: 33, Validation loss: 2.354944
INFO:root:Epoch: 34, Train loss: 1.7674347
INFO:root:Epoch: 34, Validation loss: 2.3205574
INFO:root:Epoch: 35, Train loss: 1.7574465
INFO:root:Epoch: 35, Validation loss: 2.8447607
INFO:root:Epoch: 36, Train loss: 1.7574619
INFO:root:Epoch: 36, Validation loss: 2.1955945
INFO:root:Epoch: 37, Train loss: 1.7596366
INFO:root:Epoch: 37, Validation loss: 3.0752168
INFO:root:Epoch: 38, Train loss: 1.7538909
INFO:root:Epoch: 38, Validation loss: 3.8126032
INFO:root:Epoch: 39, Train loss: 1.7508608
INFO:root:Epoch: 39, Validation loss: 2.1408837
INFO:root:Epoch: 40, Train loss: 1.744176
INFO:root:Epoch: 40, Validation loss: 2.1244032
INFO:root:Epoch: 41, Train loss: 1.734878
INFO:root:Epoch: 41, Validation loss: 2.442359
INFO:root:Epoch: 42, Train loss: 1.749408
INFO:root:Epoch: 42, Validation loss: 4.644295
INFO:root:Epoch: 43, Train loss: 1.7334447
INFO:root:Epoch: 43, Validation loss: 3.157674
INFO:root:Epoch: 44, Train loss: 1.7263026
INFO:root:Epoch: 44, Validation loss: 3.947604
INFO:root:Epoch: 45, Train loss: 1.7313472
INFO:root:Epoch: 45, Validation loss: 3.2214446
INFO:root:Epoch: 46, Train loss: 1.723215
INFO:root:Epoch: 46, Validation loss: 4.200688
INFO:root:Epoch: 47, Train loss: 1.7155343
INFO:root:Epoch: 47, Validation loss: 2.3084662
INFO:root:Epoch: 48, Train loss: 1.7228541
INFO:root:Epoch: 48, Validation loss: 2.7237742
INFO:root:Epoch: 49, Train loss: 1.7128606
INFO:root:Epoch: 49, Validation loss: 2.099414
INFO:root:Epoch: 50, Train loss: 1.7139378
INFO:root:Epoch: 50, Validation loss: 3.1173553
INFO:root:Epoch: 51, Train loss: 1.6993973
INFO:root:Epoch: 51, Validation loss: 2.190717
INFO:root:Epoch: 52, Train loss: 1.6987971
INFO:root:Epoch: 52, Validation loss: 5.8156075
INFO:root:Epoch: 53, Train loss: 1.6985968
INFO:root:Epoch: 53, Validation loss: 2.1741445
INFO:root:Epoch: 54, Train loss: 1.7026386
INFO:root:Epoch: 54, Validation loss: 2.7857947
INFO:root:Epoch: 55, Train loss: 1.7061182
INFO:root:Epoch: 55, Validation loss: 2.4174285
INFO:root:Epoch: 56, Train loss: 1.6971933
INFO:root:Epoch: 56, Validation loss: 8.173308
INFO:root:Epoch: 57, Train loss: 1.6930699
INFO:root:Epoch: 57, Validation loss: 6.072449
INFO:root:Epoch: 58, Train loss: 1.6894186
INFO:root:Epoch: 58, Validation loss: 3.6184814
INFO:root:Epoch: 59, Train loss: 1.6910695
INFO:root:Epoch: 59, Validation loss: 3.7215118
INFO:root:Epoch: 60, Train loss: 1.68292
INFO:root:Epoch: 60, Validation loss: 3.4365819
INFO:root:Epoch: 61, Train loss: 1.6860735
INFO:root:Epoch: 61, Validation loss: 1.877768
INFO:root:Epoch: 62, Train loss: 1.6920009
INFO:root:Epoch: 62, Validation loss: 3.94243
INFO:root:Epoch: 63, Train loss: 1.6785516
INFO:root:Epoch: 63, Validation loss: 2.0196698
INFO:root:Epoch: 64, Train loss: 1.6748905
INFO:root:Epoch: 64, Validation loss: 2.7884758
INFO:root:Epoch: 65, Train loss: 1.6832535
INFO:root:Epoch: 65, Validation loss: 2.8036864
INFO:root:Epoch: 66, Train loss: 1.67278
INFO:root:Epoch: 66, Validation loss: 4.53494
INFO:root:Epoch: 67, Train loss: 1.6676196
INFO:root:Epoch: 67, Validation loss: 5.5080657
INFO:root:Epoch: 68, Train loss: 1.6713265
INFO:root:Epoch: 68, Validation loss: 3.2531977
INFO:root:Epoch: 69, Train loss: 1.6716669
INFO:root:Epoch: 69, Validation loss: 5.161504
INFO:root:Epoch: 70, Train loss: 1.66011
INFO:root:Epoch: 70, Validation loss: 3.3208098
INFO:root:Epoch: 71, Train loss: 1.6578722
INFO:root:Epoch: 71, Validation loss: 3.0992916
INFO:root:Epoch: 72, Train loss: 1.6692578
INFO:root:Epoch: 72, Validation loss: 2.134294
INFO:root:Epoch: 73, Train loss: 1.6535914
INFO:root:Epoch: 73, Validation loss: 6.96444
INFO:root:Epoch: 74, Train loss: 1.6445321
INFO:root:Epoch: 74, Validation loss: 3.810918
INFO:root:Epoch: 75, Train loss: 1.6478149
INFO:root:Epoch: 75, Validation loss: 4.272364
INFO:root:Epoch: 76, Train loss: 1.6473092
INFO:root:Epoch: 76, Validation loss: 3.2774775
INFO:root:Epoch: 77, Train loss: 1.6393114
INFO:root:Epoch: 77, Validation loss: 3.3936157
INFO:root:Epoch: 78, Train loss: 1.6353683
INFO:root:Epoch: 78, Validation loss: 5.728236
INFO:root:Epoch: 79, Train loss: 1.6329961
INFO:root:Epoch: 79, Validation loss: 6.2255197
INFO:root:Epoch: 80, Train loss: 1.6281871
INFO:root:Epoch: 80, Validation loss: 4.809047
INFO:root:Epoch: 81, Train loss: 1.6382141
INFO:root:Epoch: 81, Validation loss: 3.5246503
INFO:root:Epoch: 82, Train loss: 1.6395371
INFO:root:Epoch: 82, Validation loss: 5.6360736
INFO:root:Epoch: 83, Train loss: 1.6394386
INFO:root:Epoch: 83, Validation loss: 5.4003234
INFO:root:Epoch: 84, Train loss: 1.6281368
INFO:root:Epoch: 84, Validation loss: 2.9589014
INFO:root:Epoch: 85, Train loss: 1.6217784
INFO:root:Epoch: 85, Validation loss: 6.3857393
INFO:root:Epoch: 86, Train loss: 1.6280317
INFO:root:Epoch: 86, Validation loss: 2.304178
INFO:root:Epoch: 87, Train loss: 1.611706
INFO:root:Epoch: 87, Validation loss: 3.9663725
INFO:root:Epoch: 88, Train loss: 1.6224442
INFO:root:Epoch: 88, Validation loss: 8.995036
INFO:root:Epoch: 89, Train loss: 1.6218021
INFO:root:Epoch: 89, Validation loss: 13.776712
INFO:root:Epoch: 90, Train loss: 1.619687
INFO:root:Epoch: 90, Validation loss: 3.1856096
INFO:root:Epoch: 91, Train loss: 1.6153634
INFO:root:Epoch: 91, Validation loss: 4.1015964
INFO:root:Epoch: 92, Train loss: 1.5970783
INFO:root:Epoch: 92, Validation loss: 3.9001453
INFO:root:Epoch: 93, Train loss: 1.6075689
INFO:root:Epoch: 93, Validation loss: 8.413159
INFO:root:Epoch: 94, Train loss: 1.6066775
INFO:root:Epoch: 94, Validation loss: 9.085966
INFO:root:Epoch: 95, Train loss: 1.6119248
INFO:root:Epoch: 95, Validation loss: 3.5412784
INFO:root:Epoch: 96, Train loss: 1.6014501
INFO:root:Epoch: 96, Validation loss: 8.753684
INFO:root:Epoch: 97, Train loss: 1.6002054
INFO:root:Epoch: 97, Validation loss: 5.1169662
INFO:root:Epoch: 98, Train loss: 1.6002717
INFO:root:Epoch: 98, Validation loss: 2.8553839
INFO:root:Epoch: 99, Train loss: 1.6064457
INFO:root:Epoch: 99, Validation loss: 2.5341666
INFO:root:Training from ep 0 to ep 100 finished
INFO:root:Best epoch: 28
