INFO:root:Started
INFO:root:Epoch: 0, Train loss: 19.967625
INFO:root:Epoch: 0, Validation loss: 5.5997925
INFO:root:Epoch: 1, Train loss: 6.334917
INFO:root:Epoch: 1, Validation loss: 4.2052174
INFO:root:Epoch: 2, Train loss: 3.235778
INFO:root:Epoch: 2, Validation loss: 2.525506
INFO:root:Epoch: 3, Train loss: 1.949587
INFO:root:Epoch: 3, Validation loss: 1.553703
INFO:root:Epoch: 4, Train loss: 1.1833814
INFO:root:Epoch: 4, Validation loss: 0.9553377
INFO:root:Epoch: 5, Train loss: 0.7921905
INFO:root:Epoch: 5, Validation loss: 0.63170624
INFO:root:Epoch: 6, Train loss: 0.5532816
INFO:root:Epoch: 6, Validation loss: 0.46171704
INFO:root:Epoch: 7, Train loss: 0.4192793
INFO:root:Epoch: 7, Validation loss: 0.3628678
INFO:root:Epoch: 8, Train loss: 0.33656275
INFO:root:Epoch: 8, Validation loss: 0.29268754
INFO:root:Epoch: 9, Train loss: 0.27900288
INFO:root:Epoch: 9, Validation loss: 0.23534326
INFO:root:Epoch: 10, Train loss: 0.23358479
INFO:root:Epoch: 10, Validation loss: 0.19332683
INFO:root:Epoch: 11, Train loss: 0.19507119
INFO:root:Epoch: 11, Validation loss: 0.1895248
INFO:root:Epoch: 12, Train loss: 0.17519517
INFO:root:Epoch: 12, Validation loss: 0.15912667
INFO:root:Epoch: 13, Train loss: 0.1510065
INFO:root:Epoch: 13, Validation loss: 0.13964273
INFO:root:Epoch: 14, Train loss: 0.13836941
INFO:root:Epoch: 14, Validation loss: 0.12475838
INFO:root:Epoch: 15, Train loss: 0.12198977
INFO:root:Epoch: 15, Validation loss: 0.11903734
INFO:root:Epoch: 16, Train loss: 0.11074346
INFO:root:Epoch: 16, Validation loss: 0.0968854
INFO:root:Epoch: 17, Train loss: 0.10443887
INFO:root:Epoch: 17, Validation loss: 0.0891574
INFO:root:Epoch: 18, Train loss: 0.09177511
INFO:root:Epoch: 18, Validation loss: 0.07713964
INFO:root:Epoch: 19, Train loss: 0.08614636
INFO:root:Epoch: 19, Validation loss: 0.07945582
INFO:root:Epoch: 20, Train loss: 0.08264076
INFO:root:Epoch: 20, Validation loss: 0.076326504
INFO:root:Epoch: 21, Train loss: 0.07519209
INFO:root:Epoch: 21, Validation loss: 0.0697325
INFO:root:Epoch: 22, Train loss: 0.071959615
INFO:root:Epoch: 22, Validation loss: 0.06113208
INFO:root:Epoch: 23, Train loss: 0.06644211
INFO:root:Epoch: 23, Validation loss: 0.060647108
INFO:root:Epoch: 24, Train loss: 0.05798815
INFO:root:Epoch: 24, Validation loss: 0.055753376
INFO:root:Epoch: 25, Train loss: 0.05765512
INFO:root:Epoch: 25, Validation loss: 0.055762365
INFO:root:Epoch: 26, Train loss: 0.054716203
INFO:root:Epoch: 26, Validation loss: 0.05121374
INFO:root:Epoch: 27, Train loss: 0.04884602
INFO:root:Epoch: 27, Validation loss: 0.05206929
INFO:root:Epoch: 28, Train loss: 0.04870519
INFO:root:Epoch: 28, Validation loss: 0.039925724
INFO:root:Epoch: 29, Train loss: 0.04472026
INFO:root:Epoch: 29, Validation loss: 0.039550908
INFO:root:Epoch: 30, Train loss: 0.041857176
INFO:root:Epoch: 30, Validation loss: 0.041893758
INFO:root:Epoch: 31, Train loss: 0.040592976
INFO:root:Epoch: 31, Validation loss: 0.0427608
INFO:root:Epoch: 32, Train loss: 0.03777689
INFO:root:Epoch: 32, Validation loss: 0.032187663
INFO:root:Epoch: 33, Train loss: 0.036955312
INFO:root:Epoch: 33, Validation loss: 0.031924628
INFO:root:Epoch: 34, Train loss: 0.03378385
INFO:root:Epoch: 34, Validation loss: 0.029185606
INFO:root:Epoch: 35, Train loss: 0.034918156
INFO:root:Epoch: 35, Validation loss: 0.038033105
INFO:root:Epoch: 36, Train loss: 0.03163858
INFO:root:Epoch: 36, Validation loss: 0.025927484
INFO:root:Epoch: 37, Train loss: 0.03167308
INFO:root:Epoch: 37, Validation loss: 0.026904691
INFO:root:Epoch: 38, Train loss: 0.028235348
INFO:root:Epoch: 38, Validation loss: 0.026371095
INFO:root:Epoch: 39, Train loss: 0.027111266
INFO:root:Epoch: 39, Validation loss: 0.028923102
INFO:root:Epoch: 40, Train loss: 0.024221512
INFO:root:Epoch: 40, Validation loss: 0.032252725
INFO:root:Epoch: 41, Train loss: 0.024917511
INFO:root:Epoch: 41, Validation loss: 0.026894348
INFO:root:Epoch: 42, Train loss: 0.024665574
INFO:root:Epoch: 42, Validation loss: 0.027015824
INFO:root:Epoch: 43, Train loss: 0.023070818
INFO:root:Epoch: 43, Validation loss: 0.02784263
INFO:root:Epoch: 44, Train loss: 0.02234687
INFO:root:Epoch: 44, Validation loss: 0.016665505
INFO:root:Epoch: 45, Train loss: 0.020624576
INFO:root:Epoch: 45, Validation loss: 0.023855358
INFO:root:Epoch: 46, Train loss: 0.021336785
INFO:root:Epoch: 46, Validation loss: 0.023362417
INFO:root:Epoch: 47, Train loss: 0.019307055
INFO:root:Epoch: 47, Validation loss: 0.023270551
INFO:root:Epoch: 48, Train loss: 0.019584034
INFO:root:Epoch: 48, Validation loss: 0.017735869
INFO:root:Epoch: 49, Train loss: 0.017328296
INFO:root:Epoch: 49, Validation loss: 0.01856857
INFO:root:Epoch: 50, Train loss: 0.01774348
INFO:root:Epoch: 50, Validation loss: 0.015878074
INFO:root:Epoch: 51, Train loss: 0.017068796
INFO:root:Epoch: 51, Validation loss: 0.0147088785
INFO:root:Epoch: 52, Train loss: 0.01787718
INFO:root:Epoch: 52, Validation loss: 0.01629664
INFO:root:Epoch: 53, Train loss: 0.01647737
INFO:root:Epoch: 53, Validation loss: 0.01877128
INFO:root:Epoch: 54, Train loss: 0.016783727
INFO:root:Epoch: 54, Validation loss: 0.014273005
INFO:root:Epoch: 55, Train loss: 0.014202558
INFO:root:Epoch: 55, Validation loss: 0.014464176
INFO:root:Epoch: 56, Train loss: 0.013950206
INFO:root:Epoch: 56, Validation loss: 0.01068057
INFO:root:Epoch: 57, Train loss: 0.014464289
INFO:root:Epoch: 57, Validation loss: 0.014664862
INFO:root:Epoch: 58, Train loss: 0.013337191
INFO:root:Epoch: 58, Validation loss: 0.016925557
INFO:root:Epoch: 59, Train loss: 0.012316385
INFO:root:Epoch: 59, Validation loss: 0.012500973
INFO:root:Epoch: 60, Train loss: 0.013248609
INFO:root:Epoch: 60, Validation loss: 0.012410365
INFO:root:Epoch: 61, Train loss: 0.011712286
INFO:root:Epoch: 61, Validation loss: 0.013227133
INFO:root:Epoch: 62, Train loss: 0.013488737
INFO:root:Epoch: 62, Validation loss: 0.009392706
INFO:root:Epoch: 63, Train loss: 0.01252089
INFO:root:Epoch: 63, Validation loss: 0.010317789
INFO:root:Epoch: 64, Train loss: 0.011241421
INFO:root:Epoch: 64, Validation loss: 0.0108780805
INFO:root:Epoch: 65, Train loss: 0.010687363
INFO:root:Epoch: 65, Validation loss: 0.010177603
INFO:root:Epoch: 66, Train loss: 0.010852311
INFO:root:Epoch: 66, Validation loss: 0.0070645
INFO:root:Epoch: 67, Train loss: 0.010101021
INFO:root:Epoch: 67, Validation loss: 0.0074815536
INFO:root:Epoch: 68, Train loss: 0.010460834
INFO:root:Epoch: 68, Validation loss: 0.009781218
INFO:root:Epoch: 69, Train loss: 0.01006527
INFO:root:Epoch: 69, Validation loss: 0.008930199
INFO:root:Epoch: 70, Train loss: 0.00968
INFO:root:Epoch: 70, Validation loss: 0.008116148
INFO:root:Epoch: 71, Train loss: 0.009051473
INFO:root:Epoch: 71, Validation loss: 0.010926766
INFO:root:Epoch: 72, Train loss: 0.00940787
INFO:root:Epoch: 72, Validation loss: 0.01066082
INFO:root:Epoch: 73, Train loss: 0.009037685
INFO:root:Epoch: 73, Validation loss: 0.008437118
INFO:root:Epoch: 74, Train loss: 0.008227654
INFO:root:Epoch: 74, Validation loss: 0.008811345
INFO:root:Epoch: 75, Train loss: 0.008623813
INFO:root:Epoch: 75, Validation loss: 0.009341208
INFO:root:Epoch: 76, Train loss: 0.0076543996
INFO:root:Epoch: 76, Validation loss: 0.010235518
INFO:root:Epoch: 77, Train loss: 0.00791337
INFO:root:Epoch: 77, Validation loss: 0.006697315
INFO:root:Epoch: 78, Train loss: 0.008032628
INFO:root:Epoch: 78, Validation loss: 0.00963599
INFO:root:Epoch: 79, Train loss: 0.008140592
INFO:root:Epoch: 79, Validation loss: 0.008431876
INFO:root:Epoch: 80, Train loss: 0.0073803863
INFO:root:Epoch: 80, Validation loss: 0.011612738
INFO:root:Epoch: 81, Train loss: 0.006932398
INFO:root:Epoch: 81, Validation loss: 0.0076593393
INFO:root:Epoch: 82, Train loss: 0.007140702
INFO:root:Epoch: 82, Validation loss: 0.0057720356
INFO:root:Epoch: 83, Train loss: 0.0070174425
INFO:root:Epoch: 83, Validation loss: 0.0061208624
INFO:root:Epoch: 84, Train loss: 0.0074302237
INFO:root:Epoch: 84, Validation loss: 0.006818714
INFO:root:Epoch: 85, Train loss: 0.007508865
INFO:root:Epoch: 85, Validation loss: 0.004629217
INFO:root:Epoch: 86, Train loss: 0.0063885357
INFO:root:Epoch: 86, Validation loss: 0.0069320407
INFO:root:Epoch: 87, Train loss: 0.00594134
INFO:root:Epoch: 87, Validation loss: 0.0038260515
INFO:root:Epoch: 88, Train loss: 0.006041896
INFO:root:Epoch: 88, Validation loss: 0.0036428154
INFO:root:Epoch: 89, Train loss: 0.006379552
INFO:root:Epoch: 89, Validation loss: 0.0058262944
INFO:root:Epoch: 90, Train loss: 0.005599448
INFO:root:Epoch: 90, Validation loss: 0.0037967358
INFO:root:Epoch: 91, Train loss: 0.005856671
INFO:root:Epoch: 91, Validation loss: 0.0066822716
INFO:root:Epoch: 92, Train loss: 0.005783577
INFO:root:Epoch: 92, Validation loss: 0.0051343413
INFO:root:Epoch: 93, Train loss: 0.0050011436
INFO:root:Epoch: 93, Validation loss: 0.007602429
INFO:root:Epoch: 94, Train loss: 0.0049544927
INFO:root:Epoch: 94, Validation loss: 0.0040704347
INFO:root:Epoch: 95, Train loss: 0.0059000286
INFO:root:Epoch: 95, Validation loss: 0.0048772288
INFO:root:Epoch: 96, Train loss: 0.004674159
INFO:root:Epoch: 96, Validation loss: 0.004101824
INFO:root:Epoch: 97, Train loss: 0.005198804
INFO:root:Epoch: 97, Validation loss: 0.0035252199
INFO:root:Epoch: 98, Train loss: 0.0046449304
INFO:root:Epoch: 98, Validation loss: 0.0072943973
INFO:root:Epoch: 99, Train loss: 0.00486782
INFO:root:Epoch: 99, Validation loss: 0.0047788722
INFO:root:Training from ep 0 to ep 100 finished
INFO:root:Best epoch: 98
