INFO:root:Started
INFO:root:Epoch: 0, Train loss: 3.7756917, Train Acc: 0.0479798
INFO:root:Epoch: 0, Validation loss: 3.6624792, Validation Acc: 0.067708336
INFO:root:Epoch: 1, Train loss: 3.541444, Train Acc: 0.089646466
INFO:root:Epoch: 1, Validation loss: 3.5682986, Validation Acc: 0.078125
INFO:root:Epoch: 2, Train loss: 3.4277606, Train Acc: 0.109848484
INFO:root:Epoch: 2, Validation loss: 3.488932, Validation Acc: 0.122395836
INFO:root:Epoch: 3, Train loss: 3.2797916, Train Acc: 0.14583333
INFO:root:Epoch: 3, Validation loss: 3.5593615, Validation Acc: 0.078125
INFO:root:Epoch: 4, Train loss: 3.1989632, Train Acc: 0.16982323
INFO:root:Epoch: 4, Validation loss: 3.6668918, Validation Acc: 0.0859375
INFO:root:Epoch: 5, Train loss: 3.0939796, Train Acc: 0.17960858
INFO:root:Epoch: 5, Validation loss: 3.6960573, Validation Acc: 0.109375
INFO:root:Epoch: 6, Train loss: 3.0265648, Train Acc: 0.19633839
INFO:root:Epoch: 6, Validation loss: 3.5732925, Validation Acc: 0.106770836
INFO:root:Epoch: 7, Train loss: 2.916059, Train Acc: 0.22979797
INFO:root:Epoch: 7, Validation loss: 3.427311, Validation Acc: 0.14583333
INFO:root:Epoch: 8, Train loss: 2.8160493, Train Acc: 0.25252524
INFO:root:Epoch: 8, Validation loss: 3.4690113, Validation Acc: 0.13541667
INFO:root:Epoch: 9, Train loss: 2.7443223, Train Acc: 0.2651515
INFO:root:Epoch: 9, Validation loss: 3.3538342, Validation Acc: 0.14322917
INFO:root:Epoch: 10, Train loss: 2.6563618, Train Acc: 0.2885101
INFO:root:Epoch: 10, Validation loss: 3.4189065, Validation Acc: 0.15885417
INFO:root:Epoch: 11, Train loss: 2.5624423, Train Acc: 0.31439394
INFO:root:Epoch: 11, Validation loss: 3.3679354, Validation Acc: 0.15625
INFO:root:Epoch: 12, Train loss: 2.5107722, Train Acc: 0.32323232
INFO:root:Epoch: 12, Validation loss: 3.3478203, Validation Acc: 0.14583333
INFO:root:Epoch: 13, Train loss: 2.4375944, Train Acc: 0.3494318
INFO:root:Epoch: 13, Validation loss: 3.3880947, Validation Acc: 0.13541667
INFO:root:Epoch: 14, Train loss: 2.3173714, Train Acc: 0.38036618
INFO:root:Epoch: 14, Validation loss: 3.3807688, Validation Acc: 0.14322917
INFO:root:Epoch: 15, Train loss: 2.260665, Train Acc: 0.38510102
INFO:root:Epoch: 15, Validation loss: 3.35719, Validation Acc: 0.19270833
INFO:root:Epoch: 16, Train loss: 2.1344633, Train Acc: 0.42171717
INFO:root:Epoch: 16, Validation loss: 3.4879982, Validation Acc: 0.15364583
INFO:root:Epoch: 17, Train loss: 2.1288915, Train Acc: 0.41950756
INFO:root:Epoch: 17, Validation loss: 3.2798097, Validation Acc: 0.171875
INFO:root:Epoch: 18, Train loss: 2.036257, Train Acc: 0.45296717
INFO:root:Epoch: 18, Validation loss: 3.2941744, Validation Acc: 0.20572917
INFO:root:Epoch: 19, Train loss: 1.9234498, Train Acc: 0.47569445
INFO:root:Epoch: 19, Validation loss: 3.6044242, Validation Acc: 0.1875
INFO:root:Epoch: 20, Train loss: 1.8847849, Train Acc: 0.48232323
INFO:root:Epoch: 20, Validation loss: 3.4697635, Validation Acc: 0.15625
INFO:root:Epoch: 21, Train loss: 1.8552221, Train Acc: 0.49147728
INFO:root:Epoch: 21, Validation loss: 3.4122355, Validation Acc: 0.15364583
INFO:root:Epoch: 22, Train loss: 1.7738692, Train Acc: 0.5078914
INFO:root:Epoch: 22, Validation loss: 3.4266577, Validation Acc: 0.17447917
INFO:root:Epoch: 23, Train loss: 1.7223674, Train Acc: 0.52051765
INFO:root:Epoch: 23, Validation loss: 3.4319801, Validation Acc: 0.19010417
INFO:root:Epoch: 24, Train loss: 1.6972574, Train Acc: 0.5325126
INFO:root:Epoch: 24, Validation loss: 3.2515953, Validation Acc: 0.21354167
INFO:root:Epoch: 25, Train loss: 1.6525893, Train Acc: 0.54766417
INFO:root:Epoch: 25, Validation loss: 3.4747372, Validation Acc: 0.1796875
INFO:root:Epoch: 26, Train loss: 1.4937832, Train Acc: 0.58617425
INFO:root:Epoch: 26, Validation loss: 3.5714731, Validation Acc: 0.19791667
INFO:root:Epoch: 27, Train loss: 1.5129222, Train Acc: 0.5868056
INFO:root:Epoch: 27, Validation loss: 3.5802858, Validation Acc: 0.1953125
INFO:root:Epoch: 28, Train loss: 1.4390862, Train Acc: 0.5880682
INFO:root:Epoch: 28, Validation loss: 3.3782427, Validation Acc: 0.19791667
INFO:root:Epoch: 29, Train loss: 1.4031079, Train Acc: 0.5950126
INFO:root:Epoch: 29, Validation loss: 3.7808487, Validation Acc: 0.1875
INFO:root:Training from ep 0 to ep 30 finished
INFO:root:Best epoch: 25
INFO:root:Started
INFO:root:Epoch: 0, Train loss: 3.753835, Train Acc: 0.057449494
INFO:root:Epoch: 0, Validation loss: 3.6568644, Validation Acc: 0.0859375
INFO:root:Epoch: 1, Train loss: 3.5055282, Train Acc: 0.0959596
INFO:root:Epoch: 1, Validation loss: 3.552044, Validation Acc: 0.088541664
INFO:root:Epoch: 2, Train loss: 3.3537123, Train Acc: 0.13320707
INFO:root:Epoch: 2, Validation loss: 3.5347118, Validation Acc: 0.119791664
INFO:root:Epoch: 3, Train loss: 3.219556, Train Acc: 0.15845959
INFO:root:Epoch: 3, Validation loss: 3.5805638, Validation Acc: 0.083333336
INFO:root:Epoch: 4, Train loss: 3.1007578, Train Acc: 0.18150252
INFO:root:Epoch: 4, Validation loss: 3.6030095, Validation Acc: 0.106770836
INFO:root:Epoch: 5, Train loss: 3.0058045, Train Acc: 0.19160354
INFO:root:Epoch: 5, Validation loss: 3.9194384, Validation Acc: 0.0703125
INFO:root:Epoch: 6, Train loss: 2.9467397, Train Acc: 0.21685606
INFO:root:Epoch: 6, Validation loss: 3.617756, Validation Acc: 0.119791664
INFO:root:Epoch: 7, Train loss: 2.811815, Train Acc: 0.2594697
INFO:root:Epoch: 7, Validation loss: 3.4021342, Validation Acc: 0.1328125
INFO:root:Epoch: 8, Train loss: 2.727621, Train Acc: 0.27998737
INFO:root:Epoch: 8, Validation loss: 3.519066, Validation Acc: 0.13541667
INFO:root:Epoch: 9, Train loss: 2.6196666, Train Acc: 0.30176768
INFO:root:Epoch: 9, Validation loss: 3.3122263, Validation Acc: 0.1328125
INFO:root:Epoch: 10, Train loss: 2.539919, Train Acc: 0.3118687
INFO:root:Epoch: 10, Validation loss: 3.6106749, Validation Acc: 0.1171875
INFO:root:Epoch: 11, Train loss: 2.4376106, Train Acc: 0.33049244
INFO:root:Epoch: 11, Validation loss: 3.3783693, Validation Acc: 0.15104167
INFO:root:Epoch: 12, Train loss: 2.3924274, Train Acc: 0.35669193
INFO:root:Epoch: 12, Validation loss: 3.4118862, Validation Acc: 0.12760417
INFO:root:Epoch: 13, Train loss: 2.321219, Train Acc: 0.38099748
INFO:root:Epoch: 13, Validation loss: 3.3606975, Validation Acc: 0.16145833
INFO:root:Epoch: 14, Train loss: 2.2008834, Train Acc: 0.4034091
INFO:root:Epoch: 14, Validation loss: 3.3062744, Validation Acc: 0.16666667
INFO:root:Epoch: 15, Train loss: 2.1525245, Train Acc: 0.41540405
INFO:root:Epoch: 15, Validation loss: 3.4738052, Validation Acc: 0.15104167
INFO:root:Epoch: 16, Train loss: 2.0322464, Train Acc: 0.44065657
INFO:root:Epoch: 16, Validation loss: 3.5119503, Validation Acc: 0.16666667
INFO:root:Epoch: 17, Train loss: 1.9973202, Train Acc: 0.46243685
INFO:root:Epoch: 17, Validation loss: 3.4608157, Validation Acc: 0.13541667
INFO:root:Epoch: 18, Train loss: 1.9154642, Train Acc: 0.47853535
INFO:root:Epoch: 18, Validation loss: 3.3541667, Validation Acc: 0.16927083
INFO:root:Epoch: 19, Train loss: 1.8190792, Train Acc: 0.50315654
INFO:root:Epoch: 19, Validation loss: 3.5961215, Validation Acc: 0.18489583
INFO:root:Epoch: 20, Train loss: 1.7707832, Train Acc: 0.5116793
INFO:root:Epoch: 20, Validation loss: 3.6036167, Validation Acc: 0.1484375
INFO:root:Epoch: 21, Train loss: 1.733835, Train Acc: 0.52493685
INFO:root:Epoch: 21, Validation loss: 3.7760956, Validation Acc: 0.15364583
INFO:root:Epoch: 22, Train loss: 1.6422452, Train Acc: 0.53756315
INFO:root:Epoch: 22, Validation loss: 3.5096443, Validation Acc: 0.203125
INFO:root:Epoch: 23, Train loss: 1.584185, Train Acc: 0.5640783
INFO:root:Epoch: 23, Validation loss: 3.5672262, Validation Acc: 0.140625
INFO:root:Epoch: 24, Train loss: 1.5508833, Train Acc: 0.5697601
INFO:root:Epoch: 24, Validation loss: 3.4519331, Validation Acc: 0.20572917
INFO:root:Epoch: 25, Train loss: 1.5054778, Train Acc: 0.57575756
INFO:root:Epoch: 25, Validation loss: 3.5251215, Validation Acc: 0.16927083
INFO:root:Epoch: 26, Train loss: 1.37102, Train Acc: 0.6177399
INFO:root:Epoch: 26, Validation loss: 3.7343428, Validation Acc: 0.19270833
INFO:root:Epoch: 27, Train loss: 1.3808051, Train Acc: 0.6120581
INFO:root:Epoch: 27, Validation loss: 4.0104523, Validation Acc: 0.13541667
INFO:root:Epoch: 28, Train loss: 1.3059888, Train Acc: 0.62089646
INFO:root:Epoch: 28, Validation loss: 3.6459587, Validation Acc: 0.17447917
INFO:root:Epoch: 29, Train loss: 1.2822449, Train Acc: 0.63478535
INFO:root:Epoch: 29, Validation loss: 3.8886662, Validation Acc: 0.17447917
INFO:root:Training from ep 0 to ep 30 finished
INFO:root:Best epoch: 25
