INFO:root:Started
INFO:root:Epoch: 0, Train loss: 13.14193
INFO:root:Epoch: 0, Validation loss: 9.529322
INFO:root:Epoch: 1, Train loss: 8.296301
INFO:root:Epoch: 1, Validation loss: 7.5964212
INFO:root:Epoch: 2, Train loss: 7.1815543
INFO:root:Epoch: 2, Validation loss: 6.870057
INFO:root:Epoch: 3, Train loss: 6.5567856
INFO:root:Epoch: 3, Validation loss: 6.2987757
INFO:root:Epoch: 4, Train loss: 6.169024
INFO:root:Epoch: 4, Validation loss: 6.0508
INFO:root:Epoch: 5, Train loss: 5.9426775
INFO:root:Epoch: 5, Validation loss: 5.743753
INFO:root:Epoch: 6, Train loss: 5.7658544
INFO:root:Epoch: 6, Validation loss: 5.750497
INFO:root:Epoch: 7, Train loss: 5.6330934
INFO:root:Epoch: 7, Validation loss: 5.612296
INFO:root:Epoch: 8, Train loss: 5.56278
INFO:root:Epoch: 8, Validation loss: 5.490923
INFO:root:Epoch: 9, Train loss: 5.448419
INFO:root:Epoch: 9, Validation loss: 5.36717
INFO:root:Epoch: 10, Train loss: 5.3299947
INFO:root:Epoch: 10, Validation loss: 5.3102245
INFO:root:Epoch: 11, Train loss: 5.2306223
INFO:root:Epoch: 11, Validation loss: 5.172203
INFO:root:Epoch: 12, Train loss: 5.092751
INFO:root:Epoch: 12, Validation loss: 5.0323997
INFO:root:Epoch: 13, Train loss: 5.037544
INFO:root:Epoch: 13, Validation loss: 5.0999093
INFO:root:Epoch: 14, Train loss: 5.015817
INFO:root:Epoch: 14, Validation loss: 5.092599
INFO:root:Epoch: 15, Train loss: 4.9720306
INFO:root:Epoch: 15, Validation loss: 5.102057
INFO:root:Epoch: 16, Train loss: 4.9527874
INFO:root:Epoch: 16, Validation loss: 5.0119343
INFO:root:Epoch: 17, Train loss: 4.948459
INFO:root:Epoch: 17, Validation loss: 4.9936695
INFO:root:Epoch: 18, Train loss: 4.8701043
INFO:root:Epoch: 18, Validation loss: 4.9154816
INFO:root:Epoch: 19, Train loss: 4.7928014
INFO:root:Epoch: 19, Validation loss: 4.8134513
INFO:root:Epoch: 20, Train loss: 4.7790065
INFO:root:Epoch: 20, Validation loss: 4.8293924
INFO:root:Epoch: 21, Train loss: 4.792232
INFO:root:Epoch: 21, Validation loss: 4.8453717
INFO:root:Epoch: 22, Train loss: 4.7410827
INFO:root:Epoch: 22, Validation loss: 4.8102026
INFO:root:Epoch: 23, Train loss: 4.735476
INFO:root:Epoch: 23, Validation loss: 4.78817
INFO:root:Epoch: 24, Train loss: 4.734167
INFO:root:Epoch: 24, Validation loss: 4.8019304
INFO:root:Epoch: 25, Train loss: 4.7035985
INFO:root:Epoch: 25, Validation loss: 4.700544
INFO:root:Epoch: 26, Train loss: 4.658391
INFO:root:Epoch: 26, Validation loss: 4.7625875
INFO:root:Epoch: 27, Train loss: 4.6622305
INFO:root:Epoch: 27, Validation loss: 4.7717514
INFO:root:Epoch: 28, Train loss: 4.6654444
INFO:root:Epoch: 28, Validation loss: 4.7404675
INFO:root:Epoch: 29, Train loss: 4.6235914
INFO:root:Epoch: 29, Validation loss: 4.648907
INFO:root:Epoch: 30, Train loss: 4.6243267
INFO:root:Epoch: 30, Validation loss: 4.700716
INFO:root:Epoch: 31, Train loss: 4.5989866
INFO:root:Epoch: 31, Validation loss: 4.800066
INFO:root:Epoch: 32, Train loss: 4.607949
INFO:root:Epoch: 32, Validation loss: 4.660284
INFO:root:Epoch: 33, Train loss: 4.5913973
INFO:root:Epoch: 33, Validation loss: 4.5900435
INFO:root:Epoch: 34, Train loss: 4.5734453
INFO:root:Epoch: 34, Validation loss: 4.73436
INFO:root:Epoch: 35, Train loss: 4.5192904
INFO:root:Epoch: 35, Validation loss: 4.6473913
INFO:root:Epoch: 36, Train loss: 4.5379777
INFO:root:Epoch: 36, Validation loss: 4.6269736
INFO:root:Epoch: 37, Train loss: 4.532978
INFO:root:Epoch: 37, Validation loss: 4.602122
INFO:root:Epoch: 38, Train loss: 4.5411415
INFO:root:Epoch: 38, Validation loss: 4.587186
INFO:root:Epoch: 39, Train loss: 4.519843
INFO:root:Epoch: 39, Validation loss: 4.5709257
INFO:root:Epoch: 40, Train loss: 4.525529
INFO:root:Epoch: 40, Validation loss: 4.6152525
INFO:root:Epoch: 41, Train loss: 4.5109196
INFO:root:Epoch: 41, Validation loss: 4.6210966
INFO:root:Epoch: 42, Train loss: 4.4971642
INFO:root:Epoch: 42, Validation loss: 4.6304297
INFO:root:Epoch: 43, Train loss: 4.485413
INFO:root:Epoch: 43, Validation loss: 4.5511613
INFO:root:Epoch: 44, Train loss: 4.4879
INFO:root:Epoch: 44, Validation loss: 4.610502
INFO:root:Epoch: 45, Train loss: 4.467507
INFO:root:Epoch: 45, Validation loss: 4.550513
INFO:root:Epoch: 46, Train loss: 4.488299
INFO:root:Epoch: 46, Validation loss: 4.5249944
INFO:root:Epoch: 47, Train loss: 4.4562683
INFO:root:Epoch: 47, Validation loss: 4.5817475
INFO:root:Epoch: 48, Train loss: 4.4568524
INFO:root:Epoch: 48, Validation loss: 4.5243835
INFO:root:Epoch: 49, Train loss: 4.452966
INFO:root:Epoch: 49, Validation loss: 4.595492
INFO:root:Epoch: 50, Train loss: 4.430175
INFO:root:Epoch: 50, Validation loss: 4.6094074
INFO:root:Epoch: 51, Train loss: 4.439252
INFO:root:Epoch: 51, Validation loss: 4.5537963
INFO:root:Epoch: 52, Train loss: 4.4342127
INFO:root:Epoch: 52, Validation loss: 4.4914393
INFO:root:Epoch: 53, Train loss: 4.427052
INFO:root:Epoch: 53, Validation loss: 4.4875937
INFO:root:Epoch: 54, Train loss: 4.423702
INFO:root:Epoch: 54, Validation loss: 4.51834
INFO:root:Epoch: 55, Train loss: 4.4167542
INFO:root:Epoch: 55, Validation loss: 4.5664306
INFO:root:Epoch: 56, Train loss: 4.425105
INFO:root:Epoch: 56, Validation loss: 4.4807405
INFO:root:Epoch: 57, Train loss: 4.415216
INFO:root:Epoch: 57, Validation loss: 4.503752
INFO:root:Epoch: 58, Train loss: 4.3877993
INFO:root:Epoch: 58, Validation loss: 4.4671044
INFO:root:Epoch: 59, Train loss: 4.3962703
INFO:root:Epoch: 59, Validation loss: 4.478185
INFO:root:Epoch: 60, Train loss: 4.3746843
INFO:root:Epoch: 60, Validation loss: 4.49135
INFO:root:Epoch: 61, Train loss: 4.3740263
INFO:root:Epoch: 61, Validation loss: 4.46256
INFO:root:Epoch: 62, Train loss: 4.356858
INFO:root:Epoch: 62, Validation loss: 4.516629
INFO:root:Epoch: 63, Train loss: 4.3518696
INFO:root:Epoch: 63, Validation loss: 4.446586
INFO:root:Epoch: 64, Train loss: 4.3468738
INFO:root:Epoch: 64, Validation loss: 4.4414883
INFO:root:Epoch: 65, Train loss: 4.338666
INFO:root:Epoch: 65, Validation loss: 4.5379004
INFO:root:Epoch: 66, Train loss: 4.3151026
INFO:root:Epoch: 66, Validation loss: 4.469614
INFO:root:Epoch: 67, Train loss: 4.319973
INFO:root:Epoch: 67, Validation loss: 4.497421
INFO:root:Epoch: 68, Train loss: 4.3109746
INFO:root:Epoch: 68, Validation loss: 4.3953724
INFO:root:Epoch: 69, Train loss: 4.297211
INFO:root:Epoch: 69, Validation loss: 4.3985915
INFO:root:Epoch: 70, Train loss: 4.2837934
INFO:root:Epoch: 70, Validation loss: 4.443298
INFO:root:Epoch: 71, Train loss: 4.260326
INFO:root:Epoch: 71, Validation loss: 4.41066
INFO:root:Epoch: 72, Train loss: 4.2044697
INFO:root:Epoch: 72, Validation loss: 4.3235674
INFO:root:Epoch: 73, Train loss: 4.2033854
INFO:root:Epoch: 73, Validation loss: 4.3338323
INFO:root:Epoch: 74, Train loss: 4.198026
INFO:root:Epoch: 74, Validation loss: 4.312662
INFO:root:Epoch: 75, Train loss: 4.1596766
INFO:root:Epoch: 75, Validation loss: 4.3255033
INFO:root:Epoch: 76, Train loss: 4.192844
INFO:root:Epoch: 76, Validation loss: 4.3305984
INFO:root:Epoch: 77, Train loss: 4.1771994
INFO:root:Epoch: 77, Validation loss: 4.335122
INFO:root:Epoch: 78, Train loss: 4.16098
INFO:root:Epoch: 78, Validation loss: 4.296555
INFO:root:Epoch: 79, Train loss: 4.1313295
INFO:root:Epoch: 79, Validation loss: 4.2453904
INFO:root:Epoch: 80, Train loss: 4.148341
INFO:root:Epoch: 80, Validation loss: 4.3767633
INFO:root:Epoch: 81, Train loss: 4.1507955
INFO:root:Epoch: 81, Validation loss: 4.3272696
INFO:root:Epoch: 82, Train loss: 4.1229706
INFO:root:Epoch: 82, Validation loss: 4.266421
INFO:root:Epoch: 83, Train loss: 4.0930505
INFO:root:Epoch: 83, Validation loss: 4.1888113
INFO:root:Epoch: 84, Train loss: 4.064178
INFO:root:Epoch: 84, Validation loss: 4.299231
INFO:root:Epoch: 85, Train loss: 4.043835
INFO:root:Epoch: 85, Validation loss: 4.233895
INFO:root:Epoch: 86, Train loss: 4.0446157
INFO:root:Epoch: 86, Validation loss: 4.191026
INFO:root:Epoch: 87, Train loss: 4.0417786
INFO:root:Epoch: 87, Validation loss: 4.288141
INFO:root:Epoch: 88, Train loss: 4.038948
INFO:root:Epoch: 88, Validation loss: 4.1975894
INFO:root:Epoch: 89, Train loss: 4.0499206
INFO:root:Epoch: 89, Validation loss: 4.1455894
INFO:root:Epoch: 90, Train loss: 4.0275855
INFO:root:Epoch: 90, Validation loss: 4.160898
INFO:root:Epoch: 91, Train loss: 4.009878
INFO:root:Epoch: 91, Validation loss: 4.2295184
INFO:root:Epoch: 92, Train loss: 4.0038238
INFO:root:Epoch: 92, Validation loss: 4.1626916
INFO:root:Epoch: 93, Train loss: 4.00179
INFO:root:Epoch: 93, Validation loss: 4.244937
INFO:root:Epoch: 94, Train loss: 4.003867
INFO:root:Epoch: 94, Validation loss: 4.1910996
INFO:root:Epoch: 95, Train loss: 3.9952977
INFO:root:Epoch: 95, Validation loss: 4.2558374
INFO:root:Epoch: 96, Train loss: 4.0058613
INFO:root:Epoch: 96, Validation loss: 4.190341
INFO:root:Epoch: 97, Train loss: 3.9905708
INFO:root:Epoch: 97, Validation loss: 4.11088
INFO:root:Epoch: 98, Train loss: 3.993797
INFO:root:Epoch: 98, Validation loss: 4.123514
INFO:root:Epoch: 99, Train loss: 3.9679143
INFO:root:Epoch: 99, Validation loss: 4.2023616
INFO:root:Training from ep 0 to ep 100 finished
INFO:root:Best epoch: 98
