INFO:root:Started
INFO:root:Epoch: 0, Train loss: 0.45216194
INFO:root:Epoch: 0, Validation loss: 0.09014756
INFO:root:Epoch: 1, Train loss: 0.034393817
INFO:root:Epoch: 1, Validation loss: 0.018219324
INFO:root:Epoch: 2, Train loss: 0.013694404
INFO:root:Epoch: 2, Validation loss: 0.011537409
INFO:root:Epoch: 3, Train loss: 0.008730954
INFO:root:Epoch: 3, Validation loss: 0.0070097665
INFO:root:Epoch: 4, Train loss: 0.0066560847
INFO:root:Epoch: 4, Validation loss: 0.00536993
INFO:root:Epoch: 5, Train loss: 0.005093865
INFO:root:Epoch: 5, Validation loss: 0.004159492
INFO:root:Epoch: 6, Train loss: 0.004061061
INFO:root:Epoch: 6, Validation loss: 0.0034075633
INFO:root:Epoch: 7, Train loss: 0.0032349396
INFO:root:Epoch: 7, Validation loss: 0.002687712
INFO:root:Epoch: 8, Train loss: 0.0026904545
INFO:root:Epoch: 8, Validation loss: 0.0020544727
INFO:root:Epoch: 9, Train loss: 0.0025489107
INFO:root:Epoch: 9, Validation loss: 0.001970296
INFO:root:Epoch: 10, Train loss: 0.002260294
INFO:root:Epoch: 10, Validation loss: 0.0018793852
INFO:root:Epoch: 11, Train loss: 0.002009934
INFO:root:Epoch: 11, Validation loss: 0.001313551
INFO:root:Epoch: 12, Train loss: 0.001817489
INFO:root:Epoch: 12, Validation loss: 0.0010383887
INFO:root:Epoch: 13, Train loss: 0.0016562119
INFO:root:Epoch: 13, Validation loss: 0.0014116779
INFO:root:Epoch: 14, Train loss: 0.0015263684
INFO:root:Epoch: 14, Validation loss: 0.0007495499
INFO:root:Epoch: 15, Train loss: 0.0013979973
INFO:root:Epoch: 15, Validation loss: 0.00089446286
INFO:root:Epoch: 16, Train loss: 0.0011628771
INFO:root:Epoch: 16, Validation loss: 0.00071511365
INFO:root:Epoch: 17, Train loss: 0.0011482646
INFO:root:Epoch: 17, Validation loss: 0.00075174874
INFO:root:Epoch: 18, Train loss: 0.001151846
INFO:root:Epoch: 18, Validation loss: 0.0006721075
INFO:root:Epoch: 19, Train loss: 0.0010884287
INFO:root:Epoch: 19, Validation loss: 0.0004846157
INFO:root:Epoch: 20, Train loss: 0.0010184373
INFO:root:Epoch: 20, Validation loss: 0.0005560452
INFO:root:Epoch: 21, Train loss: 0.0009191988
INFO:root:Epoch: 21, Validation loss: 0.00058436807
INFO:root:Epoch: 22, Train loss: 0.0009509951
INFO:root:Epoch: 22, Validation loss: 0.00043015173
INFO:root:Epoch: 23, Train loss: 0.00081992784
INFO:root:Epoch: 23, Validation loss: 0.00042321987
INFO:root:Epoch: 24, Train loss: 0.0007041111
INFO:root:Epoch: 24, Validation loss: 0.0003516423
INFO:root:Epoch: 25, Train loss: 0.00064999197
INFO:root:Epoch: 25, Validation loss: 0.00043896353
INFO:root:Epoch: 26, Train loss: 0.00069449394
INFO:root:Epoch: 26, Validation loss: 0.00038766614
INFO:root:Epoch: 27, Train loss: 0.0006288687
INFO:root:Epoch: 27, Validation loss: 0.0002832605
INFO:root:Epoch: 28, Train loss: 0.00059856684
INFO:root:Epoch: 28, Validation loss: 0.00031912673
INFO:root:Epoch: 29, Train loss: 0.0005008804
INFO:root:Epoch: 29, Validation loss: 0.0002501759
INFO:root:Epoch: 30, Train loss: 0.0006303434
INFO:root:Epoch: 30, Validation loss: 0.0002464382
INFO:root:Epoch: 31, Train loss: 0.0005695972
INFO:root:Epoch: 31, Validation loss: 0.00025343226
INFO:root:Epoch: 32, Train loss: 0.00048629838
INFO:root:Epoch: 32, Validation loss: 0.00027853934
INFO:root:Epoch: 33, Train loss: 0.000492401
INFO:root:Epoch: 33, Validation loss: 0.000304262
INFO:root:Epoch: 34, Train loss: 0.00049855147
INFO:root:Epoch: 34, Validation loss: 0.00018199159
INFO:root:Epoch: 35, Train loss: 0.0004518793
INFO:root:Epoch: 35, Validation loss: 0.00019003947
INFO:root:Epoch: 36, Train loss: 0.00046184962
INFO:root:Epoch: 36, Validation loss: 0.00043401052
INFO:root:Epoch: 37, Train loss: 0.0005123149
INFO:root:Epoch: 37, Validation loss: 0.00021744137
INFO:root:Epoch: 38, Train loss: 0.00048562186
INFO:root:Epoch: 38, Validation loss: 0.00020309658
INFO:root:Epoch: 39, Train loss: 0.00042769822
INFO:root:Epoch: 39, Validation loss: 0.00020815134
INFO:root:Epoch: 40, Train loss: 0.0003981297
INFO:root:Epoch: 40, Validation loss: 0.00019702195
INFO:root:Epoch: 41, Train loss: 0.000407822
INFO:root:Epoch: 41, Validation loss: 0.0001603141
INFO:root:Epoch: 42, Train loss: 0.00035579372
INFO:root:Epoch: 42, Validation loss: 0.00019906207
INFO:root:Epoch: 43, Train loss: 0.00030345703
INFO:root:Epoch: 43, Validation loss: 0.00019059623
INFO:root:Epoch: 44, Train loss: 0.00033833832
INFO:root:Epoch: 44, Validation loss: 0.00018655784
INFO:root:Epoch: 45, Train loss: 0.00030714402
INFO:root:Epoch: 45, Validation loss: 0.00012300201
INFO:root:Epoch: 46, Train loss: 0.00031723257
INFO:root:Epoch: 46, Validation loss: 0.00015966465
INFO:root:Epoch: 47, Train loss: 0.00031856497
INFO:root:Epoch: 47, Validation loss: 0.00014682897
INFO:root:Epoch: 48, Train loss: 0.00042701268
INFO:root:Epoch: 48, Validation loss: 0.00012064604
INFO:root:Epoch: 49, Train loss: 0.00023776133
INFO:root:Epoch: 49, Validation loss: 0.00011938379
INFO:root:Epoch: 50, Train loss: 0.00026726283
INFO:root:Epoch: 50, Validation loss: 0.00013083949
INFO:root:Epoch: 51, Train loss: 0.00023978659
INFO:root:Epoch: 51, Validation loss: 9.647782e-05
INFO:root:Epoch: 52, Train loss: 0.00023616765
INFO:root:Epoch: 52, Validation loss: 0.00012482518
INFO:root:Epoch: 53, Train loss: 0.00022788548
INFO:root:Epoch: 53, Validation loss: 0.0001166102
INFO:root:Epoch: 54, Train loss: 0.00020604579
INFO:root:Epoch: 54, Validation loss: 8.755449e-05
INFO:root:Epoch: 55, Train loss: 0.00024258178
INFO:root:Epoch: 55, Validation loss: 0.00016284535
INFO:root:Epoch: 56, Train loss: 0.00024359609
INFO:root:Epoch: 56, Validation loss: 0.00012923176
INFO:root:Epoch: 57, Train loss: 0.00022643062
INFO:root:Epoch: 57, Validation loss: 9.711499e-05
INFO:root:Epoch: 58, Train loss: 0.00019544241
INFO:root:Epoch: 58, Validation loss: 5.8885624e-05
INFO:root:Epoch: 59, Train loss: 0.00020422769
INFO:root:Epoch: 59, Validation loss: 0.00010130238
INFO:root:Epoch: 60, Train loss: 0.00018976531
INFO:root:Epoch: 60, Validation loss: 7.494595e-05
INFO:root:Epoch: 61, Train loss: 0.000256275
INFO:root:Epoch: 61, Validation loss: 0.00020532378
INFO:root:Epoch: 62, Train loss: 0.00018757621
INFO:root:Epoch: 62, Validation loss: 0.00011692918
INFO:root:Epoch: 63, Train loss: 0.00019051794
INFO:root:Epoch: 63, Validation loss: 8.5224056e-05
INFO:root:Epoch: 64, Train loss: 0.0002629817
INFO:root:Epoch: 64, Validation loss: 9.68647e-05
INFO:root:Epoch: 65, Train loss: 0.0001890749
INFO:root:Epoch: 65, Validation loss: 6.559582e-05
INFO:root:Epoch: 66, Train loss: 0.00016977086
INFO:root:Epoch: 66, Validation loss: 8.1180035e-05
INFO:root:Epoch: 67, Train loss: 0.00019770369
INFO:root:Epoch: 67, Validation loss: 8.784413e-05
INFO:root:Epoch: 68, Train loss: 0.00015598605
INFO:root:Epoch: 68, Validation loss: 7.64918e-05
INFO:root:Epoch: 69, Train loss: 0.00025247512
INFO:root:Epoch: 69, Validation loss: 0.00012961515
INFO:root:Epoch: 70, Train loss: 0.00022076181
INFO:root:Epoch: 70, Validation loss: 7.28127e-05
INFO:root:Epoch: 71, Train loss: 0.00016953683
INFO:root:Epoch: 71, Validation loss: 4.912878e-05
INFO:root:Epoch: 72, Train loss: 0.00015024185
INFO:root:Epoch: 72, Validation loss: 5.71436e-05
INFO:root:Epoch: 73, Train loss: 0.00019059813
INFO:root:Epoch: 73, Validation loss: 0.00011035163
INFO:root:Epoch: 74, Train loss: 0.00014151035
INFO:root:Epoch: 74, Validation loss: 7.082723e-05
INFO:root:Epoch: 75, Train loss: 0.00015570152
INFO:root:Epoch: 75, Validation loss: 6.374519e-05
INFO:root:Epoch: 76, Train loss: 0.00017593647
INFO:root:Epoch: 76, Validation loss: 0.00046058223
INFO:root:Epoch: 77, Train loss: 0.00020942363
INFO:root:Epoch: 77, Validation loss: 4.072454e-05
INFO:root:Epoch: 78, Train loss: 0.00014008
INFO:root:Epoch: 78, Validation loss: 0.000109050685
INFO:root:Epoch: 79, Train loss: 0.00013748254
INFO:root:Epoch: 79, Validation loss: 7.896735e-05
INFO:root:Epoch: 80, Train loss: 0.00012769204
INFO:root:Epoch: 80, Validation loss: 9.4527255e-05
INFO:root:Epoch: 81, Train loss: 0.00012560638
INFO:root:Epoch: 81, Validation loss: 5.188536e-05
INFO:root:Epoch: 82, Train loss: 0.00014014938
INFO:root:Epoch: 82, Validation loss: 9.365709e-05
INFO:root:Epoch: 83, Train loss: 0.00013446219
INFO:root:Epoch: 83, Validation loss: 6.9539885e-05
INFO:root:Epoch: 84, Train loss: 0.00014005793
INFO:root:Epoch: 84, Validation loss: 4.52349e-05
INFO:root:Epoch: 85, Train loss: 0.000108233355
INFO:root:Epoch: 85, Validation loss: 6.753827e-05
INFO:root:Epoch: 86, Train loss: 0.00014819331
INFO:root:Epoch: 86, Validation loss: 4.196973e-05
INFO:root:Epoch: 87, Train loss: 0.00012934324
INFO:root:Epoch: 87, Validation loss: 4.7783422e-05
INFO:root:Epoch: 88, Train loss: 0.00010583064
INFO:root:Epoch: 88, Validation loss: 6.7821245e-05
INFO:root:Epoch: 89, Train loss: 0.00017977809
INFO:root:Epoch: 89, Validation loss: 0.0001237571
INFO:root:Epoch: 90, Train loss: 0.000105743966
INFO:root:Epoch: 90, Validation loss: 7.894503e-05
INFO:root:Epoch: 91, Train loss: 8.420832e-05
INFO:root:Epoch: 91, Validation loss: 3.0318704e-05
INFO:root:Epoch: 92, Train loss: 0.00010935291
INFO:root:Epoch: 92, Validation loss: 3.7368838e-05
INFO:root:Epoch: 93, Train loss: 9.318688e-05
INFO:root:Epoch: 93, Validation loss: 5.683868e-05
INFO:root:Epoch: 94, Train loss: 9.132201e-05
INFO:root:Epoch: 94, Validation loss: 2.7514061e-05
INFO:root:Epoch: 95, Train loss: 8.18564e-05
INFO:root:Epoch: 95, Validation loss: 3.648481e-05
INFO:root:Epoch: 96, Train loss: 9.58672e-05
INFO:root:Epoch: 96, Validation loss: 0.00027589072
INFO:root:Epoch: 97, Train loss: 9.554862e-05
INFO:root:Epoch: 97, Validation loss: 5.3258806e-05
INFO:root:Epoch: 98, Train loss: 7.412962e-05
INFO:root:Epoch: 98, Validation loss: 4.0656672e-05
INFO:root:Epoch: 99, Train loss: 6.377448e-05
INFO:root:Epoch: 99, Validation loss: 3.2103446e-05
INFO:root:Training from ep 0 to ep 100 finished
INFO:root:Best epoch: 95
