INFO:root:Started
INFO:root:Epoch: 0, Train loss: 5.4184036
INFO:root:Epoch: 0, Validation loss: 4.4353533
INFO:root:Epoch: 1, Train loss: 2.4908621
INFO:root:Epoch: 1, Validation loss: 1.9923519
INFO:root:Epoch: 2, Train loss: 1.1842356
INFO:root:Epoch: 2, Validation loss: 0.8524913
INFO:root:Epoch: 3, Train loss: 0.59340286
INFO:root:Epoch: 3, Validation loss: 0.4103728
INFO:root:Epoch: 4, Train loss: 0.3158604
INFO:root:Epoch: 4, Validation loss: 0.22578421
INFO:root:Epoch: 5, Train loss: 0.1943444
INFO:root:Epoch: 5, Validation loss: 0.14903826
INFO:root:Epoch: 6, Train loss: 0.121402055
INFO:root:Epoch: 6, Validation loss: 0.09736246
INFO:root:Epoch: 7, Train loss: 0.09007878
INFO:root:Epoch: 7, Validation loss: 0.075293824
INFO:root:Epoch: 8, Train loss: 0.06894305
INFO:root:Epoch: 8, Validation loss: 0.06438287
INFO:root:Epoch: 9, Train loss: 0.052113887
INFO:root:Epoch: 9, Validation loss: 0.04859688
INFO:root:Epoch: 10, Train loss: 0.043706276
INFO:root:Epoch: 10, Validation loss: 0.03443159
INFO:root:Epoch: 11, Train loss: 0.03490525
INFO:root:Epoch: 11, Validation loss: 0.03530621
INFO:root:Epoch: 12, Train loss: 0.03063846
INFO:root:Epoch: 12, Validation loss: 0.027057994
INFO:root:Epoch: 13, Train loss: 0.024750749
INFO:root:Epoch: 13, Validation loss: 0.025097039
INFO:root:Epoch: 14, Train loss: 0.021434728
INFO:root:Epoch: 14, Validation loss: 0.01939873
INFO:root:Epoch: 15, Train loss: 0.018552823
INFO:root:Epoch: 15, Validation loss: 0.01898461
INFO:root:Epoch: 16, Train loss: 0.016145438
INFO:root:Epoch: 16, Validation loss: 0.010694385
INFO:root:Epoch: 17, Train loss: 0.014821191
INFO:root:Epoch: 17, Validation loss: 0.01195715
INFO:root:Epoch: 18, Train loss: 0.013473653
INFO:root:Epoch: 18, Validation loss: 0.012075903
INFO:root:Epoch: 19, Train loss: 0.011580063
INFO:root:Epoch: 19, Validation loss: 0.011490662
INFO:root:Epoch: 20, Train loss: 0.01136937
INFO:root:Epoch: 20, Validation loss: 0.009816125
INFO:root:Epoch: 21, Train loss: 0.009905949
INFO:root:Epoch: 21, Validation loss: 0.009164497
INFO:root:Epoch: 22, Train loss: 0.008998421
INFO:root:Epoch: 22, Validation loss: 0.0072620506
INFO:root:Epoch: 23, Train loss: 0.00791785
INFO:root:Epoch: 23, Validation loss: 0.0076549025
INFO:root:Epoch: 24, Train loss: 0.0069513703
INFO:root:Epoch: 24, Validation loss: 0.006660552
INFO:root:Epoch: 25, Train loss: 0.007135626
INFO:root:Epoch: 25, Validation loss: 0.006136757
INFO:root:Epoch: 26, Train loss: 0.006128395
INFO:root:Epoch: 26, Validation loss: 0.006756681
INFO:root:Epoch: 27, Train loss: 0.0054215523
INFO:root:Epoch: 27, Validation loss: 0.0059903613
INFO:root:Epoch: 28, Train loss: 0.0054901945
INFO:root:Epoch: 28, Validation loss: 0.0046200547
INFO:root:Epoch: 29, Train loss: 0.004955936
INFO:root:Epoch: 29, Validation loss: 0.0047456212
INFO:root:Epoch: 30, Train loss: 0.00499996
INFO:root:Epoch: 30, Validation loss: 0.0042970246
INFO:root:Epoch: 31, Train loss: 0.0044068242
INFO:root:Epoch: 31, Validation loss: 0.0032611503
INFO:root:Epoch: 32, Train loss: 0.004064872
INFO:root:Epoch: 32, Validation loss: 0.004270035
INFO:root:Epoch: 33, Train loss: 0.003995035
INFO:root:Epoch: 33, Validation loss: 0.0038742735
INFO:root:Epoch: 34, Train loss: 0.0037004754
INFO:root:Epoch: 34, Validation loss: 0.005201509
INFO:root:Epoch: 35, Train loss: 0.0035684386
INFO:root:Epoch: 35, Validation loss: 0.0040801167
INFO:root:Epoch: 36, Train loss: 0.003524486
INFO:root:Epoch: 36, Validation loss: 0.003013711
INFO:root:Epoch: 37, Train loss: 0.0033671989
INFO:root:Epoch: 37, Validation loss: 0.0030842405
INFO:root:Epoch: 38, Train loss: 0.0031623077
INFO:root:Epoch: 38, Validation loss: 0.0028324882
INFO:root:Epoch: 39, Train loss: 0.0029424273
INFO:root:Epoch: 39, Validation loss: 0.0023692434
INFO:root:Epoch: 40, Train loss: 0.0027466873
INFO:root:Epoch: 40, Validation loss: 0.0021800443
INFO:root:Epoch: 41, Train loss: 0.0027311174
INFO:root:Epoch: 41, Validation loss: 0.002449663
INFO:root:Epoch: 42, Train loss: 0.0024079808
INFO:root:Epoch: 42, Validation loss: 0.0027902634
INFO:root:Epoch: 43, Train loss: 0.0025169828
INFO:root:Epoch: 43, Validation loss: 0.0020781232
INFO:root:Epoch: 44, Train loss: 0.0024422877
INFO:root:Epoch: 44, Validation loss: 0.0016517885
INFO:root:Epoch: 45, Train loss: 0.0021528169
INFO:root:Epoch: 45, Validation loss: 0.002703411
INFO:root:Epoch: 46, Train loss: 0.002093184
INFO:root:Epoch: 46, Validation loss: 0.0035873167
INFO:root:Epoch: 47, Train loss: 0.0020975345
INFO:root:Epoch: 47, Validation loss: 0.0020985086
INFO:root:Epoch: 48, Train loss: 0.0021049115
INFO:root:Epoch: 48, Validation loss: 0.002131927
INFO:root:Epoch: 49, Train loss: 0.0019640157
INFO:root:Epoch: 49, Validation loss: 0.002165589
INFO:root:Epoch: 50, Train loss: 0.0018866588
INFO:root:Epoch: 50, Validation loss: 0.0017477851
INFO:root:Epoch: 51, Train loss: 0.0019430863
INFO:root:Epoch: 51, Validation loss: 0.001744605
INFO:root:Epoch: 52, Train loss: 0.0020170696
INFO:root:Epoch: 52, Validation loss: 0.0014861987
INFO:root:Epoch: 53, Train loss: 0.0018777209
INFO:root:Epoch: 53, Validation loss: 0.0019686113
INFO:root:Epoch: 54, Train loss: 0.001631744
INFO:root:Epoch: 54, Validation loss: 0.0016558436
INFO:root:Epoch: 55, Train loss: 0.001545571
INFO:root:Epoch: 55, Validation loss: 0.0011457647
INFO:root:Epoch: 56, Train loss: 0.0014395876
INFO:root:Epoch: 56, Validation loss: 0.0009777199
INFO:root:Epoch: 57, Train loss: 0.001683042
INFO:root:Epoch: 57, Validation loss: 0.0014706338
INFO:root:Epoch: 58, Train loss: 0.0013346158
INFO:root:Epoch: 58, Validation loss: 0.001339278
INFO:root:Epoch: 59, Train loss: 0.0013862608
INFO:root:Epoch: 59, Validation loss: 0.0011875844
INFO:root:Epoch: 60, Train loss: 0.0012087232
INFO:root:Epoch: 60, Validation loss: 0.0012892417
INFO:root:Epoch: 61, Train loss: 0.0012464358
INFO:root:Epoch: 61, Validation loss: 0.0014091984
INFO:root:Epoch: 62, Train loss: 0.0012500515
INFO:root:Epoch: 62, Validation loss: 0.0010368039
INFO:root:Epoch: 63, Train loss: 0.0012155743
INFO:root:Epoch: 63, Validation loss: 0.00068994774
INFO:root:Epoch: 64, Train loss: 0.0011337047
INFO:root:Epoch: 64, Validation loss: 0.0008054435
INFO:root:Epoch: 65, Train loss: 0.0011339654
INFO:root:Epoch: 65, Validation loss: 0.0012510826
INFO:root:Epoch: 66, Train loss: 0.0010848576
INFO:root:Epoch: 66, Validation loss: 0.0008856864
INFO:root:Epoch: 67, Train loss: 0.00119028
INFO:root:Epoch: 67, Validation loss: 0.0006424297
INFO:root:Epoch: 68, Train loss: 0.0011895391
INFO:root:Epoch: 68, Validation loss: 0.00092153007
INFO:root:Epoch: 69, Train loss: 0.0011640352
INFO:root:Epoch: 69, Validation loss: 0.0011804816
INFO:root:Epoch: 70, Train loss: 0.0008877757
INFO:root:Epoch: 70, Validation loss: 0.0008881234
INFO:root:Epoch: 71, Train loss: 0.0008671469
INFO:root:Epoch: 71, Validation loss: 0.0007133503
INFO:root:Epoch: 72, Train loss: 0.0009494941
INFO:root:Epoch: 72, Validation loss: 0.0011153555
INFO:root:Epoch: 73, Train loss: 0.0009480029
INFO:root:Epoch: 73, Validation loss: 0.00077469647
INFO:root:Epoch: 74, Train loss: 0.0010113145
INFO:root:Epoch: 74, Validation loss: 0.0011023595
INFO:root:Epoch: 75, Train loss: 0.00093308324
INFO:root:Epoch: 75, Validation loss: 0.0007956907
INFO:root:Epoch: 76, Train loss: 0.0008483461
INFO:root:Epoch: 76, Validation loss: 0.00038630757
INFO:root:Epoch: 77, Train loss: 0.0009028762
INFO:root:Epoch: 77, Validation loss: 0.00086939766
INFO:root:Epoch: 78, Train loss: 0.0008263869
INFO:root:Epoch: 78, Validation loss: 0.0008606482
INFO:root:Epoch: 79, Train loss: 0.0007908604
INFO:root:Epoch: 79, Validation loss: 0.00072574953
INFO:root:Epoch: 80, Train loss: 0.0008925323
INFO:root:Epoch: 80, Validation loss: 0.0012966348
INFO:root:Epoch: 81, Train loss: 0.0006642573
INFO:root:Epoch: 81, Validation loss: 0.0004033274
INFO:root:Epoch: 82, Train loss: 0.000777925
INFO:root:Epoch: 82, Validation loss: 0.0005063379
INFO:root:Epoch: 83, Train loss: 0.00063376134
INFO:root:Epoch: 83, Validation loss: 0.000728107
INFO:root:Epoch: 84, Train loss: 0.000659224
INFO:root:Epoch: 84, Validation loss: 0.00087256473
INFO:root:Epoch: 85, Train loss: 0.0009075986
INFO:root:Epoch: 85, Validation loss: 0.0004467707
INFO:root:Epoch: 86, Train loss: 0.0007302367
INFO:root:Epoch: 86, Validation loss: 0.0013176674
INFO:root:Epoch: 87, Train loss: 0.0007422657
INFO:root:Epoch: 87, Validation loss: 0.0007187907
INFO:root:Epoch: 88, Train loss: 0.00070400676
INFO:root:Epoch: 88, Validation loss: 0.00054838485
INFO:root:Epoch: 89, Train loss: 0.00066703116
INFO:root:Epoch: 89, Validation loss: 0.0007144986
INFO:root:Epoch: 90, Train loss: 0.0007002469
INFO:root:Epoch: 90, Validation loss: 0.000430982
INFO:root:Epoch: 91, Train loss: 0.0006459341
INFO:root:Epoch: 91, Validation loss: 0.0004165856
INFO:root:Epoch: 92, Train loss: 0.0005969466
INFO:root:Epoch: 92, Validation loss: 0.000557662
INFO:root:Epoch: 93, Train loss: 0.00045171817
INFO:root:Epoch: 93, Validation loss: 0.00039946736
INFO:root:Epoch: 94, Train loss: 0.00053546706
INFO:root:Epoch: 94, Validation loss: 0.00047187845
INFO:root:Epoch: 95, Train loss: 0.0007170868
INFO:root:Epoch: 95, Validation loss: 0.0006526151
INFO:root:Epoch: 96, Train loss: 0.00048165792
INFO:root:Epoch: 96, Validation loss: 0.0006462354
INFO:root:Epoch: 97, Train loss: 0.00053831394
INFO:root:Epoch: 97, Validation loss: 0.00034328763
INFO:root:Epoch: 98, Train loss: 0.0004711949
INFO:root:Epoch: 98, Validation loss: 0.00071627117
INFO:root:Epoch: 99, Train loss: 0.0004749068
INFO:root:Epoch: 99, Validation loss: 0.0004028132
INFO:root:Training from ep 0 to ep 100 finished
INFO:root:Best epoch: 98
