INFO:root:Started
INFO:root:Epoch: 0, Train loss: 3.7505274, Train Acc: 0.047348484
INFO:root:Epoch: 0, Validation loss: 3.612012, Validation Acc: 0.059895832
INFO:root:Epoch: 1, Train loss: 3.4971652, Train Acc: 0.089646466
INFO:root:Epoch: 1, Validation loss: 3.5650365, Validation Acc: 0.098958336
INFO:root:Epoch: 2, Train loss: 3.3795104, Train Acc: 0.11426768
INFO:root:Epoch: 2, Validation loss: 3.632866, Validation Acc: 0.072916664
INFO:root:Epoch: 3, Train loss: 3.2926993, Train Acc: 0.13068181
INFO:root:Epoch: 3, Validation loss: 3.5435627, Validation Acc: 0.078125
INFO:root:Epoch: 4, Train loss: 3.1848881, Train Acc: 0.16287878
INFO:root:Epoch: 4, Validation loss: 3.4690268, Validation Acc: 0.083333336
INFO:root:Epoch: 5, Train loss: 3.0997534, Train Acc: 0.1657197
INFO:root:Epoch: 5, Validation loss: 3.4614446, Validation Acc: 0.0859375
INFO:root:Epoch: 6, Train loss: 3.021886, Train Acc: 0.19917929
INFO:root:Epoch: 6, Validation loss: 3.3204916, Validation Acc: 0.140625
INFO:root:Epoch: 7, Train loss: 2.92083, Train Acc: 0.21496212
INFO:root:Epoch: 7, Validation loss: 3.3551366, Validation Acc: 0.140625
INFO:root:Epoch: 8, Train loss: 2.8467367, Train Acc: 0.23421717
INFO:root:Epoch: 8, Validation loss: 3.3353503, Validation Acc: 0.140625
INFO:root:Epoch: 9, Train loss: 2.7845056, Train Acc: 0.24116161
INFO:root:Epoch: 9, Validation loss: 3.276972, Validation Acc: 0.15104167
INFO:root:Epoch: 10, Train loss: 2.692574, Train Acc: 0.2689394
INFO:root:Epoch: 10, Validation loss: 3.2690334, Validation Acc: 0.15364583
INFO:root:Epoch: 11, Train loss: 2.6080031, Train Acc: 0.28440657
INFO:root:Epoch: 11, Validation loss: 3.3582351, Validation Acc: 0.12760417
INFO:root:Epoch: 12, Train loss: 2.567925, Train Acc: 0.29955807
INFO:root:Epoch: 12, Validation loss: 3.21782, Validation Acc: 0.14583333
INFO:root:Epoch: 13, Train loss: 2.5378485, Train Acc: 0.3159722
INFO:root:Epoch: 13, Validation loss: 3.1361723, Validation Acc: 0.14583333
INFO:root:Epoch: 14, Train loss: 2.4224315, Train Acc: 0.32449496
INFO:root:Epoch: 14, Validation loss: 3.2243087, Validation Acc: 0.19791667
INFO:root:Epoch: 15, Train loss: 2.4173849, Train Acc: 0.3380682
INFO:root:Epoch: 15, Validation loss: 3.2959821, Validation Acc: 0.15364583
INFO:root:Epoch: 16, Train loss: 2.3096652, Train Acc: 0.36679292
INFO:root:Epoch: 16, Validation loss: 3.2594664, Validation Acc: 0.16666667
INFO:root:Epoch: 17, Train loss: 2.2648466, Train Acc: 0.37531567
INFO:root:Epoch: 17, Validation loss: 3.2308025, Validation Acc: 0.17447917
INFO:root:Epoch: 18, Train loss: 2.2066002, Train Acc: 0.38573232
INFO:root:Epoch: 18, Validation loss: 3.1227465, Validation Acc: 0.1875
INFO:root:Epoch: 19, Train loss: 2.143795, Train Acc: 0.39962122
INFO:root:Epoch: 19, Validation loss: 3.2604568, Validation Acc: 0.18229167
INFO:root:Epoch: 20, Train loss: 2.0730915, Train Acc: 0.4150884
INFO:root:Epoch: 20, Validation loss: 3.3505313, Validation Acc: 0.15104167
INFO:root:Epoch: 21, Train loss: 2.050658, Train Acc: 0.4447601
INFO:root:Epoch: 21, Validation loss: 3.3200867, Validation Acc: 0.17708333
INFO:root:Epoch: 22, Train loss: 1.978612, Train Acc: 0.45233586
INFO:root:Epoch: 22, Validation loss: 3.1280107, Validation Acc: 0.2265625
INFO:root:Epoch: 23, Train loss: 1.9398857, Train Acc: 0.4636995
INFO:root:Epoch: 23, Validation loss: 3.3778841, Validation Acc: 0.18489583
INFO:root:Epoch: 24, Train loss: 1.8929855, Train Acc: 0.4665404
INFO:root:Epoch: 24, Validation loss: 3.2914784, Validation Acc: 0.19791667
INFO:root:Epoch: 25, Train loss: 1.8705143, Train Acc: 0.47790405
INFO:root:Epoch: 25, Validation loss: 3.2181702, Validation Acc: 0.20833333
INFO:root:Epoch: 26, Train loss: 1.732662, Train Acc: 0.50978535
INFO:root:Epoch: 26, Validation loss: 3.28652, Validation Acc: 0.21614583
INFO:root:Epoch: 27, Train loss: 1.7476187, Train Acc: 0.50852275
INFO:root:Epoch: 27, Validation loss: 3.2820919, Validation Acc: 0.21614583
INFO:root:Epoch: 28, Train loss: 1.6884762, Train Acc: 0.522096
INFO:root:Epoch: 28, Validation loss: 3.4294977, Validation Acc: 0.19270833
INFO:root:Epoch: 29, Train loss: 1.6616194, Train Acc: 0.5296717
INFO:root:Epoch: 29, Validation loss: 3.4397376, Validation Acc: 0.1875
INFO:root:Training from ep 0 to ep 30 finished
INFO:root:Best epoch: 23
