INFO:root:Started
INFO:root:Epoch: 0, Train loss: 0.1283892
INFO:root:Epoch: 0, Validation loss: 0.010946269
INFO:root:Epoch: 1, Train loss: 0.00475163
INFO:root:Epoch: 1, Validation loss: 0.0019756928
INFO:root:Training from ep 0 to ep 2 finished
INFO:root:Best epoch: 2
INFO:root:Started
INFO:root:Epoch: 0, Train loss: 0.12835066
INFO:root:Epoch: 0, Validation loss: 0.010903249
INFO:root:Epoch: 1, Train loss: 0.0047399467
INFO:root:Epoch: 1, Validation loss: 0.001972749
INFO:root:Epoch: 2, Train loss: 0.0017918285
INFO:root:Epoch: 2, Validation loss: 0.0010267227
INFO:root:Epoch: 3, Train loss: 0.001142994
INFO:root:Epoch: 3, Validation loss: 0.00043657253
INFO:root:Epoch: 4, Train loss: 0.0007794194
INFO:root:Epoch: 4, Validation loss: 0.0005302703
INFO:root:Epoch: 5, Train loss: 0.0006071792
INFO:root:Epoch: 5, Validation loss: 0.00040617757
INFO:root:Epoch: 6, Train loss: 0.00045849284
INFO:root:Epoch: 6, Validation loss: 0.00027407432
INFO:root:Epoch: 7, Train loss: 0.0003498889
INFO:root:Epoch: 7, Validation loss: 0.00027406187
INFO:root:Epoch: 8, Train loss: 0.00030831093
INFO:root:Epoch: 8, Validation loss: 0.00040987798
INFO:root:Epoch: 9, Train loss: 0.00028224202
INFO:root:Epoch: 9, Validation loss: 0.00014621085
INFO:root:Epoch: 10, Train loss: 0.0002169024
INFO:root:Epoch: 10, Validation loss: 0.00020227334
INFO:root:Epoch: 11, Train loss: 0.00018609545
INFO:root:Epoch: 11, Validation loss: 7.368972e-05
INFO:root:Epoch: 12, Train loss: 0.00015248227
INFO:root:Epoch: 12, Validation loss: 0.000101800186
INFO:root:Epoch: 13, Train loss: 0.00017219175
INFO:root:Epoch: 13, Validation loss: 0.00012418786
INFO:root:Epoch: 14, Train loss: 0.00014038556
INFO:root:Epoch: 14, Validation loss: 0.00036746293
INFO:root:Epoch: 15, Train loss: 0.00010701632
INFO:root:Epoch: 15, Validation loss: 0.0003427072
INFO:root:Epoch: 16, Train loss: 9.4656774e-05
INFO:root:Epoch: 16, Validation loss: 8.3729756e-05
INFO:root:Epoch: 17, Train loss: 7.634231e-05
INFO:root:Epoch: 17, Validation loss: 0.00026673364
INFO:root:Epoch: 18, Train loss: 7.4780255e-05
INFO:root:Epoch: 18, Validation loss: 0.000101641825
INFO:root:Epoch: 19, Train loss: 7.214565e-05
INFO:root:Epoch: 19, Validation loss: 0.0006441179
INFO:root:Epoch: 20, Train loss: 6.125821e-05
INFO:root:Epoch: 20, Validation loss: 0.0004695713
INFO:root:Epoch: 21, Train loss: 5.2472467e-05
INFO:root:Epoch: 21, Validation loss: 0.00037953613
INFO:root:Epoch: 22, Train loss: 5.7103127e-05
INFO:root:Epoch: 22, Validation loss: 4.0903727e-05
INFO:root:Epoch: 23, Train loss: 4.7249927e-05
INFO:root:Epoch: 23, Validation loss: 0.00018615437
INFO:root:Epoch: 24, Train loss: 4.3344517e-05
INFO:root:Epoch: 24, Validation loss: 0.0001886277
INFO:root:Epoch: 25, Train loss: 3.8026545e-05
INFO:root:Epoch: 25, Validation loss: 0.0006001462
INFO:root:Epoch: 26, Train loss: 3.548734e-05
INFO:root:Epoch: 26, Validation loss: 0.0013203433
INFO:root:Epoch: 27, Train loss: 3.2222208e-05
INFO:root:Epoch: 27, Validation loss: 0.0024784356
INFO:root:Epoch: 28, Train loss: 3.0464982e-05
INFO:root:Epoch: 28, Validation loss: 0.0029669583
INFO:root:Epoch: 29, Train loss: 2.6898362e-05
INFO:root:Epoch: 29, Validation loss: 0.0054859277
INFO:root:Epoch: 30, Train loss: 2.8665116e-05
INFO:root:Epoch: 30, Validation loss: 0.0031409634
INFO:root:Epoch: 31, Train loss: 2.5570176e-05
INFO:root:Epoch: 31, Validation loss: 0.0035852664
INFO:root:Epoch: 32, Train loss: 2.1157763e-05
INFO:root:Epoch: 32, Validation loss: 0.0035877198
INFO:root:Epoch: 33, Train loss: 1.6276705e-05
INFO:root:Epoch: 33, Validation loss: 0.00025315577
INFO:root:Epoch: 34, Train loss: 2.2785396e-05
INFO:root:Epoch: 34, Validation loss: 0.010864432
INFO:root:Epoch: 35, Train loss: 1.7804869e-05
INFO:root:Epoch: 35, Validation loss: 0.00079817395
INFO:root:Epoch: 36, Train loss: 1.6335896e-05
INFO:root:Epoch: 36, Validation loss: 0.0029838942
INFO:root:Epoch: 37, Train loss: 1.6279355e-05
INFO:root:Epoch: 37, Validation loss: 0.0066814
INFO:root:Epoch: 38, Train loss: 1.4362505e-05
INFO:root:Epoch: 38, Validation loss: 0.026107967
INFO:root:Epoch: 39, Train loss: 1.5797354e-05
INFO:root:Epoch: 39, Validation loss: 0.0002693299
INFO:root:Epoch: 40, Train loss: 1.3381733e-05
INFO:root:Epoch: 40, Validation loss: 0.0040310305
INFO:root:Epoch: 41, Train loss: 9.080195e-06
INFO:root:Epoch: 41, Validation loss: 0.00053771463
INFO:root:Epoch: 42, Train loss: 1.8625462e-05
INFO:root:Epoch: 42, Validation loss: 0.00090714736
INFO:root:Epoch: 43, Train loss: 1.08972345e-05
INFO:root:Epoch: 43, Validation loss: 4.153925e-05
INFO:root:Epoch: 44, Train loss: 8.233254e-06
INFO:root:Epoch: 44, Validation loss: 0.0015568826
INFO:root:Epoch: 45, Train loss: 9.114702e-06
INFO:root:Epoch: 45, Validation loss: 0.00057185243
INFO:root:Epoch: 46, Train loss: 8.868414e-06
INFO:root:Epoch: 46, Validation loss: 0.0062391595
INFO:root:Epoch: 47, Train loss: 5.987688e-06
INFO:root:Epoch: 47, Validation loss: 0.00081477186
INFO:root:Epoch: 48, Train loss: 6.350802e-06
INFO:root:Epoch: 48, Validation loss: 1.3744396e-05
INFO:root:Epoch: 49, Train loss: 6.1340156e-06
INFO:root:Epoch: 49, Validation loss: 0.00045890818
INFO:root:Epoch: 50, Train loss: 7.4535715e-06
INFO:root:Epoch: 50, Validation loss: 0.001494237
INFO:root:Epoch: 51, Train loss: 9.199068e-06
INFO:root:Epoch: 51, Validation loss: 2.3893068e-05
INFO:root:Epoch: 52, Train loss: 5.8641062e-06
INFO:root:Epoch: 52, Validation loss: 1.3332749e-06
INFO:root:Epoch: 53, Train loss: 5.851646e-06
INFO:root:Epoch: 53, Validation loss: 0.00014392767
INFO:root:Epoch: 54, Train loss: 7.0690003e-06
INFO:root:Epoch: 54, Validation loss: 4.962181e-05
INFO:root:Epoch: 55, Train loss: 4.148522e-06
INFO:root:Epoch: 55, Validation loss: 0.00034347622
INFO:root:Epoch: 56, Train loss: 4.5537913e-06
INFO:root:Epoch: 56, Validation loss: 0.0015386543
INFO:root:Epoch: 57, Train loss: 5.59715e-06
INFO:root:Epoch: 57, Validation loss: 0.00020972571
INFO:root:Epoch: 58, Train loss: 4.3713085e-06
INFO:root:Epoch: 58, Validation loss: 1.1703791e-05
INFO:root:Epoch: 59, Train loss: 3.0522747e-06
INFO:root:Epoch: 59, Validation loss: 4.108642e-05
INFO:root:Epoch: 60, Train loss: 3.2080188e-06
INFO:root:Epoch: 60, Validation loss: 2.6975596e-05
INFO:root:Epoch: 61, Train loss: 4.087631e-06
INFO:root:Epoch: 61, Validation loss: 2.4818937e-06
INFO:root:Epoch: 62, Train loss: 1.0147623e-05
INFO:root:Epoch: 62, Validation loss: 2.7939217e-05
INFO:root:Epoch: 63, Train loss: 5.2643145e-06
INFO:root:Epoch: 63, Validation loss: 6.6784065e-07
INFO:root:Epoch: 64, Train loss: 1.4326806e-06
INFO:root:Epoch: 64, Validation loss: 8.249712e-07
INFO:root:Epoch: 65, Train loss: 1.5619056e-06
INFO:root:Epoch: 65, Validation loss: 6.495973e-07
INFO:root:Epoch: 66, Train loss: 1.00494035e-05
INFO:root:Epoch: 66, Validation loss: 6.184256e-06
INFO:root:Epoch: 67, Train loss: 1.2284835e-06
INFO:root:Epoch: 67, Validation loss: 7.704395e-07
INFO:root:Epoch: 68, Train loss: 8.628248e-07
INFO:root:Epoch: 68, Validation loss: 2.3329728e-06
INFO:root:Epoch: 69, Train loss: 4.065026e-06
INFO:root:Epoch: 69, Validation loss: 0.0023466342
INFO:root:Epoch: 70, Train loss: 8.084248e-06
INFO:root:Epoch: 70, Validation loss: 2.8873144e-06
INFO:root:Epoch: 71, Train loss: 2.4597568e-06
INFO:root:Epoch: 71, Validation loss: 7.947044e-05
INFO:root:Epoch: 72, Train loss: 3.7777806e-06
INFO:root:Epoch: 72, Validation loss: 1.1338729e-07
INFO:root:Epoch: 73, Train loss: 1.0151526e-06
INFO:root:Epoch: 73, Validation loss: 1.3117192e-06
INFO:root:Epoch: 74, Train loss: 1.2788018e-06
INFO:root:Epoch: 74, Validation loss: 0.00018539312
INFO:root:Epoch: 75, Train loss: 1.7228743e-06
INFO:root:Epoch: 75, Validation loss: 5.2502628e-08
INFO:root:Epoch: 76, Train loss: 3.0944948e-06
INFO:root:Epoch: 76, Validation loss: 3.7952265e-07
INFO:root:Epoch: 77, Train loss: 1.2522278e-06
INFO:root:Epoch: 77, Validation loss: 2.766145e-08
INFO:root:Epoch: 78, Train loss: 2.987614e-06
INFO:root:Epoch: 78, Validation loss: 1.08180906e-07
INFO:root:Epoch: 79, Train loss: 1.6519912e-06
INFO:root:Epoch: 79, Validation loss: 0.0015195013
INFO:root:Epoch: 80, Train loss: 1.8582922e-06
INFO:root:Epoch: 80, Validation loss: 1.3089757e-08
INFO:root:Epoch: 81, Train loss: 2.5526867e-06
INFO:root:Epoch: 81, Validation loss: 1.365625e-06
INFO:root:Epoch: 82, Train loss: 4.112119e-07
INFO:root:Epoch: 82, Validation loss: 1.724397e-06
INFO:root:Epoch: 83, Train loss: 2.9833002e-06
INFO:root:Epoch: 83, Validation loss: 8.363105e-07
INFO:root:Epoch: 84, Train loss: 4.698881e-06
INFO:root:Epoch: 84, Validation loss: 2.1847907e-08
INFO:root:Epoch: 85, Train loss: 1.8837729e-07
INFO:root:Epoch: 85, Validation loss: 8.356183e-08
INFO:root:Epoch: 86, Train loss: 2.379302e-06
INFO:root:Epoch: 86, Validation loss: 1.4263376e-08
INFO:root:Epoch: 87, Train loss: 1.5203454e-06
INFO:root:Epoch: 87, Validation loss: 9.927631e-06
INFO:root:Epoch: 88, Train loss: 2.7615522e-07
INFO:root:Epoch: 88, Validation loss: 2.3928868e-08
INFO:root:Epoch: 89, Train loss: 2.7717668e-08
INFO:root:Epoch: 89, Validation loss: 1.5544208e-08
INFO:root:Epoch: 90, Train loss: 1.7892648e-06
INFO:root:Epoch: 90, Validation loss: 1.6623563e-06
INFO:root:Epoch: 91, Train loss: 8.075359e-08
INFO:root:Epoch: 91, Validation loss: 2.0182695e-08
INFO:root:Epoch: 92, Train loss: 3.6163687e-08
INFO:root:Epoch: 92, Validation loss: 9.069155e-08
INFO:root:Epoch: 93, Train loss: 2.7409271e-06
INFO:root:Epoch: 93, Validation loss: 1.11511916e-07
INFO:root:Epoch: 94, Train loss: 1.2765432e-07
INFO:root:Epoch: 94, Validation loss: 3.9909778e-09
INFO:root:Epoch: 95, Train loss: 2.2369616e-07
INFO:root:Epoch: 95, Validation loss: 7.199604e-05
INFO:root:Epoch: 96, Train loss: 7.064753e-08
INFO:root:Epoch: 96, Validation loss: 2.1321056e-09
INFO:root:Epoch: 97, Train loss: 4.7589224e-06
INFO:root:Epoch: 97, Validation loss: 1.5119093e-07
INFO:root:Epoch: 98, Train loss: 1.05127e-06
INFO:root:Epoch: 98, Validation loss: 2.973213e-08
INFO:root:Epoch: 99, Train loss: 1.5180039e-08
INFO:root:Epoch: 99, Validation loss: 9.565251e-09
INFO:root:Training from ep 0 to ep 100 finished
INFO:root:Best epoch: 97
