INFO:root:Started
INFO:root:Epoch: 0, Train loss: 3.6732812, Train Acc: 0.0647096
INFO:root:Epoch: 0, Validation loss: 3.5715103, Validation Acc: 0.088541664
INFO:root:Epoch: 1, Train loss: 3.3472314, Train Acc: 0.11142677
INFO:root:Epoch: 1, Validation loss: 3.408142, Validation Acc: 0.088541664
INFO:root:Epoch: 2, Train loss: 3.1843777, Train Acc: 0.1534091
INFO:root:Epoch: 2, Validation loss: 3.3376877, Validation Acc: 0.106770836
INFO:root:Epoch: 3, Train loss: 3.0400047, Train Acc: 0.19065657
INFO:root:Epoch: 3, Validation loss: 3.5407178, Validation Acc: 0.075520836
INFO:root:Epoch: 4, Train loss: 2.9334497, Train Acc: 0.21843435
INFO:root:Epoch: 4, Validation loss: 3.2627094, Validation Acc: 0.111979164
INFO:root:Epoch: 5, Train loss: 2.7952058, Train Acc: 0.24147727
INFO:root:Epoch: 5, Validation loss: 3.2083066, Validation Acc: 0.14322917
INFO:root:Epoch: 6, Train loss: 2.7434149, Train Acc: 0.26578283
INFO:root:Epoch: 6, Validation loss: 3.1700552, Validation Acc: 0.16145833
INFO:root:Epoch: 7, Train loss: 2.6173313, Train Acc: 0.28282827
INFO:root:Epoch: 7, Validation loss: 3.1267529, Validation Acc: 0.16666667
INFO:root:Epoch: 8, Train loss: 2.5577145, Train Acc: 0.2951389
INFO:root:Epoch: 8, Validation loss: 3.2433357, Validation Acc: 0.15885417
INFO:root:Epoch: 9, Train loss: 2.4687946, Train Acc: 0.32386363
INFO:root:Epoch: 9, Validation loss: 3.2968829, Validation Acc: 0.16145833
INFO:root:Epoch: 10, Train loss: 2.3932135, Train Acc: 0.34343433
INFO:root:Epoch: 10, Validation loss: 3.1277463, Validation Acc: 0.16927083
INFO:root:Epoch: 11, Train loss: 2.3170252, Train Acc: 0.35448232
INFO:root:Epoch: 11, Validation loss: 3.2727115, Validation Acc: 0.17447917
INFO:root:Epoch: 12, Train loss: 2.2609792, Train Acc: 0.375
INFO:root:Epoch: 12, Validation loss: 3.1193087, Validation Acc: 0.20572917
INFO:root:Epoch: 13, Train loss: 2.2233162, Train Acc: 0.38825756
INFO:root:Epoch: 13, Validation loss: 3.1571789, Validation Acc: 0.17447917
INFO:root:Epoch: 14, Train loss: 2.0912533, Train Acc: 0.41698232
INFO:root:Epoch: 14, Validation loss: 3.3879013, Validation Acc: 0.203125
INFO:root:Epoch: 15, Train loss: 2.1073632, Train Acc: 0.41066918
INFO:root:Epoch: 15, Validation loss: 3.186046, Validation Acc: 0.1953125
INFO:root:Epoch: 16, Train loss: 1.9926704, Train Acc: 0.43939394
INFO:root:Epoch: 16, Validation loss: 3.2701824, Validation Acc: 0.1953125
INFO:root:Epoch: 17, Train loss: 1.9581553, Train Acc: 0.46054292
INFO:root:Epoch: 17, Validation loss: 3.1262896, Validation Acc: 0.203125
INFO:root:Epoch: 18, Train loss: 1.90498, Train Acc: 0.4709596
INFO:root:Epoch: 18, Validation loss: 3.066986, Validation Acc: 0.21875
INFO:root:Epoch: 19, Train loss: 1.8081245, Train Acc: 0.48137626
INFO:root:Epoch: 19, Validation loss: 3.4426012, Validation Acc: 0.171875
INFO:root:Epoch: 20, Train loss: 1.7544254, Train Acc: 0.509154
INFO:root:Epoch: 20, Validation loss: 3.4222205, Validation Acc: 0.19010417
INFO:root:Epoch: 21, Train loss: 1.7287601, Train Acc: 0.51641417
INFO:root:Epoch: 21, Validation loss: 3.2970998, Validation Acc: 0.20833333
INFO:root:Epoch: 22, Train loss: 1.6950083, Train Acc: 0.5296717
INFO:root:Epoch: 22, Validation loss: 3.3912954, Validation Acc: 0.234375
INFO:root:Epoch: 23, Train loss: 1.6295612, Train Acc: 0.5391414
INFO:root:Epoch: 23, Validation loss: 3.2573898, Validation Acc: 0.20572917
INFO:root:Epoch: 24, Train loss: 1.5951444, Train Acc: 0.5489268
INFO:root:Epoch: 24, Validation loss: 3.258007, Validation Acc: 0.22395833
INFO:root:Epoch: 25, Train loss: 1.5568473, Train Acc: 0.5546086
INFO:root:Epoch: 25, Validation loss: 3.2225773, Validation Acc: 0.20572917
INFO:root:Epoch: 26, Train loss: 1.4630454, Train Acc: 0.57575756
INFO:root:Epoch: 26, Validation loss: 3.408451, Validation Acc: 0.2109375
INFO:root:Epoch: 27, Train loss: 1.454192, Train Acc: 0.5902778
INFO:root:Epoch: 27, Validation loss: 3.4142482, Validation Acc: 0.21354167
INFO:root:Epoch: 28, Train loss: 1.4266607, Train Acc: 0.5855429
INFO:root:Epoch: 28, Validation loss: 3.2939026, Validation Acc: 0.24479167
INFO:root:Epoch: 29, Train loss: 1.3713614, Train Acc: 0.6066919
INFO:root:Epoch: 29, Validation loss: 3.46197, Validation Acc: 0.2265625
INFO:root:Training from ep 0 to ep 30 finished
INFO:root:Best epoch: 29
