INFO:root:Started
INFO:root:Epoch: 0, Train loss: 3.927068, Train Acc: 0.017676767
INFO:root:Epoch: 0, Validation loss: 3.8980865, Validation Acc: 0.026041666
INFO:root:Epoch: 1, Train loss: 3.874135, Train Acc: 0.022727273
INFO:root:Epoch: 1, Validation loss: 3.795188, Validation Acc: 0.041666668
INFO:root:Epoch: 2, Train loss: 3.7641957, Train Acc: 0.034722224
INFO:root:Epoch: 2, Validation loss: 3.7732875, Validation Acc: 0.028645834
INFO:root:Epoch: 3, Train loss: 3.7368238, Train Acc: 0.03756313
INFO:root:Epoch: 3, Validation loss: 3.7655513, Validation Acc: 0.0625
INFO:root:Epoch: 4, Train loss: 3.7072062, Train Acc: 0.041982323
INFO:root:Epoch: 4, Validation loss: 3.7039855, Validation Acc: 0.041666668
INFO:root:Epoch: 5, Train loss: 3.6932018, Train Acc: 0.03756313
INFO:root:Epoch: 5, Validation loss: 3.7985942, Validation Acc: 0.036458332
INFO:root:Epoch: 6, Train loss: 3.6650064, Train Acc: 0.045138888
INFO:root:Epoch: 6, Validation loss: 3.732682, Validation Acc: 0.0390625
INFO:root:Epoch: 7, Train loss: 3.6460843, Train Acc: 0.044507574
INFO:root:Epoch: 7, Validation loss: 3.6208723, Validation Acc: 0.052083332
INFO:root:Epoch: 8, Train loss: 3.6227703, Train Acc: 0.054608587
INFO:root:Epoch: 8, Validation loss: 3.6861007, Validation Acc: 0.036458332
INFO:root:Epoch: 9, Train loss: 3.592622, Train Acc: 0.054924242
INFO:root:Epoch: 9, Validation loss: 3.6496818, Validation Acc: 0.065104164
INFO:root:Epoch: 10, Train loss: 3.5720994, Train Acc: 0.051136363
INFO:root:Epoch: 10, Validation loss: 3.587787, Validation Acc: 0.0625
INFO:root:Epoch: 11, Train loss: 3.5490167, Train Acc: 0.054924242
INFO:root:Epoch: 11, Validation loss: 3.5668929, Validation Acc: 0.052083332
INFO:root:Epoch: 12, Train loss: 3.5351272, Train Acc: 0.058080807
INFO:root:Epoch: 12, Validation loss: 3.6348324, Validation Acc: 0.046875
INFO:root:Epoch: 13, Train loss: 3.520571, Train Acc: 0.05618687
INFO:root:Epoch: 13, Validation loss: 3.5330565, Validation Acc: 0.0703125
INFO:root:Epoch: 14, Train loss: 3.509404, Train Acc: 0.061237372
INFO:root:Epoch: 14, Validation loss: 3.5271578, Validation Acc: 0.041666668
INFO:root:Epoch: 15, Train loss: 3.5168345, Train Acc: 0.05713384
INFO:root:Epoch: 15, Validation loss: 3.5308495, Validation Acc: 0.041666668
INFO:root:Epoch: 16, Train loss: 3.5079875, Train Acc: 0.0625
INFO:root:Epoch: 16, Validation loss: 3.5501325, Validation Acc: 0.075520836
INFO:root:Epoch: 17, Train loss: 3.5023372, Train Acc: 0.06691919
INFO:root:Epoch: 17, Validation loss: 3.5257819, Validation Acc: 0.0703125
INFO:root:Epoch: 18, Train loss: 3.462198, Train Acc: 0.07544192
INFO:root:Epoch: 18, Validation loss: 3.5284355, Validation Acc: 0.059895832
INFO:root:Epoch: 19, Train loss: 3.4664085, Train Acc: 0.06849747
INFO:root:Epoch: 19, Validation loss: 3.5409763, Validation Acc: 0.059895832
INFO:root:Epoch: 20, Train loss: 3.4649637, Train Acc: 0.07354798
INFO:root:Epoch: 20, Validation loss: 3.5847304, Validation Acc: 0.075520836
INFO:root:Epoch: 21, Train loss: 3.4491258, Train Acc: 0.066603534
INFO:root:Epoch: 21, Validation loss: 3.4928951, Validation Acc: 0.065104164
INFO:root:Epoch: 22, Train loss: 3.4237962, Train Acc: 0.077967174
INFO:root:Epoch: 22, Validation loss: 3.5337298, Validation Acc: 0.0703125
INFO:root:Epoch: 23, Train loss: 3.4195242, Train Acc: 0.08238637
INFO:root:Epoch: 23, Validation loss: 3.5100098, Validation Acc: 0.0625
INFO:root:Epoch: 24, Train loss: 3.4046135, Train Acc: 0.08522727
INFO:root:Epoch: 24, Validation loss: 3.6105967, Validation Acc: 0.065104164
INFO:root:Epoch: 25, Train loss: 3.414067, Train Acc: 0.07386363
INFO:root:Epoch: 25, Validation loss: 3.496813, Validation Acc: 0.0625
INFO:root:Epoch: 26, Train loss: 3.39338, Train Acc: 0.08112374
INFO:root:Epoch: 26, Validation loss: 3.4790802, Validation Acc: 0.067708336
INFO:root:Epoch: 27, Train loss: 3.3562436, Train Acc: 0.08554293
INFO:root:Epoch: 27, Validation loss: 3.5399144, Validation Acc: 0.075520836
INFO:root:Epoch: 28, Train loss: 3.3402004, Train Acc: 0.09217171
INFO:root:Epoch: 28, Validation loss: 3.6302316, Validation Acc: 0.046875
INFO:root:Epoch: 29, Train loss: 3.312757, Train Acc: 0.10448232
INFO:root:Epoch: 29, Validation loss: 3.4191914, Validation Acc: 0.088541664
INFO:root:Epoch: 30, Train loss: 3.2974663, Train Acc: 0.10069445
INFO:root:Epoch: 30, Validation loss: 3.4923637, Validation Acc: 0.080729164
INFO:root:Epoch: 31, Train loss: 3.2784238, Train Acc: 0.09848485
INFO:root:Epoch: 31, Validation loss: 3.5347588, Validation Acc: 0.080729164
INFO:root:Epoch: 32, Train loss: 3.2651284, Train Acc: 0.10574495
INFO:root:Epoch: 32, Validation loss: 3.4939592, Validation Acc: 0.0859375
INFO:root:Epoch: 33, Train loss: 3.2372081, Train Acc: 0.11489899
INFO:root:Epoch: 33, Validation loss: 3.4304044, Validation Acc: 0.0859375
INFO:root:Epoch: 34, Train loss: 3.2424295, Train Acc: 0.11489899
INFO:root:Epoch: 34, Validation loss: 3.43594, Validation Acc: 0.098958336
INFO:root:Epoch: 35, Train loss: 3.225052, Train Acc: 0.12058081
INFO:root:Epoch: 35, Validation loss: 3.4916847, Validation Acc: 0.088541664
INFO:root:Epoch: 36, Train loss: 3.1657755, Train Acc: 0.121527776
INFO:root:Epoch: 36, Validation loss: 3.446265, Validation Acc: 0.083333336
INFO:root:Epoch: 37, Train loss: 3.1572254, Train Acc: 0.121527776
INFO:root:Epoch: 37, Validation loss: 3.517328, Validation Acc: 0.059895832
INFO:root:Epoch: 38, Train loss: 3.1468003, Train Acc: 0.12563132
INFO:root:Epoch: 38, Validation loss: 3.4651873, Validation Acc: 0.078125
INFO:root:Epoch: 39, Train loss: 3.1345334, Train Acc: 0.14015152
INFO:root:Epoch: 39, Validation loss: 3.4832122, Validation Acc: 0.09375
INFO:root:Epoch: 40, Train loss: 3.1046808, Train Acc: 0.13099748
INFO:root:Epoch: 40, Validation loss: 3.6008966, Validation Acc: 0.091145836
INFO:root:Epoch: 41, Train loss: 3.088642, Train Acc: 0.14141414
INFO:root:Epoch: 41, Validation loss: 3.6895082, Validation Acc: 0.0703125
INFO:root:Epoch: 42, Train loss: 3.1086657, Train Acc: 0.13920455
INFO:root:Epoch: 42, Validation loss: 3.4742594, Validation Acc: 0.096354164
INFO:root:Epoch: 43, Train loss: 3.055197, Train Acc: 0.14204545
INFO:root:Epoch: 43, Validation loss: 3.636715, Validation Acc: 0.088541664
INFO:root:Epoch: 44, Train loss: 3.048751, Train Acc: 0.14646465
INFO:root:Epoch: 44, Validation loss: 3.4113228, Validation Acc: 0.0859375
INFO:root:Epoch: 45, Train loss: 3.0184736, Train Acc: 0.15877526
INFO:root:Epoch: 45, Validation loss: 3.4316494, Validation Acc: 0.0859375
INFO:root:Epoch: 46, Train loss: 2.9810822, Train Acc: 0.15877526
INFO:root:Epoch: 46, Validation loss: 3.455061, Validation Acc: 0.106770836
INFO:root:Epoch: 47, Train loss: 2.9963326, Train Acc: 0.16603535
INFO:root:Epoch: 47, Validation loss: 3.4574468, Validation Acc: 0.098958336
INFO:root:Epoch: 48, Train loss: 2.9413772, Train Acc: 0.17045455
INFO:root:Epoch: 48, Validation loss: 3.4784126, Validation Acc: 0.0859375
INFO:root:Epoch: 49, Train loss: 2.9345052, Train Acc: 0.17424242
INFO:root:Epoch: 49, Validation loss: 3.5617723, Validation Acc: 0.104166664
INFO:root:Epoch: 50, Train loss: 2.9286487, Train Acc: 0.18213384
INFO:root:Epoch: 50, Validation loss: 3.4141636, Validation Acc: 0.078125
INFO:root:Epoch: 51, Train loss: 2.8948228, Train Acc: 0.18560606
INFO:root:Epoch: 51, Validation loss: 3.4563, Validation Acc: 0.096354164
INFO:root:Epoch: 52, Train loss: 2.870413, Train Acc: 0.19570707
INFO:root:Epoch: 52, Validation loss: 3.4440145, Validation Acc: 0.080729164
INFO:root:Epoch: 53, Train loss: 2.8537412, Train Acc: 0.19223484
INFO:root:Epoch: 53, Validation loss: 3.671218, Validation Acc: 0.119791664
INFO:root:Epoch: 54, Train loss: 2.815173, Train Acc: 0.21212122
INFO:root:Epoch: 54, Validation loss: 3.3702164, Validation Acc: 0.114583336
INFO:root:Epoch: 55, Train loss: 2.8082225, Train Acc: 0.20833333
INFO:root:Epoch: 55, Validation loss: 3.3736193, Validation Acc: 0.114583336
INFO:root:Epoch: 56, Train loss: 2.773693, Train Acc: 0.22190657
INFO:root:Epoch: 56, Validation loss: 3.3718557, Validation Acc: 0.13020833
INFO:root:Epoch: 57, Train loss: 2.7438316, Train Acc: 0.2231692
INFO:root:Epoch: 57, Validation loss: 3.5638444, Validation Acc: 0.104166664
INFO:root:Epoch: 58, Train loss: 2.7283201, Train Acc: 0.22190657
INFO:root:Epoch: 58, Validation loss: 3.4178858, Validation Acc: 0.12760417
INFO:root:Epoch: 59, Train loss: 2.7218146, Train Acc: 0.2354798
INFO:root:Epoch: 59, Validation loss: 3.464776, Validation Acc: 0.1171875
INFO:root:Training from ep 0 to ep 60 finished
INFO:root:Best epoch: 57
