INFO:root:Started
INFO:root:Epoch: 0, Train loss: 3.775724, Train Acc: 0.051767677
INFO:root:Epoch: 0, Validation loss: 3.6647234, Validation Acc: 0.078125
INFO:root:Epoch: 1, Train loss: 3.543812, Train Acc: 0.091224745
INFO:root:Epoch: 1, Validation loss: 3.5647404, Validation Acc: 0.088541664
INFO:root:Epoch: 2, Train loss: 3.4271197, Train Acc: 0.11679293
INFO:root:Epoch: 2, Validation loss: 3.5013468, Validation Acc: 0.104166664
INFO:root:Epoch: 3, Train loss: 3.2808836, Train Acc: 0.14930555
INFO:root:Epoch: 3, Validation loss: 3.5345538, Validation Acc: 0.091145836
INFO:root:Epoch: 4, Train loss: 3.1930847, Train Acc: 0.1701389
INFO:root:Epoch: 4, Validation loss: 3.578789, Validation Acc: 0.1015625
INFO:root:Epoch: 5, Train loss: 3.0869403, Train Acc: 0.18560606
INFO:root:Epoch: 5, Validation loss: 3.7017033, Validation Acc: 0.109375
INFO:root:Epoch: 6, Train loss: 3.0285907, Train Acc: 0.20359848
INFO:root:Epoch: 6, Validation loss: 3.6275651, Validation Acc: 0.088541664
INFO:root:Epoch: 7, Train loss: 2.9137597, Train Acc: 0.22727273
INFO:root:Epoch: 7, Validation loss: 3.439375, Validation Acc: 0.13020833
INFO:root:Epoch: 8, Train loss: 2.8189013, Train Acc: 0.25378788
INFO:root:Epoch: 8, Validation loss: 3.409215, Validation Acc: 0.15625
INFO:root:Epoch: 9, Train loss: 2.7347834, Train Acc: 0.2689394
INFO:root:Epoch: 9, Validation loss: 3.3488436, Validation Acc: 0.14322917
INFO:root:Epoch: 10, Train loss: 2.653558, Train Acc: 0.28724748
INFO:root:Epoch: 10, Validation loss: 3.397049, Validation Acc: 0.15625
INFO:root:Epoch: 11, Train loss: 2.5558565, Train Acc: 0.31123737
INFO:root:Epoch: 11, Validation loss: 3.3098443, Validation Acc: 0.15104167
INFO:root:Epoch: 12, Train loss: 2.5081668, Train Acc: 0.32954547
INFO:root:Epoch: 12, Validation loss: 3.373471, Validation Acc: 0.14583333
INFO:root:Epoch: 13, Train loss: 2.4397542, Train Acc: 0.34532827
INFO:root:Epoch: 13, Validation loss: 3.305392, Validation Acc: 0.15625
INFO:root:Epoch: 14, Train loss: 2.3155477, Train Acc: 0.3838384
INFO:root:Epoch: 14, Validation loss: 3.3414218, Validation Acc: 0.15885417
INFO:root:Epoch: 15, Train loss: 2.2616138, Train Acc: 0.3895202
INFO:root:Epoch: 15, Validation loss: 3.290034, Validation Acc: 0.18489583
INFO:root:Epoch: 16, Train loss: 2.1479678, Train Acc: 0.4201389
INFO:root:Epoch: 16, Validation loss: 3.4443953, Validation Acc: 0.15625
INFO:root:Epoch: 17, Train loss: 2.137601, Train Acc: 0.41824496
INFO:root:Epoch: 17, Validation loss: 3.22316, Validation Acc: 0.1875
INFO:root:Epoch: 18, Train loss: 2.0443406, Train Acc: 0.4535985
INFO:root:Epoch: 18, Validation loss: 3.3057537, Validation Acc: 0.18229167
INFO:root:Epoch: 19, Train loss: 1.9300961, Train Acc: 0.4744318
INFO:root:Epoch: 19, Validation loss: 3.5974493, Validation Acc: 0.1796875
INFO:root:Epoch: 20, Train loss: 1.8854718, Train Acc: 0.4810606
INFO:root:Epoch: 20, Validation loss: 3.45272, Validation Acc: 0.15364583
INFO:root:Epoch: 21, Train loss: 1.8635029, Train Acc: 0.48642677
INFO:root:Epoch: 21, Validation loss: 3.371216, Validation Acc: 0.15885417
INFO:root:Epoch: 22, Train loss: 1.7868973, Train Acc: 0.50410354
INFO:root:Epoch: 22, Validation loss: 3.4244502, Validation Acc: 0.16666667
INFO:root:Epoch: 23, Train loss: 1.7057667, Train Acc: 0.52367425
INFO:root:Epoch: 23, Validation loss: 3.4937427, Validation Acc: 0.1796875
INFO:root:Epoch: 24, Train loss: 1.6870136, Train Acc: 0.532197
INFO:root:Epoch: 24, Validation loss: 3.2823448, Validation Acc: 0.19270833
INFO:root:Epoch: 25, Train loss: 1.6566137, Train Acc: 0.54703283
INFO:root:Epoch: 25, Validation loss: 3.322324, Validation Acc: 0.1875
INFO:root:Epoch: 26, Train loss: 1.4987521, Train Acc: 0.5801768
INFO:root:Epoch: 26, Validation loss: 3.5009978, Validation Acc: 0.20833333
INFO:root:Epoch: 27, Train loss: 1.5025789, Train Acc: 0.59185606
INFO:root:Epoch: 27, Validation loss: 3.6094418, Validation Acc: 0.1953125
INFO:root:Epoch: 28, Train loss: 1.4562953, Train Acc: 0.59343433
INFO:root:Epoch: 28, Validation loss: 3.4167087, Validation Acc: 0.2265625
INFO:root:Epoch: 29, Train loss: 1.396735, Train Acc: 0.60227275
INFO:root:Epoch: 29, Validation loss: 3.7408946, Validation Acc: 0.22395833
INFO:root:Training from ep 0 to ep 30 finished
INFO:root:Best epoch: 29
INFO:root:Started
INFO:root:Epoch: 0, Train loss: 3.7555354, Train Acc: 0.054608587
INFO:root:Epoch: 0, Validation loss: 3.6671965, Validation Acc: 0.091145836
INFO:root:Epoch: 1, Train loss: 3.5050294, Train Acc: 0.09501263
INFO:root:Epoch: 1, Validation loss: 3.5532672, Validation Acc: 0.096354164
INFO:root:Epoch: 2, Train loss: 3.3562772, Train Acc: 0.13573232
INFO:root:Epoch: 2, Validation loss: 3.5344486, Validation Acc: 0.111979164
INFO:root:Epoch: 3, Train loss: 3.2171884, Train Acc: 0.15751262
INFO:root:Epoch: 3, Validation loss: 3.586919, Validation Acc: 0.083333336
INFO:root:Epoch: 4, Train loss: 3.1076815, Train Acc: 0.1830808
INFO:root:Epoch: 4, Validation loss: 3.6052787, Validation Acc: 0.109375
INFO:root:Epoch: 5, Train loss: 3.0053332, Train Acc: 0.19255051
INFO:root:Epoch: 5, Validation loss: 3.7104378, Validation Acc: 0.0703125
INFO:root:Epoch: 6, Train loss: 2.9411187, Train Acc: 0.21938132
INFO:root:Epoch: 6, Validation loss: 3.601986, Validation Acc: 0.104166664
INFO:root:Epoch: 7, Train loss: 2.813504, Train Acc: 0.25473484
INFO:root:Epoch: 7, Validation loss: 3.405716, Validation Acc: 0.13020833
INFO:root:Epoch: 8, Train loss: 2.7256608, Train Acc: 0.28440657
INFO:root:Epoch: 8, Validation loss: 3.5001822, Validation Acc: 0.125
INFO:root:Epoch: 9, Train loss: 2.618258, Train Acc: 0.30239898
INFO:root:Epoch: 9, Validation loss: 3.383094, Validation Acc: 0.119791664
INFO:root:Epoch: 10, Train loss: 2.5361896, Train Acc: 0.31691918
INFO:root:Epoch: 10, Validation loss: 3.612417, Validation Acc: 0.111979164
INFO:root:Epoch: 11, Train loss: 2.4402006, Train Acc: 0.34122476
INFO:root:Epoch: 11, Validation loss: 3.4096563, Validation Acc: 0.13020833
INFO:root:Epoch: 12, Train loss: 2.3914247, Train Acc: 0.3532197
INFO:root:Epoch: 12, Validation loss: 3.4217536, Validation Acc: 0.140625
INFO:root:Epoch: 13, Train loss: 2.3183687, Train Acc: 0.3772096
INFO:root:Epoch: 13, Validation loss: 3.3591604, Validation Acc: 0.15885417
INFO:root:Epoch: 14, Train loss: 2.2067652, Train Acc: 0.40498737
INFO:root:Epoch: 14, Validation loss: 3.3372552, Validation Acc: 0.171875
INFO:root:Epoch: 15, Train loss: 2.1505938, Train Acc: 0.41066918
INFO:root:Epoch: 15, Validation loss: 3.360259, Validation Acc: 0.17708333
INFO:root:Epoch: 16, Train loss: 2.0251956, Train Acc: 0.44728535
INFO:root:Epoch: 16, Validation loss: 3.4782488, Validation Acc: 0.17447917
INFO:root:Epoch: 17, Train loss: 1.9975148, Train Acc: 0.46117425
INFO:root:Epoch: 17, Validation loss: 3.395897, Validation Acc: 0.15364583
INFO:root:Epoch: 18, Train loss: 1.916928, Train Acc: 0.47916666
INFO:root:Epoch: 18, Validation loss: 3.3933916, Validation Acc: 0.16666667
INFO:root:Epoch: 19, Train loss: 1.8083302, Train Acc: 0.5
INFO:root:Epoch: 19, Validation loss: 3.596346, Validation Acc: 0.16666667
INFO:root:Epoch: 20, Train loss: 1.771852, Train Acc: 0.5078914
INFO:root:Epoch: 20, Validation loss: 3.5944564, Validation Acc: 0.14322917
INFO:root:Epoch: 21, Train loss: 1.732107, Train Acc: 0.5243056
INFO:root:Epoch: 21, Validation loss: 3.6467679, Validation Acc: 0.16145833
INFO:root:Epoch: 22, Train loss: 1.6432363, Train Acc: 0.5363005
INFO:root:Epoch: 22, Validation loss: 3.5660143, Validation Acc: 0.18489583
INFO:root:Epoch: 23, Train loss: 1.5792304, Train Acc: 0.56565654
INFO:root:Epoch: 23, Validation loss: 3.6485069, Validation Acc: 0.15885417
INFO:root:Epoch: 24, Train loss: 1.551621, Train Acc: 0.56786615
INFO:root:Epoch: 24, Validation loss: 3.4345114, Validation Acc: 0.20833333
INFO:root:Epoch: 25, Train loss: 1.4924197, Train Acc: 0.584596
INFO:root:Epoch: 25, Validation loss: 3.577998, Validation Acc: 0.19270833
INFO:root:Epoch: 26, Train loss: 1.3749341, Train Acc: 0.60574496
INFO:root:Epoch: 26, Validation loss: 3.8171227, Validation Acc: 0.16666667
INFO:root:Epoch: 27, Train loss: 1.3686861, Train Acc: 0.60953283
INFO:root:Epoch: 27, Validation loss: 3.8694293, Validation Acc: 0.15625
INFO:root:Epoch: 28, Train loss: 1.3057139, Train Acc: 0.6300505
INFO:root:Epoch: 28, Validation loss: 3.6108322, Validation Acc: 0.19791667
INFO:root:Epoch: 29, Train loss: 1.2755246, Train Acc: 0.6401515
INFO:root:Epoch: 29, Validation loss: 3.7314522, Validation Acc: 0.20052083
INFO:root:Training from ep 0 to ep 30 finished
INFO:root:Best epoch: 25
