INFO:root:Started
INFO:root:Epoch: 0, Train loss: 3.4512403
INFO:root:Epoch: 0, Validation loss: 1.7515763
INFO:root:Epoch: 1, Train loss: 0.8320345
INFO:root:Epoch: 1, Validation loss: 0.39896837
INFO:root:Epoch: 2, Train loss: 0.2493769
INFO:root:Epoch: 2, Validation loss: 0.14044985
INFO:root:Epoch: 3, Train loss: 0.10869199
INFO:root:Epoch: 3, Validation loss: 0.071780205
INFO:root:Epoch: 4, Train loss: 0.061760392
INFO:root:Epoch: 4, Validation loss: 0.050379038
INFO:root:Epoch: 5, Train loss: 0.038556598
INFO:root:Epoch: 5, Validation loss: 0.034847695
INFO:root:Epoch: 6, Train loss: 0.027310811
INFO:root:Epoch: 6, Validation loss: 0.026164569
INFO:root:Epoch: 7, Train loss: 0.020383649
INFO:root:Epoch: 7, Validation loss: 0.014410496
INFO:root:Epoch: 8, Train loss: 0.015748752
INFO:root:Epoch: 8, Validation loss: 0.014856194
INFO:root:Epoch: 9, Train loss: 0.011838584
INFO:root:Epoch: 9, Validation loss: 0.01239624
INFO:root:Epoch: 10, Train loss: 0.010248518
INFO:root:Epoch: 10, Validation loss: 0.010402857
INFO:root:Epoch: 11, Train loss: 0.008127251
INFO:root:Epoch: 11, Validation loss: 0.008761188
INFO:root:Epoch: 12, Train loss: 0.0073625967
INFO:root:Epoch: 12, Validation loss: 0.007127429
INFO:root:Epoch: 13, Train loss: 0.005719526
INFO:root:Epoch: 13, Validation loss: 0.006055594
INFO:root:Epoch: 14, Train loss: 0.005463105
INFO:root:Epoch: 14, Validation loss: 0.005516683
INFO:root:Epoch: 15, Train loss: 0.004509518
INFO:root:Epoch: 15, Validation loss: 0.00434219
INFO:root:Epoch: 16, Train loss: 0.004613785
INFO:root:Epoch: 16, Validation loss: 0.0036221147
INFO:root:Epoch: 17, Train loss: 0.0039408896
INFO:root:Epoch: 17, Validation loss: 0.0036424224
INFO:root:Epoch: 18, Train loss: 0.0033698564
INFO:root:Epoch: 18, Validation loss: 0.003854924
INFO:root:Epoch: 19, Train loss: 0.003047966
INFO:root:Epoch: 19, Validation loss: 0.00327097
INFO:root:Epoch: 20, Train loss: 0.0027475927
INFO:root:Epoch: 20, Validation loss: 0.0040093684
INFO:root:Epoch: 21, Train loss: 0.0026020799
INFO:root:Epoch: 21, Validation loss: 0.0025274241
INFO:root:Epoch: 22, Train loss: 0.0024635994
INFO:root:Epoch: 22, Validation loss: 0.002376984
INFO:root:Epoch: 23, Train loss: 0.002186833
INFO:root:Epoch: 23, Validation loss: 0.0023547695
INFO:root:Epoch: 24, Train loss: 0.0019715638
INFO:root:Epoch: 24, Validation loss: 0.0025796702
INFO:root:Epoch: 25, Train loss: 0.0019560754
INFO:root:Epoch: 25, Validation loss: 0.0016316891
INFO:root:Epoch: 26, Train loss: 0.0017526826
INFO:root:Epoch: 26, Validation loss: 0.0020009528
INFO:root:Epoch: 27, Train loss: 0.0015446637
INFO:root:Epoch: 27, Validation loss: 0.0016205922
INFO:root:Epoch: 28, Train loss: 0.0015567822
INFO:root:Epoch: 28, Validation loss: 0.0011669375
INFO:root:Epoch: 29, Train loss: 0.001496667
INFO:root:Epoch: 29, Validation loss: 0.0011382018
INFO:root:Epoch: 30, Train loss: 0.0014507766
INFO:root:Epoch: 30, Validation loss: 0.0019467393
INFO:root:Epoch: 31, Train loss: 0.0012305547
INFO:root:Epoch: 31, Validation loss: 0.001519279
INFO:root:Epoch: 32, Train loss: 0.0011803115
INFO:root:Epoch: 32, Validation loss: 0.0010767274
INFO:root:Epoch: 33, Train loss: 0.0011211614
INFO:root:Epoch: 33, Validation loss: 0.00071327103
INFO:root:Epoch: 34, Train loss: 0.0010947926
INFO:root:Epoch: 34, Validation loss: 0.0012495744
INFO:root:Epoch: 35, Train loss: 0.0012192907
INFO:root:Epoch: 35, Validation loss: 0.0010636951
INFO:root:Epoch: 36, Train loss: 0.0011852033
INFO:root:Epoch: 36, Validation loss: 0.0009534962
INFO:root:Epoch: 37, Train loss: 0.0009801748
INFO:root:Epoch: 37, Validation loss: 0.0010579396
INFO:root:Epoch: 38, Train loss: 0.0008814444
INFO:root:Epoch: 38, Validation loss: 0.0010330366
INFO:root:Epoch: 39, Train loss: 0.0009077316
INFO:root:Epoch: 39, Validation loss: 0.0013258486
INFO:root:Epoch: 40, Train loss: 0.00081538456
INFO:root:Epoch: 40, Validation loss: 0.00069434755
INFO:root:Epoch: 41, Train loss: 0.00084149523
INFO:root:Epoch: 41, Validation loss: 0.00071851426
INFO:root:Epoch: 42, Train loss: 0.0006638344
INFO:root:Epoch: 42, Validation loss: 0.00087185856
INFO:root:Epoch: 43, Train loss: 0.00069986534
INFO:root:Epoch: 43, Validation loss: 0.00065010187
INFO:root:Epoch: 44, Train loss: 0.0007158124
INFO:root:Epoch: 44, Validation loss: 0.0007113498
INFO:root:Epoch: 45, Train loss: 0.0005590574
INFO:root:Epoch: 45, Validation loss: 0.0007695332
INFO:root:Epoch: 46, Train loss: 0.0006781753
INFO:root:Epoch: 46, Validation loss: 0.00063430215
INFO:root:Epoch: 47, Train loss: 0.000629404
INFO:root:Epoch: 47, Validation loss: 0.00044267127
INFO:root:Epoch: 48, Train loss: 0.00071631355
INFO:root:Epoch: 48, Validation loss: 0.00047472536
INFO:root:Epoch: 49, Train loss: 0.0005250263
INFO:root:Epoch: 49, Validation loss: 0.00063947536
INFO:root:Epoch: 50, Train loss: 0.00050825905
INFO:root:Epoch: 50, Validation loss: 0.0005067177
INFO:root:Epoch: 51, Train loss: 0.0005440957
INFO:root:Epoch: 51, Validation loss: 0.00034281317
INFO:root:Epoch: 52, Train loss: 0.0004456703
INFO:root:Epoch: 52, Validation loss: 0.00043752627
INFO:root:Epoch: 53, Train loss: 0.0004037177
INFO:root:Epoch: 53, Validation loss: 0.00037053635
INFO:root:Epoch: 54, Train loss: 0.0004562918
INFO:root:Epoch: 54, Validation loss: 0.0004700095
INFO:root:Epoch: 55, Train loss: 0.00046798182
INFO:root:Epoch: 55, Validation loss: 0.0003683767
INFO:root:Epoch: 56, Train loss: 0.0004182116
INFO:root:Epoch: 56, Validation loss: 0.00045450628
INFO:root:Epoch: 57, Train loss: 0.00042760695
INFO:root:Epoch: 57, Validation loss: 0.000341722
INFO:root:Epoch: 58, Train loss: 0.00035351186
INFO:root:Epoch: 58, Validation loss: 0.0003977781
INFO:root:Epoch: 59, Train loss: 0.0004784632
INFO:root:Epoch: 59, Validation loss: 0.00042073868
INFO:root:Epoch: 60, Train loss: 0.0003871025
INFO:root:Epoch: 60, Validation loss: 0.0002565011
INFO:root:Epoch: 61, Train loss: 0.00040717426
INFO:root:Epoch: 61, Validation loss: 0.00025426707
INFO:root:Epoch: 62, Train loss: 0.00045553574
INFO:root:Epoch: 62, Validation loss: 0.00039721598
INFO:root:Epoch: 63, Train loss: 0.0003588103
INFO:root:Epoch: 63, Validation loss: 0.00020405285
INFO:root:Epoch: 64, Train loss: 0.00033305617
INFO:root:Epoch: 64, Validation loss: 0.0002279321
INFO:root:Epoch: 65, Train loss: 0.00029420143
INFO:root:Epoch: 65, Validation loss: 0.00037013032
INFO:root:Epoch: 66, Train loss: 0.00024947507
INFO:root:Epoch: 66, Validation loss: 0.00034444532
INFO:root:Epoch: 67, Train loss: 0.00034932187
INFO:root:Epoch: 67, Validation loss: 0.00025210404
INFO:root:Epoch: 68, Train loss: 0.0003368298
INFO:root:Epoch: 68, Validation loss: 0.00020872132
INFO:root:Epoch: 69, Train loss: 0.00030540526
INFO:root:Epoch: 69, Validation loss: 0.00015316282
INFO:root:Epoch: 70, Train loss: 0.00030975847
INFO:root:Epoch: 70, Validation loss: 0.000261814
INFO:root:Epoch: 71, Train loss: 0.00028056183
INFO:root:Epoch: 71, Validation loss: 0.00030033092
INFO:root:Epoch: 72, Train loss: 0.00040393873
INFO:root:Epoch: 72, Validation loss: 0.00025285574
INFO:root:Epoch: 73, Train loss: 0.0002795173
INFO:root:Epoch: 73, Validation loss: 0.000112280104
INFO:root:Epoch: 74, Train loss: 0.0002712895
INFO:root:Epoch: 74, Validation loss: 0.00020018719
INFO:root:Epoch: 75, Train loss: 0.00024410449
INFO:root:Epoch: 75, Validation loss: 0.00017482629
INFO:root:Epoch: 76, Train loss: 0.00020819624
INFO:root:Epoch: 76, Validation loss: 0.0001405438
INFO:root:Epoch: 77, Train loss: 0.00022458391
INFO:root:Epoch: 77, Validation loss: 0.00024233856
INFO:root:Epoch: 78, Train loss: 0.00020195103
INFO:root:Epoch: 78, Validation loss: 0.00016967433
INFO:root:Epoch: 79, Train loss: 0.0001858686
INFO:root:Epoch: 79, Validation loss: 0.00014655538
INFO:root:Epoch: 80, Train loss: 0.00019194515
INFO:root:Epoch: 80, Validation loss: 0.00011790439
INFO:root:Epoch: 81, Train loss: 0.00017044788
INFO:root:Epoch: 81, Validation loss: 0.00010259894
INFO:root:Epoch: 82, Train loss: 0.00016115252
INFO:root:Epoch: 82, Validation loss: 0.00014200668
INFO:root:Epoch: 83, Train loss: 0.00018895832
INFO:root:Epoch: 83, Validation loss: 0.00016013095
INFO:root:Epoch: 84, Train loss: 0.00015653731
INFO:root:Epoch: 84, Validation loss: 0.00010244633
INFO:root:Epoch: 85, Train loss: 0.00019141154
INFO:root:Epoch: 85, Validation loss: 0.00016703673
INFO:root:Epoch: 86, Train loss: 0.00017346324
INFO:root:Epoch: 86, Validation loss: 0.00013369284
INFO:root:Epoch: 87, Train loss: 0.0001485758
INFO:root:Epoch: 87, Validation loss: 0.000111881236
INFO:root:Epoch: 88, Train loss: 0.00018487746
INFO:root:Epoch: 88, Validation loss: 0.000112580376
INFO:root:Epoch: 89, Train loss: 0.00014481269
INFO:root:Epoch: 89, Validation loss: 0.000119659
INFO:root:Epoch: 90, Train loss: 0.00018909313
INFO:root:Epoch: 90, Validation loss: 0.0002278543
INFO:root:Epoch: 91, Train loss: 0.00016104137
INFO:root:Epoch: 91, Validation loss: 0.0002380984
INFO:root:Epoch: 92, Train loss: 0.00011919298
INFO:root:Epoch: 92, Validation loss: 0.0001944417
INFO:root:Epoch: 93, Train loss: 0.0001124129
INFO:root:Epoch: 93, Validation loss: 6.293902e-05
INFO:root:Epoch: 94, Train loss: 0.000118614815
INFO:root:Epoch: 94, Validation loss: 0.00011312863
INFO:root:Epoch: 95, Train loss: 0.00016517221
INFO:root:Epoch: 95, Validation loss: 0.00011966986
INFO:root:Epoch: 96, Train loss: 0.00013836447
INFO:root:Epoch: 96, Validation loss: 8.620165e-05
INFO:root:Epoch: 97, Train loss: 0.0002816485
INFO:root:Epoch: 97, Validation loss: 0.0002684235
INFO:root:Epoch: 98, Train loss: 0.00014291829
INFO:root:Epoch: 98, Validation loss: 0.00011716737
INFO:root:Epoch: 99, Train loss: 0.00011113096
INFO:root:Epoch: 99, Validation loss: 0.00012057207
INFO:root:Training from ep 0 to ep 100 finished
INFO:root:Best epoch: 94
