INFO:root:Started
INFO:root:Started
INFO:root:Epoch: 0, Train loss: 0.1246784
INFO:root:Epoch: 0, Validation loss: 0.0054903715
INFO:root:Epoch: 1, Train loss: 0.0030009877
INFO:root:Epoch: 1, Validation loss: 0.0017762173
INFO:root:Epoch: 2, Train loss: 0.0014883603
INFO:root:Epoch: 2, Validation loss: 0.00095430634
INFO:root:Epoch: 3, Train loss: 0.0009253221
INFO:root:Epoch: 3, Validation loss: 0.0006303072
INFO:root:Epoch: 4, Train loss: 0.000595773
INFO:root:Epoch: 4, Validation loss: 0.0004362793
INFO:root:Epoch: 5, Train loss: 0.0004486748
INFO:root:Epoch: 5, Validation loss: 0.0003310088
INFO:root:Epoch: 6, Train loss: 0.00033277128
INFO:root:Epoch: 6, Validation loss: 0.00025393002
INFO:root:Epoch: 7, Train loss: 0.0002630978
INFO:root:Epoch: 7, Validation loss: 0.00019075605
INFO:root:Epoch: 8, Train loss: 0.00021340967
INFO:root:Epoch: 8, Validation loss: 0.00016074607
INFO:root:Epoch: 9, Train loss: 0.00018026476
INFO:root:Epoch: 9, Validation loss: 0.0001345994
INFO:root:Epoch: 10, Train loss: 0.00014734693
INFO:root:Epoch: 10, Validation loss: 0.00010723556
INFO:root:Epoch: 11, Train loss: 0.00012589204
INFO:root:Epoch: 11, Validation loss: 8.5905434e-05
INFO:root:Epoch: 12, Train loss: 0.00010828655
INFO:root:Epoch: 12, Validation loss: 7.890375e-05
INFO:root:Epoch: 13, Train loss: 9.280251e-05
INFO:root:Epoch: 13, Validation loss: 6.53175e-05
INFO:root:Epoch: 14, Train loss: 8.092001e-05
INFO:root:Epoch: 14, Validation loss: 5.912252e-05
INFO:root:Epoch: 15, Train loss: 7.2924326e-05
INFO:root:Epoch: 15, Validation loss: 5.0547216e-05
INFO:root:Epoch: 16, Train loss: 6.33507e-05
INFO:root:Epoch: 16, Validation loss: 4.8052192e-05
INFO:root:Epoch: 17, Train loss: 5.6740013e-05
INFO:root:Epoch: 17, Validation loss: 4.2967204e-05
INFO:root:Epoch: 18, Train loss: 5.0308583e-05
INFO:root:Epoch: 18, Validation loss: 3.7958926e-05
INFO:root:Epoch: 19, Train loss: 4.3523552e-05
INFO:root:Epoch: 19, Validation loss: 3.0362551e-05
INFO:root:Epoch: 20, Train loss: 4.2242325e-05
INFO:root:Epoch: 20, Validation loss: 3.0735864e-05
INFO:root:Epoch: 21, Train loss: 3.755207e-05
INFO:root:Epoch: 21, Validation loss: 3.0937947e-05
INFO:root:Epoch: 22, Train loss: 3.4358276e-05
INFO:root:Epoch: 22, Validation loss: 2.425811e-05
INFO:root:Epoch: 23, Train loss: 3.0545914e-05
INFO:root:Epoch: 23, Validation loss: 2.4435487e-05
INFO:root:Epoch: 24, Train loss: 2.7504362e-05
INFO:root:Epoch: 24, Validation loss: 1.9429563e-05
INFO:root:Epoch: 25, Train loss: 2.503143e-05
INFO:root:Epoch: 25, Validation loss: 1.7727923e-05
INFO:root:Epoch: 26, Train loss: 2.4218942e-05
INFO:root:Epoch: 26, Validation loss: 1.8546332e-05
INFO:root:Epoch: 27, Train loss: 2.2501017e-05
INFO:root:Epoch: 27, Validation loss: 1.5678084e-05
INFO:root:Epoch: 28, Train loss: 2.0218615e-05
INFO:root:Epoch: 28, Validation loss: 1.610019e-05
INFO:root:Epoch: 29, Train loss: 1.844547e-05
INFO:root:Epoch: 29, Validation loss: 1.4362076e-05
INFO:root:Epoch: 30, Train loss: 1.86344e-05
INFO:root:Epoch: 30, Validation loss: 1.2715746e-05
INFO:root:Epoch: 31, Train loss: 1.7949937e-05
INFO:root:Epoch: 31, Validation loss: 1.1266252e-05
INFO:root:Epoch: 32, Train loss: 1.6853934e-05
INFO:root:Epoch: 32, Validation loss: 1.0373648e-05
INFO:root:Epoch: 33, Train loss: 1.43262205e-05
INFO:root:Epoch: 33, Validation loss: 9.800221e-06
INFO:root:Epoch: 34, Train loss: 1.3483706e-05
INFO:root:Epoch: 34, Validation loss: 1.0138307e-05
INFO:root:Epoch: 35, Train loss: 1.2670717e-05
INFO:root:Epoch: 35, Validation loss: 9.844346e-06
INFO:root:Epoch: 36, Train loss: 1.2942345e-05
INFO:root:Epoch: 36, Validation loss: 9.229032e-06
INFO:root:Epoch: 37, Train loss: 1.2224588e-05
INFO:root:Epoch: 37, Validation loss: 8.267457e-06
INFO:root:Epoch: 38, Train loss: 1.103249e-05
INFO:root:Epoch: 38, Validation loss: 7.151727e-06
INFO:root:Epoch: 39, Train loss: 1.0519504e-05
INFO:root:Epoch: 39, Validation loss: 1.091101e-05
INFO:root:Epoch: 40, Train loss: 9.7128295e-06
INFO:root:Epoch: 40, Validation loss: 8.020428e-06
INFO:root:Epoch: 41, Train loss: 1.0547391e-05
INFO:root:Epoch: 41, Validation loss: 5.2692135e-06
INFO:root:Epoch: 42, Train loss: 9.163625e-06
INFO:root:Epoch: 42, Validation loss: 1.7814282e-05
INFO:root:Epoch: 43, Train loss: 9.06724e-06
INFO:root:Epoch: 43, Validation loss: 5.864737e-06
INFO:root:Epoch: 44, Train loss: 9.856438e-06
INFO:root:Epoch: 44, Validation loss: 6.924548e-06
INFO:root:Epoch: 45, Train loss: 8.466332e-06
INFO:root:Epoch: 45, Validation loss: 5.032166e-06
INFO:root:Epoch: 46, Train loss: 8.7716035e-06
INFO:root:Epoch: 46, Validation loss: 3.8591506e-06
INFO:root:Epoch: 47, Train loss: 7.1644895e-06
INFO:root:Epoch: 47, Validation loss: 4.583695e-06
INFO:root:Epoch: 48, Train loss: 7.864668e-06
INFO:root:Epoch: 48, Validation loss: 3.4787763e-06
INFO:root:Epoch: 49, Train loss: 6.6902453e-06
INFO:root:Epoch: 49, Validation loss: 6.114708e-06
INFO:root:Epoch: 50, Train loss: 7.4833706e-06
INFO:root:Epoch: 50, Validation loss: 4.077595e-06
INFO:root:Epoch: 51, Train loss: 6.0535303e-06
INFO:root:Epoch: 51, Validation loss: 4.1841317e-06
INFO:root:Epoch: 52, Train loss: 5.7981433e-06
INFO:root:Epoch: 52, Validation loss: 5.392512e-06
INFO:root:Epoch: 53, Train loss: 5.318277e-06
INFO:root:Epoch: 53, Validation loss: 4.919965e-06
INFO:root:Epoch: 54, Train loss: 6.9301936e-06
INFO:root:Epoch: 54, Validation loss: 8.046149e-06
INFO:root:Epoch: 55, Train loss: 5.1582037e-06
INFO:root:Epoch: 55, Validation loss: 7.5918665e-06
INFO:root:Epoch: 56, Train loss: 6.255908e-06
INFO:root:Epoch: 56, Validation loss: 3.1677096e-06
INFO:root:Epoch: 57, Train loss: 4.3202404e-06
INFO:root:Epoch: 57, Validation loss: 4.2774814e-06
INFO:root:Epoch: 58, Train loss: 5.664591e-06
INFO:root:Epoch: 58, Validation loss: 4.4011013e-06
INFO:root:Epoch: 59, Train loss: 5.1819848e-06
INFO:root:Epoch: 59, Validation loss: 3.7884413e-06
INFO:root:Epoch: 60, Train loss: 4.12268e-06
INFO:root:Epoch: 60, Validation loss: 4.760898e-06
INFO:root:Epoch: 61, Train loss: 5.7116226e-06
INFO:root:Epoch: 61, Validation loss: 1.7205658e-06
INFO:root:Epoch: 62, Train loss: 4.849644e-06
INFO:root:Epoch: 62, Validation loss: 7.206645e-06
INFO:root:Epoch: 63, Train loss: 4.6526775e-06
INFO:root:Epoch: 63, Validation loss: 4.236434e-06
INFO:root:Epoch: 64, Train loss: 6.653728e-06
INFO:root:Epoch: 64, Validation loss: 2.3272319e-06
INFO:root:Epoch: 65, Train loss: 4.300097e-06
INFO:root:Epoch: 65, Validation loss: 3.200592e-06
INFO:root:Epoch: 66, Train loss: 6.466236e-06
INFO:root:Epoch: 66, Validation loss: 0.0013654047
INFO:root:Epoch: 67, Train loss: 1.1873974e-05
INFO:root:Epoch: 67, Validation loss: 2.9610699e-06
INFO:root:Epoch: 68, Train loss: 4.5320967e-06
INFO:root:Epoch: 68, Validation loss: 2.5452766e-06
INFO:root:Epoch: 69, Train loss: 3.6165145e-06
INFO:root:Epoch: 69, Validation loss: 3.326919e-06
INFO:root:Epoch: 70, Train loss: 3.1463496e-06
INFO:root:Epoch: 70, Validation loss: 2.048946e-06
INFO:root:Epoch: 71, Train loss: 4.461269e-06
INFO:root:Epoch: 71, Validation loss: 7.061039e-05
INFO:root:Epoch: 72, Train loss: 5.7822285e-06
INFO:root:Epoch: 72, Validation loss: 1.4896437e-05
INFO:root:Epoch: 73, Train loss: 3.1804475e-06
INFO:root:Epoch: 73, Validation loss: 3.7844222e-06
INFO:root:Epoch: 74, Train loss: 3.231437e-06
INFO:root:Epoch: 74, Validation loss: 3.7692857e-06
INFO:root:Epoch: 75, Train loss: 3.2681e-06
INFO:root:Epoch: 75, Validation loss: 3.8291964e-06
INFO:root:Epoch: 76, Train loss: 3.4798509e-06
INFO:root:Epoch: 76, Validation loss: 1.8739624e-06
INFO:root:Epoch: 77, Train loss: 4.593788e-06
INFO:root:Epoch: 77, Validation loss: 2.080553e-06
INFO:root:Epoch: 78, Train loss: 2.9653675e-06
INFO:root:Epoch: 78, Validation loss: 2.361165e-06
INFO:root:Epoch: 79, Train loss: 3.765115e-06
INFO:root:Epoch: 79, Validation loss: 1.9242489e-05
INFO:root:Epoch: 80, Train loss: 3.7083792e-06
INFO:root:Epoch: 80, Validation loss: 2.843108e-06
INFO:root:Epoch: 81, Train loss: 2.8509178e-06
INFO:root:Epoch: 81, Validation loss: 3.4097095e-06
INFO:root:Epoch: 82, Train loss: 3.619976e-06
INFO:root:Epoch: 82, Validation loss: 2.8129475e-06
INFO:root:Epoch: 83, Train loss: 3.610429e-06
INFO:root:Epoch: 83, Validation loss: 1.4093533e-06
INFO:root:Epoch: 84, Train loss: 2.5186516e-06
INFO:root:Epoch: 84, Validation loss: 1.5625889e-06
INFO:root:Epoch: 85, Train loss: 2.4655253e-06
INFO:root:Epoch: 85, Validation loss: 5.1643824e-06
INFO:root:Epoch: 86, Train loss: 3.2457522e-06
INFO:root:Epoch: 86, Validation loss: 5.2353544e-06
INFO:root:Epoch: 87, Train loss: 2.6436405e-06
INFO:root:Epoch: 87, Validation loss: 7.833369e-07
INFO:root:Epoch: 88, Train loss: 8.871196e-05
INFO:root:Epoch: 88, Validation loss: 2.662483e-05
INFO:root:Epoch: 89, Train loss: 1.046759e-05
INFO:root:Epoch: 89, Validation loss: 1.31976e-05
INFO:root:Epoch: 90, Train loss: 7.2482444e-06
INFO:root:Epoch: 90, Validation loss: 4.322316e-06
INFO:root:Epoch: 91, Train loss: 4.6020564e-06
INFO:root:Epoch: 91, Validation loss: 3.6386657e-06
INFO:root:Epoch: 92, Train loss: 3.6830186e-06
INFO:root:Epoch: 92, Validation loss: 2.3749612e-05
INFO:root:Epoch: 93, Train loss: 4.190084e-06
INFO:root:Epoch: 93, Validation loss: 1.7842302e-06
INFO:root:Epoch: 94, Train loss: 3.317594e-06
INFO:root:Epoch: 94, Validation loss: 2.1191279e-06
INFO:root:Epoch: 95, Train loss: 2.7292233e-06
INFO:root:Epoch: 95, Validation loss: 2.3913199e-06
INFO:root:Epoch: 96, Train loss: 2.8320162e-06
INFO:root:Epoch: 96, Validation loss: 1.8281712e-06
INFO:root:Epoch: 97, Train loss: 3.5992311e-06
INFO:root:Epoch: 97, Validation loss: 3.3429726e-06
INFO:root:Epoch: 98, Train loss: 2.2076126e-06
INFO:root:Epoch: 98, Validation loss: 1.0383033e-06
INFO:root:Epoch: 99, Train loss: 2.8635213e-06
INFO:root:Epoch: 99, Validation loss: 4.6137184e-06
INFO:root:Training from ep 0 to ep 100 finished
INFO:root:Best epoch: 88
