INFO:root:Started
INFO:root:Epoch: 0, Train loss: 3.705682, Train Acc: 0.060921717
INFO:root:Epoch: 0, Validation loss: 3.955715, Validation Acc: 0.041666668
INFO:root:Started
INFO:root:Epoch: 0, Train loss: 3.705867, Train Acc: 0.060290404
INFO:root:Epoch: 0, Validation loss: 3.9561408, Validation Acc: 0.041666668
INFO:root:Epoch: 1, Train loss: 3.435412, Train Acc: 0.109848484
INFO:root:Epoch: 1, Validation loss: 3.594078, Validation Acc: 0.088541664
INFO:root:Epoch: 2, Train loss: 3.2686465, Train Acc: 0.13541667
INFO:root:Epoch: 2, Validation loss: 3.563368, Validation Acc: 0.083333336
INFO:root:Epoch: 3, Train loss: 3.1669214, Train Acc: 0.15751262
INFO:root:Epoch: 3, Validation loss: 3.5162566, Validation Acc: 0.119791664
INFO:root:Epoch: 4, Train loss: 3.0433295, Train Acc: 0.2048611
INFO:root:Epoch: 4, Validation loss: 3.4360702, Validation Acc: 0.111979164
INFO:root:Epoch: 5, Train loss: 2.920221, Train Acc: 0.22380051
INFO:root:Epoch: 5, Validation loss: 3.5753086, Validation Acc: 0.114583336
INFO:root:Epoch: 6, Train loss: 2.8147101, Train Acc: 0.25631315
INFO:root:Epoch: 6, Validation loss: 3.4983504, Validation Acc: 0.09375
INFO:root:Epoch: 7, Train loss: 2.7019527, Train Acc: 0.28314394
INFO:root:Epoch: 7, Validation loss: 3.5703707, Validation Acc: 0.104166664
INFO:root:Epoch: 8, Train loss: 2.6040018, Train Acc: 0.3008207
INFO:root:Epoch: 8, Validation loss: 3.4827044, Validation Acc: 0.106770836
INFO:root:Epoch: 9, Train loss: 2.4435022, Train Acc: 0.3386995
INFO:root:Epoch: 9, Validation loss: 3.6267624, Validation Acc: 0.122395836
INFO:root:Epoch: 10, Train loss: 2.3643591, Train Acc: 0.3677399
INFO:root:Epoch: 10, Validation loss: 3.5664654, Validation Acc: 0.1171875
INFO:root:Epoch: 11, Train loss: 2.2767735, Train Acc: 0.39299244
INFO:root:Epoch: 11, Validation loss: 3.693373, Validation Acc: 0.106770836
INFO:root:Epoch: 12, Train loss: 2.2045865, Train Acc: 0.3939394
INFO:root:Epoch: 12, Validation loss: 3.6950467, Validation Acc: 0.114583336
INFO:root:Epoch: 13, Train loss: 2.103817, Train Acc: 0.43276516
INFO:root:Epoch: 13, Validation loss: 3.6150913, Validation Acc: 0.111979164
INFO:root:Epoch: 14, Train loss: 2.043196, Train Acc: 0.43592173
INFO:root:Epoch: 14, Validation loss: 3.7090502, Validation Acc: 0.111979164
INFO:root:Epoch: 15, Train loss: 1.9103006, Train Acc: 0.47474748
INFO:root:Epoch: 15, Validation loss: 3.6620283, Validation Acc: 0.14322917
INFO:root:Epoch: 16, Train loss: 1.847452, Train Acc: 0.49084595
INFO:root:Epoch: 16, Validation loss: 3.647237, Validation Acc: 0.140625
INFO:root:Epoch: 17, Train loss: 1.765417, Train Acc: 0.50978535
INFO:root:Epoch: 17, Validation loss: 3.7847662, Validation Acc: 0.1328125
INFO:root:Epoch: 18, Train loss: 1.6887795, Train Acc: 0.5265151
INFO:root:Epoch: 18, Validation loss: 3.7818267, Validation Acc: 0.13541667
INFO:root:Epoch: 19, Train loss: 1.6522112, Train Acc: 0.5385101
INFO:root:Epoch: 19, Validation loss: 3.7750587, Validation Acc: 0.13541667
INFO:root:Epoch: 20, Train loss: 1.5230501, Train Acc: 0.56186867
INFO:root:Epoch: 20, Validation loss: 3.6645231, Validation Acc: 0.171875
INFO:root:Epoch: 21, Train loss: 1.4604053, Train Acc: 0.5868056
INFO:root:Epoch: 21, Validation loss: 3.777613, Validation Acc: 0.15364583
INFO:root:Epoch: 22, Train loss: 1.3850555, Train Acc: 0.60006315
INFO:root:Epoch: 22, Validation loss: 3.9942853, Validation Acc: 0.13802083
INFO:root:Epoch: 23, Train loss: 1.3416232, Train Acc: 0.62531567
INFO:root:Epoch: 23, Validation loss: 3.9473114, Validation Acc: 0.15625
INFO:root:Epoch: 24, Train loss: 1.2863444, Train Acc: 0.6373106
INFO:root:Epoch: 24, Validation loss: 4.028831, Validation Acc: 0.125
INFO:root:Epoch: 25, Train loss: 1.2300475, Train Acc: 0.65372473
INFO:root:Epoch: 25, Validation loss: 3.9848044, Validation Acc: 0.13541667
INFO:root:Epoch: 26, Train loss: 1.1866981, Train Acc: 0.66603535
INFO:root:Epoch: 26, Validation loss: 3.9522836, Validation Acc: 0.15364583
INFO:root:Epoch: 27, Train loss: 1.1139776, Train Acc: 0.6830808
INFO:root:Epoch: 27, Validation loss: 4.267396, Validation Acc: 0.15885417
INFO:root:Epoch: 28, Train loss: 1.0877042, Train Acc: 0.6957071
INFO:root:Epoch: 28, Validation loss: 4.1429434, Validation Acc: 0.17447917
INFO:root:Epoch: 29, Train loss: 1.0217066, Train Acc: 0.71243685
INFO:root:Epoch: 29, Validation loss: 4.2640414, Validation Acc: 0.15104167
INFO:root:Epoch: 30, Train loss: 1.0165005, Train Acc: 0.7171717
INFO:root:Epoch: 30, Validation loss: 4.3207283, Validation Acc: 0.125
INFO:root:Epoch: 31, Train loss: 0.92384255, Train Acc: 0.7364268
INFO:root:Epoch: 31, Validation loss: 4.1985326, Validation Acc: 0.171875
INFO:root:Epoch: 32, Train loss: 0.9027357, Train Acc: 0.74021465
INFO:root:Epoch: 32, Validation loss: 4.521525, Validation Acc: 0.13802083
INFO:root:Epoch: 33, Train loss: 0.8724655, Train Acc: 0.75284094
INFO:root:Epoch: 33, Validation loss: 4.160268, Validation Acc: 0.1328125
INFO:root:Epoch: 34, Train loss: 0.8433311, Train Acc: 0.76073235
INFO:root:Epoch: 34, Validation loss: 4.4481034, Validation Acc: 0.1328125
INFO:root:Epoch: 35, Train loss: 0.84464127, Train Acc: 0.76104796
INFO:root:Epoch: 35, Validation loss: 4.1818404, Validation Acc: 0.15364583
INFO:root:Epoch: 36, Train loss: 0.7540694, Train Acc: 0.78535354
INFO:root:Epoch: 36, Validation loss: 4.4382625, Validation Acc: 0.16927083
INFO:root:Epoch: 37, Train loss: 0.7421297, Train Acc: 0.7869318
INFO:root:Epoch: 37, Validation loss: 4.6580462, Validation Acc: 0.15104167
INFO:root:Epoch: 38, Train loss: 0.6882011, Train Acc: 0.79829544
INFO:root:Epoch: 38, Validation loss: 4.4331145, Validation Acc: 0.14322917
INFO:root:Epoch: 39, Train loss: 0.6743335, Train Acc: 0.8030303
INFO:root:Epoch: 39, Validation loss: 4.6277986, Validation Acc: 0.15885417
INFO:root:Epoch: 40, Train loss: 0.60004234, Train Acc: 0.8251263
INFO:root:Epoch: 40, Validation loss: 4.545505, Validation Acc: 0.16666667
INFO:root:Epoch: 41, Train loss: 0.6388608, Train Acc: 0.8125
INFO:root:Epoch: 41, Validation loss: 4.664462, Validation Acc: 0.15885417
INFO:root:Epoch: 42, Train loss: 0.6511476, Train Acc: 0.8102904
INFO:root:Epoch: 42, Validation loss: 4.5397305, Validation Acc: 0.171875
INFO:root:Epoch: 43, Train loss: 0.6110972, Train Acc: 0.8191288
INFO:root:Epoch: 43, Validation loss: 4.4362435, Validation Acc: 0.171875
INFO:root:Epoch: 44, Train loss: 0.60856086, Train Acc: 0.8251263
INFO:root:Epoch: 44, Validation loss: 4.7987356, Validation Acc: 0.15364583
INFO:root:Epoch: 45, Train loss: 0.5771106, Train Acc: 0.84090906
INFO:root:Epoch: 45, Validation loss: 4.64747, Validation Acc: 0.140625
INFO:root:Epoch: 46, Train loss: 0.5490197, Train Acc: 0.84090906
INFO:root:Epoch: 46, Validation loss: 4.5958858, Validation Acc: 0.16927083
INFO:root:Epoch: 47, Train loss: 0.48726472, Train Acc: 0.85353535
INFO:root:Epoch: 47, Validation loss: 4.6674953, Validation Acc: 0.1328125
INFO:root:Epoch: 48, Train loss: 0.48111957, Train Acc: 0.86174244
INFO:root:Epoch: 48, Validation loss: 4.532039, Validation Acc: 0.16927083
INFO:root:Epoch: 49, Train loss: 0.4728357, Train Acc: 0.8683712
INFO:root:Epoch: 49, Validation loss: 4.592048, Validation Acc: 0.16145833
INFO:root:Epoch: 50, Train loss: 0.47564027, Train Acc: 0.8566919
INFO:root:Epoch: 50, Validation loss: 4.6009126, Validation Acc: 0.171875
INFO:root:Epoch: 51, Train loss: 0.45312935, Train Acc: 0.8705808
INFO:root:Epoch: 51, Validation loss: 4.6805377, Validation Acc: 0.15104167
INFO:root:Epoch: 52, Train loss: 0.47154975, Train Acc: 0.8645833
INFO:root:Epoch: 52, Validation loss: 4.8134627, Validation Acc: 0.1796875
INFO:root:Epoch: 53, Train loss: 0.49276185, Train Acc: 0.8566919
INFO:root:Epoch: 53, Validation loss: 4.4305577, Validation Acc: 0.1875
INFO:root:Epoch: 54, Train loss: 0.43846622, Train Acc: 0.87563133
INFO:root:Epoch: 54, Validation loss: 4.509704, Validation Acc: 0.15364583
INFO:root:Epoch: 55, Train loss: 0.39588705, Train Acc: 0.88131315
INFO:root:Epoch: 55, Validation loss: 4.707523, Validation Acc: 0.1640625
INFO:root:Epoch: 56, Train loss: 0.41975313, Train Acc: 0.87531567
INFO:root:Epoch: 56, Validation loss: 4.8085885, Validation Acc: 0.14583333
INFO:root:Epoch: 57, Train loss: 0.38184106, Train Acc: 0.89204544
INFO:root:Epoch: 57, Validation loss: 4.685573, Validation Acc: 0.17447917
INFO:root:Epoch: 58, Train loss: 0.37822613, Train Acc: 0.8917298
INFO:root:Epoch: 58, Validation loss: 4.8377566, Validation Acc: 0.15625
INFO:root:Epoch: 59, Train loss: 0.38400295, Train Acc: 0.89078283
INFO:root:Epoch: 59, Validation loss: 4.785453, Validation Acc: 0.171875
INFO:root:Training from ep 0 to ep 60 finished
INFO:root:Best epoch: 54
