INFO:root:Started
INFO:root:Epoch: 0, Train loss: 3.7254345, Train Acc: 0.054924242
INFO:root:Epoch: 0, Validation loss: 3.8129709, Validation Acc: 0.0390625
INFO:root:Epoch: 1, Train loss: 3.416283, Train Acc: 0.11710858
INFO:root:Epoch: 1, Validation loss: 3.520552, Validation Acc: 0.111979164
INFO:root:Epoch: 2, Train loss: 3.234562, Train Acc: 0.14457071
INFO:root:Epoch: 2, Validation loss: 3.579175, Validation Acc: 0.1015625
INFO:root:Epoch: 3, Train loss: 3.119119, Train Acc: 0.17329545
INFO:root:Epoch: 3, Validation loss: 3.52318, Validation Acc: 0.104166664
INFO:root:Epoch: 4, Train loss: 2.9787128, Train Acc: 0.20896465
INFO:root:Epoch: 4, Validation loss: 3.4825792, Validation Acc: 0.14322917
INFO:root:Epoch: 5, Train loss: 2.8462343, Train Acc: 0.24652778
INFO:root:Epoch: 5, Validation loss: 3.5890243, Validation Acc: 0.096354164
INFO:root:Epoch: 6, Train loss: 2.7512832, Train Acc: 0.27114898
INFO:root:Epoch: 6, Validation loss: 3.431996, Validation Acc: 0.098958336
INFO:root:Epoch: 7, Train loss: 2.6372902, Train Acc: 0.29387626
INFO:root:Epoch: 7, Validation loss: 3.6194437, Validation Acc: 0.122395836
INFO:root:Epoch: 8, Train loss: 2.5093417, Train Acc: 0.32070708
INFO:root:Epoch: 8, Validation loss: 3.4907491, Validation Acc: 0.13541667
INFO:root:Epoch: 9, Train loss: 2.3377037, Train Acc: 0.3800505
INFO:root:Epoch: 9, Validation loss: 3.6514804, Validation Acc: 0.09375
INFO:root:Epoch: 10, Train loss: 2.2566614, Train Acc: 0.3917298
INFO:root:Epoch: 10, Validation loss: 3.6461859, Validation Acc: 0.122395836
INFO:root:Epoch: 11, Train loss: 2.1853487, Train Acc: 0.4201389
INFO:root:Epoch: 11, Validation loss: 3.6988742, Validation Acc: 0.1328125
INFO:root:Epoch: 12, Train loss: 2.111268, Train Acc: 0.4280303
INFO:root:Epoch: 12, Validation loss: 3.770098, Validation Acc: 0.12760417
INFO:root:Epoch: 13, Train loss: 2.014651, Train Acc: 0.45296717
INFO:root:Epoch: 13, Validation loss: 3.5578432, Validation Acc: 0.140625
INFO:root:Epoch: 14, Train loss: 1.953628, Train Acc: 0.46780303
INFO:root:Epoch: 14, Validation loss: 3.7316082, Validation Acc: 0.13541667
INFO:root:Epoch: 15, Train loss: 1.8400915, Train Acc: 0.49337122
INFO:root:Epoch: 15, Validation loss: 3.7454736, Validation Acc: 0.119791664
INFO:root:Epoch: 16, Train loss: 1.7748613, Train Acc: 0.52051765
INFO:root:Epoch: 16, Validation loss: 3.743681, Validation Acc: 0.1640625
INFO:root:Epoch: 17, Train loss: 1.673836, Train Acc: 0.5385101
INFO:root:Epoch: 17, Validation loss: 3.7765818, Validation Acc: 0.1328125
INFO:root:Epoch: 18, Train loss: 1.628339, Train Acc: 0.5546086
INFO:root:Epoch: 18, Validation loss: 3.7449462, Validation Acc: 0.140625
INFO:root:Epoch: 19, Train loss: 1.5716658, Train Acc: 0.55997473
INFO:root:Epoch: 19, Validation loss: 3.7550461, Validation Acc: 0.13020833
INFO:root:Epoch: 20, Train loss: 1.4714578, Train Acc: 0.5915404
INFO:root:Epoch: 20, Validation loss: 3.7839832, Validation Acc: 0.15885417
INFO:root:Epoch: 21, Train loss: 1.412301, Train Acc: 0.60132575
INFO:root:Epoch: 21, Validation loss: 3.7148511, Validation Acc: 0.18229167
INFO:root:Epoch: 22, Train loss: 1.3336456, Train Acc: 0.6309975
INFO:root:Epoch: 22, Validation loss: 3.947401, Validation Acc: 0.14322917
INFO:root:Epoch: 23, Train loss: 1.2959386, Train Acc: 0.6379419
INFO:root:Epoch: 23, Validation loss: 3.9093835, Validation Acc: 0.14583333
INFO:root:Epoch: 24, Train loss: 1.2548172, Train Acc: 0.6395202
INFO:root:Epoch: 24, Validation loss: 4.062429, Validation Acc: 0.13020833
INFO:root:Epoch: 25, Train loss: 1.168948, Train Acc: 0.6723485
INFO:root:Epoch: 25, Validation loss: 4.122568, Validation Acc: 0.15625
INFO:root:Epoch: 26, Train loss: 1.1681128, Train Acc: 0.6739268
INFO:root:Epoch: 26, Validation loss: 4.074233, Validation Acc: 0.16145833
INFO:root:Epoch: 27, Train loss: 1.0993981, Train Acc: 0.69602275
INFO:root:Epoch: 27, Validation loss: 4.1499405, Validation Acc: 0.17708333
INFO:root:Epoch: 28, Train loss: 1.0562185, Train Acc: 0.7035985
INFO:root:Epoch: 28, Validation loss: 4.228439, Validation Acc: 0.15104167
INFO:root:Epoch: 29, Train loss: 1.0366657, Train Acc: 0.709596
INFO:root:Epoch: 29, Validation loss: 4.197197, Validation Acc: 0.1640625
INFO:root:Epoch: 30, Train loss: 0.9835296, Train Acc: 0.717803
INFO:root:Epoch: 30, Validation loss: 4.2116013, Validation Acc: 0.13541667
INFO:root:Epoch: 31, Train loss: 0.9126634, Train Acc: 0.74715906
INFO:root:Epoch: 31, Validation loss: 4.310209, Validation Acc: 0.1484375
INFO:root:Epoch: 32, Train loss: 0.9112781, Train Acc: 0.7361111
INFO:root:Epoch: 32, Validation loss: 4.3089767, Validation Acc: 0.15885417
INFO:root:Epoch: 33, Train loss: 0.86086583, Train Acc: 0.75852275
INFO:root:Epoch: 33, Validation loss: 4.217299, Validation Acc: 0.16145833
INFO:root:Epoch: 34, Train loss: 0.8312529, Train Acc: 0.76199496
INFO:root:Epoch: 34, Validation loss: 4.687865, Validation Acc: 0.14322917
INFO:root:Epoch: 35, Train loss: 0.8228189, Train Acc: 0.7683081
INFO:root:Epoch: 35, Validation loss: 4.493152, Validation Acc: 0.16666667
INFO:root:Epoch: 36, Train loss: 0.7469459, Train Acc: 0.7863005
INFO:root:Epoch: 36, Validation loss: 4.454864, Validation Acc: 0.14583333
INFO:root:Epoch: 37, Train loss: 0.7421522, Train Acc: 0.7938763
INFO:root:Epoch: 37, Validation loss: 4.499867, Validation Acc: 0.17708333
INFO:root:Epoch: 38, Train loss: 0.7008614, Train Acc: 0.80997473
INFO:root:Epoch: 38, Validation loss: 4.7150035, Validation Acc: 0.15104167
INFO:root:Epoch: 39, Train loss: 0.6784533, Train Acc: 0.8087121
INFO:root:Epoch: 39, Validation loss: 4.5737505, Validation Acc: 0.16666667
INFO:root:Epoch: 40, Train loss: 0.6258588, Train Acc: 0.82228535
INFO:root:Epoch: 40, Validation loss: 4.422318, Validation Acc: 0.19010417
INFO:root:Epoch: 41, Train loss: 0.6113902, Train Acc: 0.81786615
INFO:root:Epoch: 41, Validation loss: 4.6643243, Validation Acc: 0.14322917
INFO:root:Epoch: 42, Train loss: 0.6392047, Train Acc: 0.81439394
INFO:root:Epoch: 42, Validation loss: 4.7795196, Validation Acc: 0.15885417
INFO:root:Epoch: 43, Train loss: 0.6013711, Train Acc: 0.8298611
INFO:root:Epoch: 43, Validation loss: 4.9646974, Validation Acc: 0.106770836
INFO:root:Epoch: 44, Train loss: 0.621774, Train Acc: 0.82102275
INFO:root:Epoch: 44, Validation loss: 4.8545504, Validation Acc: 0.15104167
INFO:root:Epoch: 45, Train loss: 0.5534608, Train Acc: 0.84090906
INFO:root:Epoch: 45, Validation loss: 4.9867306, Validation Acc: 0.140625
INFO:root:Epoch: 46, Train loss: 0.5507006, Train Acc: 0.8421717
INFO:root:Epoch: 46, Validation loss: 4.750754, Validation Acc: 0.171875
INFO:root:Epoch: 47, Train loss: 0.5124351, Train Acc: 0.84438133
INFO:root:Epoch: 47, Validation loss: 4.6576877, Validation Acc: 0.171875
INFO:root:Epoch: 48, Train loss: 0.53037435, Train Acc: 0.844697
INFO:root:Epoch: 48, Validation loss: 4.606295, Validation Acc: 0.16927083
INFO:root:Epoch: 49, Train loss: 0.5035906, Train Acc: 0.8563763
INFO:root:Epoch: 49, Validation loss: 4.8682923, Validation Acc: 0.14322917
INFO:root:Epoch: 50, Train loss: 0.48300728, Train Acc: 0.85448235
INFO:root:Epoch: 50, Validation loss: 4.7447705, Validation Acc: 0.18229167
INFO:root:Epoch: 51, Train loss: 0.46882284, Train Acc: 0.865846
INFO:root:Epoch: 51, Validation loss: 4.8620505, Validation Acc: 0.16927083
INFO:root:Epoch: 52, Train loss: 0.46891162, Train Acc: 0.86521465
INFO:root:Epoch: 52, Validation loss: 4.9060416, Validation Acc: 0.171875
INFO:root:Epoch: 53, Train loss: 0.4656193, Train Acc: 0.86395204
INFO:root:Epoch: 53, Validation loss: 4.8501334, Validation Acc: 0.12760417
INFO:root:Epoch: 54, Train loss: 0.42428237, Train Acc: 0.8800505
INFO:root:Epoch: 54, Validation loss: 4.611029, Validation Acc: 0.16927083
INFO:root:Epoch: 55, Train loss: 0.4156199, Train Acc: 0.8765783
INFO:root:Epoch: 55, Validation loss: 4.6839585, Validation Acc: 0.1875
INFO:root:Epoch: 56, Train loss: 0.4026455, Train Acc: 0.8800505
INFO:root:Epoch: 56, Validation loss: 4.944852, Validation Acc: 0.16927083
INFO:root:Epoch: 57, Train loss: 0.42100522, Train Acc: 0.87784094
INFO:root:Epoch: 57, Validation loss: 4.9519095, Validation Acc: 0.1640625
INFO:root:Epoch: 58, Train loss: 0.43201864, Train Acc: 0.8690025
INFO:root:Epoch: 58, Validation loss: 4.929209, Validation Acc: 0.15364583
INFO:root:Epoch: 59, Train loss: 0.410073, Train Acc: 0.8828914
INFO:root:Epoch: 59, Validation loss: 4.985712, Validation Acc: 0.16145833
INFO:root:Training from ep 0 to ep 60 finished
INFO:root:Best epoch: 41
