INFO:root:Started
INFO:root:Epoch: 0, Train loss: 3.8304274, Train Acc: 0.041982323
INFO:root:Epoch: 0, Validation loss: 3.7050931, Validation Acc: 0.065104164
INFO:root:Epoch: 1, Train loss: 3.532338, Train Acc: 0.08933081
INFO:root:Epoch: 1, Validation loss: 3.5538394, Validation Acc: 0.09375
INFO:root:Epoch: 2, Train loss: 3.363496, Train Acc: 0.122474745
INFO:root:Epoch: 2, Validation loss: 3.5337718, Validation Acc: 0.088541664
INFO:root:Epoch: 3, Train loss: 3.274621, Train Acc: 0.13825758
INFO:root:Epoch: 3, Validation loss: 3.5366526, Validation Acc: 0.109375
INFO:root:Epoch: 4, Train loss: 3.17896, Train Acc: 0.16919191
INFO:root:Epoch: 4, Validation loss: 3.452214, Validation Acc: 0.106770836
INFO:root:Epoch: 5, Train loss: 3.1007183, Train Acc: 0.17487374
INFO:root:Epoch: 5, Validation loss: 3.5069933, Validation Acc: 0.111979164
INFO:root:Epoch: 6, Train loss: 2.9985583, Train Acc: 0.20707071
INFO:root:Epoch: 6, Validation loss: 3.4061613, Validation Acc: 0.109375
INFO:root:Epoch: 7, Train loss: 2.952409, Train Acc: 0.21496212
INFO:root:Epoch: 7, Validation loss: 3.4391239, Validation Acc: 0.122395836
INFO:root:Epoch: 8, Train loss: 2.857226, Train Acc: 0.22948232
INFO:root:Epoch: 8, Validation loss: 3.3894548, Validation Acc: 0.125
INFO:root:Epoch: 9, Train loss: 2.7415438, Train Acc: 0.2660985
INFO:root:Epoch: 9, Validation loss: 3.4853976, Validation Acc: 0.14322917
INFO:root:Epoch: 10, Train loss: 2.6816173, Train Acc: 0.28661618
INFO:root:Epoch: 10, Validation loss: 3.4371583, Validation Acc: 0.12760417
INFO:root:Epoch: 11, Train loss: 2.6133852, Train Acc: 0.29450756
INFO:root:Epoch: 11, Validation loss: 3.4947414, Validation Acc: 0.12760417
INFO:root:Epoch: 12, Train loss: 2.577304, Train Acc: 0.30239898
INFO:root:Epoch: 12, Validation loss: 3.4884803, Validation Acc: 0.111979164
INFO:root:Epoch: 13, Train loss: 2.429181, Train Acc: 0.35195708
INFO:root:Epoch: 13, Validation loss: 3.3875284, Validation Acc: 0.119791664
INFO:root:Epoch: 14, Train loss: 2.39919, Train Acc: 0.35069445
INFO:root:Epoch: 14, Validation loss: 3.5118377, Validation Acc: 0.122395836
INFO:root:Epoch: 15, Train loss: 2.342004, Train Acc: 0.3633207
INFO:root:Epoch: 15, Validation loss: 3.458803, Validation Acc: 0.13020833
INFO:root:Epoch: 16, Train loss: 2.238218, Train Acc: 0.4011995
INFO:root:Epoch: 16, Validation loss: 3.4463398, Validation Acc: 0.15885417
INFO:root:Epoch: 17, Train loss: 2.1651347, Train Acc: 0.41256315
INFO:root:Epoch: 17, Validation loss: 3.4196062, Validation Acc: 0.14583333
INFO:root:Epoch: 18, Train loss: 2.1106827, Train Acc: 0.43718433
INFO:root:Epoch: 18, Validation loss: 3.416751, Validation Acc: 0.14322917
INFO:root:Epoch: 19, Train loss: 2.0681555, Train Acc: 0.4368687
INFO:root:Epoch: 19, Validation loss: 3.3363278, Validation Acc: 0.15364583
INFO:root:Epoch: 20, Train loss: 1.9639487, Train Acc: 0.45959595
INFO:root:Epoch: 20, Validation loss: 3.5992744, Validation Acc: 0.14583333
INFO:root:Epoch: 21, Train loss: 1.921983, Train Acc: 0.46338382
INFO:root:Epoch: 21, Validation loss: 3.4207933, Validation Acc: 0.1484375
INFO:root:Epoch: 22, Train loss: 1.8520209, Train Acc: 0.48200756
INFO:root:Epoch: 22, Validation loss: 3.5734835, Validation Acc: 0.14322917
INFO:root:Epoch: 23, Train loss: 1.7645175, Train Acc: 0.5056818
INFO:root:Epoch: 23, Validation loss: 3.5643132, Validation Acc: 0.15625
INFO:root:Epoch: 24, Train loss: 1.7302116, Train Acc: 0.52051765
INFO:root:Epoch: 24, Validation loss: 3.72498, Validation Acc: 0.1484375
INFO:root:Epoch: 25, Train loss: 1.646571, Train Acc: 0.5391414
INFO:root:Epoch: 25, Validation loss: 3.8231103, Validation Acc: 0.140625
INFO:root:Epoch: 26, Train loss: 1.6002191, Train Acc: 0.5511364
INFO:root:Epoch: 26, Validation loss: 3.658555, Validation Acc: 0.16927083
INFO:root:Epoch: 27, Train loss: 1.5565192, Train Acc: 0.57670456
INFO:root:Epoch: 27, Validation loss: 3.6794388, Validation Acc: 0.19270833
INFO:root:Epoch: 28, Train loss: 1.5199636, Train Acc: 0.57733583
INFO:root:Epoch: 28, Validation loss: 3.7625473, Validation Acc: 0.15104167
INFO:root:Epoch: 29, Train loss: 1.4469396, Train Acc: 0.6019571
INFO:root:Epoch: 29, Validation loss: 3.8085918, Validation Acc: 0.16145833
INFO:root:Epoch: 30, Train loss: 1.4379609, Train Acc: 0.59438133
INFO:root:Epoch: 30, Validation loss: 3.8460138, Validation Acc: 0.16927083
INFO:root:Epoch: 31, Train loss: 1.3330487, Train Acc: 0.6199495
INFO:root:Epoch: 31, Validation loss: 4.0046563, Validation Acc: 0.16145833
INFO:root:Epoch: 32, Train loss: 1.3465672, Train Acc: 0.6098485
INFO:root:Epoch: 32, Validation loss: 3.9614906, Validation Acc: 0.13541667
INFO:root:Epoch: 33, Train loss: 1.285896, Train Acc: 0.63478535
INFO:root:Epoch: 33, Validation loss: 3.7250006, Validation Acc: 0.18229167
INFO:root:Epoch: 34, Train loss: 1.2206033, Train Acc: 0.6496212
INFO:root:Epoch: 34, Validation loss: 4.0130496, Validation Acc: 0.15104167
INFO:root:Epoch: 35, Train loss: 1.1907129, Train Acc: 0.6698232
INFO:root:Epoch: 35, Validation loss: 4.000712, Validation Acc: 0.16666667
INFO:root:Epoch: 36, Train loss: 1.1195525, Train Acc: 0.6875
INFO:root:Epoch: 36, Validation loss: 4.0481367, Validation Acc: 0.125
INFO:root:Epoch: 37, Train loss: 1.1143781, Train Acc: 0.6830808
INFO:root:Epoch: 37, Validation loss: 4.1187234, Validation Acc: 0.15364583
INFO:root:Epoch: 38, Train loss: 1.0715564, Train Acc: 0.6887626
INFO:root:Epoch: 38, Validation loss: 4.0009866, Validation Acc: 0.1640625
INFO:root:Epoch: 39, Train loss: 1.0357835, Train Acc: 0.70075756
INFO:root:Epoch: 39, Validation loss: 3.9574487, Validation Acc: 0.15885417
INFO:root:Epoch: 40, Train loss: 0.95493394, Train Acc: 0.7282197
INFO:root:Epoch: 40, Validation loss: 4.094227, Validation Acc: 0.1796875
INFO:root:Epoch: 41, Train loss: 0.94771916, Train Acc: 0.7304293
INFO:root:Epoch: 41, Validation loss: 4.3088613, Validation Acc: 0.15364583
INFO:root:Epoch: 42, Train loss: 0.9453904, Train Acc: 0.72948235
INFO:root:Epoch: 42, Validation loss: 4.4189115, Validation Acc: 0.15625
INFO:root:Epoch: 43, Train loss: 0.8985618, Train Acc: 0.7433712
INFO:root:Epoch: 43, Validation loss: 4.328769, Validation Acc: 0.16666667
INFO:root:Epoch: 44, Train loss: 0.9082399, Train Acc: 0.7370581
INFO:root:Epoch: 44, Validation loss: 4.320761, Validation Acc: 0.13541667
INFO:root:Epoch: 45, Train loss: 0.8338366, Train Acc: 0.7626263
INFO:root:Epoch: 45, Validation loss: 4.1723404, Validation Acc: 0.15885417
INFO:root:Epoch: 46, Train loss: 0.81189245, Train Acc: 0.7629419
INFO:root:Epoch: 46, Validation loss: 4.3160543, Validation Acc: 0.16666667
INFO:root:Epoch: 47, Train loss: 0.7525487, Train Acc: 0.7859849
INFO:root:Epoch: 47, Validation loss: 4.404449, Validation Acc: 0.15625
INFO:root:Epoch: 48, Train loss: 0.7307058, Train Acc: 0.79103535
INFO:root:Epoch: 48, Validation loss: 4.460661, Validation Acc: 0.15885417
INFO:root:Epoch: 49, Train loss: 0.7312801, Train Acc: 0.7951389
INFO:root:Epoch: 49, Validation loss: 4.2864776, Validation Acc: 0.171875
INFO:root:Epoch: 50, Train loss: 0.70833105, Train Acc: 0.78977275
INFO:root:Epoch: 50, Validation loss: 4.54561, Validation Acc: 0.13541667
INFO:root:Epoch: 51, Train loss: 0.658216, Train Acc: 0.8087121
INFO:root:Epoch: 51, Validation loss: 4.3633237, Validation Acc: 0.17447917
INFO:root:Epoch: 52, Train loss: 0.65803164, Train Acc: 0.8074495
INFO:root:Epoch: 52, Validation loss: 4.440638, Validation Acc: 0.18229167
INFO:root:Epoch: 53, Train loss: 0.6397723, Train Acc: 0.8159722
INFO:root:Epoch: 53, Validation loss: 4.317736, Validation Acc: 0.16927083
INFO:root:Epoch: 54, Train loss: 0.6075148, Train Acc: 0.8285985
INFO:root:Epoch: 54, Validation loss: 4.3362255, Validation Acc: 0.1875
INFO:root:Epoch: 55, Train loss: 0.5885363, Train Acc: 0.83301765
INFO:root:Epoch: 55, Validation loss: 4.447043, Validation Acc: 0.18229167
INFO:root:Epoch: 56, Train loss: 0.61137027, Train Acc: 0.8270202
INFO:root:Epoch: 56, Validation loss: 4.630591, Validation Acc: 0.15364583
INFO:root:Epoch: 57, Train loss: 0.60631263, Train Acc: 0.82228535
INFO:root:Epoch: 57, Validation loss: 4.693483, Validation Acc: 0.16927083
INFO:root:Epoch: 58, Train loss: 0.5809883, Train Acc: 0.83301765
INFO:root:Epoch: 58, Validation loss: 4.3543706, Validation Acc: 0.18489583
INFO:root:Epoch: 59, Train loss: 0.5599162, Train Acc: 0.8390151
INFO:root:Epoch: 59, Validation loss: 4.629858, Validation Acc: 0.1875
INFO:root:Training from ep 0 to ep 60 finished
INFO:root:Best epoch: 28
