INFO:root:Started
INFO:root:Epoch: 0, Train loss: 23.346321
INFO:root:Epoch: 0, Validation loss: 11.657944
INFO:root:Epoch: 1, Train loss: 11.05403
INFO:root:Epoch: 1, Validation loss: 11.401973
INFO:root:Epoch: 2, Train loss: 7.8613405
INFO:root:Epoch: 2, Validation loss: 9.041401
INFO:root:Epoch: 3, Train loss: 6.665972
INFO:root:Epoch: 3, Validation loss: 7.3502445
INFO:root:Epoch: 4, Train loss: 6.1920304
INFO:root:Epoch: 4, Validation loss: 7.3409595
INFO:root:Epoch: 5, Train loss: 5.7871695
INFO:root:Epoch: 5, Validation loss: 6.5564566
INFO:root:Epoch: 6, Train loss: 5.558104
INFO:root:Epoch: 6, Validation loss: 6.2736807
INFO:root:Epoch: 7, Train loss: 5.35169
INFO:root:Epoch: 7, Validation loss: 6.093257
INFO:root:Epoch: 8, Train loss: 5.1440234
INFO:root:Epoch: 8, Validation loss: 5.4583063
INFO:root:Epoch: 9, Train loss: 4.9096737
INFO:root:Epoch: 9, Validation loss: 5.979082
INFO:root:Epoch: 10, Train loss: 4.7165575
INFO:root:Epoch: 10, Validation loss: 5.135191
INFO:root:Epoch: 11, Train loss: 4.506955
INFO:root:Epoch: 11, Validation loss: 4.976677
INFO:root:Epoch: 12, Train loss: 4.3264923
INFO:root:Epoch: 12, Validation loss: 4.877676
INFO:root:Epoch: 13, Train loss: 4.1386256
INFO:root:Epoch: 13, Validation loss: 4.6498594
INFO:root:Epoch: 14, Train loss: 3.9409387
INFO:root:Epoch: 14, Validation loss: 4.3051496
INFO:root:Epoch: 15, Train loss: 3.724342
INFO:root:Epoch: 15, Validation loss: 4.010163
INFO:root:Epoch: 16, Train loss: 3.5984812
INFO:root:Epoch: 16, Validation loss: 3.9377925
INFO:root:Epoch: 17, Train loss: 3.4202623
INFO:root:Epoch: 17, Validation loss: 3.8228436
INFO:root:Epoch: 18, Train loss: 3.327771
INFO:root:Epoch: 18, Validation loss: 3.6016061
INFO:root:Epoch: 19, Train loss: 3.2330554
INFO:root:Epoch: 19, Validation loss: 3.4850001
INFO:root:Epoch: 20, Train loss: 3.1513839
INFO:root:Epoch: 20, Validation loss: 3.3981588
INFO:root:Epoch: 21, Train loss: 3.098886
INFO:root:Epoch: 21, Validation loss: 3.402456
INFO:root:Epoch: 22, Train loss: 2.976154
INFO:root:Epoch: 22, Validation loss: 3.3349633
INFO:root:Epoch: 23, Train loss: 2.9139252
INFO:root:Epoch: 23, Validation loss: 3.2568002
INFO:root:Epoch: 24, Train loss: 2.861077
INFO:root:Epoch: 24, Validation loss: 3.1553822
INFO:root:Epoch: 25, Train loss: 2.8175323
INFO:root:Epoch: 25, Validation loss: 3.228469
INFO:root:Epoch: 26, Train loss: 2.7484164
INFO:root:Epoch: 26, Validation loss: 3.1681347
INFO:root:Epoch: 27, Train loss: 2.722702
INFO:root:Epoch: 27, Validation loss: 2.983914
INFO:root:Epoch: 28, Train loss: 2.6396673
INFO:root:Epoch: 28, Validation loss: 3.0263329
INFO:root:Epoch: 29, Train loss: 2.630324
INFO:root:Epoch: 29, Validation loss: 2.7889984
INFO:root:Epoch: 30, Train loss: 2.61442
INFO:root:Epoch: 30, Validation loss: 2.8841662
INFO:root:Epoch: 31, Train loss: 2.5788202
INFO:root:Epoch: 31, Validation loss: 2.8168845
INFO:root:Epoch: 32, Train loss: 2.5599952
INFO:root:Epoch: 32, Validation loss: 2.7102356
INFO:root:Epoch: 33, Train loss: 2.5592837
INFO:root:Epoch: 33, Validation loss: 2.8454647
INFO:root:Epoch: 34, Train loss: 2.5084493
INFO:root:Epoch: 34, Validation loss: 2.627582
INFO:root:Epoch: 35, Train loss: 2.4907522
INFO:root:Epoch: 35, Validation loss: 2.874422
INFO:root:Epoch: 36, Train loss: 2.456277
INFO:root:Epoch: 36, Validation loss: 2.634577
INFO:root:Epoch: 37, Train loss: 2.4474926
INFO:root:Epoch: 37, Validation loss: 2.5491
INFO:root:Epoch: 38, Train loss: 2.4236104
INFO:root:Epoch: 38, Validation loss: 2.6119874
INFO:root:Epoch: 39, Train loss: 2.4074025
INFO:root:Epoch: 39, Validation loss: 2.6176987
INFO:root:Epoch: 40, Train loss: 2.4146233
INFO:root:Epoch: 40, Validation loss: 2.4809456
INFO:root:Epoch: 41, Train loss: 2.3770998
INFO:root:Epoch: 41, Validation loss: 2.716413
INFO:root:Epoch: 42, Train loss: 2.3886333
INFO:root:Epoch: 42, Validation loss: 2.520999
INFO:root:Epoch: 43, Train loss: 2.3506973
INFO:root:Epoch: 43, Validation loss: 2.474382
INFO:root:Epoch: 44, Train loss: 2.3522072
INFO:root:Epoch: 44, Validation loss: 2.513974
INFO:root:Epoch: 45, Train loss: 2.3330872
INFO:root:Epoch: 45, Validation loss: 2.3846948
INFO:root:Epoch: 46, Train loss: 2.3122396
INFO:root:Epoch: 46, Validation loss: 2.6345024
INFO:root:Epoch: 47, Train loss: 2.286704
INFO:root:Epoch: 47, Validation loss: 2.446731
INFO:root:Epoch: 48, Train loss: 2.2840185
INFO:root:Epoch: 48, Validation loss: 2.3924928
INFO:root:Epoch: 49, Train loss: 2.2942643
INFO:root:Epoch: 49, Validation loss: 2.627339
INFO:root:Epoch: 50, Train loss: 2.2632473
INFO:root:Epoch: 50, Validation loss: 2.443118
INFO:root:Epoch: 51, Train loss: 2.249577
INFO:root:Epoch: 51, Validation loss: 2.3395643
INFO:root:Epoch: 52, Train loss: 2.2434354
INFO:root:Epoch: 52, Validation loss: 2.3196359
INFO:root:Epoch: 53, Train loss: 2.22445
INFO:root:Epoch: 53, Validation loss: 2.4455109
INFO:root:Epoch: 54, Train loss: 2.2238936
INFO:root:Epoch: 54, Validation loss: 2.3831177
INFO:root:Epoch: 55, Train loss: 2.2132053
INFO:root:Epoch: 55, Validation loss: 2.2830567
INFO:root:Epoch: 56, Train loss: 2.2171261
INFO:root:Epoch: 56, Validation loss: 2.4459786
INFO:root:Epoch: 57, Train loss: 2.2118022
INFO:root:Epoch: 57, Validation loss: 2.3647106
INFO:root:Epoch: 58, Train loss: 2.2028513
INFO:root:Epoch: 58, Validation loss: 2.299416
INFO:root:Epoch: 59, Train loss: 2.1954188
INFO:root:Epoch: 59, Validation loss: 2.2948525
INFO:root:Epoch: 60, Train loss: 2.208006
INFO:root:Epoch: 60, Validation loss: 2.3688498
INFO:root:Epoch: 61, Train loss: 2.1559656
INFO:root:Epoch: 61, Validation loss: 2.3001432
INFO:root:Epoch: 62, Train loss: 2.1636574
INFO:root:Epoch: 62, Validation loss: 2.303739
INFO:root:Epoch: 63, Train loss: 2.150131
INFO:root:Epoch: 63, Validation loss: 2.270825
INFO:root:Epoch: 64, Train loss: 2.1388264
INFO:root:Epoch: 64, Validation loss: 2.3678606
INFO:root:Epoch: 65, Train loss: 2.1755898
INFO:root:Epoch: 65, Validation loss: 2.2435622
INFO:root:Epoch: 66, Train loss: 2.1547098
INFO:root:Epoch: 66, Validation loss: 2.4192767
INFO:root:Epoch: 67, Train loss: 2.1368747
INFO:root:Epoch: 67, Validation loss: 2.427002
INFO:root:Epoch: 68, Train loss: 2.1588516
INFO:root:Epoch: 68, Validation loss: 2.143477
INFO:root:Epoch: 69, Train loss: 2.1194973
INFO:root:Epoch: 69, Validation loss: 2.3784199
INFO:root:Epoch: 70, Train loss: 2.1094835
INFO:root:Epoch: 70, Validation loss: 2.2620897
INFO:root:Epoch: 71, Train loss: 2.1445906
INFO:root:Epoch: 71, Validation loss: 2.2871637
INFO:root:Epoch: 72, Train loss: 2.128082
INFO:root:Epoch: 72, Validation loss: 2.283875
INFO:root:Epoch: 73, Train loss: 2.1227965
INFO:root:Epoch: 73, Validation loss: 2.2318468
INFO:root:Epoch: 74, Train loss: 2.1144557
INFO:root:Epoch: 74, Validation loss: 2.2827196
INFO:root:Epoch: 75, Train loss: 2.08812
INFO:root:Epoch: 75, Validation loss: 2.3030565
INFO:root:Epoch: 76, Train loss: 2.0970547
INFO:root:Epoch: 76, Validation loss: 2.2604456
INFO:root:Epoch: 77, Train loss: 2.1028259
INFO:root:Epoch: 77, Validation loss: 2.3186524
INFO:root:Epoch: 78, Train loss: 2.0843303
INFO:root:Epoch: 78, Validation loss: 2.1607618
INFO:root:Epoch: 79, Train loss: 2.07567
INFO:root:Epoch: 79, Validation loss: 2.1901746
INFO:root:Epoch: 80, Train loss: 2.0905368
INFO:root:Epoch: 80, Validation loss: 2.2336144
INFO:root:Epoch: 81, Train loss: 2.0747163
INFO:root:Epoch: 81, Validation loss: 2.2584314
INFO:root:Epoch: 82, Train loss: 2.0943644
INFO:root:Epoch: 82, Validation loss: 2.1819925
INFO:root:Epoch: 83, Train loss: 2.0787885
INFO:root:Epoch: 83, Validation loss: 2.2360723
INFO:root:Epoch: 84, Train loss: 2.0697289
INFO:root:Epoch: 84, Validation loss: 2.3256917
INFO:root:Epoch: 85, Train loss: 2.0678272
INFO:root:Epoch: 85, Validation loss: 2.2675877
INFO:root:Epoch: 86, Train loss: 2.0451643
INFO:root:Epoch: 86, Validation loss: 2.2213683
INFO:root:Epoch: 87, Train loss: 2.0552273
INFO:root:Epoch: 87, Validation loss: 2.2773252
INFO:root:Epoch: 88, Train loss: 2.0305967
INFO:root:Epoch: 88, Validation loss: 2.1771169
INFO:root:Epoch: 89, Train loss: 2.0674071
INFO:root:Epoch: 89, Validation loss: 2.179522
INFO:root:Epoch: 90, Train loss: 2.0462966
INFO:root:Epoch: 90, Validation loss: 2.19866
INFO:root:Epoch: 91, Train loss: 2.0295599
INFO:root:Epoch: 91, Validation loss: 2.2903304
INFO:root:Epoch: 92, Train loss: 2.0452516
INFO:root:Epoch: 92, Validation loss: 2.1462111
INFO:root:Epoch: 93, Train loss: 2.031022
INFO:root:Epoch: 93, Validation loss: 2.1139412
INFO:root:Epoch: 94, Train loss: 2.032877
INFO:root:Epoch: 94, Validation loss: 2.1009085
INFO:root:Epoch: 95, Train loss: 2.0536742
INFO:root:Epoch: 95, Validation loss: 2.1100936
INFO:root:Epoch: 96, Train loss: 2.0471742
INFO:root:Epoch: 96, Validation loss: 2.1871824
INFO:root:Epoch: 97, Train loss: 2.0450416
INFO:root:Epoch: 97, Validation loss: 2.1214385
INFO:root:Epoch: 98, Train loss: 2.059283
INFO:root:Epoch: 98, Validation loss: 2.177389
INFO:root:Epoch: 99, Train loss: 2.0344603
INFO:root:Epoch: 99, Validation loss: 2.1725397
INFO:root:Training from ep 0 to ep 100 finished
INFO:root:Best epoch: 95
