INFO:root:Started
INFO:root:Epoch: 0, Train loss: 7.007663
INFO:root:Epoch: 0, Validation loss: 4.527424
INFO:root:Epoch: 1, Train loss: 3.7704828
INFO:root:Epoch: 1, Validation loss: 3.2426713
INFO:root:Epoch: 2, Train loss: 2.8442938
INFO:root:Epoch: 2, Validation loss: 2.595163
INFO:root:Epoch: 3, Train loss: 2.4424932
INFO:root:Epoch: 3, Validation loss: 2.32138
INFO:root:Epoch: 4, Train loss: 2.275756
INFO:root:Epoch: 4, Validation loss: 2.191072
INFO:root:Epoch: 5, Train loss: 2.176018
INFO:root:Epoch: 5, Validation loss: 2.163466
INFO:root:Epoch: 6, Train loss: 2.1140687
INFO:root:Epoch: 6, Validation loss: 2.057906
INFO:root:Epoch: 7, Train loss: 2.0565803
INFO:root:Epoch: 7, Validation loss: 2.015959
INFO:root:Epoch: 8, Train loss: 2.0152948
INFO:root:Epoch: 8, Validation loss: 1.9665023
INFO:root:Epoch: 9, Train loss: 1.9853433
INFO:root:Epoch: 9, Validation loss: 1.9766122
INFO:root:Epoch: 10, Train loss: 1.9593663
INFO:root:Epoch: 10, Validation loss: 1.943468
INFO:root:Epoch: 11, Train loss: 1.954676
INFO:root:Epoch: 11, Validation loss: 1.9839165
INFO:root:Epoch: 12, Train loss: 1.9359118
INFO:root:Epoch: 12, Validation loss: 1.9310834
INFO:root:Epoch: 13, Train loss: 1.9027488
INFO:root:Epoch: 13, Validation loss: 1.9116274
INFO:root:Epoch: 14, Train loss: 1.8931872
INFO:root:Epoch: 14, Validation loss: 1.9069049
INFO:root:Epoch: 15, Train loss: 1.8735785
INFO:root:Epoch: 15, Validation loss: 1.891742
INFO:root:Epoch: 16, Train loss: 1.8653634
INFO:root:Epoch: 16, Validation loss: 1.8793074
INFO:root:Epoch: 17, Train loss: 1.8599056
INFO:root:Epoch: 17, Validation loss: 1.8850753
INFO:root:Epoch: 18, Train loss: 1.8575771
INFO:root:Epoch: 18, Validation loss: 1.8273304
INFO:root:Epoch: 19, Train loss: 1.8443483
INFO:root:Epoch: 19, Validation loss: 1.8466282
INFO:root:Epoch: 20, Train loss: 1.8403206
INFO:root:Epoch: 20, Validation loss: 1.8148478
INFO:root:Epoch: 21, Train loss: 1.8197488
INFO:root:Epoch: 21, Validation loss: 1.9052776
INFO:root:Epoch: 22, Train loss: 1.8136679
INFO:root:Epoch: 22, Validation loss: 1.8210357
INFO:root:Epoch: 23, Train loss: 1.8138278
INFO:root:Epoch: 23, Validation loss: 1.8239428
INFO:root:Epoch: 24, Train loss: 1.8083817
INFO:root:Epoch: 24, Validation loss: 1.84474
INFO:root:Epoch: 25, Train loss: 1.8037595
INFO:root:Epoch: 25, Validation loss: 1.8016194
INFO:root:Epoch: 26, Train loss: 1.8020381
INFO:root:Epoch: 26, Validation loss: 1.8259456
INFO:root:Epoch: 27, Train loss: 1.7933711
INFO:root:Epoch: 27, Validation loss: 1.8025084
INFO:root:Epoch: 28, Train loss: 1.7772353
INFO:root:Epoch: 28, Validation loss: 1.7628183
INFO:root:Epoch: 29, Train loss: 1.7759546
INFO:root:Epoch: 29, Validation loss: 1.7930771
INFO:root:Epoch: 30, Train loss: 1.7683105
INFO:root:Epoch: 30, Validation loss: 1.7980318
INFO:root:Epoch: 31, Train loss: 1.7700421
INFO:root:Epoch: 31, Validation loss: 1.796834
INFO:root:Epoch: 32, Train loss: 1.7660199
INFO:root:Epoch: 32, Validation loss: 1.7759627
INFO:root:Epoch: 33, Train loss: 1.7697004
INFO:root:Epoch: 33, Validation loss: 1.7701241
INFO:root:Epoch: 34, Train loss: 1.7620255
INFO:root:Epoch: 34, Validation loss: 1.7656603
INFO:root:Epoch: 35, Train loss: 1.7566506
INFO:root:Epoch: 35, Validation loss: 1.8253635
INFO:root:Epoch: 36, Train loss: 1.7471559
INFO:root:Epoch: 36, Validation loss: 1.7733454
INFO:root:Epoch: 37, Train loss: 1.7438483
INFO:root:Epoch: 37, Validation loss: 1.7701987
INFO:root:Epoch: 38, Train loss: 1.7492512
INFO:root:Epoch: 38, Validation loss: 1.7650983
INFO:root:Epoch: 39, Train loss: 1.7395223
INFO:root:Epoch: 39, Validation loss: 1.768921
INFO:root:Epoch: 40, Train loss: 1.7371448
INFO:root:Epoch: 40, Validation loss: 1.7592474
INFO:root:Epoch: 41, Train loss: 1.7238947
INFO:root:Epoch: 41, Validation loss: 1.7857956
INFO:root:Epoch: 42, Train loss: 1.7275538
INFO:root:Epoch: 42, Validation loss: 1.7754079
INFO:root:Epoch: 43, Train loss: 1.7217375
INFO:root:Epoch: 43, Validation loss: 1.7534803
INFO:root:Epoch: 44, Train loss: 1.7201755
INFO:root:Epoch: 44, Validation loss: 1.7446499
INFO:root:Epoch: 45, Train loss: 1.7159472
INFO:root:Epoch: 45, Validation loss: 1.7435151
INFO:root:Epoch: 46, Train loss: 1.7191175
INFO:root:Epoch: 46, Validation loss: 1.7377951
INFO:root:Epoch: 47, Train loss: 1.7118953
INFO:root:Epoch: 47, Validation loss: 1.7229773
INFO:root:Epoch: 48, Train loss: 1.6965787
INFO:root:Epoch: 48, Validation loss: 1.7506533
INFO:root:Epoch: 49, Train loss: 1.7082702
INFO:root:Epoch: 49, Validation loss: 1.744969
INFO:root:Epoch: 50, Train loss: 1.7000396
INFO:root:Epoch: 50, Validation loss: 1.7361443
INFO:root:Epoch: 51, Train loss: 1.7033687
INFO:root:Epoch: 51, Validation loss: 1.695005
INFO:root:Epoch: 52, Train loss: 1.6936557
INFO:root:Epoch: 52, Validation loss: 1.738102
INFO:root:Epoch: 53, Train loss: 1.6963733
INFO:root:Epoch: 53, Validation loss: 1.7832973
INFO:root:Epoch: 54, Train loss: 1.6957946
INFO:root:Epoch: 54, Validation loss: 1.7154704
INFO:root:Epoch: 55, Train loss: 1.6872927
INFO:root:Epoch: 55, Validation loss: 1.7289149
INFO:root:Epoch: 56, Train loss: 1.6855912
INFO:root:Epoch: 56, Validation loss: 1.7055539
INFO:root:Epoch: 57, Train loss: 1.690598
INFO:root:Epoch: 57, Validation loss: 1.7148812
INFO:root:Epoch: 58, Train loss: 1.678878
INFO:root:Epoch: 58, Validation loss: 1.7224356
INFO:root:Epoch: 59, Train loss: 1.6870714
INFO:root:Epoch: 59, Validation loss: 1.7005965
INFO:root:Epoch: 60, Train loss: 1.6700196
INFO:root:Epoch: 60, Validation loss: 1.7081622
INFO:root:Epoch: 61, Train loss: 1.6696734
INFO:root:Epoch: 61, Validation loss: 1.7027363
INFO:root:Epoch: 62, Train loss: 1.6655072
INFO:root:Epoch: 62, Validation loss: 1.7054213
INFO:root:Epoch: 63, Train loss: 1.6640798
INFO:root:Epoch: 63, Validation loss: 1.7129406
INFO:root:Epoch: 64, Train loss: 1.6724973
INFO:root:Epoch: 64, Validation loss: 1.713482
INFO:root:Epoch: 65, Train loss: 1.6685265
INFO:root:Epoch: 65, Validation loss: 1.6876959
INFO:root:Epoch: 66, Train loss: 1.6589552
INFO:root:Epoch: 66, Validation loss: 1.708018
INFO:root:Epoch: 67, Train loss: 1.6579874
INFO:root:Epoch: 67, Validation loss: 1.6826584
INFO:root:Epoch: 68, Train loss: 1.6504762
INFO:root:Epoch: 68, Validation loss: 1.6567433
INFO:root:Epoch: 69, Train loss: 1.6357318
INFO:root:Epoch: 69, Validation loss: 1.7257556
INFO:root:Epoch: 70, Train loss: 1.6428125
INFO:root:Epoch: 70, Validation loss: 1.6812398
INFO:root:Epoch: 71, Train loss: 1.648743
INFO:root:Epoch: 71, Validation loss: 1.6849278
INFO:root:Epoch: 72, Train loss: 1.6411892
INFO:root:Epoch: 72, Validation loss: 1.713742
INFO:root:Epoch: 73, Train loss: 1.6343024
INFO:root:Epoch: 73, Validation loss: 1.6714464
INFO:root:Epoch: 74, Train loss: 1.6270974
INFO:root:Epoch: 74, Validation loss: 1.6618315
INFO:root:Epoch: 75, Train loss: 1.6309474
INFO:root:Epoch: 75, Validation loss: 1.6782056
INFO:root:Epoch: 76, Train loss: 1.6266991
INFO:root:Epoch: 76, Validation loss: 1.690858
INFO:root:Epoch: 77, Train loss: 1.6241112
INFO:root:Epoch: 77, Validation loss: 1.6606786
INFO:root:Epoch: 78, Train loss: 1.6332338
INFO:root:Epoch: 78, Validation loss: 1.6975486
INFO:root:Epoch: 79, Train loss: 1.6213717
INFO:root:Epoch: 79, Validation loss: 1.6890186
INFO:root:Epoch: 80, Train loss: 1.6240573
INFO:root:Epoch: 80, Validation loss: 1.6674682
INFO:root:Epoch: 81, Train loss: 1.6196948
INFO:root:Epoch: 81, Validation loss: 1.6205604
INFO:root:Epoch: 82, Train loss: 1.6079955
INFO:root:Epoch: 82, Validation loss: 1.6390663
INFO:root:Epoch: 83, Train loss: 1.6057533
INFO:root:Epoch: 83, Validation loss: 1.6990894
INFO:root:Epoch: 84, Train loss: 1.6075467
INFO:root:Epoch: 84, Validation loss: 1.6944921
INFO:root:Epoch: 85, Train loss: 1.6170933
INFO:root:Epoch: 85, Validation loss: 1.6635921
INFO:root:Epoch: 86, Train loss: 1.6108822
INFO:root:Epoch: 86, Validation loss: 1.6437157
INFO:root:Epoch: 87, Train loss: 1.6037447
INFO:root:Epoch: 87, Validation loss: 1.6437911
INFO:root:Epoch: 88, Train loss: 1.596084
INFO:root:Epoch: 88, Validation loss: 1.6493762
INFO:root:Epoch: 89, Train loss: 1.5972844
INFO:root:Epoch: 89, Validation loss: 1.6397645
INFO:root:Epoch: 90, Train loss: 1.599983
INFO:root:Epoch: 90, Validation loss: 1.641895
INFO:root:Epoch: 91, Train loss: 1.6003156
INFO:root:Epoch: 91, Validation loss: 1.6328669
INFO:root:Epoch: 92, Train loss: 1.5893983
INFO:root:Epoch: 92, Validation loss: 1.6292448
INFO:root:Epoch: 93, Train loss: 1.5849061
INFO:root:Epoch: 93, Validation loss: 1.6630751
INFO:root:Epoch: 94, Train loss: 1.597471
INFO:root:Epoch: 94, Validation loss: 1.6771327
INFO:root:Epoch: 95, Train loss: 1.5964376
INFO:root:Epoch: 95, Validation loss: 1.6337942
INFO:root:Epoch: 96, Train loss: 1.5823884
INFO:root:Epoch: 96, Validation loss: 1.7109797
INFO:root:Epoch: 97, Train loss: 1.5883628
INFO:root:Epoch: 97, Validation loss: 1.6207056
INFO:root:Epoch: 98, Train loss: 1.5900196
INFO:root:Epoch: 98, Validation loss: 1.6319808
INFO:root:Epoch: 99, Train loss: 1.5934422
INFO:root:Epoch: 99, Validation loss: 1.6112808
INFO:root:Training from ep 0 to ep 100 finished
INFO:root:Best epoch: 100
