INFO:root:Started
INFO:root:Epoch: 0, Train loss: 3.6851783, Train Acc: 0.060606062
INFO:root:Epoch: 0, Validation loss: 3.5908966, Validation Acc: 0.065104164
INFO:root:Epoch: 1, Train loss: 3.4535365, Train Acc: 0.08554293
INFO:root:Epoch: 1, Validation loss: 3.534708, Validation Acc: 0.072916664
INFO:root:Epoch: 2, Train loss: 3.3361118, Train Acc: 0.11963384
INFO:root:Epoch: 2, Validation loss: 3.5143197, Validation Acc: 0.083333336
INFO:root:Epoch: 3, Train loss: 3.2056496, Train Acc: 0.15656565
INFO:root:Epoch: 3, Validation loss: 3.5337212, Validation Acc: 0.059895832
INFO:root:Epoch: 4, Train loss: 3.077521, Train Acc: 0.18529041
INFO:root:Epoch: 4, Validation loss: 3.3966062, Validation Acc: 0.104166664
INFO:root:Epoch: 5, Train loss: 2.9598296, Train Acc: 0.20044191
INFO:root:Epoch: 5, Validation loss: 3.5646837, Validation Acc: 0.09375
INFO:root:Epoch: 6, Train loss: 2.872973, Train Acc: 0.22727273
INFO:root:Epoch: 6, Validation loss: 3.2712343, Validation Acc: 0.14583333
INFO:root:Epoch: 7, Train loss: 2.754874, Train Acc: 0.24810606
INFO:root:Epoch: 7, Validation loss: 3.4517748, Validation Acc: 0.122395836
INFO:root:Epoch: 8, Train loss: 2.6599233, Train Acc: 0.2847222
INFO:root:Epoch: 8, Validation loss: 3.3575525, Validation Acc: 0.15364583
INFO:root:Epoch: 9, Train loss: 2.5891268, Train Acc: 0.28724748
INFO:root:Epoch: 9, Validation loss: 3.2235458, Validation Acc: 0.15885417
INFO:root:Epoch: 10, Train loss: 2.5023282, Train Acc: 0.31881315
INFO:root:Epoch: 10, Validation loss: 3.2654283, Validation Acc: 0.171875
INFO:root:Epoch: 11, Train loss: 2.4171987, Train Acc: 0.3248106
INFO:root:Epoch: 11, Validation loss: 3.3669634, Validation Acc: 0.13541667
INFO:root:Epoch: 12, Train loss: 2.3540106, Train Acc: 0.34564394
INFO:root:Epoch: 12, Validation loss: 3.29509, Validation Acc: 0.1640625
INFO:root:Epoch: 13, Train loss: 2.3185065, Train Acc: 0.36584595
INFO:root:Epoch: 13, Validation loss: 3.1474721, Validation Acc: 0.15625
INFO:root:Epoch: 14, Train loss: 2.1760964, Train Acc: 0.40214646
INFO:root:Epoch: 14, Validation loss: 3.0988226, Validation Acc: 0.19010417
INFO:root:Epoch: 15, Train loss: 2.1724362, Train Acc: 0.39804292
INFO:root:Epoch: 15, Validation loss: 3.3689501, Validation Acc: 0.16927083
INFO:root:Epoch: 16, Train loss: 2.070676, Train Acc: 0.42960858
INFO:root:Epoch: 16, Validation loss: 3.3070927, Validation Acc: 0.171875
INFO:root:Epoch: 17, Train loss: 2.0175247, Train Acc: 0.4258207
INFO:root:Epoch: 17, Validation loss: 3.2339046, Validation Acc: 0.18229167
INFO:root:Epoch: 18, Train loss: 1.9298139, Train Acc: 0.46685606
INFO:root:Epoch: 18, Validation loss: 3.0404136, Validation Acc: 0.22916667
INFO:root:Epoch: 19, Train loss: 1.8531473, Train Acc: 0.4744318
INFO:root:Epoch: 19, Validation loss: 3.355383, Validation Acc: 0.22395833
INFO:root:Epoch: 20, Train loss: 1.7898349, Train Acc: 0.49179292
INFO:root:Epoch: 20, Validation loss: 3.488555, Validation Acc: 0.19270833
INFO:root:Epoch: 21, Train loss: 1.7579563, Train Acc: 0.51483583
INFO:root:Epoch: 21, Validation loss: 3.3198974, Validation Acc: 0.20572917
INFO:root:Epoch: 22, Train loss: 1.6937425, Train Acc: 0.52367425
INFO:root:Epoch: 22, Validation loss: 3.3494864, Validation Acc: 0.19270833
INFO:root:Epoch: 23, Train loss: 1.626949, Train Acc: 0.54324496
INFO:root:Epoch: 23, Validation loss: 3.294733, Validation Acc: 0.2109375
INFO:root:Epoch: 24, Train loss: 1.6196232, Train Acc: 0.5464015
INFO:root:Epoch: 24, Validation loss: 3.3390598, Validation Acc: 0.22135417
INFO:root:Epoch: 25, Train loss: 1.5446253, Train Acc: 0.56660354
INFO:root:Epoch: 25, Validation loss: 3.4595153, Validation Acc: 0.19010417
INFO:root:Epoch: 26, Train loss: 1.4385209, Train Acc: 0.58617425
INFO:root:Epoch: 26, Validation loss: 3.4460037, Validation Acc: 0.20833333
INFO:root:Epoch: 27, Train loss: 1.4175868, Train Acc: 0.58964646
INFO:root:Epoch: 27, Validation loss: 3.3981314, Validation Acc: 0.19791667
INFO:root:Epoch: 28, Train loss: 1.3959949, Train Acc: 0.59627527
INFO:root:Epoch: 28, Validation loss: 3.5471382, Validation Acc: 0.20572917
INFO:root:Epoch: 29, Train loss: 1.3380791, Train Acc: 0.614899
INFO:root:Epoch: 29, Validation loss: 3.5629532, Validation Acc: 0.2265625
INFO:root:Training from ep 0 to ep 30 finished
INFO:root:Best epoch: 19
