INFO:root:Started
INFO:root:Epoch: 0, Train loss: 3.760418, Train Acc: 0.05587121
INFO:root:Epoch: 0, Validation loss: 3.8341522, Validation Acc: 0.075520836
INFO:root:Epoch: 1, Train loss: 3.4943244, Train Acc: 0.10700758
INFO:root:Epoch: 1, Validation loss: 3.586839, Validation Acc: 0.083333336
INFO:root:Epoch: 2, Train loss: 3.3209317, Train Acc: 0.12815657
INFO:root:Epoch: 2, Validation loss: 3.4978142, Validation Acc: 0.111979164
INFO:root:Epoch: 3, Train loss: 3.2225666, Train Acc: 0.15404041
INFO:root:Epoch: 3, Validation loss: 3.5034235, Validation Acc: 0.098958336
INFO:root:Epoch: 4, Train loss: 3.0932436, Train Acc: 0.18592171
INFO:root:Epoch: 4, Validation loss: 3.4623346, Validation Acc: 0.1328125
INFO:root:Epoch: 5, Train loss: 2.9773698, Train Acc: 0.21022727
INFO:root:Epoch: 5, Validation loss: 3.5430367, Validation Acc: 0.111979164
INFO:root:Epoch: 6, Train loss: 2.8730807, Train Acc: 0.24747474
INFO:root:Epoch: 6, Validation loss: 3.4857476, Validation Acc: 0.109375
INFO:root:Epoch: 7, Train loss: 2.7553542, Train Acc: 0.26862374
INFO:root:Epoch: 7, Validation loss: 3.6712904, Validation Acc: 0.109375
INFO:root:Epoch: 8, Train loss: 2.6560903, Train Acc: 0.29324496
INFO:root:Epoch: 8, Validation loss: 3.5885475, Validation Acc: 0.098958336
INFO:root:Epoch: 9, Train loss: 2.4908793, Train Acc: 0.33459595
INFO:root:Epoch: 9, Validation loss: 3.689226, Validation Acc: 0.1171875
INFO:root:Epoch: 10, Train loss: 2.4095476, Train Acc: 0.3510101
INFO:root:Epoch: 10, Validation loss: 3.6496317, Validation Acc: 0.096354164
INFO:root:Epoch: 11, Train loss: 2.3561723, Train Acc: 0.3800505
INFO:root:Epoch: 11, Validation loss: 3.7112215, Validation Acc: 0.111979164
INFO:root:Epoch: 12, Train loss: 2.2741623, Train Acc: 0.3939394
INFO:root:Epoch: 12, Validation loss: 3.7188032, Validation Acc: 0.114583336
INFO:root:Epoch: 13, Train loss: 2.1617274, Train Acc: 0.42266414
INFO:root:Epoch: 13, Validation loss: 3.6213415, Validation Acc: 0.140625
INFO:root:Epoch: 14, Train loss: 2.1075242, Train Acc: 0.42929292
INFO:root:Epoch: 14, Validation loss: 3.6755154, Validation Acc: 0.14583333
INFO:root:Epoch: 15, Train loss: 2.0000815, Train Acc: 0.4513889
INFO:root:Epoch: 15, Validation loss: 3.9422884, Validation Acc: 0.096354164
INFO:root:Epoch: 16, Train loss: 1.9404601, Train Acc: 0.46622476
INFO:root:Epoch: 16, Validation loss: 3.6558225, Validation Acc: 0.15885417
INFO:root:Epoch: 17, Train loss: 1.8796992, Train Acc: 0.4949495
INFO:root:Epoch: 17, Validation loss: 3.7458708, Validation Acc: 0.1484375
INFO:root:Epoch: 18, Train loss: 1.8055851, Train Acc: 0.50757575
INFO:root:Epoch: 18, Validation loss: 3.7275226, Validation Acc: 0.15885417
INFO:root:Epoch: 19, Train loss: 1.7657679, Train Acc: 0.52367425
INFO:root:Epoch: 19, Validation loss: 3.851901, Validation Acc: 0.125
INFO:root:Epoch: 20, Train loss: 1.6669586, Train Acc: 0.54608583
INFO:root:Epoch: 20, Validation loss: 4.0420194, Validation Acc: 0.14322917
INFO:root:Epoch: 21, Train loss: 1.5979213, Train Acc: 0.5555556
INFO:root:Epoch: 21, Validation loss: 3.849553, Validation Acc: 0.16145833
INFO:root:Epoch: 22, Train loss: 1.5175118, Train Acc: 0.57133836
INFO:root:Epoch: 22, Validation loss: 3.9971535, Validation Acc: 0.140625
INFO:root:Epoch: 23, Train loss: 1.4682764, Train Acc: 0.59438133
INFO:root:Epoch: 23, Validation loss: 3.9881604, Validation Acc: 0.16666667
INFO:root:Epoch: 24, Train loss: 1.4270228, Train Acc: 0.60353535
INFO:root:Epoch: 24, Validation loss: 3.8887396, Validation Acc: 0.15885417
INFO:root:Epoch: 25, Train loss: 1.3432469, Train Acc: 0.6322601
INFO:root:Epoch: 25, Validation loss: 4.2776284, Validation Acc: 0.111979164
INFO:root:Epoch: 26, Train loss: 1.3288221, Train Acc: 0.6199495
INFO:root:Epoch: 26, Validation loss: 4.06425, Validation Acc: 0.13541667
INFO:root:Epoch: 27, Train loss: 1.281168, Train Acc: 0.64867425
INFO:root:Epoch: 27, Validation loss: 4.1316667, Validation Acc: 0.15364583
INFO:root:Epoch: 28, Train loss: 1.2024798, Train Acc: 0.6714015
INFO:root:Epoch: 28, Validation loss: 4.012206, Validation Acc: 0.171875
INFO:root:Epoch: 29, Train loss: 1.1285781, Train Acc: 0.68118685
INFO:root:Epoch: 29, Validation loss: 4.2126226, Validation Acc: 0.16666667
INFO:root:Epoch: 30, Train loss: 1.1474699, Train Acc: 0.66950756
INFO:root:Epoch: 30, Validation loss: 4.191507, Validation Acc: 0.16666667
INFO:root:Epoch: 31, Train loss: 1.0600302, Train Acc: 0.7020202
INFO:root:Epoch: 31, Validation loss: 4.2051587, Validation Acc: 0.16927083
INFO:root:Epoch: 32, Train loss: 1.0601782, Train Acc: 0.7001263
INFO:root:Epoch: 32, Validation loss: 4.110298, Validation Acc: 0.17447917
INFO:root:Epoch: 33, Train loss: 1.0004407, Train Acc: 0.7105429
INFO:root:Epoch: 33, Validation loss: 4.030991, Validation Acc: 0.17708333
INFO:root:Epoch: 34, Train loss: 0.96165353, Train Acc: 0.727904
INFO:root:Epoch: 34, Validation loss: 4.3289676, Validation Acc: 0.15885417
INFO:root:Epoch: 35, Train loss: 0.9382355, Train Acc: 0.7291667
INFO:root:Epoch: 35, Validation loss: 4.322381, Validation Acc: 0.1484375
INFO:root:Epoch: 36, Train loss: 0.8587444, Train Acc: 0.74968433
INFO:root:Epoch: 36, Validation loss: 4.4711003, Validation Acc: 0.171875
INFO:root:Epoch: 37, Train loss: 0.8849864, Train Acc: 0.7443182
INFO:root:Epoch: 37, Validation loss: 4.4128804, Validation Acc: 0.16927083
INFO:root:Epoch: 38, Train loss: 0.81261754, Train Acc: 0.7777778
INFO:root:Epoch: 38, Validation loss: 4.351528, Validation Acc: 0.19270833
INFO:root:Epoch: 39, Train loss: 0.79806066, Train Acc: 0.7698864
INFO:root:Epoch: 39, Validation loss: 4.3968773, Validation Acc: 0.171875
INFO:root:Epoch: 40, Train loss: 0.7428595, Train Acc: 0.790404
INFO:root:Epoch: 40, Validation loss: 4.417775, Validation Acc: 0.18489583
INFO:root:Epoch: 41, Train loss: 0.7207207, Train Acc: 0.79671717
INFO:root:Epoch: 41, Validation loss: 4.6206894, Validation Acc: 0.15625
INFO:root:Epoch: 42, Train loss: 0.7407871, Train Acc: 0.7799874
INFO:root:Epoch: 42, Validation loss: 4.6224995, Validation Acc: 0.15104167
INFO:root:Epoch: 43, Train loss: 0.70116454, Train Acc: 0.7989268
INFO:root:Epoch: 43, Validation loss: 4.575779, Validation Acc: 0.1484375
INFO:root:Epoch: 44, Train loss: 0.6884924, Train Acc: 0.8090278
INFO:root:Epoch: 44, Validation loss: 4.6974807, Validation Acc: 0.15625
INFO:root:Epoch: 45, Train loss: 0.6678187, Train Acc: 0.8074495
INFO:root:Epoch: 45, Validation loss: 4.50942, Validation Acc: 0.16927083
INFO:root:Epoch: 46, Train loss: 0.62809163, Train Acc: 0.8137626
INFO:root:Epoch: 46, Validation loss: 4.8057327, Validation Acc: 0.15885417
INFO:root:Epoch: 47, Train loss: 0.6443465, Train Acc: 0.8042929
INFO:root:Epoch: 47, Validation loss: 4.744579, Validation Acc: 0.17447917
INFO:root:Epoch: 48, Train loss: 0.5782988, Train Acc: 0.834596
INFO:root:Epoch: 48, Validation loss: 4.706119, Validation Acc: 0.16666667
INFO:root:Epoch: 49, Train loss: 0.5900736, Train Acc: 0.83270204
INFO:root:Epoch: 49, Validation loss: 4.8196425, Validation Acc: 0.1484375
INFO:root:Epoch: 50, Train loss: 0.5568273, Train Acc: 0.84343433
INFO:root:Epoch: 50, Validation loss: 4.6714845, Validation Acc: 0.1796875
INFO:root:Epoch: 51, Train loss: 0.5352611, Train Acc: 0.84659094
INFO:root:Epoch: 51, Validation loss: 4.6900253, Validation Acc: 0.16927083
INFO:root:Epoch: 52, Train loss: 0.51687163, Train Acc: 0.85006315
INFO:root:Epoch: 52, Validation loss: 4.753335, Validation Acc: 0.16666667
INFO:root:Epoch: 53, Train loss: 0.534151, Train Acc: 0.84375
INFO:root:Epoch: 53, Validation loss: 4.902647, Validation Acc: 0.140625
INFO:root:Epoch: 54, Train loss: 0.5237026, Train Acc: 0.85006315
INFO:root:Epoch: 54, Validation loss: 4.6877947, Validation Acc: 0.18229167
INFO:root:Epoch: 55, Train loss: 0.4859013, Train Acc: 0.8614268
INFO:root:Epoch: 55, Validation loss: 4.8123956, Validation Acc: 0.1875
INFO:root:Epoch: 56, Train loss: 0.49979496, Train Acc: 0.85574496
INFO:root:Epoch: 56, Validation loss: 4.8001103, Validation Acc: 0.1640625
INFO:root:Epoch: 57, Train loss: 0.49013165, Train Acc: 0.8620581
INFO:root:Epoch: 57, Validation loss: 4.7802267, Validation Acc: 0.15625
INFO:root:Epoch: 58, Train loss: 0.45868132, Train Acc: 0.8727904
INFO:root:Epoch: 58, Validation loss: 4.76541, Validation Acc: 0.16927083
INFO:root:Epoch: 59, Train loss: 0.46856135, Train Acc: 0.8712121
INFO:root:Epoch: 59, Validation loss: 4.8760433, Validation Acc: 0.16927083
INFO:root:Training from ep 0 to ep 60 finished
INFO:root:Best epoch: 39
