INFO:root:Started
INFO:root:Epoch: 0, Train loss: 3.729212, Train Acc: 0.056502525
INFO:root:Epoch: 0, Validation loss: 3.6598952, Validation Acc: 0.065104164
INFO:root:Epoch: 1, Train loss: 3.4720955, Train Acc: 0.084280305
INFO:root:Epoch: 1, Validation loss: 3.5296557, Validation Acc: 0.098958336
INFO:root:Epoch: 2, Train loss: 3.3515902, Train Acc: 0.11931818
INFO:root:Epoch: 2, Validation loss: 3.493591, Validation Acc: 0.09375
INFO:root:Epoch: 3, Train loss: 3.2439404, Train Acc: 0.14393939
INFO:root:Epoch: 3, Validation loss: 3.509875, Validation Acc: 0.0859375
INFO:root:Epoch: 4, Train loss: 3.1386518, Train Acc: 0.16982323
INFO:root:Epoch: 4, Validation loss: 3.416529, Validation Acc: 0.111979164
INFO:root:Epoch: 5, Train loss: 3.0135522, Train Acc: 0.19602273
INFO:root:Epoch: 5, Validation loss: 3.5437994, Validation Acc: 0.1015625
INFO:root:Epoch: 6, Train loss: 2.9484432, Train Acc: 0.21780303
INFO:root:Epoch: 6, Validation loss: 3.3510036, Validation Acc: 0.12760417
INFO:root:Epoch: 7, Train loss: 2.8410215, Train Acc: 0.24084596
INFO:root:Epoch: 7, Validation loss: 3.2299206, Validation Acc: 0.13541667
INFO:root:Epoch: 8, Train loss: 2.7535467, Train Acc: 0.25378788
INFO:root:Epoch: 8, Validation loss: 3.4043362, Validation Acc: 0.1328125
INFO:root:Epoch: 9, Train loss: 2.6855736, Train Acc: 0.27146465
INFO:root:Epoch: 9, Validation loss: 3.3201458, Validation Acc: 0.125
INFO:root:Epoch: 10, Train loss: 2.5967858, Train Acc: 0.29924244
INFO:root:Epoch: 10, Validation loss: 3.4764023, Validation Acc: 0.15625
INFO:root:Epoch: 11, Train loss: 2.5019803, Train Acc: 0.31281567
INFO:root:Epoch: 11, Validation loss: 3.2694378, Validation Acc: 0.15885417
INFO:root:Epoch: 12, Train loss: 2.4376795, Train Acc: 0.33712122
INFO:root:Epoch: 12, Validation loss: 3.2163143, Validation Acc: 0.16145833
INFO:root:Epoch: 13, Train loss: 2.4075618, Train Acc: 0.33743685
INFO:root:Epoch: 13, Validation loss: 3.2661655, Validation Acc: 0.12760417
INFO:root:Epoch: 14, Train loss: 2.2629645, Train Acc: 0.3822601
INFO:root:Epoch: 14, Validation loss: 3.3138006, Validation Acc: 0.16666667
INFO:root:Epoch: 15, Train loss: 2.2756999, Train Acc: 0.375
INFO:root:Epoch: 15, Validation loss: 3.281601, Validation Acc: 0.171875
INFO:root:Epoch: 16, Train loss: 2.1400974, Train Acc: 0.4068813
INFO:root:Epoch: 16, Validation loss: 3.2363117, Validation Acc: 0.19270833
INFO:root:Epoch: 17, Train loss: 2.1021857, Train Acc: 0.4258207
INFO:root:Epoch: 17, Validation loss: 3.1738322, Validation Acc: 0.20572917
INFO:root:Epoch: 18, Train loss: 2.0460293, Train Acc: 0.43371212
INFO:root:Epoch: 18, Validation loss: 3.0338228, Validation Acc: 0.2265625
INFO:root:Epoch: 19, Train loss: 1.9355589, Train Acc: 0.43718433
INFO:root:Epoch: 19, Validation loss: 3.2841485, Validation Acc: 0.19791667
INFO:root:Epoch: 20, Train loss: 1.8875662, Train Acc: 0.47474748
INFO:root:Epoch: 20, Validation loss: 3.3774474, Validation Acc: 0.171875
INFO:root:Epoch: 21, Train loss: 1.8402458, Train Acc: 0.49179292
INFO:root:Epoch: 21, Validation loss: 3.379695, Validation Acc: 0.203125
INFO:root:Epoch: 22, Train loss: 1.7840008, Train Acc: 0.5050505
INFO:root:Epoch: 22, Validation loss: 3.3953438, Validation Acc: 0.20052083
INFO:root:Epoch: 23, Train loss: 1.7398367, Train Acc: 0.52020204
INFO:root:Epoch: 23, Validation loss: 3.1723433, Validation Acc: 0.2109375
INFO:root:Epoch: 24, Train loss: 1.694927, Train Acc: 0.5145202
INFO:root:Epoch: 24, Validation loss: 3.2695134, Validation Acc: 0.203125
INFO:root:Epoch: 25, Train loss: 1.6523604, Train Acc: 0.5378788
INFO:root:Epoch: 25, Validation loss: 3.3750303, Validation Acc: 0.19791667
INFO:root:Epoch: 26, Train loss: 1.5445198, Train Acc: 0.5662879
INFO:root:Epoch: 26, Validation loss: 3.4551, Validation Acc: 0.18229167
INFO:root:Epoch: 27, Train loss: 1.5460265, Train Acc: 0.5647096
INFO:root:Epoch: 27, Validation loss: 3.3611753, Validation Acc: 0.20833333
INFO:root:Epoch: 28, Train loss: 1.4962534, Train Acc: 0.5770202
INFO:root:Epoch: 28, Validation loss: 3.2568343, Validation Acc: 0.2109375
INFO:root:Epoch: 29, Train loss: 1.4437425, Train Acc: 0.5924874
INFO:root:Epoch: 29, Validation loss: 3.3430789, Validation Acc: 0.20572917
INFO:root:Training from ep 0 to ep 30 finished
INFO:root:Best epoch: 19
