INFO:root:Started
INFO:root:Epoch: 0, Train loss: 1.5993942
INFO:root:Epoch: 0, Validation loss: 1.0948588
INFO:root:Epoch: 1, Train loss: 0.24303608
INFO:root:Epoch: 1, Validation loss: 0.006015281
INFO:root:Training from ep 0 to ep 2 finished
INFO:root:Best epoch: 2
INFO:root:Started
INFO:root:Epoch: 0, Train loss: 1.6003535
INFO:root:Epoch: 0, Validation loss: 1.0957143
INFO:root:Epoch: 1, Train loss: 0.24055636
INFO:root:Epoch: 1, Validation loss: 0.0061748
INFO:root:Epoch: 2, Train loss: 0.002599904
INFO:root:Epoch: 2, Validation loss: 0.0038069834
INFO:root:Epoch: 3, Train loss: 0.0014008377
INFO:root:Epoch: 3, Validation loss: 0.0019184152
INFO:root:Epoch: 4, Train loss: 0.0010407214
INFO:root:Epoch: 4, Validation loss: 0.0009578623
INFO:root:Epoch: 5, Train loss: 0.0006705827
INFO:root:Epoch: 5, Validation loss: 0.0007684778
INFO:root:Epoch: 6, Train loss: 0.00057093735
INFO:root:Epoch: 6, Validation loss: 0.0008453869
INFO:root:Epoch: 7, Train loss: 0.00043373625
INFO:root:Epoch: 7, Validation loss: 0.00066110236
INFO:root:Epoch: 8, Train loss: 0.00026942245
INFO:root:Epoch: 8, Validation loss: 0.00030156324
INFO:root:Epoch: 9, Train loss: 0.00020021624
INFO:root:Epoch: 9, Validation loss: 0.00029973194
INFO:root:Epoch: 10, Train loss: 0.0002595194
INFO:root:Epoch: 10, Validation loss: 0.00024869016
INFO:root:Epoch: 11, Train loss: 0.00017920637
INFO:root:Epoch: 11, Validation loss: 0.0003276304
INFO:root:Epoch: 12, Train loss: 0.00024787866
INFO:root:Epoch: 12, Validation loss: 0.00025084263
INFO:root:Epoch: 13, Train loss: 0.00015469073
INFO:root:Epoch: 13, Validation loss: 0.00015243136
INFO:root:Epoch: 14, Train loss: 0.000120053344
INFO:root:Epoch: 14, Validation loss: 0.00010110676
INFO:root:Epoch: 15, Train loss: 0.00013229492
INFO:root:Epoch: 15, Validation loss: 7.7890014e-05
INFO:root:Epoch: 16, Train loss: 9.169395e-05
INFO:root:Epoch: 16, Validation loss: 9.48887e-05
INFO:root:Epoch: 17, Train loss: 8.785586e-05
INFO:root:Epoch: 17, Validation loss: 0.00012338047
INFO:root:Epoch: 18, Train loss: 0.00014408075
INFO:root:Epoch: 18, Validation loss: 7.8619014e-05
INFO:root:Epoch: 19, Train loss: 5.7069024e-05
INFO:root:Epoch: 19, Validation loss: 0.00017534428
INFO:root:Epoch: 20, Train loss: 7.0426184e-05
INFO:root:Epoch: 20, Validation loss: 0.00011649638
INFO:root:Epoch: 21, Train loss: 6.063657e-05
INFO:root:Epoch: 21, Validation loss: 9.3974675e-05
INFO:root:Epoch: 22, Train loss: 4.523274e-05
INFO:root:Epoch: 22, Validation loss: 6.9459915e-05
INFO:root:Epoch: 23, Train loss: 4.4719814e-05
INFO:root:Epoch: 23, Validation loss: 0.00016517166
INFO:root:Epoch: 24, Train loss: 3.383897e-05
INFO:root:Epoch: 24, Validation loss: 0.00011582571
INFO:root:Epoch: 25, Train loss: 3.8233415e-05
INFO:root:Epoch: 25, Validation loss: 8.377352e-05
INFO:root:Epoch: 26, Train loss: 4.190954e-05
INFO:root:Epoch: 26, Validation loss: 5.4170043e-05
INFO:root:Epoch: 27, Train loss: 3.701615e-05
INFO:root:Epoch: 27, Validation loss: 4.6566685e-05
INFO:root:Epoch: 28, Train loss: 2.9007064e-05
INFO:root:Epoch: 28, Validation loss: 7.044958e-05
INFO:root:Epoch: 29, Train loss: 4.0310097e-05
INFO:root:Epoch: 29, Validation loss: 0.0013702848
INFO:root:Epoch: 30, Train loss: 3.5136287e-05
INFO:root:Epoch: 30, Validation loss: 9.202826e-05
INFO:root:Epoch: 31, Train loss: 3.487763e-05
INFO:root:Epoch: 31, Validation loss: 1.953166e-05
INFO:root:Epoch: 32, Train loss: 2.471865e-05
INFO:root:Epoch: 32, Validation loss: 3.499463e-05
INFO:root:Epoch: 33, Train loss: 2.0905953e-05
INFO:root:Epoch: 33, Validation loss: 5.290323e-05
INFO:root:Epoch: 34, Train loss: 0.00010535833
INFO:root:Epoch: 34, Validation loss: 0.00012590161
INFO:root:Epoch: 35, Train loss: 4.5911303e-05
INFO:root:Epoch: 35, Validation loss: 5.030839e-05
INFO:root:Epoch: 36, Train loss: 2.0962088e-05
INFO:root:Epoch: 36, Validation loss: 5.224258e-05
INFO:root:Epoch: 37, Train loss: 1.5241801e-05
INFO:root:Epoch: 37, Validation loss: 1.3669211e-05
INFO:root:Epoch: 38, Train loss: 3.4484186e-05
INFO:root:Epoch: 38, Validation loss: 3.869993e-05
INFO:root:Epoch: 39, Train loss: 4.6757355e-05
INFO:root:Epoch: 39, Validation loss: 0.00015219342
INFO:root:Epoch: 40, Train loss: 0.00012312623
INFO:root:Epoch: 40, Validation loss: 2.887961e-05
INFO:root:Epoch: 41, Train loss: 2.4582494e-05
INFO:root:Epoch: 41, Validation loss: 2.6811813e-05
INFO:root:Epoch: 42, Train loss: 0.00010874974
INFO:root:Epoch: 42, Validation loss: 0.0002358573
INFO:root:Epoch: 43, Train loss: 4.266537e-05
INFO:root:Epoch: 43, Validation loss: 4.15354e-05
INFO:root:Epoch: 44, Train loss: 4.874491e-05
INFO:root:Epoch: 44, Validation loss: 6.186632e-05
INFO:root:Epoch: 45, Train loss: 0.058809713
INFO:root:Epoch: 45, Validation loss: 0.002037168
INFO:root:Epoch: 46, Train loss: 0.0007643049
INFO:root:Epoch: 46, Validation loss: 0.00080517126
INFO:root:Epoch: 47, Train loss: 0.00035333054
INFO:root:Epoch: 47, Validation loss: 0.0004934334
INFO:root:Epoch: 48, Train loss: 0.0003070842
INFO:root:Epoch: 48, Validation loss: 0.00034458787
INFO:root:Epoch: 49, Train loss: 0.0001715907
INFO:root:Epoch: 49, Validation loss: 0.00042116188
INFO:root:Epoch: 50, Train loss: 0.0002246633
INFO:root:Epoch: 50, Validation loss: 0.0002014137
INFO:root:Epoch: 51, Train loss: 0.00018612639
INFO:root:Epoch: 51, Validation loss: 0.00018808179
INFO:root:Epoch: 52, Train loss: 9.615633e-05
INFO:root:Epoch: 52, Validation loss: 9.6586096e-05
INFO:root:Epoch: 53, Train loss: 0.00012145891
INFO:root:Epoch: 53, Validation loss: 9.645751e-05
INFO:root:Epoch: 54, Train loss: 9.661432e-05
INFO:root:Epoch: 54, Validation loss: 0.00017312556
INFO:root:Epoch: 55, Train loss: 9.6646145e-05
INFO:root:Epoch: 55, Validation loss: 0.00019834492
INFO:root:Epoch: 56, Train loss: 6.919052e-05
INFO:root:Epoch: 56, Validation loss: 6.75776e-05
INFO:root:Epoch: 57, Train loss: 6.795137e-05
INFO:root:Epoch: 57, Validation loss: 0.00016143829
INFO:root:Epoch: 58, Train loss: 5.6726898e-05
INFO:root:Epoch: 58, Validation loss: 9.913355e-05
INFO:root:Epoch: 59, Train loss: 7.982447e-05
INFO:root:Epoch: 59, Validation loss: 9.017915e-05
INFO:root:Epoch: 60, Train loss: 3.831177e-05
INFO:root:Epoch: 60, Validation loss: 9.093227e-05
INFO:root:Epoch: 61, Train loss: 4.2384163e-05
INFO:root:Epoch: 61, Validation loss: 5.7586003e-05
INFO:root:Epoch: 62, Train loss: 3.6097204e-05
INFO:root:Epoch: 62, Validation loss: 9.572048e-05
INFO:root:Epoch: 63, Train loss: 3.8970065e-05
INFO:root:Epoch: 63, Validation loss: 4.26328e-05
INFO:root:Epoch: 64, Train loss: 2.9905534e-05
INFO:root:Epoch: 64, Validation loss: 3.1423537e-05
INFO:root:Epoch: 65, Train loss: 2.8668537e-05
INFO:root:Epoch: 65, Validation loss: 5.1374565e-05
INFO:root:Epoch: 66, Train loss: 3.8344126e-05
INFO:root:Epoch: 66, Validation loss: 0.00014022549
INFO:root:Epoch: 67, Train loss: 5.0774015e-05
INFO:root:Epoch: 67, Validation loss: 6.682647e-05
INFO:root:Epoch: 68, Train loss: 2.7435577e-05
INFO:root:Epoch: 68, Validation loss: 8.350376e-05
INFO:root:Epoch: 69, Train loss: 2.2741104e-05
INFO:root:Epoch: 69, Validation loss: 4.6569945e-05
INFO:root:Epoch: 70, Train loss: 2.5606802e-05
INFO:root:Epoch: 70, Validation loss: 7.6629214e-05
INFO:root:Epoch: 71, Train loss: 2.5985515e-05
INFO:root:Epoch: 71, Validation loss: 5.1429677e-05
INFO:root:Epoch: 72, Train loss: 1.8702432e-05
INFO:root:Epoch: 72, Validation loss: 3.3205284e-05
INFO:root:Epoch: 73, Train loss: 1.4458519e-05
INFO:root:Epoch: 73, Validation loss: 2.255054e-05
INFO:root:Epoch: 74, Train loss: 1.8340648e-05
INFO:root:Epoch: 74, Validation loss: 2.6119124e-05
INFO:root:Epoch: 75, Train loss: 1.24146545e-05
INFO:root:Epoch: 75, Validation loss: 2.24446e-05
INFO:root:Epoch: 76, Train loss: 1.638368e-05
INFO:root:Epoch: 76, Validation loss: 1.3264521e-05
INFO:root:Epoch: 77, Train loss: 1.6483891e-05
INFO:root:Epoch: 77, Validation loss: 2.4552224e-05
INFO:root:Epoch: 78, Train loss: 1.8992108e-05
INFO:root:Epoch: 78, Validation loss: 4.941465e-05
INFO:root:Epoch: 79, Train loss: 9.967169e-06
INFO:root:Epoch: 79, Validation loss: 1.3575476e-05
INFO:root:Epoch: 80, Train loss: 8.952876e-06
INFO:root:Epoch: 80, Validation loss: 1.033416e-05
INFO:root:Epoch: 81, Train loss: 2.172968e-05
INFO:root:Epoch: 81, Validation loss: 2.9497574e-05
INFO:root:Epoch: 82, Train loss: 1.8095556e-05
INFO:root:Epoch: 82, Validation loss: 2.7735594e-05
INFO:root:Epoch: 83, Train loss: 3.0492067e-05
INFO:root:Epoch: 83, Validation loss: 5.8083617e-05
INFO:root:Epoch: 84, Train loss: 2.3469504e-05
INFO:root:Epoch: 84, Validation loss: 5.728553e-05
INFO:root:Epoch: 85, Train loss: 2.2523629e-05
INFO:root:Epoch: 85, Validation loss: 5.5906246e-05
INFO:root:Epoch: 86, Train loss: 1.2431003e-05
INFO:root:Epoch: 86, Validation loss: 0.000108333355
INFO:root:Epoch: 87, Train loss: 1.8220213e-05
INFO:root:Epoch: 87, Validation loss: 2.0536136e-05
INFO:root:Epoch: 88, Train loss: 2.9156055e-05
INFO:root:Epoch: 88, Validation loss: 5.6462162e-05
INFO:root:Epoch: 89, Train loss: 3.0055346e-05
INFO:root:Epoch: 89, Validation loss: 2.4530817e-05
INFO:root:Epoch: 90, Train loss: 2.3646398e-05
INFO:root:Epoch: 90, Validation loss: 2.3562605e-05
INFO:root:Epoch: 91, Train loss: 9.98972e-06
INFO:root:Epoch: 91, Validation loss: 1.5845962e-05
INFO:root:Epoch: 92, Train loss: 0.00063569105
INFO:root:Epoch: 92, Validation loss: 0.00029080955
INFO:root:Epoch: 93, Train loss: 0.000111180634
INFO:root:Epoch: 93, Validation loss: 0.00036899108
INFO:root:Epoch: 94, Train loss: 4.11973e-05
INFO:root:Epoch: 94, Validation loss: 3.3897973e-05
INFO:root:Epoch: 95, Train loss: 1.7010949e-05
INFO:root:Epoch: 95, Validation loss: 2.1280739e-05
INFO:root:Epoch: 96, Train loss: 1.0030029e-05
INFO:root:Epoch: 96, Validation loss: 2.3461229e-05
INFO:root:Epoch: 97, Train loss: 1.2611116e-05
INFO:root:Epoch: 97, Validation loss: 0.00019416508
INFO:root:Epoch: 98, Train loss: 3.393604e-05
INFO:root:Epoch: 98, Validation loss: 0.000104160616
INFO:root:Epoch: 99, Train loss: 9.7578195e-06
INFO:root:Epoch: 99, Validation loss: 2.8641954e-05
INFO:root:Training from ep 0 to ep 100 finished
INFO:root:Best epoch: 81
