INFO:root:Started
INFO:root:Epoch: 0, Train loss: 1.8104548
INFO:root:Epoch: 0, Validation loss: 1.4141908
INFO:root:Epoch: 1, Train loss: 0.9515093
INFO:root:Epoch: 1, Validation loss: 0.09415772
INFO:root:Epoch: 2, Train loss: 0.01777228
INFO:root:Epoch: 2, Validation loss: 0.008132753
INFO:root:Epoch: 3, Train loss: 0.0045170845
INFO:root:Epoch: 3, Validation loss: 0.0050275554
INFO:root:Epoch: 4, Train loss: 0.0027023968
INFO:root:Epoch: 4, Validation loss: 0.002620255
INFO:root:Epoch: 5, Train loss: 0.0018295933
INFO:root:Epoch: 5, Validation loss: 0.0017631735
INFO:root:Epoch: 6, Train loss: 0.0014502767
INFO:root:Epoch: 6, Validation loss: 0.0013306482
INFO:root:Epoch: 7, Train loss: 0.00088703446
INFO:root:Epoch: 7, Validation loss: 0.0018406145
INFO:root:Epoch: 8, Train loss: 0.0007854017
INFO:root:Epoch: 8, Validation loss: 0.0006812924
INFO:root:Epoch: 9, Train loss: 0.0005840332
INFO:root:Epoch: 9, Validation loss: 0.0007067116
INFO:root:Epoch: 10, Train loss: 0.00057006604
INFO:root:Epoch: 10, Validation loss: 0.00066559575
INFO:root:Epoch: 11, Train loss: 0.00038452528
INFO:root:Epoch: 11, Validation loss: 0.0013324103
INFO:root:Epoch: 12, Train loss: 0.00034432922
INFO:root:Epoch: 12, Validation loss: 0.0005515313
INFO:root:Epoch: 13, Train loss: 0.00027562692
INFO:root:Epoch: 13, Validation loss: 0.00027331643
INFO:root:Epoch: 14, Train loss: 0.00027023078
INFO:root:Epoch: 14, Validation loss: 0.00029237315
INFO:root:Epoch: 15, Train loss: 0.00023413965
INFO:root:Epoch: 15, Validation loss: 0.0003105266
INFO:root:Epoch: 16, Train loss: 0.00025578312
INFO:root:Epoch: 16, Validation loss: 0.00054361223
INFO:root:Epoch: 17, Train loss: 0.00018073221
INFO:root:Epoch: 17, Validation loss: 0.00040378683
INFO:root:Epoch: 18, Train loss: 0.00015165092
INFO:root:Epoch: 18, Validation loss: 0.00023261191
INFO:root:Epoch: 19, Train loss: 0.00013378843
INFO:root:Epoch: 19, Validation loss: 0.00019143987
INFO:root:Epoch: 20, Train loss: 0.00015547364
INFO:root:Epoch: 20, Validation loss: 0.00020895158
INFO:root:Epoch: 21, Train loss: 0.0001497953
INFO:root:Epoch: 21, Validation loss: 0.00014240848
INFO:root:Epoch: 22, Train loss: 0.00011467854
INFO:root:Epoch: 22, Validation loss: 0.00029491255
INFO:root:Epoch: 23, Train loss: 0.000104651466
INFO:root:Epoch: 23, Validation loss: 9.436823e-05
INFO:root:Epoch: 24, Train loss: 8.76023e-05
INFO:root:Epoch: 24, Validation loss: 0.00012867205
INFO:root:Epoch: 25, Train loss: 7.126044e-05
INFO:root:Epoch: 25, Validation loss: 0.00013969203
INFO:root:Epoch: 26, Train loss: 5.8870217e-05
INFO:root:Epoch: 26, Validation loss: 0.00012515475
INFO:root:Epoch: 27, Train loss: 6.862727e-05
INFO:root:Epoch: 27, Validation loss: 0.00011851325
INFO:root:Epoch: 28, Train loss: 9.0126145e-05
INFO:root:Epoch: 28, Validation loss: 0.00011657783
INFO:root:Epoch: 29, Train loss: 5.455435e-05
INFO:root:Epoch: 29, Validation loss: 4.9264276e-05
INFO:root:Epoch: 30, Train loss: 7.9887875e-05
INFO:root:Epoch: 30, Validation loss: 0.00025990102
INFO:root:Epoch: 31, Train loss: 0.00012945135
INFO:root:Epoch: 31, Validation loss: 0.0003197086
INFO:root:Epoch: 32, Train loss: 7.3352734e-05
INFO:root:Epoch: 32, Validation loss: 6.736798e-05
INFO:root:Epoch: 33, Train loss: 6.377127e-05
INFO:root:Epoch: 33, Validation loss: 5.5459084e-05
INFO:root:Epoch: 34, Train loss: 3.5210207e-05
INFO:root:Epoch: 34, Validation loss: 3.4481614e-05
INFO:root:Epoch: 35, Train loss: 3.8408492e-05
INFO:root:Epoch: 35, Validation loss: 5.5709694e-05
INFO:root:Epoch: 36, Train loss: 3.0282847e-05
INFO:root:Epoch: 36, Validation loss: 5.9505095e-05
INFO:root:Epoch: 37, Train loss: 4.3181488e-05
INFO:root:Epoch: 37, Validation loss: 6.480833e-05
INFO:root:Epoch: 38, Train loss: 0.00023084925
INFO:root:Epoch: 38, Validation loss: 0.00013996198
INFO:root:Epoch: 39, Train loss: 8.6937776e-05
INFO:root:Epoch: 39, Validation loss: 4.7190737e-05
INFO:root:Epoch: 40, Train loss: 4.907728e-05
INFO:root:Epoch: 40, Validation loss: 2.41771e-05
INFO:root:Epoch: 41, Train loss: 3.7402708e-05
INFO:root:Epoch: 41, Validation loss: 6.7075205e-05
INFO:root:Epoch: 42, Train loss: 5.7903406e-05
INFO:root:Epoch: 42, Validation loss: 5.442148e-05
INFO:root:Epoch: 43, Train loss: 3.255002e-05
INFO:root:Epoch: 43, Validation loss: 5.0272294e-05
INFO:root:Epoch: 44, Train loss: 1.6562106e-05
INFO:root:Epoch: 44, Validation loss: 4.1618285e-05
INFO:root:Epoch: 45, Train loss: 2.4777453e-05
INFO:root:Epoch: 45, Validation loss: 0.00025479042
INFO:root:Epoch: 46, Train loss: 2.1475034e-05
INFO:root:Epoch: 46, Validation loss: 1.3476807e-05
INFO:root:Epoch: 47, Train loss: 3.274724e-05
INFO:root:Epoch: 47, Validation loss: 2.739973e-05
INFO:root:Epoch: 48, Train loss: 0.0010423186
INFO:root:Epoch: 48, Validation loss: 0.022014558
INFO:root:Epoch: 49, Train loss: 0.00070131547
INFO:root:Epoch: 49, Validation loss: 0.010692048
INFO:root:Epoch: 50, Train loss: 0.00015266168
INFO:root:Epoch: 50, Validation loss: 0.0047864793
INFO:root:Epoch: 51, Train loss: 4.985359e-05
INFO:root:Epoch: 51, Validation loss: 0.0014978546
INFO:root:Epoch: 52, Train loss: 4.933e-05
INFO:root:Epoch: 52, Validation loss: 0.0036209761
INFO:root:Epoch: 53, Train loss: 2.9379264e-05
INFO:root:Epoch: 53, Validation loss: 0.0015104242
INFO:root:Epoch: 54, Train loss: 0.00013051557
INFO:root:Epoch: 54, Validation loss: 0.016709706
INFO:root:Epoch: 55, Train loss: 2.6165912e-05
INFO:root:Epoch: 55, Validation loss: 0.0071667666
INFO:root:Epoch: 56, Train loss: 1.6129983e-05
INFO:root:Epoch: 56, Validation loss: 0.0026447072
INFO:root:Epoch: 57, Train loss: 1.0516696e-05
INFO:root:Epoch: 57, Validation loss: 0.004919154
INFO:root:Epoch: 58, Train loss: 1.3801696e-05
INFO:root:Epoch: 58, Validation loss: 0.005497449
INFO:root:Epoch: 59, Train loss: 1.0432235e-05
INFO:root:Epoch: 59, Validation loss: 0.005626305
INFO:root:Epoch: 60, Train loss: 9.4920455e-05
INFO:root:Epoch: 60, Validation loss: 0.0013699178
INFO:root:Epoch: 61, Train loss: 1.9458745e-05
INFO:root:Epoch: 61, Validation loss: 0.00028164106
INFO:root:Epoch: 62, Train loss: 5.855109e-05
INFO:root:Epoch: 62, Validation loss: 0.0005697047
INFO:root:Epoch: 63, Train loss: 1.5813812e-05
INFO:root:Epoch: 63, Validation loss: 0.00023619655
INFO:root:Epoch: 64, Train loss: 9.006487e-06
INFO:root:Epoch: 64, Validation loss: 0.0017013716
INFO:root:Epoch: 65, Train loss: 9.837261e-05
INFO:root:Epoch: 65, Validation loss: 0.0002364375
INFO:root:Epoch: 66, Train loss: 1.7577202e-05
INFO:root:Epoch: 66, Validation loss: 0.00023831626
INFO:root:Epoch: 67, Train loss: 0.00041648484
INFO:root:Epoch: 67, Validation loss: 0.0069466694
INFO:root:Epoch: 68, Train loss: 0.00050259096
INFO:root:Epoch: 68, Validation loss: 0.00043335202
INFO:root:Epoch: 69, Train loss: 0.00022607917
INFO:root:Epoch: 69, Validation loss: 0.00019910965
INFO:root:Epoch: 70, Train loss: 5.5518314e-05
INFO:root:Epoch: 70, Validation loss: 2.8447523e-05
INFO:root:Epoch: 71, Train loss: 6.153256e-05
INFO:root:Epoch: 71, Validation loss: 4.467928e-05
INFO:root:Epoch: 72, Train loss: 4.7525744e-05
INFO:root:Epoch: 72, Validation loss: 8.270464e-05
INFO:root:Epoch: 73, Train loss: 1.8544375e-05
INFO:root:Epoch: 73, Validation loss: 9.520025e-05
INFO:root:Epoch: 74, Train loss: 9.009539e-06
INFO:root:Epoch: 74, Validation loss: 1.6662363e-05
INFO:root:Epoch: 75, Train loss: 2.2666338e-05
INFO:root:Epoch: 75, Validation loss: 1.7776878e-05
INFO:root:Epoch: 76, Train loss: 1.634322e-05
INFO:root:Epoch: 76, Validation loss: 1.2366149e-05
INFO:root:Epoch: 77, Train loss: 7.671776e-06
INFO:root:Epoch: 77, Validation loss: 2.0597266e-05
INFO:root:Epoch: 78, Train loss: 5.1424227e-06
INFO:root:Epoch: 78, Validation loss: 2.5335097e-05
INFO:root:Epoch: 79, Train loss: 4.8981456e-06
INFO:root:Epoch: 79, Validation loss: 1.3937446e-05
INFO:root:Epoch: 80, Train loss: 5.88846e-06
INFO:root:Epoch: 80, Validation loss: 3.7899877e-05
INFO:root:Epoch: 81, Train loss: 4.777664e-06
INFO:root:Epoch: 81, Validation loss: 7.946995e-05
INFO:root:Epoch: 82, Train loss: 5.618223e-06
INFO:root:Epoch: 82, Validation loss: 2.7980856e-05
INFO:root:Epoch: 83, Train loss: 8.936886e-06
INFO:root:Epoch: 83, Validation loss: 2.4769568e-05
INFO:root:Epoch: 84, Train loss: 7.93606e-06
INFO:root:Epoch: 84, Validation loss: 5.1408926e-05
INFO:root:Epoch: 85, Train loss: 7.0162896e-06
INFO:root:Epoch: 85, Validation loss: 1.4426324e-05
INFO:root:Epoch: 86, Train loss: 1.52176935e-05
INFO:root:Epoch: 86, Validation loss: 1.7320195e-05
INFO:root:Epoch: 87, Train loss: 2.4825727e-05
INFO:root:Epoch: 87, Validation loss: 7.315949e-05
INFO:root:Epoch: 88, Train loss: 2.3231869e-05
INFO:root:Epoch: 88, Validation loss: 1.6876667e-05
INFO:root:Epoch: 89, Train loss: 1.3026401e-05
INFO:root:Epoch: 89, Validation loss: 3.0966614e-05
INFO:root:Epoch: 90, Train loss: 7.389523e-05
INFO:root:Epoch: 90, Validation loss: 0.0038767536
INFO:root:Epoch: 91, Train loss: 0.0010102299
INFO:root:Epoch: 91, Validation loss: 8.709493e-05
INFO:root:Epoch: 92, Train loss: 4.942089e-05
INFO:root:Epoch: 92, Validation loss: 6.091439e-05
INFO:root:Epoch: 93, Train loss: 0.00027698738
INFO:root:Epoch: 93, Validation loss: 0.0005744731
INFO:root:Epoch: 94, Train loss: 4.8753285e-05
INFO:root:Epoch: 94, Validation loss: 5.341198e-05
INFO:root:Epoch: 95, Train loss: 1.894897e-05
INFO:root:Epoch: 95, Validation loss: 2.2925913e-05
INFO:root:Epoch: 96, Train loss: 1.0252881e-05
INFO:root:Epoch: 96, Validation loss: 2.3761408e-05
INFO:root:Epoch: 97, Train loss: 7.121291e-06
INFO:root:Epoch: 97, Validation loss: 1.2023782e-05
INFO:root:Epoch: 98, Train loss: 1.0329432e-05
INFO:root:Epoch: 98, Validation loss: 3.4924087e-05
INFO:root:Epoch: 99, Train loss: 6.928869e-06
INFO:root:Epoch: 99, Validation loss: 6.6171e-06
INFO:root:Training from ep 0 to ep 100 finished
INFO:root:Best epoch: 100
