INFO:root:Started
INFO:root:Epoch: 0, Train loss: 3.7024114, Train Acc: 0.055239897
INFO:root:Epoch: 0, Validation loss: 3.7043839, Validation Acc: 0.083333336
INFO:root:Epoch: 1, Train loss: 3.4145823, Train Acc: 0.1177399
INFO:root:Epoch: 1, Validation loss: 3.6710503, Validation Acc: 0.078125
INFO:root:Epoch: 2, Train loss: 3.2516418, Train Acc: 0.14141414
INFO:root:Epoch: 2, Validation loss: 3.6178627, Validation Acc: 0.1015625
INFO:root:Epoch: 3, Train loss: 3.1311765, Train Acc: 0.1736111
INFO:root:Epoch: 3, Validation loss: 3.5280454, Validation Acc: 0.09375
INFO:root:Epoch: 4, Train loss: 3.0083432, Train Acc: 0.2114899
INFO:root:Epoch: 4, Validation loss: 3.3983138, Validation Acc: 0.13020833
INFO:root:Epoch: 5, Train loss: 2.8821673, Train Acc: 0.23579545
INFO:root:Epoch: 5, Validation loss: 3.6062205, Validation Acc: 0.096354164
INFO:root:Epoch: 6, Train loss: 2.7748678, Train Acc: 0.2616793
INFO:root:Epoch: 6, Validation loss: 3.498749, Validation Acc: 0.104166664
INFO:root:Epoch: 7, Train loss: 2.6538243, Train Acc: 0.29103535
INFO:root:Epoch: 7, Validation loss: 3.5698092, Validation Acc: 0.1171875
INFO:root:Epoch: 8, Train loss: 2.530121, Train Acc: 0.32070708
INFO:root:Epoch: 8, Validation loss: 3.480758, Validation Acc: 0.12760417
INFO:root:Epoch: 9, Train loss: 2.3795233, Train Acc: 0.36363637
INFO:root:Epoch: 9, Validation loss: 3.6005707, Validation Acc: 0.13802083
INFO:root:Epoch: 10, Train loss: 2.2831068, Train Acc: 0.38478535
INFO:root:Epoch: 10, Validation loss: 3.488115, Validation Acc: 0.13541667
INFO:root:Epoch: 11, Train loss: 2.1968653, Train Acc: 0.40309343
INFO:root:Epoch: 11, Validation loss: 3.7342405, Validation Acc: 0.104166664
INFO:root:Epoch: 12, Train loss: 2.1200495, Train Acc: 0.41824496
INFO:root:Epoch: 12, Validation loss: 3.6119032, Validation Acc: 0.122395836
INFO:root:Epoch: 13, Train loss: 2.011155, Train Acc: 0.4491793
INFO:root:Epoch: 13, Validation loss: 3.5971203, Validation Acc: 0.14322917
INFO:root:Epoch: 14, Train loss: 1.9653971, Train Acc: 0.46180555
INFO:root:Epoch: 14, Validation loss: 3.795811, Validation Acc: 0.119791664
INFO:root:Epoch: 15, Train loss: 1.8432677, Train Acc: 0.4876894
INFO:root:Epoch: 15, Validation loss: 3.7625458, Validation Acc: 0.1328125
INFO:root:Epoch: 16, Train loss: 1.7515672, Train Acc: 0.51420456
INFO:root:Epoch: 16, Validation loss: 3.660958, Validation Acc: 0.15104167
INFO:root:Epoch: 17, Train loss: 1.6888258, Train Acc: 0.5407197
INFO:root:Epoch: 17, Validation loss: 3.7101238, Validation Acc: 0.13020833
INFO:root:Epoch: 18, Train loss: 1.6151863, Train Acc: 0.5546086
INFO:root:Epoch: 18, Validation loss: 3.7274106, Validation Acc: 0.122395836
INFO:root:Epoch: 19, Train loss: 1.5877336, Train Acc: 0.5609217
INFO:root:Epoch: 19, Validation loss: 3.682559, Validation Acc: 0.1484375
INFO:root:Epoch: 20, Train loss: 1.4557726, Train Acc: 0.5902778
INFO:root:Epoch: 20, Validation loss: 3.7468455, Validation Acc: 0.1484375
INFO:root:Epoch: 21, Train loss: 1.3845011, Train Acc: 0.6063763
INFO:root:Epoch: 21, Validation loss: 3.6641052, Validation Acc: 0.171875
INFO:root:Epoch: 22, Train loss: 1.3468796, Train Acc: 0.6262626
INFO:root:Epoch: 22, Validation loss: 4.093499, Validation Acc: 0.1171875
INFO:root:Epoch: 23, Train loss: 1.2889525, Train Acc: 0.6395202
INFO:root:Epoch: 23, Validation loss: 4.068338, Validation Acc: 0.125
INFO:root:Epoch: 24, Train loss: 1.2573131, Train Acc: 0.6458333
INFO:root:Epoch: 24, Validation loss: 4.0237584, Validation Acc: 0.125
INFO:root:Epoch: 25, Train loss: 1.1557136, Train Acc: 0.67329544
INFO:root:Epoch: 25, Validation loss: 4.0419717, Validation Acc: 0.16666667
INFO:root:Epoch: 26, Train loss: 1.1515322, Train Acc: 0.68560606
INFO:root:Epoch: 26, Validation loss: 3.9780118, Validation Acc: 0.16145833
INFO:root:Epoch: 27, Train loss: 1.0813383, Train Acc: 0.7042298
INFO:root:Epoch: 27, Validation loss: 4.186495, Validation Acc: 0.14583333
INFO:root:Epoch: 28, Train loss: 1.0422629, Train Acc: 0.7064394
INFO:root:Epoch: 28, Validation loss: 4.1358166, Validation Acc: 0.1796875
INFO:root:Epoch: 29, Train loss: 1.0216076, Train Acc: 0.71022725
INFO:root:Epoch: 29, Validation loss: 4.202179, Validation Acc: 0.14583333
INFO:root:Epoch: 30, Train loss: 0.9799231, Train Acc: 0.71590906
INFO:root:Epoch: 30, Validation loss: 4.0061674, Validation Acc: 0.15364583
INFO:root:Epoch: 31, Train loss: 0.8898357, Train Acc: 0.74810606
INFO:root:Epoch: 31, Validation loss: 4.349361, Validation Acc: 0.13541667
INFO:root:Epoch: 32, Train loss: 0.8773852, Train Acc: 0.7515783
INFO:root:Epoch: 32, Validation loss: 4.292103, Validation Acc: 0.1015625
INFO:root:Epoch: 33, Train loss: 0.8580616, Train Acc: 0.74715906
INFO:root:Epoch: 33, Validation loss: 4.096505, Validation Acc: 0.1484375
INFO:root:Epoch: 34, Train loss: 0.826059, Train Acc: 0.7566288
INFO:root:Epoch: 34, Validation loss: 4.331016, Validation Acc: 0.14322917
INFO:root:Epoch: 35, Train loss: 0.8104745, Train Acc: 0.772096
INFO:root:Epoch: 35, Validation loss: 4.372611, Validation Acc: 0.14583333
INFO:root:Epoch: 36, Train loss: 0.7248324, Train Acc: 0.7907197
INFO:root:Epoch: 36, Validation loss: 4.3844895, Validation Acc: 0.140625
INFO:root:Epoch: 37, Train loss: 0.7554981, Train Acc: 0.7765151
INFO:root:Epoch: 37, Validation loss: 4.4896193, Validation Acc: 0.15625
INFO:root:Epoch: 38, Train loss: 0.69109905, Train Acc: 0.802399
INFO:root:Epoch: 38, Validation loss: 4.482865, Validation Acc: 0.1484375
INFO:root:Epoch: 39, Train loss: 0.6604884, Train Acc: 0.8102904
INFO:root:Epoch: 39, Validation loss: 4.686085, Validation Acc: 0.15104167
INFO:root:Epoch: 40, Train loss: 0.6017738, Train Acc: 0.8364899
INFO:root:Epoch: 40, Validation loss: 4.3577695, Validation Acc: 0.16666667
INFO:root:Epoch: 41, Train loss: 0.6293935, Train Acc: 0.8203914
INFO:root:Epoch: 41, Validation loss: 4.627561, Validation Acc: 0.1328125
INFO:root:Epoch: 42, Train loss: 0.6299966, Train Acc: 0.8159722
INFO:root:Epoch: 42, Validation loss: 4.691186, Validation Acc: 0.1484375
INFO:root:Epoch: 43, Train loss: 0.5842329, Train Acc: 0.83396465
INFO:root:Epoch: 43, Validation loss: 4.710687, Validation Acc: 0.140625
INFO:root:Epoch: 44, Train loss: 0.6088343, Train Acc: 0.8207071
INFO:root:Epoch: 44, Validation loss: 4.621446, Validation Acc: 0.15104167
INFO:root:Epoch: 45, Train loss: 0.5655668, Train Acc: 0.84090906
INFO:root:Epoch: 45, Validation loss: 4.8087516, Validation Acc: 0.13541667
INFO:root:Epoch: 46, Train loss: 0.5731954, Train Acc: 0.8386995
INFO:root:Epoch: 46, Validation loss: 4.904968, Validation Acc: 0.140625
INFO:root:Epoch: 47, Train loss: 0.5283138, Train Acc: 0.8472222
INFO:root:Epoch: 47, Validation loss: 4.460411, Validation Acc: 0.1484375
INFO:root:Epoch: 48, Train loss: 0.50480795, Train Acc: 0.8510101
INFO:root:Epoch: 48, Validation loss: 4.7280736, Validation Acc: 0.13802083
INFO:root:Epoch: 49, Train loss: 0.4947668, Train Acc: 0.85700756
INFO:root:Epoch: 49, Validation loss: 4.6085825, Validation Acc: 0.16145833
INFO:root:Epoch: 50, Train loss: 0.44752327, Train Acc: 0.86616164
INFO:root:Epoch: 50, Validation loss: 4.7694387, Validation Acc: 0.13541667
INFO:root:Epoch: 51, Train loss: 0.4653176, Train Acc: 0.86742425
INFO:root:Epoch: 51, Validation loss: 4.848002, Validation Acc: 0.14583333
INFO:root:Epoch: 52, Train loss: 0.43557796, Train Acc: 0.87436867
INFO:root:Epoch: 52, Validation loss: 4.779003, Validation Acc: 0.14583333
INFO:root:Epoch: 53, Train loss: 0.48618186, Train Acc: 0.85795456
INFO:root:Epoch: 53, Validation loss: 4.6499267, Validation Acc: 0.140625
INFO:root:Epoch: 54, Train loss: 0.43148023, Train Acc: 0.8765783
INFO:root:Epoch: 54, Validation loss: 4.8623385, Validation Acc: 0.13802083
INFO:root:Epoch: 55, Train loss: 0.41034874, Train Acc: 0.8863636
INFO:root:Epoch: 55, Validation loss: 4.7967887, Validation Acc: 0.16666667
INFO:root:Epoch: 56, Train loss: 0.44507766, Train Acc: 0.86742425
INFO:root:Epoch: 56, Validation loss: 4.8759146, Validation Acc: 0.15364583
INFO:root:Epoch: 57, Train loss: 0.42239118, Train Acc: 0.88036615
INFO:root:Epoch: 57, Validation loss: 4.9434085, Validation Acc: 0.15885417
INFO:root:Epoch: 58, Train loss: 0.4062476, Train Acc: 0.884154
INFO:root:Epoch: 58, Validation loss: 4.9246445, Validation Acc: 0.16145833
INFO:root:Epoch: 59, Train loss: 0.3983383, Train Acc: 0.88604796
INFO:root:Epoch: 59, Validation loss: 4.873227, Validation Acc: 0.17708333
INFO:root:Training from ep 0 to ep 60 finished
INFO:root:Best epoch: 29
