INFO:root:Started
INFO:root:Epoch: 0, Train loss: 3.9272685, Train Acc: 0.017676767
INFO:root:Epoch: 0, Validation loss: 3.9034736, Validation Acc: 0.026041666
INFO:root:Epoch: 1, Train loss: 3.9184036, Train Acc: 0.017045455
INFO:root:Epoch: 1, Validation loss: 3.914275, Validation Acc: 0.020833334
INFO:root:Epoch: 2, Train loss: 3.9147737, Train Acc: 0.018623738
INFO:root:Epoch: 2, Validation loss: 3.9067748, Validation Acc: 0.013020833
INFO:root:Epoch: 3, Train loss: 3.9132981, Train Acc: 0.015467172
INFO:root:Epoch: 3, Validation loss: 3.9057505, Validation Acc: 0.03125
INFO:root:Epoch: 4, Train loss: 3.9136834, Train Acc: 0.015782828
INFO:root:Epoch: 4, Validation loss: 3.9057295, Validation Acc: 0.028645834
INFO:root:Epoch: 5, Train loss: 3.9128368, Train Acc: 0.01830808
INFO:root:Epoch: 5, Validation loss: 3.9076264, Validation Acc: 0.026041666
INFO:root:Epoch: 6, Train loss: 3.912557, Train Acc: 0.021464646
INFO:root:Epoch: 6, Validation loss: 3.9091918, Validation Acc: 0.026041666
INFO:root:Epoch: 7, Train loss: 3.9128559, Train Acc: 0.015467172
INFO:root:Epoch: 7, Validation loss: 3.9087193, Validation Acc: 0.026041666
INFO:root:Epoch: 8, Train loss: 3.9128544, Train Acc: 0.018939395
INFO:root:Epoch: 8, Validation loss: 3.9064853, Validation Acc: 0.026041666
INFO:root:Epoch: 9, Train loss: 3.9123058, Train Acc: 0.016098484
INFO:root:Epoch: 9, Validation loss: 3.9055073, Validation Acc: 0.026041666
INFO:root:Epoch: 10, Train loss: 3.912418, Train Acc: 0.019886363
INFO:root:Epoch: 10, Validation loss: 3.906462, Validation Acc: 0.026041666
INFO:root:Epoch: 11, Train loss: 3.912236, Train Acc: 0.019255051
INFO:root:Epoch: 11, Validation loss: 3.9055188, Validation Acc: 0.015625
INFO:root:Epoch: 12, Train loss: 3.9121516, Train Acc: 0.016729798
INFO:root:Epoch: 12, Validation loss: 3.9022653, Validation Acc: 0.013020833
INFO:root:Epoch: 13, Train loss: 3.9124935, Train Acc: 0.016729798
INFO:root:Epoch: 13, Validation loss: 3.9039543, Validation Acc: 0.020833334
INFO:root:Epoch: 14, Train loss: 3.912386, Train Acc: 0.017992424
INFO:root:Epoch: 14, Validation loss: 3.9044578, Validation Acc: 0.020833334
INFO:root:Epoch: 15, Train loss: 3.9125426, Train Acc: 0.015782828
INFO:root:Epoch: 15, Validation loss: 3.9057667, Validation Acc: 0.015625
INFO:root:Epoch: 16, Train loss: 3.912502, Train Acc: 0.016729798
INFO:root:Epoch: 16, Validation loss: 3.9046366, Validation Acc: 0.026041666
INFO:root:Epoch: 17, Train loss: 3.911968, Train Acc: 0.01830808
INFO:root:Epoch: 17, Validation loss: 3.9079657, Validation Acc: 0.026041666
INFO:root:Epoch: 18, Train loss: 3.9115677, Train Acc: 0.016729798
INFO:root:Epoch: 18, Validation loss: 3.9069443, Validation Acc: 0.028645834
INFO:root:Epoch: 19, Train loss: 3.9119518, Train Acc: 0.01830808
INFO:root:Epoch: 19, Validation loss: 3.902836, Validation Acc: 0.018229166
INFO:root:Epoch: 20, Train loss: 3.9115944, Train Acc: 0.016414141
INFO:root:Epoch: 20, Validation loss: 3.907079, Validation Acc: 0.015625
INFO:root:Epoch: 21, Train loss: 3.9114814, Train Acc: 0.016098484
INFO:root:Epoch: 21, Validation loss: 3.9051409, Validation Acc: 0.026041666
INFO:root:Epoch: 22, Train loss: 3.9116127, Train Acc: 0.019570706
INFO:root:Epoch: 22, Validation loss: 3.9053774, Validation Acc: 0.028645834
INFO:root:Epoch: 23, Train loss: 3.9116707, Train Acc: 0.01830808
INFO:root:Epoch: 23, Validation loss: 3.897579, Validation Acc: 0.026041666
INFO:root:Epoch: 24, Train loss: 3.9116812, Train Acc: 0.019570706
INFO:root:Epoch: 24, Validation loss: 3.904398, Validation Acc: 0.020833334
INFO:root:Epoch: 25, Train loss: 3.9118328, Train Acc: 0.016414141
INFO:root:Epoch: 25, Validation loss: 3.90481, Validation Acc: 0.026041666
INFO:root:Epoch: 26, Train loss: 3.912116, Train Acc: 0.016729798
INFO:root:Epoch: 26, Validation loss: 3.9078252, Validation Acc: 0.020833334
INFO:root:Epoch: 27, Train loss: 3.9115224, Train Acc: 0.016098484
INFO:root:Epoch: 27, Validation loss: 3.9050004, Validation Acc: 0.0234375
INFO:root:Epoch: 28, Train loss: 3.9115014, Train Acc: 0.021464646
INFO:root:Epoch: 28, Validation loss: 3.9000409, Validation Acc: 0.026041666
INFO:root:Epoch: 29, Train loss: 3.9109602, Train Acc: 0.016729798
INFO:root:Epoch: 29, Validation loss: 3.9053774, Validation Acc: 0.020833334
INFO:root:Training from ep 0 to ep 30 finished
INFO:root:Best epoch: 4
INFO:root:Started
INFO:root:Epoch: 30, Train loss: 3.9120855, Train Acc: 0.015782828
INFO:root:Epoch: 30, Validation loss: 3.9031389, Validation Acc: 0.020833334
INFO:root:Epoch: 31, Train loss: 3.9117055, Train Acc: 0.015467172
INFO:root:Epoch: 31, Validation loss: 3.905626, Validation Acc: 0.026041666
INFO:root:Epoch: 32, Train loss: 3.9112673, Train Acc: 0.019886363
INFO:root:Epoch: 32, Validation loss: 3.9038975, Validation Acc: 0.015625
INFO:root:Epoch: 33, Train loss: 3.911073, Train Acc: 0.015782828
INFO:root:Epoch: 33, Validation loss: 3.9054925, Validation Acc: 0.018229166
INFO:root:Epoch: 34, Train loss: 3.9113908, Train Acc: 0.014835859
INFO:root:Epoch: 34, Validation loss: 3.9039261, Validation Acc: 0.028645834
INFO:root:Epoch: 35, Train loss: 3.9110036, Train Acc: 0.013573232
INFO:root:Epoch: 35, Validation loss: 3.9058256, Validation Acc: 0.026041666
INFO:root:Epoch: 36, Train loss: 3.9108942, Train Acc: 0.021780303
INFO:root:Epoch: 36, Validation loss: 3.9061794, Validation Acc: 0.020833334
INFO:root:Epoch: 37, Train loss: 3.9113266, Train Acc: 0.014520202
INFO:root:Epoch: 37, Validation loss: 3.9059134, Validation Acc: 0.020833334
INFO:root:Epoch: 38, Train loss: 3.911112, Train Acc: 0.018939395
INFO:root:Epoch: 38, Validation loss: 3.9056332, Validation Acc: 0.026041666
INFO:root:Epoch: 39, Train loss: 3.9108047, Train Acc: 0.018939395
INFO:root:Epoch: 39, Validation loss: 3.9069602, Validation Acc: 0.026041666
INFO:root:Epoch: 40, Train loss: 3.9113498, Train Acc: 0.02020202
INFO:root:Epoch: 40, Validation loss: 3.9056063, Validation Acc: 0.026041666
INFO:root:Epoch: 41, Train loss: 3.9109657, Train Acc: 0.019886363
INFO:root:Epoch: 41, Validation loss: 3.9044826, Validation Acc: 0.026041666
INFO:root:Epoch: 42, Train loss: 3.910816, Train Acc: 0.014204546
INFO:root:Epoch: 42, Validation loss: 3.9018176, Validation Acc: 0.0234375
INFO:root:Epoch: 43, Train loss: 3.9109857, Train Acc: 0.016098484
INFO:root:Epoch: 43, Validation loss: 3.903198, Validation Acc: 0.026041666
INFO:root:Epoch: 44, Train loss: 3.9111774, Train Acc: 0.016729798
INFO:root:Epoch: 44, Validation loss: 3.9033215, Validation Acc: 0.020833334
INFO:root:Epoch: 45, Train loss: 3.911139, Train Acc: 0.017676767
INFO:root:Epoch: 45, Validation loss: 3.9056156, Validation Acc: 0.015625
INFO:root:Epoch: 46, Train loss: 3.911034, Train Acc: 0.015467172
INFO:root:Epoch: 46, Validation loss: 3.903924, Validation Acc: 0.028645834
INFO:root:Epoch: 47, Train loss: 3.9107897, Train Acc: 0.02020202
INFO:root:Epoch: 47, Validation loss: 3.906913, Validation Acc: 0.026041666
INFO:root:Epoch: 48, Train loss: 3.910643, Train Acc: 0.018623738
INFO:root:Epoch: 48, Validation loss: 3.9058974, Validation Acc: 0.026041666
INFO:root:Epoch: 49, Train loss: 3.9109044, Train Acc: 0.017676767
INFO:root:Epoch: 49, Validation loss: 3.9021642, Validation Acc: 0.018229166
INFO:root:Epoch: 50, Train loss: 3.9105532, Train Acc: 0.01830808
INFO:root:Epoch: 50, Validation loss: 3.9060333, Validation Acc: 0.015625
INFO:root:Epoch: 51, Train loss: 3.9104497, Train Acc: 0.016414141
INFO:root:Epoch: 51, Validation loss: 3.9049451, Validation Acc: 0.026041666
INFO:root:Epoch: 52, Train loss: 3.9105701, Train Acc: 0.019886363
INFO:root:Epoch: 52, Validation loss: 3.9051476, Validation Acc: 0.028645834
INFO:root:Epoch: 53, Train loss: 3.9106185, Train Acc: 0.014835859
INFO:root:Epoch: 53, Validation loss: 3.8973901, Validation Acc: 0.026041666
INFO:root:Epoch: 54, Train loss: 3.9108973, Train Acc: 0.023042928
INFO:root:Epoch: 54, Validation loss: 3.9040585, Validation Acc: 0.020833334
INFO:root:Epoch: 55, Train loss: 3.9107022, Train Acc: 0.018623738
INFO:root:Epoch: 55, Validation loss: 3.904831, Validation Acc: 0.026041666
INFO:root:Epoch: 56, Train loss: 3.9111202, Train Acc: 0.019886363
INFO:root:Epoch: 56, Validation loss: 3.9063594, Validation Acc: 0.020833334
INFO:root:Epoch: 57, Train loss: 3.9105518, Train Acc: 0.014520202
INFO:root:Epoch: 57, Validation loss: 3.9044406, Validation Acc: 0.0234375
INFO:root:Epoch: 58, Train loss: 3.9105515, Train Acc: 0.022727273
INFO:root:Epoch: 58, Validation loss: 3.8995924, Validation Acc: 0.020833334
INFO:root:Epoch: 59, Train loss: 3.9102201, Train Acc: 0.018623738
INFO:root:Epoch: 59, Validation loss: 3.9043293, Validation Acc: 0.020833334
INFO:root:Training from ep 30 to ep 60 finished
INFO:root:Best epoch: 35
