INFO:root:Started
INFO:root:Started
INFO:root:Epoch: 0, Train loss: 0.010086741
INFO:root:Epoch: 0, Validation loss: 0.0003423688
INFO:root:Epoch: 1, Train loss: 0.0001722775
INFO:root:Epoch: 1, Validation loss: 8.758556e-05
INFO:root:Epoch: 2, Train loss: 8.753997e-05
INFO:root:Epoch: 2, Validation loss: 5.9093865e-05
INFO:root:Epoch: 3, Train loss: 5.4948956e-05
INFO:root:Epoch: 3, Validation loss: 3.6171292e-05
INFO:root:Epoch: 4, Train loss: 4.0693685e-05
INFO:root:Epoch: 4, Validation loss: 2.6036647e-05
INFO:root:Epoch: 5, Train loss: 3.1306958e-05
INFO:root:Epoch: 5, Validation loss: 2.0306465e-05
INFO:root:Epoch: 6, Train loss: 2.4331408e-05
INFO:root:Epoch: 6, Validation loss: 1.8731445e-05
INFO:root:Epoch: 7, Train loss: 2.0383515e-05
INFO:root:Epoch: 7, Validation loss: 1.5895064e-05
INFO:root:Epoch: 8, Train loss: 1.6298256e-05
INFO:root:Epoch: 8, Validation loss: 1.6713087e-05
INFO:root:Epoch: 9, Train loss: 1.4526879e-05
INFO:root:Epoch: 9, Validation loss: 1.0733609e-05
INFO:root:Epoch: 10, Train loss: 1.1969107e-05
INFO:root:Epoch: 10, Validation loss: 1.0926409e-05
INFO:root:Epoch: 11, Train loss: 1.0299643e-05
INFO:root:Epoch: 11, Validation loss: 7.1926897e-06
INFO:root:Epoch: 12, Train loss: 8.572393e-06
INFO:root:Epoch: 12, Validation loss: 6.3603493e-06
INFO:root:Epoch: 13, Train loss: 8.445635e-06
INFO:root:Epoch: 13, Validation loss: 7.0918563e-06
INFO:root:Epoch: 14, Train loss: 7.072035e-06
INFO:root:Epoch: 14, Validation loss: 7.064117e-06
INFO:root:Epoch: 15, Train loss: 5.780234e-06
INFO:root:Epoch: 15, Validation loss: 3.4854502e-06
INFO:root:Epoch: 16, Train loss: 5.014288e-06
INFO:root:Epoch: 16, Validation loss: 4.600375e-06
INFO:root:Epoch: 17, Train loss: 4.4198064e-06
INFO:root:Epoch: 17, Validation loss: 3.3442395e-06
INFO:root:Epoch: 18, Train loss: 3.8405683e-06
INFO:root:Epoch: 18, Validation loss: 3.0826338e-06
INFO:root:Epoch: 19, Train loss: 3.7704276e-06
INFO:root:Epoch: 19, Validation loss: 3.500906e-06
INFO:root:Epoch: 20, Train loss: 2.9483776e-06
INFO:root:Epoch: 20, Validation loss: 2.1335832e-06
INFO:root:Epoch: 21, Train loss: 2.5623135e-06
INFO:root:Epoch: 21, Validation loss: 1.6915343e-06
INFO:root:Epoch: 22, Train loss: 2.3346795e-06
INFO:root:Epoch: 22, Validation loss: 1.8847215e-06
INFO:root:Epoch: 23, Train loss: 2.1458593e-06
INFO:root:Epoch: 23, Validation loss: 1.3279658e-06
INFO:root:Epoch: 24, Train loss: 1.6229122e-06
INFO:root:Epoch: 24, Validation loss: 1.2976111e-06
INFO:root:Epoch: 25, Train loss: 1.5962471e-06
INFO:root:Epoch: 25, Validation loss: 1.0005972e-06
INFO:root:Epoch: 26, Train loss: 1.4593276e-06
INFO:root:Epoch: 26, Validation loss: 1.1238155e-06
INFO:root:Epoch: 27, Train loss: 1.3891098e-06
INFO:root:Epoch: 27, Validation loss: 8.172537e-07
INFO:root:Epoch: 28, Train loss: 1.1267383e-06
INFO:root:Epoch: 28, Validation loss: 8.5083843e-07
INFO:root:Epoch: 29, Train loss: 1.1093922e-06
INFO:root:Epoch: 29, Validation loss: 1.0119483e-06
INFO:root:Epoch: 30, Train loss: 9.5137756e-07
INFO:root:Epoch: 30, Validation loss: 9.591979e-07
INFO:root:Epoch: 31, Train loss: 7.9875997e-07
INFO:root:Epoch: 31, Validation loss: 7.877434e-07
INFO:root:Epoch: 32, Train loss: 7.130758e-07
INFO:root:Epoch: 32, Validation loss: 1.0213874e-06
INFO:root:Epoch: 33, Train loss: 5.8656525e-07
INFO:root:Epoch: 33, Validation loss: 3.3923013e-07
INFO:root:Epoch: 34, Train loss: 8.5632627e-07
INFO:root:Epoch: 34, Validation loss: 9.0969183e-07
INFO:root:Epoch: 35, Train loss: 5.614461e-07
INFO:root:Epoch: 35, Validation loss: 5.8618724e-07
INFO:root:Epoch: 36, Train loss: 5.46677e-07
INFO:root:Epoch: 36, Validation loss: 4.323155e-07
INFO:root:Epoch: 37, Train loss: 7.5795464e-07
INFO:root:Epoch: 37, Validation loss: 6.3760416e-07
INFO:root:Epoch: 38, Train loss: 5.2996114e-07
INFO:root:Epoch: 38, Validation loss: 2.1843757e-06
INFO:root:Epoch: 39, Train loss: 5.624541e-07
INFO:root:Epoch: 39, Validation loss: 1.9439396e-07
INFO:root:Epoch: 40, Train loss: 7.586284e-07
INFO:root:Epoch: 40, Validation loss: 2.725115e-07
INFO:root:Epoch: 41, Train loss: 4.5295488e-07
INFO:root:Epoch: 41, Validation loss: 1.2506649e-07
INFO:root:Epoch: 42, Train loss: 3.659891e-07
INFO:root:Epoch: 42, Validation loss: 3.5437216e-07
INFO:root:Epoch: 43, Train loss: 5.907174e-07
INFO:root:Epoch: 43, Validation loss: 5.8649803e-06
INFO:root:Epoch: 44, Train loss: 8.612326e-07
INFO:root:Epoch: 44, Validation loss: 1.6648217e-07
INFO:root:Epoch: 45, Train loss: 5.171158e-07
INFO:root:Epoch: 45, Validation loss: 1.4349453e-07
INFO:root:Epoch: 46, Train loss: 6.642286e-07
INFO:root:Epoch: 46, Validation loss: 9.030473e-08
INFO:root:Epoch: 47, Train loss: 3.44322e-07
INFO:root:Epoch: 47, Validation loss: 1.0634289e-07
INFO:root:Epoch: 48, Train loss: 4.3163922e-07
INFO:root:Epoch: 48, Validation loss: 2.480187e-07
INFO:root:Epoch: 49, Train loss: 3.6542647e-07
INFO:root:Epoch: 49, Validation loss: 2.4704116e-07
INFO:root:Epoch: 50, Train loss: 4.2170856e-07
INFO:root:Epoch: 50, Validation loss: 3.914159e-07
INFO:root:Epoch: 51, Train loss: 6.064414e-07
INFO:root:Epoch: 51, Validation loss: 2.0068768e-07
INFO:root:Epoch: 52, Train loss: 1.2117525e-07
INFO:root:Epoch: 52, Validation loss: 9.5545374e-08
INFO:root:Epoch: 53, Train loss: 6.199294e-07
INFO:root:Epoch: 53, Validation loss: 6.837188e-08
INFO:root:Epoch: 54, Train loss: 3.4392596e-07
INFO:root:Epoch: 54, Validation loss: 1.8858034e-06
INFO:root:Epoch: 55, Train loss: 4.035641e-07
INFO:root:Epoch: 55, Validation loss: 5.126403e-08
INFO:root:Epoch: 56, Train loss: 4.0537702e-07
INFO:root:Epoch: 56, Validation loss: 8.258096e-08
INFO:root:Epoch: 57, Train loss: 2.3296468e-06
INFO:root:Epoch: 57, Validation loss: 2.106136e-06
INFO:root:Epoch: 58, Train loss: 2.1927238e-07
INFO:root:Epoch: 58, Validation loss: 9.3698965e-08
INFO:root:Epoch: 59, Train loss: 8.9131895e-08
INFO:root:Epoch: 59, Validation loss: 1.084571e-07
INFO:root:Epoch: 60, Train loss: 2.3751552e-07
INFO:root:Epoch: 60, Validation loss: 2.743287e-07
INFO:root:Epoch: 61, Train loss: 1.6534085e-07
INFO:root:Epoch: 61, Validation loss: 5.2888197e-07
INFO:root:Epoch: 62, Train loss: 3.707276e-06
INFO:root:Epoch: 62, Validation loss: 7.0275115e-07
INFO:root:Epoch: 63, Train loss: 1.6509716e-07
INFO:root:Epoch: 63, Validation loss: 9.715726e-08
INFO:root:Epoch: 64, Train loss: 1.02550004e-07
INFO:root:Epoch: 64, Validation loss: 9.678637e-08
INFO:root:Epoch: 65, Train loss: 2.689862e-07
INFO:root:Epoch: 65, Validation loss: 5.6689704e-08
INFO:root:Epoch: 66, Train loss: 1.3462092e-07
INFO:root:Epoch: 66, Validation loss: 4.1022556e-08
INFO:root:Epoch: 67, Train loss: 2.387881e-07
INFO:root:Epoch: 67, Validation loss: 5.4998747e-08
INFO:root:Epoch: 68, Train loss: 1.213654e-07
INFO:root:Epoch: 68, Validation loss: 2.8935508e-08
INFO:root:Epoch: 69, Train loss: 2.3168487e-07
INFO:root:Epoch: 69, Validation loss: 4.6834213e-08
INFO:root:Epoch: 70, Train loss: 5.9594237e-07
INFO:root:Epoch: 70, Validation loss: 2.1895768e-05
INFO:root:Epoch: 71, Train loss: 2.4269687e-07
INFO:root:Epoch: 71, Validation loss: 3.9282227e-08
INFO:root:Epoch: 72, Train loss: 2.1042901e-07
INFO:root:Epoch: 72, Validation loss: 5.4924607e-07
INFO:root:Epoch: 73, Train loss: 2.1834612e-07
INFO:root:Epoch: 73, Validation loss: 3.3772196e-08
INFO:root:Epoch: 74, Train loss: 1.5187244e-07
INFO:root:Epoch: 74, Validation loss: 3.3064316e-06
INFO:root:Epoch: 75, Train loss: 1.7996669e-07
INFO:root:Epoch: 75, Validation loss: 7.137208e-08
INFO:root:Epoch: 76, Train loss: 3.211706e-07
INFO:root:Epoch: 76, Validation loss: 3.6898604e-07
INFO:root:Epoch: 77, Train loss: 1.3423059e-07
INFO:root:Epoch: 77, Validation loss: 1.3659628e-06
INFO:root:Epoch: 78, Train loss: 1.6084664e-07
INFO:root:Epoch: 78, Validation loss: 4.493175e-08
INFO:root:Epoch: 79, Train loss: 2.2011427e-07
INFO:root:Epoch: 79, Validation loss: 1.0113587e-06
INFO:root:Epoch: 80, Train loss: 8.361497e-08
INFO:root:Epoch: 80, Validation loss: 2.2685922e-08
INFO:root:Epoch: 81, Train loss: 1.3988854e-07
INFO:root:Epoch: 81, Validation loss: 2.0389517e-07
INFO:root:Epoch: 82, Train loss: 8.262354e-08
INFO:root:Epoch: 82, Validation loss: 2.0293832e-08
INFO:root:Epoch: 83, Train loss: 6.198725e-10
INFO:root:Epoch: 83, Validation loss: 2.9533428e-10
INFO:root:Epoch: 84, Train loss: 2.5742214e-10
INFO:root:Epoch: 84, Validation loss: 1.3839908e-10
INFO:root:Epoch: 85, Train loss: 1.4801133e-10
INFO:root:Epoch: 85, Validation loss: 8.540172e-11
INFO:root:Epoch: 86, Train loss: 9.240874e-11
INFO:root:Epoch: 86, Validation loss: 3.962002e-11
INFO:root:Epoch: 87, Train loss: 6.8302086e-11
INFO:root:Epoch: 87, Validation loss: 3.0932222e-11
INFO:root:Epoch: 88, Train loss: 5.011883e-11
INFO:root:Epoch: 88, Validation loss: 2.2835829e-11
INFO:root:Epoch: 89, Train loss: 3.6842e-11
INFO:root:Epoch: 89, Validation loss: 2.1713287e-11
INFO:root:Epoch: 90, Train loss: 5.868572e-12
INFO:root:Epoch: 90, Validation loss: 1.2579036e-12
INFO:root:Epoch: 91, Train loss: 8.181617e-13
INFO:root:Epoch: 91, Validation loss: 4.898676e-13
INFO:root:Epoch: 92, Train loss: 1.751414e-13
INFO:root:Epoch: 92, Validation loss: 5.7920506e-14
INFO:root:Epoch: 93, Train loss: 3.5494265e-14
INFO:root:Epoch: 93, Validation loss: 1.27201e-14
INFO:root:Epoch: 94, Train loss: 6.9814357e-15
INFO:root:Epoch: 94, Validation loss: 2.9360453e-15
INFO:root:Epoch: 95, Train loss: 1.7945539e-15
INFO:root:Epoch: 95, Validation loss: 8.912414e-16
INFO:root:Epoch: 96, Train loss: 5.549593e-16
INFO:root:Epoch: 96, Validation loss: 2.9543138e-16
INFO:root:Epoch: 97, Train loss: 1.7752881e-16
INFO:root:Epoch: 97, Validation loss: 9.397785e-17
INFO:root:Epoch: 98, Train loss: 5.5269082e-17
INFO:root:Epoch: 98, Validation loss: 2.817886e-17
INFO:root:Epoch: 99, Train loss: 1.6181655e-17
INFO:root:Epoch: 99, Validation loss: 7.874651e-18
INFO:root:Training from ep 0 to ep 100 finished
INFO:root:Best epoch: 100
