INFO:root:Started
INFO:root:Epoch: 0, Train loss: 3.7146883, Train Acc: 0.05334596
INFO:root:Epoch: 0, Validation loss: 3.7074156, Validation Acc: 0.0390625
INFO:root:Epoch: 1, Train loss: 3.423623, Train Acc: 0.10448232
INFO:root:Epoch: 1, Validation loss: 3.5748692, Validation Acc: 0.059895832
INFO:root:Epoch: 2, Train loss: 3.263127, Train Acc: 0.13036616
INFO:root:Epoch: 2, Validation loss: 3.4532807, Validation Acc: 0.1015625
INFO:root:Epoch: 3, Train loss: 3.1200702, Train Acc: 0.17045455
INFO:root:Epoch: 3, Validation loss: 3.5272477, Validation Acc: 0.122395836
INFO:root:Epoch: 4, Train loss: 3.0239806, Train Acc: 0.19381313
INFO:root:Epoch: 4, Validation loss: 3.2586048, Validation Acc: 0.125
INFO:root:Epoch: 5, Train loss: 2.898692, Train Acc: 0.22064394
INFO:root:Epoch: 5, Validation loss: 3.4931304, Validation Acc: 0.14322917
INFO:root:Epoch: 6, Train loss: 2.8193705, Train Acc: 0.239899
INFO:root:Epoch: 6, Validation loss: 3.318177, Validation Acc: 0.119791664
INFO:root:Epoch: 7, Train loss: 2.73544, Train Acc: 0.2673611
INFO:root:Epoch: 7, Validation loss: 3.4175427, Validation Acc: 0.111979164
INFO:root:Epoch: 8, Train loss: 2.6328301, Train Acc: 0.2777778
INFO:root:Epoch: 8, Validation loss: 3.3170297, Validation Acc: 0.111979164
INFO:root:Epoch: 9, Train loss: 2.5116022, Train Acc: 0.31723484
INFO:root:Epoch: 9, Validation loss: 3.2553701, Validation Acc: 0.16927083
INFO:root:Epoch: 10, Train loss: 2.4322548, Train Acc: 0.32670453
INFO:root:Epoch: 10, Validation loss: 3.3158233, Validation Acc: 0.15104167
INFO:root:Epoch: 11, Train loss: 2.3462915, Train Acc: 0.35164142
INFO:root:Epoch: 11, Validation loss: 3.4189732, Validation Acc: 0.140625
INFO:root:Epoch: 12, Train loss: 2.2564, Train Acc: 0.38541666
INFO:root:Epoch: 12, Validation loss: 3.1466408, Validation Acc: 0.19270833
INFO:root:Epoch: 13, Train loss: 2.177069, Train Acc: 0.3989899
INFO:root:Epoch: 13, Validation loss: 3.2601569, Validation Acc: 0.1796875
INFO:root:Epoch: 14, Train loss: 2.1373827, Train Acc: 0.40814394
INFO:root:Epoch: 14, Validation loss: 3.5345232, Validation Acc: 0.17447917
INFO:root:Epoch: 15, Train loss: 2.0334525, Train Acc: 0.44286618
INFO:root:Epoch: 15, Validation loss: 3.2340024, Validation Acc: 0.203125
INFO:root:Epoch: 16, Train loss: 1.9286648, Train Acc: 0.4548611
INFO:root:Epoch: 16, Validation loss: 3.4845927, Validation Acc: 0.15885417
INFO:root:Epoch: 17, Train loss: 1.871231, Train Acc: 0.48011363
INFO:root:Epoch: 17, Validation loss: 3.2203608, Validation Acc: 0.1796875
INFO:root:Epoch: 18, Train loss: 1.814815, Train Acc: 0.48579547
INFO:root:Epoch: 18, Validation loss: 3.4321527, Validation Acc: 0.1640625
INFO:root:Epoch: 19, Train loss: 1.7684127, Train Acc: 0.5012626
INFO:root:Epoch: 19, Validation loss: 3.669912, Validation Acc: 0.19270833
INFO:root:Epoch: 20, Train loss: 1.7049743, Train Acc: 0.521149
INFO:root:Epoch: 20, Validation loss: 3.4988852, Validation Acc: 0.1953125
INFO:root:Epoch: 21, Train loss: 1.6703385, Train Acc: 0.5407197
INFO:root:Epoch: 21, Validation loss: 3.4753304, Validation Acc: 0.20833333
INFO:root:Epoch: 22, Train loss: 1.5687488, Train Acc: 0.5625
INFO:root:Epoch: 22, Validation loss: 3.5999167, Validation Acc: 0.16927083
INFO:root:Epoch: 23, Train loss: 1.5141406, Train Acc: 0.5760732
INFO:root:Epoch: 23, Validation loss: 3.4976451, Validation Acc: 0.18229167
INFO:root:Epoch: 24, Train loss: 1.4809053, Train Acc: 0.5770202
INFO:root:Epoch: 24, Validation loss: 3.5846508, Validation Acc: 0.19270833
INFO:root:Epoch: 25, Train loss: 1.4321408, Train Acc: 0.5981692
INFO:root:Epoch: 25, Validation loss: 3.6343136, Validation Acc: 0.17447917
INFO:root:Epoch: 26, Train loss: 1.3968059, Train Acc: 0.5997475
INFO:root:Epoch: 26, Validation loss: 3.2345989, Validation Acc: 0.19270833
INFO:root:Epoch: 27, Train loss: 1.3364921, Train Acc: 0.62310606
INFO:root:Epoch: 27, Validation loss: 3.4204257, Validation Acc: 0.24479167
INFO:root:Epoch: 28, Train loss: 1.3635615, Train Acc: 0.6073232
INFO:root:Epoch: 28, Validation loss: 3.6284902, Validation Acc: 0.19270833
INFO:root:Epoch: 29, Train loss: 1.2613953, Train Acc: 0.63257575
INFO:root:Epoch: 29, Validation loss: 3.4468796, Validation Acc: 0.20833333
INFO:root:Training from ep 0 to ep 30 finished
INFO:root:Best epoch: 28
