INFO:root:Started
INFO:root:Epoch: 0, Train loss: 0.7639647
INFO:root:Epoch: 0, Validation loss: 0.37299138
INFO:root:Epoch: 1, Train loss: 0.11482717
INFO:root:Epoch: 1, Validation loss: 0.09839471
INFO:root:Epoch: 2, Train loss: 0.04347203
INFO:root:Epoch: 2, Validation loss: 0.03450775
INFO:root:Epoch: 3, Train loss: 0.022056201
INFO:root:Epoch: 3, Validation loss: 0.019730318
INFO:root:Epoch: 4, Train loss: 0.015071146
INFO:root:Epoch: 4, Validation loss: 0.014641307
INFO:root:Epoch: 5, Train loss: 0.010534905
INFO:root:Epoch: 5, Validation loss: 0.0100681605
INFO:root:Epoch: 6, Train loss: 0.008418427
INFO:root:Epoch: 6, Validation loss: 0.00817693
INFO:root:Epoch: 7, Train loss: 0.00671306
INFO:root:Epoch: 7, Validation loss: 0.0070561934
INFO:root:Epoch: 8, Train loss: 0.005960146
INFO:root:Epoch: 8, Validation loss: 0.005080814
INFO:root:Epoch: 9, Train loss: 0.0052089132
INFO:root:Epoch: 9, Validation loss: 0.005850871
INFO:root:Epoch: 10, Train loss: 0.004299166
INFO:root:Epoch: 10, Validation loss: 0.0039497158
INFO:root:Epoch: 11, Train loss: 0.0037430367
INFO:root:Epoch: 11, Validation loss: 0.0030870035
INFO:root:Epoch: 12, Train loss: 0.0035687948
INFO:root:Epoch: 12, Validation loss: 0.0031077587
INFO:root:Epoch: 13, Train loss: 0.0032206113
INFO:root:Epoch: 13, Validation loss: 0.0027104404
INFO:root:Epoch: 14, Train loss: 0.0028790366
INFO:root:Epoch: 14, Validation loss: 0.0024378204
INFO:root:Epoch: 15, Train loss: 0.0026196893
INFO:root:Epoch: 15, Validation loss: 0.0019968895
INFO:root:Epoch: 16, Train loss: 0.0024782568
INFO:root:Epoch: 16, Validation loss: 0.0020188617
INFO:root:Epoch: 17, Train loss: 0.0022613122
INFO:root:Epoch: 17, Validation loss: 0.0018206122
INFO:root:Epoch: 18, Train loss: 0.002071816
INFO:root:Epoch: 18, Validation loss: 0.0016026561
INFO:root:Epoch: 19, Train loss: 0.0020081555
INFO:root:Epoch: 19, Validation loss: 0.0014551259
INFO:root:Epoch: 20, Train loss: 0.0019040419
INFO:root:Epoch: 20, Validation loss: 0.0014042435
INFO:root:Epoch: 21, Train loss: 0.0016484661
INFO:root:Epoch: 21, Validation loss: 0.0010898053
INFO:root:Epoch: 22, Train loss: 0.0015542422
INFO:root:Epoch: 22, Validation loss: 0.001231331
INFO:root:Epoch: 23, Train loss: 0.0014481735
INFO:root:Epoch: 23, Validation loss: 0.0012998842
INFO:root:Epoch: 24, Train loss: 0.0013688745
INFO:root:Epoch: 24, Validation loss: 0.001165201
INFO:root:Epoch: 25, Train loss: 0.0013757225
INFO:root:Epoch: 25, Validation loss: 0.000872907
INFO:root:Epoch: 26, Train loss: 0.0012761459
INFO:root:Epoch: 26, Validation loss: 0.0011371088
INFO:root:Epoch: 27, Train loss: 0.0012646309
INFO:root:Epoch: 27, Validation loss: 0.0010082279
INFO:root:Epoch: 28, Train loss: 0.0011597956
INFO:root:Epoch: 28, Validation loss: 0.00096586626
INFO:root:Epoch: 29, Train loss: 0.0012731387
INFO:root:Epoch: 29, Validation loss: 0.0011935561
INFO:root:Epoch: 30, Train loss: 0.0010980807
INFO:root:Epoch: 30, Validation loss: 0.0009779584
INFO:root:Epoch: 31, Train loss: 0.00093971315
INFO:root:Epoch: 31, Validation loss: 0.0007033587
INFO:root:Epoch: 32, Train loss: 0.001056074
INFO:root:Epoch: 32, Validation loss: 0.0006732944
INFO:root:Epoch: 33, Train loss: 0.00094353856
INFO:root:Epoch: 33, Validation loss: 0.0008800082
INFO:root:Epoch: 34, Train loss: 0.00100215
INFO:root:Epoch: 34, Validation loss: 0.00049598794
INFO:root:Epoch: 35, Train loss: 0.00095670164
INFO:root:Epoch: 35, Validation loss: 0.0004742727
INFO:root:Epoch: 36, Train loss: 0.0008959082
INFO:root:Epoch: 36, Validation loss: 0.00065033295
INFO:root:Epoch: 37, Train loss: 0.00077173446
INFO:root:Epoch: 37, Validation loss: 0.00043505232
INFO:root:Epoch: 38, Train loss: 0.00072932057
INFO:root:Epoch: 38, Validation loss: 0.0005467911
INFO:root:Epoch: 39, Train loss: 0.00089686766
INFO:root:Epoch: 39, Validation loss: 0.0005604145
INFO:root:Epoch: 40, Train loss: 0.00083747524
INFO:root:Epoch: 40, Validation loss: 0.00059758435
INFO:root:Epoch: 41, Train loss: 0.00075314625
INFO:root:Epoch: 41, Validation loss: 0.00045365572
INFO:root:Epoch: 42, Train loss: 0.00060010515
INFO:root:Epoch: 42, Validation loss: 0.00043727574
INFO:root:Epoch: 43, Train loss: 0.0006840504
INFO:root:Epoch: 43, Validation loss: 0.00037267047
INFO:root:Epoch: 44, Train loss: 0.0006210869
INFO:root:Epoch: 44, Validation loss: 0.0003577804
INFO:root:Epoch: 45, Train loss: 0.00059370516
INFO:root:Epoch: 45, Validation loss: 0.00035040744
INFO:root:Epoch: 46, Train loss: 0.0006087573
INFO:root:Epoch: 46, Validation loss: 0.00028082143
INFO:root:Epoch: 47, Train loss: 0.00058936083
INFO:root:Epoch: 47, Validation loss: 0.0004344106
INFO:root:Epoch: 48, Train loss: 0.0006108236
INFO:root:Epoch: 48, Validation loss: 0.000438565
INFO:root:Epoch: 49, Train loss: 0.0005172927
INFO:root:Epoch: 49, Validation loss: 0.0003528592
INFO:root:Epoch: 50, Train loss: 0.00054308807
INFO:root:Epoch: 50, Validation loss: 0.00024470355
INFO:root:Epoch: 51, Train loss: 0.000514077
INFO:root:Epoch: 51, Validation loss: 0.000275782
INFO:root:Epoch: 52, Train loss: 0.0005438091
INFO:root:Epoch: 52, Validation loss: 0.00034135478
INFO:root:Epoch: 53, Train loss: 0.0004592299
INFO:root:Epoch: 53, Validation loss: 0.00037149913
INFO:root:Epoch: 54, Train loss: 0.000512801
INFO:root:Epoch: 54, Validation loss: 0.00027888824
INFO:root:Epoch: 55, Train loss: 0.00047467064
INFO:root:Epoch: 55, Validation loss: 0.00028604717
INFO:root:Epoch: 56, Train loss: 0.00046105136
INFO:root:Epoch: 56, Validation loss: 0.00026120606
INFO:root:Epoch: 57, Train loss: 0.00052569347
INFO:root:Epoch: 57, Validation loss: 0.00028819143
INFO:root:Epoch: 58, Train loss: 0.0004933175
INFO:root:Epoch: 58, Validation loss: 0.00019879165
INFO:root:Epoch: 59, Train loss: 0.00040639535
INFO:root:Epoch: 59, Validation loss: 0.00021069404
INFO:root:Epoch: 60, Train loss: 0.0005026376
INFO:root:Epoch: 60, Validation loss: 0.00020617415
INFO:root:Epoch: 61, Train loss: 0.00048591587
INFO:root:Epoch: 61, Validation loss: 0.0005084888
INFO:root:Epoch: 62, Train loss: 0.00041745065
INFO:root:Epoch: 62, Validation loss: 0.00032317376
INFO:root:Epoch: 63, Train loss: 0.0004785226
INFO:root:Epoch: 63, Validation loss: 0.00020843672
INFO:root:Epoch: 64, Train loss: 0.00041792056
INFO:root:Epoch: 64, Validation loss: 0.0002754833
INFO:root:Epoch: 65, Train loss: 0.00043635836
INFO:root:Epoch: 65, Validation loss: 0.00022781189
INFO:root:Epoch: 66, Train loss: 0.00043509505
INFO:root:Epoch: 66, Validation loss: 0.00018508744
INFO:root:Epoch: 67, Train loss: 0.00036068205
INFO:root:Epoch: 67, Validation loss: 0.00026159565
INFO:root:Epoch: 68, Train loss: 0.0004420314
INFO:root:Epoch: 68, Validation loss: 0.00026424223
INFO:root:Epoch: 69, Train loss: 0.00029636596
INFO:root:Epoch: 69, Validation loss: 0.00015260806
INFO:root:Epoch: 70, Train loss: 0.00031814218
INFO:root:Epoch: 70, Validation loss: 0.0001187417
INFO:root:Epoch: 71, Train loss: 0.00039672747
INFO:root:Epoch: 71, Validation loss: 0.0001306832
INFO:root:Epoch: 72, Train loss: 0.00037744478
INFO:root:Epoch: 72, Validation loss: 0.00012981323
INFO:root:Epoch: 73, Train loss: 0.000417613
INFO:root:Epoch: 73, Validation loss: 0.00014531793
INFO:root:Epoch: 74, Train loss: 0.00024429258
INFO:root:Epoch: 74, Validation loss: 0.00016022919
INFO:root:Epoch: 75, Train loss: 0.00031679682
INFO:root:Epoch: 75, Validation loss: 0.00013054546
INFO:root:Epoch: 76, Train loss: 0.00030219852
INFO:root:Epoch: 76, Validation loss: 0.0001711879
INFO:root:Epoch: 77, Train loss: 0.0002806622
INFO:root:Epoch: 77, Validation loss: 0.00012370995
INFO:root:Epoch: 78, Train loss: 0.00028428118
INFO:root:Epoch: 78, Validation loss: 0.00018388414
INFO:root:Epoch: 79, Train loss: 0.00026567926
INFO:root:Epoch: 79, Validation loss: 0.00013311916
INFO:root:Epoch: 80, Train loss: 0.00030525084
INFO:root:Epoch: 80, Validation loss: 0.00019061362
INFO:root:Epoch: 81, Train loss: 0.0002790381
INFO:root:Epoch: 81, Validation loss: 0.00015469582
INFO:root:Epoch: 82, Train loss: 0.0003162028
INFO:root:Epoch: 82, Validation loss: 0.00014744214
INFO:root:Epoch: 83, Train loss: 0.00028038988
INFO:root:Epoch: 83, Validation loss: 0.00011365239
INFO:root:Epoch: 84, Train loss: 0.00026450874
INFO:root:Epoch: 84, Validation loss: 0.00011474815
INFO:root:Epoch: 85, Train loss: 0.00043376462
INFO:root:Epoch: 85, Validation loss: 0.0001700336
INFO:root:Epoch: 86, Train loss: 0.00023425414
INFO:root:Epoch: 86, Validation loss: 0.00010440734
INFO:root:Epoch: 87, Train loss: 0.000284936
INFO:root:Epoch: 87, Validation loss: 0.00011382114
INFO:root:Epoch: 88, Train loss: 0.00027772202
INFO:root:Epoch: 88, Validation loss: 0.00013149319
INFO:root:Epoch: 89, Train loss: 0.00026054948
INFO:root:Epoch: 89, Validation loss: 0.00014402365
INFO:root:Epoch: 90, Train loss: 0.00028015627
INFO:root:Epoch: 90, Validation loss: 0.00011691887
INFO:root:Epoch: 91, Train loss: 0.00023579499
INFO:root:Epoch: 91, Validation loss: 0.00012252279
INFO:root:Epoch: 92, Train loss: 0.00021611009
INFO:root:Epoch: 92, Validation loss: 0.000105571264
INFO:root:Epoch: 93, Train loss: 0.00027056987
INFO:root:Epoch: 93, Validation loss: 0.00010151649
INFO:root:Epoch: 94, Train loss: 0.00028557781
INFO:root:Epoch: 94, Validation loss: 0.00012243395
INFO:root:Epoch: 95, Train loss: 0.0002858644
INFO:root:Epoch: 95, Validation loss: 0.00012297832
INFO:root:Epoch: 96, Train loss: 0.0002499947
INFO:root:Epoch: 96, Validation loss: 0.0001189098
INFO:root:Epoch: 97, Train loss: 0.00023905067
INFO:root:Epoch: 97, Validation loss: 0.00010845062
INFO:root:Epoch: 98, Train loss: 0.0001702594
INFO:root:Epoch: 98, Validation loss: 7.9739344e-05
INFO:root:Epoch: 99, Train loss: 0.00016130751
INFO:root:Epoch: 99, Validation loss: 9.1069385e-05
INFO:root:Training from ep 0 to ep 100 finished
INFO:root:Best epoch: 99
