INFO:root:Started
INFO:root:Epoch: 0, Train loss: 3.6412375, Train Acc: 0.065656565
INFO:root:Epoch: 0, Validation loss: 3.4550893, Validation Acc: 0.096354164
INFO:root:Epoch: 1, Train loss: 3.2779615, Train Acc: 0.1294192
INFO:root:Epoch: 1, Validation loss: 3.3186243, Validation Acc: 0.0859375
INFO:root:Epoch: 2, Train loss: 3.0866055, Train Acc: 0.16603535
INFO:root:Epoch: 2, Validation loss: 3.1990747, Validation Acc: 0.15364583
INFO:root:Epoch: 3, Train loss: 2.9277015, Train Acc: 0.21748738
INFO:root:Epoch: 3, Validation loss: 3.1722333, Validation Acc: 0.14322917
INFO:root:Epoch: 4, Train loss: 2.8181903, Train Acc: 0.23800506
INFO:root:Epoch: 4, Validation loss: 2.98137, Validation Acc: 0.19270833
INFO:root:Epoch: 5, Train loss: 2.691937, Train Acc: 0.26073232
INFO:root:Epoch: 5, Validation loss: 3.1945899, Validation Acc: 0.171875
INFO:root:Epoch: 6, Train loss: 2.595686, Train Acc: 0.30113637
INFO:root:Epoch: 6, Validation loss: 3.107317, Validation Acc: 0.17447917
INFO:root:Epoch: 7, Train loss: 2.497142, Train Acc: 0.32733586
INFO:root:Epoch: 7, Validation loss: 3.1415927, Validation Acc: 0.1875
INFO:root:Epoch: 8, Train loss: 2.4357536, Train Acc: 0.3219697
INFO:root:Epoch: 8, Validation loss: 3.1339414, Validation Acc: 0.20572917
INFO:root:Epoch: 9, Train loss: 2.2970638, Train Acc: 0.35637626
INFO:root:Epoch: 9, Validation loss: 3.2502632, Validation Acc: 0.17447917
INFO:root:Epoch: 10, Train loss: 2.2341366, Train Acc: 0.36837122
INFO:root:Epoch: 10, Validation loss: 3.159197, Validation Acc: 0.1953125
INFO:root:Epoch: 11, Train loss: 2.149336, Train Acc: 0.40372476
INFO:root:Epoch: 11, Validation loss: 3.2581174, Validation Acc: 0.19270833
INFO:root:Epoch: 12, Train loss: 2.0984561, Train Acc: 0.40719697
INFO:root:Epoch: 12, Validation loss: 3.1247158, Validation Acc: 0.2109375
INFO:root:Epoch: 13, Train loss: 2.0112686, Train Acc: 0.4425505
INFO:root:Epoch: 13, Validation loss: 3.1580942, Validation Acc: 0.23958333
INFO:root:Epoch: 14, Train loss: 2.0112028, Train Acc: 0.43497476
INFO:root:Epoch: 14, Validation loss: 3.365059, Validation Acc: 0.203125
INFO:root:Epoch: 15, Train loss: 1.9059749, Train Acc: 0.45959595
INFO:root:Epoch: 15, Validation loss: 3.2450485, Validation Acc: 0.23958333
INFO:root:Epoch: 16, Train loss: 1.7970608, Train Acc: 0.49210858
INFO:root:Epoch: 16, Validation loss: 3.1062028, Validation Acc: 0.20833333
INFO:root:Epoch: 17, Train loss: 1.7398676, Train Acc: 0.5113636
INFO:root:Epoch: 17, Validation loss: 3.356705, Validation Acc: 0.20572917
INFO:root:Epoch: 18, Train loss: 1.7000227, Train Acc: 0.51483583
INFO:root:Epoch: 18, Validation loss: 3.2516727, Validation Acc: 0.2265625
INFO:root:Epoch: 19, Train loss: 1.649614, Train Acc: 0.5451389
INFO:root:Epoch: 19, Validation loss: 3.3448136, Validation Acc: 0.20833333
INFO:root:Epoch: 20, Train loss: 1.6089705, Train Acc: 0.54766417
INFO:root:Epoch: 20, Validation loss: 3.271291, Validation Acc: 0.234375
INFO:root:Epoch: 21, Train loss: 1.5443993, Train Acc: 0.56218433
INFO:root:Epoch: 21, Validation loss: 3.1936617, Validation Acc: 0.23177083
INFO:root:Epoch: 22, Train loss: 1.4919285, Train Acc: 0.5741793
INFO:root:Epoch: 22, Validation loss: 3.2878199, Validation Acc: 0.24739583
INFO:root:Epoch: 23, Train loss: 1.4180775, Train Acc: 0.59311867
INFO:root:Epoch: 23, Validation loss: 3.3324404, Validation Acc: 0.22135417
INFO:root:Epoch: 24, Train loss: 1.3921678, Train Acc: 0.6111111
INFO:root:Epoch: 24, Validation loss: 3.3381994, Validation Acc: 0.22916667
INFO:root:Epoch: 25, Train loss: 1.3631028, Train Acc: 0.61521465
INFO:root:Epoch: 25, Validation loss: 3.6127787, Validation Acc: 0.1953125
INFO:root:Epoch: 26, Train loss: 1.3191885, Train Acc: 0.60858583
INFO:root:Epoch: 26, Validation loss: 3.2761576, Validation Acc: 0.23958333
INFO:root:Epoch: 27, Train loss: 1.2676889, Train Acc: 0.63573235
INFO:root:Epoch: 27, Validation loss: 3.291663, Validation Acc: 0.24479167
INFO:root:Epoch: 28, Train loss: 1.3087622, Train Acc: 0.6234217
INFO:root:Epoch: 28, Validation loss: 3.55983, Validation Acc: 0.19270833
INFO:root:Epoch: 29, Train loss: 1.197592, Train Acc: 0.65309346
INFO:root:Epoch: 29, Validation loss: 3.4485924, Validation Acc: 0.23177083
INFO:root:Training from ep 0 to ep 30 finished
INFO:root:Best epoch: 23
