INFO:root:Started
INFO:root:Epoch: 0, Train loss: 3.9075694, Train Acc: 0.0239899
INFO:root:Epoch: 0, Validation loss: 3.8001728, Validation Acc: 0.03125
INFO:root:Epoch: 1, Train loss: 3.7696316, Train Acc: 0.046401516
INFO:root:Epoch: 1, Validation loss: 3.7454894, Validation Acc: 0.0625
INFO:root:Epoch: 2, Train loss: 3.6543508, Train Acc: 0.065972224
INFO:root:Epoch: 2, Validation loss: 3.6276762, Validation Acc: 0.059895832
INFO:root:Epoch: 3, Train loss: 3.5552967, Train Acc: 0.08207071
INFO:root:Epoch: 3, Validation loss: 3.562336, Validation Acc: 0.09375
INFO:root:Epoch: 4, Train loss: 3.4423304, Train Acc: 0.109217174
INFO:root:Epoch: 4, Validation loss: 3.515517, Validation Acc: 0.09375
INFO:root:Epoch: 5, Train loss: 3.3451471, Train Acc: 0.12973484
INFO:root:Epoch: 5, Validation loss: 3.663126, Validation Acc: 0.0859375
INFO:root:Epoch: 6, Train loss: 3.2501419, Train Acc: 0.14457071
INFO:root:Epoch: 6, Validation loss: 3.5177488, Validation Acc: 0.096354164
INFO:root:Epoch: 7, Train loss: 3.1759284, Train Acc: 0.16603535
INFO:root:Epoch: 7, Validation loss: 3.5328171, Validation Acc: 0.1015625
INFO:root:Epoch: 8, Train loss: 3.0809937, Train Acc: 0.17329545
INFO:root:Epoch: 8, Validation loss: 3.5079343, Validation Acc: 0.13020833
INFO:root:Epoch: 9, Train loss: 2.9343042, Train Acc: 0.22032829
INFO:root:Epoch: 9, Validation loss: 3.6021216, Validation Acc: 0.119791664
INFO:root:Epoch: 10, Train loss: 2.8651342, Train Acc: 0.23895203
INFO:root:Epoch: 10, Validation loss: 3.4804277, Validation Acc: 0.119791664
INFO:root:Epoch: 11, Train loss: 2.7720346, Train Acc: 0.2528409
INFO:root:Epoch: 11, Validation loss: 3.6654403, Validation Acc: 0.111979164
INFO:root:Epoch: 12, Train loss: 2.7262454, Train Acc: 0.2689394
INFO:root:Epoch: 12, Validation loss: 3.4948597, Validation Acc: 0.075520836
INFO:root:Epoch: 13, Train loss: 2.5921369, Train Acc: 0.30460858
INFO:root:Epoch: 13, Validation loss: 3.4600677, Validation Acc: 0.106770836
INFO:root:Epoch: 14, Train loss: 2.529516, Train Acc: 0.323548
INFO:root:Epoch: 14, Validation loss: 3.5438583, Validation Acc: 0.1171875
INFO:root:Epoch: 15, Train loss: 2.4454756, Train Acc: 0.3314394
INFO:root:Epoch: 15, Validation loss: 3.5233042, Validation Acc: 0.114583336
INFO:root:Epoch: 16, Train loss: 2.3289506, Train Acc: 0.38257575
INFO:root:Epoch: 16, Validation loss: 3.6438854, Validation Acc: 0.12760417
INFO:root:Epoch: 17, Train loss: 2.2676811, Train Acc: 0.3901515
INFO:root:Epoch: 17, Validation loss: 3.4400566, Validation Acc: 0.15364583
INFO:root:Epoch: 18, Train loss: 2.185371, Train Acc: 0.41098484
INFO:root:Epoch: 18, Validation loss: 3.4606192, Validation Acc: 0.13541667
INFO:root:Epoch: 19, Train loss: 2.0955594, Train Acc: 0.4368687
INFO:root:Epoch: 19, Validation loss: 3.4409606, Validation Acc: 0.12760417
INFO:root:Epoch: 20, Train loss: 1.9962158, Train Acc: 0.45044193
INFO:root:Epoch: 20, Validation loss: 3.632784, Validation Acc: 0.15885417
INFO:root:Epoch: 21, Train loss: 1.9701517, Train Acc: 0.44728535
INFO:root:Epoch: 21, Validation loss: 3.4604456, Validation Acc: 0.15104167
INFO:root:Epoch: 22, Train loss: 1.8580266, Train Acc: 0.49526516
INFO:root:Epoch: 22, Validation loss: 3.8205445, Validation Acc: 0.1328125
INFO:root:Epoch: 23, Train loss: 1.7885417, Train Acc: 0.5082071
INFO:root:Epoch: 23, Validation loss: 3.6482856, Validation Acc: 0.15104167
INFO:root:Epoch: 24, Train loss: 1.7477098, Train Acc: 0.51799244
INFO:root:Epoch: 24, Validation loss: 3.6638622, Validation Acc: 0.1328125
INFO:root:Epoch: 25, Train loss: 1.6780418, Train Acc: 0.5391414
INFO:root:Epoch: 25, Validation loss: 3.762893, Validation Acc: 0.140625
INFO:root:Epoch: 26, Train loss: 1.6161335, Train Acc: 0.5448232
INFO:root:Epoch: 26, Validation loss: 3.6909606, Validation Acc: 0.18489583
INFO:root:Epoch: 27, Train loss: 1.5659385, Train Acc: 0.56439394
INFO:root:Epoch: 27, Validation loss: 3.7762582, Validation Acc: 0.14322917
INFO:root:Epoch: 28, Train loss: 1.4896613, Train Acc: 0.5760732
INFO:root:Epoch: 28, Validation loss: 3.791333, Validation Acc: 0.16145833
INFO:root:Epoch: 29, Train loss: 1.4301478, Train Acc: 0.5950126
INFO:root:Epoch: 29, Validation loss: 3.8808577, Validation Acc: 0.1484375
INFO:root:Epoch: 30, Train loss: 1.4088541, Train Acc: 0.60227275
INFO:root:Epoch: 30, Validation loss: 3.7731917, Validation Acc: 0.15885417
INFO:root:Epoch: 31, Train loss: 1.3457751, Train Acc: 0.6306818
INFO:root:Epoch: 31, Validation loss: 3.9273999, Validation Acc: 0.15625
INFO:root:Epoch: 32, Train loss: 1.275708, Train Acc: 0.63604796
INFO:root:Epoch: 32, Validation loss: 3.8676615, Validation Acc: 0.15885417
INFO:root:Epoch: 33, Train loss: 1.2457427, Train Acc: 0.6600379
INFO:root:Epoch: 33, Validation loss: 3.8348494, Validation Acc: 0.1796875
INFO:root:Epoch: 34, Train loss: 1.2044698, Train Acc: 0.65625
INFO:root:Epoch: 34, Validation loss: 3.922063, Validation Acc: 0.17447917
INFO:root:Epoch: 35, Train loss: 1.1955955, Train Acc: 0.66035354
INFO:root:Epoch: 35, Validation loss: 3.9151325, Validation Acc: 0.15885417
INFO:root:Epoch: 36, Train loss: 1.0881318, Train Acc: 0.6947601
INFO:root:Epoch: 36, Validation loss: 3.9492579, Validation Acc: 0.1484375
INFO:root:Epoch: 37, Train loss: 1.112634, Train Acc: 0.677399
INFO:root:Epoch: 37, Validation loss: 3.897568, Validation Acc: 0.15364583
INFO:root:Epoch: 38, Train loss: 1.0365722, Train Acc: 0.70296717
INFO:root:Epoch: 38, Validation loss: 4.047981, Validation Acc: 0.17447917
INFO:root:Epoch: 39, Train loss: 0.9930489, Train Acc: 0.70675504
INFO:root:Epoch: 39, Validation loss: 4.0855126, Validation Acc: 0.16666667
INFO:root:Epoch: 40, Train loss: 0.9213656, Train Acc: 0.73453283
INFO:root:Epoch: 40, Validation loss: 4.1037045, Validation Acc: 0.15885417
INFO:root:Epoch: 41, Train loss: 0.9220354, Train Acc: 0.7313763
INFO:root:Epoch: 41, Validation loss: 4.236452, Validation Acc: 0.14322917
INFO:root:Epoch: 42, Train loss: 0.91704947, Train Acc: 0.7395833
INFO:root:Epoch: 42, Validation loss: 4.169803, Validation Acc: 0.16145833
INFO:root:Epoch: 43, Train loss: 0.86878014, Train Acc: 0.75031567
INFO:root:Epoch: 43, Validation loss: 4.437498, Validation Acc: 0.16145833
INFO:root:Epoch: 44, Train loss: 0.84673303, Train Acc: 0.7635732
INFO:root:Epoch: 44, Validation loss: 4.409775, Validation Acc: 0.15364583
INFO:root:Epoch: 45, Train loss: 0.80705255, Train Acc: 0.7746212
INFO:root:Epoch: 45, Validation loss: 4.495316, Validation Acc: 0.15364583
INFO:root:Epoch: 46, Train loss: 0.7762493, Train Acc: 0.77588385
INFO:root:Epoch: 46, Validation loss: 4.2654424, Validation Acc: 0.18489583
INFO:root:Epoch: 47, Train loss: 0.7365944, Train Acc: 0.7881944
INFO:root:Epoch: 47, Validation loss: 4.2345614, Validation Acc: 0.19791667
INFO:root:Epoch: 48, Train loss: 0.712527, Train Acc: 0.79671717
INFO:root:Epoch: 48, Validation loss: 4.504585, Validation Acc: 0.1484375
INFO:root:Epoch: 49, Train loss: 0.67562497, Train Acc: 0.8074495
INFO:root:Epoch: 49, Validation loss: 4.438161, Validation Acc: 0.16145833
INFO:root:Epoch: 50, Train loss: 0.69204676, Train Acc: 0.7998737
INFO:root:Epoch: 50, Validation loss: 4.5156655, Validation Acc: 0.15885417
INFO:root:Epoch: 51, Train loss: 0.65331584, Train Acc: 0.8109217
INFO:root:Epoch: 51, Validation loss: 4.541578, Validation Acc: 0.1796875
INFO:root:Epoch: 52, Train loss: 0.64685166, Train Acc: 0.8077651
INFO:root:Epoch: 52, Validation loss: 4.5313125, Validation Acc: 0.15625
INFO:root:Epoch: 53, Train loss: 0.6279013, Train Acc: 0.82354796
INFO:root:Epoch: 53, Validation loss: 4.4110656, Validation Acc: 0.16927083
INFO:root:Epoch: 54, Train loss: 0.56418556, Train Acc: 0.84185606
INFO:root:Epoch: 54, Validation loss: 4.4483914, Validation Acc: 0.1640625
INFO:root:Epoch: 55, Train loss: 0.5607439, Train Acc: 0.8393308
INFO:root:Epoch: 55, Validation loss: 4.4136434, Validation Acc: 0.16145833
INFO:root:Epoch: 56, Train loss: 0.5974923, Train Acc: 0.82954544
INFO:root:Epoch: 56, Validation loss: 4.736362, Validation Acc: 0.16666667
INFO:root:Epoch: 57, Train loss: 0.5318504, Train Acc: 0.85258836
INFO:root:Epoch: 57, Validation loss: 4.632808, Validation Acc: 0.17447917
INFO:root:Epoch: 58, Train loss: 0.54170233, Train Acc: 0.84185606
INFO:root:Epoch: 58, Validation loss: 4.6023264, Validation Acc: 0.171875
INFO:root:Epoch: 59, Train loss: 0.5053416, Train Acc: 0.84911615
INFO:root:Epoch: 59, Validation loss: 4.528317, Validation Acc: 0.18229167
INFO:root:Training from ep 0 to ep 60 finished
INFO:root:Best epoch: 48
