INFO:root:Started
INFO:root:Epoch: 0, Train loss: 3.7178433, Train Acc: 0.060606062
INFO:root:Epoch: 0, Validation loss: 3.7503226, Validation Acc: 0.059895832
INFO:root:Epoch: 1, Train loss: 3.4575877, Train Acc: 0.102904044
INFO:root:Epoch: 1, Validation loss: 3.6417208, Validation Acc: 0.083333336
INFO:root:Epoch: 2, Train loss: 3.3013818, Train Acc: 0.13162878
INFO:root:Epoch: 2, Validation loss: 3.5452375, Validation Acc: 0.09375
INFO:root:Epoch: 3, Train loss: 3.1925526, Train Acc: 0.1534091
INFO:root:Epoch: 3, Validation loss: 3.5674684, Validation Acc: 0.1015625
INFO:root:Epoch: 4, Train loss: 3.079338, Train Acc: 0.18655303
INFO:root:Epoch: 4, Validation loss: 3.4403741, Validation Acc: 0.13541667
INFO:root:Epoch: 5, Train loss: 2.9580772, Train Acc: 0.21212122
INFO:root:Epoch: 5, Validation loss: 3.5358555, Validation Acc: 0.13541667
INFO:root:Epoch: 6, Train loss: 2.8571796, Train Acc: 0.2361111
INFO:root:Epoch: 6, Validation loss: 3.4151907, Validation Acc: 0.088541664
INFO:root:Epoch: 7, Train loss: 2.7441778, Train Acc: 0.27114898
INFO:root:Epoch: 7, Validation loss: 3.627879, Validation Acc: 0.0703125
INFO:root:Epoch: 8, Train loss: 2.6476605, Train Acc: 0.29324496
INFO:root:Epoch: 8, Validation loss: 3.4997642, Validation Acc: 0.111979164
INFO:root:Epoch: 9, Train loss: 2.4931471, Train Acc: 0.3248106
INFO:root:Epoch: 9, Validation loss: 3.6388214, Validation Acc: 0.119791664
INFO:root:Epoch: 10, Train loss: 2.393015, Train Acc: 0.35574496
INFO:root:Epoch: 10, Validation loss: 3.6441782, Validation Acc: 0.09375
INFO:root:Epoch: 11, Train loss: 2.3209958, Train Acc: 0.3778409
INFO:root:Epoch: 11, Validation loss: 3.6162794, Validation Acc: 0.119791664
INFO:root:Epoch: 12, Train loss: 2.2531714, Train Acc: 0.38857323
INFO:root:Epoch: 12, Validation loss: 3.5745542, Validation Acc: 0.111979164
INFO:root:Epoch: 13, Train loss: 2.1374567, Train Acc: 0.41982323
INFO:root:Epoch: 13, Validation loss: 3.761289, Validation Acc: 0.13541667
INFO:root:Epoch: 14, Train loss: 2.071664, Train Acc: 0.43055555
INFO:root:Epoch: 14, Validation loss: 3.6107452, Validation Acc: 0.125
INFO:root:Epoch: 15, Train loss: 1.95995, Train Acc: 0.45864898
INFO:root:Epoch: 15, Validation loss: 3.6462545, Validation Acc: 0.16145833
INFO:root:Epoch: 16, Train loss: 1.8763648, Train Acc: 0.4911616
INFO:root:Epoch: 16, Validation loss: 3.716674, Validation Acc: 0.14322917
INFO:root:Epoch: 17, Train loss: 1.8024428, Train Acc: 0.5066288
INFO:root:Epoch: 17, Validation loss: 3.7291336, Validation Acc: 0.13541667
INFO:root:Epoch: 18, Train loss: 1.712132, Train Acc: 0.5167298
INFO:root:Epoch: 18, Validation loss: 3.7357054, Validation Acc: 0.15104167
INFO:root:Epoch: 19, Train loss: 1.6767184, Train Acc: 0.52935606
INFO:root:Epoch: 19, Validation loss: 3.6381304, Validation Acc: 0.13802083
INFO:root:Epoch: 20, Train loss: 1.5423967, Train Acc: 0.563447
INFO:root:Epoch: 20, Validation loss: 3.6906471, Validation Acc: 0.1484375
INFO:root:Epoch: 21, Train loss: 1.4948831, Train Acc: 0.57891417
INFO:root:Epoch: 21, Validation loss: 3.7581701, Validation Acc: 0.1484375
INFO:root:Epoch: 22, Train loss: 1.4273282, Train Acc: 0.59438133
INFO:root:Epoch: 22, Validation loss: 3.9228895, Validation Acc: 0.1328125
INFO:root:Epoch: 23, Train loss: 1.3736999, Train Acc: 0.6177399
INFO:root:Epoch: 23, Validation loss: 4.064491, Validation Acc: 0.13541667
INFO:root:Epoch: 24, Train loss: 1.3107395, Train Acc: 0.6363636
INFO:root:Epoch: 24, Validation loss: 4.1417575, Validation Acc: 0.122395836
INFO:root:Epoch: 25, Train loss: 1.2264267, Train Acc: 0.6635101
INFO:root:Epoch: 25, Validation loss: 4.1096625, Validation Acc: 0.13541667
INFO:root:Epoch: 26, Train loss: 1.2203791, Train Acc: 0.6502525
INFO:root:Epoch: 26, Validation loss: 4.01018, Validation Acc: 0.16145833
INFO:root:Epoch: 27, Train loss: 1.1306804, Train Acc: 0.6859217
INFO:root:Epoch: 27, Validation loss: 4.0400634, Validation Acc: 0.16145833
INFO:root:Epoch: 28, Train loss: 1.1015953, Train Acc: 0.6875
INFO:root:Epoch: 28, Validation loss: 4.0319886, Validation Acc: 0.14583333
INFO:root:Epoch: 29, Train loss: 1.0603948, Train Acc: 0.70296717
INFO:root:Epoch: 29, Validation loss: 4.1099477, Validation Acc: 0.1484375
INFO:root:Epoch: 30, Train loss: 1.013463, Train Acc: 0.7121212
INFO:root:Epoch: 30, Validation loss: 4.034553, Validation Acc: 0.12760417
INFO:root:Epoch: 31, Train loss: 0.9481132, Train Acc: 0.7247475
INFO:root:Epoch: 31, Validation loss: 4.2706776, Validation Acc: 0.17447917
INFO:root:Epoch: 32, Train loss: 0.89710647, Train Acc: 0.7449495
INFO:root:Epoch: 32, Validation loss: 4.1446376, Validation Acc: 0.16927083
INFO:root:Epoch: 33, Train loss: 0.8901006, Train Acc: 0.7433712
INFO:root:Epoch: 33, Validation loss: 4.124613, Validation Acc: 0.16145833
INFO:root:Epoch: 34, Train loss: 0.86765045, Train Acc: 0.7537879
INFO:root:Epoch: 34, Validation loss: 4.2283807, Validation Acc: 0.15625
INFO:root:Epoch: 35, Train loss: 0.82395536, Train Acc: 0.771149
INFO:root:Epoch: 35, Validation loss: 4.294442, Validation Acc: 0.1640625
INFO:root:Epoch: 36, Train loss: 0.73892957, Train Acc: 0.7894571
INFO:root:Epoch: 36, Validation loss: 4.4467607, Validation Acc: 0.140625
INFO:root:Epoch: 37, Train loss: 0.73355305, Train Acc: 0.7859849
INFO:root:Epoch: 37, Validation loss: 4.457521, Validation Acc: 0.15104167
INFO:root:Epoch: 38, Train loss: 0.6830595, Train Acc: 0.8020833
INFO:root:Epoch: 38, Validation loss: 4.508649, Validation Acc: 0.14322917
INFO:root:Epoch: 39, Train loss: 0.694633, Train Acc: 0.7998737
INFO:root:Epoch: 39, Validation loss: 4.5053926, Validation Acc: 0.140625
INFO:root:Epoch: 40, Train loss: 0.60100955, Train Acc: 0.83049244
INFO:root:Epoch: 40, Validation loss: 4.5640388, Validation Acc: 0.14322917
INFO:root:Epoch: 41, Train loss: 0.62210256, Train Acc: 0.8159722
INFO:root:Epoch: 41, Validation loss: 4.6267924, Validation Acc: 0.15104167
INFO:root:Epoch: 42, Train loss: 0.6133113, Train Acc: 0.8191288
INFO:root:Epoch: 42, Validation loss: 4.6281967, Validation Acc: 0.12760417
INFO:root:Epoch: 43, Train loss: 0.5987745, Train Acc: 0.82891417
INFO:root:Epoch: 43, Validation loss: 4.7556944, Validation Acc: 0.125
INFO:root:Epoch: 44, Train loss: 0.5994161, Train Acc: 0.83175504
INFO:root:Epoch: 44, Validation loss: 4.6516466, Validation Acc: 0.1328125
INFO:root:Epoch: 45, Train loss: 0.55671054, Train Acc: 0.8371212
INFO:root:Epoch: 45, Validation loss: 4.6758227, Validation Acc: 0.14583333
INFO:root:Epoch: 46, Train loss: 0.5534392, Train Acc: 0.83491164
INFO:root:Epoch: 46, Validation loss: 4.7567754, Validation Acc: 0.15625
INFO:root:Epoch: 47, Train loss: 0.4712319, Train Acc: 0.8566919
INFO:root:Epoch: 47, Validation loss: 4.7479005, Validation Acc: 0.1640625
INFO:root:Epoch: 48, Train loss: 0.49719906, Train Acc: 0.8563763
INFO:root:Epoch: 48, Validation loss: 4.835937, Validation Acc: 0.13020833
INFO:root:Epoch: 49, Train loss: 0.45804533, Train Acc: 0.875947
INFO:root:Epoch: 49, Validation loss: 4.67923, Validation Acc: 0.16666667
INFO:root:Epoch: 50, Train loss: 0.47214282, Train Acc: 0.85953283
INFO:root:Epoch: 50, Validation loss: 4.768905, Validation Acc: 0.140625
INFO:root:Epoch: 51, Train loss: 0.4580339, Train Acc: 0.87247473
INFO:root:Epoch: 51, Validation loss: 4.591364, Validation Acc: 0.16145833
INFO:root:Epoch: 52, Train loss: 0.45102325, Train Acc: 0.87247473
INFO:root:Epoch: 52, Validation loss: 4.8344903, Validation Acc: 0.14322917
INFO:root:Epoch: 53, Train loss: 0.4528987, Train Acc: 0.86616164
INFO:root:Epoch: 53, Validation loss: 4.5774627, Validation Acc: 0.17447917
INFO:root:Epoch: 54, Train loss: 0.4200958, Train Acc: 0.8762626
INFO:root:Epoch: 54, Validation loss: 4.5310855, Validation Acc: 0.1640625
INFO:root:Epoch: 55, Train loss: 0.38126954, Train Acc: 0.8923611
INFO:root:Epoch: 55, Validation loss: 4.730682, Validation Acc: 0.1796875
INFO:root:Epoch: 56, Train loss: 0.4087681, Train Acc: 0.8854167
INFO:root:Epoch: 56, Validation loss: 4.634931, Validation Acc: 0.16145833
INFO:root:Epoch: 57, Train loss: 0.40275195, Train Acc: 0.88573235
INFO:root:Epoch: 57, Validation loss: 4.8354936, Validation Acc: 0.16666667
INFO:root:Epoch: 58, Train loss: 0.3705415, Train Acc: 0.88920456
INFO:root:Epoch: 58, Validation loss: 4.7803254, Validation Acc: 0.15104167
INFO:root:Epoch: 59, Train loss: 0.3776713, Train Acc: 0.8917298
INFO:root:Epoch: 59, Validation loss: 4.969971, Validation Acc: 0.15104167
INFO:root:Training from ep 0 to ep 60 finished
INFO:root:Best epoch: 56
