INFO:root:Started
INFO:root:Epoch: 0, Train loss: 3.9075024, Train Acc: 0.033143938
INFO:root:Epoch: 0, Validation loss: 3.7679892, Validation Acc: 0.0625
INFO:root:Epoch: 1, Train loss: 3.728195, Train Acc: 0.05997475
INFO:root:Epoch: 1, Validation loss: 3.7365036, Validation Acc: 0.0546875
INFO:root:Epoch: 2, Train loss: 3.5872078, Train Acc: 0.07638889
INFO:root:Epoch: 2, Validation loss: 3.630373, Validation Acc: 0.072916664
INFO:root:Epoch: 3, Train loss: 3.509364, Train Acc: 0.09280303
INFO:root:Epoch: 3, Validation loss: 3.5793762, Validation Acc: 0.078125
INFO:root:Epoch: 4, Train loss: 3.4260519, Train Acc: 0.11647727
INFO:root:Epoch: 4, Validation loss: 3.4879086, Validation Acc: 0.111979164
INFO:root:Epoch: 5, Train loss: 3.361304, Train Acc: 0.120896466
INFO:root:Epoch: 5, Validation loss: 3.6653223, Validation Acc: 0.104166664
INFO:root:Epoch: 6, Train loss: 3.284468, Train Acc: 0.13478535
INFO:root:Epoch: 6, Validation loss: 3.492615, Validation Acc: 0.09375
INFO:root:Epoch: 7, Train loss: 3.2247427, Train Acc: 0.1534091
INFO:root:Epoch: 7, Validation loss: 3.4752548, Validation Acc: 0.111979164
INFO:root:Epoch: 8, Train loss: 3.1442115, Train Acc: 0.15372474
INFO:root:Epoch: 8, Validation loss: 3.5316868, Validation Acc: 0.091145836
INFO:root:Epoch: 9, Train loss: 3.0339248, Train Acc: 0.18560606
INFO:root:Epoch: 9, Validation loss: 3.4602067, Validation Acc: 0.1171875
INFO:root:Epoch: 10, Train loss: 2.9763436, Train Acc: 0.208649
INFO:root:Epoch: 10, Validation loss: 3.4365692, Validation Acc: 0.096354164
INFO:root:Epoch: 11, Train loss: 2.9021888, Train Acc: 0.22569445
INFO:root:Epoch: 11, Validation loss: 3.404011, Validation Acc: 0.114583336
INFO:root:Epoch: 12, Train loss: 2.8724227, Train Acc: 0.23042929
INFO:root:Epoch: 12, Validation loss: 3.3586104, Validation Acc: 0.106770836
INFO:root:Epoch: 13, Train loss: 2.752969, Train Acc: 0.2534722
INFO:root:Epoch: 13, Validation loss: 3.3902388, Validation Acc: 0.122395836
INFO:root:Epoch: 14, Train loss: 2.7049217, Train Acc: 0.2840909
INFO:root:Epoch: 14, Validation loss: 3.438544, Validation Acc: 0.109375
INFO:root:Epoch: 15, Train loss: 2.6295748, Train Acc: 0.27714646
INFO:root:Epoch: 15, Validation loss: 3.3533394, Validation Acc: 0.122395836
INFO:root:Epoch: 16, Train loss: 2.5365975, Train Acc: 0.31565657
INFO:root:Epoch: 16, Validation loss: 3.3802013, Validation Acc: 0.13802083
INFO:root:Epoch: 17, Train loss: 2.4668977, Train Acc: 0.33080807
INFO:root:Epoch: 17, Validation loss: 3.4311762, Validation Acc: 0.119791664
INFO:root:Epoch: 18, Train loss: 2.4104004, Train Acc: 0.34185606
INFO:root:Epoch: 18, Validation loss: 3.380681, Validation Acc: 0.140625
INFO:root:Epoch: 19, Train loss: 2.3394594, Train Acc: 0.354798
INFO:root:Epoch: 19, Validation loss: 3.34507, Validation Acc: 0.12760417
INFO:root:Epoch: 20, Train loss: 2.2442646, Train Acc: 0.38415405
INFO:root:Epoch: 20, Validation loss: 3.3998232, Validation Acc: 0.14322917
INFO:root:Epoch: 21, Train loss: 2.209312, Train Acc: 0.3945707
INFO:root:Epoch: 21, Validation loss: 3.309069, Validation Acc: 0.17447917
INFO:root:Epoch: 22, Train loss: 2.1229088, Train Acc: 0.40593433
INFO:root:Epoch: 22, Validation loss: 3.4765728, Validation Acc: 0.14583333
INFO:root:Epoch: 23, Train loss: 2.0416732, Train Acc: 0.4520202
INFO:root:Epoch: 23, Validation loss: 3.4032352, Validation Acc: 0.16927083
INFO:root:Epoch: 24, Train loss: 2.0135617, Train Acc: 0.44570708
INFO:root:Epoch: 24, Validation loss: 3.3906841, Validation Acc: 0.17447917
INFO:root:Epoch: 25, Train loss: 1.9025347, Train Acc: 0.47285354
INFO:root:Epoch: 25, Validation loss: 3.6796207, Validation Acc: 0.13541667
INFO:root:Epoch: 26, Train loss: 1.8969084, Train Acc: 0.4722222
INFO:root:Epoch: 26, Validation loss: 3.450709, Validation Acc: 0.19791667
INFO:root:Epoch: 27, Train loss: 1.8156734, Train Acc: 0.50252527
INFO:root:Epoch: 27, Validation loss: 3.4627054, Validation Acc: 0.17708333
INFO:root:Epoch: 28, Train loss: 1.7882149, Train Acc: 0.50883836
INFO:root:Epoch: 28, Validation loss: 3.5067644, Validation Acc: 0.171875
INFO:root:Epoch: 29, Train loss: 1.7164251, Train Acc: 0.5233586
INFO:root:Epoch: 29, Validation loss: 3.6739056, Validation Acc: 0.15104167
INFO:root:Epoch: 30, Train loss: 1.6672181, Train Acc: 0.52493685
INFO:root:Epoch: 30, Validation loss: 3.5448759, Validation Acc: 0.1796875
INFO:root:Epoch: 31, Train loss: 1.6217695, Train Acc: 0.5457702
INFO:root:Epoch: 31, Validation loss: 3.5904953, Validation Acc: 0.16666667
INFO:root:Epoch: 32, Train loss: 1.5845311, Train Acc: 0.5555556
INFO:root:Epoch: 32, Validation loss: 3.6483586, Validation Acc: 0.17447917
INFO:root:Epoch: 33, Train loss: 1.5055294, Train Acc: 0.5798611
INFO:root:Epoch: 33, Validation loss: 3.521493, Validation Acc: 0.1953125
INFO:root:Epoch: 34, Train loss: 1.4713099, Train Acc: 0.58301765
INFO:root:Epoch: 34, Validation loss: 3.7195985, Validation Acc: 0.20052083
INFO:root:Epoch: 35, Train loss: 1.469035, Train Acc: 0.5864899
INFO:root:Epoch: 35, Validation loss: 3.6953719, Validation Acc: 0.17708333
INFO:root:Epoch: 36, Train loss: 1.3574846, Train Acc: 0.61174244
INFO:root:Epoch: 36, Validation loss: 3.7545936, Validation Acc: 0.16666667
INFO:root:Epoch: 37, Train loss: 1.3583695, Train Acc: 0.61395204
INFO:root:Epoch: 37, Validation loss: 3.8032043, Validation Acc: 0.17447917
INFO:root:Epoch: 38, Train loss: 1.2505357, Train Acc: 0.6445707
INFO:root:Epoch: 38, Validation loss: 3.6400883, Validation Acc: 0.19791667
INFO:root:Epoch: 39, Train loss: 1.2544142, Train Acc: 0.6458333
INFO:root:Epoch: 39, Validation loss: 3.6950626, Validation Acc: 0.18489583
INFO:root:Epoch: 40, Train loss: 1.1535201, Train Acc: 0.67045456
INFO:root:Epoch: 40, Validation loss: 3.6476412, Validation Acc: 0.203125
INFO:root:Epoch: 41, Train loss: 1.1774658, Train Acc: 0.6600379
INFO:root:Epoch: 41, Validation loss: 3.9320848, Validation Acc: 0.171875
INFO:root:Epoch: 42, Train loss: 1.1552584, Train Acc: 0.6714015
INFO:root:Epoch: 42, Validation loss: 3.9021866, Validation Acc: 0.21614583
INFO:root:Epoch: 43, Train loss: 1.1239313, Train Acc: 0.677399
INFO:root:Epoch: 43, Validation loss: 3.8862078, Validation Acc: 0.1875
INFO:root:Epoch: 44, Train loss: 1.0687836, Train Acc: 0.6840278
INFO:root:Epoch: 44, Validation loss: 4.00239, Validation Acc: 0.15104167
INFO:root:Epoch: 45, Train loss: 1.0196779, Train Acc: 0.71559346
INFO:root:Epoch: 45, Validation loss: 4.163708, Validation Acc: 0.1875
INFO:root:Epoch: 46, Train loss: 1.0345563, Train Acc: 0.69854796
INFO:root:Epoch: 46, Validation loss: 3.9513109, Validation Acc: 0.19791667
INFO:root:Epoch: 47, Train loss: 0.93247837, Train Acc: 0.7266414
INFO:root:Epoch: 47, Validation loss: 4.0323014, Validation Acc: 0.19010417
INFO:root:Epoch: 48, Train loss: 0.89478993, Train Acc: 0.7383207
INFO:root:Epoch: 48, Validation loss: 3.9809654, Validation Acc: 0.19010417
INFO:root:Epoch: 49, Train loss: 0.86927897, Train Acc: 0.75410354
INFO:root:Epoch: 49, Validation loss: 3.9291487, Validation Acc: 0.20833333
INFO:root:Epoch: 50, Train loss: 0.8893258, Train Acc: 0.74589646
INFO:root:Epoch: 50, Validation loss: 4.032379, Validation Acc: 0.15885417
INFO:root:Epoch: 51, Train loss: 0.83281964, Train Acc: 0.75252527
INFO:root:Epoch: 51, Validation loss: 3.9496214, Validation Acc: 0.18489583
INFO:root:Epoch: 52, Train loss: 0.8129619, Train Acc: 0.76546717
INFO:root:Epoch: 52, Validation loss: 4.209166, Validation Acc: 0.1875
INFO:root:Epoch: 53, Train loss: 0.8037668, Train Acc: 0.77146465
INFO:root:Epoch: 53, Validation loss: 4.090064, Validation Acc: 0.16927083
INFO:root:Epoch: 54, Train loss: 0.7509206, Train Acc: 0.7828283
INFO:root:Epoch: 54, Validation loss: 4.0711293, Validation Acc: 0.19270833
INFO:root:Epoch: 55, Train loss: 0.7522741, Train Acc: 0.7872475
INFO:root:Epoch: 55, Validation loss: 4.056623, Validation Acc: 0.22395833
INFO:root:Epoch: 56, Train loss: 0.73418075, Train Acc: 0.7885101
INFO:root:Epoch: 56, Validation loss: 4.2328734, Validation Acc: 0.16145833
INFO:root:Epoch: 57, Train loss: 0.6979229, Train Acc: 0.79703283
INFO:root:Epoch: 57, Validation loss: 4.3245316, Validation Acc: 0.21354167
INFO:root:Epoch: 58, Train loss: 0.7029255, Train Acc: 0.80176765
INFO:root:Epoch: 58, Validation loss: 4.086057, Validation Acc: 0.20052083
INFO:root:Epoch: 59, Train loss: 0.6725724, Train Acc: 0.80492425
INFO:root:Epoch: 59, Validation loss: 4.2900143, Validation Acc: 0.20572917
INFO:root:Training from ep 0 to ep 60 finished
INFO:root:Best epoch: 56
