INFO:root:Started
INFO:root:Epoch: 0, Train loss: 7.9728117
INFO:root:Epoch: 0, Validation loss: 4.986625
INFO:root:Epoch: 1, Train loss: 3.4537609
INFO:root:Epoch: 1, Validation loss: 3.8879192
INFO:root:Epoch: 2, Train loss: 2.8233795
INFO:root:Epoch: 2, Validation loss: 3.5197456
INFO:root:Epoch: 3, Train loss: 2.50304
INFO:root:Epoch: 3, Validation loss: 3.1417687
INFO:root:Epoch: 4, Train loss: 2.3160658
INFO:root:Epoch: 4, Validation loss: 3.057304
INFO:root:Epoch: 5, Train loss: 2.1873848
INFO:root:Epoch: 5, Validation loss: 2.8823113
INFO:root:Epoch: 6, Train loss: 2.137598
INFO:root:Epoch: 6, Validation loss: 2.9461582
INFO:root:Epoch: 7, Train loss: 2.0748935
INFO:root:Epoch: 7, Validation loss: 2.772087
INFO:root:Epoch: 8, Train loss: 2.0208058
INFO:root:Epoch: 8, Validation loss: 2.7503011
INFO:root:Epoch: 9, Train loss: 1.9892024
INFO:root:Epoch: 9, Validation loss: 2.7710454
INFO:root:Epoch: 10, Train loss: 1.9790927
INFO:root:Epoch: 10, Validation loss: 2.7795637
INFO:root:Epoch: 11, Train loss: 1.9352809
INFO:root:Epoch: 11, Validation loss: 2.7684605
INFO:root:Epoch: 12, Train loss: 1.9354628
INFO:root:Epoch: 12, Validation loss: 2.6829202
INFO:root:Epoch: 13, Train loss: 1.9322683
INFO:root:Epoch: 13, Validation loss: 2.6849368
INFO:root:Epoch: 14, Train loss: 1.892519
INFO:root:Epoch: 14, Validation loss: 2.7585022
INFO:root:Epoch: 15, Train loss: 1.887648
INFO:root:Epoch: 15, Validation loss: 2.8130126
INFO:root:Epoch: 16, Train loss: 1.8827052
INFO:root:Epoch: 16, Validation loss: 2.8846998
INFO:root:Epoch: 17, Train loss: 1.8752606
INFO:root:Epoch: 17, Validation loss: 2.9256787
INFO:root:Epoch: 18, Train loss: 1.8546518
INFO:root:Epoch: 18, Validation loss: 3.0514596
INFO:root:Epoch: 19, Train loss: 1.8556886
INFO:root:Epoch: 19, Validation loss: 3.0102494
INFO:root:Epoch: 20, Train loss: 1.8491753
INFO:root:Epoch: 20, Validation loss: 3.1184943
INFO:root:Epoch: 21, Train loss: 1.8321947
INFO:root:Epoch: 21, Validation loss: 3.017594
INFO:root:Epoch: 22, Train loss: 1.8126118
INFO:root:Epoch: 22, Validation loss: 3.1960099
INFO:root:Epoch: 23, Train loss: 1.8207837
INFO:root:Epoch: 23, Validation loss: 3.0938818
INFO:root:Epoch: 24, Train loss: 1.7957205
INFO:root:Epoch: 24, Validation loss: 3.1442132
INFO:root:Epoch: 25, Train loss: 1.8030568
INFO:root:Epoch: 25, Validation loss: 3.1716053
INFO:root:Epoch: 26, Train loss: 1.7998555
INFO:root:Epoch: 26, Validation loss: 3.1287344
INFO:root:Epoch: 27, Train loss: 1.7977095
INFO:root:Epoch: 27, Validation loss: 3.2171197
INFO:root:Epoch: 28, Train loss: 1.7793746
INFO:root:Epoch: 28, Validation loss: 3.11285
INFO:root:Epoch: 29, Train loss: 1.7847637
INFO:root:Epoch: 29, Validation loss: 3.0333226
INFO:root:Epoch: 30, Train loss: 1.7854826
INFO:root:Epoch: 30, Validation loss: 2.8528981
INFO:root:Epoch: 31, Train loss: 1.7712489
INFO:root:Epoch: 31, Validation loss: 3.0969765
INFO:root:Epoch: 32, Train loss: 1.7775362
INFO:root:Epoch: 32, Validation loss: 3.013957
INFO:root:Epoch: 33, Train loss: 1.766197
INFO:root:Epoch: 33, Validation loss: 3.018802
INFO:root:Epoch: 34, Train loss: 1.7618624
INFO:root:Epoch: 34, Validation loss: 2.5715706
INFO:root:Epoch: 35, Train loss: 1.7555234
INFO:root:Epoch: 35, Validation loss: 2.6771097
INFO:root:Epoch: 36, Train loss: 1.7590703
INFO:root:Epoch: 36, Validation loss: 2.9337127
INFO:root:Epoch: 37, Train loss: 1.7483131
INFO:root:Epoch: 37, Validation loss: 2.5471227
INFO:root:Epoch: 38, Train loss: 1.7516179
INFO:root:Epoch: 38, Validation loss: 2.4851768
INFO:root:Epoch: 39, Train loss: 1.7303116
INFO:root:Epoch: 39, Validation loss: 2.484788
INFO:root:Epoch: 40, Train loss: 1.7245545
INFO:root:Epoch: 40, Validation loss: 2.7186303
INFO:root:Epoch: 41, Train loss: 1.7351047
INFO:root:Epoch: 41, Validation loss: 2.4957433
INFO:root:Epoch: 42, Train loss: 1.7214705
INFO:root:Epoch: 42, Validation loss: 2.373742
INFO:root:Epoch: 43, Train loss: 1.720477
INFO:root:Epoch: 43, Validation loss: 2.1809807
INFO:root:Epoch: 44, Train loss: 1.7148914
INFO:root:Epoch: 44, Validation loss: 2.3349137
INFO:root:Epoch: 45, Train loss: 1.715754
INFO:root:Epoch: 45, Validation loss: 2.1830797
INFO:root:Epoch: 46, Train loss: 1.7126023
INFO:root:Epoch: 46, Validation loss: 2.205067
INFO:root:Epoch: 47, Train loss: 1.7027745
INFO:root:Epoch: 47, Validation loss: 2.2306263
INFO:root:Epoch: 48, Train loss: 1.705261
INFO:root:Epoch: 48, Validation loss: 2.0308213
INFO:root:Epoch: 49, Train loss: 1.6991582
INFO:root:Epoch: 49, Validation loss: 1.9738985
INFO:root:Epoch: 50, Train loss: 1.6943145
INFO:root:Epoch: 50, Validation loss: 1.9468051
INFO:root:Epoch: 51, Train loss: 1.699454
INFO:root:Epoch: 51, Validation loss: 1.9935288
INFO:root:Epoch: 52, Train loss: 1.69433
INFO:root:Epoch: 52, Validation loss: 1.9198757
INFO:root:Epoch: 53, Train loss: 1.6898947
INFO:root:Epoch: 53, Validation loss: 1.9204464
INFO:root:Epoch: 54, Train loss: 1.6794019
INFO:root:Epoch: 54, Validation loss: 1.895736
INFO:root:Epoch: 55, Train loss: 1.6696436
INFO:root:Epoch: 55, Validation loss: 1.8835633
INFO:root:Epoch: 56, Train loss: 1.6765817
INFO:root:Epoch: 56, Validation loss: 1.859093
INFO:root:Epoch: 57, Train loss: 1.6824336
INFO:root:Epoch: 57, Validation loss: 1.8802681
INFO:root:Epoch: 58, Train loss: 1.6685878
INFO:root:Epoch: 58, Validation loss: 1.8463663
INFO:root:Epoch: 59, Train loss: 1.6692044
INFO:root:Epoch: 59, Validation loss: 1.8907454
INFO:root:Epoch: 60, Train loss: 1.689283
INFO:root:Epoch: 60, Validation loss: 1.8591232
INFO:root:Epoch: 61, Train loss: 1.6742209
INFO:root:Epoch: 61, Validation loss: 1.891053
INFO:root:Epoch: 62, Train loss: 1.6633395
INFO:root:Epoch: 62, Validation loss: 1.8482361
INFO:root:Epoch: 63, Train loss: 1.6687142
INFO:root:Epoch: 63, Validation loss: 1.9024488
INFO:root:Epoch: 64, Train loss: 1.6530765
INFO:root:Epoch: 64, Validation loss: 1.8931298
INFO:root:Epoch: 65, Train loss: 1.6516802
INFO:root:Epoch: 65, Validation loss: 1.8738124
INFO:root:Epoch: 66, Train loss: 1.6576238
INFO:root:Epoch: 66, Validation loss: 1.8241785
INFO:root:Epoch: 67, Train loss: 1.6444225
INFO:root:Epoch: 67, Validation loss: 1.835398
INFO:root:Epoch: 68, Train loss: 1.6560185
INFO:root:Epoch: 68, Validation loss: 1.8421586
INFO:root:Epoch: 69, Train loss: 1.6602513
INFO:root:Epoch: 69, Validation loss: 1.794638
INFO:root:Epoch: 70, Train loss: 1.651669
INFO:root:Epoch: 70, Validation loss: 1.8400365
INFO:root:Epoch: 71, Train loss: 1.6412237
INFO:root:Epoch: 71, Validation loss: 1.8202398
INFO:root:Epoch: 72, Train loss: 1.656042
INFO:root:Epoch: 72, Validation loss: 1.8649765
INFO:root:Epoch: 73, Train loss: 1.6356179
INFO:root:Epoch: 73, Validation loss: 1.9083366
INFO:root:Epoch: 74, Train loss: 1.6337583
INFO:root:Epoch: 74, Validation loss: 1.8493229
INFO:root:Epoch: 75, Train loss: 1.6243566
INFO:root:Epoch: 75, Validation loss: 2.0000844
INFO:root:Epoch: 76, Train loss: 1.6350342
INFO:root:Epoch: 76, Validation loss: 1.7627857
INFO:root:Epoch: 77, Train loss: 1.6257253
INFO:root:Epoch: 77, Validation loss: 1.8521415
INFO:root:Epoch: 78, Train loss: 1.6116589
INFO:root:Epoch: 78, Validation loss: 1.8852779
INFO:root:Epoch: 79, Train loss: 1.6168038
INFO:root:Epoch: 79, Validation loss: 1.8878132
INFO:root:Epoch: 80, Train loss: 1.6130623
INFO:root:Epoch: 80, Validation loss: 2.0530596
INFO:root:Epoch: 81, Train loss: 1.6272852
INFO:root:Epoch: 81, Validation loss: 1.9424404
INFO:root:Epoch: 82, Train loss: 1.6181422
INFO:root:Epoch: 82, Validation loss: 1.9545877
INFO:root:Epoch: 83, Train loss: 1.6137384
INFO:root:Epoch: 83, Validation loss: 2.0290024
INFO:root:Epoch: 84, Train loss: 1.6100672
INFO:root:Epoch: 84, Validation loss: 2.1497197
INFO:root:Epoch: 85, Train loss: 1.6074511
INFO:root:Epoch: 85, Validation loss: 1.8159925
INFO:root:Epoch: 86, Train loss: 1.6001362
INFO:root:Epoch: 86, Validation loss: 1.907559
INFO:root:Epoch: 87, Train loss: 1.6011068
INFO:root:Epoch: 87, Validation loss: 2.0122883
INFO:root:Epoch: 88, Train loss: 1.607938
INFO:root:Epoch: 88, Validation loss: 1.9010364
INFO:root:Epoch: 89, Train loss: 1.5970088
INFO:root:Epoch: 89, Validation loss: 2.0217905
INFO:root:Epoch: 90, Train loss: 1.6012095
INFO:root:Epoch: 90, Validation loss: 1.9916564
INFO:root:Epoch: 91, Train loss: 1.585203
INFO:root:Epoch: 91, Validation loss: 2.3153908
INFO:root:Epoch: 92, Train loss: 1.5889417
INFO:root:Epoch: 92, Validation loss: 2.3513427
INFO:root:Epoch: 93, Train loss: 1.5990434
INFO:root:Epoch: 93, Validation loss: 2.2370346
INFO:root:Epoch: 94, Train loss: 1.6125915
INFO:root:Epoch: 94, Validation loss: 2.1052692
INFO:root:Epoch: 95, Train loss: 1.5794795
INFO:root:Epoch: 95, Validation loss: 2.0606282
INFO:root:Epoch: 96, Train loss: 1.5864947
INFO:root:Epoch: 96, Validation loss: 2.0988114
INFO:root:Epoch: 97, Train loss: 1.6021404
INFO:root:Epoch: 97, Validation loss: 1.9162945
INFO:root:Epoch: 98, Train loss: 1.5824142
INFO:root:Epoch: 98, Validation loss: 2.1299007
INFO:root:Epoch: 99, Train loss: 1.5777936
INFO:root:Epoch: 99, Validation loss: 1.9890969
INFO:root:Training from ep 0 to ep 100 finished
INFO:root:Best epoch: 77
