INFO:root:Started
INFO:root:Epoch: 0, Train loss: 3.8848226, Train Acc: 0.026199495
INFO:root:Epoch: 0, Validation loss: 3.8477156, Validation Acc: 0.026041666
INFO:root:Epoch: 1, Train loss: 3.7722964, Train Acc: 0.039141413
INFO:root:Epoch: 1, Validation loss: 3.7784345, Validation Acc: 0.059895832
INFO:root:Epoch: 2, Train loss: 3.7064407, Train Acc: 0.051136363
INFO:root:Epoch: 2, Validation loss: 3.7076542, Validation Acc: 0.036458332
INFO:root:Epoch: 3, Train loss: 3.66361, Train Acc: 0.056818184
INFO:root:Epoch: 3, Validation loss: 3.6988084, Validation Acc: 0.0390625
INFO:root:Epoch: 4, Train loss: 3.6174839, Train Acc: 0.06439394
INFO:root:Epoch: 4, Validation loss: 3.6275358, Validation Acc: 0.072916664
INFO:root:Epoch: 5, Train loss: 3.549354, Train Acc: 0.07670455
INFO:root:Epoch: 5, Validation loss: 3.6769543, Validation Acc: 0.078125
INFO:root:Epoch: 6, Train loss: 3.5201244, Train Acc: 0.08017677
INFO:root:Epoch: 6, Validation loss: 3.6019375, Validation Acc: 0.049479168
INFO:root:Epoch: 7, Train loss: 3.480138, Train Acc: 0.07449495
INFO:root:Epoch: 7, Validation loss: 3.5575612, Validation Acc: 0.078125
INFO:root:Epoch: 8, Train loss: 3.4485588, Train Acc: 0.07891414
INFO:root:Epoch: 8, Validation loss: 3.579147, Validation Acc: 0.083333336
INFO:root:Epoch: 9, Train loss: 3.3643918, Train Acc: 0.10606061
INFO:root:Epoch: 9, Validation loss: 3.6555376, Validation Acc: 0.075520836
INFO:root:Epoch: 10, Train loss: 3.3474777, Train Acc: 0.109217174
INFO:root:Epoch: 10, Validation loss: 3.5932376, Validation Acc: 0.083333336
INFO:root:Epoch: 11, Train loss: 3.3084378, Train Acc: 0.12215909
INFO:root:Epoch: 11, Validation loss: 3.5720093, Validation Acc: 0.078125
INFO:root:Epoch: 12, Train loss: 3.2910695, Train Acc: 0.11900253
INFO:root:Epoch: 12, Validation loss: 3.4827602, Validation Acc: 0.106770836
INFO:root:Epoch: 13, Train loss: 3.2125874, Train Acc: 0.14267677
INFO:root:Epoch: 13, Validation loss: 3.543519, Validation Acc: 0.096354164
INFO:root:Epoch: 14, Train loss: 3.192534, Train Acc: 0.14583333
INFO:root:Epoch: 14, Validation loss: 3.399154, Validation Acc: 0.104166664
INFO:root:Epoch: 15, Train loss: 3.1566393, Train Acc: 0.15782829
INFO:root:Epoch: 15, Validation loss: 3.432702, Validation Acc: 0.119791664
INFO:root:Epoch: 16, Train loss: 3.098031, Train Acc: 0.1729798
INFO:root:Epoch: 16, Validation loss: 3.3835115, Validation Acc: 0.12760417
INFO:root:Epoch: 17, Train loss: 3.0399437, Train Acc: 0.18150252
INFO:root:Epoch: 17, Validation loss: 3.396347, Validation Acc: 0.114583336
INFO:root:Epoch: 18, Train loss: 2.9739857, Train Acc: 0.19444445
INFO:root:Epoch: 18, Validation loss: 3.4237146, Validation Acc: 0.119791664
INFO:root:Epoch: 19, Train loss: 2.9433258, Train Acc: 0.19412878
INFO:root:Epoch: 19, Validation loss: 3.4039803, Validation Acc: 0.122395836
INFO:root:Epoch: 20, Train loss: 2.866131, Train Acc: 0.21622474
INFO:root:Epoch: 20, Validation loss: 3.504268, Validation Acc: 0.104166664
INFO:root:Epoch: 21, Train loss: 2.8542237, Train Acc: 0.2282197
INFO:root:Epoch: 21, Validation loss: 3.350767, Validation Acc: 0.14322917
INFO:root:Epoch: 22, Train loss: 2.74959, Train Acc: 0.24242425
INFO:root:Epoch: 22, Validation loss: 3.318909, Validation Acc: 0.140625
INFO:root:Epoch: 23, Train loss: 2.7376723, Train Acc: 0.2528409
INFO:root:Epoch: 23, Validation loss: 3.4374945, Validation Acc: 0.119791664
INFO:root:Epoch: 24, Train loss: 2.6973329, Train Acc: 0.25915405
INFO:root:Epoch: 24, Validation loss: 3.3393414, Validation Acc: 0.122395836
INFO:root:Epoch: 25, Train loss: 2.651264, Train Acc: 0.2645202
INFO:root:Epoch: 25, Validation loss: 3.298125, Validation Acc: 0.13802083
INFO:root:Epoch: 26, Train loss: 2.6237278, Train Acc: 0.28882575
INFO:root:Epoch: 26, Validation loss: 3.2856305, Validation Acc: 0.15885417
INFO:root:Epoch: 27, Train loss: 2.5642903, Train Acc: 0.31218433
INFO:root:Epoch: 27, Validation loss: 3.241561, Validation Acc: 0.15364583
INFO:root:Epoch: 28, Train loss: 2.5471241, Train Acc: 0.2973485
INFO:root:Epoch: 28, Validation loss: 3.3165662, Validation Acc: 0.16666667
INFO:root:Epoch: 29, Train loss: 2.5279233, Train Acc: 0.3030303
INFO:root:Epoch: 29, Validation loss: 3.3208637, Validation Acc: 0.16666667
INFO:root:Epoch: 30, Train loss: 2.4416745, Train Acc: 0.32260102
INFO:root:Epoch: 30, Validation loss: 3.2814577, Validation Acc: 0.17447917
INFO:root:Epoch: 31, Train loss: 2.4181323, Train Acc: 0.3270202
INFO:root:Epoch: 31, Validation loss: 3.2390375, Validation Acc: 0.15885417
INFO:root:Epoch: 32, Train loss: 2.3973281, Train Acc: 0.33396465
INFO:root:Epoch: 32, Validation loss: 3.3536832, Validation Acc: 0.13020833
INFO:root:Epoch: 33, Train loss: 2.3255696, Train Acc: 0.35511363
INFO:root:Epoch: 33, Validation loss: 3.2929318, Validation Acc: 0.16927083
INFO:root:Epoch: 34, Train loss: 2.3071098, Train Acc: 0.3626894
INFO:root:Epoch: 34, Validation loss: 3.473568, Validation Acc: 0.1328125
INFO:root:Epoch: 35, Train loss: 2.263543, Train Acc: 0.37405303
INFO:root:Epoch: 35, Validation loss: 3.346757, Validation Acc: 0.1875
INFO:root:Epoch: 36, Train loss: 2.199365, Train Acc: 0.3888889
INFO:root:Epoch: 36, Validation loss: 3.2552865, Validation Acc: 0.171875
INFO:root:Epoch: 37, Train loss: 2.1790366, Train Acc: 0.3917298
INFO:root:Epoch: 37, Validation loss: 3.3096406, Validation Acc: 0.15885417
INFO:root:Epoch: 38, Train loss: 2.1083388, Train Acc: 0.41477272
INFO:root:Epoch: 38, Validation loss: 3.2037828, Validation Acc: 0.19010417
INFO:root:Epoch: 39, Train loss: 2.1238482, Train Acc: 0.41256315
INFO:root:Epoch: 39, Validation loss: 3.2495985, Validation Acc: 0.171875
INFO:root:Epoch: 40, Train loss: 2.040637, Train Acc: 0.42897728
INFO:root:Epoch: 40, Validation loss: 3.2657087, Validation Acc: 0.17708333
INFO:root:Epoch: 41, Train loss: 1.9783214, Train Acc: 0.4463384
INFO:root:Epoch: 41, Validation loss: 3.616195, Validation Acc: 0.15625
INFO:root:Epoch: 42, Train loss: 1.9934942, Train Acc: 0.43718433
INFO:root:Epoch: 42, Validation loss: 3.3464725, Validation Acc: 0.19010417
INFO:root:Epoch: 43, Train loss: 1.9318533, Train Acc: 0.45612374
INFO:root:Epoch: 43, Validation loss: 3.4890902, Validation Acc: 0.17708333
INFO:root:Epoch: 44, Train loss: 1.9208963, Train Acc: 0.46117425
INFO:root:Epoch: 44, Validation loss: 3.5391223, Validation Acc: 0.15885417
INFO:root:Epoch: 45, Train loss: 1.8323617, Train Acc: 0.48169193
INFO:root:Epoch: 45, Validation loss: 3.460324, Validation Acc: 0.22395833
INFO:root:Epoch: 46, Train loss: 1.8397187, Train Acc: 0.4744318
INFO:root:Epoch: 46, Validation loss: 3.4510138, Validation Acc: 0.2109375
INFO:root:Epoch: 47, Train loss: 1.8013557, Train Acc: 0.488952
INFO:root:Epoch: 47, Validation loss: 3.3358214, Validation Acc: 0.18489583
INFO:root:Epoch: 48, Train loss: 1.7218401, Train Acc: 0.51925504
INFO:root:Epoch: 48, Validation loss: 3.583964, Validation Acc: 0.1953125
INFO:root:Epoch: 49, Train loss: 1.6954874, Train Acc: 0.51641417
INFO:root:Epoch: 49, Validation loss: 3.6152184, Validation Acc: 0.15364583
INFO:root:Epoch: 50, Train loss: 1.6730067, Train Acc: 0.5217803
INFO:root:Epoch: 50, Validation loss: 3.6863012, Validation Acc: 0.16145833
INFO:root:Epoch: 51, Train loss: 1.626465, Train Acc: 0.532197
INFO:root:Epoch: 51, Validation loss: 3.6579962, Validation Acc: 0.17708333
INFO:root:Epoch: 52, Train loss: 1.6500793, Train Acc: 0.541351
INFO:root:Epoch: 52, Validation loss: 3.677914, Validation Acc: 0.17447917
INFO:root:Epoch: 53, Train loss: 1.6065375, Train Acc: 0.54450756
INFO:root:Epoch: 53, Validation loss: 3.4871995, Validation Acc: 0.19010417
INFO:root:Epoch: 54, Train loss: 1.5311548, Train Acc: 0.5565025
INFO:root:Epoch: 54, Validation loss: 3.5145195, Validation Acc: 0.1875
INFO:root:Epoch: 55, Train loss: 1.4782978, Train Acc: 0.57575756
INFO:root:Epoch: 55, Validation loss: 3.607894, Validation Acc: 0.1875
INFO:root:Epoch: 56, Train loss: 1.4867374, Train Acc: 0.57102275
INFO:root:Epoch: 56, Validation loss: 3.880411, Validation Acc: 0.15885417
INFO:root:Epoch: 57, Train loss: 1.4580046, Train Acc: 0.5760732
INFO:root:Epoch: 57, Validation loss: 3.7011337, Validation Acc: 0.171875
INFO:root:Epoch: 58, Train loss: 1.433158, Train Acc: 0.58301765
INFO:root:Epoch: 58, Validation loss: 3.6508455, Validation Acc: 0.18489583
INFO:root:Epoch: 59, Train loss: 1.4062449, Train Acc: 0.5953283
INFO:root:Epoch: 59, Validation loss: 3.7292573, Validation Acc: 0.16666667
INFO:root:Training from ep 0 to ep 60 finished
INFO:root:Best epoch: 46
