INFO:root:Started
INFO:root:Epoch: 0, Train loss: 7.9478
INFO:root:Epoch: 0, Validation loss: 4.674822
INFO:root:Epoch: 1, Train loss: 3.5337021
INFO:root:Epoch: 1, Validation loss: 3.559571
INFO:root:Epoch: 2, Train loss: 2.884674
INFO:root:Epoch: 2, Validation loss: 3.0600333
INFO:root:Epoch: 3, Train loss: 2.5303388
INFO:root:Epoch: 3, Validation loss: 2.678136
INFO:root:Epoch: 4, Train loss: 2.332269
INFO:root:Epoch: 4, Validation loss: 2.5257096
INFO:root:Epoch: 5, Train loss: 2.2103424
INFO:root:Epoch: 5, Validation loss: 2.4312904
INFO:root:Epoch: 6, Train loss: 2.126866
INFO:root:Epoch: 6, Validation loss: 2.2758653
INFO:root:Epoch: 7, Train loss: 2.063222
INFO:root:Epoch: 7, Validation loss: 2.23445
INFO:root:Epoch: 8, Train loss: 2.0340588
INFO:root:Epoch: 8, Validation loss: 2.1876762
INFO:root:Epoch: 9, Train loss: 1.9956819
INFO:root:Epoch: 9, Validation loss: 2.1511133
INFO:root:Epoch: 10, Train loss: 1.9745295
INFO:root:Epoch: 10, Validation loss: 2.1288402
INFO:root:Epoch: 11, Train loss: 1.9640979
INFO:root:Epoch: 11, Validation loss: 2.0846915
INFO:root:Epoch: 12, Train loss: 1.9387186
INFO:root:Epoch: 12, Validation loss: 2.0138807
INFO:root:Epoch: 13, Train loss: 1.9141846
INFO:root:Epoch: 13, Validation loss: 2.0391855
INFO:root:Epoch: 14, Train loss: 1.8995605
INFO:root:Epoch: 14, Validation loss: 2.058875
INFO:root:Epoch: 15, Train loss: 1.8919637
INFO:root:Epoch: 15, Validation loss: 2.0258877
INFO:root:Epoch: 16, Train loss: 1.8673087
INFO:root:Epoch: 16, Validation loss: 1.93771
INFO:root:Epoch: 17, Train loss: 1.8638241
INFO:root:Epoch: 17, Validation loss: 1.972247
INFO:root:Epoch: 18, Train loss: 1.8488731
INFO:root:Epoch: 18, Validation loss: 1.9871298
INFO:root:Epoch: 19, Train loss: 1.8420761
INFO:root:Epoch: 19, Validation loss: 1.9702002
INFO:root:Epoch: 20, Train loss: 1.8349923
INFO:root:Epoch: 20, Validation loss: 1.943268
INFO:root:Epoch: 21, Train loss: 1.8266544
INFO:root:Epoch: 21, Validation loss: 1.9024895
INFO:root:Epoch: 22, Train loss: 1.8216316
INFO:root:Epoch: 22, Validation loss: 1.9574246
INFO:root:Epoch: 23, Train loss: 1.8178158
INFO:root:Epoch: 23, Validation loss: 1.8891377
INFO:root:Epoch: 24, Train loss: 1.8141952
INFO:root:Epoch: 24, Validation loss: 1.902925
INFO:root:Epoch: 25, Train loss: 1.799386
INFO:root:Epoch: 25, Validation loss: 1.8591063
INFO:root:Epoch: 26, Train loss: 1.7949564
INFO:root:Epoch: 26, Validation loss: 1.9062668
INFO:root:Epoch: 27, Train loss: 1.7941608
INFO:root:Epoch: 27, Validation loss: 1.8638496
INFO:root:Epoch: 28, Train loss: 1.7823911
INFO:root:Epoch: 28, Validation loss: 1.8811238
INFO:root:Epoch: 29, Train loss: 1.7777181
INFO:root:Epoch: 29, Validation loss: 1.831937
INFO:root:Epoch: 30, Train loss: 1.7728329
INFO:root:Epoch: 30, Validation loss: 1.8916152
INFO:root:Epoch: 31, Train loss: 1.7740252
INFO:root:Epoch: 31, Validation loss: 1.8467115
INFO:root:Epoch: 32, Train loss: 1.7838718
INFO:root:Epoch: 32, Validation loss: 1.8482505
INFO:root:Epoch: 33, Train loss: 1.7654738
INFO:root:Epoch: 33, Validation loss: 1.860319
INFO:root:Epoch: 34, Train loss: 1.7628304
INFO:root:Epoch: 34, Validation loss: 1.8480755
INFO:root:Epoch: 35, Train loss: 1.7586856
INFO:root:Epoch: 35, Validation loss: 1.8453063
INFO:root:Epoch: 36, Train loss: 1.7558948
INFO:root:Epoch: 36, Validation loss: 1.8106444
INFO:root:Epoch: 37, Train loss: 1.741719
INFO:root:Epoch: 37, Validation loss: 1.7896
INFO:root:Epoch: 38, Train loss: 1.7383069
INFO:root:Epoch: 38, Validation loss: 1.8370527
INFO:root:Epoch: 39, Train loss: 1.7492391
INFO:root:Epoch: 39, Validation loss: 1.7931083
INFO:root:Epoch: 40, Train loss: 1.7367233
INFO:root:Epoch: 40, Validation loss: 1.8422095
INFO:root:Epoch: 41, Train loss: 1.7359592
INFO:root:Epoch: 41, Validation loss: 1.8350786
INFO:root:Epoch: 42, Train loss: 1.7318277
INFO:root:Epoch: 42, Validation loss: 1.8220924
INFO:root:Epoch: 43, Train loss: 1.7301049
INFO:root:Epoch: 43, Validation loss: 1.8103546
INFO:root:Epoch: 44, Train loss: 1.7234085
INFO:root:Epoch: 44, Validation loss: 1.842602
INFO:root:Epoch: 45, Train loss: 1.7205589
INFO:root:Epoch: 45, Validation loss: 1.7483706
INFO:root:Epoch: 46, Train loss: 1.7239567
INFO:root:Epoch: 46, Validation loss: 1.7698516
INFO:root:Epoch: 47, Train loss: 1.7292373
INFO:root:Epoch: 47, Validation loss: 1.8222777
INFO:root:Epoch: 48, Train loss: 1.7164661
INFO:root:Epoch: 48, Validation loss: 1.7586774
INFO:root:Epoch: 49, Train loss: 1.6979054
INFO:root:Epoch: 49, Validation loss: 1.8280995
INFO:root:Epoch: 50, Train loss: 1.7001256
INFO:root:Epoch: 50, Validation loss: 1.7655083
INFO:root:Epoch: 51, Train loss: 1.7073473
INFO:root:Epoch: 51, Validation loss: 1.7715477
INFO:root:Epoch: 52, Train loss: 1.6913714
INFO:root:Epoch: 52, Validation loss: 1.767921
INFO:root:Epoch: 53, Train loss: 1.7057203
INFO:root:Epoch: 53, Validation loss: 1.8133284
INFO:root:Epoch: 54, Train loss: 1.6848936
INFO:root:Epoch: 54, Validation loss: 1.78265
INFO:root:Epoch: 55, Train loss: 1.6897402
INFO:root:Epoch: 55, Validation loss: 1.7722301
INFO:root:Epoch: 56, Train loss: 1.7029743
INFO:root:Epoch: 56, Validation loss: 1.7912439
INFO:root:Epoch: 57, Train loss: 1.6800498
INFO:root:Epoch: 57, Validation loss: 1.7334727
INFO:root:Epoch: 58, Train loss: 1.6898723
INFO:root:Epoch: 58, Validation loss: 1.7420632
INFO:root:Epoch: 59, Train loss: 1.6769955
INFO:root:Epoch: 59, Validation loss: 1.7413025
INFO:root:Epoch: 60, Train loss: 1.6784663
INFO:root:Epoch: 60, Validation loss: 1.766754
INFO:root:Epoch: 61, Train loss: 1.6760505
INFO:root:Epoch: 61, Validation loss: 1.7191066
INFO:root:Epoch: 62, Train loss: 1.6651652
INFO:root:Epoch: 62, Validation loss: 1.788354
INFO:root:Epoch: 63, Train loss: 1.673188
INFO:root:Epoch: 63, Validation loss: 1.7482673
INFO:root:Epoch: 64, Train loss: 1.6545672
INFO:root:Epoch: 64, Validation loss: 1.738187
INFO:root:Epoch: 65, Train loss: 1.666167
INFO:root:Epoch: 65, Validation loss: 1.7113818
INFO:root:Epoch: 66, Train loss: 1.6538578
INFO:root:Epoch: 66, Validation loss: 1.8049308
INFO:root:Epoch: 67, Train loss: 1.6669965
INFO:root:Epoch: 67, Validation loss: 1.7602192
INFO:root:Epoch: 68, Train loss: 1.6633434
INFO:root:Epoch: 68, Validation loss: 1.7248542
INFO:root:Epoch: 69, Train loss: 1.6569736
INFO:root:Epoch: 69, Validation loss: 1.7352262
INFO:root:Epoch: 70, Train loss: 1.6412096
INFO:root:Epoch: 70, Validation loss: 1.7079085
INFO:root:Epoch: 71, Train loss: 1.6513337
INFO:root:Epoch: 71, Validation loss: 1.7303448
INFO:root:Epoch: 72, Train loss: 1.6365298
INFO:root:Epoch: 72, Validation loss: 1.7370837
INFO:root:Epoch: 73, Train loss: 1.6466043
INFO:root:Epoch: 73, Validation loss: 1.6946303
INFO:root:Epoch: 74, Train loss: 1.6377419
INFO:root:Epoch: 74, Validation loss: 1.7543508
INFO:root:Epoch: 75, Train loss: 1.6508224
INFO:root:Epoch: 75, Validation loss: 1.7496675
INFO:root:Epoch: 76, Train loss: 1.6297793
INFO:root:Epoch: 76, Validation loss: 1.7223252
INFO:root:Epoch: 77, Train loss: 1.633358
INFO:root:Epoch: 77, Validation loss: 1.7271855
INFO:root:Epoch: 78, Train loss: 1.6356314
INFO:root:Epoch: 78, Validation loss: 1.7236737
INFO:root:Epoch: 79, Train loss: 1.6214055
INFO:root:Epoch: 79, Validation loss: 1.7424809
INFO:root:Epoch: 80, Train loss: 1.6222223
INFO:root:Epoch: 80, Validation loss: 1.6833749
INFO:root:Epoch: 81, Train loss: 1.6152716
INFO:root:Epoch: 81, Validation loss: 1.6839775
INFO:root:Epoch: 82, Train loss: 1.6143
INFO:root:Epoch: 82, Validation loss: 1.7350249
INFO:root:Epoch: 83, Train loss: 1.6132705
INFO:root:Epoch: 83, Validation loss: 1.6964955
INFO:root:Epoch: 84, Train loss: 1.6086212
INFO:root:Epoch: 84, Validation loss: 1.6685791
INFO:root:Epoch: 85, Train loss: 1.6090882
INFO:root:Epoch: 85, Validation loss: 1.6981854
INFO:root:Epoch: 86, Train loss: 1.5977302
INFO:root:Epoch: 86, Validation loss: 1.7491488
INFO:root:Epoch: 87, Train loss: 1.5886139
INFO:root:Epoch: 87, Validation loss: 1.7132297
INFO:root:Epoch: 88, Train loss: 1.6066421
INFO:root:Epoch: 88, Validation loss: 1.7236378
INFO:root:Epoch: 89, Train loss: 1.605656
INFO:root:Epoch: 89, Validation loss: 1.7181324
INFO:root:Epoch: 90, Train loss: 1.6049579
INFO:root:Epoch: 90, Validation loss: 1.7142406
INFO:root:Epoch: 91, Train loss: 1.600997
INFO:root:Epoch: 91, Validation loss: 1.6787956
INFO:root:Epoch: 92, Train loss: 1.5945227
INFO:root:Epoch: 92, Validation loss: 1.7069991
INFO:root:Epoch: 93, Train loss: 1.5899422
INFO:root:Epoch: 93, Validation loss: 1.6805108
INFO:root:Epoch: 94, Train loss: 1.58335
INFO:root:Epoch: 94, Validation loss: 1.6967758
INFO:root:Epoch: 95, Train loss: 1.5921866
INFO:root:Epoch: 95, Validation loss: 1.7304934
INFO:root:Epoch: 96, Train loss: 1.592817
INFO:root:Epoch: 96, Validation loss: 1.7019193
INFO:root:Epoch: 97, Train loss: 1.5915655
INFO:root:Epoch: 97, Validation loss: 1.6902682
INFO:root:Epoch: 98, Train loss: 1.5928746
INFO:root:Epoch: 98, Validation loss: 1.7302215
INFO:root:Epoch: 99, Train loss: 1.5770868
INFO:root:Epoch: 99, Validation loss: 1.6888556
INFO:root:Training from ep 0 to ep 100 finished
INFO:root:Best epoch: 85
