INFO:root:Started
INFO:root:Epoch: 0, Train loss: 7.226905
INFO:root:Epoch: 0, Validation loss: 2.6848402
INFO:root:Epoch: 1, Train loss: 1.8762604
INFO:root:Epoch: 1, Validation loss: 1.4232455
INFO:root:Epoch: 2, Train loss: 1.0767711
INFO:root:Epoch: 2, Validation loss: 0.9002749
INFO:root:Epoch: 3, Train loss: 0.74349135
INFO:root:Epoch: 3, Validation loss: 0.6654739
INFO:root:Epoch: 4, Train loss: 0.5435976
INFO:root:Epoch: 4, Validation loss: 0.47409484
INFO:root:Epoch: 5, Train loss: 0.41352433
INFO:root:Epoch: 5, Validation loss: 0.4184362
INFO:root:Epoch: 6, Train loss: 0.33679417
INFO:root:Epoch: 6, Validation loss: 0.3062231
INFO:root:Epoch: 7, Train loss: 0.28998882
INFO:root:Epoch: 7, Validation loss: 0.2824735
INFO:root:Epoch: 8, Train loss: 0.24763414
INFO:root:Epoch: 8, Validation loss: 0.22903967
INFO:root:Epoch: 9, Train loss: 0.2226973
INFO:root:Epoch: 9, Validation loss: 0.4473336
INFO:root:Epoch: 10, Train loss: 0.20647939
INFO:root:Epoch: 10, Validation loss: 0.18414864
INFO:root:Epoch: 11, Train loss: 0.18293752
INFO:root:Epoch: 11, Validation loss: 0.20735727
INFO:root:Epoch: 12, Train loss: 0.17257357
INFO:root:Epoch: 12, Validation loss: 0.16309209
INFO:root:Epoch: 13, Train loss: 0.15996186
INFO:root:Epoch: 13, Validation loss: 0.4971658
INFO:root:Epoch: 14, Train loss: 0.14754148
INFO:root:Epoch: 14, Validation loss: 0.14452519
INFO:root:Epoch: 15, Train loss: 0.14364274
INFO:root:Epoch: 15, Validation loss: 0.13354363
INFO:root:Epoch: 16, Train loss: 0.13189788
INFO:root:Epoch: 16, Validation loss: 0.14201388
INFO:root:Epoch: 17, Train loss: 0.12381081
INFO:root:Epoch: 17, Validation loss: 0.15058288
INFO:root:Epoch: 18, Train loss: 0.115582556
INFO:root:Epoch: 18, Validation loss: 0.15107009
INFO:root:Epoch: 19, Train loss: 0.13088797
INFO:root:Epoch: 19, Validation loss: 0.9422014
INFO:root:Epoch: 20, Train loss: 0.11883962
INFO:root:Epoch: 20, Validation loss: 0.34142324
INFO:root:Epoch: 21, Train loss: 0.10384387
INFO:root:Epoch: 21, Validation loss: 0.2806577
INFO:root:Epoch: 22, Train loss: 0.09958559
INFO:root:Epoch: 22, Validation loss: 0.31309214
INFO:root:Epoch: 23, Train loss: 0.09179634
INFO:root:Epoch: 23, Validation loss: 0.08481756
INFO:root:Epoch: 24, Train loss: 0.08597406
INFO:root:Epoch: 24, Validation loss: 0.078822054
INFO:root:Epoch: 25, Train loss: 0.082430966
INFO:root:Epoch: 25, Validation loss: 0.17482159
INFO:root:Epoch: 26, Train loss: 0.09511527
INFO:root:Epoch: 26, Validation loss: 0.19250679
INFO:root:Epoch: 27, Train loss: 0.09026315
INFO:root:Epoch: 27, Validation loss: 1.1062728
INFO:root:Epoch: 28, Train loss: 0.07610191
INFO:root:Epoch: 28, Validation loss: 0.2879283
INFO:root:Epoch: 29, Train loss: 0.07156776
INFO:root:Epoch: 29, Validation loss: 0.9117033
INFO:root:Epoch: 30, Train loss: 0.06813771
INFO:root:Epoch: 30, Validation loss: 0.5646005
INFO:root:Epoch: 31, Train loss: 0.06403388
INFO:root:Epoch: 31, Validation loss: 1.1778905
INFO:root:Epoch: 32, Train loss: 0.061643347
INFO:root:Epoch: 32, Validation loss: 0.23374
INFO:root:Epoch: 33, Train loss: 0.06054685
INFO:root:Epoch: 33, Validation loss: 0.0651522
INFO:root:Epoch: 34, Train loss: 0.060449295
INFO:root:Epoch: 34, Validation loss: 0.07549204
INFO:root:Epoch: 35, Train loss: 0.057168446
INFO:root:Epoch: 35, Validation loss: 0.0496008
INFO:root:Epoch: 36, Train loss: 0.054134194
INFO:root:Epoch: 36, Validation loss: 0.049441535
INFO:root:Epoch: 37, Train loss: 0.051326998
INFO:root:Epoch: 37, Validation loss: 0.16345748
INFO:root:Epoch: 38, Train loss: 0.049430907
INFO:root:Epoch: 38, Validation loss: 1.6260781
INFO:root:Epoch: 39, Train loss: 0.052248187
INFO:root:Epoch: 39, Validation loss: 0.04800713
INFO:root:Epoch: 40, Train loss: 0.045645647
INFO:root:Epoch: 40, Validation loss: 0.048066046
INFO:root:Epoch: 41, Train loss: 0.048325203
INFO:root:Epoch: 41, Validation loss: 0.25683358
INFO:root:Epoch: 42, Train loss: 0.043493517
INFO:root:Epoch: 42, Validation loss: 0.28011566
INFO:root:Epoch: 43, Train loss: 0.038383387
INFO:root:Epoch: 43, Validation loss: 0.40585864
INFO:root:Epoch: 44, Train loss: 0.036661435
INFO:root:Epoch: 44, Validation loss: 2.9713633
INFO:root:Epoch: 45, Train loss: 0.038914073
INFO:root:Epoch: 45, Validation loss: 1.409891
INFO:root:Epoch: 46, Train loss: 0.037232213
INFO:root:Epoch: 46, Validation loss: 0.055104893
INFO:root:Epoch: 47, Train loss: 0.038124338
INFO:root:Epoch: 47, Validation loss: 0.051235985
INFO:root:Epoch: 48, Train loss: 0.03199608
INFO:root:Epoch: 48, Validation loss: 0.12605748
INFO:root:Epoch: 49, Train loss: 0.030341871
INFO:root:Epoch: 49, Validation loss: 0.028583445
INFO:root:Epoch: 50, Train loss: 0.030160444
INFO:root:Epoch: 50, Validation loss: 0.19718668
INFO:root:Epoch: 51, Train loss: 0.026968325
INFO:root:Epoch: 51, Validation loss: 0.4213171
INFO:root:Epoch: 52, Train loss: 0.031348635
INFO:root:Epoch: 52, Validation loss: 0.02522008
INFO:root:Epoch: 53, Train loss: 0.030109001
INFO:root:Epoch: 53, Validation loss: 0.05491698
INFO:root:Epoch: 54, Train loss: 0.03421775
INFO:root:Epoch: 54, Validation loss: 1.4821465
INFO:root:Epoch: 55, Train loss: 0.026491215
INFO:root:Epoch: 55, Validation loss: 0.1310494
INFO:root:Epoch: 56, Train loss: 0.03390386
INFO:root:Epoch: 56, Validation loss: 0.052968387
INFO:root:Epoch: 57, Train loss: 0.030510932
INFO:root:Epoch: 57, Validation loss: 0.31261137
INFO:root:Epoch: 58, Train loss: 0.032627665
INFO:root:Epoch: 58, Validation loss: 0.7439732
INFO:root:Epoch: 59, Train loss: 0.03241283
INFO:root:Epoch: 59, Validation loss: 0.023081044
INFO:root:Epoch: 60, Train loss: 0.022842301
INFO:root:Epoch: 60, Validation loss: 0.8432087
INFO:root:Epoch: 61, Train loss: 0.021860844
INFO:root:Epoch: 61, Validation loss: 0.035937734
INFO:root:Epoch: 62, Train loss: 0.01895973
INFO:root:Epoch: 62, Validation loss: 4.0875254
INFO:root:Epoch: 63, Train loss: 0.017570147
INFO:root:Epoch: 63, Validation loss: 0.018252125
INFO:root:Epoch: 64, Train loss: 0.01844877
INFO:root:Epoch: 64, Validation loss: 0.33615544
INFO:root:Epoch: 65, Train loss: 0.028727539
INFO:root:Epoch: 65, Validation loss: 0.030171156
INFO:root:Epoch: 66, Train loss: 0.020427614
INFO:root:Epoch: 66, Validation loss: 0.0339196
INFO:root:Epoch: 67, Train loss: 0.017046934
INFO:root:Epoch: 67, Validation loss: 0.049410023
INFO:root:Epoch: 68, Train loss: 0.018187927
INFO:root:Epoch: 68, Validation loss: 1.706623
INFO:root:Epoch: 69, Train loss: 0.016799241
INFO:root:Epoch: 69, Validation loss: 1.3711351
INFO:root:Epoch: 70, Train loss: 0.020344138
INFO:root:Epoch: 70, Validation loss: 1.6012083
INFO:root:Epoch: 71, Train loss: 0.018911378
INFO:root:Epoch: 71, Validation loss: 0.9518371
INFO:root:Epoch: 72, Train loss: 0.030118989
INFO:root:Epoch: 72, Validation loss: 0.1024522
INFO:root:Epoch: 73, Train loss: 0.022025783
INFO:root:Epoch: 73, Validation loss: 0.25666058
INFO:root:Epoch: 74, Train loss: 0.027278688
INFO:root:Epoch: 74, Validation loss: 0.032266293
INFO:root:Epoch: 75, Train loss: 0.020006727
INFO:root:Epoch: 75, Validation loss: 0.068037026
INFO:root:Epoch: 76, Train loss: 0.017207604
INFO:root:Epoch: 76, Validation loss: 2.3326123
INFO:root:Epoch: 77, Train loss: 0.011723389
INFO:root:Epoch: 77, Validation loss: 0.069132544
INFO:root:Epoch: 78, Train loss: 0.010983909
INFO:root:Epoch: 78, Validation loss: 1.6119567
INFO:root:Epoch: 79, Train loss: 0.015214855
INFO:root:Epoch: 79, Validation loss: 0.03656124
INFO:root:Epoch: 80, Train loss: 0.013641376
INFO:root:Epoch: 80, Validation loss: 0.43591526
INFO:root:Epoch: 81, Train loss: 0.013036757
INFO:root:Epoch: 81, Validation loss: 0.08631146
INFO:root:Epoch: 82, Train loss: 0.013017343
INFO:root:Epoch: 82, Validation loss: 0.578373
INFO:root:Epoch: 83, Train loss: 0.012757148
INFO:root:Epoch: 83, Validation loss: 3.8450515
INFO:root:Epoch: 84, Train loss: 0.011521586
INFO:root:Epoch: 84, Validation loss: 0.34556094
INFO:root:Epoch: 85, Train loss: 0.010818266
INFO:root:Epoch: 85, Validation loss: 4.121421
INFO:root:Epoch: 86, Train loss: 0.008719267
INFO:root:Epoch: 86, Validation loss: 0.17885168
INFO:root:Epoch: 87, Train loss: 0.011817789
INFO:root:Epoch: 87, Validation loss: 0.16690776
INFO:root:Epoch: 88, Train loss: 0.011517749
INFO:root:Epoch: 88, Validation loss: 0.078455016
INFO:root:Epoch: 89, Train loss: 0.0118906805
INFO:root:Epoch: 89, Validation loss: 0.4543457
INFO:root:Epoch: 90, Train loss: 0.00843038
INFO:root:Epoch: 90, Validation loss: 0.16781917
INFO:root:Epoch: 91, Train loss: 0.007869395
INFO:root:Epoch: 91, Validation loss: 0.011618016
INFO:root:Epoch: 92, Train loss: 0.012875238
INFO:root:Epoch: 92, Validation loss: 0.102726564
INFO:root:Epoch: 93, Train loss: 0.012663805
INFO:root:Epoch: 93, Validation loss: 0.044837788
INFO:root:Epoch: 94, Train loss: 0.008391958
INFO:root:Epoch: 94, Validation loss: 0.006334065
INFO:root:Epoch: 95, Train loss: 0.0077362293
INFO:root:Epoch: 95, Validation loss: 0.008188943
INFO:root:Epoch: 96, Train loss: 0.007548922
INFO:root:Epoch: 96, Validation loss: 0.005792889
INFO:root:Epoch: 97, Train loss: 0.008323943
INFO:root:Epoch: 97, Validation loss: 0.7837912
INFO:root:Epoch: 98, Train loss: 0.011395973
INFO:root:Epoch: 98, Validation loss: 0.61648846
INFO:root:Epoch: 99, Train loss: 0.010756267
INFO:root:Epoch: 99, Validation loss: 2.4302816
INFO:root:Training from ep 0 to ep 100 finished
INFO:root:Best epoch: 97
