INFO:root:Started
INFO:root:Epoch: 0, Train loss: 6.0390854
INFO:root:Epoch: 0, Validation loss: 4.224226
INFO:root:Epoch: 1, Train loss: 3.7260277
INFO:root:Epoch: 1, Validation loss: 3.496431
INFO:root:Epoch: 2, Train loss: 3.3664174
INFO:root:Epoch: 2, Validation loss: 3.339699
INFO:root:Epoch: 3, Train loss: 3.2306
INFO:root:Epoch: 3, Validation loss: 3.2208338
INFO:root:Epoch: 4, Train loss: 3.1512337
INFO:root:Epoch: 4, Validation loss: 3.1299095
INFO:root:Epoch: 5, Train loss: 3.0962064
INFO:root:Epoch: 5, Validation loss: 3.103218
INFO:root:Epoch: 6, Train loss: 3.0604367
INFO:root:Epoch: 6, Validation loss: 3.04232
INFO:root:Epoch: 7, Train loss: 3.018439
INFO:root:Epoch: 7, Validation loss: 3.0070982
INFO:root:Epoch: 8, Train loss: 2.9889107
INFO:root:Epoch: 8, Validation loss: 3.0317533
INFO:root:Epoch: 9, Train loss: 2.967928
INFO:root:Epoch: 9, Validation loss: 2.978193
INFO:root:Epoch: 10, Train loss: 2.9490352
INFO:root:Epoch: 10, Validation loss: 2.948456
INFO:root:Epoch: 11, Train loss: 2.9293046
INFO:root:Epoch: 11, Validation loss: 2.945117
INFO:root:Epoch: 12, Train loss: 2.9307098
INFO:root:Epoch: 12, Validation loss: 2.9279122
INFO:root:Epoch: 13, Train loss: 2.9134538
INFO:root:Epoch: 13, Validation loss: 2.9023786
INFO:root:Epoch: 14, Train loss: 2.8952239
INFO:root:Epoch: 14, Validation loss: 2.879948
INFO:root:Epoch: 15, Train loss: 2.8875682
INFO:root:Epoch: 15, Validation loss: 2.923752
INFO:root:Epoch: 16, Train loss: 2.8803828
INFO:root:Epoch: 16, Validation loss: 2.914283
INFO:root:Epoch: 17, Train loss: 2.8489377
INFO:root:Epoch: 17, Validation loss: 2.8373168
INFO:root:Epoch: 18, Train loss: 2.8534896
INFO:root:Epoch: 18, Validation loss: 2.8585079
INFO:root:Epoch: 19, Train loss: 2.8382812
INFO:root:Epoch: 19, Validation loss: 2.8564043
INFO:root:Epoch: 20, Train loss: 2.8206823
INFO:root:Epoch: 20, Validation loss: 2.8668823
INFO:root:Epoch: 21, Train loss: 2.8180413
INFO:root:Epoch: 21, Validation loss: 2.8855264
INFO:root:Epoch: 22, Train loss: 2.8081923
INFO:root:Epoch: 22, Validation loss: 2.9152825
INFO:root:Epoch: 23, Train loss: 2.7906199
INFO:root:Epoch: 23, Validation loss: 2.8534305
INFO:root:Epoch: 24, Train loss: 2.7865322
INFO:root:Epoch: 24, Validation loss: 2.8108966
INFO:root:Epoch: 25, Train loss: 2.7965882
INFO:root:Epoch: 25, Validation loss: 2.8020794
INFO:root:Epoch: 26, Train loss: 2.7670033
INFO:root:Epoch: 26, Validation loss: 2.8259892
INFO:root:Epoch: 27, Train loss: 2.755145
INFO:root:Epoch: 27, Validation loss: 2.7891507
INFO:root:Epoch: 28, Train loss: 2.7455282
INFO:root:Epoch: 28, Validation loss: 2.7471244
INFO:root:Epoch: 29, Train loss: 2.7408848
INFO:root:Epoch: 29, Validation loss: 2.7926898
INFO:root:Epoch: 30, Train loss: 2.7382689
INFO:root:Epoch: 30, Validation loss: 2.7995017
INFO:root:Epoch: 31, Train loss: 2.73281
INFO:root:Epoch: 31, Validation loss: 2.7503257
INFO:root:Epoch: 32, Train loss: 2.7093406
INFO:root:Epoch: 32, Validation loss: 2.8281465
INFO:root:Epoch: 33, Train loss: 2.6988823
INFO:root:Epoch: 33, Validation loss: 2.7870867
INFO:root:Epoch: 34, Train loss: 2.7034285
INFO:root:Epoch: 34, Validation loss: 2.7454169
INFO:root:Epoch: 35, Train loss: 2.6945567
INFO:root:Epoch: 35, Validation loss: 2.717718
INFO:root:Epoch: 36, Train loss: 2.6839938
INFO:root:Epoch: 36, Validation loss: 2.7652633
INFO:root:Epoch: 37, Train loss: 2.6748776
INFO:root:Epoch: 37, Validation loss: 2.7985463
INFO:root:Epoch: 38, Train loss: 2.6778603
INFO:root:Epoch: 38, Validation loss: 2.6982644
INFO:root:Epoch: 39, Train loss: 2.6842835
INFO:root:Epoch: 39, Validation loss: 2.7113316
INFO:root:Epoch: 40, Train loss: 2.6441526
INFO:root:Epoch: 40, Validation loss: 2.7386289
INFO:root:Epoch: 41, Train loss: 2.6360042
INFO:root:Epoch: 41, Validation loss: 2.769809
INFO:root:Epoch: 42, Train loss: 2.644076
INFO:root:Epoch: 42, Validation loss: 2.6652772
INFO:root:Epoch: 43, Train loss: 2.6212296
INFO:root:Epoch: 43, Validation loss: 2.6993234
INFO:root:Epoch: 44, Train loss: 2.5981998
INFO:root:Epoch: 44, Validation loss: 2.6610436
INFO:root:Epoch: 45, Train loss: 2.626204
INFO:root:Epoch: 45, Validation loss: 2.685844
INFO:root:Epoch: 46, Train loss: 2.612609
INFO:root:Epoch: 46, Validation loss: 2.609405
INFO:root:Epoch: 47, Train loss: 2.5820315
INFO:root:Epoch: 47, Validation loss: 2.6802175
INFO:root:Epoch: 48, Train loss: 2.5873742
INFO:root:Epoch: 48, Validation loss: 2.6965032
INFO:root:Epoch: 49, Train loss: 2.5796475
INFO:root:Epoch: 49, Validation loss: 2.6635518
INFO:root:Epoch: 50, Train loss: 2.5756063
INFO:root:Epoch: 50, Validation loss: 2.6732478
INFO:root:Epoch: 51, Train loss: 2.5668797
INFO:root:Epoch: 51, Validation loss: 2.6704733
INFO:root:Epoch: 52, Train loss: 2.5594428
INFO:root:Epoch: 52, Validation loss: 2.6920345
INFO:root:Epoch: 53, Train loss: 2.5491405
INFO:root:Epoch: 53, Validation loss: 2.6405044
INFO:root:Epoch: 54, Train loss: 2.5586677
INFO:root:Epoch: 54, Validation loss: 2.6961448
INFO:root:Epoch: 55, Train loss: 2.5420473
INFO:root:Epoch: 55, Validation loss: 2.606556
INFO:root:Epoch: 56, Train loss: 2.5427697
INFO:root:Epoch: 56, Validation loss: 2.6084137
INFO:root:Epoch: 57, Train loss: 2.5248177
INFO:root:Epoch: 57, Validation loss: 2.6219783
INFO:root:Epoch: 58, Train loss: 2.5148773
INFO:root:Epoch: 58, Validation loss: 2.7011175
INFO:root:Epoch: 59, Train loss: 2.507057
INFO:root:Epoch: 59, Validation loss: 2.5733602
INFO:root:Epoch: 60, Train loss: 2.487133
INFO:root:Epoch: 60, Validation loss: 2.620467
INFO:root:Epoch: 61, Train loss: 2.5118978
INFO:root:Epoch: 61, Validation loss: 2.6039023
INFO:root:Epoch: 62, Train loss: 2.5027535
INFO:root:Epoch: 62, Validation loss: 2.5490599
INFO:root:Epoch: 63, Train loss: 2.4960377
INFO:root:Epoch: 63, Validation loss: 2.5793672
INFO:root:Epoch: 64, Train loss: 2.4680889
INFO:root:Epoch: 64, Validation loss: 2.608453
INFO:root:Epoch: 65, Train loss: 2.4789894
INFO:root:Epoch: 65, Validation loss: 2.5353856
INFO:root:Epoch: 66, Train loss: 2.4783266
INFO:root:Epoch: 66, Validation loss: 2.618986
INFO:root:Epoch: 67, Train loss: 2.4477117
INFO:root:Epoch: 67, Validation loss: 2.582345
INFO:root:Epoch: 68, Train loss: 2.455668
INFO:root:Epoch: 68, Validation loss: 2.5717344
INFO:root:Epoch: 69, Train loss: 2.4570343
INFO:root:Epoch: 69, Validation loss: 2.538532
INFO:root:Epoch: 70, Train loss: 2.441275
INFO:root:Epoch: 70, Validation loss: 2.556093
INFO:root:Epoch: 71, Train loss: 2.4501755
INFO:root:Epoch: 71, Validation loss: 2.569162
INFO:root:Epoch: 72, Train loss: 2.4475963
INFO:root:Epoch: 72, Validation loss: 2.531811
INFO:root:Epoch: 73, Train loss: 2.4444935
INFO:root:Epoch: 73, Validation loss: 2.4921386
INFO:root:Epoch: 74, Train loss: 2.4088066
INFO:root:Epoch: 74, Validation loss: 2.477915
INFO:root:Epoch: 75, Train loss: 2.4056017
INFO:root:Epoch: 75, Validation loss: 2.595442
INFO:root:Epoch: 76, Train loss: 2.4120474
INFO:root:Epoch: 76, Validation loss: 2.4948342
INFO:root:Epoch: 77, Train loss: 2.38664
INFO:root:Epoch: 77, Validation loss: 2.4919438
INFO:root:Epoch: 78, Train loss: 2.3977773
INFO:root:Epoch: 78, Validation loss: 2.517164
INFO:root:Epoch: 79, Train loss: 2.3928854
INFO:root:Epoch: 79, Validation loss: 2.564672
INFO:root:Epoch: 80, Train loss: 2.4047575
INFO:root:Epoch: 80, Validation loss: 2.5698555
INFO:root:Epoch: 81, Train loss: 2.3873851
INFO:root:Epoch: 81, Validation loss: 2.4975197
INFO:root:Epoch: 82, Train loss: 2.3724272
INFO:root:Epoch: 82, Validation loss: 2.4730992
INFO:root:Epoch: 83, Train loss: 2.3933532
INFO:root:Epoch: 83, Validation loss: 2.4729083
INFO:root:Epoch: 84, Train loss: 2.3762577
INFO:root:Epoch: 84, Validation loss: 2.5123813
INFO:root:Epoch: 85, Train loss: 2.3692048
INFO:root:Epoch: 85, Validation loss: 2.5333567
INFO:root:Epoch: 86, Train loss: 2.3540764
INFO:root:Epoch: 86, Validation loss: 2.446008
INFO:root:Epoch: 87, Train loss: 2.3516939
INFO:root:Epoch: 87, Validation loss: 2.5095391
INFO:root:Epoch: 88, Train loss: 2.3606832
INFO:root:Epoch: 88, Validation loss: 2.5645697
INFO:root:Epoch: 89, Train loss: 2.3488207
INFO:root:Epoch: 89, Validation loss: 2.4992983
INFO:root:Epoch: 90, Train loss: 2.3505313
INFO:root:Epoch: 90, Validation loss: 2.5556183
INFO:root:Epoch: 91, Train loss: 2.349346
INFO:root:Epoch: 91, Validation loss: 2.5070832
INFO:root:Epoch: 92, Train loss: 2.3263447
INFO:root:Epoch: 92, Validation loss: 2.4626288
INFO:root:Epoch: 93, Train loss: 2.325603
INFO:root:Epoch: 93, Validation loss: 2.4643028
INFO:root:Epoch: 94, Train loss: 2.3209665
INFO:root:Epoch: 94, Validation loss: 2.493223
INFO:root:Epoch: 95, Train loss: 2.3384252
INFO:root:Epoch: 95, Validation loss: 2.424975
INFO:root:Epoch: 96, Train loss: 2.3275366
INFO:root:Epoch: 96, Validation loss: 2.5124948
INFO:root:Epoch: 97, Train loss: 2.3327134
INFO:root:Epoch: 97, Validation loss: 2.4722705
INFO:root:Epoch: 98, Train loss: 2.3027196
INFO:root:Epoch: 98, Validation loss: 2.472967
INFO:root:Epoch: 99, Train loss: 2.3028111
INFO:root:Epoch: 99, Validation loss: 2.4893882
INFO:root:Training from ep 0 to ep 100 finished
INFO:root:Best epoch: 96
