INFO:root:Started
INFO:root:Epoch: 0, Train loss: 3.8377857, Train Acc: 0.029987374
INFO:root:Epoch: 0, Validation loss: 3.7515042, Validation Acc: 0.044270832
INFO:root:Epoch: 1, Train loss: 3.6582124, Train Acc: 0.0697601
INFO:root:Epoch: 1, Validation loss: 3.6506789, Validation Acc: 0.059895832
INFO:root:Epoch: 2, Train loss: 3.5569787, Train Acc: 0.07891414
INFO:root:Epoch: 2, Validation loss: 3.597292, Validation Acc: 0.078125
INFO:root:Epoch: 3, Train loss: 3.4456575, Train Acc: 0.10479798
INFO:root:Epoch: 3, Validation loss: 3.551739, Validation Acc: 0.1171875
INFO:root:Epoch: 4, Train loss: 3.3881829, Train Acc: 0.12657829
INFO:root:Epoch: 4, Validation loss: 3.4551518, Validation Acc: 0.119791664
INFO:root:Epoch: 5, Train loss: 3.2848394, Train Acc: 0.14046717
INFO:root:Epoch: 5, Validation loss: 3.5112202, Validation Acc: 0.096354164
INFO:root:Epoch: 6, Train loss: 3.227578, Train Acc: 0.15814394
INFO:root:Epoch: 6, Validation loss: 3.5057087, Validation Acc: 0.1015625
INFO:root:Epoch: 7, Train loss: 3.1496012, Train Acc: 0.17929293
INFO:root:Epoch: 7, Validation loss: 3.370621, Validation Acc: 0.114583336
INFO:root:Epoch: 8, Train loss: 3.0926943, Train Acc: 0.1947601
INFO:root:Epoch: 8, Validation loss: 3.4583178, Validation Acc: 0.109375
INFO:root:Epoch: 9, Train loss: 2.9765358, Train Acc: 0.21496212
INFO:root:Epoch: 9, Validation loss: 3.4045641, Validation Acc: 0.1015625
INFO:root:Epoch: 10, Train loss: 2.9021785, Train Acc: 0.23295455
INFO:root:Epoch: 10, Validation loss: 3.4794757, Validation Acc: 0.15364583
INFO:root:Epoch: 11, Train loss: 2.8522096, Train Acc: 0.25
INFO:root:Epoch: 11, Validation loss: 3.3418424, Validation Acc: 0.13020833
INFO:root:Epoch: 12, Train loss: 2.7849762, Train Acc: 0.2550505
INFO:root:Epoch: 12, Validation loss: 3.4060078, Validation Acc: 0.15364583
INFO:root:Epoch: 13, Train loss: 2.7180111, Train Acc: 0.27746212
INFO:root:Epoch: 13, Validation loss: 3.3434737, Validation Acc: 0.16666667
INFO:root:Epoch: 14, Train loss: 2.7034104, Train Acc: 0.28377524
INFO:root:Epoch: 14, Validation loss: 3.2555912, Validation Acc: 0.15364583
INFO:root:Epoch: 15, Train loss: 2.6289294, Train Acc: 0.2973485
INFO:root:Epoch: 15, Validation loss: 3.4142923, Validation Acc: 0.13802083
INFO:root:Epoch: 16, Train loss: 2.5470998, Train Acc: 0.31281567
INFO:root:Epoch: 16, Validation loss: 3.462327, Validation Acc: 0.14322917
INFO:root:Epoch: 17, Train loss: 2.5067577, Train Acc: 0.3285985
INFO:root:Epoch: 17, Validation loss: 3.2857187, Validation Acc: 0.140625
INFO:root:Epoch: 18, Train loss: 2.4357283, Train Acc: 0.33459595
INFO:root:Epoch: 18, Validation loss: 3.174173, Validation Acc: 0.16927083
INFO:root:Epoch: 19, Train loss: 2.388761, Train Acc: 0.354798
INFO:root:Epoch: 19, Validation loss: 3.3118134, Validation Acc: 0.15104167
INFO:root:Epoch: 20, Train loss: 2.2875373, Train Acc: 0.37468433
INFO:root:Epoch: 20, Validation loss: 3.2092202, Validation Acc: 0.18489583
INFO:root:Epoch: 21, Train loss: 2.2931519, Train Acc: 0.38352272
INFO:root:Epoch: 21, Validation loss: 3.302906, Validation Acc: 0.17447917
INFO:root:Epoch: 22, Train loss: 2.1784444, Train Acc: 0.4135101
INFO:root:Epoch: 22, Validation loss: 3.5619094, Validation Acc: 0.15104167
INFO:root:Epoch: 23, Train loss: 2.1592333, Train Acc: 0.41161618
INFO:root:Epoch: 23, Validation loss: 3.5132847, Validation Acc: 0.125
INFO:root:Epoch: 24, Train loss: 2.1294885, Train Acc: 0.4280303
INFO:root:Epoch: 24, Validation loss: 3.4104068, Validation Acc: 0.16145833
INFO:root:Epoch: 25, Train loss: 2.0813196, Train Acc: 0.44791666
INFO:root:Epoch: 25, Validation loss: 3.4598286, Validation Acc: 0.15104167
INFO:root:Epoch: 26, Train loss: 2.0158708, Train Acc: 0.4535985
INFO:root:Epoch: 26, Validation loss: 3.3818223, Validation Acc: 0.16145833
INFO:root:Epoch: 27, Train loss: 1.9794911, Train Acc: 0.44791666
INFO:root:Epoch: 27, Validation loss: 3.4005575, Validation Acc: 0.1796875
INFO:root:Epoch: 28, Train loss: 1.9527404, Train Acc: 0.4715909
INFO:root:Epoch: 28, Validation loss: 3.3382528, Validation Acc: 0.20052083
INFO:root:Epoch: 29, Train loss: 1.8819673, Train Acc: 0.48137626
INFO:root:Epoch: 29, Validation loss: 3.4316752, Validation Acc: 0.20572917
INFO:root:Training from ep 0 to ep 30 finished
INFO:root:Best epoch: 30
INFO:root:Started
INFO:root:Epoch: 30, Train loss: 1.8199027, Train Acc: 0.49526516
INFO:root:Epoch: 30, Validation loss: 3.455099, Validation Acc: 0.171875
INFO:root:Epoch: 31, Train loss: 1.7686185, Train Acc: 0.5160985
INFO:root:Epoch: 31, Validation loss: 3.3112824, Validation Acc: 0.1796875
INFO:root:Epoch: 32, Train loss: 1.6648879, Train Acc: 0.52935606
INFO:root:Epoch: 32, Validation loss: 3.5007303, Validation Acc: 0.20833333
INFO:root:Epoch: 33, Train loss: 1.6655779, Train Acc: 0.54103535
INFO:root:Epoch: 33, Validation loss: 3.4227908, Validation Acc: 0.1953125
INFO:root:Epoch: 34, Train loss: 1.6473414, Train Acc: 0.54229796
INFO:root:Epoch: 34, Validation loss: 3.47555, Validation Acc: 0.1640625
INFO:root:Epoch: 35, Train loss: 1.5748613, Train Acc: 0.5602904
INFO:root:Epoch: 35, Validation loss: 3.541786, Validation Acc: 0.1953125
INFO:root:Epoch: 36, Train loss: 1.5502167, Train Acc: 0.5640783
INFO:root:Epoch: 36, Validation loss: 3.675594, Validation Acc: 0.171875
INFO:root:Epoch: 37, Train loss: 1.5307213, Train Acc: 0.5763889
INFO:root:Epoch: 37, Validation loss: 3.6949914, Validation Acc: 0.15885417
INFO:root:Epoch: 38, Train loss: 1.4801673, Train Acc: 0.59090906
INFO:root:Epoch: 38, Validation loss: 3.7193727, Validation Acc: 0.1640625
INFO:root:Epoch: 39, Train loss: 1.4612368, Train Acc: 0.584596
INFO:root:Epoch: 39, Validation loss: 3.8915787, Validation Acc: 0.17447917
INFO:root:Epoch: 40, Train loss: 1.4280038, Train Acc: 0.59627527
INFO:root:Epoch: 40, Validation loss: 3.5739174, Validation Acc: 0.19010417
INFO:root:Epoch: 41, Train loss: 1.369568, Train Acc: 0.6111111
INFO:root:Epoch: 41, Validation loss: 3.6545932, Validation Acc: 0.17447917
INFO:root:Epoch: 42, Train loss: 1.3211524, Train Acc: 0.6445707
INFO:root:Epoch: 42, Validation loss: 3.729986, Validation Acc: 0.17447917
INFO:root:Epoch: 43, Train loss: 1.301171, Train Acc: 0.64520204
INFO:root:Epoch: 43, Validation loss: 3.9365456, Validation Acc: 0.15885417
INFO:root:Epoch: 44, Train loss: 1.2960163, Train Acc: 0.6309975
INFO:root:Epoch: 44, Validation loss: 3.521902, Validation Acc: 0.18489583
INFO:root:Epoch: 45, Train loss: 1.2489508, Train Acc: 0.64204544
INFO:root:Epoch: 45, Validation loss: 3.9634008, Validation Acc: 0.1796875
INFO:root:Epoch: 46, Train loss: 1.2055494, Train Acc: 0.65561867
INFO:root:Epoch: 46, Validation loss: 3.8454134, Validation Acc: 0.1640625
INFO:root:Epoch: 47, Train loss: 1.1811012, Train Acc: 0.6628788
INFO:root:Epoch: 47, Validation loss: 3.8089998, Validation Acc: 0.17447917
INFO:root:Epoch: 48, Train loss: 1.1463777, Train Acc: 0.66729796
INFO:root:Epoch: 48, Validation loss: 3.699109, Validation Acc: 0.18489583
INFO:root:Epoch: 49, Train loss: 1.1158165, Train Acc: 0.6792929
INFO:root:Epoch: 49, Validation loss: 3.8361008, Validation Acc: 0.20572917
INFO:root:Epoch: 50, Train loss: 1.0510901, Train Acc: 0.70549244
INFO:root:Epoch: 50, Validation loss: 3.7239094, Validation Acc: 0.20572917
INFO:root:Epoch: 51, Train loss: 1.0678171, Train Acc: 0.7051768
INFO:root:Epoch: 51, Validation loss: 3.8357944, Validation Acc: 0.19010417
INFO:root:Epoch: 52, Train loss: 1.0002367, Train Acc: 0.71622473
INFO:root:Epoch: 52, Validation loss: 4.1320453, Validation Acc: 0.13802083
INFO:root:Epoch: 53, Train loss: 0.98329085, Train Acc: 0.7165404
INFO:root:Epoch: 53, Validation loss: 4.103971, Validation Acc: 0.171875
INFO:root:Epoch: 54, Train loss: 0.96287215, Train Acc: 0.7222222
INFO:root:Epoch: 54, Validation loss: 3.988288, Validation Acc: 0.171875
INFO:root:Epoch: 55, Train loss: 0.92778087, Train Acc: 0.74147725
INFO:root:Epoch: 55, Validation loss: 3.944891, Validation Acc: 0.17447917
INFO:root:Epoch: 56, Train loss: 0.90089446, Train Acc: 0.7405303
INFO:root:Epoch: 56, Validation loss: 3.8352356, Validation Acc: 0.19010417
INFO:root:Epoch: 57, Train loss: 0.9176133, Train Acc: 0.72948235
INFO:root:Epoch: 57, Validation loss: 4.2030144, Validation Acc: 0.1640625
INFO:root:Epoch: 58, Train loss: 0.8881133, Train Acc: 0.7373737
INFO:root:Epoch: 58, Validation loss: 4.0602355, Validation Acc: 0.1953125
INFO:root:Epoch: 59, Train loss: 0.8622239, Train Acc: 0.7487374
INFO:root:Epoch: 59, Validation loss: 4.0653424, Validation Acc: 0.22916667
INFO:root:Training from ep 30 to ep 60 finished
INFO:root:Best epoch: 60
