INFO:root:Started
INFO:root:Epoch: 0, Train loss: 12.313162
INFO:root:Epoch: 0, Validation loss: 3.6860025
INFO:root:Epoch: 1, Train loss: 2.3257349
INFO:root:Epoch: 1, Validation loss: 1.3902745
INFO:root:Epoch: 2, Train loss: 0.9323916
INFO:root:Epoch: 2, Validation loss: 0.645529
INFO:root:Epoch: 3, Train loss: 0.50595003
INFO:root:Epoch: 3, Validation loss: 0.3929839
INFO:root:Epoch: 4, Train loss: 0.32558468
INFO:root:Epoch: 4, Validation loss: 0.29065633
INFO:root:Epoch: 5, Train loss: 0.22679007
INFO:root:Epoch: 5, Validation loss: 0.18906553
INFO:root:Epoch: 6, Train loss: 0.17916165
INFO:root:Epoch: 6, Validation loss: 0.16428019
INFO:root:Epoch: 7, Train loss: 0.14420442
INFO:root:Epoch: 7, Validation loss: 0.11748744
INFO:root:Epoch: 8, Train loss: 0.12441002
INFO:root:Epoch: 8, Validation loss: 0.10355154
INFO:root:Epoch: 9, Train loss: 0.103773996
INFO:root:Epoch: 9, Validation loss: 0.09073353
INFO:root:Epoch: 10, Train loss: 0.088540696
INFO:root:Epoch: 10, Validation loss: 0.079653874
INFO:root:Epoch: 11, Train loss: 0.0763907
INFO:root:Epoch: 11, Validation loss: 0.08171054
INFO:root:Epoch: 12, Train loss: 0.067134455
INFO:root:Epoch: 12, Validation loss: 0.06240706
INFO:root:Epoch: 13, Train loss: 0.058195155
INFO:root:Epoch: 13, Validation loss: 0.0522463
INFO:root:Epoch: 14, Train loss: 0.055955708
INFO:root:Epoch: 14, Validation loss: 0.05104266
INFO:root:Epoch: 15, Train loss: 0.049001794
INFO:root:Epoch: 15, Validation loss: 0.047079727
INFO:root:Epoch: 16, Train loss: 0.04493468
INFO:root:Epoch: 16, Validation loss: 0.03751218
INFO:root:Epoch: 17, Train loss: 0.03966583
INFO:root:Epoch: 17, Validation loss: 0.03501979
INFO:root:Epoch: 18, Train loss: 0.03579021
INFO:root:Epoch: 18, Validation loss: 0.029899245
INFO:root:Epoch: 19, Train loss: 0.03251009
INFO:root:Epoch: 19, Validation loss: 0.034860667
INFO:root:Epoch: 20, Train loss: 0.031428594
INFO:root:Epoch: 20, Validation loss: 0.026940258
INFO:root:Epoch: 21, Train loss: 0.0289598
INFO:root:Epoch: 21, Validation loss: 0.028930865
INFO:root:Epoch: 22, Train loss: 0.02419725
INFO:root:Epoch: 22, Validation loss: 0.029534219
INFO:root:Epoch: 23, Train loss: 0.02504013
INFO:root:Epoch: 23, Validation loss: 0.020776441
INFO:root:Epoch: 24, Train loss: 0.020813664
INFO:root:Epoch: 24, Validation loss: 0.023597358
INFO:root:Epoch: 25, Train loss: 0.022065198
INFO:root:Epoch: 25, Validation loss: 0.02170529
INFO:root:Epoch: 26, Train loss: 0.019111559
INFO:root:Epoch: 26, Validation loss: 0.021836998
INFO:root:Epoch: 27, Train loss: 0.018146647
INFO:root:Epoch: 27, Validation loss: 0.01586447
INFO:root:Epoch: 28, Train loss: 0.017405821
INFO:root:Epoch: 28, Validation loss: 0.014867388
INFO:root:Epoch: 29, Train loss: 0.016099244
INFO:root:Epoch: 29, Validation loss: 0.01552331
INFO:root:Epoch: 30, Train loss: 0.014726438
INFO:root:Epoch: 30, Validation loss: 0.018486902
INFO:root:Epoch: 31, Train loss: 0.013724451
INFO:root:Epoch: 31, Validation loss: 0.014327408
INFO:root:Epoch: 32, Train loss: 0.012771499
INFO:root:Epoch: 32, Validation loss: 0.0118367495
INFO:root:Epoch: 33, Train loss: 0.013056929
INFO:root:Epoch: 33, Validation loss: 0.009099382
INFO:root:Epoch: 34, Train loss: 0.012694574
INFO:root:Epoch: 34, Validation loss: 0.011897061
INFO:root:Epoch: 35, Train loss: 0.011029622
INFO:root:Epoch: 35, Validation loss: 0.014271623
INFO:root:Epoch: 36, Train loss: 0.010974904
INFO:root:Epoch: 36, Validation loss: 0.010270991
INFO:root:Epoch: 37, Train loss: 0.010046168
INFO:root:Epoch: 37, Validation loss: 0.007401396
INFO:root:Epoch: 38, Train loss: 0.008625627
INFO:root:Epoch: 38, Validation loss: 0.0076423944
INFO:root:Epoch: 39, Train loss: 0.009291962
INFO:root:Epoch: 39, Validation loss: 0.0098052835
INFO:root:Epoch: 40, Train loss: 0.008146916
INFO:root:Epoch: 40, Validation loss: 0.011006423
INFO:root:Epoch: 41, Train loss: 0.007838835
INFO:root:Epoch: 41, Validation loss: 0.009001774
INFO:root:Epoch: 42, Train loss: 0.008155929
INFO:root:Epoch: 42, Validation loss: 0.008062723
INFO:root:Epoch: 43, Train loss: 0.007143333
INFO:root:Epoch: 43, Validation loss: 0.009276663
INFO:root:Epoch: 44, Train loss: 0.0065499186
INFO:root:Epoch: 44, Validation loss: 0.011619338
INFO:root:Epoch: 45, Train loss: 0.005605132
INFO:root:Epoch: 45, Validation loss: 0.0060921903
INFO:root:Epoch: 46, Train loss: 0.0066972747
INFO:root:Epoch: 46, Validation loss: 0.0056998865
INFO:root:Epoch: 47, Train loss: 0.0066048834
INFO:root:Epoch: 47, Validation loss: 0.0045341714
INFO:root:Epoch: 48, Train loss: 0.0071139405
INFO:root:Epoch: 48, Validation loss: 0.00819658
INFO:root:Epoch: 49, Train loss: 0.006201326
INFO:root:Epoch: 49, Validation loss: 0.0052477405
INFO:root:Epoch: 50, Train loss: 0.005465018
INFO:root:Epoch: 50, Validation loss: 0.0052666017
INFO:root:Epoch: 51, Train loss: 0.005613749
INFO:root:Epoch: 51, Validation loss: 0.0074348147
INFO:root:Epoch: 52, Train loss: 0.005041422
INFO:root:Epoch: 52, Validation loss: 0.003981901
INFO:root:Epoch: 53, Train loss: 0.0048097842
INFO:root:Epoch: 53, Validation loss: 0.0063518197
INFO:root:Epoch: 54, Train loss: 0.0047628297
INFO:root:Epoch: 54, Validation loss: 0.005956456
INFO:root:Epoch: 55, Train loss: 0.004673322
INFO:root:Epoch: 55, Validation loss: 0.006008832
INFO:root:Epoch: 56, Train loss: 0.0051890286
INFO:root:Epoch: 56, Validation loss: 0.004586709
INFO:root:Epoch: 57, Train loss: 0.00508079
INFO:root:Epoch: 57, Validation loss: 0.0050074724
INFO:root:Epoch: 58, Train loss: 0.004175954
INFO:root:Epoch: 58, Validation loss: 0.0039857724
INFO:root:Epoch: 59, Train loss: 0.0044551403
INFO:root:Epoch: 59, Validation loss: 0.004126242
INFO:root:Epoch: 60, Train loss: 0.0038178877
INFO:root:Epoch: 60, Validation loss: 0.0043399925
INFO:root:Epoch: 61, Train loss: 0.004155866
INFO:root:Epoch: 61, Validation loss: 0.0021478988
INFO:root:Epoch: 62, Train loss: 0.0042385375
INFO:root:Epoch: 62, Validation loss: 0.0030481673
INFO:root:Epoch: 63, Train loss: 0.0032930945
INFO:root:Epoch: 63, Validation loss: 0.0037871113
INFO:root:Epoch: 64, Train loss: 0.0033702292
INFO:root:Epoch: 64, Validation loss: 0.0037655055
INFO:root:Epoch: 65, Train loss: 0.003241809
INFO:root:Epoch: 65, Validation loss: 0.0030528947
INFO:root:Epoch: 66, Train loss: 0.0029834681
INFO:root:Epoch: 66, Validation loss: 0.0032635059
INFO:root:Epoch: 67, Train loss: 0.0031695375
INFO:root:Epoch: 67, Validation loss: 0.0031343559
INFO:root:Epoch: 68, Train loss: 0.002995218
INFO:root:Epoch: 68, Validation loss: 0.0015760595
INFO:root:Epoch: 69, Train loss: 0.0022314263
INFO:root:Epoch: 69, Validation loss: 0.0017798509
INFO:root:Epoch: 70, Train loss: 0.0024475812
INFO:root:Epoch: 70, Validation loss: 0.0027953542
INFO:root:Epoch: 71, Train loss: 0.0026021183
INFO:root:Epoch: 71, Validation loss: 0.0021539018
INFO:root:Epoch: 72, Train loss: 0.0032681152
INFO:root:Epoch: 72, Validation loss: 0.0021446191
INFO:root:Epoch: 73, Train loss: 0.0023914091
INFO:root:Epoch: 73, Validation loss: 0.0029262293
INFO:root:Epoch: 74, Train loss: 0.002118235
INFO:root:Epoch: 74, Validation loss: 0.0012358556
INFO:root:Epoch: 75, Train loss: 0.0018017056
INFO:root:Epoch: 75, Validation loss: 0.001400948
INFO:root:Epoch: 76, Train loss: 0.002446201
INFO:root:Epoch: 76, Validation loss: 0.0027527846
INFO:root:Epoch: 77, Train loss: 0.0018973906
INFO:root:Epoch: 77, Validation loss: 0.0043573114
INFO:root:Epoch: 78, Train loss: 0.0023149068
INFO:root:Epoch: 78, Validation loss: 0.0026151582
INFO:root:Epoch: 79, Train loss: 0.0018530526
INFO:root:Epoch: 79, Validation loss: 0.0015377369
INFO:root:Epoch: 80, Train loss: 0.0027426914
INFO:root:Epoch: 80, Validation loss: 0.0020149688
INFO:root:Epoch: 81, Train loss: 0.0022086306
INFO:root:Epoch: 81, Validation loss: 0.0022701677
INFO:root:Epoch: 82, Train loss: 0.0019450542
INFO:root:Epoch: 82, Validation loss: 0.0030023174
INFO:root:Epoch: 83, Train loss: 0.0025429986
INFO:root:Epoch: 83, Validation loss: 0.0015023887
INFO:root:Epoch: 84, Train loss: 0.0020282764
INFO:root:Epoch: 84, Validation loss: 0.0019280162
INFO:root:Epoch: 85, Train loss: 0.0016649652
INFO:root:Epoch: 85, Validation loss: 0.0018112506
INFO:root:Epoch: 86, Train loss: 0.0024927014
INFO:root:Epoch: 86, Validation loss: 0.0023447964
INFO:root:Epoch: 87, Train loss: 0.0022272454
INFO:root:Epoch: 87, Validation loss: 0.0015266679
INFO:root:Epoch: 88, Train loss: 0.0015585616
INFO:root:Epoch: 88, Validation loss: 0.0012865582
INFO:root:Epoch: 89, Train loss: 0.001517275
INFO:root:Epoch: 89, Validation loss: 0.0017545201
INFO:root:Epoch: 90, Train loss: 0.0023619013
INFO:root:Epoch: 90, Validation loss: 0.0009005076
INFO:root:Epoch: 91, Train loss: 0.0018204084
INFO:root:Epoch: 91, Validation loss: 0.00085319317
INFO:root:Epoch: 92, Train loss: 0.0015485819
INFO:root:Epoch: 92, Validation loss: 0.0020924204
INFO:root:Epoch: 93, Train loss: 0.0016119588
INFO:root:Epoch: 93, Validation loss: 0.0055417567
INFO:root:Epoch: 94, Train loss: 0.0013564053
INFO:root:Epoch: 94, Validation loss: 0.0018925172
INFO:root:Epoch: 95, Train loss: 0.0015061276
INFO:root:Epoch: 95, Validation loss: 0.0025082103
INFO:root:Epoch: 96, Train loss: 0.0012771508
INFO:root:Epoch: 96, Validation loss: 0.0038255702
INFO:root:Epoch: 97, Train loss: 0.002047024
INFO:root:Epoch: 97, Validation loss: 0.0016319967
INFO:root:Epoch: 98, Train loss: 0.0013453532
INFO:root:Epoch: 98, Validation loss: 0.0014988839
INFO:root:Epoch: 99, Train loss: 0.0011042752
INFO:root:Epoch: 99, Validation loss: 0.0016695266
INFO:root:Training from ep 0 to ep 100 finished
INFO:root:Best epoch: 92
