INFO:root:Started
INFO:root:Epoch: 0, Train loss: 3.7005587, Train Acc: 0.06376263
INFO:root:Epoch: 0, Validation loss: 3.5879228, Validation Acc: 0.075520836
INFO:root:Epoch: 1, Train loss: 3.3893673, Train Acc: 0.0988005
INFO:root:Epoch: 1, Validation loss: 3.3984458, Validation Acc: 0.114583336
INFO:root:Epoch: 2, Train loss: 3.251464, Train Acc: 0.13825758
INFO:root:Epoch: 2, Validation loss: 3.386266, Validation Acc: 0.114583336
INFO:root:Epoch: 3, Train loss: 3.1270847, Train Acc: 0.16729797
INFO:root:Epoch: 3, Validation loss: 3.5795524, Validation Acc: 0.052083332
INFO:root:Epoch: 4, Train loss: 3.014694, Train Acc: 0.19981061
INFO:root:Epoch: 4, Validation loss: 3.4762013, Validation Acc: 0.109375
INFO:root:Epoch: 5, Train loss: 2.9101276, Train Acc: 0.21559343
INFO:root:Epoch: 5, Validation loss: 3.3337338, Validation Acc: 0.1328125
INFO:root:Epoch: 6, Train loss: 2.8138394, Train Acc: 0.24842171
INFO:root:Epoch: 6, Validation loss: 3.3642104, Validation Acc: 0.1328125
INFO:root:Epoch: 7, Train loss: 2.734633, Train Acc: 0.26294193
INFO:root:Epoch: 7, Validation loss: 3.3528814, Validation Acc: 0.12760417
INFO:root:Epoch: 8, Train loss: 2.6466706, Train Acc: 0.2834596
INFO:root:Epoch: 8, Validation loss: 3.4482794, Validation Acc: 0.1328125
INFO:root:Epoch: 9, Train loss: 2.556153, Train Acc: 0.30650252
INFO:root:Epoch: 9, Validation loss: 3.241152, Validation Acc: 0.1640625
INFO:root:Epoch: 10, Train loss: 2.46679, Train Acc: 0.3241793
INFO:root:Epoch: 10, Validation loss: 3.2531164, Validation Acc: 0.15364583
INFO:root:Epoch: 11, Train loss: 2.3779883, Train Acc: 0.3554293
INFO:root:Epoch: 11, Validation loss: 3.212555, Validation Acc: 0.1796875
INFO:root:Epoch: 12, Train loss: 2.3245442, Train Acc: 0.3633207
INFO:root:Epoch: 12, Validation loss: 3.105278, Validation Acc: 0.20052083
INFO:root:Epoch: 13, Train loss: 2.2786481, Train Acc: 0.37468433
INFO:root:Epoch: 13, Validation loss: 3.3304598, Validation Acc: 0.17708333
INFO:root:Epoch: 14, Train loss: 2.1546419, Train Acc: 0.39930555
INFO:root:Epoch: 14, Validation loss: 3.1767857, Validation Acc: 0.19010417
INFO:root:Epoch: 15, Train loss: 2.1759286, Train Acc: 0.40435606
INFO:root:Epoch: 15, Validation loss: 3.1894696, Validation Acc: 0.2109375
INFO:root:Epoch: 16, Train loss: 2.0312016, Train Acc: 0.426452
INFO:root:Epoch: 16, Validation loss: 3.1873753, Validation Acc: 0.203125
INFO:root:Epoch: 17, Train loss: 1.9966594, Train Acc: 0.4491793
INFO:root:Epoch: 17, Validation loss: 3.1433735, Validation Acc: 0.20052083
INFO:root:Epoch: 18, Train loss: 1.9218653, Train Acc: 0.46401516
INFO:root:Epoch: 18, Validation loss: 3.1576989, Validation Acc: 0.18229167
INFO:root:Epoch: 19, Train loss: 1.8407378, Train Acc: 0.4826389
INFO:root:Epoch: 19, Validation loss: 3.3078728, Validation Acc: 0.18229167
INFO:root:Epoch: 20, Train loss: 1.7824037, Train Acc: 0.4905303
INFO:root:Epoch: 20, Validation loss: 3.3124864, Validation Acc: 0.20052083
INFO:root:Epoch: 21, Train loss: 1.7518947, Train Acc: 0.5072601
INFO:root:Epoch: 21, Validation loss: 3.2305272, Validation Acc: 0.22395833
INFO:root:Epoch: 22, Train loss: 1.6988747, Train Acc: 0.52020204
INFO:root:Epoch: 22, Validation loss: 3.432562, Validation Acc: 0.17708333
INFO:root:Epoch: 23, Train loss: 1.6472961, Train Acc: 0.53188133
INFO:root:Epoch: 23, Validation loss: 3.4164314, Validation Acc: 0.20052083
INFO:root:Epoch: 24, Train loss: 1.6126515, Train Acc: 0.54608583
INFO:root:Epoch: 24, Validation loss: 3.3776855, Validation Acc: 0.203125
INFO:root:Epoch: 25, Train loss: 1.5906782, Train Acc: 0.5473485
INFO:root:Epoch: 25, Validation loss: 3.4317844, Validation Acc: 0.19010417
INFO:root:Epoch: 26, Train loss: 1.4934545, Train Acc: 0.57796717
INFO:root:Epoch: 26, Validation loss: 3.465991, Validation Acc: 0.22395833
INFO:root:Epoch: 27, Train loss: 1.4704306, Train Acc: 0.5823864
INFO:root:Epoch: 27, Validation loss: 3.3630416, Validation Acc: 0.22395833
INFO:root:Epoch: 28, Train loss: 1.4337748, Train Acc: 0.5899621
INFO:root:Epoch: 28, Validation loss: 3.463741, Validation Acc: 0.21614583
INFO:root:Epoch: 29, Train loss: 1.4003612, Train Acc: 0.59059346
INFO:root:Epoch: 29, Validation loss: 3.3051097, Validation Acc: 0.21614583
INFO:root:Training from ep 0 to ep 30 finished
INFO:root:Best epoch: 22
