INFO:root:Started
INFO:root:Epoch: 0, Train loss: 3.7385182, Train Acc: 0.051136363
INFO:root:Epoch: 0, Validation loss: 3.5930688, Validation Acc: 0.078125
INFO:root:Epoch: 1, Train loss: 3.4543092, Train Acc: 0.09564394
INFO:root:Epoch: 1, Validation loss: 3.621133, Validation Acc: 0.044270832
INFO:root:Epoch: 2, Train loss: 3.3147573, Train Acc: 0.12026515
INFO:root:Epoch: 2, Validation loss: 3.453985, Validation Acc: 0.111979164
INFO:root:Epoch: 3, Train loss: 3.1805487, Train Acc: 0.15719697
INFO:root:Epoch: 3, Validation loss: 3.3971465, Validation Acc: 0.09375
INFO:root:Epoch: 4, Train loss: 3.0704966, Train Acc: 0.17329545
INFO:root:Epoch: 4, Validation loss: 3.2665465, Validation Acc: 0.14583333
INFO:root:Epoch: 5, Train loss: 2.9761338, Train Acc: 0.19823232
INFO:root:Epoch: 5, Validation loss: 3.3082705, Validation Acc: 0.16666667
INFO:root:Epoch: 6, Train loss: 2.902275, Train Acc: 0.22411616
INFO:root:Epoch: 6, Validation loss: 3.3841183, Validation Acc: 0.114583336
INFO:root:Epoch: 7, Train loss: 2.790359, Train Acc: 0.24905303
INFO:root:Epoch: 7, Validation loss: 3.3159945, Validation Acc: 0.15104167
INFO:root:Epoch: 8, Train loss: 2.7106936, Train Acc: 0.26010102
INFO:root:Epoch: 8, Validation loss: 3.2599974, Validation Acc: 0.15104167
INFO:root:Epoch: 9, Train loss: 2.5837042, Train Acc: 0.30050504
INFO:root:Epoch: 9, Validation loss: 3.283099, Validation Acc: 0.17447917
INFO:root:Epoch: 10, Train loss: 2.5215325, Train Acc: 0.3096591
INFO:root:Epoch: 10, Validation loss: 3.1672866, Validation Acc: 0.16927083
INFO:root:Epoch: 11, Train loss: 2.4255917, Train Acc: 0.33301768
INFO:root:Epoch: 11, Validation loss: 3.3050783, Validation Acc: 0.1640625
INFO:root:Epoch: 12, Train loss: 2.3294017, Train Acc: 0.35669193
INFO:root:Epoch: 12, Validation loss: 3.180846, Validation Acc: 0.19791667
INFO:root:Epoch: 13, Train loss: 2.258083, Train Acc: 0.38289142
INFO:root:Epoch: 13, Validation loss: 3.243859, Validation Acc: 0.18489583
INFO:root:Epoch: 14, Train loss: 2.2407825, Train Acc: 0.3721591
INFO:root:Epoch: 14, Validation loss: 3.1663315, Validation Acc: 0.20052083
INFO:root:Epoch: 15, Train loss: 2.1401467, Train Acc: 0.40530303
INFO:root:Epoch: 15, Validation loss: 3.199803, Validation Acc: 0.18229167
INFO:root:Epoch: 16, Train loss: 2.0446217, Train Acc: 0.4214015
INFO:root:Epoch: 16, Validation loss: 3.176883, Validation Acc: 0.18489583
INFO:root:Epoch: 17, Train loss: 1.9821656, Train Acc: 0.45012626
INFO:root:Epoch: 17, Validation loss: 3.3188848, Validation Acc: 0.17708333
INFO:root:Epoch: 18, Train loss: 1.938905, Train Acc: 0.45801768
INFO:root:Epoch: 18, Validation loss: 3.123538, Validation Acc: 0.19791667
INFO:root:Epoch: 19, Train loss: 1.8785597, Train Acc: 0.47032827
INFO:root:Epoch: 19, Validation loss: 3.4904168, Validation Acc: 0.17447917
INFO:root:Epoch: 20, Train loss: 1.8468902, Train Acc: 0.47506315
INFO:root:Epoch: 20, Validation loss: 3.115164, Validation Acc: 0.24479167
INFO:root:Epoch: 21, Train loss: 1.7909279, Train Acc: 0.4943182
INFO:root:Epoch: 21, Validation loss: 3.2932444, Validation Acc: 0.20833333
INFO:root:Epoch: 22, Train loss: 1.712599, Train Acc: 0.5129419
INFO:root:Epoch: 22, Validation loss: 3.2841053, Validation Acc: 0.21354167
INFO:root:Epoch: 23, Train loss: 1.6420939, Train Acc: 0.53756315
INFO:root:Epoch: 23, Validation loss: 3.4604046, Validation Acc: 0.20572917
INFO:root:Epoch: 24, Train loss: 1.6146339, Train Acc: 0.5426136
INFO:root:Epoch: 24, Validation loss: 3.2981908, Validation Acc: 0.24739583
INFO:root:Epoch: 25, Train loss: 1.5600013, Train Acc: 0.5609217
INFO:root:Epoch: 25, Validation loss: 3.4224663, Validation Acc: 0.20833333
INFO:root:Epoch: 26, Train loss: 1.5337216, Train Acc: 0.55397725
INFO:root:Epoch: 26, Validation loss: 3.1604738, Validation Acc: 0.22135417
INFO:root:Epoch: 27, Train loss: 1.477769, Train Acc: 0.5675505
INFO:root:Epoch: 27, Validation loss: 3.2645214, Validation Acc: 0.22135417
INFO:root:Epoch: 28, Train loss: 1.4677941, Train Acc: 0.59438133
INFO:root:Epoch: 28, Validation loss: 3.3278275, Validation Acc: 0.234375
INFO:root:Epoch: 29, Train loss: 1.4072129, Train Acc: 0.5950126
INFO:root:Epoch: 29, Validation loss: 3.301074, Validation Acc: 0.2265625
INFO:root:Training from ep 0 to ep 30 finished
INFO:root:Best epoch: 25
