INFO:root:Started
INFO:root:Epoch: 0, Train loss: 0.015479974
INFO:root:Epoch: 0, Validation loss: 0.0010157725
INFO:root:Epoch: 1, Train loss: 0.0005916505
INFO:root:Epoch: 1, Validation loss: 0.00025411232
INFO:root:Epoch: 2, Train loss: 0.00024792276
INFO:root:Epoch: 2, Validation loss: 0.0001622674
INFO:root:Epoch: 3, Train loss: 0.0001642929
INFO:root:Epoch: 3, Validation loss: 0.00014122088
INFO:root:Epoch: 4, Train loss: 0.000119063065
INFO:root:Epoch: 4, Validation loss: 7.844346e-05
INFO:root:Epoch: 5, Train loss: 9.2084214e-05
INFO:root:Epoch: 5, Validation loss: 6.6052475e-05
INFO:root:Epoch: 6, Train loss: 7.429319e-05
INFO:root:Epoch: 6, Validation loss: 4.9378068e-05
INFO:root:Epoch: 7, Train loss: 6.362245e-05
INFO:root:Epoch: 7, Validation loss: 4.3007476e-05
INFO:root:Epoch: 8, Train loss: 5.1813182e-05
INFO:root:Epoch: 8, Validation loss: 2.8156015e-05
INFO:root:Epoch: 9, Train loss: 5.0173363e-05
INFO:root:Epoch: 9, Validation loss: 3.6550053e-05
INFO:root:Epoch: 10, Train loss: 3.5955556e-05
INFO:root:Epoch: 10, Validation loss: 2.0727099e-05
INFO:root:Epoch: 11, Train loss: 3.39407e-05
INFO:root:Epoch: 11, Validation loss: 2.4400222e-05
INFO:root:Epoch: 12, Train loss: 3.2548534e-05
INFO:root:Epoch: 12, Validation loss: 1.8065215e-05
INFO:root:Epoch: 13, Train loss: 3.294741e-05
INFO:root:Epoch: 13, Validation loss: 2.230343e-05
INFO:root:Epoch: 14, Train loss: 3.014547e-05
INFO:root:Epoch: 14, Validation loss: 1.4953571e-05
INFO:root:Epoch: 15, Train loss: 2.4634664e-05
INFO:root:Epoch: 15, Validation loss: 1.1456317e-05
INFO:root:Epoch: 16, Train loss: 1.9293962e-05
INFO:root:Epoch: 16, Validation loss: 1.1007951e-05
INFO:root:Epoch: 17, Train loss: 1.9440049e-05
INFO:root:Epoch: 17, Validation loss: 1.0356981e-05
INFO:root:Epoch: 18, Train loss: 1.5204103e-05
INFO:root:Epoch: 18, Validation loss: 9.25617e-06
INFO:root:Epoch: 19, Train loss: 1.5309315e-05
INFO:root:Epoch: 19, Validation loss: 1.1078752e-05
INFO:root:Epoch: 20, Train loss: 1.29455075e-05
INFO:root:Epoch: 20, Validation loss: 4.54323e-06
INFO:root:Epoch: 21, Train loss: 1.034999e-05
INFO:root:Epoch: 21, Validation loss: 5.38588e-06
INFO:root:Epoch: 22, Train loss: 9.606886e-06
INFO:root:Epoch: 22, Validation loss: 6.4408127e-06
INFO:root:Epoch: 23, Train loss: 1.0441704e-05
INFO:root:Epoch: 23, Validation loss: 2.808544e-06
INFO:root:Epoch: 24, Train loss: 8.413739e-06
INFO:root:Epoch: 24, Validation loss: 5.0376902e-06
INFO:root:Epoch: 25, Train loss: 7.75308e-06
INFO:root:Epoch: 25, Validation loss: 3.2916842e-06
INFO:root:Epoch: 26, Train loss: 6.4979035e-06
INFO:root:Epoch: 26, Validation loss: 2.7785172e-06
INFO:root:Epoch: 27, Train loss: 5.729172e-06
INFO:root:Epoch: 27, Validation loss: 9.878053e-06
INFO:root:Epoch: 28, Train loss: 5.9969775e-06
INFO:root:Epoch: 28, Validation loss: 2.2435813e-06
INFO:root:Epoch: 29, Train loss: 8.242085e-06
INFO:root:Epoch: 29, Validation loss: 8.9294645e-06
INFO:root:Epoch: 30, Train loss: 5.872689e-06
INFO:root:Epoch: 30, Validation loss: 2.9625346e-06
INFO:root:Epoch: 31, Train loss: 5.967507e-06
INFO:root:Epoch: 31, Validation loss: 4.5127567e-06
INFO:root:Epoch: 32, Train loss: 6.147989e-06
INFO:root:Epoch: 32, Validation loss: 3.0777016e-06
INFO:root:Epoch: 33, Train loss: 6.6502594e-06
INFO:root:Epoch: 33, Validation loss: 8.136576e-06
INFO:root:Epoch: 34, Train loss: 1.06330435e-05
INFO:root:Epoch: 34, Validation loss: 3.972059e-06
INFO:root:Epoch: 35, Train loss: 6.7453607e-06
INFO:root:Epoch: 35, Validation loss: 1.245349e-06
INFO:root:Epoch: 36, Train loss: 1.3265227e-05
INFO:root:Epoch: 36, Validation loss: 2.8651482e-06
INFO:root:Epoch: 37, Train loss: 1.4724539e-05
INFO:root:Epoch: 37, Validation loss: 3.535646e-07
INFO:root:Epoch: 38, Train loss: 3.7043326e-06
INFO:root:Epoch: 38, Validation loss: 1.4835479e-06
INFO:root:Epoch: 39, Train loss: 6.626547e-06
INFO:root:Epoch: 39, Validation loss: 5.7529887e-06
INFO:root:Epoch: 40, Train loss: 7.447396e-06
INFO:root:Epoch: 40, Validation loss: 1.3532815e-06
INFO:root:Epoch: 41, Train loss: 1.0325137e-05
INFO:root:Epoch: 41, Validation loss: 3.6094511e-06
INFO:root:Epoch: 42, Train loss: 6.1313685e-06
INFO:root:Epoch: 42, Validation loss: 3.8225853e-06
INFO:root:Epoch: 43, Train loss: 6.960338e-06
INFO:root:Epoch: 43, Validation loss: 1.6019109e-06
INFO:root:Epoch: 44, Train loss: 6.343663e-06
INFO:root:Epoch: 44, Validation loss: 5.0263757e-06
INFO:root:Epoch: 45, Train loss: 5.9037093e-06
INFO:root:Epoch: 45, Validation loss: 2.6401783e-06
INFO:root:Epoch: 46, Train loss: 8.944568e-06
INFO:root:Epoch: 46, Validation loss: 8.466989e-06
INFO:root:Epoch: 47, Train loss: 3.767002e-06
INFO:root:Epoch: 47, Validation loss: 2.0794296e-05
INFO:root:Epoch: 48, Train loss: 1.1947262e-05
INFO:root:Epoch: 48, Validation loss: 2.7949466e-06
INFO:root:Epoch: 49, Train loss: 6.5953373e-06
INFO:root:Epoch: 49, Validation loss: 4.305491e-06
INFO:root:Epoch: 50, Train loss: 4.841439e-06
INFO:root:Epoch: 50, Validation loss: 6.9521407e-06
INFO:root:Epoch: 51, Train loss: 7.2963353e-06
INFO:root:Epoch: 51, Validation loss: 0.0012243959
INFO:root:Epoch: 52, Train loss: 9.3333465e-06
INFO:root:Epoch: 52, Validation loss: 8.593791e-07
INFO:root:Epoch: 53, Train loss: 5.424904e-06
INFO:root:Epoch: 53, Validation loss: 1.6496702e-05
INFO:root:Epoch: 54, Train loss: 5.0048325e-06
INFO:root:Epoch: 54, Validation loss: 4.067047e-06
INFO:root:Epoch: 55, Train loss: 3.9531324e-06
INFO:root:Epoch: 55, Validation loss: 6.1872706e-06
INFO:root:Epoch: 56, Train loss: 6.266333e-06
INFO:root:Epoch: 56, Validation loss: 9.249707e-06
INFO:root:Epoch: 57, Train loss: 2.372811e-06
INFO:root:Epoch: 57, Validation loss: 4.022591e-06
INFO:root:Epoch: 58, Train loss: 5.3070053e-06
INFO:root:Epoch: 58, Validation loss: 1.1981989e-06
INFO:root:Epoch: 59, Train loss: 1.542987e-06
INFO:root:Epoch: 59, Validation loss: 5.450482e-07
INFO:root:Epoch: 60, Train loss: 4.2354945e-06
INFO:root:Epoch: 60, Validation loss: 2.3450436e-06
INFO:root:Epoch: 61, Train loss: 1.2835931e-06
INFO:root:Epoch: 61, Validation loss: 1.1995372e-06
INFO:root:Epoch: 62, Train loss: 1.3513331e-06
INFO:root:Epoch: 62, Validation loss: 6.1635974e-06
INFO:root:Epoch: 63, Train loss: 1.4153032e-06
INFO:root:Epoch: 63, Validation loss: 4.8954894e-07
INFO:root:Epoch: 64, Train loss: 1.1313833e-06
INFO:root:Epoch: 64, Validation loss: 2.4559338e-06
INFO:root:Epoch: 65, Train loss: 1.676301e-06
INFO:root:Epoch: 65, Validation loss: 1.9471586e-06
INFO:root:Epoch: 66, Train loss: 2.4963344e-07
INFO:root:Epoch: 66, Validation loss: 2.6418505e-07
INFO:root:Epoch: 67, Train loss: 1.6339875e-07
INFO:root:Epoch: 67, Validation loss: 5.0791147e-08
INFO:root:Epoch: 68, Train loss: 1.5939106e-07
INFO:root:Epoch: 68, Validation loss: 1.2669209e-07
INFO:root:Epoch: 69, Train loss: 3.155777e-08
INFO:root:Epoch: 69, Validation loss: 7.895265e-08
INFO:root:Epoch: 70, Train loss: 7.0347227e-07
INFO:root:Epoch: 70, Validation loss: 3.0822605e-06
INFO:root:Epoch: 71, Train loss: 2.5809055e-07
INFO:root:Epoch: 71, Validation loss: 7.171648e-08
INFO:root:Epoch: 72, Train loss: 1.3875122e-08
INFO:root:Epoch: 72, Validation loss: 8.7774445e-09
INFO:root:Epoch: 73, Train loss: 8.224083e-09
INFO:root:Epoch: 73, Validation loss: 3.7465173e-09
INFO:root:Epoch: 74, Train loss: 3.5297036e-09
INFO:root:Epoch: 74, Validation loss: 2.3877769e-09
INFO:root:Epoch: 75, Train loss: 2.5084541e-09
INFO:root:Epoch: 75, Validation loss: 1.397643e-09
INFO:root:Epoch: 76, Train loss: 1.2357652e-10
INFO:root:Epoch: 76, Validation loss: 3.7418645e-11
INFO:root:Epoch: 77, Train loss: 5.883179e-11
INFO:root:Epoch: 77, Validation loss: 2.707788e-11
INFO:root:Epoch: 78, Train loss: 4.0824132e-11
INFO:root:Epoch: 78, Validation loss: 2.026874e-11
INFO:root:Epoch: 79, Train loss: 2.4064533e-11
INFO:root:Epoch: 79, Validation loss: 8.955781e-12
INFO:root:Epoch: 80, Train loss: 3.767092e-12
INFO:root:Epoch: 80, Validation loss: 1.9741023e-12
INFO:root:Epoch: 81, Train loss: 1.183427e-12
INFO:root:Epoch: 81, Validation loss: 7.348119e-13
INFO:root:Epoch: 82, Train loss: 4.1665253e-13
INFO:root:Epoch: 82, Validation loss: 2.399831e-13
INFO:root:Epoch: 83, Train loss: 1.5688498e-13
INFO:root:Epoch: 83, Validation loss: 9.379564e-14
INFO:root:Epoch: 84, Train loss: 6.262314e-14
INFO:root:Epoch: 84, Validation loss: 3.7812462e-14
INFO:root:Epoch: 85, Train loss: 2.5072929e-14
INFO:root:Epoch: 85, Validation loss: 1.5016835e-14
INFO:root:Epoch: 86, Train loss: 9.7612475e-15
INFO:root:Epoch: 86, Validation loss: 5.688091e-15
INFO:root:Epoch: 87, Train loss: 3.6178234e-15
INFO:root:Epoch: 87, Validation loss: 2.0441217e-15
INFO:root:Epoch: 88, Train loss: 1.2665224e-15
INFO:root:Epoch: 88, Validation loss: 6.92098e-16
INFO:root:Epoch: 89, Train loss: 4.16319e-16
INFO:root:Epoch: 89, Validation loss: 2.1884593e-16
INFO:root:Epoch: 90, Train loss: 1.2760955e-16
INFO:root:Epoch: 90, Validation loss: 6.4138824e-17
INFO:root:Epoch: 91, Train loss: 3.6196193e-17
INFO:root:Epoch: 91, Validation loss: 1.7314103e-17
INFO:root:Epoch: 92, Train loss: 9.442993e-18
INFO:root:Epoch: 92, Validation loss: 4.2768666e-18
INFO:root:Epoch: 93, Train loss: 2.2499842e-18
INFO:root:Epoch: 93, Validation loss: 9.597824e-19
INFO:root:Epoch: 94, Train loss: 4.859033e-19
INFO:root:Epoch: 94, Validation loss: 1.9405627e-19
INFO:root:Epoch: 95, Train loss: 9.434438e-20
INFO:root:Epoch: 95, Validation loss: 3.50541e-20
INFO:root:Epoch: 96, Train loss: 1.6329941e-20
INFO:root:Epoch: 96, Validation loss: 5.606473e-21
INFO:root:Epoch: 97, Train loss: 2.4971904e-21
INFO:root:Epoch: 97, Validation loss: 7.864176e-22
INFO:root:Epoch: 98, Train loss: 3.3419447e-22
INFO:root:Epoch: 98, Validation loss: 9.577215e-23
INFO:root:Epoch: 99, Train loss: 3.874902e-23
INFO:root:Epoch: 99, Validation loss: 1.0017968e-23
INFO:root:Training from ep 0 to ep 100 finished
INFO:root:Best epoch: 100
