INFO:root:Started
INFO:root:Epoch: 0, Train loss: 3.902555, Train Acc: 0.027462121
INFO:root:Epoch: 0, Validation loss: 3.7930415, Validation Acc: 0.026041666
INFO:root:Epoch: 1, Train loss: 3.7210038, Train Acc: 0.065025255
INFO:root:Epoch: 1, Validation loss: 3.677006, Validation Acc: 0.0625
INFO:root:Epoch: 2, Train loss: 3.5884008, Train Acc: 0.077020206
INFO:root:Epoch: 2, Validation loss: 3.6041539, Validation Acc: 0.0625
INFO:root:Epoch: 3, Train loss: 3.509203, Train Acc: 0.084911615
INFO:root:Epoch: 3, Validation loss: 3.576041, Validation Acc: 0.0859375
INFO:root:Epoch: 4, Train loss: 3.4558873, Train Acc: 0.09501263
INFO:root:Epoch: 4, Validation loss: 3.4856627, Validation Acc: 0.096354164
INFO:root:Epoch: 5, Train loss: 3.4145553, Train Acc: 0.09848485
INFO:root:Epoch: 5, Validation loss: 3.52487, Validation Acc: 0.119791664
INFO:root:Epoch: 6, Train loss: 3.3762827, Train Acc: 0.11237374
INFO:root:Epoch: 6, Validation loss: 3.4901583, Validation Acc: 0.075520836
INFO:root:Epoch: 7, Train loss: 3.3337202, Train Acc: 0.121843435
INFO:root:Epoch: 7, Validation loss: 3.5349395, Validation Acc: 0.1171875
INFO:root:Epoch: 8, Train loss: 3.3026063, Train Acc: 0.12436869
INFO:root:Epoch: 8, Validation loss: 3.5004523, Validation Acc: 0.098958336
INFO:root:Epoch: 9, Train loss: 3.2451487, Train Acc: 0.13825758
INFO:root:Epoch: 9, Validation loss: 3.5777645, Validation Acc: 0.083333336
INFO:root:Epoch: 10, Train loss: 3.2203462, Train Acc: 0.1423611
INFO:root:Epoch: 10, Validation loss: 3.5152473, Validation Acc: 0.104166664
INFO:root:Epoch: 11, Train loss: 3.191037, Train Acc: 0.16003788
INFO:root:Epoch: 11, Validation loss: 3.4965417, Validation Acc: 0.111979164
INFO:root:Epoch: 12, Train loss: 3.1778777, Train Acc: 0.14646465
INFO:root:Epoch: 12, Validation loss: 3.5000098, Validation Acc: 0.109375
INFO:root:Epoch: 13, Train loss: 3.1181238, Train Acc: 0.1657197
INFO:root:Epoch: 13, Validation loss: 3.4849703, Validation Acc: 0.1328125
INFO:root:Epoch: 14, Train loss: 3.1164143, Train Acc: 0.1707702
INFO:root:Epoch: 14, Validation loss: 3.419955, Validation Acc: 0.083333336
INFO:root:Epoch: 15, Train loss: 3.083107, Train Acc: 0.17424242
INFO:root:Epoch: 15, Validation loss: 3.4060004, Validation Acc: 0.104166664
INFO:root:Epoch: 16, Train loss: 3.0420103, Train Acc: 0.18181819
INFO:root:Epoch: 16, Validation loss: 3.4868214, Validation Acc: 0.1171875
INFO:root:Epoch: 17, Train loss: 3.011045, Train Acc: 0.19318181
INFO:root:Epoch: 17, Validation loss: 3.4624207, Validation Acc: 0.119791664
INFO:root:Epoch: 18, Train loss: 2.963114, Train Acc: 0.19886364
INFO:root:Epoch: 18, Validation loss: 3.4420264, Validation Acc: 0.119791664
INFO:root:Epoch: 19, Train loss: 2.9545202, Train Acc: 0.20454545
INFO:root:Epoch: 19, Validation loss: 3.4213889, Validation Acc: 0.122395836
INFO:root:Epoch: 20, Train loss: 2.9104888, Train Acc: 0.22127526
INFO:root:Epoch: 20, Validation loss: 3.3660505, Validation Acc: 0.15885417
INFO:root:Epoch: 21, Train loss: 2.9003148, Train Acc: 0.22253788
INFO:root:Epoch: 21, Validation loss: 3.3664534, Validation Acc: 0.13020833
INFO:root:Epoch: 22, Train loss: 2.8173733, Train Acc: 0.24747474
INFO:root:Epoch: 22, Validation loss: 3.417796, Validation Acc: 0.12760417
INFO:root:Epoch: 23, Train loss: 2.812433, Train Acc: 0.24368687
INFO:root:Epoch: 23, Validation loss: 3.3810012, Validation Acc: 0.109375
INFO:root:Epoch: 24, Train loss: 2.772417, Train Acc: 0.25757575
INFO:root:Epoch: 24, Validation loss: 3.4025764, Validation Acc: 0.1328125
INFO:root:Epoch: 25, Train loss: 2.739136, Train Acc: 0.25473484
INFO:root:Epoch: 25, Validation loss: 3.3577092, Validation Acc: 0.13802083
INFO:root:Epoch: 26, Train loss: 2.7430322, Train Acc: 0.2556818
INFO:root:Epoch: 26, Validation loss: 3.335655, Validation Acc: 0.1484375
INFO:root:Epoch: 27, Train loss: 2.6846442, Train Acc: 0.27651516
INFO:root:Epoch: 27, Validation loss: 3.401981, Validation Acc: 0.140625
INFO:root:Epoch: 28, Train loss: 2.6605823, Train Acc: 0.2784091
INFO:root:Epoch: 28, Validation loss: 3.3648398, Validation Acc: 0.140625
INFO:root:Epoch: 29, Train loss: 2.6256251, Train Acc: 0.29166666
INFO:root:Epoch: 29, Validation loss: 3.3647947, Validation Acc: 0.1328125
INFO:root:Epoch: 30, Train loss: 2.5855002, Train Acc: 0.30271465
INFO:root:Epoch: 30, Validation loss: 3.43416, Validation Acc: 0.13541667
INFO:root:Epoch: 31, Train loss: 2.5890207, Train Acc: 0.29703283
INFO:root:Epoch: 31, Validation loss: 3.4271915, Validation Acc: 0.122395836
INFO:root:Epoch: 32, Train loss: 2.527562, Train Acc: 0.3125
INFO:root:Epoch: 32, Validation loss: 3.3969562, Validation Acc: 0.15625
INFO:root:Epoch: 33, Train loss: 2.5351555, Train Acc: 0.31155303
INFO:root:Epoch: 33, Validation loss: 3.4840462, Validation Acc: 0.114583336
INFO:root:Epoch: 34, Train loss: 2.4810216, Train Acc: 0.32165405
INFO:root:Epoch: 34, Validation loss: 3.4685907, Validation Acc: 0.109375
INFO:root:Epoch: 35, Train loss: 2.4695227, Train Acc: 0.32670453
INFO:root:Epoch: 35, Validation loss: 3.4508808, Validation Acc: 0.1328125
INFO:root:Epoch: 36, Train loss: 2.4171453, Train Acc: 0.33743685
INFO:root:Epoch: 36, Validation loss: 3.431466, Validation Acc: 0.140625
INFO:root:Epoch: 37, Train loss: 2.3921607, Train Acc: 0.34185606
INFO:root:Epoch: 37, Validation loss: 3.4181, Validation Acc: 0.15625
INFO:root:Epoch: 38, Train loss: 2.3594615, Train Acc: 0.3488005
INFO:root:Epoch: 38, Validation loss: 3.54037, Validation Acc: 0.140625
INFO:root:Epoch: 39, Train loss: 2.3629506, Train Acc: 0.34217173
INFO:root:Epoch: 39, Validation loss: 3.4743278, Validation Acc: 0.125
INFO:root:Epoch: 40, Train loss: 2.3224602, Train Acc: 0.34785354
INFO:root:Epoch: 40, Validation loss: 3.399893, Validation Acc: 0.15104167
INFO:root:Epoch: 41, Train loss: 2.298089, Train Acc: 0.36489898
INFO:root:Epoch: 41, Validation loss: 3.6137722, Validation Acc: 0.109375
INFO:root:Epoch: 42, Train loss: 2.2865489, Train Acc: 0.36805555
INFO:root:Epoch: 42, Validation loss: 3.4538603, Validation Acc: 0.14322917
INFO:root:Epoch: 43, Train loss: 2.2590911, Train Acc: 0.37405303
INFO:root:Epoch: 43, Validation loss: 3.4946454, Validation Acc: 0.14322917
INFO:root:Epoch: 44, Train loss: 2.2589417, Train Acc: 0.37058082
INFO:root:Epoch: 44, Validation loss: 3.4275606, Validation Acc: 0.125
INFO:root:Epoch: 45, Train loss: 2.1984057, Train Acc: 0.39488637
INFO:root:Epoch: 45, Validation loss: 3.533262, Validation Acc: 0.15364583
INFO:root:Epoch: 46, Train loss: 2.1783602, Train Acc: 0.39646465
INFO:root:Epoch: 46, Validation loss: 3.4576082, Validation Acc: 0.15104167
INFO:root:Epoch: 47, Train loss: 2.1920407, Train Acc: 0.4040404
INFO:root:Epoch: 47, Validation loss: 3.5709689, Validation Acc: 0.1484375
INFO:root:Epoch: 48, Train loss: 2.1289182, Train Acc: 0.39835858
INFO:root:Epoch: 48, Validation loss: 3.491615, Validation Acc: 0.16145833
INFO:root:Epoch: 49, Train loss: 2.1052768, Train Acc: 0.4214015
INFO:root:Epoch: 49, Validation loss: 3.6021554, Validation Acc: 0.15364583
INFO:root:Epoch: 50, Train loss: 2.0962183, Train Acc: 0.41066918
INFO:root:Epoch: 50, Validation loss: 3.5540273, Validation Acc: 0.13541667
INFO:root:Epoch: 51, Train loss: 2.067971, Train Acc: 0.40625
INFO:root:Epoch: 51, Validation loss: 3.5182343, Validation Acc: 0.14583333
INFO:root:Epoch: 52, Train loss: 2.0470533, Train Acc: 0.43087122
INFO:root:Epoch: 52, Validation loss: 3.6780307, Validation Acc: 0.140625
INFO:root:Epoch: 53, Train loss: 2.0413299, Train Acc: 0.42771465
INFO:root:Epoch: 53, Validation loss: 3.5511808, Validation Acc: 0.15364583
INFO:root:Epoch: 54, Train loss: 2.0054634, Train Acc: 0.43907827
INFO:root:Epoch: 54, Validation loss: 3.4407597, Validation Acc: 0.18229167
INFO:root:Epoch: 55, Train loss: 1.969025, Train Acc: 0.4397096
INFO:root:Epoch: 55, Validation loss: 3.5609305, Validation Acc: 0.16145833
INFO:root:Epoch: 56, Train loss: 1.9674135, Train Acc: 0.4498106
INFO:root:Epoch: 56, Validation loss: 3.5863132, Validation Acc: 0.15625
INFO:root:Epoch: 57, Train loss: 1.9298396, Train Acc: 0.45328283
INFO:root:Epoch: 57, Validation loss: 3.6055071, Validation Acc: 0.1640625
INFO:root:Epoch: 58, Train loss: 1.9397719, Train Acc: 0.4535985
INFO:root:Epoch: 58, Validation loss: 3.5161886, Validation Acc: 0.1796875
INFO:root:Epoch: 59, Train loss: 1.9126118, Train Acc: 0.45864898
INFO:root:Epoch: 59, Validation loss: 3.5524092, Validation Acc: 0.15625
INFO:root:Training from ep 0 to ep 60 finished
INFO:root:Best epoch: 55
