INFO:root:Started
INFO:root:Epoch: 0, Train loss: 10.676531
INFO:root:Epoch: 0, Validation loss: 35.97526
INFO:root:Epoch: 1, Train loss: 6.194388
INFO:root:Epoch: 1, Validation loss: 42.0239
INFO:root:Epoch: 2, Train loss: 5.4066286
INFO:root:Epoch: 2, Validation loss: 25.874937
INFO:root:Epoch: 3, Train loss: 4.679223
INFO:root:Epoch: 3, Validation loss: 27.605354
INFO:root:Epoch: 4, Train loss: 4.1169963
INFO:root:Epoch: 4, Validation loss: 30.829014
INFO:root:Epoch: 5, Train loss: 3.797045
INFO:root:Epoch: 5, Validation loss: 28.998564
INFO:root:Epoch: 6, Train loss: 3.6194432
INFO:root:Epoch: 6, Validation loss: 27.829092
INFO:root:Epoch: 7, Train loss: 3.513962
INFO:root:Epoch: 7, Validation loss: 29.503298
INFO:root:Epoch: 8, Train loss: 3.464095
INFO:root:Epoch: 8, Validation loss: 30.906197
INFO:root:Epoch: 9, Train loss: 3.4101956
INFO:root:Epoch: 9, Validation loss: 33.500237
INFO:root:Epoch: 10, Train loss: 3.3699434
INFO:root:Epoch: 10, Validation loss: 34.874245
INFO:root:Epoch: 11, Train loss: 3.320609
INFO:root:Epoch: 11, Validation loss: 31.779636
INFO:root:Epoch: 12, Train loss: 3.283993
INFO:root:Epoch: 12, Validation loss: 32.891136
INFO:root:Epoch: 13, Train loss: 3.2514412
INFO:root:Epoch: 13, Validation loss: 28.71389
INFO:root:Epoch: 14, Train loss: 3.2349303
INFO:root:Epoch: 14, Validation loss: 31.27304
INFO:root:Epoch: 15, Train loss: 3.2212372
INFO:root:Epoch: 15, Validation loss: 28.857279
INFO:root:Epoch: 16, Train loss: 3.2072742
INFO:root:Epoch: 16, Validation loss: 30.07848
INFO:root:Epoch: 17, Train loss: 3.197924
INFO:root:Epoch: 17, Validation loss: 32.80582
INFO:root:Epoch: 18, Train loss: 4.2447653
INFO:root:Epoch: 18, Validation loss: 10.516943
INFO:root:Epoch: 19, Train loss: 3.1683884
INFO:root:Epoch: 19, Validation loss: 13.680078
INFO:root:Epoch: 20, Train loss: 3.0945861
INFO:root:Epoch: 20, Validation loss: 15.971948
INFO:root:Epoch: 21, Train loss: 3.0852628
INFO:root:Epoch: 21, Validation loss: 17.641544
INFO:root:Epoch: 22, Train loss: 3.051201
INFO:root:Epoch: 22, Validation loss: 16.517174
INFO:root:Epoch: 23, Train loss: 3.0387912
INFO:root:Epoch: 23, Validation loss: 16.96882
INFO:root:Epoch: 24, Train loss: 3.0229104
INFO:root:Epoch: 24, Validation loss: 19.00184
INFO:root:Epoch: 25, Train loss: 2.9942422
INFO:root:Epoch: 25, Validation loss: 18.25407
INFO:root:Epoch: 26, Train loss: 2.9453955
INFO:root:Epoch: 26, Validation loss: 18.519245
INFO:root:Epoch: 27, Train loss: 2.89628
INFO:root:Epoch: 27, Validation loss: 19.6509
INFO:root:Epoch: 28, Train loss: 2.8834763
INFO:root:Epoch: 28, Validation loss: 19.7543
INFO:root:Epoch: 29, Train loss: 2.8801646
INFO:root:Epoch: 29, Validation loss: 20.529234
INFO:root:Epoch: 30, Train loss: 2.8647819
INFO:root:Epoch: 30, Validation loss: 21.991709
INFO:root:Epoch: 31, Train loss: 2.8618195
INFO:root:Epoch: 31, Validation loss: 20.659433
INFO:root:Epoch: 32, Train loss: 2.8635333
INFO:root:Epoch: 32, Validation loss: 20.230839
INFO:root:Epoch: 33, Train loss: 2.8519075
INFO:root:Epoch: 33, Validation loss: 22.807701
INFO:root:Epoch: 34, Train loss: 2.8518226
INFO:root:Epoch: 34, Validation loss: 23.018911
INFO:root:Epoch: 35, Train loss: 2.8392897
INFO:root:Epoch: 35, Validation loss: 23.923613
INFO:root:Epoch: 36, Train loss: 2.836107
INFO:root:Epoch: 36, Validation loss: 21.025211
INFO:root:Epoch: 37, Train loss: 2.8336468
INFO:root:Epoch: 37, Validation loss: 20.588377
INFO:root:Epoch: 38, Train loss: 2.8462567
INFO:root:Epoch: 38, Validation loss: 20.030285
INFO:root:Epoch: 39, Train loss: 2.836571
INFO:root:Epoch: 39, Validation loss: 21.53217
INFO:root:Epoch: 40, Train loss: 2.8244236
INFO:root:Epoch: 40, Validation loss: 18.94474
INFO:root:Epoch: 41, Train loss: 2.8235972
INFO:root:Epoch: 41, Validation loss: 18.769167
INFO:root:Epoch: 42, Train loss: 2.8156505
INFO:root:Epoch: 42, Validation loss: 18.77216
INFO:root:Epoch: 43, Train loss: 2.8085926
INFO:root:Epoch: 43, Validation loss: 17.80409
INFO:root:Epoch: 44, Train loss: 2.8044953
INFO:root:Epoch: 44, Validation loss: 15.503298
INFO:root:Epoch: 45, Train loss: 4.2938843
INFO:root:Epoch: 45, Validation loss: 10.079668
INFO:root:Epoch: 46, Train loss: 2.974124
INFO:root:Epoch: 46, Validation loss: 14.525262
INFO:root:Epoch: 47, Train loss: 2.892097
INFO:root:Epoch: 47, Validation loss: 17.064745
INFO:root:Epoch: 48, Train loss: 2.8599446
INFO:root:Epoch: 48, Validation loss: 16.429651
INFO:root:Epoch: 49, Train loss: 2.8443658
INFO:root:Epoch: 49, Validation loss: 19.227776
INFO:root:Epoch: 50, Train loss: 2.8324573
INFO:root:Epoch: 50, Validation loss: 16.966722
INFO:root:Epoch: 51, Train loss: 2.8346574
INFO:root:Epoch: 51, Validation loss: 19.881428
INFO:root:Epoch: 52, Train loss: 2.8249042
INFO:root:Epoch: 52, Validation loss: 18.457438
INFO:root:Epoch: 53, Train loss: 2.8212047
INFO:root:Epoch: 53, Validation loss: 20.893782
INFO:root:Epoch: 54, Train loss: 2.8078647
INFO:root:Epoch: 54, Validation loss: 19.798012
INFO:root:Epoch: 55, Train loss: 2.8026288
INFO:root:Epoch: 55, Validation loss: 19.953516
INFO:root:Epoch: 56, Train loss: 2.808875
INFO:root:Epoch: 56, Validation loss: 16.641397
INFO:root:Epoch: 57, Train loss: 2.7997055
INFO:root:Epoch: 57, Validation loss: 19.265896
INFO:root:Epoch: 58, Train loss: 2.7874808
INFO:root:Epoch: 58, Validation loss: 21.286587
INFO:root:Epoch: 59, Train loss: 2.793463
INFO:root:Epoch: 59, Validation loss: 22.299564
INFO:root:Epoch: 60, Train loss: 2.789978
INFO:root:Epoch: 60, Validation loss: 21.715374
INFO:root:Epoch: 61, Train loss: 2.7828887
INFO:root:Epoch: 61, Validation loss: 18.653852
INFO:root:Epoch: 62, Train loss: 2.7796204
INFO:root:Epoch: 62, Validation loss: 20.251154
INFO:root:Epoch: 63, Train loss: 2.7778249
INFO:root:Epoch: 63, Validation loss: 16.262001
INFO:root:Epoch: 64, Train loss: 2.7843575
INFO:root:Epoch: 64, Validation loss: 16.984127
INFO:root:Epoch: 65, Train loss: 2.777722
INFO:root:Epoch: 65, Validation loss: 17.887281
INFO:root:Epoch: 66, Train loss: 2.7782955
INFO:root:Epoch: 66, Validation loss: 14.6769085
INFO:root:Epoch: 67, Train loss: 2.77494
INFO:root:Epoch: 67, Validation loss: 15.560846
INFO:root:Epoch: 68, Train loss: 2.760105
INFO:root:Epoch: 68, Validation loss: 11.812081
INFO:root:Epoch: 69, Train loss: 2.766965
INFO:root:Epoch: 69, Validation loss: 11.500514
INFO:root:Epoch: 70, Train loss: 4.1358094
INFO:root:Epoch: 70, Validation loss: 10.326578
INFO:root:Epoch: 71, Train loss: 3.2394984
INFO:root:Epoch: 71, Validation loss: 8.975806
INFO:root:Epoch: 72, Train loss: 2.8957188
INFO:root:Epoch: 72, Validation loss: 9.12235
INFO:root:Epoch: 73, Train loss: 2.835783
INFO:root:Epoch: 73, Validation loss: 9.002157
INFO:root:Epoch: 74, Train loss: 2.8235652
INFO:root:Epoch: 74, Validation loss: 8.451406
INFO:root:Epoch: 75, Train loss: 2.7861848
INFO:root:Epoch: 75, Validation loss: 8.865361
INFO:root:Epoch: 76, Train loss: 2.7880905
INFO:root:Epoch: 76, Validation loss: 8.545112
INFO:root:Epoch: 77, Train loss: 2.7846394
INFO:root:Epoch: 77, Validation loss: 8.630673
INFO:root:Epoch: 78, Train loss: 2.7762916
INFO:root:Epoch: 78, Validation loss: 8.657986
INFO:root:Epoch: 79, Train loss: 2.769548
INFO:root:Epoch: 79, Validation loss: 8.139637
INFO:root:Epoch: 80, Train loss: 2.763647
INFO:root:Epoch: 80, Validation loss: 8.408797
INFO:root:Epoch: 81, Train loss: 2.763293
INFO:root:Epoch: 81, Validation loss: 9.417611
INFO:root:Epoch: 82, Train loss: 2.7610593
INFO:root:Epoch: 82, Validation loss: 8.279375
INFO:root:Epoch: 83, Train loss: 2.754322
INFO:root:Epoch: 83, Validation loss: 8.915134
INFO:root:Epoch: 84, Train loss: 2.7472434
INFO:root:Epoch: 84, Validation loss: 10.112112
INFO:root:Epoch: 85, Train loss: 2.7499537
INFO:root:Epoch: 85, Validation loss: 9.670379
INFO:root:Epoch: 86, Train loss: 2.73952
INFO:root:Epoch: 86, Validation loss: 9.2893715
INFO:root:Epoch: 87, Train loss: 2.7455943
INFO:root:Epoch: 87, Validation loss: 9.843286
INFO:root:Epoch: 88, Train loss: 2.7518806
INFO:root:Epoch: 88, Validation loss: 9.655086
INFO:root:Epoch: 89, Train loss: 4.1814404
INFO:root:Epoch: 89, Validation loss: 9.462312
INFO:root:Epoch: 90, Train loss: 3.6615045
INFO:root:Epoch: 90, Validation loss: 12.701764
INFO:root:Epoch: 91, Train loss: 3.0442069
INFO:root:Epoch: 91, Validation loss: 13.827304
INFO:root:Epoch: 92, Train loss: 2.9045353
INFO:root:Epoch: 92, Validation loss: 14.808471
INFO:root:Epoch: 93, Train loss: 2.8457863
INFO:root:Epoch: 93, Validation loss: 15.891993
INFO:root:Epoch: 94, Train loss: 2.826147
INFO:root:Epoch: 94, Validation loss: 15.332825
INFO:root:Epoch: 95, Train loss: 2.8040953
INFO:root:Epoch: 95, Validation loss: 15.964019
INFO:root:Epoch: 96, Train loss: 2.7937174
INFO:root:Epoch: 96, Validation loss: 15.515559
INFO:root:Epoch: 97, Train loss: 2.7927728
INFO:root:Epoch: 97, Validation loss: 17.259602
INFO:root:Epoch: 98, Train loss: 2.7774184
INFO:root:Epoch: 98, Validation loss: 16.468126
INFO:root:Epoch: 99, Train loss: 2.767597
INFO:root:Epoch: 99, Validation loss: 16.785763
INFO:root:Training from ep 0 to ep 100 finished
INFO:root:Best epoch: 80
