INFO:root:Started
INFO:root:Epoch: 0, Train loss: 3.9674432, Train Acc: 0.027777778
INFO:root:Epoch: 0, Validation loss: 3.758027, Validation Acc: 0.075520836
INFO:root:Epoch: 1, Train loss: 3.7224858, Train Acc: 0.057765152
INFO:root:Epoch: 1, Validation loss: 3.7224877, Validation Acc: 0.067708336
INFO:root:Epoch: 2, Train loss: 3.5798266, Train Acc: 0.07986111
INFO:root:Epoch: 2, Validation loss: 3.6144392, Validation Acc: 0.083333336
INFO:root:Epoch: 3, Train loss: 3.4938977, Train Acc: 0.091224745
INFO:root:Epoch: 3, Validation loss: 3.60515, Validation Acc: 0.072916664
INFO:root:Epoch: 4, Train loss: 3.3903465, Train Acc: 0.115530305
INFO:root:Epoch: 4, Validation loss: 3.4889746, Validation Acc: 0.0859375
INFO:root:Epoch: 5, Train loss: 3.3001842, Train Acc: 0.13699494
INFO:root:Epoch: 5, Validation loss: 3.5324173, Validation Acc: 0.080729164
INFO:root:Epoch: 6, Train loss: 3.205198, Train Acc: 0.15625
INFO:root:Epoch: 6, Validation loss: 3.5565472, Validation Acc: 0.104166664
INFO:root:Epoch: 7, Train loss: 3.136723, Train Acc: 0.16729797
INFO:root:Epoch: 7, Validation loss: 3.434583, Validation Acc: 0.1171875
INFO:root:Epoch: 8, Train loss: 3.0500574, Train Acc: 0.1875
INFO:root:Epoch: 8, Validation loss: 3.568983, Validation Acc: 0.109375
INFO:root:Epoch: 9, Train loss: 2.9307537, Train Acc: 0.21054293
INFO:root:Epoch: 9, Validation loss: 3.4485242, Validation Acc: 0.1328125
INFO:root:Epoch: 10, Train loss: 2.8610349, Train Acc: 0.23579545
INFO:root:Epoch: 10, Validation loss: 3.47348, Validation Acc: 0.098958336
INFO:root:Epoch: 11, Train loss: 2.7935898, Train Acc: 0.2588384
INFO:root:Epoch: 11, Validation loss: 3.4369934, Validation Acc: 0.140625
INFO:root:Epoch: 12, Train loss: 2.7452068, Train Acc: 0.26483586
INFO:root:Epoch: 12, Validation loss: 3.4197419, Validation Acc: 0.098958336
INFO:root:Epoch: 13, Train loss: 2.6460721, Train Acc: 0.2840909
INFO:root:Epoch: 13, Validation loss: 3.271883, Validation Acc: 0.1328125
INFO:root:Epoch: 14, Train loss: 2.5638125, Train Acc: 0.31944445
INFO:root:Epoch: 14, Validation loss: 3.364708, Validation Acc: 0.106770836
INFO:root:Epoch: 15, Train loss: 2.4844556, Train Acc: 0.31912878
INFO:root:Epoch: 15, Validation loss: 3.3605194, Validation Acc: 0.15885417
INFO:root:Epoch: 16, Train loss: 2.3607156, Train Acc: 0.36205807
INFO:root:Epoch: 16, Validation loss: 3.4351397, Validation Acc: 0.1484375
INFO:root:Epoch: 17, Train loss: 2.3047621, Train Acc: 0.37089646
INFO:root:Epoch: 17, Validation loss: 3.3583088, Validation Acc: 0.15625
INFO:root:Epoch: 18, Train loss: 2.2276022, Train Acc: 0.40025252
INFO:root:Epoch: 18, Validation loss: 3.4040775, Validation Acc: 0.15885417
INFO:root:Epoch: 19, Train loss: 2.149557, Train Acc: 0.417298
INFO:root:Epoch: 19, Validation loss: 3.282502, Validation Acc: 0.16666667
INFO:root:Epoch: 20, Train loss: 2.0388145, Train Acc: 0.43781567
INFO:root:Epoch: 20, Validation loss: 3.392027, Validation Acc: 0.1640625
INFO:root:Epoch: 21, Train loss: 2.0127668, Train Acc: 0.4491793
INFO:root:Epoch: 21, Validation loss: 3.3864985, Validation Acc: 0.1875
INFO:root:Epoch: 22, Train loss: 1.8928307, Train Acc: 0.4804293
INFO:root:Epoch: 22, Validation loss: 3.5411818, Validation Acc: 0.16666667
INFO:root:Epoch: 23, Train loss: 1.8341385, Train Acc: 0.49558082
INFO:root:Epoch: 23, Validation loss: 3.5654871, Validation Acc: 0.19791667
INFO:root:Epoch: 24, Train loss: 1.7796316, Train Acc: 0.51704544
INFO:root:Epoch: 24, Validation loss: 3.5099041, Validation Acc: 0.18229167
INFO:root:Epoch: 25, Train loss: 1.7101957, Train Acc: 0.5261995
INFO:root:Epoch: 25, Validation loss: 3.6353924, Validation Acc: 0.1484375
INFO:root:Epoch: 26, Train loss: 1.6858537, Train Acc: 0.53977275
INFO:root:Epoch: 26, Validation loss: 3.4639862, Validation Acc: 0.19791667
INFO:root:Epoch: 27, Train loss: 1.5859431, Train Acc: 0.571654
INFO:root:Epoch: 27, Validation loss: 3.6035402, Validation Acc: 0.171875
INFO:root:Epoch: 28, Train loss: 1.53454, Train Acc: 0.56786615
INFO:root:Epoch: 28, Validation loss: 3.565067, Validation Acc: 0.17708333
INFO:root:Epoch: 29, Train loss: 1.4778353, Train Acc: 0.584596
INFO:root:Epoch: 29, Validation loss: 3.5500014, Validation Acc: 0.17447917
INFO:root:Epoch: 30, Train loss: 1.4347438, Train Acc: 0.59311867
INFO:root:Epoch: 30, Validation loss: 3.6301982, Validation Acc: 0.1796875
INFO:root:Epoch: 31, Train loss: 1.3930938, Train Acc: 0.6060606
INFO:root:Epoch: 31, Validation loss: 3.651472, Validation Acc: 0.1875
INFO:root:Epoch: 32, Train loss: 1.3598626, Train Acc: 0.62089646
INFO:root:Epoch: 32, Validation loss: 3.7494047, Validation Acc: 0.20052083
INFO:root:Epoch: 33, Train loss: 1.2762008, Train Acc: 0.63604796
INFO:root:Epoch: 33, Validation loss: 3.6782854, Validation Acc: 0.1796875
INFO:root:Epoch: 34, Train loss: 1.2500025, Train Acc: 0.6483586
INFO:root:Epoch: 34, Validation loss: 3.7654774, Validation Acc: 0.21875
INFO:root:Epoch: 35, Train loss: 1.2396249, Train Acc: 0.6445707
INFO:root:Epoch: 35, Validation loss: 3.8340464, Validation Acc: 0.16666667
INFO:root:Epoch: 36, Train loss: 1.1578834, Train Acc: 0.67424244
INFO:root:Epoch: 36, Validation loss: 3.8713284, Validation Acc: 0.18229167
INFO:root:Epoch: 37, Train loss: 1.1361787, Train Acc: 0.6729798
INFO:root:Epoch: 37, Validation loss: 3.8986938, Validation Acc: 0.17447917
INFO:root:Epoch: 38, Train loss: 1.0661607, Train Acc: 0.7035985
INFO:root:Epoch: 38, Validation loss: 3.8393018, Validation Acc: 0.2109375
INFO:root:Epoch: 39, Train loss: 1.0258609, Train Acc: 0.7083333
INFO:root:Epoch: 39, Validation loss: 3.697965, Validation Acc: 0.21875
INFO:root:Epoch: 40, Train loss: 0.95116776, Train Acc: 0.72506315
INFO:root:Epoch: 40, Validation loss: 3.8575299, Validation Acc: 0.22135417
INFO:root:Epoch: 41, Train loss: 0.9862177, Train Acc: 0.71938133
INFO:root:Epoch: 41, Validation loss: 4.179499, Validation Acc: 0.16666667
INFO:root:Epoch: 42, Train loss: 0.941121, Train Acc: 0.7301136
INFO:root:Epoch: 42, Validation loss: 3.9612162, Validation Acc: 0.19010417
INFO:root:Epoch: 43, Train loss: 0.93366927, Train Acc: 0.74684346
INFO:root:Epoch: 43, Validation loss: 4.075413, Validation Acc: 0.20833333
INFO:root:Epoch: 44, Train loss: 0.87906915, Train Acc: 0.7512626
INFO:root:Epoch: 44, Validation loss: 4.039662, Validation Acc: 0.19010417
INFO:root:Epoch: 45, Train loss: 0.83413714, Train Acc: 0.76704544
INFO:root:Epoch: 45, Validation loss: 4.3514357, Validation Acc: 0.1796875
INFO:root:Epoch: 46, Train loss: 0.78736, Train Acc: 0.7645202
INFO:root:Epoch: 46, Validation loss: 4.1204085, Validation Acc: 0.19270833
INFO:root:Epoch: 47, Train loss: 0.7435631, Train Acc: 0.78125
INFO:root:Epoch: 47, Validation loss: 4.1624846, Validation Acc: 0.1953125
INFO:root:Epoch: 48, Train loss: 0.7510684, Train Acc: 0.77493685
INFO:root:Epoch: 48, Validation loss: 4.319561, Validation Acc: 0.19270833
INFO:root:Epoch: 49, Train loss: 0.7582524, Train Acc: 0.7863005
INFO:root:Epoch: 49, Validation loss: 4.115353, Validation Acc: 0.19270833
INFO:root:Epoch: 50, Train loss: 0.7258098, Train Acc: 0.7872475
INFO:root:Epoch: 50, Validation loss: 4.172261, Validation Acc: 0.1796875
INFO:root:Epoch: 51, Train loss: 0.6748457, Train Acc: 0.7964015
INFO:root:Epoch: 51, Validation loss: 4.2164235, Validation Acc: 0.18229167
INFO:root:Epoch: 52, Train loss: 0.67071295, Train Acc: 0.802399
INFO:root:Epoch: 52, Validation loss: 4.1705384, Validation Acc: 0.2265625
INFO:root:Epoch: 53, Train loss: 0.65850943, Train Acc: 0.81218433
INFO:root:Epoch: 53, Validation loss: 4.227327, Validation Acc: 0.22135417
INFO:root:Epoch: 54, Train loss: 0.6012316, Train Acc: 0.82228535
INFO:root:Epoch: 54, Validation loss: 4.2173963, Validation Acc: 0.17708333
INFO:root:Epoch: 55, Train loss: 0.5840165, Train Acc: 0.8333333
INFO:root:Epoch: 55, Validation loss: 4.336668, Validation Acc: 0.2109375
INFO:root:Epoch: 56, Train loss: 0.6036418, Train Acc: 0.82891417
INFO:root:Epoch: 56, Validation loss: 4.273235, Validation Acc: 0.203125
INFO:root:Epoch: 57, Train loss: 0.56534076, Train Acc: 0.8355429
INFO:root:Epoch: 57, Validation loss: 4.5417333, Validation Acc: 0.22395833
INFO:root:Epoch: 58, Train loss: 0.5621615, Train Acc: 0.8424874
INFO:root:Epoch: 58, Validation loss: 4.4228506, Validation Acc: 0.19791667
INFO:root:Epoch: 59, Train loss: 0.54111904, Train Acc: 0.8421717
INFO:root:Epoch: 59, Validation loss: 4.372227, Validation Acc: 0.22395833
INFO:root:Training from ep 0 to ep 60 finished
INFO:root:Best epoch: 53
