INFO:root:Started
INFO:root:Epoch: 0, Train loss: 3.897848, Train Acc: 0.022727273
INFO:root:Epoch: 0, Validation loss: 3.8335009, Validation Acc: 0.0390625
INFO:root:Epoch: 1, Train loss: 3.772339, Train Acc: 0.03503788
INFO:root:Epoch: 1, Validation loss: 3.7520783, Validation Acc: 0.044270832
INFO:root:Epoch: 2, Train loss: 3.7327716, Train Acc: 0.041666668
INFO:root:Epoch: 2, Validation loss: 3.723776, Validation Acc: 0.033854168
INFO:root:Epoch: 3, Train loss: 3.717025, Train Acc: 0.04324495
INFO:root:Epoch: 3, Validation loss: 3.726713, Validation Acc: 0.036458332
INFO:root:Epoch: 4, Train loss: 3.697652, Train Acc: 0.04292929
INFO:root:Epoch: 4, Validation loss: 3.6960201, Validation Acc: 0.0390625
INFO:root:Epoch: 5, Train loss: 3.6708786, Train Acc: 0.039772727
INFO:root:Epoch: 5, Validation loss: 3.7021186, Validation Acc: 0.041666668
INFO:root:Epoch: 6, Train loss: 3.651266, Train Acc: 0.049873736
INFO:root:Epoch: 6, Validation loss: 3.6827204, Validation Acc: 0.0625
INFO:root:Epoch: 7, Train loss: 3.6193523, Train Acc: 0.051767677
INFO:root:Epoch: 7, Validation loss: 3.600811, Validation Acc: 0.052083332
INFO:root:Epoch: 8, Train loss: 3.608819, Train Acc: 0.058080807
INFO:root:Epoch: 8, Validation loss: 3.678424, Validation Acc: 0.033854168
INFO:root:Epoch: 9, Train loss: 3.576781, Train Acc: 0.060921717
INFO:root:Epoch: 9, Validation loss: 3.6281166, Validation Acc: 0.0390625
INFO:root:Epoch: 10, Train loss: 3.5702374, Train Acc: 0.053030305
INFO:root:Epoch: 10, Validation loss: 3.5826378, Validation Acc: 0.072916664
INFO:root:Epoch: 11, Train loss: 3.570698, Train Acc: 0.062184345
INFO:root:Epoch: 11, Validation loss: 3.6177502, Validation Acc: 0.046875
INFO:root:Epoch: 12, Train loss: 3.5523, Train Acc: 0.06344697
INFO:root:Epoch: 12, Validation loss: 3.5522492, Validation Acc: 0.0546875
INFO:root:Epoch: 13, Train loss: 3.5331676, Train Acc: 0.06281566
INFO:root:Epoch: 13, Validation loss: 3.6407738, Validation Acc: 0.049479168
INFO:root:Epoch: 14, Train loss: 3.517864, Train Acc: 0.065972224
INFO:root:Epoch: 14, Validation loss: 3.55876, Validation Acc: 0.067708336
INFO:root:Epoch: 15, Train loss: 3.4999056, Train Acc: 0.06944445
INFO:root:Epoch: 15, Validation loss: 3.574605, Validation Acc: 0.059895832
INFO:root:Epoch: 16, Train loss: 3.4670315, Train Acc: 0.071338385
INFO:root:Epoch: 16, Validation loss: 3.6992667, Validation Acc: 0.065104164
INFO:root:Epoch: 17, Train loss: 3.4696484, Train Acc: 0.07039142
INFO:root:Epoch: 17, Validation loss: 3.5373957, Validation Acc: 0.0703125
INFO:root:Epoch: 18, Train loss: 3.4462368, Train Acc: 0.084911615
INFO:root:Epoch: 18, Validation loss: 3.5908442, Validation Acc: 0.075520836
INFO:root:Epoch: 19, Train loss: 3.4335494, Train Acc: 0.08712121
INFO:root:Epoch: 19, Validation loss: 3.4596937, Validation Acc: 0.106770836
INFO:root:Epoch: 20, Train loss: 3.3815486, Train Acc: 0.08712121
INFO:root:Epoch: 20, Validation loss: 3.5329525, Validation Acc: 0.096354164
INFO:root:Epoch: 21, Train loss: 3.3634222, Train Acc: 0.10195707
INFO:root:Epoch: 21, Validation loss: 3.3866189, Validation Acc: 0.122395836
INFO:root:Epoch: 22, Train loss: 3.290157, Train Acc: 0.121212125
INFO:root:Epoch: 22, Validation loss: 3.4258955, Validation Acc: 0.098958336
INFO:root:Epoch: 23, Train loss: 3.3073108, Train Acc: 0.11395202
INFO:root:Epoch: 23, Validation loss: 3.4446023, Validation Acc: 0.080729164
INFO:root:Epoch: 24, Train loss: 3.2520623, Train Acc: 0.11205808
INFO:root:Epoch: 24, Validation loss: 3.3511436, Validation Acc: 0.109375
INFO:root:Epoch: 25, Train loss: 3.2260487, Train Acc: 0.12689394
INFO:root:Epoch: 25, Validation loss: 3.3676789, Validation Acc: 0.104166664
INFO:root:Epoch: 26, Train loss: 3.2231543, Train Acc: 0.12689394
INFO:root:Epoch: 26, Validation loss: 3.4682772, Validation Acc: 0.091145836
INFO:root:Epoch: 27, Train loss: 3.195917, Train Acc: 0.13131313
INFO:root:Epoch: 27, Validation loss: 3.342679, Validation Acc: 0.114583336
INFO:root:Epoch: 28, Train loss: 3.1919355, Train Acc: 0.1417298
INFO:root:Epoch: 28, Validation loss: 3.2460163, Validation Acc: 0.140625
INFO:root:Epoch: 29, Train loss: 3.1607783, Train Acc: 0.13604797
INFO:root:Epoch: 29, Validation loss: 3.299318, Validation Acc: 0.13802083
INFO:root:Training from ep 0 to ep 30 finished
INFO:root:Best epoch: 29
INFO:root:Started
INFO:root:Epoch: 30, Train loss: 3.1531737, Train Acc: 0.13731061
INFO:root:Epoch: 30, Validation loss: 3.3129237, Validation Acc: 0.13541667
INFO:root:Epoch: 31, Train loss: 3.104886, Train Acc: 0.15814394
INFO:root:Epoch: 31, Validation loss: 3.3799932, Validation Acc: 0.096354164
INFO:root:Epoch: 32, Train loss: 3.0852568, Train Acc: 0.14330809
INFO:root:Epoch: 32, Validation loss: 3.3065329, Validation Acc: 0.114583336
INFO:root:Epoch: 33, Train loss: 3.0576153, Train Acc: 0.14867425
INFO:root:Epoch: 33, Validation loss: 3.2602236, Validation Acc: 0.122395836
INFO:root:Epoch: 34, Train loss: 3.0726972, Train Acc: 0.16003788
INFO:root:Epoch: 34, Validation loss: 3.202139, Validation Acc: 0.104166664
INFO:root:Epoch: 35, Train loss: 3.0298123, Train Acc: 0.15025252
INFO:root:Epoch: 35, Validation loss: 3.310475, Validation Acc: 0.13802083
INFO:root:Epoch: 36, Train loss: 3.0436993, Train Acc: 0.15845959
INFO:root:Epoch: 36, Validation loss: 3.355189, Validation Acc: 0.119791664
INFO:root:Epoch: 37, Train loss: 3.0239553, Train Acc: 0.16729797
INFO:root:Epoch: 37, Validation loss: 3.3580253, Validation Acc: 0.12760417
INFO:root:Epoch: 38, Train loss: 3.0112958, Train Acc: 0.16982323
INFO:root:Epoch: 38, Validation loss: 3.3873148, Validation Acc: 0.114583336
INFO:root:Epoch: 39, Train loss: 2.9510677, Train Acc: 0.18497474
INFO:root:Epoch: 39, Validation loss: 3.3157828, Validation Acc: 0.14322917
INFO:root:Epoch: 40, Train loss: 2.9259286, Train Acc: 0.18939394
INFO:root:Epoch: 40, Validation loss: 3.333965, Validation Acc: 0.125
INFO:root:Epoch: 41, Train loss: 2.9091713, Train Acc: 0.18876262
INFO:root:Epoch: 41, Validation loss: 3.3556337, Validation Acc: 0.122395836
INFO:root:Epoch: 42, Train loss: 2.9087584, Train Acc: 0.19255051
INFO:root:Epoch: 42, Validation loss: 3.3615096, Validation Acc: 0.109375
INFO:root:Epoch: 43, Train loss: 2.8915477, Train Acc: 0.19949494
INFO:root:Epoch: 43, Validation loss: 3.4038963, Validation Acc: 0.12760417
INFO:root:Epoch: 44, Train loss: 2.881402, Train Acc: 0.2013889
INFO:root:Epoch: 44, Validation loss: 3.2339382, Validation Acc: 0.15104167
INFO:root:Epoch: 45, Train loss: 2.8551092, Train Acc: 0.20833333
INFO:root:Epoch: 45, Validation loss: 3.3111212, Validation Acc: 0.125
INFO:root:Epoch: 46, Train loss: 2.825867, Train Acc: 0.20580809
INFO:root:Epoch: 46, Validation loss: 3.4141026, Validation Acc: 0.109375
INFO:root:Epoch: 47, Train loss: 2.8036005, Train Acc: 0.21401516
INFO:root:Epoch: 47, Validation loss: 3.3798096, Validation Acc: 0.122395836
INFO:root:Epoch: 48, Train loss: 2.798599, Train Acc: 0.21275252
INFO:root:Epoch: 48, Validation loss: 3.2861063, Validation Acc: 0.13802083
INFO:root:Epoch: 49, Train loss: 2.8100824, Train Acc: 0.2215909
INFO:root:Epoch: 49, Validation loss: 3.2230136, Validation Acc: 0.15104167
INFO:root:Epoch: 50, Train loss: 2.764556, Train Acc: 0.23200758
INFO:root:Epoch: 50, Validation loss: 3.266762, Validation Acc: 0.16927083
INFO:root:Epoch: 51, Train loss: 2.79738, Train Acc: 0.21811868
INFO:root:Epoch: 51, Validation loss: 3.20681, Validation Acc: 0.16927083
INFO:root:Epoch: 52, Train loss: 2.685483, Train Acc: 0.25
INFO:root:Epoch: 52, Validation loss: 3.430597, Validation Acc: 0.140625
INFO:root:Epoch: 53, Train loss: 2.7250974, Train Acc: 0.23484848
INFO:root:Epoch: 53, Validation loss: 3.568697, Validation Acc: 0.091145836
INFO:root:Epoch: 54, Train loss: 2.6938632, Train Acc: 0.24084596
INFO:root:Epoch: 54, Validation loss: 3.2506897, Validation Acc: 0.16927083
INFO:root:Epoch: 55, Train loss: 2.6849678, Train Acc: 0.25473484
INFO:root:Epoch: 55, Validation loss: 3.1757185, Validation Acc: 0.122395836
INFO:root:Epoch: 56, Train loss: 2.6544023, Train Acc: 0.25599748
INFO:root:Epoch: 56, Validation loss: 3.2165048, Validation Acc: 0.122395836
INFO:root:Epoch: 57, Train loss: 2.6412978, Train Acc: 0.2588384
INFO:root:Epoch: 57, Validation loss: 3.2084742, Validation Acc: 0.15364583
INFO:root:Epoch: 58, Train loss: 2.649287, Train Acc: 0.25852272
INFO:root:Epoch: 58, Validation loss: 3.1521885, Validation Acc: 0.15104167
INFO:root:Epoch: 59, Train loss: 2.6151426, Train Acc: 0.2673611
INFO:root:Epoch: 59, Validation loss: 3.2295742, Validation Acc: 0.14583333
INFO:root:Training from ep 30 to ep 60 finished
INFO:root:Best epoch: 51
INFO:root:Started
INFO:root:Epoch: 0, Train loss: 3.8964422, Train Acc: 0.023042928
INFO:root:Epoch: 0, Validation loss: 4.1174955, Validation Acc: 0.026041666
INFO:root:Epoch: 1, Train loss: 3.7760084, Train Acc: 0.035353534
INFO:root:Epoch: 1, Validation loss: 3.7404444, Validation Acc: 0.0390625
INFO:root:Epoch: 2, Train loss: 3.7300692, Train Acc: 0.042613637
INFO:root:Epoch: 2, Validation loss: 3.7211463, Validation Acc: 0.033854168
INFO:root:Epoch: 3, Train loss: 3.7150164, Train Acc: 0.041666668
INFO:root:Epoch: 3, Validation loss: 3.7243779, Validation Acc: 0.052083332
INFO:root:Epoch: 4, Train loss: 3.6834886, Train Acc: 0.0457702
INFO:root:Epoch: 4, Validation loss: 3.6918573, Validation Acc: 0.020833334
INFO:root:Epoch: 5, Train loss: 3.6531477, Train Acc: 0.05239899
INFO:root:Epoch: 5, Validation loss: 3.6208372, Validation Acc: 0.059895832
INFO:root:Epoch: 6, Train loss: 3.6268773, Train Acc: 0.054924242
INFO:root:Epoch: 6, Validation loss: 3.5765057, Validation Acc: 0.0625
INFO:root:Epoch: 7, Train loss: 3.6086664, Train Acc: 0.05618687
INFO:root:Epoch: 7, Validation loss: 3.588913, Validation Acc: 0.057291668
INFO:root:Epoch: 8, Train loss: 3.6000977, Train Acc: 0.06439394
INFO:root:Epoch: 8, Validation loss: 3.668955, Validation Acc: 0.03125
INFO:root:Epoch: 9, Train loss: 3.56968, Train Acc: 0.058396466
INFO:root:Epoch: 9, Validation loss: 3.5933998, Validation Acc: 0.052083332
INFO:root:Epoch: 10, Train loss: 3.5596755, Train Acc: 0.05587121
INFO:root:Epoch: 10, Validation loss: 3.6088197, Validation Acc: 0.0703125
INFO:root:Epoch: 11, Train loss: 3.5476334, Train Acc: 0.0675505
INFO:root:Epoch: 11, Validation loss: 3.5863361, Validation Acc: 0.046875
INFO:root:Epoch: 12, Train loss: 3.5533197, Train Acc: 0.06344697
INFO:root:Epoch: 12, Validation loss: 3.5501432, Validation Acc: 0.0703125
INFO:root:Epoch: 13, Train loss: 3.5031414, Train Acc: 0.066287875
INFO:root:Epoch: 13, Validation loss: 3.5991056, Validation Acc: 0.0390625
INFO:root:Epoch: 14, Train loss: 3.4967377, Train Acc: 0.07954545
INFO:root:Epoch: 14, Validation loss: 3.548582, Validation Acc: 0.057291668
INFO:root:Epoch: 15, Train loss: 3.4566705, Train Acc: 0.07544192
INFO:root:Epoch: 15, Validation loss: 3.5950174, Validation Acc: 0.072916664
INFO:root:Epoch: 16, Train loss: 3.4274437, Train Acc: 0.078598484
INFO:root:Epoch: 16, Validation loss: 3.7449274, Validation Acc: 0.0546875
INFO:root:Epoch: 17, Train loss: 3.4332378, Train Acc: 0.0886995
INFO:root:Epoch: 17, Validation loss: 3.4748058, Validation Acc: 0.080729164
INFO:root:Epoch: 18, Train loss: 3.3795605, Train Acc: 0.09974747
INFO:root:Epoch: 18, Validation loss: 3.4504325, Validation Acc: 0.0859375
INFO:root:Epoch: 19, Train loss: 3.356884, Train Acc: 0.10006313
INFO:root:Epoch: 19, Validation loss: 3.3427658, Validation Acc: 0.125
INFO:root:Epoch: 20, Train loss: 3.3021386, Train Acc: 0.10511363
INFO:root:Epoch: 20, Validation loss: 3.411329, Validation Acc: 0.13020833
INFO:root:Epoch: 21, Train loss: 3.2813447, Train Acc: 0.11332071
INFO:root:Epoch: 21, Validation loss: 3.3183382, Validation Acc: 0.114583336
INFO:root:Epoch: 22, Train loss: 3.2414508, Train Acc: 0.12847222
INFO:root:Epoch: 22, Validation loss: 3.3460119, Validation Acc: 0.09375
INFO:root:Epoch: 23, Train loss: 3.2441459, Train Acc: 0.1344697
INFO:root:Epoch: 23, Validation loss: 3.3896215, Validation Acc: 0.083333336
INFO:root:Epoch: 24, Train loss: 3.203735, Train Acc: 0.1344697
INFO:root:Epoch: 24, Validation loss: 3.3299634, Validation Acc: 0.13020833
INFO:root:Epoch: 25, Train loss: 3.1864128, Train Acc: 0.1322601
INFO:root:Epoch: 25, Validation loss: 3.3386424, Validation Acc: 0.1015625
INFO:root:Epoch: 26, Train loss: 3.1719499, Train Acc: 0.1344697
INFO:root:Epoch: 26, Validation loss: 3.2925024, Validation Acc: 0.122395836
INFO:root:Epoch: 27, Train loss: 3.1645086, Train Acc: 0.14015152
INFO:root:Epoch: 27, Validation loss: 3.3152244, Validation Acc: 0.109375
INFO:root:Epoch: 28, Train loss: 3.1623642, Train Acc: 0.13636364
INFO:root:Epoch: 28, Validation loss: 3.2571049, Validation Acc: 0.1171875
INFO:root:Epoch: 29, Train loss: 3.1310668, Train Acc: 0.14741161
INFO:root:Epoch: 29, Validation loss: 3.2744856, Validation Acc: 0.12760417
INFO:root:Epoch: 30, Train loss: 3.1076546, Train Acc: 0.14772727
INFO:root:Epoch: 30, Validation loss: 3.299166, Validation Acc: 0.109375
INFO:root:Epoch: 31, Train loss: 3.1071599, Train Acc: 0.14962122
INFO:root:Epoch: 31, Validation loss: 3.3045053, Validation Acc: 0.12760417
INFO:root:Epoch: 32, Train loss: 3.063158, Train Acc: 0.16729797
INFO:root:Epoch: 32, Validation loss: 3.299287, Validation Acc: 0.098958336
INFO:root:Epoch: 33, Train loss: 3.0679882, Train Acc: 0.16729797
INFO:root:Epoch: 33, Validation loss: 3.3758364, Validation Acc: 0.106770836
INFO:root:Epoch: 34, Train loss: 3.0353918, Train Acc: 0.16224748
INFO:root:Epoch: 34, Validation loss: 3.2011433, Validation Acc: 0.125
INFO:root:Epoch: 35, Train loss: 3.0332704, Train Acc: 0.17140152
INFO:root:Epoch: 35, Validation loss: 3.3418543, Validation Acc: 0.1328125
INFO:root:Epoch: 36, Train loss: 2.9849536, Train Acc: 0.17582071
INFO:root:Epoch: 36, Validation loss: 3.1956367, Validation Acc: 0.13020833
INFO:root:Epoch: 37, Train loss: 2.9725692, Train Acc: 0.18276516
INFO:root:Epoch: 37, Validation loss: 3.207752, Validation Acc: 0.122395836
INFO:root:Epoch: 38, Train loss: 2.9708483, Train Acc: 0.17329545
INFO:root:Epoch: 38, Validation loss: 3.3967533, Validation Acc: 0.111979164
INFO:root:Epoch: 39, Train loss: 2.9345021, Train Acc: 0.1802399
INFO:root:Epoch: 39, Validation loss: 3.2137578, Validation Acc: 0.1171875
INFO:root:Epoch: 40, Train loss: 2.918735, Train Acc: 0.19223484
INFO:root:Epoch: 40, Validation loss: 3.2345097, Validation Acc: 0.13802083
INFO:root:Epoch: 41, Train loss: 2.9193316, Train Acc: 0.19665404
INFO:root:Epoch: 41, Validation loss: 3.280594, Validation Acc: 0.114583336
INFO:root:Epoch: 42, Train loss: 2.862858, Train Acc: 0.1969697
INFO:root:Epoch: 42, Validation loss: 3.3545017, Validation Acc: 0.122395836
INFO:root:Epoch: 43, Train loss: 2.8550436, Train Acc: 0.20075758
INFO:root:Epoch: 43, Validation loss: 3.222719, Validation Acc: 0.125
INFO:root:Epoch: 44, Train loss: 2.8520753, Train Acc: 0.21180555
INFO:root:Epoch: 44, Validation loss: 3.3215752, Validation Acc: 0.1171875
INFO:root:Epoch: 45, Train loss: 2.8450234, Train Acc: 0.20643939
INFO:root:Epoch: 45, Validation loss: 3.3368862, Validation Acc: 0.13541667
INFO:root:Epoch: 46, Train loss: 2.8013935, Train Acc: 0.22032829
INFO:root:Epoch: 46, Validation loss: 3.2344084, Validation Acc: 0.15885417
INFO:root:Epoch: 47, Train loss: 2.8167474, Train Acc: 0.2282197
INFO:root:Epoch: 47, Validation loss: 3.2364872, Validation Acc: 0.14583333
INFO:root:Epoch: 48, Train loss: 2.775878, Train Acc: 0.22474748
INFO:root:Epoch: 48, Validation loss: 3.309676, Validation Acc: 0.119791664
INFO:root:Epoch: 49, Train loss: 2.7587242, Train Acc: 0.23200758
INFO:root:Epoch: 49, Validation loss: 3.2072992, Validation Acc: 0.16145833
INFO:root:Epoch: 50, Train loss: 2.7532892, Train Acc: 0.228851
INFO:root:Epoch: 50, Validation loss: 3.124622, Validation Acc: 0.13541667
INFO:root:Epoch: 51, Train loss: 2.7187953, Train Acc: 0.23200758
INFO:root:Epoch: 51, Validation loss: 3.2650898, Validation Acc: 0.12760417
INFO:root:Epoch: 52, Train loss: 2.6915915, Train Acc: 0.25094697
INFO:root:Epoch: 52, Validation loss: 3.2674334, Validation Acc: 0.140625
INFO:root:Epoch: 53, Train loss: 2.695365, Train Acc: 0.24179293
INFO:root:Epoch: 53, Validation loss: 3.1845329, Validation Acc: 0.1484375
INFO:root:Epoch: 54, Train loss: 2.6540484, Train Acc: 0.25189394
INFO:root:Epoch: 54, Validation loss: 3.3297393, Validation Acc: 0.13020833
INFO:root:Epoch: 55, Train loss: 2.645148, Train Acc: 0.26073232
INFO:root:Epoch: 55, Validation loss: 3.3871439, Validation Acc: 0.098958336
INFO:root:Epoch: 56, Train loss: 2.6143253, Train Acc: 0.2689394
INFO:root:Epoch: 56, Validation loss: 3.4314225, Validation Acc: 0.098958336
INFO:root:Epoch: 57, Train loss: 2.5932589, Train Acc: 0.27114898
INFO:root:Epoch: 57, Validation loss: 3.1840494, Validation Acc: 0.15364583
INFO:root:Epoch: 58, Train loss: 2.5563996, Train Acc: 0.29261363
INFO:root:Epoch: 58, Validation loss: 3.2286708, Validation Acc: 0.14583333
INFO:root:Epoch: 59, Train loss: 2.5546982, Train Acc: 0.2790404
INFO:root:Epoch: 59, Validation loss: 3.1797435, Validation Acc: 0.1640625
INFO:root:Training from ep 0 to ep 60 finished
INFO:root:Best epoch: 60
