INFO:root:Started
INFO:root:Epoch: 0, Train loss: 3.7011046, Train Acc: 0.054608587
INFO:root:Epoch: 0, Validation loss: 3.5570736, Validation Acc: 0.078125
INFO:root:Epoch: 1, Train loss: 3.3504808, Train Acc: 0.121843435
INFO:root:Epoch: 1, Validation loss: 3.4184258, Validation Acc: 0.091145836
INFO:root:Epoch: 2, Train loss: 3.1730397, Train Acc: 0.146149
INFO:root:Epoch: 2, Validation loss: 3.4023263, Validation Acc: 0.104166664
INFO:root:Epoch: 3, Train loss: 3.063168, Train Acc: 0.17897727
INFO:root:Epoch: 3, Validation loss: 3.3635433, Validation Acc: 0.114583336
INFO:root:Epoch: 4, Train loss: 2.9363217, Train Acc: 0.22222222
INFO:root:Epoch: 4, Validation loss: 3.3077812, Validation Acc: 0.13541667
INFO:root:Epoch: 5, Train loss: 2.834905, Train Acc: 0.22916667
INFO:root:Epoch: 5, Validation loss: 3.372893, Validation Acc: 0.14322917
INFO:root:Epoch: 6, Train loss: 2.7291615, Train Acc: 0.25662878
INFO:root:Epoch: 6, Validation loss: 3.2897031, Validation Acc: 0.15104167
INFO:root:Epoch: 7, Train loss: 2.6458404, Train Acc: 0.28503788
INFO:root:Epoch: 7, Validation loss: 3.3336585, Validation Acc: 0.12760417
INFO:root:Epoch: 8, Train loss: 2.5398293, Train Acc: 0.29703283
INFO:root:Epoch: 8, Validation loss: 3.2694209, Validation Acc: 0.14583333
INFO:root:Epoch: 9, Train loss: 2.4003015, Train Acc: 0.3364899
INFO:root:Epoch: 9, Validation loss: 3.327418, Validation Acc: 0.15104167
INFO:root:Epoch: 10, Train loss: 2.3322058, Train Acc: 0.34911618
INFO:root:Epoch: 10, Validation loss: 3.2385733, Validation Acc: 0.171875
INFO:root:Epoch: 11, Train loss: 2.269534, Train Acc: 0.36900252
INFO:root:Epoch: 11, Validation loss: 3.307102, Validation Acc: 0.1640625
INFO:root:Epoch: 12, Train loss: 2.2015896, Train Acc: 0.38762626
INFO:root:Epoch: 12, Validation loss: 3.2158985, Validation Acc: 0.17708333
INFO:root:Epoch: 13, Train loss: 2.0967178, Train Acc: 0.40877524
INFO:root:Epoch: 13, Validation loss: 3.2724402, Validation Acc: 0.1875
INFO:root:Epoch: 14, Train loss: 2.0600646, Train Acc: 0.4258207
INFO:root:Epoch: 14, Validation loss: 3.2984636, Validation Acc: 0.16145833
INFO:root:Epoch: 15, Train loss: 1.9901239, Train Acc: 0.4397096
INFO:root:Epoch: 15, Validation loss: 3.3833969, Validation Acc: 0.17708333
INFO:root:Epoch: 16, Train loss: 1.9129555, Train Acc: 0.45738637
INFO:root:Epoch: 16, Validation loss: 3.2265604, Validation Acc: 0.23177083
INFO:root:Epoch: 17, Train loss: 1.8483744, Train Acc: 0.4848485
INFO:root:Epoch: 17, Validation loss: 3.4336774, Validation Acc: 0.19270833
INFO:root:Epoch: 18, Train loss: 1.7821026, Train Acc: 0.49021465
INFO:root:Epoch: 18, Validation loss: 3.4424655, Validation Acc: 0.171875
INFO:root:Epoch: 19, Train loss: 1.7254398, Train Acc: 0.51325756
INFO:root:Epoch: 19, Validation loss: 3.343912, Validation Acc: 0.20572917
INFO:root:Epoch: 20, Train loss: 1.6763643, Train Acc: 0.5195707
INFO:root:Epoch: 20, Validation loss: 3.3821285, Validation Acc: 0.23177083
INFO:root:Epoch: 21, Train loss: 1.6446732, Train Acc: 0.5277778
INFO:root:Epoch: 21, Validation loss: 3.410599, Validation Acc: 0.18229167
INFO:root:Epoch: 22, Train loss: 1.5504762, Train Acc: 0.5568182
INFO:root:Epoch: 22, Validation loss: 3.5166457, Validation Acc: 0.1640625
INFO:root:Epoch: 23, Train loss: 1.4946798, Train Acc: 0.5669192
INFO:root:Epoch: 23, Validation loss: 3.597599, Validation Acc: 0.140625
INFO:root:Epoch: 24, Train loss: 1.4643228, Train Acc: 0.57891417
INFO:root:Epoch: 24, Validation loss: 3.5248814, Validation Acc: 0.1875
INFO:root:Epoch: 25, Train loss: 1.4036269, Train Acc: 0.5994318
INFO:root:Epoch: 25, Validation loss: 3.5129747, Validation Acc: 0.18489583
INFO:root:Epoch: 26, Train loss: 1.3815793, Train Acc: 0.60132575
INFO:root:Epoch: 26, Validation loss: 3.472232, Validation Acc: 0.1875
INFO:root:Epoch: 27, Train loss: 1.3235201, Train Acc: 0.6202651
INFO:root:Epoch: 27, Validation loss: 3.744375, Validation Acc: 0.1953125
INFO:root:Epoch: 28, Train loss: 1.318304, Train Acc: 0.61079544
INFO:root:Epoch: 28, Validation loss: 3.562331, Validation Acc: 0.18229167
INFO:root:Epoch: 29, Train loss: 1.2656507, Train Acc: 0.635101
INFO:root:Epoch: 29, Validation loss: 3.7012827, Validation Acc: 0.17708333
INFO:root:Epoch: 30, Train loss: 1.201845, Train Acc: 0.65656567
INFO:root:Epoch: 30, Validation loss: 3.64484, Validation Acc: 0.19791667
INFO:root:Epoch: 31, Train loss: 1.1466752, Train Acc: 0.6635101
INFO:root:Epoch: 31, Validation loss: 3.805956, Validation Acc: 0.18489583
INFO:root:Epoch: 32, Train loss: 1.1134342, Train Acc: 0.66950756
INFO:root:Epoch: 32, Validation loss: 3.8452463, Validation Acc: 0.19270833
INFO:root:Epoch: 33, Train loss: 1.1027467, Train Acc: 0.67266417
INFO:root:Epoch: 33, Validation loss: 3.7999895, Validation Acc: 0.18229167
INFO:root:Epoch: 34, Train loss: 1.0590831, Train Acc: 0.68339646
INFO:root:Epoch: 34, Validation loss: 3.8196468, Validation Acc: 0.1796875
INFO:root:Epoch: 35, Train loss: 1.0071515, Train Acc: 0.7070707
INFO:root:Epoch: 35, Validation loss: 3.8217304, Validation Acc: 0.1953125
INFO:root:Epoch: 36, Train loss: 0.97631687, Train Acc: 0.71906567
INFO:root:Epoch: 36, Validation loss: 3.8029156, Validation Acc: 0.19791667
INFO:root:Epoch: 37, Train loss: 0.9574827, Train Acc: 0.71464646
INFO:root:Epoch: 37, Validation loss: 3.8369176, Validation Acc: 0.16927083
INFO:root:Epoch: 38, Train loss: 0.90437156, Train Acc: 0.74147725
INFO:root:Epoch: 38, Validation loss: 3.9029553, Validation Acc: 0.1953125
INFO:root:Epoch: 39, Train loss: 0.8940069, Train Acc: 0.73895204
INFO:root:Epoch: 39, Validation loss: 3.937728, Validation Acc: 0.21354167
INFO:root:Epoch: 40, Train loss: 0.8190432, Train Acc: 0.7604167
INFO:root:Epoch: 40, Validation loss: 4.356879, Validation Acc: 0.17708333
INFO:root:Epoch: 41, Train loss: 0.8182901, Train Acc: 0.7534722
INFO:root:Epoch: 41, Validation loss: 4.1885056, Validation Acc: 0.1484375
INFO:root:Epoch: 42, Train loss: 0.78814304, Train Acc: 0.7686237
INFO:root:Epoch: 42, Validation loss: 3.9540079, Validation Acc: 0.19010417
INFO:root:Epoch: 43, Train loss: 0.7728526, Train Acc: 0.76325756
INFO:root:Epoch: 43, Validation loss: 4.2491527, Validation Acc: 0.17708333
INFO:root:Epoch: 44, Train loss: 0.75304997, Train Acc: 0.7761995
INFO:root:Epoch: 44, Validation loss: 4.3956056, Validation Acc: 0.16927083
INFO:root:Epoch: 45, Train loss: 0.72885597, Train Acc: 0.7878788
INFO:root:Epoch: 45, Validation loss: 4.202764, Validation Acc: 0.1953125
INFO:root:Epoch: 46, Train loss: 0.72355413, Train Acc: 0.7856692
INFO:root:Epoch: 46, Validation loss: 4.179582, Validation Acc: 0.19791667
INFO:root:Epoch: 47, Train loss: 0.6399965, Train Acc: 0.8087121
INFO:root:Epoch: 47, Validation loss: 4.354654, Validation Acc: 0.19270833
INFO:root:Epoch: 48, Train loss: 0.65020466, Train Acc: 0.8090278
INFO:root:Epoch: 48, Validation loss: 4.423035, Validation Acc: 0.15885417
INFO:root:Epoch: 49, Train loss: 0.6242563, Train Acc: 0.8175505
INFO:root:Epoch: 49, Validation loss: 4.456411, Validation Acc: 0.18229167
INFO:root:Epoch: 50, Train loss: 0.5744482, Train Acc: 0.83522725
INFO:root:Epoch: 50, Validation loss: 4.342356, Validation Acc: 0.16927083
INFO:root:Epoch: 51, Train loss: 0.56823903, Train Acc: 0.83049244
INFO:root:Epoch: 51, Validation loss: 4.438408, Validation Acc: 0.17708333
INFO:root:Epoch: 52, Train loss: 0.57577914, Train Acc: 0.8229167
INFO:root:Epoch: 52, Validation loss: 4.370152, Validation Acc: 0.19010417
INFO:root:Epoch: 53, Train loss: 0.5888849, Train Acc: 0.82354796
INFO:root:Epoch: 53, Validation loss: 4.401503, Validation Acc: 0.20833333
INFO:root:Epoch: 54, Train loss: 0.5510461, Train Acc: 0.8377525
INFO:root:Epoch: 54, Validation loss: 4.326423, Validation Acc: 0.2109375
INFO:root:Epoch: 55, Train loss: 0.5206846, Train Acc: 0.8450126
INFO:root:Epoch: 55, Validation loss: 4.579449, Validation Acc: 0.17447917
INFO:root:Epoch: 56, Train loss: 0.54992825, Train Acc: 0.8424874
INFO:root:Epoch: 56, Validation loss: 4.4734206, Validation Acc: 0.21614583
INFO:root:Epoch: 57, Train loss: 0.4703462, Train Acc: 0.8623737
INFO:root:Epoch: 57, Validation loss: 4.514284, Validation Acc: 0.20833333
INFO:root:Epoch: 58, Train loss: 0.49528515, Train Acc: 0.85353535
INFO:root:Epoch: 58, Validation loss: 4.6442842, Validation Acc: 0.19010417
INFO:root:Epoch: 59, Train loss: 0.4760325, Train Acc: 0.8620581
INFO:root:Epoch: 59, Validation loss: 4.680902, Validation Acc: 0.19791667
INFO:root:Training from ep 0 to ep 60 finished
INFO:root:Best epoch: 17
