INFO:root:Started
INFO:root:Started
INFO:root:Epoch: 0, Train loss: 11.388601
INFO:root:Epoch: 0, Validation loss: 12.93511
INFO:root:Epoch: 1, Train loss: 6.544924
INFO:root:Epoch: 1, Validation loss: 11.547164
INFO:root:Epoch: 2, Train loss: 5.629102
INFO:root:Epoch: 2, Validation loss: 11.202262
INFO:root:Epoch: 3, Train loss: 5.018908
INFO:root:Epoch: 3, Validation loss: 11.282857
INFO:root:Epoch: 4, Train loss: 4.680689
INFO:root:Epoch: 4, Validation loss: 10.980982
INFO:root:Epoch: 5, Train loss: 4.4568357
INFO:root:Epoch: 5, Validation loss: 12.523832
INFO:root:Epoch: 6, Train loss: 4.2119203
INFO:root:Epoch: 6, Validation loss: 12.930523
INFO:root:Epoch: 7, Train loss: 4.057131
INFO:root:Epoch: 7, Validation loss: 12.820536
INFO:root:Epoch: 8, Train loss: 3.9706118
INFO:root:Epoch: 8, Validation loss: 14.32483
INFO:root:Epoch: 9, Train loss: 3.8670313
INFO:root:Epoch: 9, Validation loss: 15.048321
INFO:root:Epoch: 10, Train loss: 3.7518916
INFO:root:Epoch: 10, Validation loss: 16.52863
INFO:root:Epoch: 11, Train loss: 3.6484435
INFO:root:Epoch: 11, Validation loss: 16.187386
INFO:root:Epoch: 12, Train loss: 3.5235422
INFO:root:Epoch: 12, Validation loss: 17.716589
INFO:root:Epoch: 13, Train loss: 3.4684317
INFO:root:Epoch: 13, Validation loss: 16.267982
INFO:root:Epoch: 14, Train loss: 3.4327223
INFO:root:Epoch: 14, Validation loss: 17.521955
INFO:root:Epoch: 15, Train loss: 3.3937845
INFO:root:Epoch: 15, Validation loss: 18.762276
INFO:root:Epoch: 16, Train loss: 3.3908563
INFO:root:Epoch: 16, Validation loss: 16.922125
INFO:root:Epoch: 17, Train loss: 3.3906293
INFO:root:Epoch: 17, Validation loss: 17.90899
INFO:root:Epoch: 18, Train loss: 3.3508215
INFO:root:Epoch: 18, Validation loss: 16.645395
INFO:root:Epoch: 19, Train loss: 3.3297217
INFO:root:Epoch: 19, Validation loss: 15.404256
INFO:root:Epoch: 20, Train loss: 3.3261936
INFO:root:Epoch: 20, Validation loss: 16.591356
INFO:root:Epoch: 21, Train loss: 3.3231153
INFO:root:Epoch: 21, Validation loss: 17.998295
INFO:root:Epoch: 22, Train loss: 3.2943861
INFO:root:Epoch: 22, Validation loss: 20.279585
INFO:root:Epoch: 23, Train loss: 3.2886336
INFO:root:Epoch: 23, Validation loss: 17.69692
INFO:root:Epoch: 24, Train loss: 3.2676158
INFO:root:Epoch: 24, Validation loss: 15.757583
INFO:root:Epoch: 25, Train loss: 3.2483456
INFO:root:Epoch: 25, Validation loss: 15.918032
INFO:root:Epoch: 26, Train loss: 3.224247
INFO:root:Epoch: 26, Validation loss: 16.785257
INFO:root:Epoch: 27, Train loss: 3.2164917
INFO:root:Epoch: 27, Validation loss: 18.904955
INFO:root:Epoch: 28, Train loss: 3.2170799
INFO:root:Epoch: 28, Validation loss: 18.45608
INFO:root:Epoch: 29, Train loss: 3.1907234
INFO:root:Epoch: 29, Validation loss: 15.674735
INFO:root:Epoch: 30, Train loss: 3.1904237
INFO:root:Epoch: 30, Validation loss: 13.840763
INFO:root:Epoch: 31, Train loss: 3.165779
INFO:root:Epoch: 31, Validation loss: 18.373716
INFO:root:Epoch: 32, Train loss: 3.1622882
INFO:root:Epoch: 32, Validation loss: 20.765528
INFO:root:Epoch: 33, Train loss: 3.1588497
INFO:root:Epoch: 33, Validation loss: 17.895962
INFO:root:Epoch: 34, Train loss: 3.1387064
INFO:root:Epoch: 34, Validation loss: 15.401171
INFO:root:Epoch: 35, Train loss: 3.1093922
INFO:root:Epoch: 35, Validation loss: 17.955578
INFO:root:Epoch: 36, Train loss: 3.1208074
INFO:root:Epoch: 36, Validation loss: 19.009253
INFO:root:Epoch: 37, Train loss: 3.109497
INFO:root:Epoch: 37, Validation loss: 15.532774
INFO:root:Epoch: 38, Train loss: 3.1045218
INFO:root:Epoch: 38, Validation loss: 17.985847
INFO:root:Epoch: 39, Train loss: 3.0840409
INFO:root:Epoch: 39, Validation loss: 17.047916
INFO:root:Epoch: 40, Train loss: 3.0965905
INFO:root:Epoch: 40, Validation loss: 14.106614
INFO:root:Epoch: 41, Train loss: 3.2015197
INFO:root:Epoch: 41, Validation loss: 11.05705
INFO:root:Epoch: 42, Train loss: 3.0643702
INFO:root:Epoch: 42, Validation loss: 11.857369
INFO:root:Epoch: 43, Train loss: 3.0676174
INFO:root:Epoch: 43, Validation loss: 11.493776
INFO:root:Epoch: 44, Train loss: 3.0628457
INFO:root:Epoch: 44, Validation loss: 13.060612
INFO:root:Epoch: 45, Train loss: 3.0400784
INFO:root:Epoch: 45, Validation loss: 13.2290745
INFO:root:Epoch: 46, Train loss: 3.0570548
INFO:root:Epoch: 46, Validation loss: 12.596073
INFO:root:Epoch: 47, Train loss: 3.0314522
INFO:root:Epoch: 47, Validation loss: 12.036745
INFO:root:Epoch: 48, Train loss: 3.0004818
INFO:root:Epoch: 48, Validation loss: 12.424756
INFO:root:Epoch: 49, Train loss: 2.9506521
INFO:root:Epoch: 49, Validation loss: 13.259214
INFO:root:Epoch: 50, Train loss: 2.9474525
INFO:root:Epoch: 50, Validation loss: 12.811966
INFO:root:Epoch: 51, Train loss: 2.944949
INFO:root:Epoch: 51, Validation loss: 13.864942
INFO:root:Epoch: 52, Train loss: 2.9421299
INFO:root:Epoch: 52, Validation loss: 14.185152
INFO:root:Epoch: 53, Train loss: 2.922464
INFO:root:Epoch: 53, Validation loss: 15.688215
INFO:root:Epoch: 54, Train loss: 2.9329093
INFO:root:Epoch: 54, Validation loss: 15.436338
INFO:root:Epoch: 55, Train loss: 2.921488
INFO:root:Epoch: 55, Validation loss: 14.68105
INFO:root:Epoch: 56, Train loss: 2.9218378
INFO:root:Epoch: 56, Validation loss: 17.046545
INFO:root:Epoch: 57, Train loss: 2.9119155
INFO:root:Epoch: 57, Validation loss: 16.639559
INFO:root:Epoch: 58, Train loss: 2.8611584
INFO:root:Epoch: 58, Validation loss: 16.011389
INFO:root:Epoch: 59, Train loss: 2.8385415
INFO:root:Epoch: 59, Validation loss: 15.632331
INFO:root:Epoch: 60, Train loss: 2.8289187
INFO:root:Epoch: 60, Validation loss: 17.26991
INFO:root:Epoch: 61, Train loss: 2.829195
INFO:root:Epoch: 61, Validation loss: 16.865643
INFO:root:Epoch: 62, Train loss: 2.8210676
INFO:root:Epoch: 62, Validation loss: 17.12009
INFO:root:Epoch: 63, Train loss: 2.8185272
INFO:root:Epoch: 63, Validation loss: 15.428781
INFO:root:Epoch: 64, Train loss: 2.814647
INFO:root:Epoch: 64, Validation loss: 15.310168
INFO:root:Epoch: 65, Train loss: 2.7965374
INFO:root:Epoch: 65, Validation loss: 17.349424
INFO:root:Epoch: 66, Train loss: 2.7941916
INFO:root:Epoch: 66, Validation loss: 18.857885
INFO:root:Epoch: 67, Train loss: 2.8028874
INFO:root:Epoch: 67, Validation loss: 21.332064
INFO:root:Epoch: 68, Train loss: 2.7937963
INFO:root:Epoch: 68, Validation loss: 17.067036
INFO:root:Epoch: 69, Train loss: 2.7914143
INFO:root:Epoch: 69, Validation loss: 17.691576
INFO:root:Epoch: 70, Train loss: 2.7772987
INFO:root:Epoch: 70, Validation loss: 16.544554
INFO:root:Epoch: 71, Train loss: 2.7647657
INFO:root:Epoch: 71, Validation loss: 17.092249
INFO:root:Epoch: 72, Train loss: 2.764583
INFO:root:Epoch: 72, Validation loss: 21.26209
INFO:root:Epoch: 73, Train loss: 2.78008
INFO:root:Epoch: 73, Validation loss: 20.104923
INFO:root:Epoch: 74, Train loss: 2.7739432
INFO:root:Epoch: 74, Validation loss: 17.477793
INFO:root:Epoch: 75, Train loss: 2.7500286
INFO:root:Epoch: 75, Validation loss: 16.47101
INFO:root:Epoch: 76, Train loss: 2.7615924
INFO:root:Epoch: 76, Validation loss: 16.14385
INFO:root:Epoch: 77, Train loss: 2.757838
INFO:root:Epoch: 77, Validation loss: 16.45428
INFO:root:Epoch: 78, Train loss: 2.7484243
INFO:root:Epoch: 78, Validation loss: 14.961818
INFO:root:Epoch: 79, Train loss: 2.7383034
INFO:root:Epoch: 79, Validation loss: 19.368036
INFO:root:Epoch: 80, Train loss: 2.7411373
INFO:root:Epoch: 80, Validation loss: 18.597437
INFO:root:Epoch: 81, Train loss: 2.7339592
INFO:root:Epoch: 81, Validation loss: 15.54252
INFO:root:Epoch: 82, Train loss: 2.7249813
INFO:root:Epoch: 82, Validation loss: 17.5621
INFO:root:Epoch: 83, Train loss: 2.7243946
INFO:root:Epoch: 83, Validation loss: 18.131666
INFO:root:Epoch: 84, Train loss: 2.7189946
INFO:root:Epoch: 84, Validation loss: 22.06292
INFO:root:Epoch: 85, Train loss: 2.716061
INFO:root:Epoch: 85, Validation loss: 17.704128
INFO:root:Epoch: 86, Train loss: 2.712431
INFO:root:Epoch: 86, Validation loss: 16.074835
INFO:root:Epoch: 87, Train loss: 2.7139316
INFO:root:Epoch: 87, Validation loss: 15.272205
INFO:root:Epoch: 88, Train loss: 2.708428
INFO:root:Epoch: 88, Validation loss: 18.777945
INFO:root:Epoch: 89, Train loss: 2.7159553
INFO:root:Epoch: 89, Validation loss: 15.008608
INFO:root:Epoch: 90, Train loss: 2.6885939
INFO:root:Epoch: 90, Validation loss: 18.40998
INFO:root:Epoch: 91, Train loss: 2.6936681
INFO:root:Epoch: 91, Validation loss: 16.153946
INFO:root:Epoch: 92, Train loss: 2.6927302
INFO:root:Epoch: 92, Validation loss: 16.078676
INFO:root:Epoch: 93, Train loss: 2.6848443
INFO:root:Epoch: 93, Validation loss: 20.244194
INFO:root:Epoch: 94, Train loss: 2.7962813
INFO:root:Epoch: 94, Validation loss: 10.031812
INFO:root:Epoch: 95, Train loss: 2.670078
INFO:root:Epoch: 95, Validation loss: 10.628977
INFO:root:Epoch: 96, Train loss: 2.6633112
INFO:root:Epoch: 96, Validation loss: 10.876009
INFO:root:Epoch: 97, Train loss: 2.6571417
INFO:root:Epoch: 97, Validation loss: 10.584061
INFO:root:Epoch: 98, Train loss: 2.666795
INFO:root:Epoch: 98, Validation loss: 12.441825
INFO:root:Epoch: 99, Train loss: 2.6533113
INFO:root:Epoch: 99, Validation loss: 12.696407
INFO:root:Training from ep 0 to ep 100 finished
INFO:root:Best epoch: 95
