INFO:root:Started
INFO:root:Epoch: 0, Train loss: 16.387836
INFO:root:Epoch: 0, Validation loss: 12.174716
INFO:root:Epoch: 1, Train loss: 10.566668
INFO:root:Epoch: 1, Validation loss: 9.31364
INFO:root:Epoch: 2, Train loss: 8.374148
INFO:root:Epoch: 2, Validation loss: 7.745553
INFO:root:Epoch: 3, Train loss: 7.326856
INFO:root:Epoch: 3, Validation loss: 7.0057597
INFO:root:Epoch: 4, Train loss: 6.6850257
INFO:root:Epoch: 4, Validation loss: 6.3653975
INFO:root:Epoch: 5, Train loss: 6.2469816
INFO:root:Epoch: 5, Validation loss: 5.9635844
INFO:root:Epoch: 6, Train loss: 5.8625574
INFO:root:Epoch: 6, Validation loss: 5.872121
INFO:root:Epoch: 7, Train loss: 5.6195483
INFO:root:Epoch: 7, Validation loss: 5.550074
INFO:root:Epoch: 8, Train loss: 5.463251
INFO:root:Epoch: 8, Validation loss: 5.5321074
INFO:root:Epoch: 9, Train loss: 5.2538223
INFO:root:Epoch: 9, Validation loss: 5.157434
INFO:root:Epoch: 10, Train loss: 5.085088
INFO:root:Epoch: 10, Validation loss: 5.1628947
INFO:root:Epoch: 11, Train loss: 4.948408
INFO:root:Epoch: 11, Validation loss: 4.817271
INFO:root:Epoch: 12, Train loss: 4.8393707
INFO:root:Epoch: 12, Validation loss: 4.699959
INFO:root:Epoch: 13, Train loss: 4.743625
INFO:root:Epoch: 13, Validation loss: 4.809694
INFO:root:Epoch: 14, Train loss: 4.664951
INFO:root:Epoch: 14, Validation loss: 4.708485
INFO:root:Epoch: 15, Train loss: 4.585326
INFO:root:Epoch: 15, Validation loss: 4.5390143
INFO:root:Epoch: 16, Train loss: 4.5226355
INFO:root:Epoch: 16, Validation loss: 4.4223394
INFO:root:Epoch: 17, Train loss: 4.424404
INFO:root:Epoch: 17, Validation loss: 4.42324
INFO:root:Epoch: 18, Train loss: 4.3217244
INFO:root:Epoch: 18, Validation loss: 4.216621
INFO:root:Epoch: 19, Train loss: 4.246171
INFO:root:Epoch: 19, Validation loss: 4.22685
INFO:root:Epoch: 20, Train loss: 4.206678
INFO:root:Epoch: 20, Validation loss: 4.2400355
INFO:root:Epoch: 21, Train loss: 4.1777844
INFO:root:Epoch: 21, Validation loss: 4.231813
INFO:root:Epoch: 22, Train loss: 4.1194544
INFO:root:Epoch: 22, Validation loss: 4.226314
INFO:root:Epoch: 23, Train loss: 4.1183724
INFO:root:Epoch: 23, Validation loss: 4.0819426
INFO:root:Epoch: 24, Train loss: 4.1112084
INFO:root:Epoch: 24, Validation loss: 4.1134195
INFO:root:Epoch: 25, Train loss: 4.063465
INFO:root:Epoch: 25, Validation loss: 4.1041503
INFO:root:Epoch: 26, Train loss: 4.034527
INFO:root:Epoch: 26, Validation loss: 4.037412
INFO:root:Epoch: 27, Train loss: 4.0327015
INFO:root:Epoch: 27, Validation loss: 4.0541863
INFO:root:Epoch: 28, Train loss: 4.015099
INFO:root:Epoch: 28, Validation loss: 4.0046577
INFO:root:Epoch: 29, Train loss: 4.007335
INFO:root:Epoch: 29, Validation loss: 3.9963796
INFO:root:Epoch: 30, Train loss: 3.9909947
INFO:root:Epoch: 30, Validation loss: 3.9339254
INFO:root:Epoch: 31, Train loss: 3.9709911
INFO:root:Epoch: 31, Validation loss: 4.0727925
INFO:root:Epoch: 32, Train loss: 3.9796968
INFO:root:Epoch: 32, Validation loss: 3.9982145
INFO:root:Epoch: 33, Train loss: 3.9538097
INFO:root:Epoch: 33, Validation loss: 4.0443296
INFO:root:Epoch: 34, Train loss: 3.9410546
INFO:root:Epoch: 34, Validation loss: 4.103212
INFO:root:Epoch: 35, Train loss: 3.9297073
INFO:root:Epoch: 35, Validation loss: 3.9992561
INFO:root:Epoch: 36, Train loss: 3.93546
INFO:root:Epoch: 36, Validation loss: 3.9379487
INFO:root:Epoch: 37, Train loss: 3.9107094
INFO:root:Epoch: 37, Validation loss: 3.920358
INFO:root:Epoch: 38, Train loss: 3.9327147
INFO:root:Epoch: 38, Validation loss: 4.005882
INFO:root:Epoch: 39, Train loss: 3.907254
INFO:root:Epoch: 39, Validation loss: 4.036295
INFO:root:Epoch: 40, Train loss: 3.8906164
INFO:root:Epoch: 40, Validation loss: 3.9045641
INFO:root:Epoch: 41, Train loss: 3.8520534
INFO:root:Epoch: 41, Validation loss: 3.9383073
INFO:root:Epoch: 42, Train loss: 3.8593776
INFO:root:Epoch: 42, Validation loss: 3.8807797
INFO:root:Epoch: 43, Train loss: 3.861849
INFO:root:Epoch: 43, Validation loss: 3.8555467
INFO:root:Epoch: 44, Train loss: 3.8554196
INFO:root:Epoch: 44, Validation loss: 3.9596155
INFO:root:Epoch: 45, Train loss: 3.8349497
INFO:root:Epoch: 45, Validation loss: 3.9481838
INFO:root:Epoch: 46, Train loss: 3.8137352
INFO:root:Epoch: 46, Validation loss: 3.8412852
INFO:root:Epoch: 47, Train loss: 3.7980669
INFO:root:Epoch: 47, Validation loss: 3.8649993
INFO:root:Epoch: 48, Train loss: 3.7937086
INFO:root:Epoch: 48, Validation loss: 3.8416855
INFO:root:Epoch: 49, Train loss: 3.7880447
INFO:root:Epoch: 49, Validation loss: 3.8593886
INFO:root:Epoch: 50, Train loss: 3.790425
INFO:root:Epoch: 50, Validation loss: 3.8660922
INFO:root:Epoch: 51, Train loss: 3.7783556
INFO:root:Epoch: 51, Validation loss: 3.785122
INFO:root:Epoch: 52, Train loss: 3.7598236
INFO:root:Epoch: 52, Validation loss: 3.8442464
INFO:root:Epoch: 53, Train loss: 3.7694488
INFO:root:Epoch: 53, Validation loss: 3.8428137
INFO:root:Epoch: 54, Train loss: 3.7552276
INFO:root:Epoch: 54, Validation loss: 3.8021672
INFO:root:Epoch: 55, Train loss: 3.7323902
INFO:root:Epoch: 55, Validation loss: 3.830561
INFO:root:Epoch: 56, Train loss: 3.7311985
INFO:root:Epoch: 56, Validation loss: 3.769548
INFO:root:Epoch: 57, Train loss: 3.733786
INFO:root:Epoch: 57, Validation loss: 3.7492745
INFO:root:Epoch: 58, Train loss: 3.7164693
INFO:root:Epoch: 58, Validation loss: 3.7907372
INFO:root:Epoch: 59, Train loss: 3.7133908
INFO:root:Epoch: 59, Validation loss: 3.7296145
INFO:root:Epoch: 60, Train loss: 3.7261808
INFO:root:Epoch: 60, Validation loss: 3.7982183
INFO:root:Epoch: 61, Train loss: 3.669177
INFO:root:Epoch: 61, Validation loss: 3.761936
INFO:root:Epoch: 62, Train loss: 3.695411
INFO:root:Epoch: 62, Validation loss: 3.6742733
INFO:root:Epoch: 63, Train loss: 3.6992996
INFO:root:Epoch: 63, Validation loss: 3.849358
INFO:root:Epoch: 64, Train loss: 3.678062
INFO:root:Epoch: 64, Validation loss: 3.7129524
INFO:root:Epoch: 65, Train loss: 3.6683075
INFO:root:Epoch: 65, Validation loss: 3.6925082
INFO:root:Epoch: 66, Train loss: 3.667042
INFO:root:Epoch: 66, Validation loss: 3.733228
INFO:root:Epoch: 67, Train loss: 3.6799192
INFO:root:Epoch: 67, Validation loss: 3.7400954
INFO:root:Epoch: 68, Train loss: 3.642892
INFO:root:Epoch: 68, Validation loss: 3.7411857
INFO:root:Epoch: 69, Train loss: 3.6469288
INFO:root:Epoch: 69, Validation loss: 3.6409717
INFO:root:Epoch: 70, Train loss: 3.6319666
INFO:root:Epoch: 70, Validation loss: 3.7466877
INFO:root:Epoch: 71, Train loss: 3.6019237
INFO:root:Epoch: 71, Validation loss: 3.711497
INFO:root:Epoch: 72, Train loss: 3.6355147
INFO:root:Epoch: 72, Validation loss: 3.6675892
INFO:root:Epoch: 73, Train loss: 3.5909839
INFO:root:Epoch: 73, Validation loss: 3.718756
INFO:root:Epoch: 74, Train loss: 3.6053169
INFO:root:Epoch: 74, Validation loss: 3.7057683
INFO:root:Epoch: 75, Train loss: 3.5931604
INFO:root:Epoch: 75, Validation loss: 3.765308
INFO:root:Epoch: 76, Train loss: 3.5679872
INFO:root:Epoch: 76, Validation loss: 3.6102598
INFO:root:Epoch: 77, Train loss: 3.5347638
INFO:root:Epoch: 77, Validation loss: 3.6297681
INFO:root:Epoch: 78, Train loss: 3.5243733
INFO:root:Epoch: 78, Validation loss: 3.5631597
INFO:root:Epoch: 79, Train loss: 3.5219128
INFO:root:Epoch: 79, Validation loss: 3.5161686
INFO:root:Epoch: 80, Train loss: 3.5075183
INFO:root:Epoch: 80, Validation loss: 3.4907916
INFO:root:Epoch: 81, Train loss: 3.4895034
INFO:root:Epoch: 81, Validation loss: 3.6464655
INFO:root:Epoch: 82, Train loss: 3.481726
INFO:root:Epoch: 82, Validation loss: 3.5602322
INFO:root:Epoch: 83, Train loss: 3.4414907
INFO:root:Epoch: 83, Validation loss: 3.446051
INFO:root:Epoch: 84, Train loss: 3.4342532
INFO:root:Epoch: 84, Validation loss: 3.5888953
INFO:root:Epoch: 85, Train loss: 3.3984616
INFO:root:Epoch: 85, Validation loss: 3.5142071
INFO:root:Epoch: 86, Train loss: 3.4058335
INFO:root:Epoch: 86, Validation loss: 3.5266404
INFO:root:Epoch: 87, Train loss: 3.4037335
INFO:root:Epoch: 87, Validation loss: 3.5233502
INFO:root:Epoch: 88, Train loss: 3.409285
INFO:root:Epoch: 88, Validation loss: 3.48741
INFO:root:Epoch: 89, Train loss: 3.3976798
INFO:root:Epoch: 89, Validation loss: 3.6327364
INFO:root:Epoch: 90, Train loss: 3.3868375
INFO:root:Epoch: 90, Validation loss: 3.468223
INFO:root:Epoch: 91, Train loss: 3.3807528
INFO:root:Epoch: 91, Validation loss: 3.4281945
INFO:root:Epoch: 92, Train loss: 3.3724
INFO:root:Epoch: 92, Validation loss: 3.462157
INFO:root:Epoch: 93, Train loss: 3.3547535
INFO:root:Epoch: 93, Validation loss: 3.5287855
INFO:root:Epoch: 94, Train loss: 3.3779504
INFO:root:Epoch: 94, Validation loss: 3.399914
INFO:root:Epoch: 95, Train loss: 3.3835638
INFO:root:Epoch: 95, Validation loss: 3.4690487
INFO:root:Epoch: 96, Train loss: 3.3829837
INFO:root:Epoch: 96, Validation loss: 3.522268
INFO:root:Epoch: 97, Train loss: 3.3533309
INFO:root:Epoch: 97, Validation loss: 3.4375813
INFO:root:Epoch: 98, Train loss: 3.360374
INFO:root:Epoch: 98, Validation loss: 3.4863784
INFO:root:Epoch: 99, Train loss: 3.3633206
INFO:root:Epoch: 99, Validation loss: 3.4954
INFO:root:Training from ep 0 to ep 100 finished
INFO:root:Best epoch: 95
