INFO:root:Started
INFO:root:Epoch: 0, Train loss: 3.7875283, Train Acc: 0.05429293
INFO:root:Epoch: 0, Validation loss: 3.6850367, Validation Acc: 0.080729164
INFO:root:Epoch: 1, Train loss: 3.559246, Train Acc: 0.10037879
INFO:root:Epoch: 1, Validation loss: 3.6390438, Validation Acc: 0.104166664
INFO:root:Epoch: 2, Train loss: 3.4229681, Train Acc: 0.11395202
INFO:root:Epoch: 2, Validation loss: 3.5428, Validation Acc: 0.083333336
INFO:root:Epoch: 3, Train loss: 3.3002021, Train Acc: 0.14330809
INFO:root:Epoch: 3, Validation loss: 3.5134907, Validation Acc: 0.1171875
INFO:root:Epoch: 4, Train loss: 3.2139828, Train Acc: 0.17045455
INFO:root:Epoch: 4, Validation loss: 3.4872656, Validation Acc: 0.088541664
INFO:root:Epoch: 5, Train loss: 3.1030087, Train Acc: 0.17108586
INFO:root:Epoch: 5, Validation loss: 3.5939207, Validation Acc: 0.0859375
INFO:root:Epoch: 6, Train loss: 3.0376987, Train Acc: 0.20012626
INFO:root:Epoch: 6, Validation loss: 3.4648542, Validation Acc: 0.091145836
INFO:root:Epoch: 7, Train loss: 2.9442878, Train Acc: 0.22506313
INFO:root:Epoch: 7, Validation loss: 3.507107, Validation Acc: 0.104166664
INFO:root:Epoch: 8, Train loss: 2.8448093, Train Acc: 0.24337122
INFO:root:Epoch: 8, Validation loss: 3.4852421, Validation Acc: 0.119791664
INFO:root:Epoch: 9, Train loss: 2.731578, Train Acc: 0.2695707
INFO:root:Epoch: 9, Validation loss: 3.5533094, Validation Acc: 0.140625
INFO:root:Epoch: 10, Train loss: 2.6389663, Train Acc: 0.29924244
INFO:root:Epoch: 10, Validation loss: 3.3854322, Validation Acc: 0.15104167
INFO:root:Epoch: 11, Train loss: 2.5728378, Train Acc: 0.3118687
INFO:root:Epoch: 11, Validation loss: 3.4988754, Validation Acc: 0.114583336
INFO:root:Epoch: 12, Train loss: 2.48662, Train Acc: 0.33080807
INFO:root:Epoch: 12, Validation loss: 3.4729357, Validation Acc: 0.1484375
INFO:root:Epoch: 13, Train loss: 2.373707, Train Acc: 0.3715278
INFO:root:Epoch: 13, Validation loss: 3.3516026, Validation Acc: 0.15625
INFO:root:Epoch: 14, Train loss: 2.3466227, Train Acc: 0.36584595
INFO:root:Epoch: 14, Validation loss: 3.3542912, Validation Acc: 0.17447917
INFO:root:Epoch: 15, Train loss: 2.24749, Train Acc: 0.38794193
INFO:root:Epoch: 15, Validation loss: 3.57063, Validation Acc: 0.15104167
INFO:root:Epoch: 16, Train loss: 2.148219, Train Acc: 0.40877524
INFO:root:Epoch: 16, Validation loss: 3.4008553, Validation Acc: 0.171875
INFO:root:Epoch: 17, Train loss: 2.1075025, Train Acc: 0.426452
INFO:root:Epoch: 17, Validation loss: 3.3831093, Validation Acc: 0.14583333
INFO:root:Epoch: 18, Train loss: 2.0030124, Train Acc: 0.44665405
INFO:root:Epoch: 18, Validation loss: 3.4079254, Validation Acc: 0.15625
INFO:root:Epoch: 19, Train loss: 1.976945, Train Acc: 0.46496212
INFO:root:Epoch: 19, Validation loss: 3.3957462, Validation Acc: 0.1796875
INFO:root:Epoch: 20, Train loss: 1.8825114, Train Acc: 0.4848485
INFO:root:Epoch: 20, Validation loss: 3.4471405, Validation Acc: 0.1640625
INFO:root:Epoch: 21, Train loss: 1.8604517, Train Acc: 0.48863637
INFO:root:Epoch: 21, Validation loss: 3.408097, Validation Acc: 0.203125
INFO:root:Epoch: 22, Train loss: 1.7674885, Train Acc: 0.509154
INFO:root:Epoch: 22, Validation loss: 3.6438665, Validation Acc: 0.1640625
INFO:root:Epoch: 23, Train loss: 1.7032756, Train Acc: 0.5198864
INFO:root:Epoch: 23, Validation loss: 3.585718, Validation Acc: 0.15885417
INFO:root:Epoch: 24, Train loss: 1.6379005, Train Acc: 0.5511364
INFO:root:Epoch: 24, Validation loss: 3.597289, Validation Acc: 0.1640625
INFO:root:Epoch: 25, Train loss: 1.6078206, Train Acc: 0.55271465
INFO:root:Epoch: 25, Validation loss: 3.561395, Validation Acc: 0.16666667
INFO:root:Epoch: 26, Train loss: 1.5351641, Train Acc: 0.5760732
INFO:root:Epoch: 26, Validation loss: 3.4704978, Validation Acc: 0.19270833
INFO:root:Epoch: 27, Train loss: 1.5062231, Train Acc: 0.5763889
INFO:root:Epoch: 27, Validation loss: 3.4902995, Validation Acc: 0.234375
INFO:root:Epoch: 28, Train loss: 1.4933094, Train Acc: 0.5833333
INFO:root:Epoch: 28, Validation loss: 3.6034977, Validation Acc: 0.22916667
INFO:root:Epoch: 29, Train loss: 1.4067782, Train Acc: 0.602904
INFO:root:Epoch: 29, Validation loss: 3.6700542, Validation Acc: 0.22135417
INFO:root:Training from ep 0 to ep 30 finished
INFO:root:Best epoch: 28
INFO:root:Started
INFO:root:Epoch: 0, Train loss: 3.7597663, Train Acc: 0.060606062
INFO:root:Epoch: 0, Validation loss: 3.7494001, Validation Acc: 0.0859375
INFO:root:Epoch: 1, Train loss: 3.5156417, Train Acc: 0.10542929
INFO:root:Epoch: 1, Validation loss: 3.5864704, Validation Acc: 0.109375
INFO:root:Epoch: 2, Train loss: 3.3589802, Train Acc: 0.1227904
INFO:root:Epoch: 2, Validation loss: 3.5644827, Validation Acc: 0.083333336
INFO:root:Epoch: 3, Train loss: 3.2227664, Train Acc: 0.1635101
INFO:root:Epoch: 3, Validation loss: 3.5589523, Validation Acc: 0.104166664
INFO:root:Epoch: 4, Train loss: 3.127458, Train Acc: 0.1802399
INFO:root:Epoch: 4, Validation loss: 3.5092285, Validation Acc: 0.106770836
INFO:root:Epoch: 5, Train loss: 3.0175858, Train Acc: 0.20643939
INFO:root:Epoch: 5, Validation loss: 3.499734, Validation Acc: 0.09375
INFO:root:Epoch: 6, Train loss: 2.9364617, Train Acc: 0.2231692
INFO:root:Epoch: 6, Validation loss: 3.4709902, Validation Acc: 0.1015625
INFO:root:Epoch: 7, Train loss: 2.8502874, Train Acc: 0.2471591
INFO:root:Epoch: 7, Validation loss: 3.5306532, Validation Acc: 0.106770836
INFO:root:Epoch: 8, Train loss: 2.746644, Train Acc: 0.26799244
INFO:root:Epoch: 8, Validation loss: 3.5334246, Validation Acc: 0.104166664
INFO:root:Epoch: 9, Train loss: 2.613883, Train Acc: 0.3030303
INFO:root:Epoch: 9, Validation loss: 3.4347355, Validation Acc: 0.15364583
INFO:root:Epoch: 10, Train loss: 2.5153327, Train Acc: 0.32954547
INFO:root:Epoch: 10, Validation loss: 3.3927078, Validation Acc: 0.122395836
INFO:root:Epoch: 11, Train loss: 2.4549248, Train Acc: 0.34911618
INFO:root:Epoch: 11, Validation loss: 3.6204484, Validation Acc: 0.13020833
INFO:root:Epoch: 12, Train loss: 2.3461366, Train Acc: 0.36868685
INFO:root:Epoch: 12, Validation loss: 3.476492, Validation Acc: 0.14322917
INFO:root:Epoch: 13, Train loss: 2.2476218, Train Acc: 0.39267677
INFO:root:Epoch: 13, Validation loss: 3.4660609, Validation Acc: 0.1328125
INFO:root:Epoch: 14, Train loss: 2.2288442, Train Acc: 0.3945707
INFO:root:Epoch: 14, Validation loss: 3.4586542, Validation Acc: 0.13802083
INFO:root:Epoch: 15, Train loss: 2.0956533, Train Acc: 0.4302399
INFO:root:Epoch: 15, Validation loss: 3.607895, Validation Acc: 0.15364583
INFO:root:Epoch: 16, Train loss: 2.0227318, Train Acc: 0.43308082
INFO:root:Epoch: 16, Validation loss: 3.4670837, Validation Acc: 0.171875
INFO:root:Epoch: 17, Train loss: 1.9869426, Train Acc: 0.4526515
INFO:root:Epoch: 17, Validation loss: 3.4455402, Validation Acc: 0.1640625
INFO:root:Epoch: 18, Train loss: 1.905021, Train Acc: 0.47032827
INFO:root:Epoch: 18, Validation loss: 3.4742098, Validation Acc: 0.15885417
INFO:root:Epoch: 19, Train loss: 1.8371385, Train Acc: 0.49305555
INFO:root:Epoch: 19, Validation loss: 3.517491, Validation Acc: 0.1328125
INFO:root:Epoch: 20, Train loss: 1.7473245, Train Acc: 0.50978535
INFO:root:Epoch: 20, Validation loss: 3.5050824, Validation Acc: 0.15625
INFO:root:Epoch: 21, Train loss: 1.7458926, Train Acc: 0.5059975
INFO:root:Epoch: 21, Validation loss: 3.766448, Validation Acc: 0.15625
INFO:root:Epoch: 22, Train loss: 1.6320431, Train Acc: 0.55397725
INFO:root:Epoch: 22, Validation loss: 3.622753, Validation Acc: 0.16666667
INFO:root:Epoch: 23, Train loss: 1.5898358, Train Acc: 0.5520833
INFO:root:Epoch: 23, Validation loss: 3.6707373, Validation Acc: 0.140625
INFO:root:Epoch: 24, Train loss: 1.5100687, Train Acc: 0.5798611
INFO:root:Epoch: 24, Validation loss: 3.6589086, Validation Acc: 0.16666667
INFO:root:Epoch: 25, Train loss: 1.4494909, Train Acc: 0.59406567
INFO:root:Epoch: 25, Validation loss: 3.7580898, Validation Acc: 0.1484375
INFO:root:Epoch: 26, Train loss: 1.4234334, Train Acc: 0.592803
INFO:root:Epoch: 26, Validation loss: 3.658128, Validation Acc: 0.17447917
INFO:root:Epoch: 27, Train loss: 1.3775135, Train Acc: 0.6104798
INFO:root:Epoch: 27, Validation loss: 3.5624046, Validation Acc: 0.203125
INFO:root:Epoch: 28, Train loss: 1.3329881, Train Acc: 0.6227904
INFO:root:Epoch: 28, Validation loss: 3.6230257, Validation Acc: 0.19270833
INFO:root:Epoch: 29, Train loss: 1.2896854, Train Acc: 0.63920456
INFO:root:Epoch: 29, Validation loss: 3.7668657, Validation Acc: 0.17447917
INFO:root:Training from ep 0 to ep 30 finished
INFO:root:Best epoch: 28
