INFO:root:Started
INFO:root:Epoch: 0, Train loss: 4.5092754
INFO:root:Epoch: 0, Validation loss: 2.3619182
INFO:root:Epoch: 1, Train loss: 1.7752376
INFO:root:Epoch: 1, Validation loss: 1.4334356
INFO:root:Epoch: 2, Train loss: 1.2676194
INFO:root:Epoch: 2, Validation loss: 1.2220192
INFO:root:Epoch: 3, Train loss: 1.1125994
INFO:root:Epoch: 3, Validation loss: 1.0867335
INFO:root:Epoch: 4, Train loss: 1.034329
INFO:root:Epoch: 4, Validation loss: 1.0179816
INFO:root:Epoch: 5, Train loss: 0.9718149
INFO:root:Epoch: 5, Validation loss: 0.9775146
INFO:root:Epoch: 6, Train loss: 0.941494
INFO:root:Epoch: 6, Validation loss: 0.94155943
INFO:root:Epoch: 7, Train loss: 0.91521394
INFO:root:Epoch: 7, Validation loss: 0.8837976
INFO:root:Epoch: 8, Train loss: 0.89049524
INFO:root:Epoch: 8, Validation loss: 0.8784473
INFO:root:Epoch: 9, Train loss: 0.8757497
INFO:root:Epoch: 9, Validation loss: 0.8804404
INFO:root:Epoch: 10, Train loss: 0.857891
INFO:root:Epoch: 10, Validation loss: 0.84480655
INFO:root:Epoch: 11, Train loss: 0.8542347
INFO:root:Epoch: 11, Validation loss: 0.8516205
INFO:root:Epoch: 12, Train loss: 0.83570325
INFO:root:Epoch: 12, Validation loss: 0.842929
INFO:root:Epoch: 13, Train loss: 0.83241314
INFO:root:Epoch: 13, Validation loss: 0.8256372
INFO:root:Epoch: 14, Train loss: 0.8205455
INFO:root:Epoch: 14, Validation loss: 0.81446135
INFO:root:Epoch: 15, Train loss: 0.817885
INFO:root:Epoch: 15, Validation loss: 0.82917535
INFO:root:Epoch: 16, Train loss: 0.80879
INFO:root:Epoch: 16, Validation loss: 0.80485934
INFO:root:Epoch: 17, Train loss: 0.8038422
INFO:root:Epoch: 17, Validation loss: 0.7869108
INFO:root:Epoch: 18, Train loss: 0.80604106
INFO:root:Epoch: 18, Validation loss: 0.78603095
INFO:root:Epoch: 19, Train loss: 0.79235244
INFO:root:Epoch: 19, Validation loss: 0.7968298
INFO:root:Epoch: 20, Train loss: 0.79172695
INFO:root:Epoch: 20, Validation loss: 0.8033564
INFO:root:Epoch: 21, Train loss: 0.7804304
INFO:root:Epoch: 21, Validation loss: 0.79994905
INFO:root:Epoch: 22, Train loss: 0.77777153
INFO:root:Epoch: 22, Validation loss: 0.80480695
INFO:root:Epoch: 23, Train loss: 0.7851876
INFO:root:Epoch: 23, Validation loss: 0.80983406
INFO:root:Epoch: 24, Train loss: 0.7723273
INFO:root:Epoch: 24, Validation loss: 0.77355736
INFO:root:Epoch: 25, Train loss: 0.7780276
INFO:root:Epoch: 25, Validation loss: 0.7729807
INFO:root:Epoch: 26, Train loss: 0.7680045
INFO:root:Epoch: 26, Validation loss: 0.77411705
INFO:root:Epoch: 27, Train loss: 0.7600083
INFO:root:Epoch: 27, Validation loss: 0.7808723
INFO:root:Epoch: 28, Train loss: 0.7597926
INFO:root:Epoch: 28, Validation loss: 0.76874936
INFO:root:Epoch: 29, Train loss: 0.7579801
INFO:root:Epoch: 29, Validation loss: 0.7700533
INFO:root:Epoch: 30, Train loss: 0.75440574
INFO:root:Epoch: 30, Validation loss: 0.7509764
INFO:root:Epoch: 31, Train loss: 0.7464108
INFO:root:Epoch: 31, Validation loss: 0.74967605
INFO:root:Epoch: 32, Train loss: 0.7444536
INFO:root:Epoch: 32, Validation loss: 0.79240495
INFO:root:Epoch: 33, Train loss: 0.747809
INFO:root:Epoch: 33, Validation loss: 0.7567396
INFO:root:Epoch: 34, Train loss: 0.7415939
INFO:root:Epoch: 34, Validation loss: 0.7369156
INFO:root:Epoch: 35, Train loss: 0.7369277
INFO:root:Epoch: 35, Validation loss: 0.7926907
INFO:root:Epoch: 36, Train loss: 0.7288737
INFO:root:Epoch: 36, Validation loss: 0.78407604
INFO:root:Epoch: 37, Train loss: 0.740088
INFO:root:Epoch: 37, Validation loss: 0.7944155
INFO:root:Epoch: 38, Train loss: 0.7413471
INFO:root:Epoch: 38, Validation loss: 0.72884434
INFO:root:Epoch: 39, Train loss: 0.72265905
INFO:root:Epoch: 39, Validation loss: 0.72660774
INFO:root:Epoch: 40, Train loss: 0.72994417
INFO:root:Epoch: 40, Validation loss: 0.7622135
INFO:root:Epoch: 41, Train loss: 0.7105874
INFO:root:Epoch: 41, Validation loss: 0.751382
INFO:root:Epoch: 42, Train loss: 0.7279686
INFO:root:Epoch: 42, Validation loss: 0.72513676
INFO:root:Epoch: 43, Train loss: 0.7147249
INFO:root:Epoch: 43, Validation loss: 0.7181556
INFO:root:Epoch: 44, Train loss: 0.7055849
INFO:root:Epoch: 44, Validation loss: 0.70911187
INFO:root:Epoch: 45, Train loss: 0.7043789
INFO:root:Epoch: 45, Validation loss: 0.7009055
INFO:root:Epoch: 46, Train loss: 0.71256113
INFO:root:Epoch: 46, Validation loss: 0.74628997
INFO:root:Epoch: 47, Train loss: 0.7081623
INFO:root:Epoch: 47, Validation loss: 0.71874326
INFO:root:Epoch: 48, Train loss: 0.7020062
INFO:root:Epoch: 48, Validation loss: 0.7230037
INFO:root:Epoch: 49, Train loss: 0.6977498
INFO:root:Epoch: 49, Validation loss: 0.706609
INFO:root:Epoch: 50, Train loss: 0.70975757
INFO:root:Epoch: 50, Validation loss: 0.70813996
INFO:root:Epoch: 51, Train loss: 0.6873207
INFO:root:Epoch: 51, Validation loss: 0.73101443
INFO:root:Epoch: 52, Train loss: 0.68586856
INFO:root:Epoch: 52, Validation loss: 0.6970333
INFO:root:Epoch: 53, Train loss: 0.6811564
INFO:root:Epoch: 53, Validation loss: 0.722545
INFO:root:Epoch: 54, Train loss: 0.6882243
INFO:root:Epoch: 54, Validation loss: 0.7353039
INFO:root:Epoch: 55, Train loss: 0.6798815
INFO:root:Epoch: 55, Validation loss: 0.7233817
INFO:root:Epoch: 56, Train loss: 0.6889215
INFO:root:Epoch: 56, Validation loss: 0.6949262
INFO:root:Epoch: 57, Train loss: 0.6861325
INFO:root:Epoch: 57, Validation loss: 0.71851623
INFO:root:Epoch: 58, Train loss: 0.6914588
INFO:root:Epoch: 58, Validation loss: 0.7050976
INFO:root:Epoch: 59, Train loss: 0.68072295
INFO:root:Epoch: 59, Validation loss: 0.69069207
INFO:root:Epoch: 60, Train loss: 0.6738328
INFO:root:Epoch: 60, Validation loss: 0.69689643
INFO:root:Epoch: 61, Train loss: 0.6761681
INFO:root:Epoch: 61, Validation loss: 0.72785884
INFO:root:Epoch: 62, Train loss: 0.67750406
INFO:root:Epoch: 62, Validation loss: 0.6792908
INFO:root:Epoch: 63, Train loss: 0.6681172
INFO:root:Epoch: 63, Validation loss: 0.67510676
INFO:root:Epoch: 64, Train loss: 0.6667265
INFO:root:Epoch: 64, Validation loss: 0.73147464
INFO:root:Epoch: 65, Train loss: 0.6811861
INFO:root:Epoch: 65, Validation loss: 0.6903859
INFO:root:Epoch: 66, Train loss: 0.6622979
INFO:root:Epoch: 66, Validation loss: 0.692656
INFO:root:Epoch: 67, Train loss: 0.6584996
INFO:root:Epoch: 67, Validation loss: 0.70401543
INFO:root:Epoch: 68, Train loss: 0.66225904
INFO:root:Epoch: 68, Validation loss: 0.7148599
INFO:root:Epoch: 69, Train loss: 0.657949
INFO:root:Epoch: 69, Validation loss: 0.66557825
INFO:root:Epoch: 70, Train loss: 0.65348697
INFO:root:Epoch: 70, Validation loss: 0.72880554
INFO:root:Epoch: 71, Train loss: 0.650146
INFO:root:Epoch: 71, Validation loss: 0.7190882
INFO:root:Epoch: 72, Train loss: 0.65703523
INFO:root:Epoch: 72, Validation loss: 0.7009329
INFO:root:Epoch: 73, Train loss: 0.64920044
INFO:root:Epoch: 73, Validation loss: 0.71229935
INFO:root:Epoch: 74, Train loss: 0.64105505
INFO:root:Epoch: 74, Validation loss: 0.6941894
INFO:root:Epoch: 75, Train loss: 0.6429152
INFO:root:Epoch: 75, Validation loss: 0.69427854
INFO:root:Epoch: 76, Train loss: 0.6417965
INFO:root:Epoch: 76, Validation loss: 0.66641206
INFO:root:Epoch: 77, Train loss: 0.63897896
INFO:root:Epoch: 77, Validation loss: 0.6467226
INFO:root:Epoch: 78, Train loss: 0.6438525
INFO:root:Epoch: 78, Validation loss: 0.6839905
INFO:root:Epoch: 79, Train loss: 0.63877124
INFO:root:Epoch: 79, Validation loss: 0.701403
INFO:root:Epoch: 80, Train loss: 0.6403368
INFO:root:Epoch: 80, Validation loss: 0.6889658
INFO:root:Epoch: 81, Train loss: 0.6473017
INFO:root:Epoch: 81, Validation loss: 0.68150204
INFO:root:Epoch: 82, Train loss: 0.6390177
INFO:root:Epoch: 82, Validation loss: 0.69996434
INFO:root:Epoch: 83, Train loss: 0.62737435
INFO:root:Epoch: 83, Validation loss: 0.6810215
INFO:root:Epoch: 84, Train loss: 0.6318087
INFO:root:Epoch: 84, Validation loss: 0.6802236
INFO:root:Epoch: 85, Train loss: 0.62983274
INFO:root:Epoch: 85, Validation loss: 0.65736187
INFO:root:Epoch: 86, Train loss: 0.62785524
INFO:root:Epoch: 86, Validation loss: 0.6983719
INFO:root:Epoch: 87, Train loss: 0.61781645
INFO:root:Epoch: 87, Validation loss: 0.6819357
INFO:root:Epoch: 88, Train loss: 0.6263635
INFO:root:Epoch: 88, Validation loss: 0.7037729
INFO:root:Epoch: 89, Train loss: 0.6185768
INFO:root:Epoch: 89, Validation loss: 0.6632424
INFO:root:Epoch: 90, Train loss: 0.62086713
INFO:root:Epoch: 90, Validation loss: 0.682573
INFO:root:Epoch: 91, Train loss: 0.6083807
INFO:root:Epoch: 91, Validation loss: 0.6785309
INFO:root:Epoch: 92, Train loss: 0.60854286
INFO:root:Epoch: 92, Validation loss: 0.6722794
INFO:root:Epoch: 93, Train loss: 0.61035424
INFO:root:Epoch: 93, Validation loss: 0.6570907
INFO:root:Epoch: 94, Train loss: 0.60619056
INFO:root:Epoch: 94, Validation loss: 0.6596926
INFO:root:Epoch: 95, Train loss: 0.6042663
INFO:root:Epoch: 95, Validation loss: 0.6477564
INFO:root:Epoch: 96, Train loss: 0.6088178
INFO:root:Epoch: 96, Validation loss: 0.70425594
INFO:root:Epoch: 97, Train loss: 0.59936714
INFO:root:Epoch: 97, Validation loss: 0.7002052
INFO:root:Epoch: 98, Train loss: 0.6139756
INFO:root:Epoch: 98, Validation loss: 0.6520139
INFO:root:Epoch: 99, Train loss: 0.5946829
INFO:root:Epoch: 99, Validation loss: 0.66386575
INFO:root:Training from ep 0 to ep 100 finished
INFO:root:Best epoch: 78
