INFO:root:Started
INFO:root:Started
INFO:root:Epoch: 0, Train loss: 1.1488479
INFO:root:Epoch: 0, Validation loss: 0.09440271
INFO:root:Epoch: 1, Train loss: 0.038178217
INFO:root:Epoch: 1, Validation loss: 0.021422219
INFO:root:Epoch: 2, Train loss: 0.011306712
INFO:root:Epoch: 2, Validation loss: 0.013007032
INFO:root:Epoch: 3, Train loss: 0.0064279777
INFO:root:Epoch: 3, Validation loss: 0.008591593
INFO:root:Epoch: 4, Train loss: 0.0040984075
INFO:root:Epoch: 4, Validation loss: 0.0038151806
INFO:root:Epoch: 5, Train loss: 0.0025079937
INFO:root:Epoch: 5, Validation loss: 0.0038315589
INFO:root:Epoch: 6, Train loss: 0.0018175695
INFO:root:Epoch: 6, Validation loss: 0.002340653
INFO:root:Epoch: 7, Train loss: 0.0015279114
INFO:root:Epoch: 7, Validation loss: 0.0017529626
INFO:root:Epoch: 8, Train loss: 0.0012720425
INFO:root:Epoch: 8, Validation loss: 0.0011832265
INFO:root:Epoch: 9, Train loss: 0.0009772573
INFO:root:Epoch: 9, Validation loss: 0.0011770672
INFO:root:Epoch: 10, Train loss: 0.00070648064
INFO:root:Epoch: 10, Validation loss: 0.0016341186
INFO:root:Epoch: 11, Train loss: 0.00070709595
INFO:root:Epoch: 11, Validation loss: 0.0025041231
INFO:root:Epoch: 12, Train loss: 0.0006398245
INFO:root:Epoch: 12, Validation loss: 0.0016695631
INFO:root:Epoch: 13, Train loss: 0.0005380307
INFO:root:Epoch: 13, Validation loss: 0.0015707035
INFO:root:Epoch: 14, Train loss: 0.000573744
INFO:root:Epoch: 14, Validation loss: 0.0009315543
INFO:root:Epoch: 15, Train loss: 0.0005127507
INFO:root:Epoch: 15, Validation loss: 0.0004890396
INFO:root:Epoch: 16, Train loss: 0.0005258104
INFO:root:Epoch: 16, Validation loss: 0.00085287314
INFO:root:Epoch: 17, Train loss: 0.00031016069
INFO:root:Epoch: 17, Validation loss: 0.00097371323
INFO:root:Epoch: 18, Train loss: 0.00028302756
INFO:root:Epoch: 18, Validation loss: 0.0006374904
INFO:root:Epoch: 19, Train loss: 0.0003991266
INFO:root:Epoch: 19, Validation loss: 0.00038800985
INFO:root:Epoch: 20, Train loss: 0.00028135252
INFO:root:Epoch: 20, Validation loss: 0.00057872327
INFO:root:Epoch: 21, Train loss: 0.00028907185
INFO:root:Epoch: 21, Validation loss: 0.00018496212
INFO:root:Epoch: 22, Train loss: 0.00023370863
INFO:root:Epoch: 22, Validation loss: 0.0005382193
INFO:root:Epoch: 23, Train loss: 0.0002966892
INFO:root:Epoch: 23, Validation loss: 0.0003104461
INFO:root:Epoch: 24, Train loss: 0.00026861037
INFO:root:Epoch: 24, Validation loss: 0.00030957875
INFO:root:Epoch: 25, Train loss: 0.00017729873
INFO:root:Epoch: 25, Validation loss: 0.00020291115
INFO:root:Epoch: 26, Train loss: 0.00022301865
INFO:root:Epoch: 26, Validation loss: 0.0004913363
INFO:root:Epoch: 27, Train loss: 0.00011801499
INFO:root:Epoch: 27, Validation loss: 0.00020666857
INFO:root:Epoch: 28, Train loss: 0.00014902932
INFO:root:Epoch: 28, Validation loss: 0.00067737215
INFO:root:Epoch: 29, Train loss: 9.950856e-05
INFO:root:Epoch: 29, Validation loss: 0.00027133067
INFO:root:Epoch: 30, Train loss: 0.00013714554
INFO:root:Epoch: 30, Validation loss: 0.0002542241
INFO:root:Epoch: 31, Train loss: 0.00021519599
INFO:root:Epoch: 31, Validation loss: 0.0009798612
INFO:root:Epoch: 32, Train loss: 0.0001440947
INFO:root:Epoch: 32, Validation loss: 0.0001965757
INFO:root:Epoch: 33, Train loss: 0.00014081954
INFO:root:Epoch: 33, Validation loss: 0.0002486302
INFO:root:Epoch: 34, Train loss: 8.930544e-05
INFO:root:Epoch: 34, Validation loss: 0.0002454185
INFO:root:Epoch: 35, Train loss: 9.4861345e-05
INFO:root:Epoch: 35, Validation loss: 0.00027703925
INFO:root:Epoch: 36, Train loss: 0.00020263703
INFO:root:Epoch: 36, Validation loss: 0.00045894177
INFO:root:Epoch: 37, Train loss: 0.00011169749
INFO:root:Epoch: 37, Validation loss: 9.214289e-05
INFO:root:Epoch: 38, Train loss: 8.891821e-05
INFO:root:Epoch: 38, Validation loss: 0.00032507247
INFO:root:Epoch: 39, Train loss: 0.00027371736
INFO:root:Epoch: 39, Validation loss: 0.0018018439
INFO:root:Epoch: 40, Train loss: 0.00022492219
INFO:root:Epoch: 40, Validation loss: 0.0006420317
INFO:root:Epoch: 41, Train loss: 0.0002455813
INFO:root:Epoch: 41, Validation loss: 0.00040301014
INFO:root:Epoch: 42, Train loss: 0.00029801394
INFO:root:Epoch: 42, Validation loss: 0.0003151783
INFO:root:Epoch: 43, Train loss: 9.671099e-05
INFO:root:Epoch: 43, Validation loss: 0.00013077659
INFO:root:Epoch: 44, Train loss: 9.139251e-05
INFO:root:Epoch: 44, Validation loss: 0.00020716303
INFO:root:Epoch: 45, Train loss: 9.700082e-05
INFO:root:Epoch: 45, Validation loss: 0.00036158736
INFO:root:Epoch: 46, Train loss: 0.00012875519
INFO:root:Epoch: 46, Validation loss: 0.00015855544
INFO:root:Epoch: 47, Train loss: 0.000105856154
INFO:root:Epoch: 47, Validation loss: 6.017623e-05
INFO:root:Epoch: 48, Train loss: 3.211004e-05
INFO:root:Epoch: 48, Validation loss: 0.00011424347
INFO:root:Epoch: 49, Train loss: 3.274456e-05
INFO:root:Epoch: 49, Validation loss: 5.280531e-05
INFO:root:Epoch: 50, Train loss: 3.4028588e-05
INFO:root:Epoch: 50, Validation loss: 5.4822896e-05
INFO:root:Epoch: 51, Train loss: 4.675688e-05
INFO:root:Epoch: 51, Validation loss: 0.0002286933
INFO:root:Epoch: 52, Train loss: 3.0474404e-05
INFO:root:Epoch: 52, Validation loss: 7.753465e-05
INFO:root:Epoch: 53, Train loss: 0.00045406455
INFO:root:Epoch: 53, Validation loss: 0.00031590473
INFO:root:Epoch: 54, Train loss: 0.0001812868
INFO:root:Epoch: 54, Validation loss: 0.000107877044
INFO:root:Epoch: 55, Train loss: 0.00010212889
INFO:root:Epoch: 55, Validation loss: 0.00019072236
INFO:root:Epoch: 56, Train loss: 6.2789324e-05
INFO:root:Epoch: 56, Validation loss: 9.2718e-05
INFO:root:Epoch: 57, Train loss: 5.4035037e-05
INFO:root:Epoch: 57, Validation loss: 8.460398e-05
INFO:root:Epoch: 58, Train loss: 6.7536675e-05
INFO:root:Epoch: 58, Validation loss: 6.914926e-05
INFO:root:Epoch: 59, Train loss: 2.9656141e-05
INFO:root:Epoch: 59, Validation loss: 3.262527e-05
INFO:root:Epoch: 60, Train loss: 5.91552e-05
INFO:root:Epoch: 60, Validation loss: 0.00011991616
INFO:root:Epoch: 61, Train loss: 1.7157086e-05
INFO:root:Epoch: 61, Validation loss: 2.4389863e-05
INFO:root:Epoch: 62, Train loss: 2.698475e-05
INFO:root:Epoch: 62, Validation loss: 6.588343e-05
INFO:root:Epoch: 63, Train loss: 2.1023545e-05
INFO:root:Epoch: 63, Validation loss: 0.00011588867
INFO:root:Epoch: 64, Train loss: 2.3167964e-05
INFO:root:Epoch: 64, Validation loss: 1.4135596e-05
INFO:root:Epoch: 65, Train loss: 0.00058062945
INFO:root:Epoch: 65, Validation loss: 0.009019425
INFO:root:Epoch: 66, Train loss: 0.00029757974
INFO:root:Epoch: 66, Validation loss: 0.0002697923
INFO:root:Epoch: 67, Train loss: 7.699607e-05
INFO:root:Epoch: 67, Validation loss: 8.0662736e-05
INFO:root:Epoch: 68, Train loss: 4.161284e-05
INFO:root:Epoch: 68, Validation loss: 2.9698444e-05
INFO:root:Epoch: 69, Train loss: 5.0517032e-05
INFO:root:Epoch: 69, Validation loss: 3.3845652e-05
INFO:root:Epoch: 70, Train loss: 1.6985785e-05
INFO:root:Epoch: 70, Validation loss: 8.440919e-05
INFO:root:Epoch: 71, Train loss: 3.327975e-05
INFO:root:Epoch: 71, Validation loss: 8.470169e-05
INFO:root:Epoch: 72, Train loss: 2.8198003e-05
INFO:root:Epoch: 72, Validation loss: 7.618914e-05
INFO:root:Epoch: 73, Train loss: 2.5719752e-05
INFO:root:Epoch: 73, Validation loss: 4.5459463e-05
INFO:root:Epoch: 74, Train loss: 1.8772056e-05
INFO:root:Epoch: 74, Validation loss: 8.633292e-05
INFO:root:Epoch: 75, Train loss: 4.2064592e-05
INFO:root:Epoch: 75, Validation loss: 6.1799416e-05
INFO:root:Epoch: 76, Train loss: 2.2658971e-05
INFO:root:Epoch: 76, Validation loss: 1.5657357e-05
INFO:root:Epoch: 77, Train loss: 5.0746923e-05
INFO:root:Epoch: 77, Validation loss: 0.00010096711
INFO:root:Epoch: 78, Train loss: 0.00010983997
INFO:root:Epoch: 78, Validation loss: 0.0002469743
INFO:root:Epoch: 79, Train loss: 0.00017644493
INFO:root:Epoch: 79, Validation loss: 0.000116735384
INFO:root:Epoch: 80, Train loss: 6.0137765e-05
INFO:root:Epoch: 80, Validation loss: 0.00058434496
INFO:root:Epoch: 81, Train loss: 7.191111e-05
INFO:root:Epoch: 81, Validation loss: 0.00010245581
INFO:root:Epoch: 82, Train loss: 4.1136253e-05
INFO:root:Epoch: 82, Validation loss: 2.7870421e-05
INFO:root:Epoch: 83, Train loss: 2.3379438e-05
INFO:root:Epoch: 83, Validation loss: 5.947131e-05
INFO:root:Epoch: 84, Train loss: 1.5387444e-05
INFO:root:Epoch: 84, Validation loss: 5.63338e-06
INFO:root:Epoch: 85, Train loss: 1.3817895e-05
INFO:root:Epoch: 85, Validation loss: 0.00028593373
INFO:root:Epoch: 86, Train loss: 2.1247659e-05
INFO:root:Epoch: 86, Validation loss: 2.4458363e-05
INFO:root:Epoch: 87, Train loss: 0.00022591533
INFO:root:Epoch: 87, Validation loss: 0.00085944176
INFO:root:Epoch: 88, Train loss: 0.0007242721
INFO:root:Epoch: 88, Validation loss: 0.00010130871
INFO:root:Epoch: 89, Train loss: 4.1061794e-05
INFO:root:Epoch: 89, Validation loss: 4.5417357e-05
INFO:root:Epoch: 90, Train loss: 3.5112444e-05
INFO:root:Epoch: 90, Validation loss: 4.4151337e-05
INFO:root:Epoch: 91, Train loss: 2.1378557e-05
INFO:root:Epoch: 91, Validation loss: 1.7755869e-05
INFO:root:Epoch: 92, Train loss: 1.9720657e-05
INFO:root:Epoch: 92, Validation loss: 2.9968885e-05
INFO:root:Epoch: 93, Train loss: 1.4557437e-05
INFO:root:Epoch: 93, Validation loss: 7.361957e-05
INFO:root:Epoch: 94, Train loss: 3.256214e-05
INFO:root:Epoch: 94, Validation loss: 6.83399e-05
INFO:root:Epoch: 95, Train loss: 2.3602688e-05
INFO:root:Epoch: 95, Validation loss: 8.451083e-06
INFO:root:Epoch: 96, Train loss: 1.6881564e-05
INFO:root:Epoch: 96, Validation loss: 9.668371e-05
INFO:root:Epoch: 97, Train loss: 2.1001586e-05
INFO:root:Epoch: 97, Validation loss: 6.8397517e-06
INFO:root:Epoch: 98, Train loss: 1.204281e-05
INFO:root:Epoch: 98, Validation loss: 0.000110549176
INFO:root:Epoch: 99, Train loss: 4.6136032e-05
INFO:root:Epoch: 99, Validation loss: 0.00010830229
INFO:root:Training from ep 0 to ep 100 finished
INFO:root:Best epoch: 85
