INFO:root:Started
INFO:root:Epoch: 0, Train loss: 3.9823117, Train Acc: 0.02209596
INFO:root:Epoch: 0, Validation loss: 3.843857, Validation Acc: 0.03125
INFO:root:Epoch: 1, Train loss: 3.808381, Train Acc: 0.041982323
INFO:root:Epoch: 1, Validation loss: 3.7935493, Validation Acc: 0.046875
INFO:root:Epoch: 2, Train loss: 3.7095828, Train Acc: 0.05871212
INFO:root:Epoch: 2, Validation loss: 3.6642983, Validation Acc: 0.080729164
INFO:root:Epoch: 3, Train loss: 3.5975406, Train Acc: 0.084595956
INFO:root:Epoch: 3, Validation loss: 3.6293383, Validation Acc: 0.088541664
INFO:root:Epoch: 4, Train loss: 3.497108, Train Acc: 0.09974747
INFO:root:Epoch: 4, Validation loss: 3.481824, Validation Acc: 0.09375
INFO:root:Epoch: 5, Train loss: 3.4049675, Train Acc: 0.10479798
INFO:root:Epoch: 5, Validation loss: 3.7160184, Validation Acc: 0.080729164
INFO:root:Epoch: 6, Train loss: 3.314914, Train Acc: 0.121527776
INFO:root:Epoch: 6, Validation loss: 3.5165436, Validation Acc: 0.083333336
INFO:root:Epoch: 7, Train loss: 3.2457335, Train Acc: 0.14141414
INFO:root:Epoch: 7, Validation loss: 3.4353278, Validation Acc: 0.109375
INFO:root:Epoch: 8, Train loss: 3.1523561, Train Acc: 0.15656565
INFO:root:Epoch: 8, Validation loss: 3.5425298, Validation Acc: 0.104166664
INFO:root:Epoch: 9, Train loss: 3.011494, Train Acc: 0.18970959
INFO:root:Epoch: 9, Validation loss: 3.5256455, Validation Acc: 0.114583336
INFO:root:Epoch: 10, Train loss: 2.9526787, Train Acc: 0.21085858
INFO:root:Epoch: 10, Validation loss: 3.4411936, Validation Acc: 0.122395836
INFO:root:Epoch: 11, Train loss: 2.8894904, Train Acc: 0.21559343
INFO:root:Epoch: 11, Validation loss: 3.418462, Validation Acc: 0.1171875
INFO:root:Epoch: 12, Train loss: 2.8166754, Train Acc: 0.24936868
INFO:root:Epoch: 12, Validation loss: 3.3878586, Validation Acc: 0.111979164
INFO:root:Epoch: 13, Train loss: 2.7080455, Train Acc: 0.26578283
INFO:root:Epoch: 13, Validation loss: 3.3917665, Validation Acc: 0.1171875
INFO:root:Epoch: 14, Train loss: 2.6430976, Train Acc: 0.29419193
INFO:root:Epoch: 14, Validation loss: 3.541413, Validation Acc: 0.104166664
INFO:root:Epoch: 15, Train loss: 2.5713062, Train Acc: 0.2973485
INFO:root:Epoch: 15, Validation loss: 3.4730937, Validation Acc: 0.13802083
INFO:root:Epoch: 16, Train loss: 2.4892905, Train Acc: 0.3443813
INFO:root:Epoch: 16, Validation loss: 3.4996388, Validation Acc: 0.114583336
INFO:root:Epoch: 17, Train loss: 2.409876, Train Acc: 0.3525884
INFO:root:Epoch: 17, Validation loss: 3.4400644, Validation Acc: 0.13541667
INFO:root:Epoch: 18, Train loss: 2.315115, Train Acc: 0.3743687
INFO:root:Epoch: 18, Validation loss: 3.46817, Validation Acc: 0.1484375
INFO:root:Epoch: 19, Train loss: 2.2670648, Train Acc: 0.3901515
INFO:root:Epoch: 19, Validation loss: 3.3951476, Validation Acc: 0.16145833
INFO:root:Epoch: 20, Train loss: 2.1369686, Train Acc: 0.41666666
INFO:root:Epoch: 20, Validation loss: 3.5225146, Validation Acc: 0.14583333
INFO:root:Epoch: 21, Train loss: 2.1330411, Train Acc: 0.417298
INFO:root:Epoch: 21, Validation loss: 3.3938599, Validation Acc: 0.1640625
INFO:root:Epoch: 22, Train loss: 2.0027776, Train Acc: 0.44349748
INFO:root:Epoch: 22, Validation loss: 3.6149333, Validation Acc: 0.15104167
INFO:root:Epoch: 23, Train loss: 1.9428728, Train Acc: 0.46433082
INFO:root:Epoch: 23, Validation loss: 3.5552037, Validation Acc: 0.16145833
INFO:root:Epoch: 24, Train loss: 1.8916317, Train Acc: 0.4876894
INFO:root:Epoch: 24, Validation loss: 3.5532415, Validation Acc: 0.13020833
INFO:root:Epoch: 25, Train loss: 1.8106915, Train Acc: 0.4943182
INFO:root:Epoch: 25, Validation loss: 3.7618515, Validation Acc: 0.15364583
INFO:root:Epoch: 26, Train loss: 1.7715449, Train Acc: 0.50315654
INFO:root:Epoch: 26, Validation loss: 3.6702526, Validation Acc: 0.171875
INFO:root:Epoch: 27, Train loss: 1.7164617, Train Acc: 0.5246212
INFO:root:Epoch: 27, Validation loss: 3.5447845, Validation Acc: 0.1640625
INFO:root:Epoch: 28, Train loss: 1.6520482, Train Acc: 0.5426136
INFO:root:Epoch: 28, Validation loss: 3.7705088, Validation Acc: 0.14583333
INFO:root:Epoch: 29, Train loss: 1.606099, Train Acc: 0.55366164
INFO:root:Epoch: 29, Validation loss: 3.787892, Validation Acc: 0.15625
INFO:root:Epoch: 30, Train loss: 1.5505775, Train Acc: 0.5675505
INFO:root:Epoch: 30, Validation loss: 3.7992718, Validation Acc: 0.171875
INFO:root:Epoch: 31, Train loss: 1.4843123, Train Acc: 0.58301765
INFO:root:Epoch: 31, Validation loss: 3.9107447, Validation Acc: 0.171875
INFO:root:Epoch: 32, Train loss: 1.4554329, Train Acc: 0.59690654
INFO:root:Epoch: 32, Validation loss: 3.915767, Validation Acc: 0.18229167
INFO:root:Epoch: 33, Train loss: 1.3858217, Train Acc: 0.6133207
INFO:root:Epoch: 33, Validation loss: 3.7807226, Validation Acc: 0.18229167
INFO:root:Epoch: 34, Train loss: 1.3371688, Train Acc: 0.6076389
INFO:root:Epoch: 34, Validation loss: 3.8614292, Validation Acc: 0.17447917
INFO:root:Epoch: 35, Train loss: 1.3398626, Train Acc: 0.6237374
INFO:root:Epoch: 35, Validation loss: 3.985385, Validation Acc: 0.1796875
INFO:root:Epoch: 36, Train loss: 1.2643702, Train Acc: 0.64204544
INFO:root:Epoch: 36, Validation loss: 4.042801, Validation Acc: 0.15625
INFO:root:Epoch: 37, Train loss: 1.2407213, Train Acc: 0.6426768
INFO:root:Epoch: 37, Validation loss: 3.9242992, Validation Acc: 0.16145833
INFO:root:Epoch: 38, Train loss: 1.1601003, Train Acc: 0.6770833
INFO:root:Epoch: 38, Validation loss: 3.8418913, Validation Acc: 0.16666667
INFO:root:Epoch: 39, Train loss: 1.1464131, Train Acc: 0.6736111
INFO:root:Epoch: 39, Validation loss: 3.9765666, Validation Acc: 0.1484375
INFO:root:Epoch: 40, Train loss: 1.0673125, Train Acc: 0.69728535
INFO:root:Epoch: 40, Validation loss: 4.145142, Validation Acc: 0.17708333
INFO:root:Epoch: 41, Train loss: 1.0762672, Train Acc: 0.69034094
INFO:root:Epoch: 41, Validation loss: 4.0926447, Validation Acc: 0.16666667
INFO:root:Epoch: 42, Train loss: 1.0591148, Train Acc: 0.68718433
INFO:root:Epoch: 42, Validation loss: 4.2257004, Validation Acc: 0.14322917
INFO:root:Epoch: 43, Train loss: 1.0121228, Train Acc: 0.71875
INFO:root:Epoch: 43, Validation loss: 4.1651673, Validation Acc: 0.18229167
INFO:root:Epoch: 44, Train loss: 0.96574295, Train Acc: 0.7171717
INFO:root:Epoch: 44, Validation loss: 4.3201513, Validation Acc: 0.140625
INFO:root:Epoch: 45, Train loss: 0.9534922, Train Acc: 0.72727275
INFO:root:Epoch: 45, Validation loss: 4.3930955, Validation Acc: 0.1484375
INFO:root:Epoch: 46, Train loss: 0.9045407, Train Acc: 0.727904
INFO:root:Epoch: 46, Validation loss: 4.1248574, Validation Acc: 0.1640625
INFO:root:Epoch: 47, Train loss: 0.86785513, Train Acc: 0.74715906
INFO:root:Epoch: 47, Validation loss: 4.2738066, Validation Acc: 0.1796875
INFO:root:Epoch: 48, Train loss: 0.8309571, Train Acc: 0.75852275
INFO:root:Epoch: 48, Validation loss: 4.291733, Validation Acc: 0.15625
INFO:root:Epoch: 49, Train loss: 0.81684077, Train Acc: 0.75883836
INFO:root:Epoch: 49, Validation loss: 4.045782, Validation Acc: 0.18229167
INFO:root:Epoch: 50, Train loss: 0.7986258, Train Acc: 0.7616793
INFO:root:Epoch: 50, Validation loss: 4.32214, Validation Acc: 0.16666667
INFO:root:Epoch: 51, Train loss: 0.74703234, Train Acc: 0.7856692
INFO:root:Epoch: 51, Validation loss: 4.4188676, Validation Acc: 0.16927083
INFO:root:Epoch: 52, Train loss: 0.7405211, Train Acc: 0.78061867
INFO:root:Epoch: 52, Validation loss: 4.2728753, Validation Acc: 0.18489583
INFO:root:Epoch: 53, Train loss: 0.75404656, Train Acc: 0.7774621
INFO:root:Epoch: 53, Validation loss: 4.2264695, Validation Acc: 0.19010417
INFO:root:Epoch: 54, Train loss: 0.6953898, Train Acc: 0.80397725
INFO:root:Epoch: 54, Validation loss: 4.394668, Validation Acc: 0.18229167
INFO:root:Epoch: 55, Train loss: 0.6509203, Train Acc: 0.8162879
INFO:root:Epoch: 55, Validation loss: 4.2820325, Validation Acc: 0.203125
INFO:root:Epoch: 56, Train loss: 0.65829074, Train Acc: 0.8052399
INFO:root:Epoch: 56, Validation loss: 4.3681884, Validation Acc: 0.1875
INFO:root:Epoch: 57, Train loss: 0.65394217, Train Acc: 0.81439394
INFO:root:Epoch: 57, Validation loss: 4.499043, Validation Acc: 0.16927083
INFO:root:Epoch: 58, Train loss: 0.6513248, Train Acc: 0.8140783
INFO:root:Epoch: 58, Validation loss: 4.346032, Validation Acc: 0.1875
INFO:root:Epoch: 59, Train loss: 0.60854936, Train Acc: 0.8314394
INFO:root:Epoch: 59, Validation loss: 4.3807216, Validation Acc: 0.203125
INFO:root:Training from ep 0 to ep 60 finished
INFO:root:Best epoch: 56
