INFO:root:Started
INFO:root:Epoch: 0, Train loss: 3.7942796, Train Acc: 0.052083332
INFO:root:Epoch: 0, Validation loss: 3.7944505, Validation Acc: 0.088541664
INFO:root:Epoch: 1, Train loss: 3.575612, Train Acc: 0.08933081
INFO:root:Epoch: 1, Validation loss: 3.6130068, Validation Acc: 0.0859375
INFO:root:Epoch: 2, Train loss: 3.4245465, Train Acc: 0.115530305
INFO:root:Epoch: 2, Validation loss: 3.5399506, Validation Acc: 0.106770836
INFO:root:Epoch: 3, Train loss: 3.3227136, Train Acc: 0.12436869
INFO:root:Epoch: 3, Validation loss: 3.6100743, Validation Acc: 0.1015625
INFO:root:Epoch: 4, Train loss: 3.2023122, Train Acc: 0.16540404
INFO:root:Epoch: 4, Validation loss: 3.4728441, Validation Acc: 0.1171875
INFO:root:Epoch: 5, Train loss: 3.114175, Train Acc: 0.17266414
INFO:root:Epoch: 5, Validation loss: 3.6109982, Validation Acc: 0.091145836
INFO:root:Epoch: 6, Train loss: 3.0057461, Train Acc: 0.2092803
INFO:root:Epoch: 6, Validation loss: 3.4798982, Validation Acc: 0.098958336
INFO:root:Epoch: 7, Train loss: 2.9056501, Train Acc: 0.2260101
INFO:root:Epoch: 7, Validation loss: 3.5826855, Validation Acc: 0.1015625
INFO:root:Epoch: 8, Train loss: 2.787503, Train Acc: 0.26420453
INFO:root:Epoch: 8, Validation loss: 3.502412, Validation Acc: 0.104166664
INFO:root:Epoch: 9, Train loss: 2.6398504, Train Acc: 0.3008207
INFO:root:Epoch: 9, Validation loss: 3.6274843, Validation Acc: 0.125
INFO:root:Epoch: 10, Train loss: 2.5699613, Train Acc: 0.3008207
INFO:root:Epoch: 10, Validation loss: 3.5690267, Validation Acc: 0.109375
INFO:root:Epoch: 11, Train loss: 2.4989452, Train Acc: 0.3415404
INFO:root:Epoch: 11, Validation loss: 3.6431544, Validation Acc: 0.096354164
INFO:root:Epoch: 12, Train loss: 2.4323397, Train Acc: 0.3510101
INFO:root:Epoch: 12, Validation loss: 3.6462276, Validation Acc: 0.12760417
INFO:root:Epoch: 13, Train loss: 2.3088892, Train Acc: 0.37910354
INFO:root:Epoch: 13, Validation loss: 3.4446137, Validation Acc: 0.13541667
INFO:root:Epoch: 14, Train loss: 2.2602458, Train Acc: 0.4011995
INFO:root:Epoch: 14, Validation loss: 3.7362013, Validation Acc: 0.106770836
INFO:root:Epoch: 15, Train loss: 2.158145, Train Acc: 0.41161618
INFO:root:Epoch: 15, Validation loss: 3.700942, Validation Acc: 0.119791664
INFO:root:Epoch: 16, Train loss: 2.0550542, Train Acc: 0.43718433
INFO:root:Epoch: 16, Validation loss: 3.741502, Validation Acc: 0.122395836
INFO:root:Epoch: 17, Train loss: 1.9919932, Train Acc: 0.45801768
INFO:root:Epoch: 17, Validation loss: 3.6820765, Validation Acc: 0.114583336
INFO:root:Epoch: 18, Train loss: 1.929597, Train Acc: 0.4709596
INFO:root:Epoch: 18, Validation loss: 3.594927, Validation Acc: 0.140625
INFO:root:Epoch: 19, Train loss: 1.8878595, Train Acc: 0.48705807
INFO:root:Epoch: 19, Validation loss: 3.7199745, Validation Acc: 0.15104167
INFO:root:Epoch: 20, Train loss: 1.7510766, Train Acc: 0.52051765
INFO:root:Epoch: 20, Validation loss: 3.7915814, Validation Acc: 0.15625
INFO:root:Epoch: 21, Train loss: 1.732485, Train Acc: 0.5151515
INFO:root:Epoch: 21, Validation loss: 3.860257, Validation Acc: 0.119791664
INFO:root:Epoch: 22, Train loss: 1.6099329, Train Acc: 0.5479798
INFO:root:Epoch: 22, Validation loss: 3.9455547, Validation Acc: 0.16145833
INFO:root:Epoch: 23, Train loss: 1.566353, Train Acc: 0.5691288
INFO:root:Epoch: 23, Validation loss: 3.9439137, Validation Acc: 0.15625
INFO:root:Epoch: 24, Train loss: 1.5172839, Train Acc: 0.57796717
INFO:root:Epoch: 24, Validation loss: 3.883128, Validation Acc: 0.13541667
INFO:root:Epoch: 25, Train loss: 1.4293004, Train Acc: 0.5984849
INFO:root:Epoch: 25, Validation loss: 4.020772, Validation Acc: 0.15625
INFO:root:Epoch: 26, Train loss: 1.4047705, Train Acc: 0.61300504
INFO:root:Epoch: 26, Validation loss: 3.8612416, Validation Acc: 0.18489583
INFO:root:Epoch: 27, Train loss: 1.3259387, Train Acc: 0.634154
INFO:root:Epoch: 27, Validation loss: 3.8045702, Validation Acc: 0.16666667
INFO:root:Epoch: 28, Train loss: 1.2634791, Train Acc: 0.6480429
INFO:root:Epoch: 28, Validation loss: 3.927453, Validation Acc: 0.14322917
INFO:root:Epoch: 29, Train loss: 1.2225581, Train Acc: 0.66729796
INFO:root:Epoch: 29, Validation loss: 4.068072, Validation Acc: 0.14322917
INFO:root:Epoch: 30, Train loss: 1.1813862, Train Acc: 0.6688763
INFO:root:Epoch: 30, Validation loss: 4.020409, Validation Acc: 0.1640625
INFO:root:Epoch: 31, Train loss: 1.1277993, Train Acc: 0.6830808
INFO:root:Epoch: 31, Validation loss: 4.220265, Validation Acc: 0.14583333
INFO:root:Epoch: 32, Train loss: 1.1264468, Train Acc: 0.6805556
INFO:root:Epoch: 32, Validation loss: 4.261357, Validation Acc: 0.14583333
INFO:root:Epoch: 33, Train loss: 1.0481048, Train Acc: 0.69854796
INFO:root:Epoch: 33, Validation loss: 4.1057763, Validation Acc: 0.14322917
INFO:root:Epoch: 34, Train loss: 1.0340036, Train Acc: 0.7092803
INFO:root:Epoch: 34, Validation loss: 4.3065963, Validation Acc: 0.15364583
INFO:root:Epoch: 35, Train loss: 1.0058879, Train Acc: 0.7108586
INFO:root:Epoch: 35, Validation loss: 4.0711455, Validation Acc: 0.16927083
INFO:root:Epoch: 36, Train loss: 0.9283177, Train Acc: 0.7339015
INFO:root:Epoch: 36, Validation loss: 4.315455, Validation Acc: 0.16145833
INFO:root:Epoch: 37, Train loss: 0.9330301, Train Acc: 0.7282197
INFO:root:Epoch: 37, Validation loss: 4.358578, Validation Acc: 0.14583333
INFO:root:Epoch: 38, Train loss: 0.87724376, Train Acc: 0.75252527
INFO:root:Epoch: 38, Validation loss: 4.444619, Validation Acc: 0.17708333
INFO:root:Epoch: 39, Train loss: 0.83663625, Train Acc: 0.76546717
INFO:root:Epoch: 39, Validation loss: 4.336947, Validation Acc: 0.1640625
INFO:root:Epoch: 40, Train loss: 0.77629554, Train Acc: 0.78125
INFO:root:Epoch: 40, Validation loss: 4.2793145, Validation Acc: 0.16666667
INFO:root:Epoch: 41, Train loss: 0.7869246, Train Acc: 0.7733586
INFO:root:Epoch: 41, Validation loss: 4.4726734, Validation Acc: 0.1875
INFO:root:Epoch: 42, Train loss: 0.79689896, Train Acc: 0.7774621
INFO:root:Epoch: 42, Validation loss: 4.4094257, Validation Acc: 0.15885417
INFO:root:Epoch: 43, Train loss: 0.7576342, Train Acc: 0.7856692
INFO:root:Epoch: 43, Validation loss: 4.571959, Validation Acc: 0.1640625
INFO:root:Epoch: 44, Train loss: 0.7305626, Train Acc: 0.7872475
INFO:root:Epoch: 44, Validation loss: 4.6606545, Validation Acc: 0.13802083
INFO:root:Epoch: 45, Train loss: 0.7276095, Train Acc: 0.7869318
INFO:root:Epoch: 45, Validation loss: 4.549829, Validation Acc: 0.16145833
INFO:root:Epoch: 46, Train loss: 0.6928876, Train Acc: 0.79545456
INFO:root:Epoch: 46, Validation loss: 4.6159935, Validation Acc: 0.140625
INFO:root:Epoch: 47, Train loss: 0.645372, Train Acc: 0.8159722
INFO:root:Epoch: 47, Validation loss: 4.890774, Validation Acc: 0.14583333
INFO:root:Epoch: 48, Train loss: 0.60196024, Train Acc: 0.8320707
INFO:root:Epoch: 48, Validation loss: 4.6123924, Validation Acc: 0.13802083
INFO:root:Epoch: 49, Train loss: 0.6263727, Train Acc: 0.82228535
INFO:root:Epoch: 49, Validation loss: 4.75145, Validation Acc: 0.15364583
INFO:root:Epoch: 50, Train loss: 0.58203214, Train Acc: 0.83617425
INFO:root:Epoch: 50, Validation loss: 4.768228, Validation Acc: 0.15885417
INFO:root:Epoch: 51, Train loss: 0.57226396, Train Acc: 0.83964646
INFO:root:Epoch: 51, Validation loss: 4.7182217, Validation Acc: 0.19010417
INFO:root:Epoch: 52, Train loss: 0.5672805, Train Acc: 0.8333333
INFO:root:Epoch: 52, Validation loss: 4.892232, Validation Acc: 0.15625
INFO:root:Epoch: 53, Train loss: 0.5478302, Train Acc: 0.8421717
INFO:root:Epoch: 53, Validation loss: 4.6461687, Validation Acc: 0.15625
INFO:root:Epoch: 54, Train loss: 0.50421584, Train Acc: 0.8566919
INFO:root:Epoch: 54, Validation loss: 4.8750777, Validation Acc: 0.13541667
INFO:root:Epoch: 55, Train loss: 0.52752715, Train Acc: 0.8532197
INFO:root:Epoch: 55, Validation loss: 4.6690774, Validation Acc: 0.203125
INFO:root:Epoch: 56, Train loss: 0.52662927, Train Acc: 0.84564394
INFO:root:Epoch: 56, Validation loss: 4.666444, Validation Acc: 0.14583333
INFO:root:Epoch: 57, Train loss: 0.5084024, Train Acc: 0.8563763
INFO:root:Epoch: 57, Validation loss: 4.7210593, Validation Acc: 0.19270833
INFO:root:Epoch: 58, Train loss: 0.4720022, Train Acc: 0.8667929
INFO:root:Epoch: 58, Validation loss: 4.813702, Validation Acc: 0.1640625
INFO:root:Epoch: 59, Train loss: 0.46501923, Train Acc: 0.87089646
INFO:root:Epoch: 59, Validation loss: 4.9277115, Validation Acc: 0.17708333
INFO:root:Training from ep 0 to ep 60 finished
INFO:root:Best epoch: 56
