INFO:root:Started
INFO:root:Epoch: 0, Train loss: 6.831143
INFO:root:Epoch: 0, Validation loss: 5.111349
INFO:root:Epoch: 1, Train loss: 2.9880488
INFO:root:Epoch: 1, Validation loss: 2.9130542
INFO:root:Epoch: 2, Train loss: 2.3685985
INFO:root:Epoch: 2, Validation loss: 2.3615294
INFO:root:Epoch: 3, Train loss: 2.1771395
INFO:root:Epoch: 3, Validation loss: 2.1626303
INFO:root:Epoch: 4, Train loss: 2.0680604
INFO:root:Epoch: 4, Validation loss: 2.1373575
INFO:root:Epoch: 5, Train loss: 2.0298278
INFO:root:Epoch: 5, Validation loss: 2.102555
INFO:root:Epoch: 6, Train loss: 1.9742188
INFO:root:Epoch: 6, Validation loss: 1.9728909
INFO:root:Epoch: 7, Train loss: 1.9355785
INFO:root:Epoch: 7, Validation loss: 2.0508268
INFO:root:Epoch: 8, Train loss: 1.9181405
INFO:root:Epoch: 8, Validation loss: 2.0543408
INFO:root:Epoch: 9, Train loss: 1.8911449
INFO:root:Epoch: 9, Validation loss: 1.9323143
INFO:root:Epoch: 10, Train loss: 1.8751293
INFO:root:Epoch: 10, Validation loss: 1.9685726
INFO:root:Epoch: 11, Train loss: 1.8545995
INFO:root:Epoch: 11, Validation loss: 1.9403862
INFO:root:Epoch: 12, Train loss: 1.8449869
INFO:root:Epoch: 12, Validation loss: 1.9321429
INFO:root:Epoch: 13, Train loss: 1.8289249
INFO:root:Epoch: 13, Validation loss: 2.0091908
INFO:root:Epoch: 14, Train loss: 1.8306723
INFO:root:Epoch: 14, Validation loss: 1.9105023
INFO:root:Epoch: 15, Train loss: 1.8143789
INFO:root:Epoch: 15, Validation loss: 1.9357185
INFO:root:Epoch: 16, Train loss: 1.7975996
INFO:root:Epoch: 16, Validation loss: 1.8919276
INFO:root:Epoch: 17, Train loss: 1.7804439
INFO:root:Epoch: 17, Validation loss: 2.003232
INFO:root:Epoch: 18, Train loss: 1.7827893
INFO:root:Epoch: 18, Validation loss: 2.1204016
INFO:root:Epoch: 19, Train loss: 1.7888092
INFO:root:Epoch: 19, Validation loss: 1.9356693
INFO:root:Epoch: 20, Train loss: 1.7860948
INFO:root:Epoch: 20, Validation loss: 2.055224
INFO:root:Epoch: 21, Train loss: 1.779702
INFO:root:Epoch: 21, Validation loss: 2.0109127
INFO:root:Epoch: 22, Train loss: 1.7601117
INFO:root:Epoch: 22, Validation loss: 2.1347725
INFO:root:Epoch: 23, Train loss: 1.7624571
INFO:root:Epoch: 23, Validation loss: 2.2070177
INFO:root:Epoch: 24, Train loss: 1.7608684
INFO:root:Epoch: 24, Validation loss: 2.120418
INFO:root:Epoch: 25, Train loss: 1.7439678
INFO:root:Epoch: 25, Validation loss: 1.9544734
INFO:root:Epoch: 26, Train loss: 1.7423031
INFO:root:Epoch: 26, Validation loss: 2.0972774
INFO:root:Epoch: 27, Train loss: 1.7539577
INFO:root:Epoch: 27, Validation loss: 1.845232
INFO:root:Epoch: 28, Train loss: 1.7438447
INFO:root:Epoch: 28, Validation loss: 2.1862762
INFO:root:Epoch: 29, Train loss: 1.7269711
INFO:root:Epoch: 29, Validation loss: 2.0413842
INFO:root:Epoch: 30, Train loss: 1.7305984
INFO:root:Epoch: 30, Validation loss: 2.1517358
INFO:root:Epoch: 31, Train loss: 1.7314724
INFO:root:Epoch: 31, Validation loss: 2.4930954
INFO:root:Epoch: 32, Train loss: 1.7318008
INFO:root:Epoch: 32, Validation loss: 2.5977435
INFO:root:Epoch: 33, Train loss: 1.7275466
INFO:root:Epoch: 33, Validation loss: 2.8318634
INFO:root:Epoch: 34, Train loss: 1.7268625
INFO:root:Epoch: 34, Validation loss: 2.26471
INFO:root:Epoch: 35, Train loss: 1.7192005
INFO:root:Epoch: 35, Validation loss: 2.62528
INFO:root:Epoch: 36, Train loss: 1.7193582
INFO:root:Epoch: 36, Validation loss: 3.0890646
INFO:root:Epoch: 37, Train loss: 1.7119927
INFO:root:Epoch: 37, Validation loss: 2.5363388
INFO:root:Epoch: 38, Train loss: 1.7164382
INFO:root:Epoch: 38, Validation loss: 3.0879517
INFO:root:Epoch: 39, Train loss: 1.6982787
INFO:root:Epoch: 39, Validation loss: 2.9919307
INFO:root:Epoch: 40, Train loss: 1.7013136
INFO:root:Epoch: 40, Validation loss: 3.6228487
INFO:root:Epoch: 41, Train loss: 1.7013258
INFO:root:Epoch: 41, Validation loss: 3.2458122
INFO:root:Epoch: 42, Train loss: 1.7026807
INFO:root:Epoch: 42, Validation loss: 3.2007573
INFO:root:Epoch: 43, Train loss: 1.6951494
INFO:root:Epoch: 43, Validation loss: 2.721869
INFO:root:Epoch: 44, Train loss: 1.6950077
INFO:root:Epoch: 44, Validation loss: 3.634784
INFO:root:Epoch: 45, Train loss: 1.7069019
INFO:root:Epoch: 45, Validation loss: 2.6484756
INFO:root:Epoch: 46, Train loss: 1.6929637
INFO:root:Epoch: 46, Validation loss: 4.751814
INFO:root:Epoch: 47, Train loss: 1.7001165
INFO:root:Epoch: 47, Validation loss: 3.280649
INFO:root:Epoch: 48, Train loss: 1.6958845
INFO:root:Epoch: 48, Validation loss: 4.0234838
INFO:root:Epoch: 49, Train loss: 1.6748047
INFO:root:Epoch: 49, Validation loss: 3.2547898
INFO:root:Epoch: 50, Train loss: 1.6796881
INFO:root:Epoch: 50, Validation loss: 4.5274825
INFO:root:Epoch: 51, Train loss: 1.6848779
INFO:root:Epoch: 51, Validation loss: 3.706457
INFO:root:Epoch: 52, Train loss: 1.6602694
INFO:root:Epoch: 52, Validation loss: 4.1148868
INFO:root:Epoch: 53, Train loss: 1.6749954
INFO:root:Epoch: 53, Validation loss: 5.248065
INFO:root:Epoch: 54, Train loss: 1.6706878
INFO:root:Epoch: 54, Validation loss: 4.7519674
INFO:root:Epoch: 55, Train loss: 1.6730793
INFO:root:Epoch: 55, Validation loss: 3.872609
INFO:root:Epoch: 56, Train loss: 4.906315
INFO:root:Epoch: 56, Validation loss: 5.197076
INFO:root:Epoch: 57, Train loss: 3.641063
INFO:root:Epoch: 57, Validation loss: 4.5619063
INFO:root:Epoch: 58, Train loss: 2.975587
INFO:root:Epoch: 58, Validation loss: 4.3798814
INFO:root:Epoch: 59, Train loss: 2.4558258
INFO:root:Epoch: 59, Validation loss: 3.5011675
INFO:root:Epoch: 60, Train loss: 2.3305411
INFO:root:Epoch: 60, Validation loss: 3.214517
INFO:root:Epoch: 61, Train loss: 2.2137759
INFO:root:Epoch: 61, Validation loss: 2.989306
INFO:root:Epoch: 62, Train loss: 2.071267
INFO:root:Epoch: 62, Validation loss: 2.8538558
INFO:root:Epoch: 63, Train loss: 2.0605226
INFO:root:Epoch: 63, Validation loss: 2.7555592
INFO:root:Epoch: 64, Train loss: 1.9747088
INFO:root:Epoch: 64, Validation loss: 2.6609945
INFO:root:Epoch: 65, Train loss: 1.9394405
INFO:root:Epoch: 65, Validation loss: 2.494357
INFO:root:Epoch: 66, Train loss: 1.9356897
INFO:root:Epoch: 66, Validation loss: 2.5416338
INFO:root:Epoch: 67, Train loss: 1.9088602
INFO:root:Epoch: 67, Validation loss: 2.5831976
INFO:root:Epoch: 68, Train loss: 1.8782225
INFO:root:Epoch: 68, Validation loss: 2.3753593
INFO:root:Epoch: 69, Train loss: 1.852583
INFO:root:Epoch: 69, Validation loss: 2.4078593
INFO:root:Epoch: 70, Train loss: 1.8262691
INFO:root:Epoch: 70, Validation loss: 2.376184
INFO:root:Epoch: 71, Train loss: 1.8416125
INFO:root:Epoch: 71, Validation loss: 2.336735
INFO:root:Epoch: 72, Train loss: 1.8242393
INFO:root:Epoch: 72, Validation loss: 2.266586
INFO:root:Epoch: 73, Train loss: 1.8259658
INFO:root:Epoch: 73, Validation loss: 2.2082937
INFO:root:Epoch: 74, Train loss: 1.8015002
INFO:root:Epoch: 74, Validation loss: 2.1729512
INFO:root:Epoch: 75, Train loss: 1.8206344
INFO:root:Epoch: 75, Validation loss: 2.2681782
INFO:root:Epoch: 76, Train loss: 1.7897159
INFO:root:Epoch: 76, Validation loss: 2.1867888
INFO:root:Epoch: 77, Train loss: 1.8000853
INFO:root:Epoch: 77, Validation loss: 2.3594136
INFO:root:Epoch: 78, Train loss: 1.7809827
INFO:root:Epoch: 78, Validation loss: 2.1270437
INFO:root:Epoch: 79, Train loss: 1.7662182
INFO:root:Epoch: 79, Validation loss: 2.1026335
INFO:root:Epoch: 80, Train loss: 1.7778171
INFO:root:Epoch: 80, Validation loss: 2.2001252
INFO:root:Epoch: 81, Train loss: 1.7567846
INFO:root:Epoch: 81, Validation loss: 2.1481578
INFO:root:Epoch: 82, Train loss: 1.7555189
INFO:root:Epoch: 82, Validation loss: 2.3613355
INFO:root:Epoch: 83, Train loss: 1.755189
INFO:root:Epoch: 83, Validation loss: 2.291616
INFO:root:Epoch: 84, Train loss: 1.7466975
INFO:root:Epoch: 84, Validation loss: 2.3270874
INFO:root:Epoch: 85, Train loss: 1.7441639
INFO:root:Epoch: 85, Validation loss: 2.3530314
INFO:root:Epoch: 86, Train loss: 1.7313486
INFO:root:Epoch: 86, Validation loss: 2.2092135
INFO:root:Epoch: 87, Train loss: 1.7221515
INFO:root:Epoch: 87, Validation loss: 2.347919
INFO:root:Epoch: 88, Train loss: 1.728092
INFO:root:Epoch: 88, Validation loss: 2.2360566
INFO:root:Epoch: 89, Train loss: 1.7338334
INFO:root:Epoch: 89, Validation loss: 2.1799886
INFO:root:Epoch: 90, Train loss: 1.7244403
INFO:root:Epoch: 90, Validation loss: 2.5133348
INFO:root:Epoch: 91, Train loss: 1.7280406
INFO:root:Epoch: 91, Validation loss: 2.1719782
INFO:root:Epoch: 92, Train loss: 1.704451
INFO:root:Epoch: 92, Validation loss: 2.1080725
INFO:root:Epoch: 93, Train loss: 1.7123575
INFO:root:Epoch: 93, Validation loss: 2.091531
INFO:root:Epoch: 94, Train loss: 1.7087163
INFO:root:Epoch: 94, Validation loss: 2.04302
INFO:root:Epoch: 95, Train loss: 1.6992898
INFO:root:Epoch: 95, Validation loss: 2.0626495
INFO:root:Epoch: 96, Train loss: 1.7132642
INFO:root:Epoch: 96, Validation loss: 2.1969721
INFO:root:Epoch: 97, Train loss: 1.7078542
INFO:root:Epoch: 97, Validation loss: 1.8456745
INFO:root:Epoch: 98, Train loss: 1.7163886
INFO:root:Epoch: 98, Validation loss: 2.0419998
INFO:root:Epoch: 99, Train loss: 1.6804101
INFO:root:Epoch: 99, Validation loss: 1.9520917
INFO:root:Training from ep 0 to ep 100 finished
INFO:root:Best epoch: 28
