INFO:root:Started
INFO:root:Epoch: 0, Train loss: 5.2278094
INFO:root:Epoch: 0, Validation loss: 3.4063692
INFO:root:Epoch: 1, Train loss: 2.9226594
INFO:root:Epoch: 1, Validation loss: 2.695105
INFO:root:Epoch: 2, Train loss: 2.5715554
INFO:root:Epoch: 2, Validation loss: 2.561024
INFO:root:Epoch: 3, Train loss: 2.454196
INFO:root:Epoch: 3, Validation loss: 2.4682536
INFO:root:Epoch: 4, Train loss: 2.3931906
INFO:root:Epoch: 4, Validation loss: 2.3728817
INFO:root:Epoch: 5, Train loss: 2.3456492
INFO:root:Epoch: 5, Validation loss: 2.3826532
INFO:root:Epoch: 6, Train loss: 2.323632
INFO:root:Epoch: 6, Validation loss: 2.3365521
INFO:root:Epoch: 7, Train loss: 2.2915282
INFO:root:Epoch: 7, Validation loss: 2.2959044
INFO:root:Epoch: 8, Train loss: 2.2612271
INFO:root:Epoch: 8, Validation loss: 2.2937086
INFO:root:Epoch: 9, Train loss: 2.2486086
INFO:root:Epoch: 9, Validation loss: 2.2795167
INFO:root:Epoch: 10, Train loss: 2.2282364
INFO:root:Epoch: 10, Validation loss: 2.2430701
INFO:root:Epoch: 11, Train loss: 2.2282228
INFO:root:Epoch: 11, Validation loss: 2.2412503
INFO:root:Epoch: 12, Train loss: 2.22227
INFO:root:Epoch: 12, Validation loss: 2.227805
INFO:root:Epoch: 13, Train loss: 2.2143247
INFO:root:Epoch: 13, Validation loss: 2.2334113
INFO:root:Epoch: 14, Train loss: 2.194671
INFO:root:Epoch: 14, Validation loss: 2.1988416
INFO:root:Epoch: 15, Train loss: 2.1886058
INFO:root:Epoch: 15, Validation loss: 2.2189436
INFO:root:Epoch: 16, Train loss: 2.1902122
INFO:root:Epoch: 16, Validation loss: 2.1971858
INFO:root:Epoch: 17, Train loss: 2.172027
INFO:root:Epoch: 17, Validation loss: 2.1981306
INFO:root:Epoch: 18, Train loss: 2.1702616
INFO:root:Epoch: 18, Validation loss: 2.2206752
INFO:root:Epoch: 19, Train loss: 2.1574492
INFO:root:Epoch: 19, Validation loss: 2.1867611
INFO:root:Epoch: 20, Train loss: 2.159283
INFO:root:Epoch: 20, Validation loss: 2.2094355
INFO:root:Epoch: 21, Train loss: 2.1501038
INFO:root:Epoch: 21, Validation loss: 2.2050555
INFO:root:Epoch: 22, Train loss: 2.1485646
INFO:root:Epoch: 22, Validation loss: 2.2151296
INFO:root:Epoch: 23, Train loss: 2.142872
INFO:root:Epoch: 23, Validation loss: 2.196842
INFO:root:Epoch: 24, Train loss: 2.135706
INFO:root:Epoch: 24, Validation loss: 2.1964028
INFO:root:Epoch: 25, Train loss: 2.1423419
INFO:root:Epoch: 25, Validation loss: 2.1521916
INFO:root:Epoch: 26, Train loss: 2.1329892
INFO:root:Epoch: 26, Validation loss: 2.1964219
INFO:root:Epoch: 27, Train loss: 2.123764
INFO:root:Epoch: 27, Validation loss: 2.1809103
INFO:root:Epoch: 28, Train loss: 2.117276
INFO:root:Epoch: 28, Validation loss: 2.160432
INFO:root:Epoch: 29, Train loss: 2.1052926
INFO:root:Epoch: 29, Validation loss: 2.163628
INFO:root:Epoch: 30, Train loss: 2.1236062
INFO:root:Epoch: 30, Validation loss: 2.1620781
INFO:root:Epoch: 31, Train loss: 2.101843
INFO:root:Epoch: 31, Validation loss: 2.138189
INFO:root:Epoch: 32, Train loss: 2.1055384
INFO:root:Epoch: 32, Validation loss: 2.150122
INFO:root:Epoch: 33, Train loss: 2.0960073
INFO:root:Epoch: 33, Validation loss: 2.1609235
INFO:root:Epoch: 34, Train loss: 2.0988145
INFO:root:Epoch: 34, Validation loss: 2.1409216
INFO:root:Epoch: 35, Train loss: 2.0961
INFO:root:Epoch: 35, Validation loss: 2.1198108
INFO:root:Epoch: 36, Train loss: 2.0948567
INFO:root:Epoch: 36, Validation loss: 2.18401
INFO:root:Epoch: 37, Train loss: 2.09409
INFO:root:Epoch: 37, Validation loss: 2.1670685
INFO:root:Epoch: 38, Train loss: 2.0929105
INFO:root:Epoch: 38, Validation loss: 2.1065466
INFO:root:Epoch: 39, Train loss: 2.0861766
INFO:root:Epoch: 39, Validation loss: 2.1333716
INFO:root:Epoch: 40, Train loss: 2.0755126
INFO:root:Epoch: 40, Validation loss: 2.142952
INFO:root:Epoch: 41, Train loss: 2.0720634
INFO:root:Epoch: 41, Validation loss: 2.131892
INFO:root:Epoch: 42, Train loss: 2.073707
INFO:root:Epoch: 42, Validation loss: 2.1392648
INFO:root:Epoch: 43, Train loss: 2.0714927
INFO:root:Epoch: 43, Validation loss: 2.0929725
INFO:root:Epoch: 44, Train loss: 2.0637813
INFO:root:Epoch: 44, Validation loss: 2.1253047
INFO:root:Epoch: 45, Train loss: 2.0703416
INFO:root:Epoch: 45, Validation loss: 2.112129
INFO:root:Epoch: 46, Train loss: 2.0617514
INFO:root:Epoch: 46, Validation loss: 2.099277
INFO:root:Epoch: 47, Train loss: 2.050666
INFO:root:Epoch: 47, Validation loss: 2.128863
INFO:root:Epoch: 48, Train loss: 2.0594795
INFO:root:Epoch: 48, Validation loss: 2.124463
INFO:root:Epoch: 49, Train loss: 2.0472553
INFO:root:Epoch: 49, Validation loss: 2.0699117
INFO:root:Epoch: 50, Train loss: 2.0503302
INFO:root:Epoch: 50, Validation loss: 2.0918467
INFO:root:Epoch: 51, Train loss: 2.0364635
INFO:root:Epoch: 51, Validation loss: 2.0743558
INFO:root:Epoch: 52, Train loss: 2.0349712
INFO:root:Epoch: 52, Validation loss: 2.1200678
INFO:root:Epoch: 53, Train loss: 2.035664
INFO:root:Epoch: 53, Validation loss: 2.0950365
INFO:root:Epoch: 54, Train loss: 2.0322437
INFO:root:Epoch: 54, Validation loss: 2.1233637
INFO:root:Epoch: 55, Train loss: 2.0263104
INFO:root:Epoch: 55, Validation loss: 2.1095111
INFO:root:Epoch: 56, Train loss: 2.039773
INFO:root:Epoch: 56, Validation loss: 2.0612185
INFO:root:Epoch: 57, Train loss: 2.0205553
INFO:root:Epoch: 57, Validation loss: 2.1071067
INFO:root:Epoch: 58, Train loss: 2.0062754
INFO:root:Epoch: 58, Validation loss: 2.0888517
INFO:root:Epoch: 59, Train loss: 2.006525
INFO:root:Epoch: 59, Validation loss: 2.0949998
INFO:root:Epoch: 60, Train loss: 2.001081
INFO:root:Epoch: 60, Validation loss: 2.0682476
INFO:root:Epoch: 61, Train loss: 2.005868
INFO:root:Epoch: 61, Validation loss: 2.0984547
INFO:root:Epoch: 62, Train loss: 2.0073628
INFO:root:Epoch: 62, Validation loss: 2.0682638
INFO:root:Epoch: 63, Train loss: 1.9986124
INFO:root:Epoch: 63, Validation loss: 2.0707285
INFO:root:Epoch: 64, Train loss: 1.9874568
INFO:root:Epoch: 64, Validation loss: 2.0744748
INFO:root:Epoch: 65, Train loss: 1.9925315
INFO:root:Epoch: 65, Validation loss: 2.0759778
INFO:root:Epoch: 66, Train loss: 1.976812
INFO:root:Epoch: 66, Validation loss: 2.0547945
INFO:root:Epoch: 67, Train loss: 1.9634649
INFO:root:Epoch: 67, Validation loss: 2.0683327
INFO:root:Epoch: 68, Train loss: 1.9702729
INFO:root:Epoch: 68, Validation loss: 2.1089272
INFO:root:Epoch: 69, Train loss: 1.9699912
INFO:root:Epoch: 69, Validation loss: 2.0343947
INFO:root:Epoch: 70, Train loss: 1.9604514
INFO:root:Epoch: 70, Validation loss: 2.0865214
INFO:root:Epoch: 71, Train loss: 1.9630394
INFO:root:Epoch: 71, Validation loss: 2.0546248
INFO:root:Epoch: 72, Train loss: 1.958229
INFO:root:Epoch: 72, Validation loss: 2.0448236
INFO:root:Epoch: 73, Train loss: 1.9451439
INFO:root:Epoch: 73, Validation loss: 2.0306003
INFO:root:Epoch: 74, Train loss: 1.9436373
INFO:root:Epoch: 74, Validation loss: 1.9993142
INFO:root:Epoch: 75, Train loss: 1.9367241
INFO:root:Epoch: 75, Validation loss: 2.0416274
INFO:root:Epoch: 76, Train loss: 1.939111
INFO:root:Epoch: 76, Validation loss: 2.0454972
INFO:root:Epoch: 77, Train loss: 1.9226407
INFO:root:Epoch: 77, Validation loss: 1.9951079
INFO:root:Epoch: 78, Train loss: 1.9210867
INFO:root:Epoch: 78, Validation loss: 2.0103576
INFO:root:Epoch: 79, Train loss: 1.9241395
INFO:root:Epoch: 79, Validation loss: 2.094212
INFO:root:Epoch: 80, Train loss: 1.9215634
INFO:root:Epoch: 80, Validation loss: 2.046279
INFO:root:Epoch: 81, Train loss: 1.9235108
INFO:root:Epoch: 81, Validation loss: 2.0165875
INFO:root:Epoch: 82, Train loss: 1.9151282
INFO:root:Epoch: 82, Validation loss: 1.9837121
INFO:root:Epoch: 83, Train loss: 1.9214392
INFO:root:Epoch: 83, Validation loss: 1.9879607
INFO:root:Epoch: 84, Train loss: 1.9130954
INFO:root:Epoch: 84, Validation loss: 2.0117867
INFO:root:Epoch: 85, Train loss: 1.9115404
INFO:root:Epoch: 85, Validation loss: 2.0579314
INFO:root:Epoch: 86, Train loss: 1.9063832
INFO:root:Epoch: 86, Validation loss: 1.9968828
INFO:root:Epoch: 87, Train loss: 1.8848892
INFO:root:Epoch: 87, Validation loss: 2.0379934
INFO:root:Epoch: 88, Train loss: 1.908354
INFO:root:Epoch: 88, Validation loss: 2.161116
INFO:root:Epoch: 89, Train loss: 1.902885
INFO:root:Epoch: 89, Validation loss: 2.028531
INFO:root:Epoch: 90, Train loss: 1.8961797
INFO:root:Epoch: 90, Validation loss: 1.9938581
INFO:root:Epoch: 91, Train loss: 1.8935776
INFO:root:Epoch: 91, Validation loss: 2.0471857
INFO:root:Epoch: 92, Train loss: 1.8786386
INFO:root:Epoch: 92, Validation loss: 1.9981401
INFO:root:Epoch: 93, Train loss: 1.8838695
INFO:root:Epoch: 93, Validation loss: 2.0033097
INFO:root:Epoch: 94, Train loss: 1.8893375
INFO:root:Epoch: 94, Validation loss: 2.0231922
INFO:root:Epoch: 95, Train loss: 1.8891569
INFO:root:Epoch: 95, Validation loss: 2.0012872
INFO:root:Epoch: 96, Train loss: 1.879984
INFO:root:Epoch: 96, Validation loss: 2.0491984
INFO:root:Epoch: 97, Train loss: 1.8804317
INFO:root:Epoch: 97, Validation loss: 2.0474176
INFO:root:Epoch: 98, Train loss: 1.8757044
INFO:root:Epoch: 98, Validation loss: 2.0368445
INFO:root:Epoch: 99, Train loss: 1.87627
INFO:root:Epoch: 99, Validation loss: 2.0376613
INFO:root:Training from ep 0 to ep 100 finished
INFO:root:Best epoch: 83
