INFO:root:Started
INFO:root:Epoch: 0, Train loss: 0.74453557
INFO:root:Epoch: 0, Validation loss: 0.3022742
INFO:root:Epoch: 1, Train loss: 0.093037374
INFO:root:Epoch: 1, Validation loss: 0.13298592
INFO:root:Epoch: 2, Train loss: 0.036960382
INFO:root:Epoch: 2, Validation loss: 0.06430647
INFO:root:Epoch: 3, Train loss: 0.021309631
INFO:root:Epoch: 3, Validation loss: 0.024283174
INFO:root:Epoch: 4, Train loss: 0.01712837
INFO:root:Epoch: 4, Validation loss: 0.0215846
INFO:root:Epoch: 5, Train loss: 0.012535849
INFO:root:Epoch: 5, Validation loss: 0.018443646
INFO:root:Epoch: 6, Train loss: 0.009776385
INFO:root:Epoch: 6, Validation loss: 0.009204539
INFO:root:Epoch: 7, Train loss: 0.006649507
INFO:root:Epoch: 7, Validation loss: 0.006773305
INFO:root:Epoch: 8, Train loss: 0.004819848
INFO:root:Epoch: 8, Validation loss: 0.0042167874
INFO:root:Epoch: 9, Train loss: 0.0036079916
INFO:root:Epoch: 9, Validation loss: 0.003696434
INFO:root:Epoch: 10, Train loss: 0.0026199128
INFO:root:Epoch: 10, Validation loss: 0.0023800246
INFO:root:Epoch: 11, Train loss: 0.0021490613
INFO:root:Epoch: 11, Validation loss: 0.0019307794
INFO:root:Epoch: 12, Train loss: 0.0021508913
INFO:root:Epoch: 12, Validation loss: 0.0025807468
INFO:root:Epoch: 13, Train loss: 0.0018246447
INFO:root:Epoch: 13, Validation loss: 0.0014798489
INFO:root:Epoch: 14, Train loss: 0.0014973116
INFO:root:Epoch: 14, Validation loss: 0.0017301443
INFO:root:Epoch: 15, Train loss: 0.0015689194
INFO:root:Epoch: 15, Validation loss: 0.0021645972
INFO:root:Epoch: 16, Train loss: 0.0013595473
INFO:root:Epoch: 16, Validation loss: 0.0012856298
INFO:root:Epoch: 17, Train loss: 0.0012905151
INFO:root:Epoch: 17, Validation loss: 0.0010346398
INFO:root:Epoch: 18, Train loss: 0.0011516613
INFO:root:Epoch: 18, Validation loss: 0.00094446586
INFO:root:Epoch: 19, Train loss: 0.0011570997
INFO:root:Epoch: 19, Validation loss: 0.0011304502
INFO:root:Epoch: 20, Train loss: 0.0011533054
INFO:root:Epoch: 20, Validation loss: 0.001092484
INFO:root:Epoch: 21, Train loss: 0.0011083266
INFO:root:Epoch: 21, Validation loss: 0.0009785886
INFO:root:Epoch: 22, Train loss: 0.00086935516
INFO:root:Epoch: 22, Validation loss: 0.00071454886
INFO:root:Epoch: 23, Train loss: 0.0009720641
INFO:root:Epoch: 23, Validation loss: 0.0007913831
INFO:root:Epoch: 24, Train loss: 0.00076493016
INFO:root:Epoch: 24, Validation loss: 0.00066250766
INFO:root:Epoch: 25, Train loss: 0.0007843219
INFO:root:Epoch: 25, Validation loss: 0.00060749904
INFO:root:Epoch: 26, Train loss: 0.00079282117
INFO:root:Epoch: 26, Validation loss: 0.0007862252
INFO:root:Epoch: 27, Train loss: 0.00074326346
INFO:root:Epoch: 27, Validation loss: 0.00072722894
INFO:root:Epoch: 28, Train loss: 0.000737121
INFO:root:Epoch: 28, Validation loss: 0.0005962738
INFO:root:Epoch: 29, Train loss: 0.00067188346
INFO:root:Epoch: 29, Validation loss: 0.00081573694
INFO:root:Epoch: 30, Train loss: 0.0006731289
INFO:root:Epoch: 30, Validation loss: 0.00077607605
INFO:root:Epoch: 31, Train loss: 0.0006296759
INFO:root:Epoch: 31, Validation loss: 0.00079898717
INFO:root:Epoch: 32, Train loss: 0.0006674815
INFO:root:Epoch: 32, Validation loss: 0.0006581764
INFO:root:Epoch: 33, Train loss: 0.00053471327
INFO:root:Epoch: 33, Validation loss: 0.0004622558
INFO:root:Epoch: 34, Train loss: 0.00054125214
INFO:root:Epoch: 34, Validation loss: 0.0007776044
INFO:root:Epoch: 35, Train loss: 0.0005805823
INFO:root:Epoch: 35, Validation loss: 0.0005672403
INFO:root:Epoch: 36, Train loss: 0.00062022574
INFO:root:Epoch: 36, Validation loss: 0.00088399573
INFO:root:Epoch: 37, Train loss: 0.00048286072
INFO:root:Epoch: 37, Validation loss: 0.00047571442
INFO:root:Epoch: 38, Train loss: 0.00042721987
INFO:root:Epoch: 38, Validation loss: 0.0003431703
INFO:root:Epoch: 39, Train loss: 0.00048251834
INFO:root:Epoch: 39, Validation loss: 0.00046216042
INFO:root:Epoch: 40, Train loss: 0.00048046975
INFO:root:Epoch: 40, Validation loss: 0.0008361582
INFO:root:Epoch: 41, Train loss: 0.0004407309
INFO:root:Epoch: 41, Validation loss: 0.0008276196
INFO:root:Epoch: 42, Train loss: 0.0004304751
INFO:root:Epoch: 42, Validation loss: 0.00052974233
INFO:root:Epoch: 43, Train loss: 0.00042072343
INFO:root:Epoch: 43, Validation loss: 0.0005151989
INFO:root:Epoch: 44, Train loss: 0.00043766084
INFO:root:Epoch: 44, Validation loss: 0.001724466
INFO:root:Epoch: 45, Train loss: 0.00035931866
INFO:root:Epoch: 45, Validation loss: 0.0006282314
INFO:root:Epoch: 46, Train loss: 0.00039422783
INFO:root:Epoch: 46, Validation loss: 0.0015133214
INFO:root:Epoch: 47, Train loss: 0.00036776837
INFO:root:Epoch: 47, Validation loss: 0.00096356706
INFO:root:Epoch: 48, Train loss: 0.00046820584
INFO:root:Epoch: 48, Validation loss: 0.00086350087
INFO:root:Epoch: 49, Train loss: 0.0002994438
INFO:root:Epoch: 49, Validation loss: 0.00049003446
INFO:root:Epoch: 50, Train loss: 0.00029374915
INFO:root:Epoch: 50, Validation loss: 0.00044637537
INFO:root:Epoch: 51, Train loss: 0.0003042566
INFO:root:Epoch: 51, Validation loss: 0.0012334104
INFO:root:Epoch: 52, Train loss: 0.00031096878
INFO:root:Epoch: 52, Validation loss: 0.00053895946
INFO:root:Epoch: 53, Train loss: 0.00026599297
INFO:root:Epoch: 53, Validation loss: 0.00036603105
INFO:root:Epoch: 54, Train loss: 0.00026979134
INFO:root:Epoch: 54, Validation loss: 0.00036335282
INFO:root:Epoch: 55, Train loss: 0.00025453276
INFO:root:Epoch: 55, Validation loss: 0.000586089
INFO:root:Epoch: 56, Train loss: 0.00027951112
INFO:root:Epoch: 56, Validation loss: 0.0011550861
INFO:root:Epoch: 57, Train loss: 0.00026948875
INFO:root:Epoch: 57, Validation loss: 0.00082491385
INFO:root:Epoch: 58, Train loss: 0.00024656058
INFO:root:Epoch: 58, Validation loss: 0.000721478
INFO:root:Epoch: 59, Train loss: 0.00026223657
INFO:root:Epoch: 59, Validation loss: 0.0006982648
INFO:root:Epoch: 60, Train loss: 0.000262795
INFO:root:Epoch: 60, Validation loss: 0.00059272564
INFO:root:Epoch: 61, Train loss: 0.00026312386
INFO:root:Epoch: 61, Validation loss: 0.0007413745
INFO:root:Epoch: 62, Train loss: 0.0002748745
INFO:root:Epoch: 62, Validation loss: 0.0009744145
INFO:root:Epoch: 63, Train loss: 0.00020340006
INFO:root:Epoch: 63, Validation loss: 0.001323833
INFO:root:Epoch: 64, Train loss: 0.00020612875
INFO:root:Epoch: 64, Validation loss: 0.00040510902
INFO:root:Epoch: 65, Train loss: 0.00021729791
INFO:root:Epoch: 65, Validation loss: 0.0003279409
INFO:root:Epoch: 66, Train loss: 0.00021630572
INFO:root:Epoch: 66, Validation loss: 0.0019495947
INFO:root:Epoch: 67, Train loss: 0.00023083261
INFO:root:Epoch: 67, Validation loss: 0.0009407402
INFO:root:Epoch: 68, Train loss: 0.00021275261
INFO:root:Epoch: 68, Validation loss: 0.000660021
INFO:root:Epoch: 69, Train loss: 0.0001762556
INFO:root:Epoch: 69, Validation loss: 0.0004660281
INFO:root:Epoch: 70, Train loss: 0.00022656714
INFO:root:Epoch: 70, Validation loss: 0.00057669927
INFO:root:Epoch: 71, Train loss: 0.0002520822
INFO:root:Epoch: 71, Validation loss: 0.0005323327
INFO:root:Epoch: 72, Train loss: 0.00018353008
INFO:root:Epoch: 72, Validation loss: 0.0012868331
INFO:root:Epoch: 73, Train loss: 0.00018196764
INFO:root:Epoch: 73, Validation loss: 0.0010215461
INFO:root:Epoch: 74, Train loss: 0.00016455294
INFO:root:Epoch: 74, Validation loss: 0.00054364186
INFO:root:Epoch: 75, Train loss: 0.00016985633
INFO:root:Epoch: 75, Validation loss: 0.0023593153
INFO:root:Epoch: 76, Train loss: 0.00016381004
INFO:root:Epoch: 76, Validation loss: 0.00032831533
INFO:root:Epoch: 77, Train loss: 0.00014721607
INFO:root:Epoch: 77, Validation loss: 0.00035081344
INFO:root:Epoch: 78, Train loss: 0.00014221208
INFO:root:Epoch: 78, Validation loss: 0.00030387333
INFO:root:Epoch: 79, Train loss: 0.00015785314
INFO:root:Epoch: 79, Validation loss: 0.0013491546
INFO:root:Epoch: 80, Train loss: 0.00014910924
INFO:root:Epoch: 80, Validation loss: 0.00036387093
INFO:root:Epoch: 81, Train loss: 0.00013368239
INFO:root:Epoch: 81, Validation loss: 0.00084830564
INFO:root:Epoch: 82, Train loss: 0.00016359039
INFO:root:Epoch: 82, Validation loss: 0.0018886155
INFO:root:Epoch: 83, Train loss: 0.00014496114
INFO:root:Epoch: 83, Validation loss: 0.0010777756
INFO:root:Epoch: 84, Train loss: 0.00014806412
INFO:root:Epoch: 84, Validation loss: 0.0005286351
INFO:root:Epoch: 85, Train loss: 0.00015182077
INFO:root:Epoch: 85, Validation loss: 0.00041026346
INFO:root:Epoch: 86, Train loss: 0.00012898666
INFO:root:Epoch: 86, Validation loss: 0.0010752989
INFO:root:Epoch: 87, Train loss: 0.00012993866
INFO:root:Epoch: 87, Validation loss: 0.00035098693
INFO:root:Epoch: 88, Train loss: 0.00012215704
INFO:root:Epoch: 88, Validation loss: 0.00027045986
INFO:root:Epoch: 89, Train loss: 0.00011275111
INFO:root:Epoch: 89, Validation loss: 0.00023788313
INFO:root:Epoch: 90, Train loss: 0.0001313443
INFO:root:Epoch: 90, Validation loss: 0.0004774576
INFO:root:Epoch: 91, Train loss: 0.0001239257
INFO:root:Epoch: 91, Validation loss: 0.0002495718
INFO:root:Epoch: 92, Train loss: 0.000120647965
INFO:root:Epoch: 92, Validation loss: 0.00043737266
INFO:root:Epoch: 93, Train loss: 0.000115995004
INFO:root:Epoch: 93, Validation loss: 0.0006476814
INFO:root:Epoch: 94, Train loss: 0.00011394263
INFO:root:Epoch: 94, Validation loss: 0.0015680304
INFO:root:Epoch: 95, Train loss: 0.0001251511
INFO:root:Epoch: 95, Validation loss: 0.00094432954
INFO:root:Epoch: 96, Train loss: 0.0001406114
INFO:root:Epoch: 96, Validation loss: 0.0004996869
INFO:root:Epoch: 97, Train loss: 0.000103745035
INFO:root:Epoch: 97, Validation loss: 0.00029148377
INFO:root:Epoch: 98, Train loss: 0.00010681448
INFO:root:Epoch: 98, Validation loss: 0.0004576196
INFO:root:Epoch: 99, Train loss: 0.00011660581
INFO:root:Epoch: 99, Validation loss: 0.00017742267
INFO:root:Training from ep 0 to ep 100 finished
INFO:root:Best epoch: 100
