INFO:root:Started
INFO:root:Epoch: 0, Train loss: 3.6258411, Train Acc: 0.06534091
INFO:root:Epoch: 0, Validation loss: 3.4745443, Validation Acc: 0.091145836
INFO:root:Epoch: 1, Train loss: 3.280483, Train Acc: 0.12626262
INFO:root:Epoch: 1, Validation loss: 3.3370578, Validation Acc: 0.106770836
INFO:root:Epoch: 2, Train loss: 3.0922072, Train Acc: 0.16319445
INFO:root:Epoch: 2, Validation loss: 3.1893814, Validation Acc: 0.13541667
INFO:root:Epoch: 3, Train loss: 2.9440472, Train Acc: 0.21496212
INFO:root:Epoch: 3, Validation loss: 3.1871529, Validation Acc: 0.1328125
INFO:root:Epoch: 4, Train loss: 2.843486, Train Acc: 0.2427399
INFO:root:Epoch: 4, Validation loss: 2.9827669, Validation Acc: 0.20052083
INFO:root:Epoch: 5, Train loss: 2.7085552, Train Acc: 0.26136363
INFO:root:Epoch: 5, Validation loss: 3.2198858, Validation Acc: 0.20052083
INFO:root:Epoch: 6, Train loss: 2.623895, Train Acc: 0.28787878
INFO:root:Epoch: 6, Validation loss: 3.078419, Validation Acc: 0.18229167
INFO:root:Epoch: 7, Train loss: 2.5220706, Train Acc: 0.30871212
INFO:root:Epoch: 7, Validation loss: 3.1467826, Validation Acc: 0.18229167
INFO:root:Epoch: 8, Train loss: 2.4603112, Train Acc: 0.31628788
INFO:root:Epoch: 8, Validation loss: 3.1668346, Validation Acc: 0.18489583
INFO:root:Epoch: 9, Train loss: 2.305208, Train Acc: 0.3633207
INFO:root:Epoch: 9, Validation loss: 3.240175, Validation Acc: 0.19791667
INFO:root:Epoch: 10, Train loss: 2.2578907, Train Acc: 0.36900252
INFO:root:Epoch: 10, Validation loss: 3.058318, Validation Acc: 0.19791667
INFO:root:Epoch: 11, Train loss: 2.1701412, Train Acc: 0.38825756
INFO:root:Epoch: 11, Validation loss: 3.2472801, Validation Acc: 0.19270833
INFO:root:Epoch: 12, Train loss: 2.1265554, Train Acc: 0.39930555
INFO:root:Epoch: 12, Validation loss: 3.2284372, Validation Acc: 0.19270833
INFO:root:Epoch: 13, Train loss: 2.0324674, Train Acc: 0.43276516
INFO:root:Epoch: 13, Validation loss: 3.122158, Validation Acc: 0.21354167
INFO:root:Epoch: 14, Train loss: 2.02155, Train Acc: 0.42897728
INFO:root:Epoch: 14, Validation loss: 3.1898832, Validation Acc: 0.19270833
INFO:root:Epoch: 15, Train loss: 1.9216375, Train Acc: 0.46464646
INFO:root:Epoch: 15, Validation loss: 3.3194206, Validation Acc: 0.22395833
INFO:root:Epoch: 16, Train loss: 1.8211607, Train Acc: 0.47253788
INFO:root:Epoch: 16, Validation loss: 3.2229652, Validation Acc: 0.1796875
INFO:root:Epoch: 17, Train loss: 1.7652446, Train Acc: 0.50978535
INFO:root:Epoch: 17, Validation loss: 3.2013454, Validation Acc: 0.19010417
INFO:root:Epoch: 18, Train loss: 1.6951758, Train Acc: 0.51925504
INFO:root:Epoch: 18, Validation loss: 3.3360958, Validation Acc: 0.18489583
INFO:root:Epoch: 19, Train loss: 1.6796479, Train Acc: 0.532197
INFO:root:Epoch: 19, Validation loss: 3.3919036, Validation Acc: 0.20052083
INFO:root:Epoch: 20, Train loss: 1.6144487, Train Acc: 0.5448232
INFO:root:Epoch: 20, Validation loss: 3.195997, Validation Acc: 0.22395833
INFO:root:Epoch: 21, Train loss: 1.5444595, Train Acc: 0.56534094
INFO:root:Epoch: 21, Validation loss: 3.236622, Validation Acc: 0.22916667
INFO:root:Epoch: 22, Train loss: 1.4770193, Train Acc: 0.58396465
INFO:root:Epoch: 22, Validation loss: 3.3880339, Validation Acc: 0.22135417
INFO:root:Epoch: 23, Train loss: 1.4365486, Train Acc: 0.58491164
INFO:root:Epoch: 23, Validation loss: 3.4035218, Validation Acc: 0.203125
INFO:root:Epoch: 24, Train loss: 1.4092027, Train Acc: 0.603851
INFO:root:Epoch: 24, Validation loss: 3.333001, Validation Acc: 0.22395833
INFO:root:Epoch: 25, Train loss: 1.3818601, Train Acc: 0.60227275
INFO:root:Epoch: 25, Validation loss: 3.6218197, Validation Acc: 0.1796875
INFO:root:Epoch: 26, Train loss: 1.3102217, Train Acc: 0.6133207
INFO:root:Epoch: 26, Validation loss: 3.1539345, Validation Acc: 0.24479167
INFO:root:Epoch: 27, Train loss: 1.2626855, Train Acc: 0.6332071
INFO:root:Epoch: 27, Validation loss: 3.326662, Validation Acc: 0.24479167
INFO:root:Epoch: 28, Train loss: 1.298535, Train Acc: 0.63383836
INFO:root:Epoch: 28, Validation loss: 3.5644882, Validation Acc: 0.20572917
INFO:root:Epoch: 29, Train loss: 1.2088388, Train Acc: 0.6518308
INFO:root:Epoch: 29, Validation loss: 3.2917392, Validation Acc: 0.234375
INFO:root:Training from ep 0 to ep 30 finished
INFO:root:Best epoch: 27
