INFO:root:Started
INFO:root:Epoch: 0, Train loss: 3.8632288, Train Acc: 0.033459596
INFO:root:Epoch: 0, Validation loss: 3.8098335, Validation Acc: 0.044270832
INFO:root:Epoch: 1, Train loss: 3.7358198, Train Acc: 0.05713384
INFO:root:Epoch: 1, Validation loss: 3.715061, Validation Acc: 0.0625
INFO:root:Epoch: 2, Train loss: 3.5999448, Train Acc: 0.07039142
INFO:root:Epoch: 2, Validation loss: 3.6264591, Validation Acc: 0.072916664
INFO:root:Epoch: 3, Train loss: 3.4995036, Train Acc: 0.0959596
INFO:root:Epoch: 3, Validation loss: 3.6063359, Validation Acc: 0.080729164
INFO:root:Epoch: 4, Train loss: 3.4131248, Train Acc: 0.114583336
INFO:root:Epoch: 4, Validation loss: 3.5360515, Validation Acc: 0.083333336
INFO:root:Epoch: 5, Train loss: 3.320222, Train Acc: 0.12373737
INFO:root:Epoch: 5, Validation loss: 3.644494, Validation Acc: 0.098958336
INFO:root:Epoch: 6, Train loss: 3.2554388, Train Acc: 0.14835858
INFO:root:Epoch: 6, Validation loss: 3.4860241, Validation Acc: 0.09375
INFO:root:Epoch: 7, Train loss: 3.178082, Train Acc: 0.166351
INFO:root:Epoch: 7, Validation loss: 3.444383, Validation Acc: 0.1171875
INFO:root:Epoch: 8, Train loss: 3.096847, Train Acc: 0.17708333
INFO:root:Epoch: 8, Validation loss: 3.5106602, Validation Acc: 0.109375
INFO:root:Epoch: 9, Train loss: 2.983284, Train Acc: 0.21212122
INFO:root:Epoch: 9, Validation loss: 3.5472348, Validation Acc: 0.125
INFO:root:Epoch: 10, Train loss: 2.9200597, Train Acc: 0.22095959
INFO:root:Epoch: 10, Validation loss: 3.5332286, Validation Acc: 0.114583336
INFO:root:Epoch: 11, Train loss: 2.8726923, Train Acc: 0.24337122
INFO:root:Epoch: 11, Validation loss: 3.5129235, Validation Acc: 0.080729164
INFO:root:Epoch: 12, Train loss: 2.8070803, Train Acc: 0.24779041
INFO:root:Epoch: 12, Validation loss: 3.4265842, Validation Acc: 0.080729164
INFO:root:Epoch: 13, Train loss: 2.7007017, Train Acc: 0.2806187
INFO:root:Epoch: 13, Validation loss: 3.415021, Validation Acc: 0.122395836
INFO:root:Epoch: 14, Train loss: 2.6338673, Train Acc: 0.28756315
INFO:root:Epoch: 14, Validation loss: 3.4799726, Validation Acc: 0.106770836
INFO:root:Epoch: 15, Train loss: 2.558213, Train Acc: 0.30555555
INFO:root:Epoch: 15, Validation loss: 3.5197287, Validation Acc: 0.096354164
INFO:root:Epoch: 16, Train loss: 2.4811058, Train Acc: 0.32891414
INFO:root:Epoch: 16, Validation loss: 3.46729, Validation Acc: 0.12760417
INFO:root:Epoch: 17, Train loss: 2.4309227, Train Acc: 0.3488005
INFO:root:Epoch: 17, Validation loss: 3.3783255, Validation Acc: 0.140625
INFO:root:Epoch: 18, Train loss: 2.328869, Train Acc: 0.36710858
INFO:root:Epoch: 18, Validation loss: 3.4825757, Validation Acc: 0.12760417
INFO:root:Epoch: 19, Train loss: 2.2855966, Train Acc: 0.38099748
INFO:root:Epoch: 19, Validation loss: 3.3666391, Validation Acc: 0.125
INFO:root:Epoch: 20, Train loss: 2.171863, Train Acc: 0.40246212
INFO:root:Epoch: 20, Validation loss: 3.5252237, Validation Acc: 0.14322917
INFO:root:Epoch: 21, Train loss: 2.1455717, Train Acc: 0.4084596
INFO:root:Epoch: 21, Validation loss: 3.505829, Validation Acc: 0.1484375
INFO:root:Epoch: 22, Train loss: 2.051671, Train Acc: 0.4236111
INFO:root:Epoch: 22, Validation loss: 3.564956, Validation Acc: 0.15625
INFO:root:Epoch: 23, Train loss: 1.962486, Train Acc: 0.46401516
INFO:root:Epoch: 23, Validation loss: 3.748127, Validation Acc: 0.106770836
INFO:root:Epoch: 24, Train loss: 1.932088, Train Acc: 0.46875
INFO:root:Epoch: 24, Validation loss: 3.58941, Validation Acc: 0.1328125
INFO:root:Epoch: 25, Train loss: 1.8371347, Train Acc: 0.49337122
INFO:root:Epoch: 25, Validation loss: 3.7286618, Validation Acc: 0.119791664
INFO:root:Epoch: 26, Train loss: 1.8371451, Train Acc: 0.4905303
INFO:root:Epoch: 26, Validation loss: 3.5529804, Validation Acc: 0.16666667
INFO:root:Epoch: 27, Train loss: 1.7596016, Train Acc: 0.5151515
INFO:root:Epoch: 27, Validation loss: 3.5988276, Validation Acc: 0.17708333
INFO:root:Epoch: 28, Train loss: 1.7260065, Train Acc: 0.51925504
INFO:root:Epoch: 28, Validation loss: 3.6221998, Validation Acc: 0.17447917
INFO:root:Epoch: 29, Train loss: 1.6327878, Train Acc: 0.541351
INFO:root:Epoch: 29, Validation loss: 3.8616374, Validation Acc: 0.15104167
INFO:root:Epoch: 30, Train loss: 1.6126884, Train Acc: 0.55145204
INFO:root:Epoch: 30, Validation loss: 3.7067382, Validation Acc: 0.140625
INFO:root:Epoch: 31, Train loss: 1.537453, Train Acc: 0.572601
INFO:root:Epoch: 31, Validation loss: 3.887932, Validation Acc: 0.15885417
INFO:root:Epoch: 32, Train loss: 1.5051626, Train Acc: 0.57733583
INFO:root:Epoch: 32, Validation loss: 3.7325184, Validation Acc: 0.19270833
INFO:root:Epoch: 33, Train loss: 1.4612412, Train Acc: 0.59059346
INFO:root:Epoch: 33, Validation loss: 3.904765, Validation Acc: 0.16927083
INFO:root:Epoch: 34, Train loss: 1.3917278, Train Acc: 0.6063763
INFO:root:Epoch: 34, Validation loss: 3.9430552, Validation Acc: 0.15885417
INFO:root:Epoch: 35, Train loss: 1.3729637, Train Acc: 0.6155303
INFO:root:Epoch: 35, Validation loss: 3.9113328, Validation Acc: 0.15885417
INFO:root:Epoch: 36, Train loss: 1.3119764, Train Acc: 0.6306818
INFO:root:Epoch: 36, Validation loss: 3.7305334, Validation Acc: 0.15885417
INFO:root:Epoch: 37, Train loss: 1.2990901, Train Acc: 0.6262626
INFO:root:Epoch: 37, Validation loss: 3.845025, Validation Acc: 0.15104167
INFO:root:Epoch: 38, Train loss: 1.227886, Train Acc: 0.6518308
INFO:root:Epoch: 38, Validation loss: 3.815276, Validation Acc: 0.1640625
INFO:root:Epoch: 39, Train loss: 1.1999273, Train Acc: 0.65625
INFO:root:Epoch: 39, Validation loss: 3.9366329, Validation Acc: 0.16666667
INFO:root:Epoch: 40, Train loss: 1.1055801, Train Acc: 0.6890783
INFO:root:Epoch: 40, Validation loss: 3.9446955, Validation Acc: 0.15625
INFO:root:Epoch: 41, Train loss: 1.0936737, Train Acc: 0.6941288
INFO:root:Epoch: 41, Validation loss: 4.0901546, Validation Acc: 0.140625
INFO:root:Epoch: 42, Train loss: 1.0807741, Train Acc: 0.6909722
INFO:root:Epoch: 42, Validation loss: 4.027663, Validation Acc: 0.171875
INFO:root:Epoch: 43, Train loss: 1.0409849, Train Acc: 0.69602275
INFO:root:Epoch: 43, Validation loss: 4.065186, Validation Acc: 0.17708333
INFO:root:Epoch: 44, Train loss: 1.01805, Train Acc: 0.70454544
INFO:root:Epoch: 44, Validation loss: 4.0365586, Validation Acc: 0.19010417
INFO:root:Epoch: 45, Train loss: 0.9410296, Train Acc: 0.73200756
INFO:root:Epoch: 45, Validation loss: 4.245978, Validation Acc: 0.1484375
INFO:root:Epoch: 46, Train loss: 0.9493748, Train Acc: 0.7256944
INFO:root:Epoch: 46, Validation loss: 4.293729, Validation Acc: 0.17708333
INFO:root:Epoch: 47, Train loss: 0.89442146, Train Acc: 0.7440025
INFO:root:Epoch: 47, Validation loss: 4.2208533, Validation Acc: 0.1640625
INFO:root:Epoch: 48, Train loss: 0.8405936, Train Acc: 0.7638889
INFO:root:Epoch: 48, Validation loss: 4.325378, Validation Acc: 0.14322917
INFO:root:Epoch: 49, Train loss: 0.8171433, Train Acc: 0.7645202
INFO:root:Epoch: 49, Validation loss: 4.2431617, Validation Acc: 0.17447917
INFO:root:Epoch: 50, Train loss: 0.80205774, Train Acc: 0.76420456
INFO:root:Epoch: 50, Validation loss: 4.278386, Validation Acc: 0.16927083
INFO:root:Epoch: 51, Train loss: 0.74175954, Train Acc: 0.78409094
INFO:root:Epoch: 51, Validation loss: 4.2402635, Validation Acc: 0.15104167
INFO:root:Epoch: 52, Train loss: 0.7554809, Train Acc: 0.7828283
INFO:root:Epoch: 52, Validation loss: 4.515394, Validation Acc: 0.15625
INFO:root:Epoch: 53, Train loss: 0.72773564, Train Acc: 0.7916667
INFO:root:Epoch: 53, Validation loss: 4.356446, Validation Acc: 0.13802083
INFO:root:Epoch: 54, Train loss: 0.6856331, Train Acc: 0.802399
INFO:root:Epoch: 54, Validation loss: 4.1700625, Validation Acc: 0.16927083
INFO:root:Epoch: 55, Train loss: 0.6390343, Train Acc: 0.8172349
INFO:root:Epoch: 55, Validation loss: 4.480411, Validation Acc: 0.19270833
INFO:root:Epoch: 56, Train loss: 0.6838444, Train Acc: 0.7998737
INFO:root:Epoch: 56, Validation loss: 4.580334, Validation Acc: 0.1640625
INFO:root:Epoch: 57, Train loss: 0.6373178, Train Acc: 0.8169192
INFO:root:Epoch: 57, Validation loss: 4.459613, Validation Acc: 0.1953125
INFO:root:Epoch: 58, Train loss: 0.65773875, Train Acc: 0.81060606
INFO:root:Epoch: 58, Validation loss: 4.379587, Validation Acc: 0.19270833
INFO:root:Epoch: 59, Train loss: 0.6188584, Train Acc: 0.8207071
INFO:root:Epoch: 59, Validation loss: 4.4599166, Validation Acc: 0.18229167
INFO:root:Training from ep 0 to ep 60 finished
INFO:root:Best epoch: 58
