INFO:root:Started
INFO:root:Epoch: 0, Train loss: 3.6752067, Train Acc: 0.060290404
INFO:root:Epoch: 0, Validation loss: 3.489672, Validation Acc: 0.078125
INFO:root:Epoch: 1, Train loss: 3.3524117, Train Acc: 0.121527776
INFO:root:Epoch: 1, Validation loss: 3.372578, Validation Acc: 0.083333336
INFO:root:Epoch: 2, Train loss: 3.1740253, Train Acc: 0.14709596
INFO:root:Epoch: 2, Validation loss: 3.3253202, Validation Acc: 0.111979164
INFO:root:Epoch: 3, Train loss: 3.028554, Train Acc: 0.18402778
INFO:root:Epoch: 3, Validation loss: 3.3940337, Validation Acc: 0.111979164
INFO:root:Epoch: 4, Train loss: 2.89275, Train Acc: 0.22032829
INFO:root:Epoch: 4, Validation loss: 3.1223326, Validation Acc: 0.14583333
INFO:root:Epoch: 5, Train loss: 2.763277, Train Acc: 0.24842171
INFO:root:Epoch: 5, Validation loss: 3.3889294, Validation Acc: 0.15885417
INFO:root:Epoch: 6, Train loss: 2.640666, Train Acc: 0.29545453
INFO:root:Epoch: 6, Validation loss: 3.2637997, Validation Acc: 0.14322917
INFO:root:Epoch: 7, Train loss: 2.5186412, Train Acc: 0.31723484
INFO:root:Epoch: 7, Validation loss: 3.3600929, Validation Acc: 0.17447917
INFO:root:Epoch: 8, Train loss: 2.4359622, Train Acc: 0.33333334
INFO:root:Epoch: 8, Validation loss: 3.3258874, Validation Acc: 0.16927083
INFO:root:Epoch: 9, Train loss: 2.2978477, Train Acc: 0.3655303
INFO:root:Epoch: 9, Validation loss: 3.3149917, Validation Acc: 0.1953125
INFO:root:Epoch: 10, Train loss: 2.2289286, Train Acc: 0.38478535
INFO:root:Epoch: 10, Validation loss: 3.1612885, Validation Acc: 0.18229167
INFO:root:Epoch: 11, Train loss: 2.1045098, Train Acc: 0.4207702
INFO:root:Epoch: 11, Validation loss: 3.3191328, Validation Acc: 0.203125
INFO:root:Epoch: 12, Train loss: 2.0540164, Train Acc: 0.4214015
INFO:root:Epoch: 12, Validation loss: 3.0843363, Validation Acc: 0.2421875
INFO:root:Epoch: 13, Train loss: 1.9701918, Train Acc: 0.4463384
INFO:root:Epoch: 13, Validation loss: 3.2247927, Validation Acc: 0.20052083
INFO:root:Epoch: 14, Train loss: 1.9359138, Train Acc: 0.45549244
INFO:root:Epoch: 14, Validation loss: 3.6527414, Validation Acc: 0.16145833
INFO:root:Epoch: 15, Train loss: 1.8236215, Train Acc: 0.488952
INFO:root:Epoch: 15, Validation loss: 3.3321564, Validation Acc: 0.20052083
INFO:root:Epoch: 16, Train loss: 1.748127, Train Acc: 0.5069444
INFO:root:Epoch: 16, Validation loss: 3.1537511, Validation Acc: 0.22916667
INFO:root:Epoch: 17, Train loss: 1.6583748, Train Acc: 0.5359849
INFO:root:Epoch: 17, Validation loss: 3.4062364, Validation Acc: 0.21875
INFO:root:Epoch: 18, Train loss: 1.6266389, Train Acc: 0.53882575
INFO:root:Epoch: 18, Validation loss: 3.3212297, Validation Acc: 0.203125
INFO:root:Epoch: 19, Train loss: 1.5892226, Train Acc: 0.5473485
INFO:root:Epoch: 19, Validation loss: 3.5060441, Validation Acc: 0.1875
INFO:root:Epoch: 20, Train loss: 1.5265025, Train Acc: 0.55618685
INFO:root:Epoch: 20, Validation loss: 3.3703701, Validation Acc: 0.2109375
INFO:root:Epoch: 21, Train loss: 1.4731014, Train Acc: 0.5792298
INFO:root:Epoch: 21, Validation loss: 3.3143616, Validation Acc: 0.20833333
INFO:root:Epoch: 22, Train loss: 1.3802806, Train Acc: 0.6032197
INFO:root:Epoch: 22, Validation loss: 3.4206364, Validation Acc: 0.22395833
INFO:root:Epoch: 23, Train loss: 1.3352578, Train Acc: 0.60479796
INFO:root:Epoch: 23, Validation loss: 3.6140993, Validation Acc: 0.2109375
INFO:root:Epoch: 24, Train loss: 1.3059139, Train Acc: 0.62784094
INFO:root:Epoch: 24, Validation loss: 3.2589252, Validation Acc: 0.23177083
INFO:root:Epoch: 25, Train loss: 1.2918894, Train Acc: 0.6300505
INFO:root:Epoch: 25, Validation loss: 3.578028, Validation Acc: 0.2109375
INFO:root:Epoch: 26, Train loss: 1.2246366, Train Acc: 0.6395202
INFO:root:Epoch: 26, Validation loss: 3.2586002, Validation Acc: 0.265625
INFO:root:Epoch: 27, Train loss: 1.1626097, Train Acc: 0.6515151
INFO:root:Epoch: 27, Validation loss: 3.4987762, Validation Acc: 0.22135417
INFO:root:Epoch: 28, Train loss: 1.2005647, Train Acc: 0.6606692
INFO:root:Epoch: 28, Validation loss: 3.4384782, Validation Acc: 0.23177083
INFO:root:Epoch: 29, Train loss: 1.0917835, Train Acc: 0.67676765
INFO:root:Epoch: 29, Validation loss: 3.3716967, Validation Acc: 0.25
INFO:root:Training from ep 0 to ep 30 finished
INFO:root:Best epoch: 27
