INFO:root:Started
INFO:root:Epoch: 0, Train loss: 3.6624637, Train Acc: 0.057449494
INFO:root:Epoch: 0, Validation loss: 3.4601042, Validation Acc: 0.080729164
INFO:root:Epoch: 1, Train loss: 3.3617952, Train Acc: 0.11363637
INFO:root:Epoch: 1, Validation loss: 3.3770695, Validation Acc: 0.091145836
INFO:root:Epoch: 2, Train loss: 3.1881707, Train Acc: 0.13604797
INFO:root:Epoch: 2, Validation loss: 3.3503544, Validation Acc: 0.119791664
INFO:root:Epoch: 3, Train loss: 3.0385513, Train Acc: 0.18718435
INFO:root:Epoch: 3, Validation loss: 3.3440485, Validation Acc: 0.119791664
INFO:root:Epoch: 4, Train loss: 2.90087, Train Acc: 0.21243687
INFO:root:Epoch: 4, Validation loss: 3.1703284, Validation Acc: 0.1484375
INFO:root:Epoch: 5, Train loss: 2.7522507, Train Acc: 0.24684343
INFO:root:Epoch: 5, Validation loss: 3.2522786, Validation Acc: 0.19791667
INFO:root:Epoch: 6, Train loss: 2.6474986, Train Acc: 0.28598484
INFO:root:Epoch: 6, Validation loss: 3.471009, Validation Acc: 0.1328125
INFO:root:Epoch: 7, Train loss: 2.5304828, Train Acc: 0.31439394
INFO:root:Epoch: 7, Validation loss: 3.2632048, Validation Acc: 0.15625
INFO:root:Epoch: 8, Train loss: 2.4336288, Train Acc: 0.33112374
INFO:root:Epoch: 8, Validation loss: 3.3420773, Validation Acc: 0.14583333
INFO:root:Epoch: 9, Train loss: 2.291893, Train Acc: 0.36079547
INFO:root:Epoch: 9, Validation loss: 3.3284273, Validation Acc: 0.1875
INFO:root:Epoch: 10, Train loss: 2.2428055, Train Acc: 0.3784722
INFO:root:Epoch: 10, Validation loss: 3.1421502, Validation Acc: 0.16666667
INFO:root:Epoch: 11, Train loss: 2.129513, Train Acc: 0.41666666
INFO:root:Epoch: 11, Validation loss: 3.3114889, Validation Acc: 0.19010417
INFO:root:Epoch: 12, Train loss: 2.0620594, Train Acc: 0.4214015
INFO:root:Epoch: 12, Validation loss: 3.0489614, Validation Acc: 0.21875
INFO:root:Epoch: 13, Train loss: 1.9755985, Train Acc: 0.45012626
INFO:root:Epoch: 13, Validation loss: 3.2397585, Validation Acc: 0.1875
INFO:root:Epoch: 14, Train loss: 1.9529183, Train Acc: 0.4463384
INFO:root:Epoch: 14, Validation loss: 3.5517724, Validation Acc: 0.16927083
INFO:root:Epoch: 15, Train loss: 1.8401372, Train Acc: 0.47474748
INFO:root:Epoch: 15, Validation loss: 3.2933426, Validation Acc: 0.19270833
INFO:root:Epoch: 16, Train loss: 1.754055, Train Acc: 0.5044192
INFO:root:Epoch: 16, Validation loss: 3.2033322, Validation Acc: 0.20833333
INFO:root:Epoch: 17, Train loss: 1.6653986, Train Acc: 0.5255682
INFO:root:Epoch: 17, Validation loss: 3.394873, Validation Acc: 0.22135417
INFO:root:Epoch: 18, Train loss: 1.6176722, Train Acc: 0.54103535
INFO:root:Epoch: 18, Validation loss: 3.3016346, Validation Acc: 0.20833333
INFO:root:Epoch: 19, Train loss: 1.6034602, Train Acc: 0.53977275
INFO:root:Epoch: 19, Validation loss: 3.2784941, Validation Acc: 0.20052083
INFO:root:Epoch: 20, Train loss: 1.5306135, Train Acc: 0.5555556
INFO:root:Epoch: 20, Validation loss: 3.2800312, Validation Acc: 0.23958333
INFO:root:Epoch: 21, Train loss: 1.485301, Train Acc: 0.5760732
INFO:root:Epoch: 21, Validation loss: 3.3278196, Validation Acc: 0.21875
INFO:root:Epoch: 22, Train loss: 1.3830651, Train Acc: 0.6032197
INFO:root:Epoch: 22, Validation loss: 3.4207485, Validation Acc: 0.22135417
INFO:root:Epoch: 23, Train loss: 1.3485144, Train Acc: 0.6111111
INFO:root:Epoch: 23, Validation loss: 3.627011, Validation Acc: 0.1796875
INFO:root:Epoch: 24, Train loss: 1.3161031, Train Acc: 0.6215278
INFO:root:Epoch: 24, Validation loss: 3.4705799, Validation Acc: 0.22135417
INFO:root:Epoch: 25, Train loss: 1.2907723, Train Acc: 0.6171086
INFO:root:Epoch: 25, Validation loss: 3.5648057, Validation Acc: 0.22135417
INFO:root:Epoch: 26, Train loss: 1.268959, Train Acc: 0.6202651
INFO:root:Epoch: 26, Validation loss: 3.3689835, Validation Acc: 0.23697917
INFO:root:Epoch: 27, Train loss: 1.2013836, Train Acc: 0.6515151
INFO:root:Epoch: 27, Validation loss: 3.3836238, Validation Acc: 0.2578125
INFO:root:Epoch: 28, Train loss: 1.222608, Train Acc: 0.6423611
INFO:root:Epoch: 28, Validation loss: 3.370677, Validation Acc: 0.23177083
INFO:root:Epoch: 29, Train loss: 1.1033629, Train Acc: 0.67108583
INFO:root:Epoch: 29, Validation loss: 3.4345338, Validation Acc: 0.19791667
INFO:root:Training from ep 0 to ep 30 finished
INFO:root:Best epoch: 28
