INFO:root:Started
INFO:root:Epoch: 0, Train loss: 5.052592
INFO:root:Epoch: 0, Validation loss: 3.4794767
INFO:root:Epoch: 1, Train loss: 3.2311676
INFO:root:Epoch: 1, Validation loss: 3.122725
INFO:root:Epoch: 2, Train loss: 3.027056
INFO:root:Epoch: 2, Validation loss: 3.0472217
INFO:root:Epoch: 3, Train loss: 2.950104
INFO:root:Epoch: 3, Validation loss: 2.96397
INFO:root:Epoch: 4, Train loss: 2.9064927
INFO:root:Epoch: 4, Validation loss: 2.9139519
INFO:root:Epoch: 5, Train loss: 2.8759074
INFO:root:Epoch: 5, Validation loss: 2.9497309
INFO:root:Epoch: 6, Train loss: 2.8391523
INFO:root:Epoch: 6, Validation loss: 2.86547
INFO:root:Epoch: 7, Train loss: 2.8239603
INFO:root:Epoch: 7, Validation loss: 2.8704386
INFO:root:Epoch: 8, Train loss: 2.8044965
INFO:root:Epoch: 8, Validation loss: 2.8572125
INFO:root:Epoch: 9, Train loss: 2.7870026
INFO:root:Epoch: 9, Validation loss: 2.8265142
INFO:root:Epoch: 10, Train loss: 2.7577653
INFO:root:Epoch: 10, Validation loss: 2.8171399
INFO:root:Epoch: 11, Train loss: 2.7575498
INFO:root:Epoch: 11, Validation loss: 2.8142722
INFO:root:Epoch: 12, Train loss: 2.7676013
INFO:root:Epoch: 12, Validation loss: 2.7911525
INFO:root:Epoch: 13, Train loss: 2.7424796
INFO:root:Epoch: 13, Validation loss: 2.7548857
INFO:root:Epoch: 14, Train loss: 2.726904
INFO:root:Epoch: 14, Validation loss: 2.79647
INFO:root:Epoch: 15, Train loss: 2.724375
INFO:root:Epoch: 15, Validation loss: 2.782376
INFO:root:Epoch: 16, Train loss: 2.7220285
INFO:root:Epoch: 16, Validation loss: 2.7736692
INFO:root:Epoch: 17, Train loss: 2.7080715
INFO:root:Epoch: 17, Validation loss: 2.750076
INFO:root:Epoch: 18, Train loss: 2.7019107
INFO:root:Epoch: 18, Validation loss: 2.751478
INFO:root:Epoch: 19, Train loss: 2.6930602
INFO:root:Epoch: 19, Validation loss: 2.758199
INFO:root:Epoch: 20, Train loss: 2.6929436
INFO:root:Epoch: 20, Validation loss: 2.7244506
INFO:root:Epoch: 21, Train loss: 2.6758487
INFO:root:Epoch: 21, Validation loss: 2.7538178
INFO:root:Epoch: 22, Train loss: 2.6755905
INFO:root:Epoch: 22, Validation loss: 2.7889013
INFO:root:Epoch: 23, Train loss: 2.684537
INFO:root:Epoch: 23, Validation loss: 2.7398837
INFO:root:Epoch: 24, Train loss: 2.6694355
INFO:root:Epoch: 24, Validation loss: 2.7241766
INFO:root:Epoch: 25, Train loss: 2.6653674
INFO:root:Epoch: 25, Validation loss: 2.735523
INFO:root:Epoch: 26, Train loss: 2.665099
INFO:root:Epoch: 26, Validation loss: 2.7612917
INFO:root:Epoch: 27, Train loss: 2.649397
INFO:root:Epoch: 27, Validation loss: 2.736136
INFO:root:Epoch: 28, Train loss: 2.644031
INFO:root:Epoch: 28, Validation loss: 2.70348
INFO:root:Epoch: 29, Train loss: 2.6398942
INFO:root:Epoch: 29, Validation loss: 2.722651
INFO:root:Epoch: 30, Train loss: 2.6506407
INFO:root:Epoch: 30, Validation loss: 2.69092
INFO:root:Epoch: 31, Train loss: 2.6239402
INFO:root:Epoch: 31, Validation loss: 2.6911805
INFO:root:Epoch: 32, Train loss: 2.634637
INFO:root:Epoch: 32, Validation loss: 2.7004926
INFO:root:Epoch: 33, Train loss: 2.6199512
INFO:root:Epoch: 33, Validation loss: 2.7068777
INFO:root:Epoch: 34, Train loss: 2.6291099
INFO:root:Epoch: 34, Validation loss: 2.7187653
INFO:root:Epoch: 35, Train loss: 2.612561
INFO:root:Epoch: 35, Validation loss: 2.6814172
INFO:root:Epoch: 36, Train loss: 2.6056736
INFO:root:Epoch: 36, Validation loss: 2.690032
INFO:root:Epoch: 37, Train loss: 2.610816
INFO:root:Epoch: 37, Validation loss: 2.717812
INFO:root:Epoch: 38, Train loss: 2.6065602
INFO:root:Epoch: 38, Validation loss: 2.6852813
INFO:root:Epoch: 39, Train loss: 2.6019049
INFO:root:Epoch: 39, Validation loss: 2.6774569
INFO:root:Epoch: 40, Train loss: 2.5904415
INFO:root:Epoch: 40, Validation loss: 2.6539063
INFO:root:Epoch: 41, Train loss: 2.591451
INFO:root:Epoch: 41, Validation loss: 2.717995
INFO:root:Epoch: 42, Train loss: 2.589081
INFO:root:Epoch: 42, Validation loss: 2.6873147
INFO:root:Epoch: 43, Train loss: 2.5808563
INFO:root:Epoch: 43, Validation loss: 2.6379392
INFO:root:Epoch: 44, Train loss: 2.5905147
INFO:root:Epoch: 44, Validation loss: 2.658285
INFO:root:Epoch: 45, Train loss: 2.5798573
INFO:root:Epoch: 45, Validation loss: 2.640078
INFO:root:Epoch: 46, Train loss: 2.581405
INFO:root:Epoch: 46, Validation loss: 2.6889737
INFO:root:Epoch: 47, Train loss: 2.5686257
INFO:root:Epoch: 47, Validation loss: 2.683585
INFO:root:Epoch: 48, Train loss: 2.569242
INFO:root:Epoch: 48, Validation loss: 2.672011
INFO:root:Epoch: 49, Train loss: 2.5689714
INFO:root:Epoch: 49, Validation loss: 2.6041102
INFO:root:Epoch: 50, Train loss: 2.5591264
INFO:root:Epoch: 50, Validation loss: 2.6307294
INFO:root:Epoch: 51, Train loss: 2.5546422
INFO:root:Epoch: 51, Validation loss: 2.6166182
INFO:root:Epoch: 52, Train loss: 2.5523953
INFO:root:Epoch: 52, Validation loss: 2.64516
INFO:root:Epoch: 53, Train loss: 2.555684
INFO:root:Epoch: 53, Validation loss: 2.636561
INFO:root:Epoch: 54, Train loss: 2.5483024
INFO:root:Epoch: 54, Validation loss: 2.6522262
INFO:root:Epoch: 55, Train loss: 2.5432441
INFO:root:Epoch: 55, Validation loss: 2.6514375
INFO:root:Epoch: 56, Train loss: 2.555504
INFO:root:Epoch: 56, Validation loss: 2.6202197
INFO:root:Epoch: 57, Train loss: 2.546993
INFO:root:Epoch: 57, Validation loss: 2.6475945
INFO:root:Epoch: 58, Train loss: 2.540127
INFO:root:Epoch: 58, Validation loss: 2.648528
INFO:root:Epoch: 59, Train loss: 2.5414126
INFO:root:Epoch: 59, Validation loss: 2.626096
INFO:root:Epoch: 60, Train loss: 2.5292625
INFO:root:Epoch: 60, Validation loss: 2.627857
INFO:root:Epoch: 61, Train loss: 2.5260458
INFO:root:Epoch: 61, Validation loss: 2.6302328
INFO:root:Epoch: 62, Train loss: 2.530732
INFO:root:Epoch: 62, Validation loss: 2.6695125
INFO:root:Epoch: 63, Train loss: 2.53039
INFO:root:Epoch: 63, Validation loss: 2.6410823
INFO:root:Epoch: 64, Train loss: 2.5216649
INFO:root:Epoch: 64, Validation loss: 2.6597464
INFO:root:Epoch: 65, Train loss: 2.5270946
INFO:root:Epoch: 65, Validation loss: 2.643959
INFO:root:Epoch: 66, Train loss: 2.5190926
INFO:root:Epoch: 66, Validation loss: 2.6421423
INFO:root:Epoch: 67, Train loss: 2.517841
INFO:root:Epoch: 67, Validation loss: 2.6039155
INFO:root:Epoch: 68, Train loss: 2.5162408
INFO:root:Epoch: 68, Validation loss: 2.6406693
INFO:root:Epoch: 69, Train loss: 2.5177376
INFO:root:Epoch: 69, Validation loss: 2.6373124
INFO:root:Epoch: 70, Train loss: 2.5118434
INFO:root:Epoch: 70, Validation loss: 2.6523643
INFO:root:Epoch: 71, Train loss: 2.502197
INFO:root:Epoch: 71, Validation loss: 2.6367927
INFO:root:Epoch: 72, Train loss: 2.499429
INFO:root:Epoch: 72, Validation loss: 2.6121507
INFO:root:Epoch: 73, Train loss: 2.4922767
INFO:root:Epoch: 73, Validation loss: 2.6117697
INFO:root:Epoch: 74, Train loss: 2.5046172
INFO:root:Epoch: 74, Validation loss: 2.587336
INFO:root:Epoch: 75, Train loss: 2.4997966
INFO:root:Epoch: 75, Validation loss: 2.6165774
INFO:root:Epoch: 76, Train loss: 2.4885907
INFO:root:Epoch: 76, Validation loss: 2.6481247
INFO:root:Epoch: 77, Train loss: 2.4930472
INFO:root:Epoch: 77, Validation loss: 2.5959134
INFO:root:Epoch: 78, Train loss: 2.4857335
INFO:root:Epoch: 78, Validation loss: 2.6087973
INFO:root:Epoch: 79, Train loss: 2.4942913
INFO:root:Epoch: 79, Validation loss: 2.6285057
INFO:root:Epoch: 80, Train loss: 2.4938529
INFO:root:Epoch: 80, Validation loss: 2.6185946
INFO:root:Epoch: 81, Train loss: 2.4921615
INFO:root:Epoch: 81, Validation loss: 2.6158247
INFO:root:Epoch: 82, Train loss: 2.4770756
INFO:root:Epoch: 82, Validation loss: 2.5928776
INFO:root:Epoch: 83, Train loss: 2.4808557
INFO:root:Epoch: 83, Validation loss: 2.5926769
INFO:root:Epoch: 84, Train loss: 2.4863331
INFO:root:Epoch: 84, Validation loss: 2.5831792
INFO:root:Epoch: 85, Train loss: 2.4760966
INFO:root:Epoch: 85, Validation loss: 2.5864816
INFO:root:Epoch: 86, Train loss: 2.4744112
INFO:root:Epoch: 86, Validation loss: 2.583872
INFO:root:Epoch: 87, Train loss: 2.4878874
INFO:root:Epoch: 87, Validation loss: 2.644906
INFO:root:Epoch: 88, Train loss: 2.4671078
INFO:root:Epoch: 88, Validation loss: 2.6553316
INFO:root:Epoch: 89, Train loss: 2.4710858
INFO:root:Epoch: 89, Validation loss: 2.5801184
INFO:root:Epoch: 90, Train loss: 2.4707177
INFO:root:Epoch: 90, Validation loss: 2.6202686
INFO:root:Epoch: 91, Train loss: 2.4559956
INFO:root:Epoch: 91, Validation loss: 2.6398604
INFO:root:Epoch: 92, Train loss: 2.4597135
INFO:root:Epoch: 92, Validation loss: 2.561817
INFO:root:Epoch: 93, Train loss: 2.4661508
INFO:root:Epoch: 93, Validation loss: 2.6148138
INFO:root:Epoch: 94, Train loss: 2.464452
INFO:root:Epoch: 94, Validation loss: 2.6060894
INFO:root:Epoch: 95, Train loss: 2.469137
INFO:root:Epoch: 95, Validation loss: 2.6209671
INFO:root:Epoch: 96, Train loss: 2.4501376
INFO:root:Epoch: 96, Validation loss: 2.6178663
INFO:root:Epoch: 97, Train loss: 2.4645712
INFO:root:Epoch: 97, Validation loss: 2.5763168
INFO:root:Epoch: 98, Train loss: 2.4517627
INFO:root:Epoch: 98, Validation loss: 2.5885367
INFO:root:Epoch: 99, Train loss: 2.4502802
INFO:root:Epoch: 99, Validation loss: 2.5572677
INFO:root:Training from ep 0 to ep 100 finished
INFO:root:Best epoch: 100
