INFO:root:Started
INFO:root:Epoch: 0, Train loss: 0.15320884
INFO:root:Epoch: 0, Validation loss: 0.011091939
INFO:root:Epoch: 1, Train loss: 0.007896131
INFO:root:Epoch: 1, Validation loss: 0.003510333
INFO:root:Epoch: 2, Train loss: 0.00432191
INFO:root:Epoch: 2, Validation loss: 0.0026549706
INFO:root:Epoch: 3, Train loss: 0.002914773
INFO:root:Epoch: 3, Validation loss: 0.0014589862
INFO:root:Epoch: 4, Train loss: 0.0022873448
INFO:root:Epoch: 4, Validation loss: 0.0009993518
INFO:root:Epoch: 5, Train loss: 0.001840742
INFO:root:Epoch: 5, Validation loss: 0.00080782606
INFO:root:Epoch: 6, Train loss: 0.0014018064
INFO:root:Epoch: 6, Validation loss: 0.0006907058
INFO:root:Epoch: 7, Train loss: 0.0010799055
INFO:root:Epoch: 7, Validation loss: 0.0005361207
INFO:root:Epoch: 8, Train loss: 0.0009797746
INFO:root:Epoch: 8, Validation loss: 0.00034251215
INFO:root:Epoch: 9, Train loss: 0.00078167865
INFO:root:Epoch: 9, Validation loss: 0.00046967305
INFO:root:Epoch: 10, Train loss: 0.0007380453
INFO:root:Epoch: 10, Validation loss: 0.0003054307
INFO:root:Epoch: 11, Train loss: 0.00066716044
INFO:root:Epoch: 11, Validation loss: 0.00027423078
INFO:root:Epoch: 12, Train loss: 0.00056161446
INFO:root:Epoch: 12, Validation loss: 0.00025911012
INFO:root:Epoch: 13, Train loss: 0.00047903942
INFO:root:Epoch: 13, Validation loss: 0.00032687528
INFO:root:Epoch: 14, Train loss: 0.00044740425
INFO:root:Epoch: 14, Validation loss: 0.00020852927
INFO:root:Epoch: 15, Train loss: 0.00038833995
INFO:root:Epoch: 15, Validation loss: 0.00029745142
INFO:root:Epoch: 16, Train loss: 0.0003021137
INFO:root:Epoch: 16, Validation loss: 0.00024112333
INFO:root:Epoch: 17, Train loss: 0.00028347742
INFO:root:Epoch: 17, Validation loss: 0.00014106261
INFO:root:Epoch: 18, Train loss: 0.0003029145
INFO:root:Epoch: 18, Validation loss: 0.00041324485
INFO:root:Epoch: 19, Train loss: 0.00023764669
INFO:root:Epoch: 19, Validation loss: 0.00065204134
INFO:root:Epoch: 20, Train loss: 0.00024966584
INFO:root:Epoch: 20, Validation loss: 0.0001605144
INFO:root:Epoch: 21, Train loss: 0.0002095489
INFO:root:Epoch: 21, Validation loss: 9.285578e-05
INFO:root:Epoch: 22, Train loss: 0.00019953345
INFO:root:Epoch: 22, Validation loss: 0.00026231524
INFO:root:Epoch: 23, Train loss: 0.00016380953
INFO:root:Epoch: 23, Validation loss: 7.945012e-05
INFO:root:Epoch: 24, Train loss: 0.00022282857
INFO:root:Epoch: 24, Validation loss: 4.7556834e-05
INFO:root:Epoch: 25, Train loss: 0.00013408829
INFO:root:Epoch: 25, Validation loss: 0.000122667
INFO:root:Epoch: 26, Train loss: 0.00014105916
INFO:root:Epoch: 26, Validation loss: 6.5480715e-05
INFO:root:Epoch: 27, Train loss: 0.00012676204
INFO:root:Epoch: 27, Validation loss: 7.834901e-05
INFO:root:Epoch: 28, Train loss: 0.00014588765
INFO:root:Epoch: 28, Validation loss: 5.8185502e-05
INFO:root:Epoch: 29, Train loss: 9.0047455e-05
INFO:root:Epoch: 29, Validation loss: 3.5397767e-05
INFO:root:Epoch: 30, Train loss: 7.4533e-05
INFO:root:Epoch: 30, Validation loss: 5.7634836e-05
INFO:root:Epoch: 31, Train loss: 0.000115687486
INFO:root:Epoch: 31, Validation loss: 0.00010281057
INFO:root:Epoch: 32, Train loss: 0.00014406501
INFO:root:Epoch: 32, Validation loss: 5.1000112e-05
INFO:root:Epoch: 33, Train loss: 6.65461e-05
INFO:root:Epoch: 33, Validation loss: 3.8463204e-05
INFO:root:Epoch: 34, Train loss: 7.7370074e-05
INFO:root:Epoch: 34, Validation loss: 0.00015306147
INFO:root:Epoch: 35, Train loss: 6.4861095e-05
INFO:root:Epoch: 35, Validation loss: 5.9252423e-05
INFO:root:Epoch: 36, Train loss: 6.4056396e-05
INFO:root:Epoch: 36, Validation loss: 3.967615e-05
INFO:root:Epoch: 37, Train loss: 6.397222e-05
INFO:root:Epoch: 37, Validation loss: 3.3617554e-05
INFO:root:Epoch: 38, Train loss: 4.9936105e-05
INFO:root:Epoch: 38, Validation loss: 2.6303569e-05
INFO:root:Epoch: 39, Train loss: 4.756571e-05
INFO:root:Epoch: 39, Validation loss: 3.0608986e-05
INFO:root:Epoch: 40, Train loss: 3.132027e-05
INFO:root:Epoch: 40, Validation loss: 1.8493232e-05
INFO:root:Epoch: 41, Train loss: 3.6594178e-05
INFO:root:Epoch: 41, Validation loss: 2.1759444e-05
INFO:root:Epoch: 42, Train loss: 3.4066317e-05
INFO:root:Epoch: 42, Validation loss: 8.675144e-05
INFO:root:Epoch: 43, Train loss: 7.8198835e-05
INFO:root:Epoch: 43, Validation loss: 0.00019130242
INFO:root:Epoch: 44, Train loss: 5.604767e-05
INFO:root:Epoch: 44, Validation loss: 1.0582025e-05
INFO:root:Epoch: 45, Train loss: 0.0001141169
INFO:root:Epoch: 45, Validation loss: 2.5376037e-05
INFO:root:Epoch: 46, Train loss: 2.9441946e-05
INFO:root:Epoch: 46, Validation loss: 5.049489e-05
INFO:root:Epoch: 47, Train loss: 2.3977103e-05
INFO:root:Epoch: 47, Validation loss: 4.610745e-05
INFO:root:Epoch: 48, Train loss: 2.4371804e-05
INFO:root:Epoch: 48, Validation loss: 2.851325e-05
INFO:root:Epoch: 49, Train loss: 2.402475e-05
INFO:root:Epoch: 49, Validation loss: 5.088774e-05
INFO:root:Epoch: 50, Train loss: 2.0375388e-05
INFO:root:Epoch: 50, Validation loss: 2.9338798e-05
INFO:root:Epoch: 51, Train loss: 2.4428871e-05
INFO:root:Epoch: 51, Validation loss: 2.7806966e-05
INFO:root:Epoch: 52, Train loss: 1.9553116e-05
INFO:root:Epoch: 52, Validation loss: 3.866471e-05
INFO:root:Epoch: 53, Train loss: 2.3475064e-05
INFO:root:Epoch: 53, Validation loss: 3.3800257e-05
INFO:root:Epoch: 54, Train loss: 3.016593e-05
INFO:root:Epoch: 54, Validation loss: 9.30235e-06
INFO:root:Epoch: 55, Train loss: 1.9163828e-05
INFO:root:Epoch: 55, Validation loss: 1.6858716e-05
INFO:root:Epoch: 56, Train loss: 2.8421084e-05
INFO:root:Epoch: 56, Validation loss: 4.2086715e-05
INFO:root:Epoch: 57, Train loss: 1.4458408e-05
INFO:root:Epoch: 57, Validation loss: 0.000103360115
INFO:root:Epoch: 58, Train loss: 1.5089033e-05
INFO:root:Epoch: 58, Validation loss: 2.3495204e-05
INFO:root:Epoch: 59, Train loss: 9.2737464e-05
INFO:root:Epoch: 59, Validation loss: 2.2983055e-05
INFO:root:Epoch: 60, Train loss: 2.0543415e-05
INFO:root:Epoch: 60, Validation loss: 8.889886e-06
INFO:root:Epoch: 61, Train loss: 8.236298e-06
INFO:root:Epoch: 61, Validation loss: 1.019832e-05
INFO:root:Epoch: 62, Train loss: 8.66806e-06
INFO:root:Epoch: 62, Validation loss: 2.186413e-05
INFO:root:Epoch: 63, Train loss: 4.096793e-06
INFO:root:Epoch: 63, Validation loss: 1.1797006e-05
INFO:root:Epoch: 64, Train loss: 7.608479e-06
INFO:root:Epoch: 64, Validation loss: 0.00015752768
INFO:root:Epoch: 65, Train loss: 3.1117703e-05
INFO:root:Epoch: 65, Validation loss: 4.8595916e-06
INFO:root:Epoch: 66, Train loss: 1.0189226e-05
INFO:root:Epoch: 66, Validation loss: 3.0333592e-06
INFO:root:Epoch: 67, Train loss: 2.020461e-05
INFO:root:Epoch: 67, Validation loss: 3.990871e-05
INFO:root:Epoch: 68, Train loss: 6.455647e-06
INFO:root:Epoch: 68, Validation loss: 2.1587316e-06
INFO:root:Epoch: 69, Train loss: 4.1760704e-06
INFO:root:Epoch: 69, Validation loss: 4.9940056e-05
INFO:root:Epoch: 70, Train loss: 3.2675775e-06
INFO:root:Epoch: 70, Validation loss: 3.5860983e-06
INFO:root:Epoch: 71, Train loss: 1.0435767e-05
INFO:root:Epoch: 71, Validation loss: 4.9829006e-05
INFO:root:Epoch: 72, Train loss: 7.6053307e-06
INFO:root:Epoch: 72, Validation loss: 2.0306885e-05
INFO:root:Epoch: 73, Train loss: 1.5664598e-06
INFO:root:Epoch: 73, Validation loss: 2.4640144e-06
INFO:root:Epoch: 74, Train loss: 3.9107244e-06
INFO:root:Epoch: 74, Validation loss: 0.00013965498
INFO:root:Epoch: 75, Train loss: 1.3377316e-05
INFO:root:Epoch: 75, Validation loss: 3.1028653e-06
INFO:root:Epoch: 76, Train loss: 1.3472525e-06
INFO:root:Epoch: 76, Validation loss: 3.8944833e-07
INFO:root:Epoch: 77, Train loss: 4.365411e-06
INFO:root:Epoch: 77, Validation loss: 9.055413e-07
INFO:root:Epoch: 78, Train loss: 1.1233948e-06
INFO:root:Epoch: 78, Validation loss: 1.1493198e-05
INFO:root:Epoch: 79, Train loss: 6.656176e-06
INFO:root:Epoch: 79, Validation loss: 6.968507e-05
INFO:root:Epoch: 80, Train loss: 1.8627384e-06
INFO:root:Epoch: 80, Validation loss: 1.3518269e-07
INFO:root:Epoch: 81, Train loss: 6.639207e-07
INFO:root:Epoch: 81, Validation loss: 1.3752451e-06
INFO:root:Epoch: 82, Train loss: 7.973331e-06
INFO:root:Epoch: 82, Validation loss: 6.590194e-06
INFO:root:Epoch: 83, Train loss: 1.0674526e-05
INFO:root:Epoch: 83, Validation loss: 9.3337825e-05
INFO:root:Epoch: 84, Train loss: 3.219593e-06
INFO:root:Epoch: 84, Validation loss: 3.175987e-07
INFO:root:Epoch: 85, Train loss: 2.8266726e-07
INFO:root:Epoch: 85, Validation loss: 1.4135095e-07
INFO:root:Epoch: 86, Train loss: 5.024558e-07
INFO:root:Epoch: 86, Validation loss: 1.9970179e-07
INFO:root:Epoch: 87, Train loss: 6.7340665e-07
INFO:root:Epoch: 87, Validation loss: 1.0875278e-06
INFO:root:Epoch: 88, Train loss: 8.8457966e-07
INFO:root:Epoch: 88, Validation loss: 1.3157774e-07
INFO:root:Epoch: 89, Train loss: 5.473628e-06
INFO:root:Epoch: 89, Validation loss: 1.5720214e-07
INFO:root:Epoch: 90, Train loss: 7.796314e-06
INFO:root:Epoch: 90, Validation loss: 2.3677241e-07
INFO:root:Epoch: 91, Train loss: 5.454622e-07
INFO:root:Epoch: 91, Validation loss: 5.1193805e-08
INFO:root:Epoch: 92, Train loss: 1.2256605e-07
INFO:root:Epoch: 92, Validation loss: 2.5990213e-08
INFO:root:Epoch: 93, Train loss: 3.2910414e-08
INFO:root:Epoch: 93, Validation loss: 4.466677e-08
INFO:root:Epoch: 94, Train loss: 8.981597e-06
INFO:root:Epoch: 94, Validation loss: 4.9484123e-07
INFO:root:Epoch: 95, Train loss: 2.2077774e-07
INFO:root:Epoch: 95, Validation loss: 4.1228094e-07
INFO:root:Epoch: 96, Train loss: 4.4258453e-08
INFO:root:Epoch: 96, Validation loss: 1.5723967e-07
INFO:root:Epoch: 97, Train loss: 9.397566e-08
INFO:root:Epoch: 97, Validation loss: 1.9911613e-05
INFO:root:Epoch: 98, Train loss: 1.8896839e-06
INFO:root:Epoch: 98, Validation loss: 1.4465235e-07
INFO:root:Epoch: 99, Train loss: 1.5555981e-06
INFO:root:Epoch: 99, Validation loss: 4.415416e-06
INFO:root:Training from ep 0 to ep 100 finished
INFO:root:Best epoch: 93
