INFO:root:Started
INFO:root:Epoch: 0, Train loss: 4.235886
INFO:root:Epoch: 0, Validation loss: 2.6014788
INFO:root:Epoch: 1, Train loss: 2.2443519
INFO:root:Epoch: 1, Validation loss: 2.1170974
INFO:root:Epoch: 2, Train loss: 2.0260658
INFO:root:Epoch: 2, Validation loss: 2.0327706
INFO:root:Epoch: 3, Train loss: 1.9404769
INFO:root:Epoch: 3, Validation loss: 1.9618026
INFO:root:Epoch: 4, Train loss: 1.8910971
INFO:root:Epoch: 4, Validation loss: 1.8747842
INFO:root:Epoch: 5, Train loss: 1.8537358
INFO:root:Epoch: 5, Validation loss: 1.8737897
INFO:root:Epoch: 6, Train loss: 1.836906
INFO:root:Epoch: 6, Validation loss: 1.8363963
INFO:root:Epoch: 7, Train loss: 1.8110706
INFO:root:Epoch: 7, Validation loss: 1.8067108
INFO:root:Epoch: 8, Train loss: 1.7873255
INFO:root:Epoch: 8, Validation loss: 1.8067842
INFO:root:Epoch: 9, Train loss: 1.7787968
INFO:root:Epoch: 9, Validation loss: 1.7930923
INFO:root:Epoch: 10, Train loss: 1.7650006
INFO:root:Epoch: 10, Validation loss: 1.7657502
INFO:root:Epoch: 11, Train loss: 1.7629274
INFO:root:Epoch: 11, Validation loss: 1.7551082
INFO:root:Epoch: 12, Train loss: 1.754854
INFO:root:Epoch: 12, Validation loss: 1.7401612
INFO:root:Epoch: 13, Train loss: 1.745255
INFO:root:Epoch: 13, Validation loss: 1.740967
INFO:root:Epoch: 14, Train loss: 1.7302034
INFO:root:Epoch: 14, Validation loss: 1.75895
INFO:root:Epoch: 15, Train loss: 1.7243922
INFO:root:Epoch: 15, Validation loss: 1.7534977
INFO:root:Epoch: 16, Train loss: 1.7219104
INFO:root:Epoch: 16, Validation loss: 1.7443984
INFO:root:Epoch: 17, Train loss: 1.7040529
INFO:root:Epoch: 17, Validation loss: 1.7161331
INFO:root:Epoch: 18, Train loss: 1.7043452
INFO:root:Epoch: 18, Validation loss: 1.731063
INFO:root:Epoch: 19, Train loss: 1.6935825
INFO:root:Epoch: 19, Validation loss: 1.7253622
INFO:root:Epoch: 20, Train loss: 1.6940378
INFO:root:Epoch: 20, Validation loss: 1.7153394
INFO:root:Epoch: 21, Train loss: 1.6818994
INFO:root:Epoch: 21, Validation loss: 1.7254051
INFO:root:Epoch: 22, Train loss: 1.6806846
INFO:root:Epoch: 22, Validation loss: 1.7262732
INFO:root:Epoch: 23, Train loss: 1.6739517
INFO:root:Epoch: 23, Validation loss: 1.7136467
INFO:root:Epoch: 24, Train loss: 1.666884
INFO:root:Epoch: 24, Validation loss: 1.6900955
INFO:root:Epoch: 25, Train loss: 1.6696705
INFO:root:Epoch: 25, Validation loss: 1.702122
INFO:root:Epoch: 26, Train loss: 1.6558632
INFO:root:Epoch: 26, Validation loss: 1.6934377
INFO:root:Epoch: 27, Train loss: 1.6495146
INFO:root:Epoch: 27, Validation loss: 1.7130828
INFO:root:Epoch: 28, Train loss: 1.6446935
INFO:root:Epoch: 28, Validation loss: 1.6752872
INFO:root:Epoch: 29, Train loss: 1.6374459
INFO:root:Epoch: 29, Validation loss: 1.700695
INFO:root:Epoch: 30, Train loss: 1.6455522
INFO:root:Epoch: 30, Validation loss: 1.6929924
INFO:root:Epoch: 31, Train loss: 1.6336461
INFO:root:Epoch: 31, Validation loss: 1.6660957
INFO:root:Epoch: 32, Train loss: 1.6256375
INFO:root:Epoch: 32, Validation loss: 1.6651628
INFO:root:Epoch: 33, Train loss: 1.6197239
INFO:root:Epoch: 33, Validation loss: 1.6816642
INFO:root:Epoch: 34, Train loss: 1.6206797
INFO:root:Epoch: 34, Validation loss: 1.6590577
INFO:root:Epoch: 35, Train loss: 1.6248003
INFO:root:Epoch: 35, Validation loss: 1.6632026
INFO:root:Epoch: 36, Train loss: 1.6185286
INFO:root:Epoch: 36, Validation loss: 1.6776118
INFO:root:Epoch: 37, Train loss: 1.6151657
INFO:root:Epoch: 37, Validation loss: 1.6681631
INFO:root:Epoch: 38, Train loss: 1.612107
INFO:root:Epoch: 38, Validation loss: 1.6305884
INFO:root:Epoch: 39, Train loss: 1.6107883
INFO:root:Epoch: 39, Validation loss: 1.6580895
INFO:root:Epoch: 40, Train loss: 1.5990975
INFO:root:Epoch: 40, Validation loss: 1.6310414
INFO:root:Epoch: 41, Train loss: 1.5880257
INFO:root:Epoch: 41, Validation loss: 1.667261
INFO:root:Epoch: 42, Train loss: 1.599179
INFO:root:Epoch: 42, Validation loss: 1.6549153
INFO:root:Epoch: 43, Train loss: 1.5886605
INFO:root:Epoch: 43, Validation loss: 1.6205056
INFO:root:Epoch: 44, Train loss: 1.5777696
INFO:root:Epoch: 44, Validation loss: 1.6610247
INFO:root:Epoch: 45, Train loss: 1.5891237
INFO:root:Epoch: 45, Validation loss: 1.6059543
INFO:root:Epoch: 46, Train loss: 1.5764331
INFO:root:Epoch: 46, Validation loss: 1.6455859
INFO:root:Epoch: 47, Train loss: 1.5748762
INFO:root:Epoch: 47, Validation loss: 1.6369263
INFO:root:Epoch: 48, Train loss: 1.5788732
INFO:root:Epoch: 48, Validation loss: 1.6375343
INFO:root:Epoch: 49, Train loss: 1.5626165
INFO:root:Epoch: 49, Validation loss: 1.5921489
INFO:root:Epoch: 50, Train loss: 1.5694253
INFO:root:Epoch: 50, Validation loss: 1.6122433
INFO:root:Epoch: 51, Train loss: 1.5631286
INFO:root:Epoch: 51, Validation loss: 1.601039
INFO:root:Epoch: 52, Train loss: 1.5550345
INFO:root:Epoch: 52, Validation loss: 1.6411151
INFO:root:Epoch: 53, Train loss: 1.5536431
INFO:root:Epoch: 53, Validation loss: 1.5972663
INFO:root:Epoch: 54, Train loss: 1.5491012
INFO:root:Epoch: 54, Validation loss: 1.6333193
INFO:root:Epoch: 55, Train loss: 1.5492257
INFO:root:Epoch: 55, Validation loss: 1.6197097
INFO:root:Epoch: 56, Train loss: 1.5632135
INFO:root:Epoch: 56, Validation loss: 1.6092935
INFO:root:Epoch: 57, Train loss: 1.5518116
INFO:root:Epoch: 57, Validation loss: 1.619479
INFO:root:Epoch: 58, Train loss: 1.539874
INFO:root:Epoch: 58, Validation loss: 1.6096401
INFO:root:Epoch: 59, Train loss: 1.5352082
INFO:root:Epoch: 59, Validation loss: 1.6256531
INFO:root:Epoch: 60, Train loss: 1.5321226
INFO:root:Epoch: 60, Validation loss: 1.6204616
INFO:root:Epoch: 61, Train loss: 1.5465422
INFO:root:Epoch: 61, Validation loss: 1.61746
INFO:root:Epoch: 62, Train loss: 1.541508
INFO:root:Epoch: 62, Validation loss: 1.5958043
INFO:root:Epoch: 63, Train loss: 1.5255666
INFO:root:Epoch: 63, Validation loss: 1.5866909
INFO:root:Epoch: 64, Train loss: 1.5252026
INFO:root:Epoch: 64, Validation loss: 1.6171727
INFO:root:Epoch: 65, Train loss: 1.5375242
INFO:root:Epoch: 65, Validation loss: 1.5968481
INFO:root:Epoch: 66, Train loss: 1.5233573
INFO:root:Epoch: 66, Validation loss: 1.6146272
INFO:root:Epoch: 67, Train loss: 1.510092
INFO:root:Epoch: 67, Validation loss: 1.6064719
INFO:root:Epoch: 68, Train loss: 1.5252675
INFO:root:Epoch: 68, Validation loss: 1.6635249
INFO:root:Epoch: 69, Train loss: 1.5212753
INFO:root:Epoch: 69, Validation loss: 1.5939175
INFO:root:Epoch: 70, Train loss: 1.5179696
INFO:root:Epoch: 70, Validation loss: 1.6248499
INFO:root:Epoch: 71, Train loss: 1.5123175
INFO:root:Epoch: 71, Validation loss: 1.5749815
INFO:root:Epoch: 72, Train loss: 1.5178696
INFO:root:Epoch: 72, Validation loss: 1.5930133
INFO:root:Epoch: 73, Train loss: 1.5157071
INFO:root:Epoch: 73, Validation loss: 1.5939726
INFO:root:Epoch: 74, Train loss: 1.4952271
INFO:root:Epoch: 74, Validation loss: 1.5433158
INFO:root:Epoch: 75, Train loss: 1.497597
INFO:root:Epoch: 75, Validation loss: 1.6074977
INFO:root:Epoch: 76, Train loss: 1.5052786
INFO:root:Epoch: 76, Validation loss: 1.6192871
INFO:root:Epoch: 77, Train loss: 1.4956948
INFO:root:Epoch: 77, Validation loss: 1.5524288
INFO:root:Epoch: 78, Train loss: 1.4906719
INFO:root:Epoch: 78, Validation loss: 1.5963595
INFO:root:Epoch: 79, Train loss: 1.485148
INFO:root:Epoch: 79, Validation loss: 1.6336054
INFO:root:Epoch: 80, Train loss: 1.4931808
INFO:root:Epoch: 80, Validation loss: 1.6220565
INFO:root:Epoch: 81, Train loss: 1.4890136
INFO:root:Epoch: 81, Validation loss: 1.5897255
INFO:root:Epoch: 82, Train loss: 1.4850929
INFO:root:Epoch: 82, Validation loss: 1.574016
INFO:root:Epoch: 83, Train loss: 1.4920061
INFO:root:Epoch: 83, Validation loss: 1.5998309
INFO:root:Epoch: 84, Train loss: 1.4859143
INFO:root:Epoch: 84, Validation loss: 1.6227729
INFO:root:Epoch: 85, Train loss: 1.4832604
INFO:root:Epoch: 85, Validation loss: 1.6584033
INFO:root:Epoch: 86, Train loss: 1.4858985
INFO:root:Epoch: 86, Validation loss: 1.600932
INFO:root:Epoch: 87, Train loss: 1.4747154
INFO:root:Epoch: 87, Validation loss: 1.5978055
INFO:root:Epoch: 88, Train loss: 1.4822158
INFO:root:Epoch: 88, Validation loss: 1.6373112
INFO:root:Epoch: 89, Train loss: 1.4795704
INFO:root:Epoch: 89, Validation loss: 1.6137797
INFO:root:Epoch: 90, Train loss: 1.468817
INFO:root:Epoch: 90, Validation loss: 1.5698044
INFO:root:Epoch: 91, Train loss: 1.4699434
INFO:root:Epoch: 91, Validation loss: 1.5930675
INFO:root:Epoch: 92, Train loss: 1.4602362
INFO:root:Epoch: 92, Validation loss: 1.5780498
INFO:root:Epoch: 93, Train loss: 1.4616805
INFO:root:Epoch: 93, Validation loss: 1.5758259
INFO:root:Epoch: 94, Train loss: 1.4692777
INFO:root:Epoch: 94, Validation loss: 1.5651141
INFO:root:Epoch: 95, Train loss: 1.4698064
INFO:root:Epoch: 95, Validation loss: 1.5506178
INFO:root:Epoch: 96, Train loss: 1.4619416
INFO:root:Epoch: 96, Validation loss: 1.5929093
INFO:root:Epoch: 97, Train loss: 1.4631056
INFO:root:Epoch: 97, Validation loss: 1.6017281
INFO:root:Epoch: 98, Train loss: 1.4560165
INFO:root:Epoch: 98, Validation loss: 1.5843737
INFO:root:Epoch: 99, Train loss: 1.4601078
INFO:root:Epoch: 99, Validation loss: 1.636601
INFO:root:Training from ep 0 to ep 100 finished
INFO:root:Best epoch: 75
