INFO:root:Started
INFO:root:Epoch: 0, Train loss: 3.683972, Train Acc: 0.05618687
INFO:root:Epoch: 0, Validation loss: 3.5395286, Validation Acc: 0.075520836
INFO:root:Epoch: 1, Train loss: 3.37551, Train Acc: 0.115214646
INFO:root:Epoch: 1, Validation loss: 3.4187272, Validation Acc: 0.098958336
INFO:root:Epoch: 2, Train loss: 3.2443256, Train Acc: 0.13541667
INFO:root:Epoch: 2, Validation loss: 3.3305018, Validation Acc: 0.12760417
INFO:root:Epoch: 3, Train loss: 3.1116493, Train Acc: 0.16856061
INFO:root:Epoch: 3, Validation loss: 3.3270226, Validation Acc: 0.1328125
INFO:root:Epoch: 4, Train loss: 3.0130444, Train Acc: 0.18529041
INFO:root:Epoch: 4, Validation loss: 3.195586, Validation Acc: 0.18489583
INFO:root:Epoch: 5, Train loss: 2.89788, Train Acc: 0.20296717
INFO:root:Epoch: 5, Validation loss: 3.298295, Validation Acc: 0.1484375
INFO:root:Epoch: 6, Train loss: 2.7938204, Train Acc: 0.25126263
INFO:root:Epoch: 6, Validation loss: 3.206231, Validation Acc: 0.15104167
INFO:root:Epoch: 7, Train loss: 2.66164, Train Acc: 0.28756315
INFO:root:Epoch: 7, Validation loss: 3.2123811, Validation Acc: 0.17447917
INFO:root:Epoch: 8, Train loss: 2.611471, Train Acc: 0.27998737
INFO:root:Epoch: 8, Validation loss: 3.189391, Validation Acc: 0.15885417
INFO:root:Epoch: 9, Train loss: 2.4753215, Train Acc: 0.32070708
INFO:root:Epoch: 9, Validation loss: 3.1999185, Validation Acc: 0.171875
INFO:root:Epoch: 10, Train loss: 2.4082417, Train Acc: 0.32544193
INFO:root:Epoch: 10, Validation loss: 3.0908558, Validation Acc: 0.18229167
INFO:root:Epoch: 11, Train loss: 2.3188577, Train Acc: 0.35132575
INFO:root:Epoch: 11, Validation loss: 3.2293482, Validation Acc: 0.18489583
INFO:root:Epoch: 12, Train loss: 2.2370372, Train Acc: 0.37184343
INFO:root:Epoch: 12, Validation loss: 3.1437957, Validation Acc: 0.20052083
INFO:root:Epoch: 13, Train loss: 2.172169, Train Acc: 0.39614898
INFO:root:Epoch: 13, Validation loss: 3.2880936, Validation Acc: 0.20052083
INFO:root:Epoch: 14, Train loss: 2.1629202, Train Acc: 0.39614898
INFO:root:Epoch: 14, Validation loss: 3.9432304, Validation Acc: 0.1640625
INFO:root:Epoch: 15, Train loss: 2.0464132, Train Acc: 0.4229798
INFO:root:Epoch: 15, Validation loss: 3.2900527, Validation Acc: 0.19270833
INFO:root:Epoch: 16, Train loss: 1.9604112, Train Acc: 0.43655303
INFO:root:Epoch: 16, Validation loss: 3.1666782, Validation Acc: 0.20833333
INFO:root:Epoch: 17, Train loss: 1.8987428, Train Acc: 0.46780303
INFO:root:Epoch: 17, Validation loss: 3.3937685, Validation Acc: 0.15364583
INFO:root:Epoch: 18, Train loss: 1.8495687, Train Acc: 0.4652778
INFO:root:Epoch: 18, Validation loss: 3.356449, Validation Acc: 0.1796875
INFO:root:Epoch: 19, Train loss: 1.8319275, Train Acc: 0.48169193
INFO:root:Epoch: 19, Validation loss: 3.408987, Validation Acc: 0.15104167
INFO:root:Epoch: 20, Train loss: 1.7605603, Train Acc: 0.48800504
INFO:root:Epoch: 20, Validation loss: 3.2693834, Validation Acc: 0.20833333
INFO:root:Epoch: 21, Train loss: 1.7141755, Train Acc: 0.5034722
INFO:root:Epoch: 21, Validation loss: 3.2233524, Validation Acc: 0.21354167
INFO:root:Epoch: 22, Train loss: 1.6255314, Train Acc: 0.5347222
INFO:root:Epoch: 22, Validation loss: 3.4285367, Validation Acc: 0.20572917
INFO:root:Epoch: 23, Train loss: 1.5644591, Train Acc: 0.54703283
INFO:root:Epoch: 23, Validation loss: 3.398577, Validation Acc: 0.21614583
INFO:root:Epoch: 24, Train loss: 1.5578457, Train Acc: 0.5520833
INFO:root:Epoch: 24, Validation loss: 3.3415263, Validation Acc: 0.22135417
INFO:root:Epoch: 25, Train loss: 1.5264788, Train Acc: 0.5672349
INFO:root:Epoch: 25, Validation loss: 3.422017, Validation Acc: 0.20572917
INFO:root:Epoch: 26, Train loss: 1.4701991, Train Acc: 0.5719697
INFO:root:Epoch: 26, Validation loss: 3.166886, Validation Acc: 0.2578125
INFO:root:Epoch: 27, Train loss: 1.4216475, Train Acc: 0.5763889
INFO:root:Epoch: 27, Validation loss: 3.3172028, Validation Acc: 0.22135417
INFO:root:Epoch: 28, Train loss: 1.4611697, Train Acc: 0.57354796
INFO:root:Epoch: 28, Validation loss: 3.2652462, Validation Acc: 0.24739583
INFO:root:Epoch: 29, Train loss: 1.3332783, Train Acc: 0.61521465
INFO:root:Epoch: 29, Validation loss: 3.3478773, Validation Acc: 0.24479167
INFO:root:Training from ep 0 to ep 30 finished
INFO:root:Best epoch: 27
