INFO:root:Started
INFO:root:Epoch: 0, Train loss: 3.7354202, Train Acc: 0.05334596
INFO:root:Epoch: 0, Validation loss: 3.6677663, Validation Acc: 0.041666668
INFO:root:Epoch: 1, Train loss: 3.4735484, Train Acc: 0.08617424
INFO:root:Epoch: 1, Validation loss: 3.5288575, Validation Acc: 0.091145836
INFO:root:Epoch: 2, Train loss: 3.3220804, Train Acc: 0.11300505
INFO:root:Epoch: 2, Validation loss: 3.516691, Validation Acc: 0.1015625
INFO:root:Epoch: 3, Train loss: 3.1807306, Train Acc: 0.15056819
INFO:root:Epoch: 3, Validation loss: 3.4111347, Validation Acc: 0.078125
INFO:root:Epoch: 4, Train loss: 3.0622025, Train Acc: 0.17582071
INFO:root:Epoch: 4, Validation loss: 3.3062265, Validation Acc: 0.091145836
INFO:root:Epoch: 5, Train loss: 2.955377, Train Acc: 0.19854797
INFO:root:Epoch: 5, Validation loss: 3.3280296, Validation Acc: 0.13020833
INFO:root:Epoch: 6, Train loss: 2.8898659, Train Acc: 0.22569445
INFO:root:Epoch: 6, Validation loss: 3.2174292, Validation Acc: 0.14322917
INFO:root:Epoch: 7, Train loss: 2.7811573, Train Acc: 0.24242425
INFO:root:Epoch: 7, Validation loss: 3.2273061, Validation Acc: 0.15625
INFO:root:Epoch: 8, Train loss: 2.695137, Train Acc: 0.261048
INFO:root:Epoch: 8, Validation loss: 3.2048934, Validation Acc: 0.1328125
INFO:root:Epoch: 9, Train loss: 2.6245916, Train Acc: 0.2863005
INFO:root:Epoch: 9, Validation loss: 3.322956, Validation Acc: 0.125
INFO:root:Epoch: 10, Train loss: 2.5240777, Train Acc: 0.30934343
INFO:root:Epoch: 10, Validation loss: 3.2297938, Validation Acc: 0.16145833
INFO:root:Epoch: 11, Train loss: 2.4431, Train Acc: 0.32323232
INFO:root:Epoch: 11, Validation loss: 3.3500607, Validation Acc: 0.1640625
INFO:root:Epoch: 12, Train loss: 2.3885489, Train Acc: 0.34911618
INFO:root:Epoch: 12, Validation loss: 3.2871444, Validation Acc: 0.1640625
INFO:root:Epoch: 13, Train loss: 2.3573215, Train Acc: 0.34532827
INFO:root:Epoch: 13, Validation loss: 3.1456153, Validation Acc: 0.17708333
INFO:root:Epoch: 14, Train loss: 2.1855054, Train Acc: 0.386048
INFO:root:Epoch: 14, Validation loss: 3.2540874, Validation Acc: 0.2109375
INFO:root:Epoch: 15, Train loss: 2.2347894, Train Acc: 0.3784722
INFO:root:Epoch: 15, Validation loss: 3.3482487, Validation Acc: 0.16666667
INFO:root:Epoch: 16, Train loss: 2.1098247, Train Acc: 0.41382575
INFO:root:Epoch: 16, Validation loss: 3.2982113, Validation Acc: 0.18229167
INFO:root:Epoch: 17, Train loss: 2.0464077, Train Acc: 0.42708334
INFO:root:Epoch: 17, Validation loss: 3.4525115, Validation Acc: 0.15885417
INFO:root:Epoch: 18, Train loss: 1.9982151, Train Acc: 0.43781567
INFO:root:Epoch: 18, Validation loss: 2.9890633, Validation Acc: 0.24479167
INFO:root:Epoch: 19, Train loss: 1.9189632, Train Acc: 0.45012626
INFO:root:Epoch: 19, Validation loss: 3.1482818, Validation Acc: 0.22916667
INFO:root:Epoch: 20, Train loss: 1.8350916, Train Acc: 0.48074496
INFO:root:Epoch: 20, Validation loss: 3.3931396, Validation Acc: 0.21614583
INFO:root:Epoch: 21, Train loss: 1.8031607, Train Acc: 0.5047349
INFO:root:Epoch: 21, Validation loss: 3.2541955, Validation Acc: 0.22135417
INFO:root:Epoch: 22, Train loss: 1.7407751, Train Acc: 0.50189394
INFO:root:Epoch: 22, Validation loss: 3.4522698, Validation Acc: 0.203125
INFO:root:Epoch: 23, Train loss: 1.6955851, Train Acc: 0.52840906
INFO:root:Epoch: 23, Validation loss: 3.4942672, Validation Acc: 0.19270833
INFO:root:Epoch: 24, Train loss: 1.6525041, Train Acc: 0.53377527
INFO:root:Epoch: 24, Validation loss: 3.5295503, Validation Acc: 0.18489583
INFO:root:Epoch: 25, Train loss: 1.6340222, Train Acc: 0.53756315
INFO:root:Epoch: 25, Validation loss: 3.3679388, Validation Acc: 0.19791667
INFO:root:Epoch: 26, Train loss: 1.5003841, Train Acc: 0.5691288
INFO:root:Epoch: 26, Validation loss: 3.5024722, Validation Acc: 0.20052083
INFO:root:Epoch: 27, Train loss: 1.4971266, Train Acc: 0.5609217
INFO:root:Epoch: 27, Validation loss: 3.356468, Validation Acc: 0.21614583
INFO:root:Epoch: 28, Train loss: 1.4333861, Train Acc: 0.5924874
INFO:root:Epoch: 28, Validation loss: 3.4974062, Validation Acc: 0.203125
INFO:root:Epoch: 29, Train loss: 1.4217582, Train Acc: 0.58838385
INFO:root:Epoch: 29, Validation loss: 3.3971527, Validation Acc: 0.1953125
INFO:root:Training from ep 0 to ep 30 finished
INFO:root:Best epoch: 19
