INFO:root:Started
INFO:root:Epoch: 0, Train loss: 27.751266
INFO:root:Epoch: 0, Validation loss: 6.127123
INFO:root:Epoch: 1, Train loss: 5.0016203
INFO:root:Epoch: 1, Validation loss: 6.2618833
INFO:root:Epoch: 2, Train loss: 4.2013845
INFO:root:Epoch: 2, Validation loss: 5.726471
INFO:root:Epoch: 3, Train loss: 3.9049084
INFO:root:Epoch: 3, Validation loss: 5.855018
INFO:root:Epoch: 4, Train loss: 4.1098576
INFO:root:Epoch: 4, Validation loss: 9.997472
INFO:root:Epoch: 5, Train loss: 3.7820644
INFO:root:Epoch: 5, Validation loss: 8.011197
INFO:root:Epoch: 6, Train loss: 4.418348
INFO:root:Epoch: 6, Validation loss: 9.611938
INFO:root:Epoch: 7, Train loss: 3.9065099
INFO:root:Epoch: 7, Validation loss: 5.524161
INFO:root:Epoch: 8, Train loss: 3.6185293
INFO:root:Epoch: 8, Validation loss: 6.448136
INFO:root:Epoch: 9, Train loss: 3.3974452
INFO:root:Epoch: 9, Validation loss: 6.3966374
INFO:root:Epoch: 10, Train loss: 3.1664188
INFO:root:Epoch: 10, Validation loss: 6.44526
INFO:root:Epoch: 11, Train loss: 3.0718334
INFO:root:Epoch: 11, Validation loss: 4.7853866
INFO:root:Epoch: 12, Train loss: 3.328258
INFO:root:Epoch: 12, Validation loss: 5.9240866
INFO:root:Epoch: 13, Train loss: 2.9159849
INFO:root:Epoch: 13, Validation loss: 8.0462885
INFO:root:Epoch: 14, Train loss: 2.8602614
INFO:root:Epoch: 14, Validation loss: 9.818026
INFO:root:Epoch: 15, Train loss: 2.7758665
INFO:root:Epoch: 15, Validation loss: 12.49152
INFO:root:Epoch: 16, Train loss: 2.7321396
INFO:root:Epoch: 16, Validation loss: 11.000058
INFO:root:Epoch: 17, Train loss: 2.677483
INFO:root:Epoch: 17, Validation loss: 10.369263
INFO:root:Epoch: 18, Train loss: 2.5855112
INFO:root:Epoch: 18, Validation loss: 10.96442
INFO:root:Epoch: 19, Train loss: 2.741056
INFO:root:Epoch: 19, Validation loss: 5.753875
INFO:root:Epoch: 20, Train loss: 2.8575168
INFO:root:Epoch: 20, Validation loss: 6.412592
INFO:root:Epoch: 21, Train loss: 2.5602942
INFO:root:Epoch: 21, Validation loss: 4.2331715
INFO:root:Epoch: 22, Train loss: 2.5087233
INFO:root:Epoch: 22, Validation loss: 5.083911
INFO:root:Epoch: 23, Train loss: 2.4630938
INFO:root:Epoch: 23, Validation loss: 6.032896
INFO:root:Epoch: 24, Train loss: 2.4124804
INFO:root:Epoch: 24, Validation loss: 5.0719843
INFO:root:Epoch: 25, Train loss: 2.401123
INFO:root:Epoch: 25, Validation loss: 4.774815
INFO:root:Epoch: 26, Train loss: 2.366918
INFO:root:Epoch: 26, Validation loss: 3.263838
INFO:root:Epoch: 27, Train loss: 2.3424482
INFO:root:Epoch: 27, Validation loss: 3.354259
INFO:root:Epoch: 28, Train loss: 2.3057408
INFO:root:Epoch: 28, Validation loss: 2.9112222
INFO:root:Epoch: 29, Train loss: 2.3049512
INFO:root:Epoch: 29, Validation loss: 2.8983905
INFO:root:Epoch: 30, Train loss: 2.307009
INFO:root:Epoch: 30, Validation loss: 2.9525871
INFO:root:Epoch: 31, Train loss: 2.2891057
INFO:root:Epoch: 31, Validation loss: 2.9249065
INFO:root:Epoch: 32, Train loss: 2.2624826
INFO:root:Epoch: 32, Validation loss: 2.8749702
INFO:root:Epoch: 33, Train loss: 2.2804396
INFO:root:Epoch: 33, Validation loss: 2.810052
INFO:root:Epoch: 34, Train loss: 2.2856195
INFO:root:Epoch: 34, Validation loss: 2.8887668
INFO:root:Epoch: 35, Train loss: 2.2468095
INFO:root:Epoch: 35, Validation loss: 3.0073535
INFO:root:Epoch: 36, Train loss: 2.2551281
INFO:root:Epoch: 36, Validation loss: 3.104598
INFO:root:Epoch: 37, Train loss: 2.2383208
INFO:root:Epoch: 37, Validation loss: 3.0224023
INFO:root:Epoch: 38, Train loss: 2.2197423
INFO:root:Epoch: 38, Validation loss: 3.3970122
INFO:root:Epoch: 39, Train loss: 2.2151656
INFO:root:Epoch: 39, Validation loss: 2.9823306
INFO:root:Epoch: 40, Train loss: 2.229657
INFO:root:Epoch: 40, Validation loss: 3.245644
INFO:root:Epoch: 41, Train loss: 2.1996357
INFO:root:Epoch: 41, Validation loss: 3.082083
INFO:root:Epoch: 42, Train loss: 2.2228243
INFO:root:Epoch: 42, Validation loss: 3.0076182
INFO:root:Epoch: 43, Train loss: 2.1996136
INFO:root:Epoch: 43, Validation loss: 3.0787802
INFO:root:Epoch: 44, Train loss: 2.1741483
INFO:root:Epoch: 44, Validation loss: 3.299171
INFO:root:Epoch: 45, Train loss: 2.1674829
INFO:root:Epoch: 45, Validation loss: 3.1455164
INFO:root:Epoch: 46, Train loss: 2.177553
INFO:root:Epoch: 46, Validation loss: 3.2259865
INFO:root:Epoch: 47, Train loss: 2.1786563
INFO:root:Epoch: 47, Validation loss: 3.240285
INFO:root:Epoch: 48, Train loss: 2.1618764
INFO:root:Epoch: 48, Validation loss: 3.7099211
INFO:root:Epoch: 49, Train loss: 2.1441288
INFO:root:Epoch: 49, Validation loss: 3.732783
INFO:root:Epoch: 50, Train loss: 2.1666777
INFO:root:Epoch: 50, Validation loss: 3.684217
INFO:root:Epoch: 51, Train loss: 2.14923
INFO:root:Epoch: 51, Validation loss: 3.2488368
INFO:root:Epoch: 52, Train loss: 2.0973215
INFO:root:Epoch: 52, Validation loss: 3.4542058
INFO:root:Epoch: 53, Train loss: 2.1358767
INFO:root:Epoch: 53, Validation loss: 3.5314827
INFO:root:Epoch: 54, Train loss: 2.1170444
INFO:root:Epoch: 54, Validation loss: 3.3582501
INFO:root:Epoch: 55, Train loss: 2.1309545
INFO:root:Epoch: 55, Validation loss: 3.546558
INFO:root:Epoch: 56, Train loss: 2.119355
INFO:root:Epoch: 56, Validation loss: 3.2681706
INFO:root:Epoch: 57, Train loss: 2.0771878
INFO:root:Epoch: 57, Validation loss: 2.911294
INFO:root:Epoch: 58, Train loss: 2.0488973
INFO:root:Epoch: 58, Validation loss: 2.6942232
INFO:root:Epoch: 59, Train loss: 2.008012
INFO:root:Epoch: 59, Validation loss: 2.650452
INFO:root:Epoch: 60, Train loss: 2.020734
INFO:root:Epoch: 60, Validation loss: 2.6078465
INFO:root:Epoch: 61, Train loss: 2.0283847
INFO:root:Epoch: 61, Validation loss: 2.3927455
INFO:root:Epoch: 62, Train loss: 1.9994447
INFO:root:Epoch: 62, Validation loss: 2.476899
INFO:root:Epoch: 63, Train loss: 2.0161443
INFO:root:Epoch: 63, Validation loss: 2.325672
INFO:root:Epoch: 64, Train loss: 1.9686382
INFO:root:Epoch: 64, Validation loss: 2.2778232
INFO:root:Epoch: 65, Train loss: 1.9951339
INFO:root:Epoch: 65, Validation loss: 2.160352
INFO:root:Epoch: 66, Train loss: 1.9908249
INFO:root:Epoch: 66, Validation loss: 2.2854211
INFO:root:Epoch: 67, Train loss: 2.0027616
INFO:root:Epoch: 67, Validation loss: 2.1854732
INFO:root:Epoch: 68, Train loss: 2.003373
INFO:root:Epoch: 68, Validation loss: 2.2366755
INFO:root:Epoch: 69, Train loss: 1.985409
INFO:root:Epoch: 69, Validation loss: 2.2200496
INFO:root:Epoch: 70, Train loss: 1.9439627
INFO:root:Epoch: 70, Validation loss: 2.284013
INFO:root:Epoch: 71, Train loss: 1.9630283
INFO:root:Epoch: 71, Validation loss: 2.2588074
INFO:root:Epoch: 72, Train loss: 1.9439181
INFO:root:Epoch: 72, Validation loss: 2.1698754
INFO:root:Epoch: 73, Train loss: 2.2078507
INFO:root:Epoch: 73, Validation loss: 2.3514357
INFO:root:Epoch: 74, Train loss: 2.0235715
INFO:root:Epoch: 74, Validation loss: 2.3038018
INFO:root:Epoch: 75, Train loss: 1.985667
INFO:root:Epoch: 75, Validation loss: 2.4474216
INFO:root:Epoch: 76, Train loss: 1.927154
INFO:root:Epoch: 76, Validation loss: 2.4489086
INFO:root:Epoch: 77, Train loss: 1.9334525
INFO:root:Epoch: 77, Validation loss: 2.579071
INFO:root:Epoch: 78, Train loss: 1.906458
INFO:root:Epoch: 78, Validation loss: 2.4492772
INFO:root:Epoch: 79, Train loss: 1.8883467
INFO:root:Epoch: 79, Validation loss: 2.5256438
INFO:root:Epoch: 80, Train loss: 1.9013574
INFO:root:Epoch: 80, Validation loss: 2.3063087
INFO:root:Epoch: 81, Train loss: 1.8711407
INFO:root:Epoch: 81, Validation loss: 2.6513598
INFO:root:Epoch: 82, Train loss: 1.8725891
INFO:root:Epoch: 82, Validation loss: 2.3228583
INFO:root:Epoch: 83, Train loss: 1.876965
INFO:root:Epoch: 83, Validation loss: 2.4157493
INFO:root:Epoch: 84, Train loss: 1.8617206
INFO:root:Epoch: 84, Validation loss: 2.3827717
INFO:root:Epoch: 85, Train loss: 1.8790002
INFO:root:Epoch: 85, Validation loss: 2.263024
INFO:root:Epoch: 86, Train loss: 1.8610529
INFO:root:Epoch: 86, Validation loss: 2.1656942
INFO:root:Epoch: 87, Train loss: 1.8690053
INFO:root:Epoch: 87, Validation loss: 2.2306066
INFO:root:Epoch: 88, Train loss: 1.867727
INFO:root:Epoch: 88, Validation loss: 2.197619
INFO:root:Epoch: 89, Train loss: 1.861744
INFO:root:Epoch: 89, Validation loss: 2.182668
INFO:root:Epoch: 90, Train loss: 1.8608646
INFO:root:Epoch: 90, Validation loss: 2.387301
INFO:root:Epoch: 91, Train loss: 1.8613079
INFO:root:Epoch: 91, Validation loss: 2.3754392
INFO:root:Epoch: 92, Train loss: 1.8579221
INFO:root:Epoch: 92, Validation loss: 2.5677347
INFO:root:Epoch: 93, Train loss: 1.8358645
INFO:root:Epoch: 93, Validation loss: 2.4065056
INFO:root:Epoch: 94, Train loss: 1.8535742
INFO:root:Epoch: 94, Validation loss: 2.3785746
INFO:root:Epoch: 95, Train loss: 1.856399
INFO:root:Epoch: 95, Validation loss: 2.628497
INFO:root:Epoch: 96, Train loss: 1.8386585
INFO:root:Epoch: 96, Validation loss: 2.2245188
INFO:root:Epoch: 97, Train loss: 1.8560073
INFO:root:Epoch: 97, Validation loss: 2.2753012
INFO:root:Epoch: 98, Train loss: 1.8605671
INFO:root:Epoch: 98, Validation loss: 2.2441566
INFO:root:Epoch: 99, Train loss: 1.8343968
INFO:root:Epoch: 99, Validation loss: 2.3103588
INFO:root:Training from ep 0 to ep 100 finished
INFO:root:Best epoch: 66
