INFO:root:Started
INFO:root:Started
INFO:root:Epoch: 0, Train loss: 17.34639
INFO:root:Epoch: 0, Validation loss: 12.55637
INFO:root:Epoch: 1, Train loss: 7.1831274
INFO:root:Epoch: 1, Validation loss: 7.749415
INFO:root:Epoch: 2, Train loss: 5.448412
INFO:root:Epoch: 2, Validation loss: 6.311399
INFO:root:Epoch: 3, Train loss: 4.818492
INFO:root:Epoch: 3, Validation loss: 5.6693397
INFO:root:Epoch: 4, Train loss: 4.3911552
INFO:root:Epoch: 4, Validation loss: 5.327781
INFO:root:Epoch: 5, Train loss: 4.075135
INFO:root:Epoch: 5, Validation loss: 5.081883
INFO:root:Epoch: 6, Train loss: 3.781951
INFO:root:Epoch: 6, Validation loss: 4.7225876
INFO:root:Epoch: 7, Train loss: 3.479733
INFO:root:Epoch: 7, Validation loss: 4.4138474
INFO:root:Epoch: 8, Train loss: 3.2749038
INFO:root:Epoch: 8, Validation loss: 4.1893606
INFO:root:Epoch: 9, Train loss: 3.0714877
INFO:root:Epoch: 9, Validation loss: 4.0432496
INFO:root:Epoch: 10, Train loss: 2.926352
INFO:root:Epoch: 10, Validation loss: 3.927749
INFO:root:Epoch: 11, Train loss: 2.7961848
INFO:root:Epoch: 11, Validation loss: 3.8077939
INFO:root:Epoch: 12, Train loss: 2.713373
INFO:root:Epoch: 12, Validation loss: 3.6805794
INFO:root:Epoch: 13, Train loss: 2.6244562
INFO:root:Epoch: 13, Validation loss: 3.549939
INFO:root:Epoch: 14, Train loss: 2.5575247
INFO:root:Epoch: 14, Validation loss: 3.5085309
INFO:root:Epoch: 15, Train loss: 2.4926789
INFO:root:Epoch: 15, Validation loss: 3.4694364
INFO:root:Epoch: 16, Train loss: 2.44217
INFO:root:Epoch: 16, Validation loss: 3.3274004
INFO:root:Epoch: 17, Train loss: 2.4105787
INFO:root:Epoch: 17, Validation loss: 3.2065156
INFO:root:Epoch: 18, Train loss: 2.3757703
INFO:root:Epoch: 18, Validation loss: 3.2387354
INFO:root:Epoch: 19, Train loss: 2.3574815
INFO:root:Epoch: 19, Validation loss: 3.2408965
INFO:root:Epoch: 20, Train loss: 2.3324425
INFO:root:Epoch: 20, Validation loss: 3.2116787
INFO:root:Epoch: 21, Train loss: 2.3063657
INFO:root:Epoch: 21, Validation loss: 3.2201004
INFO:root:Epoch: 22, Train loss: 2.2789228
INFO:root:Epoch: 22, Validation loss: 3.0022984
INFO:root:Epoch: 23, Train loss: 2.270267
INFO:root:Epoch: 23, Validation loss: 3.06322
INFO:root:Epoch: 24, Train loss: 2.2290897
INFO:root:Epoch: 24, Validation loss: 3.0125837
INFO:root:Epoch: 25, Train loss: 2.2382684
INFO:root:Epoch: 25, Validation loss: 3.0232124
INFO:root:Epoch: 26, Train loss: 2.2003512
INFO:root:Epoch: 26, Validation loss: 3.0686605
INFO:root:Epoch: 27, Train loss: 2.1725936
INFO:root:Epoch: 27, Validation loss: 3.1072035
INFO:root:Epoch: 28, Train loss: 2.1706588
INFO:root:Epoch: 28, Validation loss: 2.9097538
INFO:root:Epoch: 29, Train loss: 2.1706822
INFO:root:Epoch: 29, Validation loss: 2.9805145
INFO:root:Epoch: 30, Train loss: 2.1391075
INFO:root:Epoch: 30, Validation loss: 3.0036268
INFO:root:Epoch: 31, Train loss: 2.1063285
INFO:root:Epoch: 31, Validation loss: 2.9653924
INFO:root:Epoch: 32, Train loss: 2.106761
INFO:root:Epoch: 32, Validation loss: 2.8807032
INFO:root:Epoch: 33, Train loss: 2.1062667
INFO:root:Epoch: 33, Validation loss: 2.9211962
INFO:root:Epoch: 34, Train loss: 2.1091971
INFO:root:Epoch: 34, Validation loss: 2.9161062
INFO:root:Epoch: 35, Train loss: 2.0947814
INFO:root:Epoch: 35, Validation loss: 2.8363621
INFO:root:Epoch: 36, Train loss: 2.0746071
INFO:root:Epoch: 36, Validation loss: 2.830909
INFO:root:Epoch: 37, Train loss: 2.0618634
INFO:root:Epoch: 37, Validation loss: 2.829253
INFO:root:Epoch: 38, Train loss: 2.0570133
INFO:root:Epoch: 38, Validation loss: 2.7933578
INFO:root:Epoch: 39, Train loss: 2.0438578
INFO:root:Epoch: 39, Validation loss: 2.7450275
INFO:root:Epoch: 40, Train loss: 2.0426552
INFO:root:Epoch: 40, Validation loss: 2.744773
INFO:root:Epoch: 41, Train loss: 2.0428379
INFO:root:Epoch: 41, Validation loss: 2.7518518
INFO:root:Epoch: 42, Train loss: 2.02813
INFO:root:Epoch: 42, Validation loss: 2.6481576
INFO:root:Epoch: 43, Train loss: 2.0129533
INFO:root:Epoch: 43, Validation loss: 2.712243
INFO:root:Epoch: 44, Train loss: 2.0178292
INFO:root:Epoch: 44, Validation loss: 2.7445889
INFO:root:Epoch: 45, Train loss: 2.0186791
INFO:root:Epoch: 45, Validation loss: 2.7637508
INFO:root:Epoch: 46, Train loss: 1.9784783
INFO:root:Epoch: 46, Validation loss: 2.6271179
INFO:root:Epoch: 47, Train loss: 1.9960256
INFO:root:Epoch: 47, Validation loss: 2.6274426
INFO:root:Epoch: 48, Train loss: 1.9919292
INFO:root:Epoch: 48, Validation loss: 2.612881
INFO:root:Epoch: 49, Train loss: 1.9858588
INFO:root:Epoch: 49, Validation loss: 2.5563424
INFO:root:Epoch: 50, Train loss: 1.9951751
INFO:root:Epoch: 50, Validation loss: 2.6853864
INFO:root:Epoch: 51, Train loss: 1.9769198
INFO:root:Epoch: 51, Validation loss: 2.7427006
INFO:root:Epoch: 52, Train loss: 1.9677458
INFO:root:Epoch: 52, Validation loss: 2.6491773
INFO:root:Epoch: 53, Train loss: 1.9790573
INFO:root:Epoch: 53, Validation loss: 2.599128
INFO:root:Epoch: 54, Train loss: 1.9441762
INFO:root:Epoch: 54, Validation loss: 2.6638796
INFO:root:Epoch: 55, Train loss: 1.9450387
INFO:root:Epoch: 55, Validation loss: 2.5857484
INFO:root:Epoch: 56, Train loss: 1.9621185
INFO:root:Epoch: 56, Validation loss: 2.5804875
INFO:root:Epoch: 57, Train loss: 1.9279829
INFO:root:Epoch: 57, Validation loss: 2.5318174
INFO:root:Epoch: 58, Train loss: 1.9415972
INFO:root:Epoch: 58, Validation loss: 2.6032426
INFO:root:Epoch: 59, Train loss: 1.9474456
INFO:root:Epoch: 59, Validation loss: 2.5934846
INFO:root:Epoch: 60, Train loss: 1.9462167
INFO:root:Epoch: 60, Validation loss: 2.6504934
INFO:root:Epoch: 61, Train loss: 1.9378263
INFO:root:Epoch: 61, Validation loss: 2.5601351
INFO:root:Epoch: 62, Train loss: 1.9420807
INFO:root:Epoch: 62, Validation loss: 2.5701826
INFO:root:Epoch: 63, Train loss: 1.9313828
INFO:root:Epoch: 63, Validation loss: 2.5534172
INFO:root:Epoch: 64, Train loss: 1.9237784
INFO:root:Epoch: 64, Validation loss: 2.5571272
INFO:root:Epoch: 65, Train loss: 1.9089234
INFO:root:Epoch: 65, Validation loss: 2.4986112
INFO:root:Epoch: 66, Train loss: 1.918656
INFO:root:Epoch: 66, Validation loss: 2.5541267
INFO:root:Epoch: 67, Train loss: 1.905344
INFO:root:Epoch: 67, Validation loss: 2.561548
INFO:root:Epoch: 68, Train loss: 1.9099997
INFO:root:Epoch: 68, Validation loss: 2.594251
INFO:root:Epoch: 69, Train loss: 1.9096032
INFO:root:Epoch: 69, Validation loss: 2.4990628
INFO:root:Epoch: 70, Train loss: 1.9009728
INFO:root:Epoch: 70, Validation loss: 2.6131434
INFO:root:Epoch: 71, Train loss: 1.9012372
INFO:root:Epoch: 71, Validation loss: 2.480091
INFO:root:Epoch: 72, Train loss: 1.9134098
INFO:root:Epoch: 72, Validation loss: 2.4693155
INFO:root:Epoch: 73, Train loss: 1.90985
INFO:root:Epoch: 73, Validation loss: 2.5629537
INFO:root:Epoch: 74, Train loss: 1.8829657
INFO:root:Epoch: 74, Validation loss: 2.4849253
INFO:root:Epoch: 75, Train loss: 1.9077193
INFO:root:Epoch: 75, Validation loss: 2.5040388
INFO:root:Epoch: 76, Train loss: 1.9155916
INFO:root:Epoch: 76, Validation loss: 2.4668748
INFO:root:Epoch: 77, Train loss: 1.9073899
INFO:root:Epoch: 77, Validation loss: 2.489705
INFO:root:Epoch: 78, Train loss: 1.8889852
INFO:root:Epoch: 78, Validation loss: 2.4992595
INFO:root:Epoch: 79, Train loss: 1.8881387
INFO:root:Epoch: 79, Validation loss: 2.480486
INFO:root:Epoch: 80, Train loss: 1.8760518
INFO:root:Epoch: 80, Validation loss: 2.4638586
INFO:root:Epoch: 81, Train loss: 1.8872988
INFO:root:Epoch: 81, Validation loss: 2.4976933
INFO:root:Epoch: 82, Train loss: 1.894752
INFO:root:Epoch: 82, Validation loss: 2.5427828
INFO:root:Epoch: 83, Train loss: 1.8716573
INFO:root:Epoch: 83, Validation loss: 2.4721816
INFO:root:Epoch: 84, Train loss: 1.8615818
INFO:root:Epoch: 84, Validation loss: 2.4879382
INFO:root:Epoch: 85, Train loss: 1.8757213
INFO:root:Epoch: 85, Validation loss: 2.4364662
INFO:root:Epoch: 86, Train loss: 1.8748727
INFO:root:Epoch: 86, Validation loss: 2.472277
INFO:root:Epoch: 87, Train loss: 1.872446
INFO:root:Epoch: 87, Validation loss: 2.4013124
INFO:root:Epoch: 88, Train loss: 1.8532925
INFO:root:Epoch: 88, Validation loss: 2.435043
INFO:root:Epoch: 89, Train loss: 1.8733065
INFO:root:Epoch: 89, Validation loss: 2.3886793
INFO:root:Epoch: 90, Train loss: 1.8623873
INFO:root:Epoch: 90, Validation loss: 2.402476
INFO:root:Epoch: 91, Train loss: 1.8621244
INFO:root:Epoch: 91, Validation loss: 2.3393774
INFO:root:Epoch: 92, Train loss: 1.8520797
INFO:root:Epoch: 92, Validation loss: 2.3580663
INFO:root:Epoch: 93, Train loss: 1.8549504
INFO:root:Epoch: 93, Validation loss: 2.4782133
INFO:root:Epoch: 94, Train loss: 1.8455942
INFO:root:Epoch: 94, Validation loss: 2.4120157
INFO:root:Epoch: 95, Train loss: 1.8492144
INFO:root:Epoch: 95, Validation loss: 2.3930686
INFO:root:Epoch: 96, Train loss: 1.8433489
INFO:root:Epoch: 96, Validation loss: 2.38918
INFO:root:Epoch: 97, Train loss: 1.8516233
INFO:root:Epoch: 97, Validation loss: 2.343364
INFO:root:Epoch: 98, Train loss: 1.8346081
INFO:root:Epoch: 98, Validation loss: 2.2946308
INFO:root:Epoch: 99, Train loss: 1.8418989
INFO:root:Epoch: 99, Validation loss: 2.3515692
INFO:root:Training from ep 0 to ep 100 finished
INFO:root:Best epoch: 99
