INFO:root:Started
INFO:root:Started
INFO:root:Started
INFO:root:Started
INFO:root:Started
INFO:root:Started
INFO:root:Epoch: 0, Train loss: 10.64451
INFO:root:Epoch: 0, Validation loss: 13.064098
INFO:root:Epoch: 1, Train loss: 5.8180285
INFO:root:Epoch: 1, Validation loss: 10.41531
INFO:root:Epoch: 2, Train loss: 4.869128
INFO:root:Epoch: 2, Validation loss: 10.387179
INFO:root:Epoch: 3, Train loss: 4.289718
INFO:root:Epoch: 3, Validation loss: 10.3274975
INFO:root:Epoch: 4, Train loss: 3.9385247
INFO:root:Epoch: 4, Validation loss: 9.717179
INFO:root:Epoch: 5, Train loss: 3.7105906
INFO:root:Epoch: 5, Validation loss: 10.689462
INFO:root:Epoch: 6, Train loss: 3.495124
INFO:root:Epoch: 6, Validation loss: 10.451598
INFO:root:Epoch: 7, Train loss: 3.3568456
INFO:root:Epoch: 7, Validation loss: 10.277163
INFO:root:Epoch: 8, Train loss: 3.2298172
INFO:root:Epoch: 8, Validation loss: 11.551558
INFO:root:Epoch: 9, Train loss: 3.0612056
INFO:root:Epoch: 9, Validation loss: 11.943786
INFO:root:Epoch: 10, Train loss: 2.9254904
INFO:root:Epoch: 10, Validation loss: 13.473492
INFO:root:Epoch: 11, Train loss: 2.821882
INFO:root:Epoch: 11, Validation loss: 12.992586
INFO:root:Epoch: 12, Train loss: 2.7701156
INFO:root:Epoch: 12, Validation loss: 14.877675
INFO:root:Epoch: 13, Train loss: 2.7328744
INFO:root:Epoch: 13, Validation loss: 13.533149
INFO:root:Epoch: 14, Train loss: 2.710784
INFO:root:Epoch: 14, Validation loss: 13.116831
INFO:root:Epoch: 15, Train loss: 2.6793003
INFO:root:Epoch: 15, Validation loss: 13.308237
INFO:root:Epoch: 16, Train loss: 2.6670272
INFO:root:Epoch: 16, Validation loss: 11.790366
INFO:root:Epoch: 17, Train loss: 2.6647663
INFO:root:Epoch: 17, Validation loss: 12.622663
INFO:root:Epoch: 18, Train loss: 2.642199
INFO:root:Epoch: 18, Validation loss: 11.398005
INFO:root:Epoch: 19, Train loss: 2.61794
INFO:root:Epoch: 19, Validation loss: 14.155543
INFO:root:Epoch: 20, Train loss: 2.6063607
INFO:root:Epoch: 20, Validation loss: 15.071184
INFO:root:Epoch: 21, Train loss: 2.6027794
INFO:root:Epoch: 21, Validation loss: 16.32213
INFO:root:Epoch: 22, Train loss: 2.5549884
INFO:root:Epoch: 22, Validation loss: 14.570821
INFO:root:Epoch: 23, Train loss: 2.5439258
INFO:root:Epoch: 23, Validation loss: 12.116762
INFO:root:Epoch: 24, Train loss: 2.5397859
INFO:root:Epoch: 24, Validation loss: 15.032701
INFO:root:Epoch: 25, Train loss: 2.5260415
INFO:root:Epoch: 25, Validation loss: 14.20988
INFO:root:Epoch: 26, Train loss: 2.4646819
INFO:root:Epoch: 26, Validation loss: 11.172324
INFO:root:Epoch: 27, Train loss: 2.3552732
INFO:root:Epoch: 27, Validation loss: 15.031468
INFO:root:Epoch: 28, Train loss: 2.3203325
INFO:root:Epoch: 28, Validation loss: 16.070293
INFO:root:Epoch: 29, Train loss: 2.6875503
INFO:root:Epoch: 29, Validation loss: 12.586953
INFO:root:Epoch: 30, Train loss: 2.2966158
INFO:root:Epoch: 30, Validation loss: 13.855773
INFO:root:Epoch: 31, Train loss: 2.2663724
INFO:root:Epoch: 31, Validation loss: 14.262806
INFO:root:Epoch: 32, Train loss: 2.2681875
INFO:root:Epoch: 32, Validation loss: 13.555535
INFO:root:Epoch: 33, Train loss: 2.2597883
INFO:root:Epoch: 33, Validation loss: 13.609502
INFO:root:Epoch: 34, Train loss: 2.2514741
INFO:root:Epoch: 34, Validation loss: 13.836806
INFO:root:Epoch: 35, Train loss: 2.2297778
INFO:root:Epoch: 35, Validation loss: 13.56417
INFO:root:Epoch: 36, Train loss: 2.2399366
INFO:root:Epoch: 36, Validation loss: 14.097467
INFO:root:Epoch: 37, Train loss: 2.2326148
INFO:root:Epoch: 37, Validation loss: 11.853359
INFO:root:Epoch: 38, Train loss: 2.2390504
INFO:root:Epoch: 38, Validation loss: 12.8385315
INFO:root:Epoch: 39, Train loss: 2.2249486
INFO:root:Epoch: 39, Validation loss: 13.36491
INFO:root:Epoch: 40, Train loss: 2.2274694
INFO:root:Epoch: 40, Validation loss: 13.232173
INFO:root:Epoch: 41, Train loss: 2.2241404
INFO:root:Epoch: 41, Validation loss: 12.644284
INFO:root:Epoch: 42, Train loss: 2.2144253
INFO:root:Epoch: 42, Validation loss: 12.754909
INFO:root:Epoch: 43, Train loss: 2.2118564
INFO:root:Epoch: 43, Validation loss: 13.252854
INFO:root:Epoch: 44, Train loss: 2.214021
INFO:root:Epoch: 44, Validation loss: 16.054918
INFO:root:Epoch: 45, Train loss: 2.2008777
INFO:root:Epoch: 45, Validation loss: 11.1465645
INFO:root:Epoch: 46, Train loss: 2.2132394
INFO:root:Epoch: 46, Validation loss: 13.620965
INFO:root:Epoch: 47, Train loss: 2.2031484
INFO:root:Epoch: 47, Validation loss: 10.662571
INFO:root:Epoch: 48, Train loss: 2.1944249
INFO:root:Epoch: 48, Validation loss: 12.026657
INFO:root:Epoch: 49, Train loss: 2.1933038
INFO:root:Epoch: 49, Validation loss: 11.885039
INFO:root:Epoch: 50, Train loss: 2.1927826
INFO:root:Epoch: 50, Validation loss: 13.904319
INFO:root:Epoch: 51, Train loss: 2.1938212
INFO:root:Epoch: 51, Validation loss: 16.42594
INFO:root:Epoch: 52, Train loss: 2.1896114
INFO:root:Epoch: 52, Validation loss: 14.216149
INFO:root:Epoch: 53, Train loss: 2.1827607
INFO:root:Epoch: 53, Validation loss: 14.868711
INFO:root:Epoch: 54, Train loss: 2.1771019
INFO:root:Epoch: 54, Validation loss: 16.006577
INFO:root:Epoch: 55, Train loss: 2.184951
INFO:root:Epoch: 55, Validation loss: 15.885754
INFO:root:Epoch: 56, Train loss: 2.1874783
INFO:root:Epoch: 56, Validation loss: 16.268532
INFO:root:Epoch: 57, Train loss: 2.1793606
INFO:root:Epoch: 57, Validation loss: 16.270357
INFO:root:Epoch: 58, Train loss: 2.1826165
INFO:root:Epoch: 58, Validation loss: 12.118472
INFO:root:Epoch: 59, Train loss: 2.1723201
INFO:root:Epoch: 59, Validation loss: 18.344149
INFO:root:Epoch: 60, Train loss: 2.1644704
INFO:root:Epoch: 60, Validation loss: 15.56898
INFO:root:Epoch: 61, Train loss: 2.1606522
INFO:root:Epoch: 61, Validation loss: 17.280033
INFO:root:Epoch: 62, Train loss: 2.16139
INFO:root:Epoch: 62, Validation loss: 19.48456
INFO:root:Epoch: 63, Train loss: 2.1559465
INFO:root:Epoch: 63, Validation loss: 16.789087
INFO:root:Epoch: 64, Train loss: 2.1521893
INFO:root:Epoch: 64, Validation loss: 16.674559
INFO:root:Epoch: 65, Train loss: 2.1534326
INFO:root:Epoch: 65, Validation loss: 18.213863
INFO:root:Epoch: 66, Train loss: 2.1478164
INFO:root:Epoch: 66, Validation loss: 19.246782
INFO:root:Epoch: 67, Train loss: 2.148846
INFO:root:Epoch: 67, Validation loss: 21.780457
INFO:root:Epoch: 68, Train loss: 2.1492963
INFO:root:Epoch: 68, Validation loss: 13.860047
INFO:root:Epoch: 69, Train loss: 2.1450896
INFO:root:Epoch: 69, Validation loss: 15.827855
INFO:root:Epoch: 70, Train loss: 2.1409717
INFO:root:Epoch: 70, Validation loss: 21.052013
INFO:root:Epoch: 71, Train loss: 2.1523185
INFO:root:Epoch: 71, Validation loss: 29.657219
INFO:root:Epoch: 72, Train loss: 2.1332166
INFO:root:Epoch: 72, Validation loss: 19.116575
INFO:root:Epoch: 73, Train loss: 2.1354938
INFO:root:Epoch: 73, Validation loss: 17.245274
INFO:root:Epoch: 74, Train loss: 2.130824
INFO:root:Epoch: 74, Validation loss: 16.564516
INFO:root:Epoch: 75, Train loss: 2.1200476
INFO:root:Epoch: 75, Validation loss: 16.847546
INFO:root:Epoch: 76, Train loss: 2.1354253
INFO:root:Epoch: 76, Validation loss: 16.404902
INFO:root:Epoch: 77, Train loss: 2.132629
INFO:root:Epoch: 77, Validation loss: 28.850971
INFO:root:Epoch: 78, Train loss: 2.1246307
INFO:root:Epoch: 78, Validation loss: 16.969973
INFO:root:Epoch: 79, Train loss: 2.1120558
INFO:root:Epoch: 79, Validation loss: 17.811853
INFO:root:Epoch: 80, Train loss: 2.1143112
INFO:root:Epoch: 80, Validation loss: 18.030405
INFO:root:Epoch: 81, Train loss: 2.1157725
INFO:root:Epoch: 81, Validation loss: 17.118565
INFO:root:Epoch: 82, Train loss: 2.1063557
INFO:root:Epoch: 82, Validation loss: 17.664635
INFO:root:Epoch: 83, Train loss: 2.1135054
INFO:root:Epoch: 83, Validation loss: 20.965612
INFO:root:Epoch: 84, Train loss: 2.1092234
INFO:root:Epoch: 84, Validation loss: 19.170248
INFO:root:Epoch: 85, Train loss: 2.1019824
INFO:root:Epoch: 85, Validation loss: 16.726324
INFO:root:Epoch: 86, Train loss: 2.1034741
INFO:root:Epoch: 86, Validation loss: 18.174408
INFO:root:Epoch: 87, Train loss: 2.1039023
INFO:root:Epoch: 87, Validation loss: 22.264526
INFO:root:Epoch: 88, Train loss: 2.1040368
INFO:root:Epoch: 88, Validation loss: 21.957876
INFO:root:Epoch: 89, Train loss: 2.1039536
INFO:root:Epoch: 89, Validation loss: 20.483591
INFO:root:Epoch: 90, Train loss: 2.092345
INFO:root:Epoch: 90, Validation loss: 25.173313
INFO:root:Epoch: 91, Train loss: 2.0880618
INFO:root:Epoch: 91, Validation loss: 15.516719
INFO:root:Epoch: 92, Train loss: 2.090989
INFO:root:Epoch: 92, Validation loss: 15.858486
INFO:root:Epoch: 93, Train loss: 2.0810752
INFO:root:Epoch: 93, Validation loss: 18.23219
INFO:root:Epoch: 94, Train loss: 2.0864115
INFO:root:Epoch: 94, Validation loss: 14.09498
INFO:root:Epoch: 95, Train loss: 2.07854
INFO:root:Epoch: 95, Validation loss: 15.171401
INFO:root:Epoch: 96, Train loss: 2.0870738
INFO:root:Epoch: 96, Validation loss: 18.5756
INFO:root:Epoch: 97, Train loss: 2.0954826
INFO:root:Epoch: 97, Validation loss: 16.340305
INFO:root:Epoch: 98, Train loss: 2.0842361
INFO:root:Epoch: 98, Validation loss: 17.137417
INFO:root:Epoch: 99, Train loss: 2.0721495
INFO:root:Epoch: 99, Validation loss: 18.29877
INFO:root:Training from ep 0 to ep 100 finished
INFO:root:Best epoch: 5
