INFO:root:Started
INFO:root:Epoch: 0, Train loss: 3.7655826, Train Acc: 0.04955808
INFO:root:Epoch: 0, Validation loss: 3.8263147, Validation Acc: 0.052083332
INFO:root:Epoch: 1, Train loss: 3.5256681, Train Acc: 0.09343434
INFO:root:Epoch: 1, Validation loss: 3.559294, Validation Acc: 0.088541664
INFO:root:Epoch: 2, Train loss: 3.334282, Train Acc: 0.121212125
INFO:root:Epoch: 2, Validation loss: 3.5632722, Validation Acc: 0.088541664
INFO:root:Epoch: 3, Train loss: 3.2187824, Train Acc: 0.15751262
INFO:root:Epoch: 3, Validation loss: 3.5129383, Validation Acc: 0.106770836
INFO:root:Epoch: 4, Train loss: 3.0848858, Train Acc: 0.18876262
INFO:root:Epoch: 4, Validation loss: 3.4073346, Validation Acc: 0.14322917
INFO:root:Epoch: 5, Train loss: 2.9478772, Train Acc: 0.21369949
INFO:root:Epoch: 5, Validation loss: 3.5156727, Validation Acc: 0.104166664
INFO:root:Epoch: 6, Train loss: 2.8553684, Train Acc: 0.24905303
INFO:root:Epoch: 6, Validation loss: 3.3946018, Validation Acc: 0.1015625
INFO:root:Epoch: 7, Train loss: 2.7388473, Train Acc: 0.2761995
INFO:root:Epoch: 7, Validation loss: 3.5771275, Validation Acc: 0.104166664
INFO:root:Epoch: 8, Train loss: 2.6079361, Train Acc: 0.29892677
INFO:root:Epoch: 8, Validation loss: 3.4664996, Validation Acc: 0.119791664
INFO:root:Epoch: 9, Train loss: 2.4644592, Train Acc: 0.33964646
INFO:root:Epoch: 9, Validation loss: 3.6283114, Validation Acc: 0.106770836
INFO:root:Epoch: 10, Train loss: 2.3750875, Train Acc: 0.36016414
INFO:root:Epoch: 10, Validation loss: 3.5729663, Validation Acc: 0.1328125
INFO:root:Epoch: 11, Train loss: 2.288817, Train Acc: 0.38825756
INFO:root:Epoch: 11, Validation loss: 3.6635485, Validation Acc: 0.098958336
INFO:root:Epoch: 12, Train loss: 2.2249615, Train Acc: 0.3923611
INFO:root:Epoch: 12, Validation loss: 3.6912577, Validation Acc: 0.088541664
INFO:root:Epoch: 13, Train loss: 2.117558, Train Acc: 0.4318182
INFO:root:Epoch: 13, Validation loss: 3.551216, Validation Acc: 0.140625
INFO:root:Epoch: 14, Train loss: 2.0376453, Train Acc: 0.44381315
INFO:root:Epoch: 14, Validation loss: 3.6207392, Validation Acc: 0.1484375
INFO:root:Epoch: 15, Train loss: 1.9400066, Train Acc: 0.46906567
INFO:root:Epoch: 15, Validation loss: 3.7247417, Validation Acc: 0.14322917
INFO:root:Epoch: 16, Train loss: 1.8568361, Train Acc: 0.49305555
INFO:root:Epoch: 16, Validation loss: 3.6915462, Validation Acc: 0.15885417
INFO:root:Epoch: 17, Train loss: 1.7860007, Train Acc: 0.5113636
INFO:root:Epoch: 17, Validation loss: 3.595556, Validation Acc: 0.15364583
INFO:root:Epoch: 18, Train loss: 1.6760129, Train Acc: 0.53188133
INFO:root:Epoch: 18, Validation loss: 3.739343, Validation Acc: 0.14322917
INFO:root:Epoch: 19, Train loss: 1.6530463, Train Acc: 0.54324496
INFO:root:Epoch: 19, Validation loss: 3.7789164, Validation Acc: 0.14322917
INFO:root:Epoch: 20, Train loss: 1.5155667, Train Acc: 0.5754419
INFO:root:Epoch: 20, Validation loss: 3.7645962, Validation Acc: 0.16145833
INFO:root:Epoch: 21, Train loss: 1.4886338, Train Acc: 0.57954544
INFO:root:Epoch: 21, Validation loss: 3.6998138, Validation Acc: 0.203125
INFO:root:Epoch: 22, Train loss: 1.4189218, Train Acc: 0.59627527
INFO:root:Epoch: 22, Validation loss: 4.0148716, Validation Acc: 0.16145833
INFO:root:Epoch: 23, Train loss: 1.3450031, Train Acc: 0.6180556
INFO:root:Epoch: 23, Validation loss: 3.9656117, Validation Acc: 0.15104167
INFO:root:Epoch: 24, Train loss: 1.2856778, Train Acc: 0.64078283
INFO:root:Epoch: 24, Validation loss: 4.087254, Validation Acc: 0.13802083
INFO:root:Epoch: 25, Train loss: 1.2076073, Train Acc: 0.6578283
INFO:root:Epoch: 25, Validation loss: 4.1323504, Validation Acc: 0.14583333
INFO:root:Epoch: 26, Train loss: 1.1809841, Train Acc: 0.6739268
INFO:root:Epoch: 26, Validation loss: 4.0627484, Validation Acc: 0.1484375
INFO:root:Epoch: 27, Train loss: 1.1339604, Train Acc: 0.68686867
INFO:root:Epoch: 27, Validation loss: 4.200315, Validation Acc: 0.15625
INFO:root:Epoch: 28, Train loss: 1.0882062, Train Acc: 0.6890783
INFO:root:Epoch: 28, Validation loss: 4.1968513, Validation Acc: 0.13541667
INFO:root:Epoch: 29, Train loss: 1.0478647, Train Acc: 0.70675504
INFO:root:Epoch: 29, Validation loss: 4.2338915, Validation Acc: 0.14583333
INFO:root:Epoch: 30, Train loss: 1.0116087, Train Acc: 0.71685606
INFO:root:Epoch: 30, Validation loss: 4.1787915, Validation Acc: 0.14322917
INFO:root:Epoch: 31, Train loss: 0.92708683, Train Acc: 0.74147725
INFO:root:Epoch: 31, Validation loss: 4.3271184, Validation Acc: 0.16666667
INFO:root:Epoch: 32, Train loss: 0.91785187, Train Acc: 0.74747473
INFO:root:Epoch: 32, Validation loss: 4.217311, Validation Acc: 0.16145833
INFO:root:Epoch: 33, Train loss: 0.8678005, Train Acc: 0.75063133
INFO:root:Epoch: 33, Validation loss: 4.280577, Validation Acc: 0.13802083
INFO:root:Epoch: 34, Train loss: 0.81576306, Train Acc: 0.7689394
INFO:root:Epoch: 34, Validation loss: 4.364842, Validation Acc: 0.1640625
INFO:root:Epoch: 35, Train loss: 0.8101217, Train Acc: 0.76799244
INFO:root:Epoch: 35, Validation loss: 4.3680325, Validation Acc: 0.18229167
INFO:root:Epoch: 36, Train loss: 0.7315068, Train Acc: 0.78661615
INFO:root:Epoch: 36, Validation loss: 4.594149, Validation Acc: 0.15625
INFO:root:Epoch: 37, Train loss: 0.7765568, Train Acc: 0.7686237
INFO:root:Epoch: 37, Validation loss: 4.6295013, Validation Acc: 0.14322917
INFO:root:Epoch: 38, Train loss: 0.6895233, Train Acc: 0.80965906
INFO:root:Epoch: 38, Validation loss: 4.5099854, Validation Acc: 0.16145833
INFO:root:Epoch: 39, Train loss: 0.68955624, Train Acc: 0.80492425
INFO:root:Epoch: 39, Validation loss: 4.6047444, Validation Acc: 0.13541667
INFO:root:Epoch: 40, Train loss: 0.59495646, Train Acc: 0.8301768
INFO:root:Epoch: 40, Validation loss: 4.623954, Validation Acc: 0.16666667
INFO:root:Epoch: 41, Train loss: 0.5888898, Train Acc: 0.8311237
INFO:root:Epoch: 41, Validation loss: 4.6530576, Validation Acc: 0.13541667
INFO:root:Epoch: 42, Train loss: 0.6396741, Train Acc: 0.8112374
INFO:root:Epoch: 42, Validation loss: 4.668322, Validation Acc: 0.15104167
INFO:root:Epoch: 43, Train loss: 0.6251504, Train Acc: 0.8229167
INFO:root:Epoch: 43, Validation loss: 4.904594, Validation Acc: 0.14583333
INFO:root:Epoch: 44, Train loss: 0.5988222, Train Acc: 0.82733583
INFO:root:Epoch: 44, Validation loss: 4.762337, Validation Acc: 0.13541667
INFO:root:Epoch: 45, Train loss: 0.5561649, Train Acc: 0.84059346
INFO:root:Epoch: 45, Validation loss: 4.8847637, Validation Acc: 0.171875
INFO:root:Epoch: 46, Train loss: 0.5306413, Train Acc: 0.85006315
INFO:root:Epoch: 46, Validation loss: 4.822194, Validation Acc: 0.13802083
INFO:root:Epoch: 47, Train loss: 0.5059332, Train Acc: 0.84627527
INFO:root:Epoch: 47, Validation loss: 4.694092, Validation Acc: 0.15104167
INFO:root:Epoch: 48, Train loss: 0.5102232, Train Acc: 0.84311867
INFO:root:Epoch: 48, Validation loss: 4.8589168, Validation Acc: 0.15364583
INFO:root:Epoch: 49, Train loss: 0.47789216, Train Acc: 0.86742425
INFO:root:Epoch: 49, Validation loss: 4.791949, Validation Acc: 0.16145833
INFO:root:Epoch: 50, Train loss: 0.48657727, Train Acc: 0.8541667
INFO:root:Epoch: 50, Validation loss: 4.682796, Validation Acc: 0.15625
INFO:root:Epoch: 51, Train loss: 0.44266334, Train Acc: 0.8699495
INFO:root:Epoch: 51, Validation loss: 4.8073425, Validation Acc: 0.1796875
INFO:root:Epoch: 52, Train loss: 0.4375475, Train Acc: 0.87310606
INFO:root:Epoch: 52, Validation loss: 4.796985, Validation Acc: 0.16927083
INFO:root:Epoch: 53, Train loss: 0.47268844, Train Acc: 0.853851
INFO:root:Epoch: 53, Validation loss: 4.925633, Validation Acc: 0.1484375
INFO:root:Epoch: 54, Train loss: 0.42816174, Train Acc: 0.87531567
INFO:root:Epoch: 54, Validation loss: 4.7090406, Validation Acc: 0.15625
INFO:root:Epoch: 55, Train loss: 0.40170082, Train Acc: 0.8832071
INFO:root:Epoch: 55, Validation loss: 4.9154696, Validation Acc: 0.1953125
INFO:root:Epoch: 56, Train loss: 0.43592212, Train Acc: 0.8683712
INFO:root:Epoch: 56, Validation loss: 5.137652, Validation Acc: 0.125
INFO:root:Epoch: 57, Train loss: 0.43019405, Train Acc: 0.8806818
INFO:root:Epoch: 57, Validation loss: 5.1349277, Validation Acc: 0.14583333
INFO:root:Epoch: 58, Train loss: 0.38927114, Train Acc: 0.89078283
INFO:root:Epoch: 58, Validation loss: 4.8564854, Validation Acc: 0.1875
INFO:root:Epoch: 59, Train loss: 0.4048383, Train Acc: 0.8844697
INFO:root:Epoch: 59, Validation loss: 5.1456866, Validation Acc: 0.14583333
INFO:root:Training from ep 0 to ep 60 finished
INFO:root:Best epoch: 22
