INFO:root:Started
INFO:root:Epoch: 0, Train loss: 0.4327542
INFO:root:Epoch: 0, Validation loss: 0.09956149
INFO:root:Epoch: 1, Train loss: 0.030457722
INFO:root:Epoch: 1, Validation loss: 0.03456073
INFO:root:Epoch: 2, Train loss: 0.015266265
INFO:root:Epoch: 2, Validation loss: 0.012127583
INFO:root:Epoch: 3, Train loss: 0.009332204
INFO:root:Epoch: 3, Validation loss: 0.007871379
INFO:root:Epoch: 4, Train loss: 0.0051834667
INFO:root:Epoch: 4, Validation loss: 0.004221702
INFO:root:Epoch: 5, Train loss: 0.0031292748
INFO:root:Epoch: 5, Validation loss: 0.0025692869
INFO:root:Epoch: 6, Train loss: 0.002598513
INFO:root:Epoch: 6, Validation loss: 0.0017593023
INFO:root:Epoch: 7, Train loss: 0.0017712602
INFO:root:Epoch: 7, Validation loss: 0.001221764
INFO:root:Epoch: 8, Train loss: 0.0015563953
INFO:root:Epoch: 8, Validation loss: 0.0010340796
INFO:root:Epoch: 9, Train loss: 0.001598637
INFO:root:Epoch: 9, Validation loss: 0.0014653765
INFO:root:Epoch: 10, Train loss: 0.0012939828
INFO:root:Epoch: 10, Validation loss: 0.0011413795
INFO:root:Epoch: 11, Train loss: 0.00112572
INFO:root:Epoch: 11, Validation loss: 0.0010196198
INFO:root:Epoch: 12, Train loss: 0.0010731699
INFO:root:Epoch: 12, Validation loss: 0.00119368
INFO:root:Epoch: 13, Train loss: 0.00092634186
INFO:root:Epoch: 13, Validation loss: 0.0019526005
INFO:root:Epoch: 14, Train loss: 0.0008642716
INFO:root:Epoch: 14, Validation loss: 0.0034493364
INFO:root:Epoch: 15, Train loss: 0.0007242562
INFO:root:Epoch: 15, Validation loss: 0.00089308195
INFO:root:Epoch: 16, Train loss: 0.00057039876
INFO:root:Epoch: 16, Validation loss: 0.00069004693
INFO:root:Epoch: 17, Train loss: 0.00057438796
INFO:root:Epoch: 17, Validation loss: 0.0007888344
INFO:root:Epoch: 18, Train loss: 0.00055999914
INFO:root:Epoch: 18, Validation loss: 0.0014529829
INFO:root:Epoch: 19, Train loss: 0.00042788792
INFO:root:Epoch: 19, Validation loss: 0.0009854907
INFO:root:Epoch: 20, Train loss: 0.00041516652
INFO:root:Epoch: 20, Validation loss: 0.0005923009
INFO:root:Epoch: 21, Train loss: 0.00045855163
INFO:root:Epoch: 21, Validation loss: 0.0025067271
INFO:root:Epoch: 22, Train loss: 0.0003889463
INFO:root:Epoch: 22, Validation loss: 0.00040046594
INFO:root:Epoch: 23, Train loss: 0.0003498383
INFO:root:Epoch: 23, Validation loss: 0.0012710603
INFO:root:Epoch: 24, Train loss: 0.00035188568
INFO:root:Epoch: 24, Validation loss: 0.0005622324
INFO:root:Epoch: 25, Train loss: 0.00031603058
INFO:root:Epoch: 25, Validation loss: 0.00040257533
INFO:root:Epoch: 26, Train loss: 0.00032292088
INFO:root:Epoch: 26, Validation loss: 0.0008643602
INFO:root:Epoch: 27, Train loss: 0.00028179758
INFO:root:Epoch: 27, Validation loss: 0.00036698687
INFO:root:Epoch: 28, Train loss: 0.00026365407
INFO:root:Epoch: 28, Validation loss: 0.00043211982
INFO:root:Epoch: 29, Train loss: 0.00024752744
INFO:root:Epoch: 29, Validation loss: 0.00040625912
INFO:root:Epoch: 30, Train loss: 0.00023400017
INFO:root:Epoch: 30, Validation loss: 0.00044605785
INFO:root:Epoch: 31, Train loss: 0.00022229372
INFO:root:Epoch: 31, Validation loss: 0.00029864965
INFO:root:Epoch: 32, Train loss: 0.00022701139
INFO:root:Epoch: 32, Validation loss: 0.0016556714
INFO:root:Epoch: 33, Train loss: 0.00022547426
INFO:root:Epoch: 33, Validation loss: 0.000627699
INFO:root:Epoch: 34, Train loss: 0.00017413049
INFO:root:Epoch: 34, Validation loss: 0.0002887783
INFO:root:Epoch: 35, Train loss: 0.00020645751
INFO:root:Epoch: 35, Validation loss: 0.0003990692
INFO:root:Epoch: 36, Train loss: 0.00018813778
INFO:root:Epoch: 36, Validation loss: 0.00039164742
INFO:root:Epoch: 37, Train loss: 0.00018191742
INFO:root:Epoch: 37, Validation loss: 0.00062338775
INFO:root:Epoch: 38, Train loss: 0.00021166547
INFO:root:Epoch: 38, Validation loss: 0.0010607686
INFO:root:Epoch: 39, Train loss: 0.00016450486
INFO:root:Epoch: 39, Validation loss: 0.00036529292
INFO:root:Epoch: 40, Train loss: 0.00015798035
INFO:root:Epoch: 40, Validation loss: 0.0008741769
INFO:root:Epoch: 41, Train loss: 0.00015596396
INFO:root:Epoch: 41, Validation loss: 0.00084071973
INFO:root:Epoch: 42, Train loss: 0.00014450948
INFO:root:Epoch: 42, Validation loss: 0.00024715762
INFO:root:Epoch: 43, Train loss: 0.00016348847
INFO:root:Epoch: 43, Validation loss: 0.0003286523
INFO:root:Epoch: 44, Train loss: 0.00013436857
INFO:root:Epoch: 44, Validation loss: 0.0001751304
INFO:root:Epoch: 45, Train loss: 0.00013158239
INFO:root:Epoch: 45, Validation loss: 0.00020111474
INFO:root:Epoch: 46, Train loss: 0.00013142849
INFO:root:Epoch: 46, Validation loss: 0.001568783
INFO:root:Epoch: 47, Train loss: 0.00011970011
INFO:root:Epoch: 47, Validation loss: 0.00048354533
INFO:root:Epoch: 48, Train loss: 0.00013197864
INFO:root:Epoch: 48, Validation loss: 0.0011303037
INFO:root:Epoch: 49, Train loss: 0.0001078266
INFO:root:Epoch: 49, Validation loss: 0.0002230757
INFO:root:Epoch: 50, Train loss: 0.00010965888
INFO:root:Epoch: 50, Validation loss: 0.0001710538
INFO:root:Epoch: 51, Train loss: 0.00010809686
INFO:root:Epoch: 51, Validation loss: 0.00058381766
INFO:root:Epoch: 52, Train loss: 0.00010745923
INFO:root:Epoch: 52, Validation loss: 0.00087232265
INFO:root:Epoch: 53, Train loss: 0.00010069037
INFO:root:Epoch: 53, Validation loss: 0.00058987894
INFO:root:Epoch: 54, Train loss: 0.00013143216
INFO:root:Epoch: 54, Validation loss: 0.0026408944
INFO:root:Epoch: 55, Train loss: 0.00010119545
INFO:root:Epoch: 55, Validation loss: 0.00032547538
INFO:root:Epoch: 56, Train loss: 9.740566e-05
INFO:root:Epoch: 56, Validation loss: 0.00031252299
INFO:root:Epoch: 57, Train loss: 0.00011057957
INFO:root:Epoch: 57, Validation loss: 0.0003045527
INFO:root:Epoch: 58, Train loss: 0.00011192539
INFO:root:Epoch: 58, Validation loss: 0.0022823885
INFO:root:Epoch: 59, Train loss: 9.171717e-05
INFO:root:Epoch: 59, Validation loss: 0.00027562067
INFO:root:Epoch: 60, Train loss: 9.284661e-05
INFO:root:Epoch: 60, Validation loss: 0.0016350099
INFO:root:Epoch: 61, Train loss: 8.5289605e-05
INFO:root:Epoch: 61, Validation loss: 0.00054619537
INFO:root:Epoch: 62, Train loss: 8.6643995e-05
INFO:root:Epoch: 62, Validation loss: 0.0006863382
INFO:root:Epoch: 63, Train loss: 8.368618e-05
INFO:root:Epoch: 63, Validation loss: 0.0008157883
INFO:root:Epoch: 64, Train loss: 8.2119775e-05
INFO:root:Epoch: 64, Validation loss: 0.0006005614
INFO:root:Epoch: 65, Train loss: 7.5011165e-05
INFO:root:Epoch: 65, Validation loss: 0.00041553596
INFO:root:Epoch: 66, Train loss: 7.436885e-05
INFO:root:Epoch: 66, Validation loss: 0.00070085615
INFO:root:Epoch: 67, Train loss: 7.67838e-05
INFO:root:Epoch: 67, Validation loss: 0.00080972025
INFO:root:Epoch: 68, Train loss: 0.000105458224
INFO:root:Epoch: 68, Validation loss: 0.00022861763
INFO:root:Epoch: 69, Train loss: 7.662689e-05
INFO:root:Epoch: 69, Validation loss: 0.000222124
INFO:root:Epoch: 70, Train loss: 7.2860435e-05
INFO:root:Epoch: 70, Validation loss: 0.0008262343
INFO:root:Epoch: 71, Train loss: 6.791832e-05
INFO:root:Epoch: 71, Validation loss: 0.00025346284
INFO:root:Epoch: 72, Train loss: 6.797554e-05
INFO:root:Epoch: 72, Validation loss: 0.00055739906
INFO:root:Epoch: 73, Train loss: 6.579924e-05
INFO:root:Epoch: 73, Validation loss: 0.00057300273
INFO:root:Epoch: 74, Train loss: 6.0620132e-05
INFO:root:Epoch: 74, Validation loss: 0.0010119296
INFO:root:Epoch: 75, Train loss: 6.6685905e-05
INFO:root:Epoch: 75, Validation loss: 0.0014091129
INFO:root:Epoch: 76, Train loss: 6.8998605e-05
INFO:root:Epoch: 76, Validation loss: 0.0013890193
INFO:root:Epoch: 77, Train loss: 8.4325424e-05
INFO:root:Epoch: 77, Validation loss: 0.00020217853
INFO:root:Epoch: 78, Train loss: 6.517488e-05
INFO:root:Epoch: 78, Validation loss: 0.0003085156
INFO:root:Epoch: 79, Train loss: 5.906163e-05
INFO:root:Epoch: 79, Validation loss: 0.00035107284
INFO:root:Epoch: 80, Train loss: 6.395145e-05
INFO:root:Epoch: 80, Validation loss: 0.0010986539
INFO:root:Epoch: 81, Train loss: 5.442483e-05
INFO:root:Epoch: 81, Validation loss: 0.00020390192
INFO:root:Epoch: 82, Train loss: 5.414998e-05
INFO:root:Epoch: 82, Validation loss: 0.00019328296
INFO:root:Epoch: 83, Train loss: 6.5662236e-05
INFO:root:Epoch: 83, Validation loss: 0.00031467274
INFO:root:Epoch: 84, Train loss: 4.8957445e-05
INFO:root:Epoch: 84, Validation loss: 0.00048762778
INFO:root:Epoch: 85, Train loss: 5.0990133e-05
INFO:root:Epoch: 85, Validation loss: 0.001025705
INFO:root:Epoch: 86, Train loss: 5.2844483e-05
INFO:root:Epoch: 86, Validation loss: 0.0020930115
INFO:root:Epoch: 87, Train loss: 5.3134696e-05
INFO:root:Epoch: 87, Validation loss: 0.00029173773
INFO:root:Epoch: 88, Train loss: 5.3196287e-05
INFO:root:Epoch: 88, Validation loss: 0.00060854753
INFO:root:Epoch: 89, Train loss: 4.672435e-05
INFO:root:Epoch: 89, Validation loss: 0.00036326467
INFO:root:Epoch: 90, Train loss: 6.938179e-05
INFO:root:Epoch: 90, Validation loss: 0.007262901
INFO:root:Epoch: 91, Train loss: 4.841828e-05
INFO:root:Epoch: 91, Validation loss: 0.00027612963
INFO:root:Epoch: 92, Train loss: 5.149858e-05
INFO:root:Epoch: 92, Validation loss: 0.0001507209
INFO:root:Epoch: 93, Train loss: 4.3397748e-05
INFO:root:Epoch: 93, Validation loss: 0.00057333335
INFO:root:Epoch: 94, Train loss: 4.874828e-05
INFO:root:Epoch: 94, Validation loss: 0.0032009867
INFO:root:Epoch: 95, Train loss: 7.908459e-05
INFO:root:Epoch: 95, Validation loss: 0.0017485827
INFO:root:Epoch: 96, Train loss: 4.855125e-05
INFO:root:Epoch: 96, Validation loss: 0.0018843937
INFO:root:Epoch: 97, Train loss: 4.369715e-05
INFO:root:Epoch: 97, Validation loss: 0.00017830345
INFO:root:Epoch: 98, Train loss: 4.733773e-05
INFO:root:Epoch: 98, Validation loss: 0.0038784137
INFO:root:Epoch: 99, Train loss: 6.2312145e-05
INFO:root:Epoch: 99, Validation loss: 0.00062436523
INFO:root:Training from ep 0 to ep 100 finished
INFO:root:Best epoch: 93
