INFO:root:Started
INFO:root:Epoch: 0, Train loss: 3.7830656, Train Acc: 0.051136363
INFO:root:Epoch: 0, Validation loss: 3.7507, Validation Acc: 0.083333336
INFO:root:Epoch: 1, Train loss: 3.5142128, Train Acc: 0.104166664
INFO:root:Epoch: 1, Validation loss: 3.5823736, Validation Acc: 0.091145836
INFO:root:Epoch: 2, Train loss: 3.3284853, Train Acc: 0.12058081
INFO:root:Epoch: 2, Validation loss: 3.5524142, Validation Acc: 0.109375
INFO:root:Epoch: 3, Train loss: 3.2300587, Train Acc: 0.15309343
INFO:root:Epoch: 3, Validation loss: 3.54555, Validation Acc: 0.104166664
INFO:root:Epoch: 4, Train loss: 3.0938962, Train Acc: 0.17992425
INFO:root:Epoch: 4, Validation loss: 3.4619424, Validation Acc: 0.119791664
INFO:root:Epoch: 5, Train loss: 2.9839625, Train Acc: 0.20044191
INFO:root:Epoch: 5, Validation loss: 3.6304195, Validation Acc: 0.096354164
INFO:root:Epoch: 6, Train loss: 2.8752887, Train Acc: 0.25252524
INFO:root:Epoch: 6, Validation loss: 3.5252383, Validation Acc: 0.0859375
INFO:root:Epoch: 7, Train loss: 2.7895834, Train Acc: 0.2623106
INFO:root:Epoch: 7, Validation loss: 3.5690253, Validation Acc: 0.13020833
INFO:root:Epoch: 8, Train loss: 2.6562595, Train Acc: 0.2935606
INFO:root:Epoch: 8, Validation loss: 3.4307425, Validation Acc: 0.122395836
INFO:root:Epoch: 9, Train loss: 2.5125563, Train Acc: 0.332702
INFO:root:Epoch: 9, Validation loss: 3.6398804, Validation Acc: 0.096354164
INFO:root:Epoch: 10, Train loss: 2.430673, Train Acc: 0.35037878
INFO:root:Epoch: 10, Validation loss: 3.5862188, Validation Acc: 0.109375
INFO:root:Epoch: 11, Train loss: 2.3649065, Train Acc: 0.38036618
INFO:root:Epoch: 11, Validation loss: 3.6253378, Validation Acc: 0.122395836
INFO:root:Epoch: 12, Train loss: 2.2793, Train Acc: 0.38541666
INFO:root:Epoch: 12, Validation loss: 3.6147664, Validation Acc: 0.12760417
INFO:root:Epoch: 13, Train loss: 2.1785717, Train Acc: 0.41256315
INFO:root:Epoch: 13, Validation loss: 3.5413563, Validation Acc: 0.1171875
INFO:root:Epoch: 14, Train loss: 2.1443794, Train Acc: 0.42487374
INFO:root:Epoch: 14, Validation loss: 3.5831668, Validation Acc: 0.15885417
INFO:root:Epoch: 15, Train loss: 2.0332954, Train Acc: 0.45044193
INFO:root:Epoch: 15, Validation loss: 3.7324069, Validation Acc: 0.12760417
INFO:root:Epoch: 16, Train loss: 1.9586688, Train Acc: 0.46464646
INFO:root:Epoch: 16, Validation loss: 3.7367306, Validation Acc: 0.12760417
INFO:root:Epoch: 17, Train loss: 1.8614564, Train Acc: 0.49621212
INFO:root:Epoch: 17, Validation loss: 3.5963318, Validation Acc: 0.13802083
INFO:root:Epoch: 18, Train loss: 1.8096781, Train Acc: 0.5050505
INFO:root:Epoch: 18, Validation loss: 3.7387602, Validation Acc: 0.13802083
INFO:root:Epoch: 19, Train loss: 1.7867954, Train Acc: 0.51420456
INFO:root:Epoch: 19, Validation loss: 3.571329, Validation Acc: 0.16145833
INFO:root:Epoch: 20, Train loss: 1.6428139, Train Acc: 0.5520833
INFO:root:Epoch: 20, Validation loss: 3.8172996, Validation Acc: 0.15364583
INFO:root:Epoch: 21, Train loss: 1.6028169, Train Acc: 0.5609217
INFO:root:Epoch: 21, Validation loss: 3.8292944, Validation Acc: 0.1484375
INFO:root:Epoch: 22, Train loss: 1.5245631, Train Acc: 0.5754419
INFO:root:Epoch: 22, Validation loss: 3.9499733, Validation Acc: 0.16145833
INFO:root:Epoch: 23, Train loss: 1.464488, Train Acc: 0.5921717
INFO:root:Epoch: 23, Validation loss: 3.7974837, Validation Acc: 0.1796875
INFO:root:Epoch: 24, Train loss: 1.4120189, Train Acc: 0.614899
INFO:root:Epoch: 24, Validation loss: 4.008559, Validation Acc: 0.1171875
INFO:root:Epoch: 25, Train loss: 1.3202215, Train Acc: 0.625
INFO:root:Epoch: 25, Validation loss: 4.01737, Validation Acc: 0.15885417
INFO:root:Epoch: 26, Train loss: 1.3099763, Train Acc: 0.63352275
INFO:root:Epoch: 26, Validation loss: 3.9128082, Validation Acc: 0.15885417
INFO:root:Epoch: 27, Train loss: 1.2443688, Train Acc: 0.6600379
INFO:root:Epoch: 27, Validation loss: 4.081865, Validation Acc: 0.15364583
INFO:root:Epoch: 28, Train loss: 1.1911358, Train Acc: 0.6698232
INFO:root:Epoch: 28, Validation loss: 4.1817675, Validation Acc: 0.140625
INFO:root:Epoch: 29, Train loss: 1.1526688, Train Acc: 0.6770833
INFO:root:Epoch: 29, Validation loss: 4.065491, Validation Acc: 0.16666667
INFO:root:Epoch: 30, Train loss: 1.1408203, Train Acc: 0.68434346
INFO:root:Epoch: 30, Validation loss: 4.174026, Validation Acc: 0.125
INFO:root:Epoch: 31, Train loss: 1.0609751, Train Acc: 0.69949496
INFO:root:Epoch: 31, Validation loss: 4.058329, Validation Acc: 0.171875
INFO:root:Epoch: 32, Train loss: 1.0378735, Train Acc: 0.71117425
INFO:root:Epoch: 32, Validation loss: 4.0327067, Validation Acc: 0.1640625
INFO:root:Epoch: 33, Train loss: 0.9738453, Train Acc: 0.72948235
INFO:root:Epoch: 33, Validation loss: 3.9600708, Validation Acc: 0.171875
INFO:root:Epoch: 34, Train loss: 0.9464286, Train Acc: 0.7244318
INFO:root:Epoch: 34, Validation loss: 4.224555, Validation Acc: 0.14583333
INFO:root:Epoch: 35, Train loss: 0.93083143, Train Acc: 0.7373737
INFO:root:Epoch: 35, Validation loss: 4.0994296, Validation Acc: 0.1640625
INFO:root:Epoch: 36, Train loss: 0.84980714, Train Acc: 0.75631315
INFO:root:Epoch: 36, Validation loss: 4.2793407, Validation Acc: 0.14583333
INFO:root:Epoch: 37, Train loss: 0.8514338, Train Acc: 0.75
INFO:root:Epoch: 37, Validation loss: 4.520601, Validation Acc: 0.16145833
INFO:root:Epoch: 38, Train loss: 0.80563873, Train Acc: 0.77241164
INFO:root:Epoch: 38, Validation loss: 4.402967, Validation Acc: 0.1484375
INFO:root:Epoch: 39, Train loss: 0.7812235, Train Acc: 0.7746212
INFO:root:Epoch: 39, Validation loss: 4.449814, Validation Acc: 0.171875
INFO:root:Epoch: 40, Train loss: 0.70613956, Train Acc: 0.79924244
INFO:root:Epoch: 40, Validation loss: 4.4598956, Validation Acc: 0.16927083
INFO:root:Epoch: 41, Train loss: 0.7202515, Train Acc: 0.79198235
INFO:root:Epoch: 41, Validation loss: 4.5780272, Validation Acc: 0.1484375
INFO:root:Epoch: 42, Train loss: 0.7123344, Train Acc: 0.79766417
INFO:root:Epoch: 42, Validation loss: 4.20626, Validation Acc: 0.1875
INFO:root:Epoch: 43, Train loss: 0.6963499, Train Acc: 0.80271465
INFO:root:Epoch: 43, Validation loss: 4.4909425, Validation Acc: 0.16927083
INFO:root:Epoch: 44, Train loss: 0.6700889, Train Acc: 0.8109217
INFO:root:Epoch: 44, Validation loss: 4.6437287, Validation Acc: 0.1484375
INFO:root:Epoch: 45, Train loss: 0.6500438, Train Acc: 0.81565654
INFO:root:Epoch: 45, Validation loss: 4.549836, Validation Acc: 0.15885417
INFO:root:Epoch: 46, Train loss: 0.6136315, Train Acc: 0.8203914
INFO:root:Epoch: 46, Validation loss: 4.703012, Validation Acc: 0.16145833
INFO:root:Epoch: 47, Train loss: 0.5730457, Train Acc: 0.8393308
INFO:root:Epoch: 47, Validation loss: 4.7031007, Validation Acc: 0.16927083
INFO:root:Epoch: 48, Train loss: 0.5741997, Train Acc: 0.8314394
INFO:root:Epoch: 48, Validation loss: 4.675328, Validation Acc: 0.15885417
INFO:root:Epoch: 49, Train loss: 0.57131016, Train Acc: 0.8393308
INFO:root:Epoch: 49, Validation loss: 4.8283343, Validation Acc: 0.1640625
INFO:root:Epoch: 50, Train loss: 0.5863474, Train Acc: 0.8298611
INFO:root:Epoch: 50, Validation loss: 4.4252286, Validation Acc: 0.16145833
INFO:root:Epoch: 51, Train loss: 0.5370289, Train Acc: 0.8494318
INFO:root:Epoch: 51, Validation loss: 4.7600145, Validation Acc: 0.1796875
INFO:root:Epoch: 52, Train loss: 0.5003285, Train Acc: 0.8614268
INFO:root:Epoch: 52, Validation loss: 4.6931505, Validation Acc: 0.1875
INFO:root:Epoch: 53, Train loss: 0.5314178, Train Acc: 0.85132575
INFO:root:Epoch: 53, Validation loss: 4.5269585, Validation Acc: 0.17708333
INFO:root:Epoch: 54, Train loss: 0.5054891, Train Acc: 0.85858583
INFO:root:Epoch: 54, Validation loss: 4.6573935, Validation Acc: 0.19010417
INFO:root:Epoch: 55, Train loss: 0.46851182, Train Acc: 0.8667929
INFO:root:Epoch: 55, Validation loss: 4.8791723, Validation Acc: 0.15625
INFO:root:Epoch: 56, Train loss: 0.46484098, Train Acc: 0.87436867
INFO:root:Epoch: 56, Validation loss: 4.7270465, Validation Acc: 0.17447917
INFO:root:Epoch: 57, Train loss: 0.46423855, Train Acc: 0.86616164
INFO:root:Epoch: 57, Validation loss: 4.608052, Validation Acc: 0.203125
INFO:root:Epoch: 58, Train loss: 0.46795022, Train Acc: 0.864899
INFO:root:Epoch: 58, Validation loss: 4.683206, Validation Acc: 0.1640625
INFO:root:Epoch: 59, Train loss: 0.4346887, Train Acc: 0.8712121
INFO:root:Epoch: 59, Validation loss: 4.84329, Validation Acc: 0.17447917
INFO:root:Training from ep 0 to ep 60 finished
INFO:root:Best epoch: 58
