INFO:root:Started
INFO:root:Epoch: 0, Train loss: 0.0075797318
INFO:root:Epoch: 0, Validation loss: 0.0003163402
INFO:root:Epoch: 1, Train loss: 0.00015892435
INFO:root:Epoch: 1, Validation loss: 7.231461e-05
INFO:root:Training from ep 0 to ep 2 finished
INFO:root:Best epoch: 2
INFO:root:Started
INFO:root:Epoch: 0, Train loss: 0.0075793657
INFO:root:Epoch: 0, Validation loss: 0.0003158865
INFO:root:Epoch: 1, Train loss: 0.00015857675
INFO:root:Epoch: 1, Validation loss: 7.2156596e-05
INFO:root:Epoch: 2, Train loss: 7.186538e-05
INFO:root:Epoch: 2, Validation loss: 4.5120527e-05
INFO:root:Epoch: 3, Train loss: 4.6304714e-05
INFO:root:Epoch: 3, Validation loss: 2.8406157e-05
INFO:root:Epoch: 4, Train loss: 3.4343488e-05
INFO:root:Epoch: 4, Validation loss: 1.9345687e-05
INFO:root:Epoch: 5, Train loss: 2.6245356e-05
INFO:root:Epoch: 5, Validation loss: 1.5907313e-05
INFO:root:Epoch: 6, Train loss: 2.0720401e-05
INFO:root:Epoch: 6, Validation loss: 1.4982635e-05
INFO:root:Epoch: 7, Train loss: 1.6535825e-05
INFO:root:Epoch: 7, Validation loss: 1.23669915e-05
INFO:root:Epoch: 8, Train loss: 1.3653059e-05
INFO:root:Epoch: 8, Validation loss: 1.2398713e-05
INFO:root:Epoch: 9, Train loss: 1.1978977e-05
INFO:root:Epoch: 9, Validation loss: 7.763734e-06
INFO:root:Epoch: 10, Train loss: 9.115721e-06
INFO:root:Epoch: 10, Validation loss: 7.706618e-06
INFO:root:Epoch: 11, Train loss: 8.48561e-06
INFO:root:Epoch: 11, Validation loss: 5.349643e-06
INFO:root:Epoch: 12, Train loss: 6.9802927e-06
INFO:root:Epoch: 12, Validation loss: 4.5833344e-06
INFO:root:Epoch: 13, Train loss: 6.8181243e-06
INFO:root:Epoch: 13, Validation loss: 5.2258492e-06
INFO:root:Epoch: 14, Train loss: 5.474191e-06
INFO:root:Epoch: 14, Validation loss: 4.7311473e-06
INFO:root:Epoch: 15, Train loss: 4.675952e-06
INFO:root:Epoch: 15, Validation loss: 2.8742713e-06
INFO:root:Epoch: 16, Train loss: 4.084319e-06
INFO:root:Epoch: 16, Validation loss: 3.2085788e-06
INFO:root:Epoch: 17, Train loss: 3.5416415e-06
INFO:root:Epoch: 17, Validation loss: 2.5275522e-06
INFO:root:Epoch: 18, Train loss: 3.1088452e-06
INFO:root:Epoch: 18, Validation loss: 2.1686053e-06
INFO:root:Epoch: 19, Train loss: 2.7218705e-06
INFO:root:Epoch: 19, Validation loss: 2.4033218e-06
INFO:root:Epoch: 20, Train loss: 2.2793417e-06
INFO:root:Epoch: 20, Validation loss: 1.4930679e-06
INFO:root:Epoch: 21, Train loss: 2.0689865e-06
INFO:root:Epoch: 21, Validation loss: 1.2581703e-06
INFO:root:Epoch: 22, Train loss: 1.8253587e-06
INFO:root:Epoch: 22, Validation loss: 1.2758649e-06
INFO:root:Epoch: 23, Train loss: 1.6568488e-06
INFO:root:Epoch: 23, Validation loss: 9.3088005e-07
INFO:root:Epoch: 24, Train loss: 1.3620229e-06
INFO:root:Epoch: 24, Validation loss: 8.4844476e-07
INFO:root:Epoch: 25, Train loss: 1.2457389e-06
INFO:root:Epoch: 25, Validation loss: 7.640882e-07
INFO:root:Epoch: 26, Train loss: 1.1846462e-06
INFO:root:Epoch: 26, Validation loss: 8.908785e-07
INFO:root:Epoch: 27, Train loss: 1.1293855e-06
INFO:root:Epoch: 27, Validation loss: 6.4586754e-07
INFO:root:Epoch: 28, Train loss: 9.71576e-07
INFO:root:Epoch: 28, Validation loss: 6.979248e-07
INFO:root:Epoch: 29, Train loss: 9.040079e-07
INFO:root:Epoch: 29, Validation loss: 8.51217e-07
INFO:root:Epoch: 30, Train loss: 9.286399e-07
INFO:root:Epoch: 30, Validation loss: 8.4634945e-07
INFO:root:Epoch: 31, Train loss: 7.9266374e-07
INFO:root:Epoch: 31, Validation loss: 7.632362e-07
INFO:root:Epoch: 32, Train loss: 8.447511e-07
INFO:root:Epoch: 32, Validation loss: 8.3883094e-07
INFO:root:Epoch: 33, Train loss: 6.11416e-07
INFO:root:Epoch: 33, Validation loss: 1.6668121e-06
INFO:root:Epoch: 34, Train loss: 8.342488e-07
INFO:root:Epoch: 34, Validation loss: 7.246376e-07
INFO:root:Epoch: 35, Train loss: 6.84905e-07
INFO:root:Epoch: 35, Validation loss: 7.803746e-07
INFO:root:Epoch: 36, Train loss: 9.056194e-07
INFO:root:Epoch: 36, Validation loss: 2.810739e-06
INFO:root:Epoch: 37, Train loss: 1.1786644e-06
INFO:root:Epoch: 37, Validation loss: 2.39844e-07
INFO:root:Epoch: 38, Train loss: 6.912776e-07
INFO:root:Epoch: 38, Validation loss: 4.0897618e-07
INFO:root:Epoch: 39, Train loss: 1.02141e-06
INFO:root:Epoch: 39, Validation loss: 3.2438075e-07
INFO:root:Epoch: 40, Train loss: 7.091292e-07
INFO:root:Epoch: 40, Validation loss: 2.352368e-07
INFO:root:Epoch: 41, Train loss: 7.727887e-07
INFO:root:Epoch: 41, Validation loss: 7.741075e-08
INFO:root:Epoch: 42, Train loss: 6.5740693e-07
INFO:root:Epoch: 42, Validation loss: 6.0772084e-07
INFO:root:Epoch: 43, Train loss: 8.0328107e-07
INFO:root:Epoch: 43, Validation loss: 1.2172336e-07
INFO:root:Epoch: 44, Train loss: 3.988921e-07
INFO:root:Epoch: 44, Validation loss: 5.7635737e-07
INFO:root:Epoch: 45, Train loss: 2.9761105e-07
INFO:root:Epoch: 45, Validation loss: 2.581743e-07
INFO:root:Epoch: 46, Train loss: 6.537372e-07
INFO:root:Epoch: 46, Validation loss: 5.9168904e-08
INFO:root:Epoch: 47, Train loss: 1.7843554e-07
INFO:root:Epoch: 47, Validation loss: 1.6223345e-07
INFO:root:Epoch: 48, Train loss: 3.6422483e-07
INFO:root:Epoch: 48, Validation loss: 2.0071911e-07
INFO:root:Epoch: 49, Train loss: 2.6998552e-07
INFO:root:Epoch: 49, Validation loss: 2.068741e-07
INFO:root:Epoch: 50, Train loss: 4.606922e-07
INFO:root:Epoch: 50, Validation loss: 6.950204e-07
INFO:root:Epoch: 51, Train loss: 3.8503427e-07
INFO:root:Epoch: 51, Validation loss: 1.2688051e-07
INFO:root:Epoch: 52, Train loss: 2.2119609e-07
INFO:root:Epoch: 52, Validation loss: 4.316143e-08
INFO:root:Epoch: 53, Train loss: 3.6449984e-07
INFO:root:Epoch: 53, Validation loss: 6.9585816e-08
INFO:root:Epoch: 54, Train loss: 3.9397892e-07
INFO:root:Epoch: 54, Validation loss: 0.00025024093
INFO:root:Epoch: 55, Train loss: 3.084545e-07
INFO:root:Epoch: 55, Validation loss: 3.821e-08
INFO:root:Epoch: 56, Train loss: 3.4846937e-07
INFO:root:Epoch: 56, Validation loss: 1.7304974e-07
INFO:root:Epoch: 57, Train loss: 1.672545e-07
INFO:root:Epoch: 57, Validation loss: 2.29338e-07
INFO:root:Epoch: 58, Train loss: 4.2700498e-07
INFO:root:Epoch: 58, Validation loss: 0.0001939133
INFO:root:Epoch: 59, Train loss: 1.8700003e-07
INFO:root:Epoch: 59, Validation loss: 6.5231305e-08
INFO:root:Epoch: 60, Train loss: 5.560105e-07
INFO:root:Epoch: 60, Validation loss: 3.9518444e-08
INFO:root:Epoch: 61, Train loss: 1.5389918e-07
INFO:root:Epoch: 61, Validation loss: 6.1876776e-08
INFO:root:Epoch: 62, Train loss: 9.95935e-08
INFO:root:Epoch: 62, Validation loss: 9.10518e-08
INFO:root:Epoch: 63, Train loss: 1.5331707e-06
INFO:root:Epoch: 63, Validation loss: 2.2728528e-08
INFO:root:Epoch: 64, Train loss: 6.3080314e-08
INFO:root:Epoch: 64, Validation loss: 2.8379038e-08
INFO:root:Epoch: 65, Train loss: 2.1164635e-07
INFO:root:Epoch: 65, Validation loss: 1.2669976e-08
INFO:root:Epoch: 66, Train loss: 7.8956795e-08
INFO:root:Epoch: 66, Validation loss: 2.3474199e-08
INFO:root:Epoch: 67, Train loss: 4.0829477e-07
INFO:root:Epoch: 67, Validation loss: 9.36241e-09
INFO:root:Epoch: 68, Train loss: 2.2999846e-07
INFO:root:Epoch: 68, Validation loss: 1.5637937e-07
INFO:root:Epoch: 69, Train loss: 1.4098234e-07
INFO:root:Epoch: 69, Validation loss: 2.2096645e-08
INFO:root:Epoch: 70, Train loss: 1.3683929e-07
INFO:root:Epoch: 70, Validation loss: 0.00023131445
INFO:root:Epoch: 71, Train loss: 4.946011e-07
INFO:root:Epoch: 71, Validation loss: 1.2783647e-08
INFO:root:Epoch: 72, Train loss: 6.927442e-08
INFO:root:Epoch: 72, Validation loss: 1.1615789e-06
INFO:root:Epoch: 73, Train loss: 7.2014195e-08
INFO:root:Epoch: 73, Validation loss: 3.6430983e-08
INFO:root:Epoch: 74, Train loss: 3.6376594e-08
INFO:root:Epoch: 74, Validation loss: 6.766498e-09
INFO:root:Epoch: 75, Train loss: 8.213442e-09
INFO:root:Epoch: 75, Validation loss: 8.006161e-11
INFO:root:Epoch: 76, Train loss: 2.1891306e-11
INFO:root:Epoch: 76, Validation loss: 7.279427e-12
INFO:root:Epoch: 77, Train loss: 6.4335442e-12
INFO:root:Epoch: 77, Validation loss: 3.293492e-12
INFO:root:Epoch: 78, Train loss: 2.727783e-12
INFO:root:Epoch: 78, Validation loss: 1.512931e-12
INFO:root:Epoch: 79, Train loss: 1.1181068e-12
INFO:root:Epoch: 79, Validation loss: 5.8268955e-13
INFO:root:Epoch: 80, Train loss: 4.7187205e-13
INFO:root:Epoch: 80, Validation loss: 3.0876302e-13
INFO:root:Epoch: 81, Train loss: 2.2647545e-13
INFO:root:Epoch: 81, Validation loss: 1.5069235e-13
INFO:root:Epoch: 82, Train loss: 1.1375281e-13
INFO:root:Epoch: 82, Validation loss: 7.637481e-14
INFO:root:Epoch: 83, Train loss: 5.710164e-14
INFO:root:Epoch: 83, Validation loss: 3.8996147e-14
INFO:root:Epoch: 84, Train loss: 2.8253434e-14
INFO:root:Epoch: 84, Validation loss: 1.90715e-14
INFO:root:Epoch: 85, Train loss: 1.3382418e-14
INFO:root:Epoch: 85, Validation loss: 8.78109e-15
INFO:root:Epoch: 86, Train loss: 5.997317e-15
INFO:root:Epoch: 86, Validation loss: 3.7928767e-15
INFO:root:Epoch: 87, Train loss: 2.523534e-15
INFO:root:Epoch: 87, Validation loss: 1.5399464e-15
INFO:root:Epoch: 88, Train loss: 1.0071581e-15
INFO:root:Epoch: 88, Validation loss: 6.015422e-16
INFO:root:Epoch: 89, Train loss: 3.847111e-16
INFO:root:Epoch: 89, Validation loss: 2.2415422e-16
INFO:root:Epoch: 90, Train loss: 1.4030847e-16
INFO:root:Epoch: 90, Validation loss: 7.9137593e-17
INFO:root:Epoch: 91, Train loss: 4.845414e-17
INFO:root:Epoch: 91, Validation loss: 2.634031e-17
INFO:root:Epoch: 92, Train loss: 1.569983e-17
INFO:root:Epoch: 92, Validation loss: 8.19196e-18
INFO:root:Epoch: 93, Train loss: 4.7378225e-18
INFO:root:Epoch: 93, Validation loss: 2.3617386e-18
INFO:root:Epoch: 94, Train loss: 1.3242297e-18
INFO:root:Epoch: 94, Validation loss: 6.2869976e-19
INFO:root:Epoch: 95, Train loss: 3.4140776e-19
INFO:root:Epoch: 95, Validation loss: 1.5395222e-19
INFO:root:Epoch: 96, Train loss: 8.09166e-20
INFO:root:Epoch: 96, Validation loss: 3.4574382e-20
INFO:root:Epoch: 97, Train loss: 1.757922e-20
INFO:root:Epoch: 97, Validation loss: 7.1010055e-21
INFO:root:Epoch: 98, Train loss: 3.490245e-21
INFO:root:Epoch: 98, Validation loss: 1.3285746e-21
INFO:root:Epoch: 99, Train loss: 6.3133954e-22
INFO:root:Epoch: 99, Validation loss: 2.2618677e-22
INFO:root:Training from ep 0 to ep 100 finished
INFO:root:Best epoch: 100
