INFO:root:Started
INFO:root:Epoch: 0, Train loss: 3.8048203, Train Acc: 0.045454547
INFO:root:Epoch: 0, Validation loss: 3.7256, Validation Acc: 0.0625
INFO:root:Epoch: 1, Train loss: 3.5715957, Train Acc: 0.08554293
INFO:root:Epoch: 1, Validation loss: 3.662636, Validation Acc: 0.091145836
INFO:root:Epoch: 2, Train loss: 3.448682, Train Acc: 0.102904044
INFO:root:Epoch: 2, Validation loss: 3.6582572, Validation Acc: 0.0546875
INFO:root:Epoch: 3, Train loss: 3.3346188, Train Acc: 0.13257575
INFO:root:Epoch: 3, Validation loss: 3.5759525, Validation Acc: 0.078125
INFO:root:Epoch: 4, Train loss: 3.2466948, Train Acc: 0.15561868
INFO:root:Epoch: 4, Validation loss: 3.4320385, Validation Acc: 0.096354164
INFO:root:Epoch: 5, Train loss: 3.1379807, Train Acc: 0.17645203
INFO:root:Epoch: 5, Validation loss: 3.4521627, Validation Acc: 0.088541664
INFO:root:Epoch: 6, Train loss: 3.0681574, Train Acc: 0.19728535
INFO:root:Epoch: 6, Validation loss: 3.4100678, Validation Acc: 0.1171875
INFO:root:Epoch: 7, Train loss: 2.976254, Train Acc: 0.21369949
INFO:root:Epoch: 7, Validation loss: 3.4924889, Validation Acc: 0.104166664
INFO:root:Epoch: 8, Train loss: 2.897792, Train Acc: 0.22790404
INFO:root:Epoch: 8, Validation loss: 3.5845518, Validation Acc: 0.119791664
INFO:root:Epoch: 9, Train loss: 2.766514, Train Acc: 0.26357323
INFO:root:Epoch: 9, Validation loss: 3.474637, Validation Acc: 0.15364583
INFO:root:Epoch: 10, Train loss: 2.6895723, Train Acc: 0.2761995
INFO:root:Epoch: 10, Validation loss: 3.429733, Validation Acc: 0.13802083
INFO:root:Epoch: 11, Train loss: 2.6195767, Train Acc: 0.30587122
INFO:root:Epoch: 11, Validation loss: 3.4387019, Validation Acc: 0.119791664
INFO:root:Epoch: 12, Train loss: 2.5493736, Train Acc: 0.3276515
INFO:root:Epoch: 12, Validation loss: 3.4732988, Validation Acc: 0.140625
INFO:root:Epoch: 13, Train loss: 2.4440484, Train Acc: 0.3465909
INFO:root:Epoch: 13, Validation loss: 3.2750084, Validation Acc: 0.1484375
INFO:root:Epoch: 14, Train loss: 2.4431384, Train Acc: 0.33996212
INFO:root:Epoch: 14, Validation loss: 3.445543, Validation Acc: 0.15364583
INFO:root:Epoch: 15, Train loss: 2.3258805, Train Acc: 0.363952
INFO:root:Epoch: 15, Validation loss: 3.491339, Validation Acc: 0.13802083
INFO:root:Epoch: 16, Train loss: 2.2449126, Train Acc: 0.3866793
INFO:root:Epoch: 16, Validation loss: 3.4056578, Validation Acc: 0.13802083
INFO:root:Epoch: 17, Train loss: 2.2063997, Train Acc: 0.4005682
INFO:root:Epoch: 17, Validation loss: 3.3634598, Validation Acc: 0.15104167
INFO:root:Epoch: 18, Train loss: 2.110394, Train Acc: 0.4201389
INFO:root:Epoch: 18, Validation loss: 3.3346262, Validation Acc: 0.19270833
INFO:root:Epoch: 19, Train loss: 2.076959, Train Acc: 0.43055555
INFO:root:Epoch: 19, Validation loss: 3.360877, Validation Acc: 0.15104167
INFO:root:Epoch: 20, Train loss: 1.9893427, Train Acc: 0.45044193
INFO:root:Epoch: 20, Validation loss: 3.319052, Validation Acc: 0.15625
INFO:root:Epoch: 21, Train loss: 1.972421, Train Acc: 0.44823232
INFO:root:Epoch: 21, Validation loss: 3.3974125, Validation Acc: 0.16927083
INFO:root:Epoch: 22, Train loss: 1.8497561, Train Acc: 0.4965278
INFO:root:Epoch: 22, Validation loss: 3.607461, Validation Acc: 0.13020833
INFO:root:Epoch: 23, Train loss: 1.8351892, Train Acc: 0.49179292
INFO:root:Epoch: 23, Validation loss: 3.5614712, Validation Acc: 0.16145833
INFO:root:Epoch: 24, Train loss: 1.7677312, Train Acc: 0.5126263
INFO:root:Epoch: 24, Validation loss: 3.5587375, Validation Acc: 0.13020833
INFO:root:Epoch: 25, Train loss: 1.7101235, Train Acc: 0.5243056
INFO:root:Epoch: 25, Validation loss: 3.601494, Validation Acc: 0.140625
INFO:root:Epoch: 26, Train loss: 1.6484792, Train Acc: 0.54450756
INFO:root:Epoch: 26, Validation loss: 3.4951122, Validation Acc: 0.171875
INFO:root:Epoch: 27, Train loss: 1.6202952, Train Acc: 0.5498737
INFO:root:Epoch: 27, Validation loss: 3.5112276, Validation Acc: 0.1875
INFO:root:Epoch: 28, Train loss: 1.5930277, Train Acc: 0.55713385
INFO:root:Epoch: 28, Validation loss: 3.452303, Validation Acc: 0.1953125
INFO:root:Epoch: 29, Train loss: 1.5268216, Train Acc: 0.5741793
INFO:root:Epoch: 29, Validation loss: 3.6627617, Validation Acc: 0.16927083
INFO:root:Training from ep 0 to ep 30 finished
INFO:root:Best epoch: 29
INFO:root:Started
INFO:root:Epoch: 30, Train loss: 1.4562765, Train Acc: 0.57891417
INFO:root:Epoch: 30, Validation loss: 3.6598222, Validation Acc: 0.19791667
INFO:root:Epoch: 31, Train loss: 1.3787441, Train Acc: 0.60921717
INFO:root:Epoch: 31, Validation loss: 3.64141, Validation Acc: 0.19270833
INFO:root:Epoch: 32, Train loss: 1.2972307, Train Acc: 0.6294192
INFO:root:Epoch: 32, Validation loss: 3.6472826, Validation Acc: 0.19791667
INFO:root:Epoch: 33, Train loss: 1.287804, Train Acc: 0.635101
INFO:root:Epoch: 33, Validation loss: 3.8716908, Validation Acc: 0.15885417
INFO:root:Epoch: 34, Train loss: 1.2692262, Train Acc: 0.63920456
INFO:root:Epoch: 34, Validation loss: 3.7676458, Validation Acc: 0.1875
INFO:root:Epoch: 35, Train loss: 1.188983, Train Acc: 0.6641414
INFO:root:Epoch: 35, Validation loss: 3.7447102, Validation Acc: 0.16927083
INFO:root:Epoch: 36, Train loss: 1.1632777, Train Acc: 0.67266417
INFO:root:Epoch: 36, Validation loss: 3.9159691, Validation Acc: 0.12760417
INFO:root:Epoch: 37, Train loss: 1.1298693, Train Acc: 0.6745581
INFO:root:Epoch: 37, Validation loss: 3.760252, Validation Acc: 0.18229167
INFO:root:Epoch: 38, Train loss: 1.0721818, Train Acc: 0.6909722
INFO:root:Epoch: 38, Validation loss: 4.1560802, Validation Acc: 0.14583333
INFO:root:Epoch: 39, Train loss: 1.0461272, Train Acc: 0.6925505
INFO:root:Epoch: 39, Validation loss: 3.9243038, Validation Acc: 0.19010417
INFO:root:Epoch: 40, Train loss: 1.0274692, Train Acc: 0.7004419
INFO:root:Epoch: 40, Validation loss: 4.098741, Validation Acc: 0.1640625
INFO:root:Epoch: 41, Train loss: 0.95141256, Train Acc: 0.728851
INFO:root:Epoch: 41, Validation loss: 4.0840716, Validation Acc: 0.20052083
INFO:root:Epoch: 42, Train loss: 0.9644472, Train Acc: 0.71843433
INFO:root:Epoch: 42, Validation loss: 3.844413, Validation Acc: 0.2109375
INFO:root:Epoch: 43, Train loss: 0.91560966, Train Acc: 0.7301136
INFO:root:Epoch: 43, Validation loss: 3.8173616, Validation Acc: 0.21354167
INFO:root:Epoch: 44, Train loss: 0.92292416, Train Acc: 0.73674244
INFO:root:Epoch: 44, Validation loss: 3.8427315, Validation Acc: 0.18489583
INFO:root:Epoch: 45, Train loss: 0.85013545, Train Acc: 0.74589646
INFO:root:Epoch: 45, Validation loss: 4.1907797, Validation Acc: 0.1875
INFO:root:Epoch: 46, Train loss: 0.82319486, Train Acc: 0.7556818
INFO:root:Epoch: 46, Validation loss: 4.0366225, Validation Acc: 0.1875
INFO:root:Epoch: 47, Train loss: 0.79738164, Train Acc: 0.76641417
INFO:root:Epoch: 47, Validation loss: 4.156924, Validation Acc: 0.15625
INFO:root:Epoch: 48, Train loss: 0.7613129, Train Acc: 0.780303
INFO:root:Epoch: 48, Validation loss: 4.13835, Validation Acc: 0.22135417
INFO:root:Epoch: 49, Train loss: 0.7508277, Train Acc: 0.78409094
INFO:root:Epoch: 49, Validation loss: 4.01321, Validation Acc: 0.19270833
INFO:root:Epoch: 50, Train loss: 0.7187966, Train Acc: 0.791351
INFO:root:Epoch: 50, Validation loss: 4.319447, Validation Acc: 0.18489583
INFO:root:Epoch: 51, Train loss: 0.7071477, Train Acc: 0.8030303
INFO:root:Epoch: 51, Validation loss: 4.088343, Validation Acc: 0.22395833
INFO:root:Epoch: 52, Train loss: 0.64041644, Train Acc: 0.81502527
INFO:root:Epoch: 52, Validation loss: 4.4124928, Validation Acc: 0.16145833
INFO:root:Epoch: 53, Train loss: 0.64449793, Train Acc: 0.80397725
INFO:root:Epoch: 53, Validation loss: 4.2578154, Validation Acc: 0.171875
INFO:root:Epoch: 54, Train loss: 0.64171267, Train Acc: 0.80934346
INFO:root:Epoch: 54, Validation loss: 4.179638, Validation Acc: 0.17447917
INFO:root:Epoch: 55, Train loss: 0.6235978, Train Acc: 0.81281567
INFO:root:Epoch: 55, Validation loss: 4.552252, Validation Acc: 0.14322917
INFO:root:Epoch: 56, Train loss: 0.5770637, Train Acc: 0.83617425
INFO:root:Epoch: 56, Validation loss: 4.2280316, Validation Acc: 0.16927083
INFO:root:Epoch: 57, Train loss: 0.55495083, Train Acc: 0.8368056
INFO:root:Epoch: 57, Validation loss: 4.4640117, Validation Acc: 0.15885417
INFO:root:Epoch: 58, Train loss: 0.56789905, Train Acc: 0.84090906
INFO:root:Epoch: 58, Validation loss: 4.348333, Validation Acc: 0.20833333
INFO:root:Epoch: 59, Train loss: 0.5723257, Train Acc: 0.82575756
INFO:root:Epoch: 59, Validation loss: 4.507713, Validation Acc: 0.19010417
INFO:root:Training from ep 30 to ep 60 finished
INFO:root:Best epoch: 52
