INFO:root:Started
INFO:root:Epoch: 0, Train loss: 3.948374, Train Acc: 0.018939395
INFO:root:Epoch: 0, Validation loss: 3.9086573, Validation Acc: 0.033854168
INFO:root:Epoch: 1, Train loss: 3.89627, Train Acc: 0.027777778
INFO:root:Epoch: 1, Validation loss: 3.9041708, Validation Acc: 0.026041666
INFO:root:Epoch: 2, Train loss: 3.7917259, Train Acc: 0.04324495
INFO:root:Epoch: 2, Validation loss: 3.747988, Validation Acc: 0.036458332
INFO:root:Epoch: 3, Train loss: 3.7184246, Train Acc: 0.050189395
INFO:root:Epoch: 3, Validation loss: 3.6994581, Validation Acc: 0.067708336
INFO:root:Epoch: 4, Train loss: 3.6598754, Train Acc: 0.059027776
INFO:root:Epoch: 4, Validation loss: 3.680209, Validation Acc: 0.044270832
INFO:root:Epoch: 5, Train loss: 3.6235468, Train Acc: 0.061237372
INFO:root:Epoch: 5, Validation loss: 3.7132814, Validation Acc: 0.057291668
INFO:root:Epoch: 6, Train loss: 3.6029325, Train Acc: 0.0625
INFO:root:Epoch: 6, Validation loss: 3.6289804, Validation Acc: 0.0625
INFO:root:Epoch: 7, Train loss: 3.5487936, Train Acc: 0.07102273
INFO:root:Epoch: 7, Validation loss: 3.5761564, Validation Acc: 0.088541664
INFO:root:Epoch: 8, Train loss: 3.511338, Train Acc: 0.08238637
INFO:root:Epoch: 8, Validation loss: 3.575611, Validation Acc: 0.065104164
INFO:root:Epoch: 9, Train loss: 3.44933, Train Acc: 0.08838384
INFO:root:Epoch: 9, Validation loss: 3.6432934, Validation Acc: 0.046875
INFO:root:Epoch: 10, Train loss: 3.4047937, Train Acc: 0.102904044
INFO:root:Epoch: 10, Validation loss: 3.6099875, Validation Acc: 0.059895832
INFO:root:Epoch: 11, Train loss: 3.3894346, Train Acc: 0.10069445
INFO:root:Epoch: 11, Validation loss: 3.543278, Validation Acc: 0.067708336
INFO:root:Epoch: 12, Train loss: 3.3652184, Train Acc: 0.10385101
INFO:root:Epoch: 12, Validation loss: 3.5498888, Validation Acc: 0.083333336
INFO:root:Epoch: 13, Train loss: 3.2984073, Train Acc: 0.11679293
INFO:root:Epoch: 13, Validation loss: 3.4851878, Validation Acc: 0.09375
INFO:root:Epoch: 14, Train loss: 3.2636983, Train Acc: 0.12657829
INFO:root:Epoch: 14, Validation loss: 3.513724, Validation Acc: 0.1015625
INFO:root:Epoch: 15, Train loss: 3.2395346, Train Acc: 0.1344697
INFO:root:Epoch: 15, Validation loss: 3.507549, Validation Acc: 0.072916664
INFO:root:Epoch: 16, Train loss: 3.1810312, Train Acc: 0.14709596
INFO:root:Epoch: 16, Validation loss: 3.4882758, Validation Acc: 0.088541664
INFO:root:Epoch: 17, Train loss: 3.1461563, Train Acc: 0.15530303
INFO:root:Epoch: 17, Validation loss: 3.3908424, Validation Acc: 0.1171875
INFO:root:Epoch: 18, Train loss: 3.0610542, Train Acc: 0.17234848
INFO:root:Epoch: 18, Validation loss: 3.370225, Validation Acc: 0.1171875
INFO:root:Epoch: 19, Train loss: 3.0440886, Train Acc: 0.16950758
INFO:root:Epoch: 19, Validation loss: 3.3150752, Validation Acc: 0.12760417
INFO:root:Epoch: 20, Train loss: 3.005725, Train Acc: 0.18371212
INFO:root:Epoch: 20, Validation loss: 3.2925682, Validation Acc: 0.119791664
INFO:root:Epoch: 21, Train loss: 2.95426, Train Acc: 0.19444445
INFO:root:Epoch: 21, Validation loss: 3.2970903, Validation Acc: 0.15364583
INFO:root:Epoch: 22, Train loss: 2.8761134, Train Acc: 0.21654041
INFO:root:Epoch: 22, Validation loss: 3.303527, Validation Acc: 0.13020833
INFO:root:Epoch: 23, Train loss: 2.8721046, Train Acc: 0.21338384
INFO:root:Epoch: 23, Validation loss: 3.1643074, Validation Acc: 0.1484375
INFO:root:Epoch: 24, Train loss: 2.8109448, Train Acc: 0.22758839
INFO:root:Epoch: 24, Validation loss: 3.3089886, Validation Acc: 0.13020833
INFO:root:Epoch: 25, Train loss: 2.7815163, Train Acc: 0.24021465
INFO:root:Epoch: 25, Validation loss: 3.351257, Validation Acc: 0.13541667
INFO:root:Epoch: 26, Train loss: 2.746261, Train Acc: 0.2556818
INFO:root:Epoch: 26, Validation loss: 3.2481453, Validation Acc: 0.125
INFO:root:Epoch: 27, Train loss: 2.6867626, Train Acc: 0.2724116
INFO:root:Epoch: 27, Validation loss: 3.3000128, Validation Acc: 0.140625
INFO:root:Epoch: 28, Train loss: 2.6950607, Train Acc: 0.26262626
INFO:root:Epoch: 28, Validation loss: 3.3447526, Validation Acc: 0.1640625
INFO:root:Epoch: 29, Train loss: 2.631737, Train Acc: 0.2790404
INFO:root:Epoch: 29, Validation loss: 3.2871416, Validation Acc: 0.16666667
INFO:root:Epoch: 30, Train loss: 2.5960813, Train Acc: 0.28977272
INFO:root:Epoch: 30, Validation loss: 3.2431748, Validation Acc: 0.12760417
INFO:root:Epoch: 31, Train loss: 2.5531917, Train Acc: 0.29892677
INFO:root:Epoch: 31, Validation loss: 3.2155876, Validation Acc: 0.15364583
INFO:root:Epoch: 32, Train loss: 2.5238354, Train Acc: 0.31344697
INFO:root:Epoch: 32, Validation loss: 3.3708494, Validation Acc: 0.15364583
INFO:root:Epoch: 33, Train loss: 2.4879894, Train Acc: 0.3181818
INFO:root:Epoch: 33, Validation loss: 3.2817278, Validation Acc: 0.15104167
INFO:root:Epoch: 34, Train loss: 2.462069, Train Acc: 0.31628788
INFO:root:Epoch: 34, Validation loss: 3.3276927, Validation Acc: 0.13802083
INFO:root:Epoch: 35, Train loss: 2.4447243, Train Acc: 0.33459595
INFO:root:Epoch: 35, Validation loss: 3.2997608, Validation Acc: 0.15364583
INFO:root:Epoch: 36, Train loss: 2.3769484, Train Acc: 0.3459596
INFO:root:Epoch: 36, Validation loss: 3.2611265, Validation Acc: 0.140625
INFO:root:Epoch: 37, Train loss: 2.3484743, Train Acc: 0.35700756
INFO:root:Epoch: 37, Validation loss: 3.3165042, Validation Acc: 0.12760417
INFO:root:Epoch: 38, Train loss: 2.2882385, Train Acc: 0.35700756
INFO:root:Epoch: 38, Validation loss: 3.274214, Validation Acc: 0.171875
INFO:root:Epoch: 39, Train loss: 2.3174324, Train Acc: 0.3560606
INFO:root:Epoch: 39, Validation loss: 3.3190053, Validation Acc: 0.16666667
INFO:root:Epoch: 40, Train loss: 2.2404823, Train Acc: 0.37342173
INFO:root:Epoch: 40, Validation loss: 3.2680023, Validation Acc: 0.15625
INFO:root:Epoch: 41, Train loss: 2.181892, Train Acc: 0.3888889
INFO:root:Epoch: 41, Validation loss: 3.3919013, Validation Acc: 0.119791664
INFO:root:Epoch: 42, Train loss: 2.1822634, Train Acc: 0.3888889
INFO:root:Epoch: 42, Validation loss: 3.2589252, Validation Acc: 0.16666667
INFO:root:Epoch: 43, Train loss: 2.1646354, Train Acc: 0.395202
INFO:root:Epoch: 43, Validation loss: 3.563154, Validation Acc: 0.111979164
INFO:root:Epoch: 44, Train loss: 2.1062984, Train Acc: 0.40782827
INFO:root:Epoch: 44, Validation loss: 3.4222462, Validation Acc: 0.14322917
INFO:root:Epoch: 45, Train loss: 2.0595653, Train Acc: 0.42045453
INFO:root:Epoch: 45, Validation loss: 3.4384174, Validation Acc: 0.15885417
INFO:root:Epoch: 46, Train loss: 2.0411737, Train Acc: 0.4258207
INFO:root:Epoch: 46, Validation loss: 3.524829, Validation Acc: 0.1328125
INFO:root:Epoch: 47, Train loss: 2.0210497, Train Acc: 0.4318182
INFO:root:Epoch: 47, Validation loss: 3.4604948, Validation Acc: 0.16145833
INFO:root:Epoch: 48, Train loss: 1.9511788, Train Acc: 0.4469697
INFO:root:Epoch: 48, Validation loss: 3.5162983, Validation Acc: 0.15885417
INFO:root:Epoch: 49, Train loss: 1.9165564, Train Acc: 0.4630682
INFO:root:Epoch: 49, Validation loss: 3.4790943, Validation Acc: 0.16666667
INFO:root:Epoch: 50, Train loss: 1.8878584, Train Acc: 0.46243685
INFO:root:Epoch: 50, Validation loss: 3.522126, Validation Acc: 0.16666667
INFO:root:Epoch: 51, Train loss: 1.8506107, Train Acc: 0.4839015
INFO:root:Epoch: 51, Validation loss: 3.6498976, Validation Acc: 0.13541667
INFO:root:Epoch: 52, Train loss: 1.8526328, Train Acc: 0.47695708
INFO:root:Epoch: 52, Validation loss: 3.548935, Validation Acc: 0.13541667
INFO:root:Epoch: 53, Train loss: 1.8364221, Train Acc: 0.47916666
INFO:root:Epoch: 53, Validation loss: 3.4064167, Validation Acc: 0.1796875
INFO:root:Epoch: 54, Train loss: 1.769205, Train Acc: 0.50410354
INFO:root:Epoch: 54, Validation loss: 3.5339012, Validation Acc: 0.16145833
INFO:root:Epoch: 55, Train loss: 1.7291206, Train Acc: 0.5069444
INFO:root:Epoch: 55, Validation loss: 3.4276123, Validation Acc: 0.19010417
INFO:root:Epoch: 56, Train loss: 1.7183502, Train Acc: 0.5183081
INFO:root:Epoch: 56, Validation loss: 3.5134628, Validation Acc: 0.19010417
INFO:root:Epoch: 57, Train loss: 1.6563587, Train Acc: 0.5189394
INFO:root:Epoch: 57, Validation loss: 3.6848276, Validation Acc: 0.13541667
INFO:root:Epoch: 58, Train loss: 1.643678, Train Acc: 0.54608583
INFO:root:Epoch: 58, Validation loss: 3.535223, Validation Acc: 0.1875
INFO:root:Epoch: 59, Train loss: 1.6298234, Train Acc: 0.5296717
INFO:root:Epoch: 59, Validation loss: 3.622473, Validation Acc: 0.18489583
INFO:root:Training from ep 0 to ep 60 finished
INFO:root:Best epoch: 56
