INFO:root:Started
INFO:root:Epoch: 0, Train loss: 3.6772075, Train Acc: 0.06344697
INFO:root:Epoch: 0, Validation loss: 3.5676897, Validation Acc: 0.091145836
INFO:root:Epoch: 1, Train loss: 3.3161793, Train Acc: 0.12342171
INFO:root:Epoch: 1, Validation loss: 3.394646, Validation Acc: 0.14583333
INFO:root:Epoch: 2, Train loss: 3.1446736, Train Acc: 0.15246212
INFO:root:Epoch: 2, Validation loss: 3.4874592, Validation Acc: 0.12760417
INFO:root:Epoch: 3, Train loss: 3.0355034, Train Acc: 0.19286616
INFO:root:Epoch: 3, Validation loss: 3.4617834, Validation Acc: 0.114583336
INFO:root:Epoch: 4, Train loss: 2.8997154, Train Acc: 0.23358586
INFO:root:Epoch: 4, Validation loss: 3.3113334, Validation Acc: 0.119791664
INFO:root:Epoch: 5, Train loss: 2.7812228, Train Acc: 0.24905303
INFO:root:Epoch: 5, Validation loss: 3.4893005, Validation Acc: 0.140625
INFO:root:Epoch: 6, Train loss: 2.6508105, Train Acc: 0.28756315
INFO:root:Epoch: 6, Validation loss: 3.4452572, Validation Acc: 0.106770836
INFO:root:Epoch: 7, Train loss: 2.5719898, Train Acc: 0.30208334
INFO:root:Epoch: 7, Validation loss: 3.5559282, Validation Acc: 0.104166664
INFO:root:Epoch: 8, Train loss: 2.4645488, Train Acc: 0.3263889
INFO:root:Epoch: 8, Validation loss: 3.350272, Validation Acc: 0.12760417
INFO:root:Epoch: 9, Train loss: 2.3164587, Train Acc: 0.36647728
INFO:root:Epoch: 9, Validation loss: 3.4564774, Validation Acc: 0.14583333
INFO:root:Epoch: 10, Train loss: 2.2469435, Train Acc: 0.3838384
INFO:root:Epoch: 10, Validation loss: 3.4379747, Validation Acc: 0.14322917
INFO:root:Epoch: 11, Train loss: 2.1735506, Train Acc: 0.38794193
INFO:root:Epoch: 11, Validation loss: 3.582326, Validation Acc: 0.15625
INFO:root:Epoch: 12, Train loss: 2.1174798, Train Acc: 0.41382575
INFO:root:Epoch: 12, Validation loss: 3.4743006, Validation Acc: 0.13802083
INFO:root:Epoch: 13, Train loss: 1.9960331, Train Acc: 0.44444445
INFO:root:Epoch: 13, Validation loss: 3.4691446, Validation Acc: 0.1796875
INFO:root:Epoch: 14, Train loss: 1.9421353, Train Acc: 0.4513889
INFO:root:Epoch: 14, Validation loss: 3.6602914, Validation Acc: 0.140625
INFO:root:Epoch: 15, Train loss: 1.8398318, Train Acc: 0.49873737
INFO:root:Epoch: 15, Validation loss: 3.704357, Validation Acc: 0.15104167
INFO:root:Epoch: 16, Train loss: 1.7545451, Train Acc: 0.5176768
INFO:root:Epoch: 16, Validation loss: 3.6457596, Validation Acc: 0.14322917
INFO:root:Epoch: 17, Train loss: 1.7077489, Train Acc: 0.52146465
INFO:root:Epoch: 17, Validation loss: 3.7010171, Validation Acc: 0.15104167
INFO:root:Epoch: 18, Train loss: 1.6139138, Train Acc: 0.5448232
INFO:root:Epoch: 18, Validation loss: 3.866045, Validation Acc: 0.13802083
INFO:root:Epoch: 19, Train loss: 1.5917779, Train Acc: 0.5555556
INFO:root:Epoch: 19, Validation loss: 3.4934847, Validation Acc: 0.15885417
INFO:root:Epoch: 20, Train loss: 1.4746077, Train Acc: 0.58175504
INFO:root:Epoch: 20, Validation loss: 3.6183052, Validation Acc: 0.19010417
INFO:root:Epoch: 21, Train loss: 1.4129281, Train Acc: 0.60258836
INFO:root:Epoch: 21, Validation loss: 3.7257497, Validation Acc: 0.13541667
INFO:root:Epoch: 22, Train loss: 1.356704, Train Acc: 0.5994318
INFO:root:Epoch: 22, Validation loss: 3.9959953, Validation Acc: 0.140625
INFO:root:Epoch: 23, Train loss: 1.3075665, Train Acc: 0.6227904
INFO:root:Epoch: 23, Validation loss: 3.8050044, Validation Acc: 0.17708333
INFO:root:Epoch: 24, Train loss: 1.2896845, Train Acc: 0.62752527
INFO:root:Epoch: 24, Validation loss: 3.8736658, Validation Acc: 0.1328125
INFO:root:Epoch: 25, Train loss: 1.1947073, Train Acc: 0.6524621
INFO:root:Epoch: 25, Validation loss: 4.0054297, Validation Acc: 0.13020833
INFO:root:Epoch: 26, Train loss: 1.2008563, Train Acc: 0.6609849
INFO:root:Epoch: 26, Validation loss: 3.7308702, Validation Acc: 0.20572917
INFO:root:Epoch: 27, Train loss: 1.1012477, Train Acc: 0.6941288
INFO:root:Epoch: 27, Validation loss: 3.9536533, Validation Acc: 0.1875
INFO:root:Epoch: 28, Train loss: 1.0752679, Train Acc: 0.6925505
INFO:root:Epoch: 28, Validation loss: 4.030355, Validation Acc: 0.14583333
INFO:root:Epoch: 29, Train loss: 1.0508682, Train Acc: 0.69949496
INFO:root:Epoch: 29, Validation loss: 4.008595, Validation Acc: 0.17447917
INFO:root:Epoch: 30, Train loss: 1.0150846, Train Acc: 0.7136995
INFO:root:Epoch: 30, Validation loss: 3.9172242, Validation Acc: 0.21614583
INFO:root:Epoch: 31, Train loss: 0.92725563, Train Acc: 0.7316919
INFO:root:Epoch: 31, Validation loss: 3.9874687, Validation Acc: 0.19270833
INFO:root:Epoch: 32, Train loss: 0.90940535, Train Acc: 0.7383207
INFO:root:Epoch: 32, Validation loss: 4.065335, Validation Acc: 0.15625
INFO:root:Epoch: 33, Train loss: 0.8970261, Train Acc: 0.7373737
INFO:root:Epoch: 33, Validation loss: 4.011255, Validation Acc: 0.16666667
INFO:root:Epoch: 34, Train loss: 0.8731024, Train Acc: 0.7430556
INFO:root:Epoch: 34, Validation loss: 4.077, Validation Acc: 0.16145833
INFO:root:Epoch: 35, Train loss: 0.84332246, Train Acc: 0.7594697
INFO:root:Epoch: 35, Validation loss: 4.0606565, Validation Acc: 0.1640625
INFO:root:Epoch: 36, Train loss: 0.7321137, Train Acc: 0.7859849
INFO:root:Epoch: 36, Validation loss: 4.258609, Validation Acc: 0.1796875
INFO:root:Epoch: 37, Train loss: 0.75396746, Train Acc: 0.7872475
INFO:root:Epoch: 37, Validation loss: 4.2211795, Validation Acc: 0.20572917
INFO:root:Epoch: 38, Train loss: 0.74153244, Train Acc: 0.7929293
INFO:root:Epoch: 38, Validation loss: 4.412273, Validation Acc: 0.20052083
INFO:root:Epoch: 39, Train loss: 0.7065704, Train Acc: 0.7894571
INFO:root:Epoch: 39, Validation loss: 4.4478626, Validation Acc: 0.15104167
INFO:root:Epoch: 40, Train loss: 0.65885216, Train Acc: 0.81218433
INFO:root:Epoch: 40, Validation loss: 4.4729934, Validation Acc: 0.13541667
INFO:root:Epoch: 41, Train loss: 0.6348827, Train Acc: 0.8169192
INFO:root:Epoch: 41, Validation loss: 4.75592, Validation Acc: 0.122395836
INFO:root:Epoch: 42, Train loss: 0.6545049, Train Acc: 0.81218433
INFO:root:Epoch: 42, Validation loss: 4.662758, Validation Acc: 0.13802083
INFO:root:Epoch: 43, Train loss: 0.5955592, Train Acc: 0.82891417
INFO:root:Epoch: 43, Validation loss: 4.7340703, Validation Acc: 0.15885417
INFO:root:Epoch: 44, Train loss: 0.62881243, Train Acc: 0.81565654
INFO:root:Epoch: 44, Validation loss: 4.4193144, Validation Acc: 0.13541667
INFO:root:Epoch: 45, Train loss: 0.59007597, Train Acc: 0.82954544
INFO:root:Epoch: 45, Validation loss: 4.6867366, Validation Acc: 0.16927083
INFO:root:Epoch: 46, Train loss: 0.58050424, Train Acc: 0.83175504
INFO:root:Epoch: 46, Validation loss: 4.6984515, Validation Acc: 0.15625
INFO:root:Epoch: 47, Train loss: 0.50632244, Train Acc: 0.8541667
INFO:root:Epoch: 47, Validation loss: 4.745003, Validation Acc: 0.15885417
INFO:root:Epoch: 48, Train loss: 0.5230007, Train Acc: 0.85353535
INFO:root:Epoch: 48, Validation loss: 4.6321006, Validation Acc: 0.17447917
INFO:root:Epoch: 49, Train loss: 0.5079901, Train Acc: 0.8519571
INFO:root:Epoch: 49, Validation loss: 4.775109, Validation Acc: 0.15625
INFO:root:Epoch: 50, Train loss: 0.49914375, Train Acc: 0.85227275
INFO:root:Epoch: 50, Validation loss: 4.48892, Validation Acc: 0.18229167
INFO:root:Epoch: 51, Train loss: 0.46950796, Train Acc: 0.8655303
INFO:root:Epoch: 51, Validation loss: 4.7372346, Validation Acc: 0.19270833
INFO:root:Epoch: 52, Train loss: 0.49258563, Train Acc: 0.85700756
INFO:root:Epoch: 52, Validation loss: 4.80368, Validation Acc: 0.15625
INFO:root:Epoch: 53, Train loss: 0.49297586, Train Acc: 0.8589015
INFO:root:Epoch: 53, Validation loss: 4.5643764, Validation Acc: 0.20833333
INFO:root:Epoch: 54, Train loss: 0.47120196, Train Acc: 0.86174244
INFO:root:Epoch: 54, Validation loss: 4.461254, Validation Acc: 0.1875
INFO:root:Epoch: 55, Train loss: 0.41572806, Train Acc: 0.88036615
INFO:root:Epoch: 55, Validation loss: 4.63255, Validation Acc: 0.1875
INFO:root:Epoch: 56, Train loss: 0.46301126, Train Acc: 0.8712121
INFO:root:Epoch: 56, Validation loss: 5.0284715, Validation Acc: 0.1484375
INFO:root:Epoch: 57, Train loss: 0.4044834, Train Acc: 0.8854167
INFO:root:Epoch: 57, Validation loss: 4.7891183, Validation Acc: 0.171875
INFO:root:Epoch: 58, Train loss: 0.3977334, Train Acc: 0.8832071
INFO:root:Epoch: 58, Validation loss: 5.013687, Validation Acc: 0.16145833
INFO:root:Epoch: 59, Train loss: 0.39302686, Train Acc: 0.88983583
INFO:root:Epoch: 59, Validation loss: 5.023203, Validation Acc: 0.16145833
INFO:root:Training from ep 0 to ep 60 finished
INFO:root:Best epoch: 31
