INFO:root:Started
INFO:root:Epoch: 0, Train loss: 9.959273
INFO:root:Epoch: 0, Validation loss: 8.077432
INFO:root:Epoch: 1, Train loss: 4.786232
INFO:root:Epoch: 1, Validation loss: 6.371833
INFO:root:Epoch: 2, Train loss: 3.599512
INFO:root:Epoch: 2, Validation loss: 5.629607
INFO:root:Epoch: 3, Train loss: 2.9639359
INFO:root:Epoch: 3, Validation loss: 5.192093
INFO:root:Epoch: 4, Train loss: 2.5162773
INFO:root:Epoch: 4, Validation loss: 4.9537005
INFO:root:Epoch: 5, Train loss: 2.2601364
INFO:root:Epoch: 5, Validation loss: 5.299802
INFO:root:Epoch: 6, Train loss: 2.1094403
INFO:root:Epoch: 6, Validation loss: 5.2993636
INFO:root:Epoch: 7, Train loss: 1.9844863
INFO:root:Epoch: 7, Validation loss: 5.4674754
INFO:root:Epoch: 8, Train loss: 1.9166255
INFO:root:Epoch: 8, Validation loss: 5.719492
INFO:root:Epoch: 9, Train loss: 1.834039
INFO:root:Epoch: 9, Validation loss: 6.3484807
INFO:root:Epoch: 10, Train loss: 1.6983951
INFO:root:Epoch: 10, Validation loss: 6.155339
INFO:root:Epoch: 11, Train loss: 1.6196107
INFO:root:Epoch: 11, Validation loss: 6.3370304
INFO:root:Epoch: 12, Train loss: 1.5561988
INFO:root:Epoch: 12, Validation loss: 6.7887864
INFO:root:Epoch: 13, Train loss: 1.4968985
INFO:root:Epoch: 13, Validation loss: 6.126265
INFO:root:Epoch: 14, Train loss: 1.44475
INFO:root:Epoch: 14, Validation loss: 6.2055907
INFO:root:Epoch: 15, Train loss: 1.4004927
INFO:root:Epoch: 15, Validation loss: 6.463565
INFO:root:Epoch: 16, Train loss: 1.3421458
INFO:root:Epoch: 16, Validation loss: 6.828414
INFO:root:Epoch: 17, Train loss: 1.2964025
INFO:root:Epoch: 17, Validation loss: 6.1372147
INFO:root:Epoch: 18, Train loss: 1.2418205
INFO:root:Epoch: 18, Validation loss: 4.4784617
INFO:root:Epoch: 19, Train loss: 1.2073654
INFO:root:Epoch: 19, Validation loss: 5.4911213
INFO:root:Epoch: 20, Train loss: 1.1977121
INFO:root:Epoch: 20, Validation loss: 5.516701
INFO:root:Epoch: 21, Train loss: 1.1765649
INFO:root:Epoch: 21, Validation loss: 6.121605
INFO:root:Epoch: 22, Train loss: 1.1391534
INFO:root:Epoch: 22, Validation loss: 5.951834
INFO:root:Epoch: 23, Train loss: 1.0875198
INFO:root:Epoch: 23, Validation loss: 6.2469797
INFO:root:Epoch: 24, Train loss: 1.0842292
INFO:root:Epoch: 24, Validation loss: 4.6778846
INFO:root:Epoch: 25, Train loss: 1.07108
INFO:root:Epoch: 25, Validation loss: 4.664199
INFO:root:Epoch: 26, Train loss: 1.0552424
INFO:root:Epoch: 26, Validation loss: 4.5411863
INFO:root:Epoch: 27, Train loss: 1.050969
INFO:root:Epoch: 27, Validation loss: 4.687238
INFO:root:Epoch: 28, Train loss: 1.0542152
INFO:root:Epoch: 28, Validation loss: 5.405832
INFO:root:Epoch: 29, Train loss: 1.0313308
INFO:root:Epoch: 29, Validation loss: 4.5161757
INFO:root:Epoch: 30, Train loss: 1.0341351
INFO:root:Epoch: 30, Validation loss: 4.0536237
INFO:root:Epoch: 31, Train loss: 1.024739
INFO:root:Epoch: 31, Validation loss: 5.0321803
INFO:root:Epoch: 32, Train loss: 1.0146929
INFO:root:Epoch: 32, Validation loss: 5.2742248
INFO:root:Epoch: 33, Train loss: 1.0195189
INFO:root:Epoch: 33, Validation loss: 5.4527617
INFO:root:Epoch: 34, Train loss: 1.001051
INFO:root:Epoch: 34, Validation loss: 4.6946096
INFO:root:Epoch: 35, Train loss: 0.9988162
INFO:root:Epoch: 35, Validation loss: 5.55188
INFO:root:Epoch: 36, Train loss: 0.9941562
INFO:root:Epoch: 36, Validation loss: 4.3962936
INFO:root:Epoch: 37, Train loss: 0.9982051
INFO:root:Epoch: 37, Validation loss: 5.761698
INFO:root:Epoch: 38, Train loss: 0.9939573
INFO:root:Epoch: 38, Validation loss: 5.56643
INFO:root:Epoch: 39, Train loss: 0.9865654
INFO:root:Epoch: 39, Validation loss: 5.0915866
INFO:root:Epoch: 40, Train loss: 0.9732971
INFO:root:Epoch: 40, Validation loss: 4.8871317
INFO:root:Epoch: 41, Train loss: 0.97459304
INFO:root:Epoch: 41, Validation loss: 6.287706
INFO:root:Epoch: 42, Train loss: 0.96294034
INFO:root:Epoch: 42, Validation loss: 5.0457964
INFO:root:Epoch: 43, Train loss: 0.9742306
INFO:root:Epoch: 43, Validation loss: 4.173882
INFO:root:Epoch: 44, Train loss: 0.96829075
INFO:root:Epoch: 44, Validation loss: 5.4473786
INFO:root:Epoch: 45, Train loss: 0.9516894
INFO:root:Epoch: 45, Validation loss: 5.119356
INFO:root:Epoch: 46, Train loss: 0.9571081
INFO:root:Epoch: 46, Validation loss: 5.0325117
INFO:root:Epoch: 47, Train loss: 0.94055367
INFO:root:Epoch: 47, Validation loss: 5.0747128
INFO:root:Epoch: 48, Train loss: 0.9311467
INFO:root:Epoch: 48, Validation loss: 5.200818
INFO:root:Epoch: 49, Train loss: 0.89117736
INFO:root:Epoch: 49, Validation loss: 5.0008283
INFO:root:Epoch: 50, Train loss: 0.8662687
INFO:root:Epoch: 50, Validation loss: 5.51144
INFO:root:Epoch: 51, Train loss: 0.8490237
INFO:root:Epoch: 51, Validation loss: 5.2172103
INFO:root:Epoch: 52, Train loss: 0.84776217
INFO:root:Epoch: 52, Validation loss: 3.9519868
INFO:root:Epoch: 53, Train loss: 0.823827
INFO:root:Epoch: 53, Validation loss: 5.2026916
INFO:root:Epoch: 54, Train loss: 0.80381614
INFO:root:Epoch: 54, Validation loss: 5.485316
INFO:root:Epoch: 55, Train loss: 0.78922814
INFO:root:Epoch: 55, Validation loss: 5.2481136
INFO:root:Epoch: 56, Train loss: 0.7864219
INFO:root:Epoch: 56, Validation loss: 4.9641204
INFO:root:Epoch: 57, Train loss: 0.77942204
INFO:root:Epoch: 57, Validation loss: 5.9170775
INFO:root:Epoch: 58, Train loss: 0.7767206
INFO:root:Epoch: 58, Validation loss: 5.2966447
INFO:root:Epoch: 59, Train loss: 0.7742208
INFO:root:Epoch: 59, Validation loss: 6.3787146
INFO:root:Epoch: 60, Train loss: 0.77005744
INFO:root:Epoch: 60, Validation loss: 4.504628
INFO:root:Epoch: 61, Train loss: 0.77328855
INFO:root:Epoch: 61, Validation loss: 5.175178
INFO:root:Epoch: 62, Train loss: 0.76942605
INFO:root:Epoch: 62, Validation loss: 6.494199
INFO:root:Epoch: 63, Train loss: 0.7544373
INFO:root:Epoch: 63, Validation loss: 5.358567
INFO:root:Epoch: 64, Train loss: 0.7588059
INFO:root:Epoch: 64, Validation loss: 6.370572
INFO:root:Epoch: 65, Train loss: 0.7465354
INFO:root:Epoch: 65, Validation loss: 5.7380395
INFO:root:Epoch: 66, Train loss: 0.7434521
INFO:root:Epoch: 66, Validation loss: 6.723299
INFO:root:Epoch: 67, Train loss: 0.74438983
INFO:root:Epoch: 67, Validation loss: 5.1137433
INFO:root:Epoch: 68, Train loss: 0.743175
INFO:root:Epoch: 68, Validation loss: 4.0634475
INFO:root:Epoch: 69, Train loss: 0.7406133
INFO:root:Epoch: 69, Validation loss: 4.349691
INFO:root:Epoch: 70, Train loss: 0.73367053
INFO:root:Epoch: 70, Validation loss: 3.754698
INFO:root:Epoch: 71, Train loss: 0.7392114
INFO:root:Epoch: 71, Validation loss: 2.756214
INFO:root:Epoch: 72, Train loss: 0.7379238
INFO:root:Epoch: 72, Validation loss: 3.5780592
INFO:root:Epoch: 73, Train loss: 0.7331027
INFO:root:Epoch: 73, Validation loss: 4.205997
INFO:root:Epoch: 74, Train loss: 0.7351713
INFO:root:Epoch: 74, Validation loss: 3.6113575
INFO:root:Epoch: 75, Train loss: 0.73207873
INFO:root:Epoch: 75, Validation loss: 4.09865
INFO:root:Epoch: 76, Train loss: 0.74541247
INFO:root:Epoch: 76, Validation loss: 4.4865804
INFO:root:Epoch: 77, Train loss: 0.731831
INFO:root:Epoch: 77, Validation loss: 5.6209474
INFO:root:Epoch: 78, Train loss: 0.7284249
INFO:root:Epoch: 78, Validation loss: 5.706679
INFO:root:Epoch: 79, Train loss: 0.72738445
INFO:root:Epoch: 79, Validation loss: 5.3397207
INFO:root:Epoch: 80, Train loss: 0.72256094
INFO:root:Epoch: 80, Validation loss: 5.80518
INFO:root:Epoch: 81, Train loss: 0.7128928
INFO:root:Epoch: 81, Validation loss: 5.9532976
INFO:root:Epoch: 82, Train loss: 0.71723914
INFO:root:Epoch: 82, Validation loss: 5.9143286
INFO:root:Epoch: 83, Train loss: 0.71990764
INFO:root:Epoch: 83, Validation loss: 4.2145457
INFO:root:Epoch: 84, Train loss: 0.72883123
INFO:root:Epoch: 84, Validation loss: 4.207455
INFO:root:Epoch: 85, Train loss: 0.71393514
INFO:root:Epoch: 85, Validation loss: 5.7595625
INFO:root:Epoch: 86, Train loss: 0.71924466
INFO:root:Epoch: 86, Validation loss: 5.883353
INFO:root:Epoch: 87, Train loss: 0.7080047
INFO:root:Epoch: 87, Validation loss: 4.8388753
INFO:root:Epoch: 88, Train loss: 0.71252465
INFO:root:Epoch: 88, Validation loss: 5.719515
INFO:root:Epoch: 89, Train loss: 0.71057916
INFO:root:Epoch: 89, Validation loss: 6.9215007
INFO:root:Epoch: 90, Train loss: 0.71600497
INFO:root:Epoch: 90, Validation loss: 8.220099
INFO:root:Epoch: 91, Train loss: 0.7107334
INFO:root:Epoch: 91, Validation loss: 7.175938
INFO:root:Epoch: 92, Train loss: 0.69333434
INFO:root:Epoch: 92, Validation loss: 7.9392385
INFO:root:Epoch: 93, Train loss: 0.6973917
INFO:root:Epoch: 93, Validation loss: 7.3347545
INFO:root:Epoch: 94, Train loss: 0.70268863
INFO:root:Epoch: 94, Validation loss: 6.27614
INFO:root:Epoch: 95, Train loss: 0.69817936
INFO:root:Epoch: 95, Validation loss: 6.612701
INFO:root:Epoch: 96, Train loss: 0.70410645
INFO:root:Epoch: 96, Validation loss: 6.370726
INFO:root:Epoch: 97, Train loss: 0.69254863
INFO:root:Epoch: 97, Validation loss: 5.8370867
INFO:root:Epoch: 98, Train loss: 0.7005035
INFO:root:Epoch: 98, Validation loss: 4.408865
INFO:root:Epoch: 99, Train loss: 0.6926768
INFO:root:Epoch: 99, Validation loss: 5.2078686
INFO:root:Training from ep 0 to ep 100 finished
INFO:root:Best epoch: 72
