INFO:root:Started
INFO:root:Epoch: 0, Train loss: 3.8208325, Train Acc: 0.041666668
INFO:root:Epoch: 0, Validation loss: 3.7503712, Validation Acc: 0.0546875
INFO:root:Epoch: 1, Train loss: 3.6288831, Train Acc: 0.079229794
INFO:root:Epoch: 1, Validation loss: 3.6472902, Validation Acc: 0.080729164
INFO:root:Epoch: 2, Train loss: 3.500441, Train Acc: 0.09911616
INFO:root:Epoch: 2, Validation loss: 3.5666835, Validation Acc: 0.0859375
INFO:root:Epoch: 3, Train loss: 3.418121, Train Acc: 0.11679293
INFO:root:Epoch: 3, Validation loss: 3.5123682, Validation Acc: 0.111979164
INFO:root:Epoch: 4, Train loss: 3.3443804, Train Acc: 0.13383839
INFO:root:Epoch: 4, Validation loss: 3.4628456, Validation Acc: 0.119791664
INFO:root:Epoch: 5, Train loss: 3.2750235, Train Acc: 0.14835858
INFO:root:Epoch: 5, Validation loss: 3.4787147, Validation Acc: 0.106770836
INFO:root:Epoch: 6, Train loss: 3.1819913, Train Acc: 0.16761364
INFO:root:Epoch: 6, Validation loss: 3.4492662, Validation Acc: 0.096354164
INFO:root:Epoch: 7, Train loss: 3.1522722, Train Acc: 0.17140152
INFO:root:Epoch: 7, Validation loss: 3.4871902, Validation Acc: 0.09375
INFO:root:Epoch: 8, Train loss: 3.078424, Train Acc: 0.19002526
INFO:root:Epoch: 8, Validation loss: 3.5685318, Validation Acc: 0.111979164
INFO:root:Epoch: 9, Train loss: 2.9578612, Train Acc: 0.2143308
INFO:root:Epoch: 9, Validation loss: 3.6328144, Validation Acc: 0.122395836
INFO:root:Epoch: 10, Train loss: 2.914067, Train Acc: 0.22569445
INFO:root:Epoch: 10, Validation loss: 3.5182354, Validation Acc: 0.111979164
INFO:root:Epoch: 11, Train loss: 2.8599184, Train Acc: 0.24116161
INFO:root:Epoch: 11, Validation loss: 3.4877589, Validation Acc: 0.104166664
INFO:root:Epoch: 12, Train loss: 2.8309581, Train Acc: 0.24905303
INFO:root:Epoch: 12, Validation loss: 3.4333143, Validation Acc: 0.114583336
INFO:root:Epoch: 13, Train loss: 2.7218764, Train Acc: 0.2739899
INFO:root:Epoch: 13, Validation loss: 3.4805877, Validation Acc: 0.106770836
INFO:root:Epoch: 14, Train loss: 2.6792705, Train Acc: 0.29198232
INFO:root:Epoch: 14, Validation loss: 3.517843, Validation Acc: 0.104166664
INFO:root:Epoch: 15, Train loss: 2.6333716, Train Acc: 0.29103535
INFO:root:Epoch: 15, Validation loss: 3.4833965, Validation Acc: 0.114583336
INFO:root:Epoch: 16, Train loss: 2.542779, Train Acc: 0.33175504
INFO:root:Epoch: 16, Validation loss: 3.5205386, Validation Acc: 0.109375
INFO:root:Epoch: 17, Train loss: 2.4954176, Train Acc: 0.33901516
INFO:root:Epoch: 17, Validation loss: 3.588516, Validation Acc: 0.12760417
INFO:root:Epoch: 18, Train loss: 2.428026, Train Acc: 0.34753788
INFO:root:Epoch: 18, Validation loss: 3.5337276, Validation Acc: 0.14583333
INFO:root:Epoch: 19, Train loss: 2.374862, Train Acc: 0.36647728
INFO:root:Epoch: 19, Validation loss: 3.503867, Validation Acc: 0.1484375
INFO:root:Epoch: 20, Train loss: 2.2654712, Train Acc: 0.39772728
INFO:root:Epoch: 20, Validation loss: 3.668039, Validation Acc: 0.13802083
INFO:root:Epoch: 21, Train loss: 2.302212, Train Acc: 0.36679292
INFO:root:Epoch: 21, Validation loss: 3.4506795, Validation Acc: 0.14583333
INFO:root:Epoch: 22, Train loss: 2.1383672, Train Acc: 0.41382575
INFO:root:Epoch: 22, Validation loss: 3.7598286, Validation Acc: 0.14322917
INFO:root:Epoch: 23, Train loss: 2.1097174, Train Acc: 0.4302399
INFO:root:Epoch: 23, Validation loss: 3.7194624, Validation Acc: 0.13020833
INFO:root:Epoch: 24, Train loss: 2.009621, Train Acc: 0.45391414
INFO:root:Epoch: 24, Validation loss: 3.606532, Validation Acc: 0.1484375
INFO:root:Epoch: 25, Train loss: 1.9917268, Train Acc: 0.45391414
INFO:root:Epoch: 25, Validation loss: 3.8444176, Validation Acc: 0.14322917
INFO:root:Epoch: 26, Train loss: 1.9415474, Train Acc: 0.4775884
INFO:root:Epoch: 26, Validation loss: 3.583744, Validation Acc: 0.16666667
INFO:root:Epoch: 27, Train loss: 1.8688413, Train Acc: 0.49400252
INFO:root:Epoch: 27, Validation loss: 3.4699085, Validation Acc: 0.1640625
INFO:root:Epoch: 28, Train loss: 1.8065287, Train Acc: 0.5047349
INFO:root:Epoch: 28, Validation loss: 3.688061, Validation Acc: 0.16927083
INFO:root:Epoch: 29, Train loss: 1.7762121, Train Acc: 0.5094697
INFO:root:Epoch: 29, Validation loss: 3.770755, Validation Acc: 0.15625
INFO:root:Epoch: 30, Train loss: 1.7289476, Train Acc: 0.52146465
INFO:root:Epoch: 30, Validation loss: 3.6142223, Validation Acc: 0.17708333
INFO:root:Epoch: 31, Train loss: 1.6313844, Train Acc: 0.55997473
INFO:root:Epoch: 31, Validation loss: 3.7497866, Validation Acc: 0.15625
INFO:root:Epoch: 32, Train loss: 1.6443895, Train Acc: 0.5426136
INFO:root:Epoch: 32, Validation loss: 3.9281337, Validation Acc: 0.15885417
INFO:root:Epoch: 33, Train loss: 1.5564352, Train Acc: 0.5729167
INFO:root:Epoch: 33, Validation loss: 3.6459763, Validation Acc: 0.17708333
INFO:root:Epoch: 34, Train loss: 1.515545, Train Acc: 0.56502527
INFO:root:Epoch: 34, Validation loss: 3.9678423, Validation Acc: 0.1328125
INFO:root:Epoch: 35, Train loss: 1.5001162, Train Acc: 0.5871212
INFO:root:Epoch: 35, Validation loss: 3.988281, Validation Acc: 0.14322917
INFO:root:Epoch: 36, Train loss: 1.4303674, Train Acc: 0.5997475
INFO:root:Epoch: 36, Validation loss: 3.7936409, Validation Acc: 0.1484375
INFO:root:Epoch: 37, Train loss: 1.4076096, Train Acc: 0.6123737
INFO:root:Epoch: 37, Validation loss: 3.8736668, Validation Acc: 0.17447917
INFO:root:Epoch: 38, Train loss: 1.3342726, Train Acc: 0.62468433
INFO:root:Epoch: 38, Validation loss: 3.9394639, Validation Acc: 0.15885417
INFO:root:Epoch: 39, Train loss: 1.3127527, Train Acc: 0.62815654
INFO:root:Epoch: 39, Validation loss: 3.957267, Validation Acc: 0.15625
INFO:root:Epoch: 40, Train loss: 1.2402853, Train Acc: 0.6489899
INFO:root:Epoch: 40, Validation loss: 3.8640816, Validation Acc: 0.1875
INFO:root:Epoch: 41, Train loss: 1.2168136, Train Acc: 0.65940654
INFO:root:Epoch: 41, Validation loss: 4.1492753, Validation Acc: 0.16145833
INFO:root:Epoch: 42, Train loss: 1.2204509, Train Acc: 0.65909094
INFO:root:Epoch: 42, Validation loss: 4.030302, Validation Acc: 0.17708333
INFO:root:Epoch: 43, Train loss: 1.186462, Train Acc: 0.6688763
INFO:root:Epoch: 43, Validation loss: 4.068355, Validation Acc: 0.16666667
INFO:root:Epoch: 44, Train loss: 1.1391103, Train Acc: 0.68339646
INFO:root:Epoch: 44, Validation loss: 4.0517898, Validation Acc: 0.1640625
INFO:root:Epoch: 45, Train loss: 1.108427, Train Acc: 0.6818182
INFO:root:Epoch: 45, Validation loss: 4.027293, Validation Acc: 0.16145833
INFO:root:Epoch: 46, Train loss: 1.0864854, Train Acc: 0.68434346
INFO:root:Epoch: 46, Validation loss: 4.153469, Validation Acc: 0.13541667
INFO:root:Epoch: 47, Train loss: 1.0087684, Train Acc: 0.7152778
INFO:root:Epoch: 47, Validation loss: 4.1736856, Validation Acc: 0.17447917
INFO:root:Epoch: 48, Train loss: 0.9689197, Train Acc: 0.7269571
INFO:root:Epoch: 48, Validation loss: 4.1929975, Validation Acc: 0.15885417
INFO:root:Epoch: 49, Train loss: 0.9274628, Train Acc: 0.74147725
INFO:root:Epoch: 49, Validation loss: 4.1363807, Validation Acc: 0.171875
INFO:root:Epoch: 50, Train loss: 0.9457135, Train Acc: 0.71811867
INFO:root:Epoch: 50, Validation loss: 4.0808034, Validation Acc: 0.15885417
INFO:root:Epoch: 51, Train loss: 0.89263356, Train Acc: 0.7361111
INFO:root:Epoch: 51, Validation loss: 4.333697, Validation Acc: 0.1640625
INFO:root:Epoch: 52, Train loss: 0.8847658, Train Acc: 0.74810606
INFO:root:Epoch: 52, Validation loss: 4.3340993, Validation Acc: 0.171875
INFO:root:Epoch: 53, Train loss: 0.8685695, Train Acc: 0.7547349
INFO:root:Epoch: 53, Validation loss: 4.069962, Validation Acc: 0.17708333
INFO:root:Epoch: 54, Train loss: 0.81840277, Train Acc: 0.7708333
INFO:root:Epoch: 54, Validation loss: 4.1101294, Validation Acc: 0.17447917
INFO:root:Epoch: 55, Train loss: 0.7693461, Train Acc: 0.77714646
INFO:root:Epoch: 55, Validation loss: 4.2187905, Validation Acc: 0.1953125
INFO:root:Epoch: 56, Train loss: 0.7956115, Train Acc: 0.77714646
INFO:root:Epoch: 56, Validation loss: 4.6443, Validation Acc: 0.16927083
INFO:root:Epoch: 57, Train loss: 0.74949163, Train Acc: 0.7872475
INFO:root:Epoch: 57, Validation loss: 4.388834, Validation Acc: 0.19010417
INFO:root:Epoch: 58, Train loss: 0.7483678, Train Acc: 0.78756315
INFO:root:Epoch: 58, Validation loss: 4.2571435, Validation Acc: 0.19270833
INFO:root:Epoch: 59, Train loss: 0.73054326, Train Acc: 0.79229796
INFO:root:Epoch: 59, Validation loss: 4.316736, Validation Acc: 0.17708333
INFO:root:Training from ep 0 to ep 60 finished
INFO:root:Best epoch: 56
