INFO:root:Started
INFO:root:Epoch: 0, Train loss: 3.7499824, Train Acc: 0.06281566
INFO:root:Epoch: 0, Validation loss: 3.7460034, Validation Acc: 0.083333336
INFO:root:Epoch: 1, Train loss: 3.4840646, Train Acc: 0.10858586
INFO:root:Epoch: 1, Validation loss: 3.521059, Validation Acc: 0.12760417
INFO:root:Epoch: 2, Train loss: 3.303228, Train Acc: 0.13573232
INFO:root:Epoch: 2, Validation loss: 3.5291471, Validation Acc: 0.088541664
INFO:root:Epoch: 3, Train loss: 3.2083225, Train Acc: 0.15845959
INFO:root:Epoch: 3, Validation loss: 3.4781141, Validation Acc: 0.111979164
INFO:root:Epoch: 4, Train loss: 3.0776072, Train Acc: 0.19097222
INFO:root:Epoch: 4, Validation loss: 3.4425676, Validation Acc: 0.12760417
INFO:root:Epoch: 5, Train loss: 2.9579766, Train Acc: 0.22380051
INFO:root:Epoch: 5, Validation loss: 3.6229541, Validation Acc: 0.0625
INFO:root:Epoch: 6, Train loss: 2.8526316, Train Acc: 0.24810606
INFO:root:Epoch: 6, Validation loss: 3.4611127, Validation Acc: 0.114583336
INFO:root:Epoch: 7, Train loss: 2.758205, Train Acc: 0.26988637
INFO:root:Epoch: 7, Validation loss: 3.6282294, Validation Acc: 0.111979164
INFO:root:Epoch: 8, Train loss: 2.6192973, Train Acc: 0.30587122
INFO:root:Epoch: 8, Validation loss: 3.5465126, Validation Acc: 0.114583336
INFO:root:Epoch: 9, Train loss: 2.457803, Train Acc: 0.3431187
INFO:root:Epoch: 9, Validation loss: 3.5683842, Validation Acc: 0.1171875
INFO:root:Epoch: 10, Train loss: 2.3844676, Train Acc: 0.36016414
INFO:root:Epoch: 10, Validation loss: 3.5507534, Validation Acc: 0.122395836
INFO:root:Epoch: 11, Train loss: 2.3064692, Train Acc: 0.38825756
INFO:root:Epoch: 11, Validation loss: 3.7231505, Validation Acc: 0.088541664
INFO:root:Epoch: 12, Train loss: 2.2226882, Train Acc: 0.40025252
INFO:root:Epoch: 12, Validation loss: 3.6190434, Validation Acc: 0.13541667
INFO:root:Epoch: 13, Train loss: 2.1012309, Train Acc: 0.43150252
INFO:root:Epoch: 13, Validation loss: 3.6781015, Validation Acc: 0.1171875
INFO:root:Epoch: 14, Train loss: 2.082089, Train Acc: 0.4340278
INFO:root:Epoch: 14, Validation loss: 3.7752898, Validation Acc: 0.15104167
INFO:root:Epoch: 15, Train loss: 1.9469527, Train Acc: 0.47916666
INFO:root:Epoch: 15, Validation loss: 3.7729075, Validation Acc: 0.114583336
INFO:root:Epoch: 16, Train loss: 1.8710531, Train Acc: 0.49526516
INFO:root:Epoch: 16, Validation loss: 3.6820939, Validation Acc: 0.1484375
INFO:root:Epoch: 17, Train loss: 1.8067985, Train Acc: 0.510101
INFO:root:Epoch: 17, Validation loss: 3.7660818, Validation Acc: 0.12760417
INFO:root:Epoch: 18, Train loss: 1.7230799, Train Acc: 0.52714646
INFO:root:Epoch: 18, Validation loss: 3.7756224, Validation Acc: 0.13541667
INFO:root:Epoch: 19, Train loss: 1.7125071, Train Acc: 0.532197
INFO:root:Epoch: 19, Validation loss: 3.6991863, Validation Acc: 0.140625
INFO:root:Epoch: 20, Train loss: 1.5611833, Train Acc: 0.56186867
INFO:root:Epoch: 20, Validation loss: 3.8170168, Validation Acc: 0.15885417
INFO:root:Epoch: 21, Train loss: 1.5392345, Train Acc: 0.5748106
INFO:root:Epoch: 21, Validation loss: 3.8300064, Validation Acc: 0.15625
INFO:root:Epoch: 22, Train loss: 1.4308246, Train Acc: 0.59438133
INFO:root:Epoch: 22, Validation loss: 3.9754293, Validation Acc: 0.171875
INFO:root:Epoch: 23, Train loss: 1.4060376, Train Acc: 0.61016417
INFO:root:Epoch: 23, Validation loss: 4.0273557, Validation Acc: 0.140625
INFO:root:Epoch: 24, Train loss: 1.3445315, Train Acc: 0.63352275
INFO:root:Epoch: 24, Validation loss: 4.1333404, Validation Acc: 0.13541667
INFO:root:Epoch: 25, Train loss: 1.2710122, Train Acc: 0.6426768
INFO:root:Epoch: 25, Validation loss: 4.0882463, Validation Acc: 0.15364583
INFO:root:Epoch: 26, Train loss: 1.2582451, Train Acc: 0.646149
INFO:root:Epoch: 26, Validation loss: 4.0617924, Validation Acc: 0.13541667
INFO:root:Epoch: 27, Train loss: 1.2015623, Train Acc: 0.67266417
INFO:root:Epoch: 27, Validation loss: 4.084246, Validation Acc: 0.1328125
INFO:root:Epoch: 28, Train loss: 1.1252755, Train Acc: 0.68813133
INFO:root:Epoch: 28, Validation loss: 4.2759833, Validation Acc: 0.15885417
INFO:root:Epoch: 29, Train loss: 1.0918814, Train Acc: 0.6909722
INFO:root:Epoch: 29, Validation loss: 4.1890793, Validation Acc: 0.1640625
INFO:root:Epoch: 30, Train loss: 1.0762417, Train Acc: 0.6934975
INFO:root:Epoch: 30, Validation loss: 4.1740227, Validation Acc: 0.14583333
INFO:root:Epoch: 31, Train loss: 0.9799347, Train Acc: 0.7203283
INFO:root:Epoch: 31, Validation loss: 4.233996, Validation Acc: 0.1484375
INFO:root:Epoch: 32, Train loss: 0.9938542, Train Acc: 0.7152778
INFO:root:Epoch: 32, Validation loss: 4.500855, Validation Acc: 0.140625
INFO:root:Epoch: 33, Train loss: 0.92922497, Train Acc: 0.739899
INFO:root:Epoch: 33, Validation loss: 4.194213, Validation Acc: 0.125
INFO:root:Epoch: 34, Train loss: 0.9045031, Train Acc: 0.74242425
INFO:root:Epoch: 34, Validation loss: 4.3385015, Validation Acc: 0.15104167
INFO:root:Epoch: 35, Train loss: 0.89128804, Train Acc: 0.7515783
INFO:root:Epoch: 35, Validation loss: 4.3849144, Validation Acc: 0.14322917
INFO:root:Epoch: 36, Train loss: 0.8054471, Train Acc: 0.7743056
INFO:root:Epoch: 36, Validation loss: 4.3761764, Validation Acc: 0.15885417
INFO:root:Epoch: 37, Train loss: 0.81564206, Train Acc: 0.7689394
INFO:root:Epoch: 37, Validation loss: 4.432163, Validation Acc: 0.15625
INFO:root:Epoch: 38, Train loss: 0.7591869, Train Acc: 0.78440654
INFO:root:Epoch: 38, Validation loss: 4.53492, Validation Acc: 0.15104167
INFO:root:Epoch: 39, Train loss: 0.72760457, Train Acc: 0.79324496
INFO:root:Epoch: 39, Validation loss: 4.4420886, Validation Acc: 0.15625
INFO:root:Epoch: 40, Train loss: 0.69866025, Train Acc: 0.80271465
INFO:root:Epoch: 40, Validation loss: 4.445865, Validation Acc: 0.15625
INFO:root:Epoch: 41, Train loss: 0.69624966, Train Acc: 0.79671717
INFO:root:Epoch: 41, Validation loss: 4.5761495, Validation Acc: 0.13541667
INFO:root:Epoch: 42, Train loss: 0.701356, Train Acc: 0.7929293
INFO:root:Epoch: 42, Validation loss: 4.556059, Validation Acc: 0.14583333
INFO:root:Epoch: 43, Train loss: 0.68575203, Train Acc: 0.80397725
INFO:root:Epoch: 43, Validation loss: 4.549148, Validation Acc: 0.17447917
INFO:root:Epoch: 44, Train loss: 0.6650737, Train Acc: 0.81565654
INFO:root:Epoch: 44, Validation loss: 4.63559, Validation Acc: 0.114583336
INFO:root:Epoch: 45, Train loss: 0.62689763, Train Acc: 0.8207071
INFO:root:Epoch: 45, Validation loss: 4.5644097, Validation Acc: 0.125
INFO:root:Epoch: 46, Train loss: 0.59942174, Train Acc: 0.8229167
INFO:root:Epoch: 46, Validation loss: 4.569102, Validation Acc: 0.17708333
INFO:root:Epoch: 47, Train loss: 0.5464879, Train Acc: 0.8333333
INFO:root:Epoch: 47, Validation loss: 4.630913, Validation Acc: 0.18229167
INFO:root:Epoch: 48, Train loss: 0.5677285, Train Acc: 0.8333333
INFO:root:Epoch: 48, Validation loss: 4.8056746, Validation Acc: 0.13541667
INFO:root:Epoch: 49, Train loss: 0.5497283, Train Acc: 0.8393308
INFO:root:Epoch: 49, Validation loss: 4.6950173, Validation Acc: 0.16666667
INFO:root:Epoch: 50, Train loss: 0.5254036, Train Acc: 0.84659094
INFO:root:Epoch: 50, Validation loss: 4.722819, Validation Acc: 0.171875
INFO:root:Epoch: 51, Train loss: 0.51833695, Train Acc: 0.85700756
INFO:root:Epoch: 51, Validation loss: 4.776201, Validation Acc: 0.14322917
INFO:root:Epoch: 52, Train loss: 0.4778387, Train Acc: 0.86300504
INFO:root:Epoch: 52, Validation loss: 5.0272145, Validation Acc: 0.1484375
INFO:root:Epoch: 53, Train loss: 0.48650834, Train Acc: 0.86300504
INFO:root:Epoch: 53, Validation loss: 4.6833596, Validation Acc: 0.16927083
INFO:root:Epoch: 54, Train loss: 0.4729633, Train Acc: 0.8582702
INFO:root:Epoch: 54, Validation loss: 4.60784, Validation Acc: 0.1640625
INFO:root:Epoch: 55, Train loss: 0.47514117, Train Acc: 0.8645833
INFO:root:Epoch: 55, Validation loss: 4.624386, Validation Acc: 0.171875
INFO:root:Epoch: 56, Train loss: 0.48018017, Train Acc: 0.86616164
INFO:root:Epoch: 56, Validation loss: 5.0008545, Validation Acc: 0.119791664
INFO:root:Epoch: 57, Train loss: 0.46499592, Train Acc: 0.87247473
INFO:root:Epoch: 57, Validation loss: 4.8542175, Validation Acc: 0.171875
INFO:root:Epoch: 58, Train loss: 0.42879733, Train Acc: 0.87784094
INFO:root:Epoch: 58, Validation loss: 5.0001316, Validation Acc: 0.16145833
INFO:root:Epoch: 59, Train loss: 0.42127344, Train Acc: 0.87752527
INFO:root:Epoch: 59, Validation loss: 5.030323, Validation Acc: 0.1484375
INFO:root:Training from ep 0 to ep 60 finished
INFO:root:Best epoch: 48
