INFO:root:Started
INFO:root:Epoch: 0, Train loss: 2.9291267
INFO:root:Epoch: 0, Validation loss: 2.017996
INFO:root:Epoch: 1, Train loss: 1.7108903
INFO:root:Epoch: 1, Validation loss: 1.5985206
INFO:root:Epoch: 2, Train loss: 1.5174803
INFO:root:Epoch: 2, Validation loss: 1.4613191
INFO:root:Epoch: 3, Train loss: 1.3977144
INFO:root:Epoch: 3, Validation loss: 1.3440338
INFO:root:Epoch: 4, Train loss: 1.2380949
INFO:root:Epoch: 4, Validation loss: 1.107643
INFO:root:Epoch: 5, Train loss: 0.9068702
INFO:root:Epoch: 5, Validation loss: 0.68261737
INFO:root:Epoch: 6, Train loss: 0.27267584
INFO:root:Epoch: 6, Validation loss: 0.04332088
INFO:root:Epoch: 7, Train loss: 0.020225871
INFO:root:Epoch: 7, Validation loss: 0.013930908
INFO:root:Epoch: 8, Train loss: 0.009265893
INFO:root:Epoch: 8, Validation loss: 0.006515492
INFO:root:Epoch: 9, Train loss: 0.006263469
INFO:root:Epoch: 9, Validation loss: 0.006481217
INFO:root:Epoch: 10, Train loss: 0.004908372
INFO:root:Epoch: 10, Validation loss: 0.004578369
INFO:root:Epoch: 11, Train loss: 0.0037227643
INFO:root:Epoch: 11, Validation loss: 0.004848316
INFO:root:Epoch: 12, Train loss: 0.003057071
INFO:root:Epoch: 12, Validation loss: 0.0036510627
INFO:root:Epoch: 13, Train loss: 0.0027621079
INFO:root:Epoch: 13, Validation loss: 0.0034456558
INFO:root:Epoch: 14, Train loss: 0.0023278543
INFO:root:Epoch: 14, Validation loss: 0.0029771384
INFO:root:Epoch: 15, Train loss: 0.0021363783
INFO:root:Epoch: 15, Validation loss: 0.0038365088
INFO:root:Epoch: 16, Train loss: 0.0016182741
INFO:root:Epoch: 16, Validation loss: 0.0018902542
INFO:root:Epoch: 17, Train loss: 0.001514674
INFO:root:Epoch: 17, Validation loss: 0.0027549707
INFO:root:Epoch: 18, Train loss: 0.0014039146
INFO:root:Epoch: 18, Validation loss: 0.0012483487
INFO:root:Epoch: 19, Train loss: 0.0013682228
INFO:root:Epoch: 19, Validation loss: 0.0013708501
INFO:root:Epoch: 20, Train loss: 0.0014428889
INFO:root:Epoch: 20, Validation loss: 0.0013389852
INFO:root:Epoch: 21, Train loss: 0.0010557541
INFO:root:Epoch: 21, Validation loss: 0.0021804173
INFO:root:Epoch: 22, Train loss: 0.00095533056
INFO:root:Epoch: 22, Validation loss: 0.0009901721
INFO:root:Epoch: 23, Train loss: 0.0010505883
INFO:root:Epoch: 23, Validation loss: 0.0011087629
INFO:root:Epoch: 24, Train loss: 0.00093547266
INFO:root:Epoch: 24, Validation loss: 0.001166185
INFO:root:Epoch: 25, Train loss: 0.00085534336
INFO:root:Epoch: 25, Validation loss: 0.001102366
INFO:root:Epoch: 26, Train loss: 0.0007205869
INFO:root:Epoch: 26, Validation loss: 0.0009665909
INFO:root:Epoch: 27, Train loss: 0.00068786356
INFO:root:Epoch: 27, Validation loss: 0.00079442514
INFO:root:Epoch: 28, Train loss: 0.000645895
INFO:root:Epoch: 28, Validation loss: 0.0010336317
INFO:root:Epoch: 29, Train loss: 0.00072359946
INFO:root:Epoch: 29, Validation loss: 0.00089281565
INFO:root:Epoch: 30, Train loss: 0.0006096452
INFO:root:Epoch: 30, Validation loss: 0.000645206
INFO:root:Epoch: 31, Train loss: 0.00056330604
INFO:root:Epoch: 31, Validation loss: 0.0011092284
INFO:root:Epoch: 32, Train loss: 0.0004781527
INFO:root:Epoch: 32, Validation loss: 0.00051917695
INFO:root:Epoch: 33, Train loss: 0.0004964946
INFO:root:Epoch: 33, Validation loss: 0.0012526576
INFO:root:Epoch: 34, Train loss: 0.00044585986
INFO:root:Epoch: 34, Validation loss: 0.0004719425
INFO:root:Epoch: 35, Train loss: 0.0004613631
INFO:root:Epoch: 35, Validation loss: 0.00057376194
INFO:root:Epoch: 36, Train loss: 0.00040945204
INFO:root:Epoch: 36, Validation loss: 0.00040392988
INFO:root:Epoch: 37, Train loss: 0.00042181407
INFO:root:Epoch: 37, Validation loss: 0.0007387418
INFO:root:Epoch: 38, Train loss: 0.00037532763
INFO:root:Epoch: 38, Validation loss: 0.00040749178
INFO:root:Epoch: 39, Train loss: 0.00039689033
INFO:root:Epoch: 39, Validation loss: 0.00097451924
INFO:root:Epoch: 40, Train loss: 0.0003239418
INFO:root:Epoch: 40, Validation loss: 0.00059723284
INFO:root:Epoch: 41, Train loss: 0.0003044272
INFO:root:Epoch: 41, Validation loss: 0.0005532845
INFO:root:Epoch: 42, Train loss: 0.00029457765
INFO:root:Epoch: 42, Validation loss: 0.00032510105
INFO:root:Epoch: 43, Train loss: 0.00029372756
INFO:root:Epoch: 43, Validation loss: 0.0006226828
INFO:root:Epoch: 44, Train loss: 0.00025967634
INFO:root:Epoch: 44, Validation loss: 0.00036633838
INFO:root:Epoch: 45, Train loss: 0.00027121702
INFO:root:Epoch: 45, Validation loss: 0.0002973663
INFO:root:Epoch: 46, Train loss: 0.00026358292
INFO:root:Epoch: 46, Validation loss: 0.0004187925
INFO:root:Epoch: 47, Train loss: 0.00025587075
INFO:root:Epoch: 47, Validation loss: 0.00029742034
INFO:root:Epoch: 48, Train loss: 0.00024852378
INFO:root:Epoch: 48, Validation loss: 0.00042225164
INFO:root:Epoch: 49, Train loss: 0.00026838164
INFO:root:Epoch: 49, Validation loss: 0.00053539866
INFO:root:Epoch: 50, Train loss: 0.00027667652
INFO:root:Epoch: 50, Validation loss: 0.000256261
INFO:root:Epoch: 51, Train loss: 0.00027086263
INFO:root:Epoch: 51, Validation loss: 0.00029557187
INFO:root:Epoch: 52, Train loss: 0.00023775226
INFO:root:Epoch: 52, Validation loss: 0.00043625684
INFO:root:Epoch: 53, Train loss: 0.00023044279
INFO:root:Epoch: 53, Validation loss: 0.00019277881
INFO:root:Epoch: 54, Train loss: 0.00018857716
INFO:root:Epoch: 54, Validation loss: 0.00023478945
INFO:root:Epoch: 55, Train loss: 0.0001756414
INFO:root:Epoch: 55, Validation loss: 0.00026285392
INFO:root:Epoch: 56, Train loss: 0.00024127346
INFO:root:Epoch: 56, Validation loss: 0.00031011473
INFO:root:Epoch: 57, Train loss: 0.00016390304
INFO:root:Epoch: 57, Validation loss: 0.00023651401
INFO:root:Epoch: 58, Train loss: 0.00016181679
INFO:root:Epoch: 58, Validation loss: 0.00032036324
INFO:root:Epoch: 59, Train loss: 0.00021679937
INFO:root:Epoch: 59, Validation loss: 0.00021166539
INFO:root:Epoch: 60, Train loss: 0.00016113922
INFO:root:Epoch: 60, Validation loss: 0.0001947934
INFO:root:Epoch: 61, Train loss: 0.00014246491
INFO:root:Epoch: 61, Validation loss: 0.0002142553
INFO:root:Epoch: 62, Train loss: 0.00019343698
INFO:root:Epoch: 62, Validation loss: 0.00019765475
INFO:root:Epoch: 63, Train loss: 0.00016801103
INFO:root:Epoch: 63, Validation loss: 0.00016065354
INFO:root:Epoch: 64, Train loss: 0.00021268609
INFO:root:Epoch: 64, Validation loss: 0.00024713366
INFO:root:Epoch: 65, Train loss: 0.00015047789
INFO:root:Epoch: 65, Validation loss: 0.00015431464
INFO:root:Epoch: 66, Train loss: 0.00011003937
INFO:root:Epoch: 66, Validation loss: 0.0002792752
INFO:root:Epoch: 67, Train loss: 0.00013188666
INFO:root:Epoch: 67, Validation loss: 0.00018122069
INFO:root:Epoch: 68, Train loss: 0.00013412793
INFO:root:Epoch: 68, Validation loss: 0.000114206916
INFO:root:Epoch: 69, Train loss: 0.00011240853
INFO:root:Epoch: 69, Validation loss: 0.00014399947
INFO:root:Epoch: 70, Train loss: 0.00012403831
INFO:root:Epoch: 70, Validation loss: 0.00013150567
INFO:root:Epoch: 71, Train loss: 0.00013198056
INFO:root:Epoch: 71, Validation loss: 0.00029171607
INFO:root:Epoch: 72, Train loss: 0.00011248676
INFO:root:Epoch: 72, Validation loss: 0.00016624096
INFO:root:Epoch: 73, Train loss: 0.00012886709
INFO:root:Epoch: 73, Validation loss: 0.00022852416
INFO:root:Epoch: 74, Train loss: 9.659954e-05
INFO:root:Epoch: 74, Validation loss: 0.00018180632
INFO:root:Epoch: 75, Train loss: 0.00010562032
INFO:root:Epoch: 75, Validation loss: 0.00017022846
INFO:root:Epoch: 76, Train loss: 0.00014300879
INFO:root:Epoch: 76, Validation loss: 0.00011313396
INFO:root:Epoch: 77, Train loss: 0.000121703335
INFO:root:Epoch: 77, Validation loss: 0.0001652778
INFO:root:Epoch: 78, Train loss: 8.496493e-05
INFO:root:Epoch: 78, Validation loss: 0.00011531767
INFO:root:Epoch: 79, Train loss: 8.862819e-05
INFO:root:Epoch: 79, Validation loss: 0.00013485864
INFO:root:Epoch: 80, Train loss: 8.7147884e-05
INFO:root:Epoch: 80, Validation loss: 0.00013706913
INFO:root:Epoch: 81, Train loss: 9.1476584e-05
INFO:root:Epoch: 81, Validation loss: 0.00024199125
INFO:root:Epoch: 82, Train loss: 9.579423e-05
INFO:root:Epoch: 82, Validation loss: 8.9480105e-05
INFO:root:Epoch: 83, Train loss: 0.00010333425
INFO:root:Epoch: 83, Validation loss: 8.790591e-05
INFO:root:Epoch: 84, Train loss: 7.603242e-05
INFO:root:Epoch: 84, Validation loss: 8.5388536e-05
INFO:root:Epoch: 85, Train loss: 7.2771385e-05
INFO:root:Epoch: 85, Validation loss: 9.5606745e-05
INFO:root:Epoch: 86, Train loss: 6.6887456e-05
INFO:root:Epoch: 86, Validation loss: 0.00010449616
INFO:root:Epoch: 87, Train loss: 8.384504e-05
INFO:root:Epoch: 87, Validation loss: 0.00012687255
INFO:root:Epoch: 88, Train loss: 7.747853e-05
INFO:root:Epoch: 88, Validation loss: 9.08421e-05
INFO:root:Epoch: 89, Train loss: 7.127698e-05
INFO:root:Epoch: 89, Validation loss: 6.396521e-05
INFO:root:Epoch: 90, Train loss: 8.257309e-05
INFO:root:Epoch: 90, Validation loss: 0.00019921477
INFO:root:Epoch: 91, Train loss: 5.991401e-05
INFO:root:Epoch: 91, Validation loss: 0.00013078643
INFO:root:Epoch: 92, Train loss: 6.983107e-05
INFO:root:Epoch: 92, Validation loss: 7.030251e-05
INFO:root:Epoch: 93, Train loss: 6.2632214e-05
INFO:root:Epoch: 93, Validation loss: 6.265103e-05
INFO:root:Epoch: 94, Train loss: 0.00010282354
INFO:root:Epoch: 94, Validation loss: 9.6482334e-05
INFO:root:Epoch: 95, Train loss: 6.300078e-05
INFO:root:Epoch: 95, Validation loss: 0.00015662872
INFO:root:Epoch: 96, Train loss: 5.98021e-05
INFO:root:Epoch: 96, Validation loss: 6.736105e-05
INFO:root:Epoch: 97, Train loss: 5.6464665e-05
INFO:root:Epoch: 97, Validation loss: 6.175598e-05
INFO:root:Epoch: 98, Train loss: 8.017378e-05
INFO:root:Epoch: 98, Validation loss: 0.000108339205
INFO:root:Epoch: 99, Train loss: 6.749964e-05
INFO:root:Epoch: 99, Validation loss: 0.00020925766
INFO:root:Training from ep 0 to ep 100 finished
INFO:root:Best epoch: 98
