INFO:root:Started
INFO:root:Epoch: 0, Train loss: 3.7524936, Train Acc: 0.060921717
INFO:root:Epoch: 0, Validation loss: 3.7013671, Validation Acc: 0.106770836
INFO:root:Epoch: 1, Train loss: 3.4806173, Train Acc: 0.11237374
INFO:root:Epoch: 1, Validation loss: 3.5269537, Validation Acc: 0.119791664
INFO:root:Epoch: 2, Train loss: 3.2983258, Train Acc: 0.13162878
INFO:root:Epoch: 2, Validation loss: 3.467948, Validation Acc: 0.109375
INFO:root:Epoch: 3, Train loss: 3.200494, Train Acc: 0.15498738
INFO:root:Epoch: 3, Validation loss: 3.4877088, Validation Acc: 0.111979164
INFO:root:Epoch: 4, Train loss: 3.0435035, Train Acc: 0.1947601
INFO:root:Epoch: 4, Validation loss: 3.5149806, Validation Acc: 0.109375
INFO:root:Epoch: 5, Train loss: 2.94145, Train Acc: 0.2215909
INFO:root:Epoch: 5, Validation loss: 3.639088, Validation Acc: 0.096354164
INFO:root:Epoch: 6, Train loss: 2.8451285, Train Acc: 0.2528409
INFO:root:Epoch: 6, Validation loss: 3.352822, Validation Acc: 0.13020833
INFO:root:Epoch: 7, Train loss: 2.7548902, Train Acc: 0.2689394
INFO:root:Epoch: 7, Validation loss: 3.6030824, Validation Acc: 0.109375
INFO:root:Epoch: 8, Train loss: 2.6306927, Train Acc: 0.3008207
INFO:root:Epoch: 8, Validation loss: 3.5268877, Validation Acc: 0.12760417
INFO:root:Epoch: 9, Train loss: 2.4616666, Train Acc: 0.34343433
INFO:root:Epoch: 9, Validation loss: 3.5352895, Validation Acc: 0.125
INFO:root:Epoch: 10, Train loss: 2.3708026, Train Acc: 0.3589015
INFO:root:Epoch: 10, Validation loss: 3.5289943, Validation Acc: 0.14583333
INFO:root:Epoch: 11, Train loss: 2.313129, Train Acc: 0.38289142
INFO:root:Epoch: 11, Validation loss: 3.624384, Validation Acc: 0.122395836
INFO:root:Epoch: 12, Train loss: 2.2449832, Train Acc: 0.39330807
INFO:root:Epoch: 12, Validation loss: 3.7151601, Validation Acc: 0.13802083
INFO:root:Epoch: 13, Train loss: 2.115042, Train Acc: 0.42550504
INFO:root:Epoch: 13, Validation loss: 3.5324814, Validation Acc: 0.114583336
INFO:root:Epoch: 14, Train loss: 2.0756586, Train Acc: 0.43087122
INFO:root:Epoch: 14, Validation loss: 3.8071394, Validation Acc: 0.122395836
INFO:root:Epoch: 15, Train loss: 1.987474, Train Acc: 0.4681187
INFO:root:Epoch: 15, Validation loss: 3.729759, Validation Acc: 0.1171875
INFO:root:Epoch: 16, Train loss: 1.8825787, Train Acc: 0.48421717
INFO:root:Epoch: 16, Validation loss: 3.7145624, Validation Acc: 0.15885417
INFO:root:Epoch: 17, Train loss: 1.8079729, Train Acc: 0.50978535
INFO:root:Epoch: 17, Validation loss: 3.8482695, Validation Acc: 0.13020833
INFO:root:Epoch: 18, Train loss: 1.7450324, Train Acc: 0.52020204
INFO:root:Epoch: 18, Validation loss: 3.7473252, Validation Acc: 0.125
INFO:root:Epoch: 19, Train loss: 1.7189862, Train Acc: 0.5261995
INFO:root:Epoch: 19, Validation loss: 3.5983484, Validation Acc: 0.15885417
INFO:root:Epoch: 20, Train loss: 1.577954, Train Acc: 0.56439394
INFO:root:Epoch: 20, Validation loss: 3.8073642, Validation Acc: 0.15625
INFO:root:Epoch: 21, Train loss: 1.5470065, Train Acc: 0.56565654
INFO:root:Epoch: 21, Validation loss: 3.6987445, Validation Acc: 0.19270833
INFO:root:Epoch: 22, Train loss: 1.4681069, Train Acc: 0.5899621
INFO:root:Epoch: 22, Validation loss: 4.080695, Validation Acc: 0.14583333
INFO:root:Epoch: 23, Train loss: 1.4338057, Train Acc: 0.5959596
INFO:root:Epoch: 23, Validation loss: 4.1507964, Validation Acc: 0.14583333
INFO:root:Epoch: 24, Train loss: 1.3693233, Train Acc: 0.61647725
INFO:root:Epoch: 24, Validation loss: 3.9962683, Validation Acc: 0.13802083
INFO:root:Epoch: 25, Train loss: 1.2848936, Train Acc: 0.64078283
INFO:root:Epoch: 25, Validation loss: 4.0301785, Validation Acc: 0.14322917
INFO:root:Epoch: 26, Train loss: 1.2797159, Train Acc: 0.6436237
INFO:root:Epoch: 26, Validation loss: 3.8983352, Validation Acc: 0.16666667
INFO:root:Epoch: 27, Train loss: 1.1880367, Train Acc: 0.67108583
INFO:root:Epoch: 27, Validation loss: 4.0238657, Validation Acc: 0.17708333
INFO:root:Epoch: 28, Train loss: 1.153048, Train Acc: 0.67866164
INFO:root:Epoch: 28, Validation loss: 4.1669226, Validation Acc: 0.13802083
INFO:root:Epoch: 29, Train loss: 1.109318, Train Acc: 0.68781567
INFO:root:Epoch: 29, Validation loss: 4.203983, Validation Acc: 0.15885417
INFO:root:Epoch: 30, Train loss: 1.0890454, Train Acc: 0.696654
INFO:root:Epoch: 30, Validation loss: 4.143933, Validation Acc: 0.16666667
INFO:root:Epoch: 31, Train loss: 1.011881, Train Acc: 0.71622473
INFO:root:Epoch: 31, Validation loss: 4.0012274, Validation Acc: 0.19791667
INFO:root:Epoch: 32, Train loss: 1.005341, Train Acc: 0.7140151
INFO:root:Epoch: 32, Validation loss: 4.051147, Validation Acc: 0.15885417
INFO:root:Epoch: 33, Train loss: 0.9604539, Train Acc: 0.728851
INFO:root:Epoch: 33, Validation loss: 4.0937896, Validation Acc: 0.13541667
INFO:root:Epoch: 34, Train loss: 0.9184622, Train Acc: 0.73579544
INFO:root:Epoch: 34, Validation loss: 4.120102, Validation Acc: 0.1640625
INFO:root:Epoch: 35, Train loss: 0.8975223, Train Acc: 0.74021465
INFO:root:Epoch: 35, Validation loss: 4.3052077, Validation Acc: 0.1484375
INFO:root:Epoch: 36, Train loss: 0.8507916, Train Acc: 0.75883836
INFO:root:Epoch: 36, Validation loss: 4.245066, Validation Acc: 0.171875
INFO:root:Epoch: 37, Train loss: 0.8280335, Train Acc: 0.76578283
INFO:root:Epoch: 37, Validation loss: 4.3965917, Validation Acc: 0.16927083
INFO:root:Epoch: 38, Train loss: 0.759148, Train Acc: 0.7863005
INFO:root:Epoch: 38, Validation loss: 4.4044023, Validation Acc: 0.18489583
INFO:root:Epoch: 39, Train loss: 0.7514559, Train Acc: 0.79008836
INFO:root:Epoch: 39, Validation loss: 4.356305, Validation Acc: 0.1640625
INFO:root:Epoch: 40, Train loss: 0.68196815, Train Acc: 0.80713385
INFO:root:Epoch: 40, Validation loss: 4.355856, Validation Acc: 0.1875
INFO:root:Epoch: 41, Train loss: 0.6944567, Train Acc: 0.8008207
INFO:root:Epoch: 41, Validation loss: 4.5295997, Validation Acc: 0.1640625
INFO:root:Epoch: 42, Train loss: 0.6962644, Train Acc: 0.7995581
INFO:root:Epoch: 42, Validation loss: 4.309379, Validation Acc: 0.15885417
INFO:root:Epoch: 43, Train loss: 0.6915718, Train Acc: 0.7995581
INFO:root:Epoch: 43, Validation loss: 4.4173417, Validation Acc: 0.16145833
INFO:root:Epoch: 44, Train loss: 0.6482187, Train Acc: 0.8137626
INFO:root:Epoch: 44, Validation loss: 4.6766477, Validation Acc: 0.14322917
INFO:root:Epoch: 45, Train loss: 0.62717247, Train Acc: 0.82007575
INFO:root:Epoch: 45, Validation loss: 4.5032277, Validation Acc: 0.16145833
INFO:root:Epoch: 46, Train loss: 0.6044764, Train Acc: 0.8203914
INFO:root:Epoch: 46, Validation loss: 4.400744, Validation Acc: 0.19270833
INFO:root:Epoch: 47, Train loss: 0.56432074, Train Acc: 0.8355429
INFO:root:Epoch: 47, Validation loss: 4.574393, Validation Acc: 0.15364583
INFO:root:Epoch: 48, Train loss: 0.56380516, Train Acc: 0.8386995
INFO:root:Epoch: 48, Validation loss: 4.6465874, Validation Acc: 0.1796875
INFO:root:Epoch: 49, Train loss: 0.5645216, Train Acc: 0.83049244
INFO:root:Epoch: 49, Validation loss: 4.4810777, Validation Acc: 0.1796875
INFO:root:Epoch: 50, Train loss: 0.5326278, Train Acc: 0.8488005
INFO:root:Epoch: 50, Validation loss: 4.6071362, Validation Acc: 0.1484375
INFO:root:Epoch: 51, Train loss: 0.5106994, Train Acc: 0.8551136
INFO:root:Epoch: 51, Validation loss: 4.630843, Validation Acc: 0.18489583
INFO:root:Epoch: 52, Train loss: 0.4921092, Train Acc: 0.86016417
INFO:root:Epoch: 52, Validation loss: 4.9877524, Validation Acc: 0.15885417
INFO:root:Epoch: 53, Train loss: 0.515223, Train Acc: 0.85448235
INFO:root:Epoch: 53, Validation loss: 5.045172, Validation Acc: 0.12760417
INFO:root:Epoch: 54, Train loss: 0.47347945, Train Acc: 0.8614268
INFO:root:Epoch: 54, Validation loss: 4.5817895, Validation Acc: 0.15364583
INFO:root:Epoch: 55, Train loss: 0.45675167, Train Acc: 0.86868685
INFO:root:Epoch: 55, Validation loss: 4.560505, Validation Acc: 0.19270833
INFO:root:Epoch: 56, Train loss: 0.46765396, Train Acc: 0.8705808
INFO:root:Epoch: 56, Validation loss: 4.756662, Validation Acc: 0.15104167
INFO:root:Epoch: 57, Train loss: 0.45423254, Train Acc: 0.8671086
INFO:root:Epoch: 57, Validation loss: 4.762714, Validation Acc: 0.20052083
INFO:root:Epoch: 58, Train loss: 0.4287181, Train Acc: 0.8772096
INFO:root:Epoch: 58, Validation loss: 4.663664, Validation Acc: 0.16927083
INFO:root:Epoch: 59, Train loss: 0.42495844, Train Acc: 0.8787879
INFO:root:Epoch: 59, Validation loss: 4.524576, Validation Acc: 0.17708333
INFO:root:Training from ep 0 to ep 60 finished
INFO:root:Best epoch: 58
