INFO:root:Started
INFO:root:Epoch: 0, Train loss: 0.0124981515
INFO:root:Epoch: 0, Validation loss: 0.0002611055
INFO:root:Epoch: 1, Train loss: 0.00018046827
INFO:root:Epoch: 1, Validation loss: 0.00010099781
INFO:root:Epoch: 2, Train loss: 9.603934e-05
INFO:root:Epoch: 2, Validation loss: 7.4942895e-05
INFO:root:Epoch: 3, Train loss: 6.0377526e-05
INFO:root:Epoch: 3, Validation loss: 4.2698884e-05
INFO:root:Epoch: 4, Train loss: 3.8010705e-05
INFO:root:Epoch: 4, Validation loss: 2.8527606e-05
INFO:root:Epoch: 5, Train loss: 2.9179027e-05
INFO:root:Epoch: 5, Validation loss: 2.0205256e-05
INFO:root:Epoch: 6, Train loss: 2.0805948e-05
INFO:root:Epoch: 6, Validation loss: 1.46114035e-05
INFO:root:Epoch: 7, Train loss: 1.700978e-05
INFO:root:Epoch: 7, Validation loss: 1.2650753e-05
INFO:root:Epoch: 8, Train loss: 1.4174837e-05
INFO:root:Epoch: 8, Validation loss: 1.0141654e-05
INFO:root:Epoch: 9, Train loss: 1.2207039e-05
INFO:root:Epoch: 9, Validation loss: 1.6016815e-05
INFO:root:Epoch: 10, Train loss: 1.0981997e-05
INFO:root:Epoch: 10, Validation loss: 7.969682e-06
INFO:root:Epoch: 11, Train loss: 1.0202855e-05
INFO:root:Epoch: 11, Validation loss: 9.541044e-06
INFO:root:Epoch: 12, Train loss: 9.2568325e-06
INFO:root:Epoch: 12, Validation loss: 7.822175e-06
INFO:root:Epoch: 13, Train loss: 8.48716e-06
INFO:root:Epoch: 13, Validation loss: 8.1701055e-06
INFO:root:Epoch: 14, Train loss: 8.186495e-06
INFO:root:Epoch: 14, Validation loss: 6.6799494e-06
INFO:root:Epoch: 15, Train loss: 7.345743e-06
INFO:root:Epoch: 15, Validation loss: 7.489935e-06
INFO:root:Epoch: 16, Train loss: 7.0506135e-06
INFO:root:Epoch: 16, Validation loss: 6.489767e-06
INFO:root:Epoch: 17, Train loss: 6.6191847e-06
INFO:root:Epoch: 17, Validation loss: 6.2102554e-06
INFO:root:Epoch: 18, Train loss: 6.1054675e-06
INFO:root:Epoch: 18, Validation loss: 6.2003505e-06
INFO:root:Epoch: 19, Train loss: 5.979739e-06
INFO:root:Epoch: 19, Validation loss: 7.4379423e-06
INFO:root:Epoch: 20, Train loss: 5.7370326e-06
INFO:root:Epoch: 20, Validation loss: 3.972093e-06
INFO:root:Epoch: 21, Train loss: 5.3227604e-06
INFO:root:Epoch: 21, Validation loss: 8.235214e-06
INFO:root:Epoch: 22, Train loss: 5.2361406e-06
INFO:root:Epoch: 22, Validation loss: 5.268549e-06
INFO:root:Epoch: 23, Train loss: 4.771044e-06
INFO:root:Epoch: 23, Validation loss: 4.9270934e-06
INFO:root:Epoch: 24, Train loss: 4.8879974e-06
INFO:root:Epoch: 24, Validation loss: 5.0702015e-06
INFO:root:Epoch: 25, Train loss: 4.5639677e-06
INFO:root:Epoch: 25, Validation loss: 4.8669563e-06
INFO:root:Epoch: 26, Train loss: 4.365996e-06
INFO:root:Epoch: 26, Validation loss: 5.6151475e-06
INFO:root:Epoch: 27, Train loss: 4.4093717e-06
INFO:root:Epoch: 27, Validation loss: 6.2748636e-06
INFO:root:Epoch: 28, Train loss: 4.0900177e-06
INFO:root:Epoch: 28, Validation loss: 8.183142e-06
INFO:root:Epoch: 29, Train loss: 4.247546e-06
INFO:root:Epoch: 29, Validation loss: 8.38123e-06
INFO:root:Epoch: 30, Train loss: 3.8163516e-06
INFO:root:Epoch: 30, Validation loss: 1.1468815e-05
INFO:root:Epoch: 31, Train loss: 3.9937063e-06
INFO:root:Epoch: 31, Validation loss: 2.1249913e-05
INFO:root:Epoch: 32, Train loss: 3.6366982e-06
INFO:root:Epoch: 32, Validation loss: 1.7036782e-05
INFO:root:Epoch: 33, Train loss: 3.6839133e-06
INFO:root:Epoch: 33, Validation loss: 0.00010631185
INFO:root:Epoch: 34, Train loss: 3.4808372e-06
INFO:root:Epoch: 34, Validation loss: 7.460333e-05
INFO:root:Epoch: 35, Train loss: 3.4596496e-06
INFO:root:Epoch: 35, Validation loss: 0.00018486526
INFO:root:Epoch: 36, Train loss: 3.3706729e-06
INFO:root:Epoch: 36, Validation loss: 9.721901e-05
INFO:root:Epoch: 37, Train loss: 3.2015503e-06
INFO:root:Epoch: 37, Validation loss: 9.2381364e-05
INFO:root:Epoch: 38, Train loss: 3.3256927e-06
INFO:root:Epoch: 38, Validation loss: 0.0003464858
INFO:root:Epoch: 39, Train loss: 3.2532355e-06
INFO:root:Epoch: 39, Validation loss: 3.7921258e-05
INFO:root:Epoch: 40, Train loss: 3.2916869e-06
INFO:root:Epoch: 40, Validation loss: 6.969812e-05
INFO:root:Epoch: 41, Train loss: 2.932743e-06
INFO:root:Epoch: 41, Validation loss: 0.000353643
INFO:root:Epoch: 42, Train loss: 2.775734e-06
INFO:root:Epoch: 42, Validation loss: 0.0010356281
INFO:root:Epoch: 43, Train loss: 2.7008366e-06
INFO:root:Epoch: 43, Validation loss: 4.136652e-05
INFO:root:Epoch: 44, Train loss: 2.9107184e-06
INFO:root:Epoch: 44, Validation loss: 0.00015633591
INFO:root:Epoch: 45, Train loss: 2.6055181e-06
INFO:root:Epoch: 45, Validation loss: 0.00017967039
INFO:root:Epoch: 46, Train loss: 6.4009473e-06
INFO:root:Epoch: 46, Validation loss: 2.2703898e-06
INFO:root:Epoch: 47, Train loss: 1.8896403e-06
INFO:root:Epoch: 47, Validation loss: 2.0765057e-05
INFO:root:Epoch: 48, Train loss: 2.4157384e-06
INFO:root:Epoch: 48, Validation loss: 7.0293325e-05
INFO:root:Epoch: 49, Train loss: 2.5923998e-06
INFO:root:Epoch: 49, Validation loss: 5.564883e-05
INFO:root:Epoch: 50, Train loss: 2.3271716e-06
INFO:root:Epoch: 50, Validation loss: 3.4697612e-05
INFO:root:Epoch: 51, Train loss: 2.4240892e-06
INFO:root:Epoch: 51, Validation loss: 4.8717848e-05
INFO:root:Epoch: 52, Train loss: 2.3468733e-06
INFO:root:Epoch: 52, Validation loss: 6.981199e-05
INFO:root:Epoch: 53, Train loss: 3.1414938e-06
INFO:root:Epoch: 53, Validation loss: 3.833365e-05
INFO:root:Epoch: 54, Train loss: 2.1232527e-06
INFO:root:Epoch: 54, Validation loss: 5.8773498e-05
INFO:root:Epoch: 55, Train loss: 1.1508515e-06
INFO:root:Epoch: 55, Validation loss: 5.938707e-07
INFO:root:Epoch: 56, Train loss: 2.5446988e-07
INFO:root:Epoch: 56, Validation loss: 1.52462e-07
INFO:root:Epoch: 57, Train loss: 3.6008768e-07
INFO:root:Epoch: 57, Validation loss: 1.7045061e-06
INFO:root:Epoch: 58, Train loss: 3.2365276e-07
INFO:root:Epoch: 58, Validation loss: 1.6871414e-07
INFO:root:Epoch: 59, Train loss: 2.8318047e-07
INFO:root:Epoch: 59, Validation loss: 3.0057931e-06
INFO:root:Epoch: 60, Train loss: 4.1198442e-07
INFO:root:Epoch: 60, Validation loss: 2.584761e-08
INFO:root:Epoch: 61, Train loss: 1.6707375e-07
INFO:root:Epoch: 61, Validation loss: 2.950348e-07
INFO:root:Epoch: 62, Train loss: 3.0588646e-07
INFO:root:Epoch: 62, Validation loss: 1.486949e-08
INFO:root:Epoch: 63, Train loss: 3.8076823e-07
INFO:root:Epoch: 63, Validation loss: 0.0009143617
INFO:root:Epoch: 64, Train loss: 2.4596133e-07
INFO:root:Epoch: 64, Validation loss: 3.8131624e-08
INFO:root:Epoch: 65, Train loss: 4.7195417e-07
INFO:root:Epoch: 65, Validation loss: 8.3923775e-09
INFO:root:Epoch: 66, Train loss: 2.0629116e-09
INFO:root:Epoch: 66, Validation loss: 1.3800633e-09
INFO:root:Epoch: 67, Train loss: 1.5772933e-09
INFO:root:Epoch: 67, Validation loss: 6.7909606e-10
INFO:root:Epoch: 68, Train loss: 3.5879342e-08
INFO:root:Epoch: 68, Validation loss: 3.948173e-09
INFO:root:Epoch: 69, Train loss: 1.0094362e-09
INFO:root:Epoch: 69, Validation loss: 1.8697448e-09
INFO:root:Epoch: 70, Train loss: 6.8669026e-10
INFO:root:Epoch: 70, Validation loss: 6.1530385e-11
INFO:root:Epoch: 71, Train loss: 5.090637e-10
INFO:root:Epoch: 71, Validation loss: 3.5816957e-11
INFO:root:Epoch: 72, Train loss: 5.2275486e-11
INFO:root:Epoch: 72, Validation loss: 3.7089675e-11
INFO:root:Epoch: 73, Train loss: 3.5160153e-11
INFO:root:Epoch: 73, Validation loss: 2.3934943e-11
INFO:root:Epoch: 74, Train loss: 1.8335927e-11
INFO:root:Epoch: 74, Validation loss: 1.198649e-11
INFO:root:Epoch: 75, Train loss: 9.0777256e-12
INFO:root:Epoch: 75, Validation loss: 6.4414264e-12
INFO:root:Epoch: 76, Train loss: 5.024881e-12
INFO:root:Epoch: 76, Validation loss: 3.7416385e-12
INFO:root:Epoch: 77, Train loss: 2.9465414e-12
INFO:root:Epoch: 77, Validation loss: 2.233625e-12
INFO:root:Epoch: 78, Train loss: 1.7533356e-12
INFO:root:Epoch: 78, Validation loss: 1.3403612e-12
INFO:root:Epoch: 79, Train loss: 1.0694513e-12
INFO:root:Epoch: 79, Validation loss: 8.323489e-13
INFO:root:Epoch: 80, Train loss: 6.5505137e-13
INFO:root:Epoch: 80, Validation loss: 4.9747093e-13
INFO:root:Epoch: 81, Train loss: 3.8101664e-13
INFO:root:Epoch: 81, Validation loss: 2.7981437e-13
INFO:root:Epoch: 82, Train loss: 2.0829837e-13
INFO:root:Epoch: 82, Validation loss: 1.4761056e-13
INFO:root:Epoch: 83, Train loss: 1.06732575e-13
INFO:root:Epoch: 83, Validation loss: 7.286851e-14
INFO:root:Epoch: 84, Train loss: 5.1151998e-14
INFO:root:Epoch: 84, Validation loss: 3.3596884e-14
INFO:root:Epoch: 85, Train loss: 2.2887108e-14
INFO:root:Epoch: 85, Validation loss: 1.4440953e-14
INFO:root:Epoch: 86, Train loss: 9.542492e-15
INFO:root:Epoch: 86, Validation loss: 5.774732e-15
INFO:root:Epoch: 87, Train loss: 3.6993647e-15
INFO:root:Epoch: 87, Validation loss: 2.1431128e-15
INFO:root:Epoch: 88, Train loss: 1.3300249e-15
INFO:root:Epoch: 88, Validation loss: 7.359891e-16
INFO:root:Epoch: 89, Train loss: 4.4211234e-16
INFO:root:Epoch: 89, Validation loss: 2.3309598e-16
INFO:root:Epoch: 90, Train loss: 1.3539655e-16
INFO:root:Epoch: 90, Validation loss: 6.781649e-17
INFO:root:Epoch: 91, Train loss: 3.8047512e-17
INFO:root:Epoch: 91, Validation loss: 1.8044278e-17
INFO:root:Epoch: 92, Train loss: 9.76551e-18
INFO:root:Epoch: 92, Validation loss: 4.368764e-18
INFO:root:Epoch: 93, Train loss: 2.2775543e-18
INFO:root:Epoch: 93, Validation loss: 9.570459e-19
INFO:root:Epoch: 94, Train loss: 4.7987487e-19
INFO:root:Epoch: 94, Validation loss: 1.8849538e-19
INFO:root:Epoch: 95, Train loss: 9.0752176e-20
INFO:root:Epoch: 95, Validation loss: 3.314189e-20
INFO:root:Epoch: 96, Train loss: 1.5293843e-20
INFO:root:Epoch: 96, Validation loss: 5.1608945e-21
INFO:root:Epoch: 97, Train loss: 2.2783626e-21
INFO:root:Epoch: 97, Validation loss: 7.055624e-22
INFO:root:Epoch: 98, Train loss: 2.9739223e-22
INFO:root:Epoch: 98, Validation loss: 8.387074e-23
INFO:root:Epoch: 99, Train loss: 3.3683203e-23
INFO:root:Epoch: 99, Validation loss: 8.577251e-24
INFO:root:Training from ep 0 to ep 100 finished
INFO:root:Best epoch: 100
