INFO:root:Started
INFO:root:Epoch: 0, Train loss: 22.174526
INFO:root:Epoch: 0, Validation loss: 16.002249
INFO:root:Epoch: 1, Train loss: 11.377048
INFO:root:Epoch: 1, Validation loss: 11.11336
INFO:root:Epoch: 2, Train loss: 9.086022
INFO:root:Epoch: 2, Validation loss: 9.123841
INFO:root:Epoch: 3, Train loss: 7.955181
INFO:root:Epoch: 3, Validation loss: 7.629669
INFO:root:Epoch: 4, Train loss: 7.083255
INFO:root:Epoch: 4, Validation loss: 7.0048137
INFO:root:Epoch: 5, Train loss: 6.4261074
INFO:root:Epoch: 5, Validation loss: 6.4705963
INFO:root:Epoch: 6, Train loss: 6.017429
INFO:root:Epoch: 6, Validation loss: 5.8964047
INFO:root:Epoch: 7, Train loss: 5.6817126
INFO:root:Epoch: 7, Validation loss: 5.7249513
INFO:root:Epoch: 8, Train loss: 5.4124975
INFO:root:Epoch: 8, Validation loss: 5.224617
INFO:root:Epoch: 9, Train loss: 5.236201
INFO:root:Epoch: 9, Validation loss: 5.198179
INFO:root:Epoch: 10, Train loss: 5.004972
INFO:root:Epoch: 10, Validation loss: 4.9681783
INFO:root:Epoch: 11, Train loss: 4.797505
INFO:root:Epoch: 11, Validation loss: 4.799229
INFO:root:Epoch: 12, Train loss: 4.349394
INFO:root:Epoch: 12, Validation loss: 4.0769925
INFO:root:Epoch: 13, Train loss: 3.6375487
INFO:root:Epoch: 13, Validation loss: 3.907243
INFO:root:Epoch: 14, Train loss: 3.2074566
INFO:root:Epoch: 14, Validation loss: 3.4149437
INFO:root:Epoch: 15, Train loss: 3.0044744
INFO:root:Epoch: 15, Validation loss: 3.1881561
INFO:root:Epoch: 16, Train loss: 2.8736522
INFO:root:Epoch: 16, Validation loss: 3.0402603
INFO:root:Epoch: 17, Train loss: 2.7808006
INFO:root:Epoch: 17, Validation loss: 3.2518551
INFO:root:Epoch: 18, Train loss: 2.7829144
INFO:root:Epoch: 18, Validation loss: 2.9136696
INFO:root:Epoch: 19, Train loss: 2.7142344
INFO:root:Epoch: 19, Validation loss: 2.7263832
INFO:root:Epoch: 20, Train loss: 2.6570408
INFO:root:Epoch: 20, Validation loss: 2.9974973
INFO:root:Epoch: 21, Train loss: 2.651424
INFO:root:Epoch: 21, Validation loss: 2.9298165
INFO:root:Epoch: 22, Train loss: 2.5729454
INFO:root:Epoch: 22, Validation loss: 2.6896477
INFO:root:Epoch: 23, Train loss: 2.5376523
INFO:root:Epoch: 23, Validation loss: 2.7463923
INFO:root:Epoch: 24, Train loss: 2.508086
INFO:root:Epoch: 24, Validation loss: 2.6601012
INFO:root:Epoch: 25, Train loss: 2.5314474
INFO:root:Epoch: 25, Validation loss: 2.792798
INFO:root:Epoch: 26, Train loss: 2.4673593
INFO:root:Epoch: 26, Validation loss: 2.633655
INFO:root:Epoch: 27, Train loss: 2.4325836
INFO:root:Epoch: 27, Validation loss: 2.5060513
INFO:root:Epoch: 28, Train loss: 2.389192
INFO:root:Epoch: 28, Validation loss: 2.5343313
INFO:root:Epoch: 29, Train loss: 2.4147878
INFO:root:Epoch: 29, Validation loss: 2.5249898
INFO:root:Epoch: 30, Train loss: 2.3704674
INFO:root:Epoch: 30, Validation loss: 2.459832
INFO:root:Epoch: 31, Train loss: 2.367694
INFO:root:Epoch: 31, Validation loss: 2.6140435
INFO:root:Epoch: 32, Train loss: 2.324446
INFO:root:Epoch: 32, Validation loss: 2.4414127
INFO:root:Epoch: 33, Train loss: 2.353464
INFO:root:Epoch: 33, Validation loss: 2.6855571
INFO:root:Epoch: 34, Train loss: 2.3425028
INFO:root:Epoch: 34, Validation loss: 2.3924158
INFO:root:Epoch: 35, Train loss: 2.3192902
INFO:root:Epoch: 35, Validation loss: 2.4911296
INFO:root:Epoch: 36, Train loss: 2.2565022
INFO:root:Epoch: 36, Validation loss: 2.5353596
INFO:root:Epoch: 37, Train loss: 2.3753293
INFO:root:Epoch: 37, Validation loss: 2.396693
INFO:root:Epoch: 38, Train loss: 2.3039033
INFO:root:Epoch: 38, Validation loss: 2.3418958
INFO:root:Epoch: 39, Train loss: 2.2882664
INFO:root:Epoch: 39, Validation loss: 2.3520792
INFO:root:Epoch: 40, Train loss: 2.2395499
INFO:root:Epoch: 40, Validation loss: 2.4457438
INFO:root:Epoch: 41, Train loss: 2.2594645
INFO:root:Epoch: 41, Validation loss: 2.3723376
INFO:root:Epoch: 42, Train loss: 2.234516
INFO:root:Epoch: 42, Validation loss: 2.2929614
INFO:root:Epoch: 43, Train loss: 2.1939225
INFO:root:Epoch: 43, Validation loss: 2.3336077
INFO:root:Epoch: 44, Train loss: 2.207387
INFO:root:Epoch: 44, Validation loss: 2.388687
INFO:root:Epoch: 45, Train loss: 2.2125866
INFO:root:Epoch: 45, Validation loss: 2.298343
INFO:root:Epoch: 46, Train loss: 2.191892
INFO:root:Epoch: 46, Validation loss: 2.3062847
INFO:root:Epoch: 47, Train loss: 2.1917653
INFO:root:Epoch: 47, Validation loss: 2.3351302
INFO:root:Epoch: 48, Train loss: 2.175493
INFO:root:Epoch: 48, Validation loss: 2.3389795
INFO:root:Epoch: 49, Train loss: 2.174562
INFO:root:Epoch: 49, Validation loss: 2.2911456
INFO:root:Epoch: 50, Train loss: 2.160923
INFO:root:Epoch: 50, Validation loss: 2.226168
INFO:root:Epoch: 51, Train loss: 2.1752362
INFO:root:Epoch: 51, Validation loss: 2.2535691
INFO:root:Epoch: 52, Train loss: 2.1601381
INFO:root:Epoch: 52, Validation loss: 2.2161863
INFO:root:Epoch: 53, Train loss: 2.144896
INFO:root:Epoch: 53, Validation loss: 2.2181594
INFO:root:Epoch: 54, Train loss: 2.1190257
INFO:root:Epoch: 54, Validation loss: 2.2814782
INFO:root:Epoch: 55, Train loss: 2.0890417
INFO:root:Epoch: 55, Validation loss: 2.1757317
INFO:root:Epoch: 56, Train loss: 2.1328201
INFO:root:Epoch: 56, Validation loss: 2.1975334
INFO:root:Epoch: 57, Train loss: 2.1306903
INFO:root:Epoch: 57, Validation loss: 2.2454312
INFO:root:Epoch: 58, Train loss: 2.1366498
INFO:root:Epoch: 58, Validation loss: 2.1421053
INFO:root:Epoch: 59, Train loss: 2.1171234
INFO:root:Epoch: 59, Validation loss: 2.1904423
INFO:root:Epoch: 60, Train loss: 2.1086478
INFO:root:Epoch: 60, Validation loss: 2.214669
INFO:root:Epoch: 61, Train loss: 2.0992358
INFO:root:Epoch: 61, Validation loss: 4.228431
INFO:root:Epoch: 62, Train loss: 2.086525
INFO:root:Epoch: 62, Validation loss: 2.15178
INFO:root:Epoch: 63, Train loss: 2.0968077
INFO:root:Epoch: 63, Validation loss: 2.1590214
INFO:root:Epoch: 64, Train loss: 2.0849028
INFO:root:Epoch: 64, Validation loss: 2.2135878
INFO:root:Epoch: 65, Train loss: 2.0785327
INFO:root:Epoch: 65, Validation loss: 2.0929978
INFO:root:Epoch: 66, Train loss: 2.0728154
INFO:root:Epoch: 66, Validation loss: 2.3063924
INFO:root:Epoch: 67, Train loss: 2.114676
INFO:root:Epoch: 67, Validation loss: 2.2825053
INFO:root:Epoch: 68, Train loss: 2.093025
INFO:root:Epoch: 68, Validation loss: 2.5236673
INFO:root:Epoch: 69, Train loss: 2.064698
INFO:root:Epoch: 69, Validation loss: 2.1505983
INFO:root:Epoch: 70, Train loss: 2.0783684
INFO:root:Epoch: 70, Validation loss: 2.1700718
INFO:root:Epoch: 71, Train loss: 2.0604033
INFO:root:Epoch: 71, Validation loss: 2.1408222
INFO:root:Epoch: 72, Train loss: 2.0509398
INFO:root:Epoch: 72, Validation loss: 2.132916
INFO:root:Epoch: 73, Train loss: 2.0662782
INFO:root:Epoch: 73, Validation loss: 2.2046163
INFO:root:Epoch: 74, Train loss: 2.073506
INFO:root:Epoch: 74, Validation loss: 2.1853516
INFO:root:Epoch: 75, Train loss: 2.0295494
INFO:root:Epoch: 75, Validation loss: 2.1626968
INFO:root:Epoch: 76, Train loss: 2.0561104
INFO:root:Epoch: 76, Validation loss: 2.2641845
INFO:root:Epoch: 77, Train loss: 2.0586371
INFO:root:Epoch: 77, Validation loss: 2.1331372
INFO:root:Epoch: 78, Train loss: 2.0157712
INFO:root:Epoch: 78, Validation loss: 2.108136
INFO:root:Epoch: 79, Train loss: 2.1390772
INFO:root:Epoch: 79, Validation loss: 28.045624
INFO:root:Epoch: 80, Train loss: 2.315196
INFO:root:Epoch: 80, Validation loss: 2.404041
INFO:root:Epoch: 81, Train loss: 2.1136858
INFO:root:Epoch: 81, Validation loss: 2.2389362
INFO:root:Epoch: 82, Train loss: 2.0953343
INFO:root:Epoch: 82, Validation loss: 2.1798396
INFO:root:Epoch: 83, Train loss: 2.1318972
INFO:root:Epoch: 83, Validation loss: 2.1345818
INFO:root:Epoch: 84, Train loss: 2.0852332
INFO:root:Epoch: 84, Validation loss: 2.0773387
INFO:root:Epoch: 85, Train loss: 2.0582485
INFO:root:Epoch: 85, Validation loss: 2.1825027
INFO:root:Epoch: 86, Train loss: 2.050438
INFO:root:Epoch: 86, Validation loss: 2.8033245
INFO:root:Epoch: 87, Train loss: 2.0622375
INFO:root:Epoch: 87, Validation loss: 2.175928
INFO:root:Epoch: 88, Train loss: 2.0154896
INFO:root:Epoch: 88, Validation loss: 2.0907247
INFO:root:Epoch: 89, Train loss: 2.031953
INFO:root:Epoch: 89, Validation loss: 2.184011
INFO:root:Epoch: 90, Train loss: 2.0329833
INFO:root:Epoch: 90, Validation loss: 2.1626775
INFO:root:Epoch: 91, Train loss: 2.0163832
INFO:root:Epoch: 91, Validation loss: 2.1345575
INFO:root:Epoch: 92, Train loss: 2.0298295
INFO:root:Epoch: 92, Validation loss: 2.138313
INFO:root:Epoch: 93, Train loss: 2.0143917
INFO:root:Epoch: 93, Validation loss: 2.1480365
INFO:root:Epoch: 94, Train loss: 1.9918268
INFO:root:Epoch: 94, Validation loss: 2.0472584
INFO:root:Epoch: 95, Train loss: 2.0139377
INFO:root:Epoch: 95, Validation loss: 2.1180885
INFO:root:Epoch: 96, Train loss: 2.0111184
INFO:root:Epoch: 96, Validation loss: 2.1578438
INFO:root:Epoch: 97, Train loss: 2.0192456
INFO:root:Epoch: 97, Validation loss: 2.0781212
INFO:root:Epoch: 98, Train loss: 2.018557
INFO:root:Epoch: 98, Validation loss: 2.1966574
INFO:root:Epoch: 99, Train loss: 1.9996704
INFO:root:Epoch: 99, Validation loss: 2.120346
INFO:root:Training from ep 0 to ep 100 finished
INFO:root:Best epoch: 95
