INFO:root:Started
INFO:root:Epoch: 0, Train loss: 11.872643
INFO:root:Epoch: 0, Validation loss: 7.8786197
INFO:root:Epoch: 1, Train loss: 6.2592955
INFO:root:Epoch: 1, Validation loss: 5.8873653
INFO:root:Epoch: 2, Train loss: 5.1914515
INFO:root:Epoch: 2, Validation loss: 5.0803494
INFO:root:Epoch: 3, Train loss: 4.734494
INFO:root:Epoch: 3, Validation loss: 4.6115403
INFO:root:Epoch: 4, Train loss: 4.1934447
INFO:root:Epoch: 4, Validation loss: 3.6229293
INFO:root:Epoch: 5, Train loss: 2.8224783
INFO:root:Epoch: 5, Validation loss: 2.9633164
INFO:root:Epoch: 6, Train loss: 2.5135524
INFO:root:Epoch: 6, Validation loss: 2.650237
INFO:root:Epoch: 7, Train loss: 2.378896
INFO:root:Epoch: 7, Validation loss: 2.7183423
INFO:root:Epoch: 8, Train loss: 2.323708
INFO:root:Epoch: 8, Validation loss: 2.4877703
INFO:root:Epoch: 9, Train loss: 2.2612255
INFO:root:Epoch: 9, Validation loss: 2.517
INFO:root:Epoch: 10, Train loss: 2.2062898
INFO:root:Epoch: 10, Validation loss: 2.3583877
INFO:root:Epoch: 11, Train loss: 2.1776254
INFO:root:Epoch: 11, Validation loss: 2.505008
INFO:root:Epoch: 12, Train loss: 2.137859
INFO:root:Epoch: 12, Validation loss: 2.2146318
INFO:root:Epoch: 13, Train loss: 2.1073656
INFO:root:Epoch: 13, Validation loss: 2.613047
INFO:root:Epoch: 14, Train loss: 2.0623019
INFO:root:Epoch: 14, Validation loss: 2.2068899
INFO:root:Epoch: 15, Train loss: 2.0823762
INFO:root:Epoch: 15, Validation loss: 2.2926457
INFO:root:Epoch: 16, Train loss: 2.0534194
INFO:root:Epoch: 16, Validation loss: 2.2961938
INFO:root:Epoch: 17, Train loss: 2.0232878
INFO:root:Epoch: 17, Validation loss: 2.2562215
INFO:root:Epoch: 18, Train loss: 2.020302
INFO:root:Epoch: 18, Validation loss: 2.4907947
INFO:root:Epoch: 19, Train loss: 2.0136743
INFO:root:Epoch: 19, Validation loss: 2.3403234
INFO:root:Epoch: 20, Train loss: 1.9870285
INFO:root:Epoch: 20, Validation loss: 2.1880057
INFO:root:Epoch: 21, Train loss: 1.983911
INFO:root:Epoch: 21, Validation loss: 2.11465
INFO:root:Epoch: 22, Train loss: 1.9703612
INFO:root:Epoch: 22, Validation loss: 2.3189886
INFO:root:Epoch: 23, Train loss: 1.9509896
INFO:root:Epoch: 23, Validation loss: 2.1367536
INFO:root:Epoch: 24, Train loss: 1.9614334
INFO:root:Epoch: 24, Validation loss: 2.016577
INFO:root:Epoch: 25, Train loss: 1.9489546
INFO:root:Epoch: 25, Validation loss: 2.3412602
INFO:root:Epoch: 26, Train loss: 1.9371846
INFO:root:Epoch: 26, Validation loss: 2.4050167
INFO:root:Epoch: 27, Train loss: 1.9440099
INFO:root:Epoch: 27, Validation loss: 2.6830657
INFO:root:Epoch: 28, Train loss: 1.9383323
INFO:root:Epoch: 28, Validation loss: 2.7485323
INFO:root:Epoch: 29, Train loss: 1.9186205
INFO:root:Epoch: 29, Validation loss: 3.3862262
INFO:root:Epoch: 30, Train loss: 1.8933802
INFO:root:Epoch: 30, Validation loss: 4.5079417
INFO:root:Epoch: 31, Train loss: 1.9094439
INFO:root:Epoch: 31, Validation loss: 2.4186654
INFO:root:Epoch: 32, Train loss: 1.9067814
INFO:root:Epoch: 32, Validation loss: 3.8221447
INFO:root:Epoch: 33, Train loss: 1.9159397
INFO:root:Epoch: 33, Validation loss: 2.5576773
INFO:root:Epoch: 34, Train loss: 1.8879937
INFO:root:Epoch: 34, Validation loss: 3.0283265
INFO:root:Epoch: 35, Train loss: 1.8770372
INFO:root:Epoch: 35, Validation loss: 1.9620461
INFO:root:Epoch: 36, Train loss: 1.8922085
INFO:root:Epoch: 36, Validation loss: 2.1638236
INFO:root:Epoch: 37, Train loss: 1.8807676
INFO:root:Epoch: 37, Validation loss: 2.6779792
INFO:root:Epoch: 38, Train loss: 1.8668085
INFO:root:Epoch: 38, Validation loss: 4.345751
INFO:root:Epoch: 39, Train loss: 1.8721578
INFO:root:Epoch: 39, Validation loss: 2.0901396
INFO:root:Epoch: 40, Train loss: 1.8536707
INFO:root:Epoch: 40, Validation loss: 2.0387673
INFO:root:Epoch: 41, Train loss: 1.856013
INFO:root:Epoch: 41, Validation loss: 3.0052774
INFO:root:Epoch: 42, Train loss: 1.8478291
INFO:root:Epoch: 42, Validation loss: 4.291905
INFO:root:Epoch: 43, Train loss: 1.8486804
INFO:root:Epoch: 43, Validation loss: 2.7380075
INFO:root:Epoch: 44, Train loss: 1.8454285
INFO:root:Epoch: 44, Validation loss: 10.814978
INFO:root:Epoch: 45, Train loss: 1.8529571
INFO:root:Epoch: 45, Validation loss: 5.046537
INFO:root:Epoch: 46, Train loss: 1.8374728
INFO:root:Epoch: 46, Validation loss: 5.2559505
INFO:root:Epoch: 47, Train loss: 1.855779
INFO:root:Epoch: 47, Validation loss: 6.5849543
INFO:root:Epoch: 48, Train loss: 1.8259124
INFO:root:Epoch: 48, Validation loss: 5.0194373
INFO:root:Epoch: 49, Train loss: 1.822166
INFO:root:Epoch: 49, Validation loss: 3.2681248
INFO:root:Epoch: 50, Train loss: 1.8328015
INFO:root:Epoch: 50, Validation loss: 2.0006998
INFO:root:Epoch: 51, Train loss: 1.8297057
INFO:root:Epoch: 51, Validation loss: 7.9547324
INFO:root:Epoch: 52, Train loss: 1.8256077
INFO:root:Epoch: 52, Validation loss: 1.8967243
INFO:root:Epoch: 53, Train loss: 1.8330624
INFO:root:Epoch: 53, Validation loss: 2.1670706
INFO:root:Epoch: 54, Train loss: 1.8064556
INFO:root:Epoch: 54, Validation loss: 3.8487039
INFO:root:Epoch: 55, Train loss: 1.8079783
INFO:root:Epoch: 55, Validation loss: 3.4240286
INFO:root:Epoch: 56, Train loss: 1.818294
INFO:root:Epoch: 56, Validation loss: 3.9011297
INFO:root:Epoch: 57, Train loss: 1.7919286
INFO:root:Epoch: 57, Validation loss: 4.0315394
INFO:root:Epoch: 58, Train loss: 1.8019426
INFO:root:Epoch: 58, Validation loss: 11.31219
INFO:root:Epoch: 59, Train loss: 1.7842706
INFO:root:Epoch: 59, Validation loss: 1.9148799
INFO:root:Epoch: 60, Train loss: 1.7856994
INFO:root:Epoch: 60, Validation loss: 2.7137616
INFO:root:Epoch: 61, Train loss: 1.7892461
INFO:root:Epoch: 61, Validation loss: 2.0924857
INFO:root:Epoch: 62, Train loss: 1.7844917
INFO:root:Epoch: 62, Validation loss: 20.595419
INFO:root:Epoch: 63, Train loss: 1.783908
INFO:root:Epoch: 63, Validation loss: 3.021928
INFO:root:Epoch: 64, Train loss: 1.771113
INFO:root:Epoch: 64, Validation loss: 7.917041
INFO:root:Epoch: 65, Train loss: 1.7948668
INFO:root:Epoch: 65, Validation loss: 2.4798324
INFO:root:Epoch: 66, Train loss: 1.7773572
INFO:root:Epoch: 66, Validation loss: 20.569
INFO:root:Epoch: 67, Train loss: 1.7857245
INFO:root:Epoch: 67, Validation loss: 4.129226
INFO:root:Epoch: 68, Train loss: 1.7780216
INFO:root:Epoch: 68, Validation loss: 7.974705
INFO:root:Epoch: 69, Train loss: 1.7831068
INFO:root:Epoch: 69, Validation loss: 7.433642
INFO:root:Epoch: 70, Train loss: 1.765352
INFO:root:Epoch: 70, Validation loss: 6.628661
INFO:root:Epoch: 71, Train loss: 1.7650268
INFO:root:Epoch: 71, Validation loss: 6.583482
INFO:root:Epoch: 72, Train loss: 1.7615508
INFO:root:Epoch: 72, Validation loss: 9.236624
INFO:root:Epoch: 73, Train loss: 1.763169
INFO:root:Epoch: 73, Validation loss: 2.0700803
INFO:root:Epoch: 74, Train loss: 1.7549403
INFO:root:Epoch: 74, Validation loss: 1.8877046
INFO:root:Epoch: 75, Train loss: 1.7809098
INFO:root:Epoch: 75, Validation loss: 2.7942069
INFO:root:Epoch: 76, Train loss: 1.7587285
INFO:root:Epoch: 76, Validation loss: 3.8098857
INFO:root:Epoch: 77, Train loss: 1.7554964
INFO:root:Epoch: 77, Validation loss: 2.5825877
INFO:root:Epoch: 78, Train loss: 1.7552098
INFO:root:Epoch: 78, Validation loss: 2.9444654
INFO:root:Epoch: 79, Train loss: 1.7428907
INFO:root:Epoch: 79, Validation loss: 4.6094003
INFO:root:Epoch: 80, Train loss: 1.7373254
INFO:root:Epoch: 80, Validation loss: 2.2912629
INFO:root:Epoch: 81, Train loss: 1.7372215
INFO:root:Epoch: 81, Validation loss: 9.90194
INFO:root:Epoch: 82, Train loss: 1.731313
INFO:root:Epoch: 82, Validation loss: 6.8103385
INFO:root:Epoch: 83, Train loss: 1.737067
INFO:root:Epoch: 83, Validation loss: 2.2723546
INFO:root:Epoch: 84, Train loss: 1.7265868
INFO:root:Epoch: 84, Validation loss: 3.2972746
INFO:root:Epoch: 85, Train loss: 1.730488
INFO:root:Epoch: 85, Validation loss: 13.4075165
INFO:root:Epoch: 86, Train loss: 1.7160432
INFO:root:Epoch: 86, Validation loss: 2.2181869
INFO:root:Epoch: 87, Train loss: 1.7103741
INFO:root:Epoch: 87, Validation loss: 12.082841
INFO:root:Epoch: 88, Train loss: 1.7298886
INFO:root:Epoch: 88, Validation loss: 6.658997
INFO:root:Epoch: 89, Train loss: 1.7272806
INFO:root:Epoch: 89, Validation loss: 11.908813
INFO:root:Epoch: 90, Train loss: 1.7161758
INFO:root:Epoch: 90, Validation loss: 10.373949
INFO:root:Epoch: 91, Train loss: 1.723488
INFO:root:Epoch: 91, Validation loss: 19.874088
INFO:root:Epoch: 92, Train loss: 1.7143999
INFO:root:Epoch: 92, Validation loss: 21.701933
INFO:root:Epoch: 93, Train loss: 1.7095349
INFO:root:Epoch: 93, Validation loss: 15.964974
INFO:root:Epoch: 94, Train loss: 1.7003233
INFO:root:Epoch: 94, Validation loss: 16.570578
INFO:root:Epoch: 95, Train loss: 1.7183107
INFO:root:Epoch: 95, Validation loss: 26.734621
INFO:root:Epoch: 96, Train loss: 1.7216496
INFO:root:Epoch: 96, Validation loss: 6.111913
INFO:root:Epoch: 97, Train loss: 1.7207084
INFO:root:Epoch: 97, Validation loss: 14.857357
INFO:root:Epoch: 98, Train loss: 1.7156413
INFO:root:Epoch: 98, Validation loss: 14.7524
INFO:root:Epoch: 99, Train loss: 1.7016051
INFO:root:Epoch: 99, Validation loss: 8.560201
INFO:root:Training from ep 0 to ep 100 finished
INFO:root:Best epoch: 75
