INFO:root:Started
INFO:root:Epoch: 0, Train loss: 3.7753232, Train Acc: 0.057765152
INFO:root:Epoch: 0, Validation loss: 3.7744424, Validation Acc: 0.078125
INFO:root:Epoch: 1, Train loss: 3.513992, Train Acc: 0.102904044
INFO:root:Epoch: 1, Validation loss: 3.5499399, Validation Acc: 0.098958336
INFO:root:Epoch: 2, Train loss: 3.332635, Train Acc: 0.13383839
INFO:root:Epoch: 2, Validation loss: 3.6110165, Validation Acc: 0.091145836
INFO:root:Epoch: 3, Train loss: 3.2264223, Train Acc: 0.15372474
INFO:root:Epoch: 3, Validation loss: 3.501063, Validation Acc: 0.114583336
INFO:root:Epoch: 4, Train loss: 3.087521, Train Acc: 0.18686868
INFO:root:Epoch: 4, Validation loss: 3.5277064, Validation Acc: 0.114583336
INFO:root:Epoch: 5, Train loss: 2.970094, Train Acc: 0.20707071
INFO:root:Epoch: 5, Validation loss: 3.5599058, Validation Acc: 0.106770836
INFO:root:Epoch: 6, Train loss: 2.8559055, Train Acc: 0.25599748
INFO:root:Epoch: 6, Validation loss: 3.416942, Validation Acc: 0.1171875
INFO:root:Epoch: 7, Train loss: 2.7583377, Train Acc: 0.26704547
INFO:root:Epoch: 7, Validation loss: 3.6144874, Validation Acc: 0.114583336
INFO:root:Epoch: 8, Train loss: 2.6320066, Train Acc: 0.3030303
INFO:root:Epoch: 8, Validation loss: 3.5547755, Validation Acc: 0.119791664
INFO:root:Epoch: 9, Train loss: 2.4779642, Train Acc: 0.3292298
INFO:root:Epoch: 9, Validation loss: 3.5655692, Validation Acc: 0.098958336
INFO:root:Epoch: 10, Train loss: 2.4100454, Train Acc: 0.35195708
INFO:root:Epoch: 10, Validation loss: 3.548768, Validation Acc: 0.119791664
INFO:root:Epoch: 11, Train loss: 2.3211763, Train Acc: 0.38415405
INFO:root:Epoch: 11, Validation loss: 3.564359, Validation Acc: 0.140625
INFO:root:Epoch: 12, Train loss: 2.2317142, Train Acc: 0.3888889
INFO:root:Epoch: 12, Validation loss: 3.6961753, Validation Acc: 0.13541667
INFO:root:Epoch: 13, Train loss: 2.129089, Train Acc: 0.42992425
INFO:root:Epoch: 13, Validation loss: 3.5781248, Validation Acc: 0.111979164
INFO:root:Epoch: 14, Train loss: 2.0906065, Train Acc: 0.42739898
INFO:root:Epoch: 14, Validation loss: 3.7104433, Validation Acc: 0.13020833
INFO:root:Epoch: 15, Train loss: 1.9638588, Train Acc: 0.4665404
INFO:root:Epoch: 15, Validation loss: 3.8362792, Validation Acc: 0.1328125
INFO:root:Epoch: 16, Train loss: 1.8776124, Train Acc: 0.48642677
INFO:root:Epoch: 16, Validation loss: 3.777148, Validation Acc: 0.140625
INFO:root:Epoch: 17, Train loss: 1.8127215, Train Acc: 0.5072601
INFO:root:Epoch: 17, Validation loss: 3.6483545, Validation Acc: 0.13541667
INFO:root:Epoch: 18, Train loss: 1.7460849, Train Acc: 0.51799244
INFO:root:Epoch: 18, Validation loss: 3.6462326, Validation Acc: 0.1484375
INFO:root:Epoch: 19, Train loss: 1.7211014, Train Acc: 0.5296717
INFO:root:Epoch: 19, Validation loss: 3.6732852, Validation Acc: 0.119791664
INFO:root:Epoch: 20, Train loss: 1.5702037, Train Acc: 0.563447
INFO:root:Epoch: 20, Validation loss: 3.8102865, Validation Acc: 0.15104167
INFO:root:Epoch: 21, Train loss: 1.5301178, Train Acc: 0.5669192
INFO:root:Epoch: 21, Validation loss: 3.779211, Validation Acc: 0.17447917
INFO:root:Epoch: 22, Train loss: 1.4723383, Train Acc: 0.5811237
INFO:root:Epoch: 22, Validation loss: 4.0175776, Validation Acc: 0.1484375
INFO:root:Epoch: 23, Train loss: 1.425392, Train Acc: 0.5984849
INFO:root:Epoch: 23, Validation loss: 3.9440005, Validation Acc: 0.15364583
INFO:root:Epoch: 24, Train loss: 1.3810056, Train Acc: 0.62089646
INFO:root:Epoch: 24, Validation loss: 3.857147, Validation Acc: 0.140625
INFO:root:Epoch: 25, Train loss: 1.2709357, Train Acc: 0.6426768
INFO:root:Epoch: 25, Validation loss: 4.046712, Validation Acc: 0.15625
INFO:root:Epoch: 26, Train loss: 1.2146244, Train Acc: 0.65435606
INFO:root:Epoch: 26, Validation loss: 3.9172392, Validation Acc: 0.17447917
INFO:root:Epoch: 27, Train loss: 1.1963509, Train Acc: 0.6685606
INFO:root:Epoch: 27, Validation loss: 4.0444775, Validation Acc: 0.15104167
INFO:root:Epoch: 28, Train loss: 1.135319, Train Acc: 0.688447
INFO:root:Epoch: 28, Validation loss: 4.081036, Validation Acc: 0.16145833
INFO:root:Epoch: 29, Train loss: 1.0907167, Train Acc: 0.68465906
INFO:root:Epoch: 29, Validation loss: 4.139414, Validation Acc: 0.171875
INFO:root:Epoch: 30, Train loss: 1.0851172, Train Acc: 0.69602275
INFO:root:Epoch: 30, Validation loss: 4.13351, Validation Acc: 0.13802083
INFO:root:Epoch: 31, Train loss: 1.0130022, Train Acc: 0.72190654
INFO:root:Epoch: 31, Validation loss: 4.1589007, Validation Acc: 0.19791667
INFO:root:Epoch: 32, Train loss: 0.9823701, Train Acc: 0.72411615
INFO:root:Epoch: 32, Validation loss: 4.065788, Validation Acc: 0.18229167
INFO:root:Epoch: 33, Train loss: 0.9223343, Train Acc: 0.74684346
INFO:root:Epoch: 33, Validation loss: 4.067801, Validation Acc: 0.171875
INFO:root:Epoch: 34, Train loss: 0.9305627, Train Acc: 0.73926765
INFO:root:Epoch: 34, Validation loss: 4.158145, Validation Acc: 0.15104167
INFO:root:Epoch: 35, Train loss: 0.86975867, Train Acc: 0.75410354
INFO:root:Epoch: 35, Validation loss: 4.2036853, Validation Acc: 0.15625
INFO:root:Epoch: 36, Train loss: 0.79580075, Train Acc: 0.7777778
INFO:root:Epoch: 36, Validation loss: 4.3502913, Validation Acc: 0.15885417
INFO:root:Epoch: 37, Train loss: 0.80872756, Train Acc: 0.76799244
INFO:root:Epoch: 37, Validation loss: 4.4289875, Validation Acc: 0.1796875
INFO:root:Epoch: 38, Train loss: 0.72154313, Train Acc: 0.79924244
INFO:root:Epoch: 38, Validation loss: 4.5202155, Validation Acc: 0.15364583
INFO:root:Epoch: 39, Train loss: 0.7322187, Train Acc: 0.78977275
INFO:root:Epoch: 39, Validation loss: 4.461344, Validation Acc: 0.16145833
INFO:root:Epoch: 40, Train loss: 0.67422724, Train Acc: 0.80397725
INFO:root:Epoch: 40, Validation loss: 4.30588, Validation Acc: 0.18489583
INFO:root:Epoch: 41, Train loss: 0.6570383, Train Acc: 0.81881315
INFO:root:Epoch: 41, Validation loss: 4.5858345, Validation Acc: 0.13802083
INFO:root:Epoch: 42, Train loss: 0.6868058, Train Acc: 0.7957702
INFO:root:Epoch: 42, Validation loss: 4.514755, Validation Acc: 0.15625
INFO:root:Epoch: 43, Train loss: 0.64494044, Train Acc: 0.81534094
INFO:root:Epoch: 43, Validation loss: 4.7410903, Validation Acc: 0.13802083
INFO:root:Epoch: 44, Train loss: 0.64926666, Train Acc: 0.813447
INFO:root:Epoch: 44, Validation loss: 4.6959662, Validation Acc: 0.1484375
INFO:root:Epoch: 45, Train loss: 0.6310036, Train Acc: 0.8229167
INFO:root:Epoch: 45, Validation loss: 4.707787, Validation Acc: 0.13020833
INFO:root:Epoch: 46, Train loss: 0.59275067, Train Acc: 0.8260732
INFO:root:Epoch: 46, Validation loss: 4.6738358, Validation Acc: 0.16145833
INFO:root:Epoch: 47, Train loss: 0.56193495, Train Acc: 0.8390151
INFO:root:Epoch: 47, Validation loss: 4.5838113, Validation Acc: 0.16927083
INFO:root:Epoch: 48, Train loss: 0.5579817, Train Acc: 0.8380682
INFO:root:Epoch: 48, Validation loss: 4.5859885, Validation Acc: 0.15625
INFO:root:Epoch: 49, Train loss: 0.5476852, Train Acc: 0.844697
INFO:root:Epoch: 49, Validation loss: 4.655166, Validation Acc: 0.15885417
INFO:root:Epoch: 50, Train loss: 0.5202611, Train Acc: 0.8481692
INFO:root:Epoch: 50, Validation loss: 4.536835, Validation Acc: 0.16145833
INFO:root:Epoch: 51, Train loss: 0.4668484, Train Acc: 0.865846
INFO:root:Epoch: 51, Validation loss: 4.7205706, Validation Acc: 0.1484375
INFO:root:Epoch: 52, Train loss: 0.48131973, Train Acc: 0.85921717
INFO:root:Epoch: 52, Validation loss: 4.7257314, Validation Acc: 0.16927083
INFO:root:Epoch: 53, Train loss: 0.50071925, Train Acc: 0.85258836
INFO:root:Epoch: 53, Validation loss: 4.589405, Validation Acc: 0.16145833
INFO:root:Epoch: 54, Train loss: 0.48151803, Train Acc: 0.8614268
INFO:root:Epoch: 54, Validation loss: 4.655411, Validation Acc: 0.171875
INFO:root:Epoch: 55, Train loss: 0.4472472, Train Acc: 0.8667929
INFO:root:Epoch: 55, Validation loss: 4.482875, Validation Acc: 0.21875
INFO:root:Epoch: 56, Train loss: 0.46960998, Train Acc: 0.86647725
INFO:root:Epoch: 56, Validation loss: 4.8069806, Validation Acc: 0.14322917
INFO:root:Epoch: 57, Train loss: 0.43167865, Train Acc: 0.8772096
INFO:root:Epoch: 57, Validation loss: 4.8844028, Validation Acc: 0.19270833
INFO:root:Epoch: 58, Train loss: 0.43264464, Train Acc: 0.8693182
INFO:root:Epoch: 58, Validation loss: 4.6941895, Validation Acc: 0.16927083
INFO:root:Epoch: 59, Train loss: 0.42398107, Train Acc: 0.8806818
INFO:root:Epoch: 59, Validation loss: 4.866983, Validation Acc: 0.17447917
INFO:root:Training from ep 0 to ep 60 finished
INFO:root:Best epoch: 56
