INFO:root:Started
INFO:root:Epoch: 0, Train loss: 0.047617402
INFO:root:Epoch: 0, Validation loss: 0.011256163
INFO:root:Epoch: 1, Train loss: 0.0045751547
INFO:root:Epoch: 1, Validation loss: 0.0024957948
INFO:root:Epoch: 2, Train loss: 0.0018595005
INFO:root:Epoch: 2, Validation loss: 0.0012640982
INFO:root:Epoch: 3, Train loss: 0.00094559765
INFO:root:Epoch: 3, Validation loss: 0.000761797
INFO:root:Epoch: 4, Train loss: 0.000603743
INFO:root:Epoch: 4, Validation loss: 0.0005484387
INFO:root:Epoch: 5, Train loss: 0.0004445513
INFO:root:Epoch: 5, Validation loss: 0.00039640523
INFO:root:Epoch: 6, Train loss: 0.00033343368
INFO:root:Epoch: 6, Validation loss: 0.00028633358
INFO:root:Epoch: 7, Train loss: 0.00026684103
INFO:root:Epoch: 7, Validation loss: 0.00026945947
INFO:root:Epoch: 8, Train loss: 0.00022175901
INFO:root:Epoch: 8, Validation loss: 0.00017999549
INFO:root:Epoch: 9, Train loss: 0.00019471004
INFO:root:Epoch: 9, Validation loss: 0.00018705266
INFO:root:Epoch: 10, Train loss: 0.0001672255
INFO:root:Epoch: 10, Validation loss: 0.00013930777
INFO:root:Epoch: 11, Train loss: 0.00014888415
INFO:root:Epoch: 11, Validation loss: 0.00011953645
INFO:root:Epoch: 12, Train loss: 0.00013187193
INFO:root:Epoch: 12, Validation loss: 9.323008e-05
INFO:root:Epoch: 13, Train loss: 0.00012843646
INFO:root:Epoch: 13, Validation loss: 0.00012890181
INFO:root:Epoch: 14, Train loss: 0.000110630106
INFO:root:Epoch: 14, Validation loss: 8.470865e-05
INFO:root:Epoch: 15, Train loss: 0.00010095907
INFO:root:Epoch: 15, Validation loss: 9.126941e-05
INFO:root:Epoch: 16, Train loss: 8.494017e-05
INFO:root:Epoch: 16, Validation loss: 7.486458e-05
INFO:root:Epoch: 17, Train loss: 8.073087e-05
INFO:root:Epoch: 17, Validation loss: 7.485705e-05
INFO:root:Epoch: 18, Train loss: 7.477526e-05
INFO:root:Epoch: 18, Validation loss: 6.1800914e-05
INFO:root:Epoch: 19, Train loss: 6.834577e-05
INFO:root:Epoch: 19, Validation loss: 4.417001e-05
INFO:root:Epoch: 20, Train loss: 6.693146e-05
INFO:root:Epoch: 20, Validation loss: 5.3528373e-05
INFO:root:Epoch: 21, Train loss: 6.1303544e-05
INFO:root:Epoch: 21, Validation loss: 4.8661856e-05
INFO:root:Epoch: 22, Train loss: 5.5651457e-05
INFO:root:Epoch: 22, Validation loss: 2.9813464e-05
INFO:root:Epoch: 23, Train loss: 5.2292326e-05
INFO:root:Epoch: 23, Validation loss: 4.3634285e-05
INFO:root:Epoch: 24, Train loss: 4.932356e-05
INFO:root:Epoch: 24, Validation loss: 3.387516e-05
INFO:root:Epoch: 25, Train loss: 4.4055527e-05
INFO:root:Epoch: 25, Validation loss: 3.6177094e-05
INFO:root:Epoch: 26, Train loss: 4.5859582e-05
INFO:root:Epoch: 26, Validation loss: 2.9581823e-05
INFO:root:Epoch: 27, Train loss: 4.6047815e-05
INFO:root:Epoch: 27, Validation loss: 4.421771e-05
INFO:root:Epoch: 28, Train loss: 4.225951e-05
INFO:root:Epoch: 28, Validation loss: 3.0682175e-05
INFO:root:Epoch: 29, Train loss: 3.795279e-05
INFO:root:Epoch: 29, Validation loss: 2.7551969e-05
INFO:root:Epoch: 30, Train loss: 3.5527068e-05
INFO:root:Epoch: 30, Validation loss: 2.388865e-05
INFO:root:Epoch: 31, Train loss: 3.758984e-05
INFO:root:Epoch: 31, Validation loss: 3.49538e-05
INFO:root:Epoch: 32, Train loss: 3.1673135e-05
INFO:root:Epoch: 32, Validation loss: 3.2968386e-05
INFO:root:Epoch: 33, Train loss: 3.3258675e-05
INFO:root:Epoch: 33, Validation loss: 3.4172645e-05
INFO:root:Epoch: 34, Train loss: 3.2652642e-05
INFO:root:Epoch: 34, Validation loss: 1.865055e-05
INFO:root:Epoch: 35, Train loss: 2.7965814e-05
INFO:root:Epoch: 35, Validation loss: 1.5972084e-05
INFO:root:Epoch: 36, Train loss: 2.956244e-05
INFO:root:Epoch: 36, Validation loss: 1.40668635e-05
INFO:root:Epoch: 37, Train loss: 2.7365733e-05
INFO:root:Epoch: 37, Validation loss: 2.1720552e-05
INFO:root:Epoch: 38, Train loss: 2.6213496e-05
INFO:root:Epoch: 38, Validation loss: 1.3745397e-05
INFO:root:Epoch: 39, Train loss: 2.461935e-05
INFO:root:Epoch: 39, Validation loss: 1.5990723e-05
INFO:root:Epoch: 40, Train loss: 2.4683713e-05
INFO:root:Epoch: 40, Validation loss: 1.6841153e-05
INFO:root:Epoch: 41, Train loss: 2.377438e-05
INFO:root:Epoch: 41, Validation loss: 1.7460081e-05
INFO:root:Epoch: 42, Train loss: 2.2123193e-05
INFO:root:Epoch: 42, Validation loss: 1.551669e-05
INFO:root:Epoch: 43, Train loss: 2.2286285e-05
INFO:root:Epoch: 43, Validation loss: 1.40817865e-05
INFO:root:Epoch: 44, Train loss: 2.0199062e-05
INFO:root:Epoch: 44, Validation loss: 1.278166e-05
INFO:root:Epoch: 45, Train loss: 2.1643675e-05
INFO:root:Epoch: 45, Validation loss: 1.5352378e-05
INFO:root:Epoch: 46, Train loss: 2.3308638e-05
INFO:root:Epoch: 46, Validation loss: 1.43180505e-05
INFO:root:Epoch: 47, Train loss: 1.8775796e-05
INFO:root:Epoch: 47, Validation loss: 1.5909589e-05
INFO:root:Epoch: 48, Train loss: 1.7788781e-05
INFO:root:Epoch: 48, Validation loss: 6.932345e-06
INFO:root:Epoch: 49, Train loss: 1.7936623e-05
INFO:root:Epoch: 49, Validation loss: 1.0029582e-05
INFO:root:Epoch: 50, Train loss: 1.7762324e-05
INFO:root:Epoch: 50, Validation loss: 6.338984e-06
INFO:root:Epoch: 51, Train loss: 3.662286e-05
INFO:root:Epoch: 51, Validation loss: 1.39490285e-05
INFO:root:Epoch: 52, Train loss: 2.3831919e-05
INFO:root:Epoch: 52, Validation loss: 1.0311578e-05
INFO:root:Epoch: 53, Train loss: 1.7078119e-05
INFO:root:Epoch: 53, Validation loss: 1.3011745e-05
INFO:root:Epoch: 54, Train loss: 1.8115243e-05
INFO:root:Epoch: 54, Validation loss: 8.997322e-06
INFO:root:Epoch: 55, Train loss: 1.3904923e-05
INFO:root:Epoch: 55, Validation loss: 8.885255e-06
INFO:root:Epoch: 56, Train loss: 1.3838904e-05
INFO:root:Epoch: 56, Validation loss: 7.0482006e-06
INFO:root:Epoch: 57, Train loss: 1.5181485e-05
INFO:root:Epoch: 57, Validation loss: 6.6722655e-06
INFO:root:Epoch: 58, Train loss: 1.521758e-05
INFO:root:Epoch: 58, Validation loss: 2.9722053e-06
INFO:root:Epoch: 59, Train loss: 1.1509882e-05
INFO:root:Epoch: 59, Validation loss: 7.3956576e-06
INFO:root:Epoch: 60, Train loss: 1.2628098e-05
INFO:root:Epoch: 60, Validation loss: 7.8231415e-06
INFO:root:Epoch: 61, Train loss: 1.4473427e-05
INFO:root:Epoch: 61, Validation loss: 1.2526038e-05
INFO:root:Epoch: 62, Train loss: 1.2086108e-05
INFO:root:Epoch: 62, Validation loss: 4.307578e-06
INFO:root:Epoch: 63, Train loss: 1.2437428e-05
INFO:root:Epoch: 63, Validation loss: 5.200574e-06
INFO:root:Epoch: 64, Train loss: 1.4915131e-05
INFO:root:Epoch: 64, Validation loss: 5.6869885e-06
INFO:root:Epoch: 65, Train loss: 1.06229145e-05
INFO:root:Epoch: 65, Validation loss: 2.4424824e-06
INFO:root:Epoch: 66, Train loss: 1.1292446e-05
INFO:root:Epoch: 66, Validation loss: 8.1186545e-06
INFO:root:Epoch: 67, Train loss: 1.2165879e-05
INFO:root:Epoch: 67, Validation loss: 5.482851e-06
INFO:root:Epoch: 68, Train loss: 1.1537141e-05
INFO:root:Epoch: 68, Validation loss: 6.2522026e-06
INFO:root:Epoch: 69, Train loss: 1.2652398e-05
INFO:root:Epoch: 69, Validation loss: 3.885781e-06
INFO:root:Epoch: 70, Train loss: 9.9608815e-06
INFO:root:Epoch: 70, Validation loss: 4.086892e-06
INFO:root:Epoch: 71, Train loss: 1.00529e-05
INFO:root:Epoch: 71, Validation loss: 2.4205185e-06
INFO:root:Epoch: 72, Train loss: 1.2780416e-05
INFO:root:Epoch: 72, Validation loss: 7.38539e-06
INFO:root:Epoch: 73, Train loss: 1.1957587e-05
INFO:root:Epoch: 73, Validation loss: 5.4887423e-06
INFO:root:Epoch: 74, Train loss: 8.403001e-06
INFO:root:Epoch: 74, Validation loss: 3.5423425e-06
INFO:root:Epoch: 75, Train loss: 7.657704e-06
INFO:root:Epoch: 75, Validation loss: 1.9243878e-06
INFO:root:Epoch: 76, Train loss: 9.113537e-06
INFO:root:Epoch: 76, Validation loss: 3.7315915e-06
INFO:root:Epoch: 77, Train loss: 8.102551e-06
INFO:root:Epoch: 77, Validation loss: 3.5221503e-06
INFO:root:Epoch: 78, Train loss: 8.233778e-06
INFO:root:Epoch: 78, Validation loss: 4.8884235e-06
INFO:root:Epoch: 79, Train loss: 7.888406e-06
INFO:root:Epoch: 79, Validation loss: 3.2970067e-06
INFO:root:Epoch: 80, Train loss: 5.530361e-06
INFO:root:Epoch: 80, Validation loss: 3.7118477e-06
INFO:root:Epoch: 81, Train loss: 6.2102267e-06
INFO:root:Epoch: 81, Validation loss: 1.0573259e-06
INFO:root:Epoch: 82, Train loss: 7.685357e-06
INFO:root:Epoch: 82, Validation loss: 3.8385183e-06
INFO:root:Epoch: 83, Train loss: 6.876519e-06
INFO:root:Epoch: 83, Validation loss: 1.5583132e-06
INFO:root:Epoch: 84, Train loss: 6.1888163e-06
INFO:root:Epoch: 84, Validation loss: 1.7091121e-06
INFO:root:Epoch: 85, Train loss: 6.304244e-06
INFO:root:Epoch: 85, Validation loss: 5.2130667e-06
INFO:root:Epoch: 86, Train loss: 7.2153985e-06
INFO:root:Epoch: 86, Validation loss: 3.1419106e-06
INFO:root:Epoch: 87, Train loss: 6.5930617e-06
INFO:root:Epoch: 87, Validation loss: 3.237629e-06
INFO:root:Epoch: 88, Train loss: 6.3189127e-06
INFO:root:Epoch: 88, Validation loss: 1.1928154e-06
INFO:root:Epoch: 89, Train loss: 6.5357103e-06
INFO:root:Epoch: 89, Validation loss: 1.133165e-06
INFO:root:Epoch: 90, Train loss: 6.1933e-06
INFO:root:Epoch: 90, Validation loss: 4.4281596e-06
INFO:root:Epoch: 91, Train loss: 5.4634957e-06
INFO:root:Epoch: 91, Validation loss: 5.077598e-07
INFO:root:Epoch: 92, Train loss: 4.9343644e-06
INFO:root:Epoch: 92, Validation loss: 1.3991526e-06
INFO:root:Epoch: 93, Train loss: 4.7157623e-06
INFO:root:Epoch: 93, Validation loss: 1.0727545e-06
INFO:root:Epoch: 94, Train loss: 5.7698308e-06
INFO:root:Epoch: 94, Validation loss: 1.1334971e-06
INFO:root:Epoch: 95, Train loss: 5.3505682e-06
INFO:root:Epoch: 95, Validation loss: 3.595245e-06
INFO:root:Epoch: 96, Train loss: 5.4224765e-06
INFO:root:Epoch: 96, Validation loss: 2.3509099e-06
INFO:root:Epoch: 97, Train loss: 4.581833e-06
INFO:root:Epoch: 97, Validation loss: 2.4936285e-06
INFO:root:Epoch: 98, Train loss: 6.3994175e-06
INFO:root:Epoch: 98, Validation loss: 2.2434854e-06
INFO:root:Epoch: 99, Train loss: 4.9586083e-06
INFO:root:Epoch: 99, Validation loss: 2.9768685e-07
INFO:root:Training from ep 0 to ep 100 finished
INFO:root:Best epoch: 100
