INFO:root:Started
INFO:root:Epoch: 0, Train loss: 3.8647757, Train Acc: 0.02935606
INFO:root:Epoch: 0, Validation loss: 3.8142455, Validation Acc: 0.044270832
INFO:root:Epoch: 1, Train loss: 3.7309484, Train Acc: 0.056818184
INFO:root:Epoch: 1, Validation loss: 3.6512058, Validation Acc: 0.0703125
INFO:root:Epoch: 2, Train loss: 3.6517253, Train Acc: 0.06344697
INFO:root:Epoch: 2, Validation loss: 3.6718597, Validation Acc: 0.057291668
INFO:root:Epoch: 3, Train loss: 3.566283, Train Acc: 0.09375
INFO:root:Epoch: 3, Validation loss: 3.6159685, Validation Acc: 0.0546875
INFO:root:Epoch: 4, Train loss: 3.490633, Train Acc: 0.10227273
INFO:root:Epoch: 4, Validation loss: 3.499039, Validation Acc: 0.109375
INFO:root:Epoch: 5, Train loss: 3.4018457, Train Acc: 0.12215909
INFO:root:Epoch: 5, Validation loss: 3.4714706, Validation Acc: 0.098958336
INFO:root:Epoch: 6, Train loss: 3.3511944, Train Acc: 0.122474745
INFO:root:Epoch: 6, Validation loss: 3.4646578, Validation Acc: 0.1171875
INFO:root:Epoch: 7, Train loss: 3.273389, Train Acc: 0.14962122
INFO:root:Epoch: 7, Validation loss: 3.4861357, Validation Acc: 0.104166664
INFO:root:Epoch: 8, Train loss: 3.2169502, Train Acc: 0.16445707
INFO:root:Epoch: 8, Validation loss: 3.4666548, Validation Acc: 0.098958336
INFO:root:Epoch: 9, Train loss: 3.1097283, Train Acc: 0.17676768
INFO:root:Epoch: 9, Validation loss: 3.4353857, Validation Acc: 0.114583336
INFO:root:Epoch: 10, Train loss: 3.032543, Train Acc: 0.18655303
INFO:root:Epoch: 10, Validation loss: 3.4640324, Validation Acc: 0.125
INFO:root:Epoch: 11, Train loss: 2.9580307, Train Acc: 0.2143308
INFO:root:Epoch: 11, Validation loss: 3.3557556, Validation Acc: 0.125
INFO:root:Epoch: 12, Train loss: 2.9259348, Train Acc: 0.21654041
INFO:root:Epoch: 12, Validation loss: 3.2321923, Validation Acc: 0.13020833
INFO:root:Epoch: 13, Train loss: 2.8359165, Train Acc: 0.24494949
INFO:root:Epoch: 13, Validation loss: 3.3092325, Validation Acc: 0.13020833
INFO:root:Epoch: 14, Train loss: 2.852158, Train Acc: 0.24337122
INFO:root:Epoch: 14, Validation loss: 3.271717, Validation Acc: 0.122395836
INFO:root:Epoch: 15, Train loss: 2.7532108, Train Acc: 0.26799244
INFO:root:Epoch: 15, Validation loss: 3.4098423, Validation Acc: 0.13802083
INFO:root:Epoch: 16, Train loss: 2.6767056, Train Acc: 0.27304292
INFO:root:Epoch: 16, Validation loss: 3.2528992, Validation Acc: 0.15364583
INFO:root:Epoch: 17, Train loss: 2.6491404, Train Acc: 0.28566918
INFO:root:Epoch: 17, Validation loss: 3.2392304, Validation Acc: 0.16927083
INFO:root:Epoch: 18, Train loss: 2.5845535, Train Acc: 0.30050504
INFO:root:Epoch: 18, Validation loss: 3.2199962, Validation Acc: 0.13541667
INFO:root:Epoch: 19, Train loss: 2.5721328, Train Acc: 0.3090278
INFO:root:Epoch: 19, Validation loss: 3.2564373, Validation Acc: 0.14322917
INFO:root:Epoch: 20, Train loss: 2.467782, Train Acc: 0.33996212
INFO:root:Epoch: 20, Validation loss: 3.2065394, Validation Acc: 0.15625
INFO:root:Epoch: 21, Train loss: 2.458259, Train Acc: 0.34217173
INFO:root:Epoch: 21, Validation loss: 3.0843842, Validation Acc: 0.19791667
INFO:root:Epoch: 22, Train loss: 2.3658102, Train Acc: 0.37405303
INFO:root:Epoch: 22, Validation loss: 3.331093, Validation Acc: 0.15104167
INFO:root:Epoch: 23, Train loss: 2.3413553, Train Acc: 0.37594697
INFO:root:Epoch: 23, Validation loss: 3.258929, Validation Acc: 0.140625
INFO:root:Epoch: 24, Train loss: 2.2845683, Train Acc: 0.37468433
INFO:root:Epoch: 24, Validation loss: 3.3140848, Validation Acc: 0.1640625
INFO:root:Epoch: 25, Train loss: 2.2411003, Train Acc: 0.3888889
INFO:root:Epoch: 25, Validation loss: 3.3386834, Validation Acc: 0.15885417
INFO:root:Epoch: 26, Train loss: 2.21002, Train Acc: 0.3923611
INFO:root:Epoch: 26, Validation loss: 3.2784727, Validation Acc: 0.17708333
INFO:root:Epoch: 27, Train loss: 2.1464057, Train Acc: 0.41035354
INFO:root:Epoch: 27, Validation loss: 3.325217, Validation Acc: 0.16666667
INFO:root:Epoch: 28, Train loss: 2.1151354, Train Acc: 0.42708334
INFO:root:Epoch: 28, Validation loss: 3.1794002, Validation Acc: 0.19010417
INFO:root:Epoch: 29, Train loss: 2.0749247, Train Acc: 0.43623737
INFO:root:Epoch: 29, Validation loss: 3.2471578, Validation Acc: 0.19791667
INFO:root:Training from ep 0 to ep 30 finished
INFO:root:Best epoch: 22
INFO:root:Started
INFO:root:Epoch: 30, Train loss: 2.0204034, Train Acc: 0.44791666
INFO:root:Epoch: 30, Validation loss: 3.2257183, Validation Acc: 0.19270833
INFO:root:Epoch: 31, Train loss: 1.9257532, Train Acc: 0.47664142
INFO:root:Epoch: 31, Validation loss: 3.3062038, Validation Acc: 0.171875
INFO:root:Epoch: 32, Train loss: 1.8748153, Train Acc: 0.49147728
INFO:root:Epoch: 32, Validation loss: 3.3099453, Validation Acc: 0.17708333
INFO:root:Epoch: 33, Train loss: 1.8583663, Train Acc: 0.48421717
INFO:root:Epoch: 33, Validation loss: 3.3896787, Validation Acc: 0.18229167
INFO:root:Epoch: 34, Train loss: 1.8507737, Train Acc: 0.49305555
INFO:root:Epoch: 34, Validation loss: 3.3491218, Validation Acc: 0.19791667
INFO:root:Epoch: 35, Train loss: 1.7692704, Train Acc: 0.5135732
INFO:root:Epoch: 35, Validation loss: 3.4482262, Validation Acc: 0.16666667
INFO:root:Epoch: 36, Train loss: 1.7598689, Train Acc: 0.51420456
INFO:root:Epoch: 36, Validation loss: 3.4097855, Validation Acc: 0.1484375
INFO:root:Epoch: 37, Train loss: 1.6980673, Train Acc: 0.5347222
INFO:root:Epoch: 37, Validation loss: 3.5120103, Validation Acc: 0.16927083
INFO:root:Epoch: 38, Train loss: 1.659719, Train Acc: 0.54671717
INFO:root:Epoch: 38, Validation loss: 3.4843245, Validation Acc: 0.1796875
INFO:root:Epoch: 39, Train loss: 1.629212, Train Acc: 0.53977275
INFO:root:Epoch: 39, Validation loss: 3.58496, Validation Acc: 0.16927083
INFO:root:Epoch: 40, Train loss: 1.5710503, Train Acc: 0.5703914
INFO:root:Epoch: 40, Validation loss: 3.3195202, Validation Acc: 0.20052083
INFO:root:Epoch: 41, Train loss: 1.5356618, Train Acc: 0.5684975
INFO:root:Epoch: 41, Validation loss: 3.5334237, Validation Acc: 0.16927083
INFO:root:Epoch: 42, Train loss: 1.4918944, Train Acc: 0.5760732
INFO:root:Epoch: 42, Validation loss: 3.3756106, Validation Acc: 0.19791667
INFO:root:Epoch: 43, Train loss: 1.4802282, Train Acc: 0.5877525
INFO:root:Epoch: 43, Validation loss: 3.503068, Validation Acc: 0.19010417
INFO:root:Epoch: 44, Train loss: 1.5085635, Train Acc: 0.5808081
INFO:root:Epoch: 44, Validation loss: 3.5030143, Validation Acc: 0.19010417
INFO:root:Epoch: 45, Train loss: 1.4244899, Train Acc: 0.5994318
INFO:root:Epoch: 45, Validation loss: 3.7338667, Validation Acc: 0.16666667
INFO:root:Epoch: 46, Train loss: 1.3749985, Train Acc: 0.6063763
INFO:root:Epoch: 46, Validation loss: 3.537629, Validation Acc: 0.19791667
INFO:root:Epoch: 47, Train loss: 1.3480308, Train Acc: 0.614899
INFO:root:Epoch: 47, Validation loss: 3.532322, Validation Acc: 0.19010417
INFO:root:Epoch: 48, Train loss: 1.3239057, Train Acc: 0.6284722
INFO:root:Epoch: 48, Validation loss: 3.533027, Validation Acc: 0.20572917
INFO:root:Epoch: 49, Train loss: 1.2947751, Train Acc: 0.63383836
INFO:root:Epoch: 49, Validation loss: 3.5594254, Validation Acc: 0.1953125
INFO:root:Epoch: 50, Train loss: 1.2488217, Train Acc: 0.647096
INFO:root:Epoch: 50, Validation loss: 3.479286, Validation Acc: 0.20572917
INFO:root:Epoch: 51, Train loss: 1.2657384, Train Acc: 0.6366793
INFO:root:Epoch: 51, Validation loss: 3.5493276, Validation Acc: 0.20052083
INFO:root:Epoch: 52, Train loss: 1.170806, Train Acc: 0.6691919
INFO:root:Epoch: 52, Validation loss: 3.7747853, Validation Acc: 0.19270833
INFO:root:Epoch: 53, Train loss: 1.1594, Train Acc: 0.67676765
INFO:root:Epoch: 53, Validation loss: 3.8119118, Validation Acc: 0.1484375
INFO:root:Epoch: 54, Train loss: 1.1245387, Train Acc: 0.6736111
INFO:root:Epoch: 54, Validation loss: 3.6963437, Validation Acc: 0.17708333
INFO:root:Epoch: 55, Train loss: 1.1097277, Train Acc: 0.6780303
INFO:root:Epoch: 55, Validation loss: 3.7183206, Validation Acc: 0.18229167
INFO:root:Epoch: 56, Train loss: 1.1031661, Train Acc: 0.67897725
INFO:root:Epoch: 56, Validation loss: 3.7108204, Validation Acc: 0.203125
INFO:root:Epoch: 57, Train loss: 1.0596708, Train Acc: 0.7001263
INFO:root:Epoch: 57, Validation loss: 3.7272742, Validation Acc: 0.20572917
INFO:root:Epoch: 58, Train loss: 1.0388056, Train Acc: 0.7001263
INFO:root:Epoch: 58, Validation loss: 3.759534, Validation Acc: 0.20572917
INFO:root:Epoch: 59, Train loss: 1.0094179, Train Acc: 0.7149621
INFO:root:Epoch: 59, Validation loss: 3.7084444, Validation Acc: 0.22135417
INFO:root:Training from ep 30 to ep 60 finished
INFO:root:Best epoch: 60
