INFO:root:Started
INFO:root:Epoch: 0, Train loss: 29.869593
INFO:root:Epoch: 0, Validation loss: 16.577808
INFO:root:Epoch: 1, Train loss: 16.657969
INFO:root:Epoch: 1, Validation loss: 16.677185
INFO:root:Epoch: 2, Train loss: 12.931088
INFO:root:Epoch: 2, Validation loss: 13.711931
INFO:root:Epoch: 3, Train loss: 11.18433
INFO:root:Epoch: 3, Validation loss: 11.468586
INFO:root:Epoch: 4, Train loss: 10.13047
INFO:root:Epoch: 4, Validation loss: 10.931711
INFO:root:Epoch: 5, Train loss: 9.263842
INFO:root:Epoch: 5, Validation loss: 9.563192
INFO:root:Epoch: 6, Train loss: 8.561702
INFO:root:Epoch: 6, Validation loss: 8.660828
INFO:root:Epoch: 7, Train loss: 7.950813
INFO:root:Epoch: 7, Validation loss: 8.22146
INFO:root:Epoch: 8, Train loss: 7.5310283
INFO:root:Epoch: 8, Validation loss: 7.2264395
INFO:root:Epoch: 9, Train loss: 7.08411
INFO:root:Epoch: 9, Validation loss: 7.5711613
INFO:root:Epoch: 10, Train loss: 6.725506
INFO:root:Epoch: 10, Validation loss: 6.7068114
INFO:root:Epoch: 11, Train loss: 6.427254
INFO:root:Epoch: 11, Validation loss: 6.413718
INFO:root:Epoch: 12, Train loss: 6.213907
INFO:root:Epoch: 12, Validation loss: 6.476823
INFO:root:Epoch: 13, Train loss: 5.9891605
INFO:root:Epoch: 13, Validation loss: 6.1850452
INFO:root:Epoch: 14, Train loss: 5.8232303
INFO:root:Epoch: 14, Validation loss: 5.7629895
INFO:root:Epoch: 15, Train loss: 5.6241474
INFO:root:Epoch: 15, Validation loss: 5.677994
INFO:root:Epoch: 16, Train loss: 5.527894
INFO:root:Epoch: 16, Validation loss: 5.58971
INFO:root:Epoch: 17, Train loss: 5.3669367
INFO:root:Epoch: 17, Validation loss: 5.4888773
INFO:root:Epoch: 18, Train loss: 5.28863
INFO:root:Epoch: 18, Validation loss: 5.2030554
INFO:root:Epoch: 19, Train loss: 5.1250744
INFO:root:Epoch: 19, Validation loss: 4.9789715
INFO:root:Epoch: 20, Train loss: 4.9795933
INFO:root:Epoch: 20, Validation loss: 4.850317
INFO:root:Epoch: 21, Train loss: 4.7162504
INFO:root:Epoch: 21, Validation loss: 4.589431
INFO:root:Epoch: 22, Train loss: 4.1775184
INFO:root:Epoch: 22, Validation loss: 4.300944
INFO:root:Epoch: 23, Train loss: 3.816339
INFO:root:Epoch: 23, Validation loss: 4.136362
INFO:root:Epoch: 24, Train loss: 3.5941715
INFO:root:Epoch: 24, Validation loss: 4.0087743
INFO:root:Epoch: 25, Train loss: 3.3723528
INFO:root:Epoch: 25, Validation loss: 3.7892523
INFO:root:Epoch: 26, Train loss: 3.2414408
INFO:root:Epoch: 26, Validation loss: 3.6982017
INFO:root:Epoch: 27, Train loss: 3.1660676
INFO:root:Epoch: 27, Validation loss: 3.3957968
INFO:root:Epoch: 28, Train loss: 3.0497553
INFO:root:Epoch: 28, Validation loss: 3.4674454
INFO:root:Epoch: 29, Train loss: 3.0416436
INFO:root:Epoch: 29, Validation loss: 3.0734468
INFO:root:Epoch: 30, Train loss: 3.0560665
INFO:root:Epoch: 30, Validation loss: 3.5176687
INFO:root:Epoch: 31, Train loss: 3.039623
INFO:root:Epoch: 31, Validation loss: 3.1447942
INFO:root:Epoch: 32, Train loss: 2.9282317
INFO:root:Epoch: 32, Validation loss: 3.2437763
INFO:root:Epoch: 33, Train loss: 2.9246423
INFO:root:Epoch: 33, Validation loss: 3.1848814
INFO:root:Epoch: 34, Train loss: 2.8266778
INFO:root:Epoch: 34, Validation loss: 2.8721051
INFO:root:Epoch: 35, Train loss: 2.7959669
INFO:root:Epoch: 35, Validation loss: 3.1041157
INFO:root:Epoch: 36, Train loss: 2.767249
INFO:root:Epoch: 36, Validation loss: 2.921351
INFO:root:Epoch: 37, Train loss: 2.7564704
INFO:root:Epoch: 37, Validation loss: 2.8294353
INFO:root:Epoch: 38, Train loss: 2.7274325
INFO:root:Epoch: 38, Validation loss: 2.9669852
INFO:root:Epoch: 39, Train loss: 2.7202826
INFO:root:Epoch: 39, Validation loss: 2.9523244
INFO:root:Epoch: 40, Train loss: 2.7546303
INFO:root:Epoch: 40, Validation loss: 2.7225804
INFO:root:Epoch: 41, Train loss: 2.7228966
INFO:root:Epoch: 41, Validation loss: 2.9078856
INFO:root:Epoch: 42, Train loss: 2.6959438
INFO:root:Epoch: 42, Validation loss: 2.7918057
INFO:root:Epoch: 43, Train loss: 2.6626024
INFO:root:Epoch: 43, Validation loss: 2.6067672
INFO:root:Epoch: 44, Train loss: 2.6558313
INFO:root:Epoch: 44, Validation loss: 2.8259256
INFO:root:Epoch: 45, Train loss: 2.6154342
INFO:root:Epoch: 45, Validation loss: 2.636518
INFO:root:Epoch: 46, Train loss: 2.604966
INFO:root:Epoch: 46, Validation loss: 2.8344798
INFO:root:Epoch: 47, Train loss: 2.5749705
INFO:root:Epoch: 47, Validation loss: 2.8624973
INFO:root:Epoch: 48, Train loss: 2.5423715
INFO:root:Epoch: 48, Validation loss: 2.6561747
INFO:root:Epoch: 49, Train loss: 2.5447264
INFO:root:Epoch: 49, Validation loss: 2.862749
INFO:root:Epoch: 50, Train loss: 2.5139492
INFO:root:Epoch: 50, Validation loss: 2.6445756
INFO:root:Epoch: 51, Train loss: 2.510739
INFO:root:Epoch: 51, Validation loss: 2.5308776
INFO:root:Epoch: 52, Train loss: 2.5077958
INFO:root:Epoch: 52, Validation loss: 2.5001962
INFO:root:Epoch: 53, Train loss: 2.4667373
INFO:root:Epoch: 53, Validation loss: 2.732316
INFO:root:Epoch: 54, Train loss: 2.4903493
INFO:root:Epoch: 54, Validation loss: 2.5376515
INFO:root:Epoch: 55, Train loss: 2.4479942
INFO:root:Epoch: 55, Validation loss: 2.4779675
INFO:root:Epoch: 56, Train loss: 2.4708982
INFO:root:Epoch: 56, Validation loss: 2.6425004
INFO:root:Epoch: 57, Train loss: 2.444274
INFO:root:Epoch: 57, Validation loss: 2.5999038
INFO:root:Epoch: 58, Train loss: 2.4233162
INFO:root:Epoch: 58, Validation loss: 2.4895878
INFO:root:Epoch: 59, Train loss: 2.4093423
INFO:root:Epoch: 59, Validation loss: 2.4693816
INFO:root:Epoch: 60, Train loss: 2.4281542
INFO:root:Epoch: 60, Validation loss: 2.5357304
INFO:root:Epoch: 61, Train loss: 2.3705082
INFO:root:Epoch: 61, Validation loss: 2.607119
INFO:root:Epoch: 62, Train loss: 2.4079053
INFO:root:Epoch: 62, Validation loss: 2.5109282
INFO:root:Epoch: 63, Train loss: 2.358062
INFO:root:Epoch: 63, Validation loss: 2.4622822
INFO:root:Epoch: 64, Train loss: 2.3615484
INFO:root:Epoch: 64, Validation loss: 2.624238
INFO:root:Epoch: 65, Train loss: 2.41147
INFO:root:Epoch: 65, Validation loss: 2.3985958
INFO:root:Epoch: 66, Train loss: 2.3873317
INFO:root:Epoch: 66, Validation loss: 2.6238604
INFO:root:Epoch: 67, Train loss: 2.3664494
INFO:root:Epoch: 67, Validation loss: 2.660633
INFO:root:Epoch: 68, Train loss: 2.3691235
INFO:root:Epoch: 68, Validation loss: 2.3285685
INFO:root:Epoch: 69, Train loss: 2.3259723
INFO:root:Epoch: 69, Validation loss: 2.5063155
INFO:root:Epoch: 70, Train loss: 2.331686
INFO:root:Epoch: 70, Validation loss: 2.3968163
INFO:root:Epoch: 71, Train loss: 2.3568347
INFO:root:Epoch: 71, Validation loss: 2.4511943
INFO:root:Epoch: 72, Train loss: 2.3280056
INFO:root:Epoch: 72, Validation loss: 2.4321558
INFO:root:Epoch: 73, Train loss: 2.339861
INFO:root:Epoch: 73, Validation loss: 2.389883
INFO:root:Epoch: 74, Train loss: 2.3323584
INFO:root:Epoch: 74, Validation loss: 2.4564776
INFO:root:Epoch: 75, Train loss: 2.3142035
INFO:root:Epoch: 75, Validation loss: 2.47193
INFO:root:Epoch: 76, Train loss: 2.3047347
INFO:root:Epoch: 76, Validation loss: 2.4517164
INFO:root:Epoch: 77, Train loss: 2.3075829
INFO:root:Epoch: 77, Validation loss: 2.4950414
INFO:root:Epoch: 78, Train loss: 2.2799573
INFO:root:Epoch: 78, Validation loss: 2.309812
INFO:root:Epoch: 79, Train loss: 2.2806323
INFO:root:Epoch: 79, Validation loss: 2.3342743
INFO:root:Epoch: 80, Train loss: 2.28829
INFO:root:Epoch: 80, Validation loss: 2.4714375
INFO:root:Epoch: 81, Train loss: 2.2696276
INFO:root:Epoch: 81, Validation loss: 2.411602
INFO:root:Epoch: 82, Train loss: 2.2985365
INFO:root:Epoch: 82, Validation loss: 2.3852863
INFO:root:Epoch: 83, Train loss: 2.2655134
INFO:root:Epoch: 83, Validation loss: 2.4336205
INFO:root:Epoch: 84, Train loss: 2.2543871
INFO:root:Epoch: 84, Validation loss: 2.4618404
INFO:root:Epoch: 85, Train loss: 2.3124301
INFO:root:Epoch: 85, Validation loss: 2.6534944
INFO:root:Epoch: 86, Train loss: 2.2684155
INFO:root:Epoch: 86, Validation loss: 2.380711
INFO:root:Epoch: 87, Train loss: 2.2761166
INFO:root:Epoch: 87, Validation loss: 2.4479418
INFO:root:Epoch: 88, Train loss: 2.221385
INFO:root:Epoch: 88, Validation loss: 2.3830905
INFO:root:Epoch: 89, Train loss: 2.2790587
INFO:root:Epoch: 89, Validation loss: 2.3942614
INFO:root:Epoch: 90, Train loss: 2.2538052
INFO:root:Epoch: 90, Validation loss: 2.3631072
INFO:root:Epoch: 91, Train loss: 2.2236176
INFO:root:Epoch: 91, Validation loss: 2.4635859
INFO:root:Epoch: 92, Train loss: 2.2418203
INFO:root:Epoch: 92, Validation loss: 2.300988
INFO:root:Epoch: 93, Train loss: 2.2201238
INFO:root:Epoch: 93, Validation loss: 2.3265562
INFO:root:Epoch: 94, Train loss: 2.220651
INFO:root:Epoch: 94, Validation loss: 2.246976
INFO:root:Epoch: 95, Train loss: 2.2567935
INFO:root:Epoch: 95, Validation loss: 2.2525115
INFO:root:Epoch: 96, Train loss: 2.2297409
INFO:root:Epoch: 96, Validation loss: 2.334477
INFO:root:Epoch: 97, Train loss: 2.2341516
INFO:root:Epoch: 97, Validation loss: 2.2511177
INFO:root:Epoch: 98, Train loss: 2.2199943
INFO:root:Epoch: 98, Validation loss: 2.4027205
INFO:root:Epoch: 99, Train loss: 2.1987083
INFO:root:Epoch: 99, Validation loss: 2.3273273
INFO:root:Training from ep 0 to ep 100 finished
INFO:root:Best epoch: 95
