INFO:root:Started
INFO:root:Epoch: 0, Train loss: 3.4931283
INFO:root:Epoch: 0, Validation loss: 0.5625823
INFO:root:Epoch: 1, Train loss: 0.3067924
INFO:root:Epoch: 1, Validation loss: 0.20533238
INFO:root:Epoch: 2, Train loss: 0.13941097
INFO:root:Epoch: 2, Validation loss: 0.11786337
INFO:root:Epoch: 3, Train loss: 0.082846805
INFO:root:Epoch: 3, Validation loss: 0.08693899
INFO:root:Epoch: 4, Train loss: 0.05961867
INFO:root:Epoch: 4, Validation loss: 0.09164434
INFO:root:Epoch: 5, Train loss: 0.040562905
INFO:root:Epoch: 5, Validation loss: 0.043562587
INFO:root:Epoch: 6, Train loss: 0.03198666
INFO:root:Epoch: 6, Validation loss: 0.034156166
INFO:root:Epoch: 7, Train loss: 0.023371512
INFO:root:Epoch: 7, Validation loss: 0.022879986
INFO:root:Epoch: 8, Train loss: 0.018472826
INFO:root:Epoch: 8, Validation loss: 0.018795086
INFO:root:Epoch: 9, Train loss: 0.016920686
INFO:root:Epoch: 9, Validation loss: 0.018515645
INFO:root:Epoch: 10, Train loss: 0.0125571415
INFO:root:Epoch: 10, Validation loss: 0.014403687
INFO:root:Epoch: 11, Train loss: 0.01055217
INFO:root:Epoch: 11, Validation loss: 0.016210072
INFO:root:Epoch: 12, Train loss: 0.008393278
INFO:root:Epoch: 12, Validation loss: 0.009216046
INFO:root:Epoch: 13, Train loss: 0.009938175
INFO:root:Epoch: 13, Validation loss: 0.010608253
INFO:root:Epoch: 14, Train loss: 0.007353137
INFO:root:Epoch: 14, Validation loss: 0.007975863
INFO:root:Epoch: 15, Train loss: 0.005617806
INFO:root:Epoch: 15, Validation loss: 0.0069282874
INFO:root:Epoch: 16, Train loss: 0.005244966
INFO:root:Epoch: 16, Validation loss: 0.005279123
INFO:root:Epoch: 17, Train loss: 0.0046032257
INFO:root:Epoch: 17, Validation loss: 0.004251993
INFO:root:Epoch: 18, Train loss: 0.0043336623
INFO:root:Epoch: 18, Validation loss: 0.005316504
INFO:root:Epoch: 19, Train loss: 0.0050501577
INFO:root:Epoch: 19, Validation loss: 0.005908136
INFO:root:Epoch: 20, Train loss: 0.0034785934
INFO:root:Epoch: 20, Validation loss: 0.0032740466
INFO:root:Epoch: 21, Train loss: 0.0031741061
INFO:root:Epoch: 21, Validation loss: 0.0028903512
INFO:root:Epoch: 22, Train loss: 0.0029683162
INFO:root:Epoch: 22, Validation loss: 0.0038923533
INFO:root:Epoch: 23, Train loss: 0.0025753183
INFO:root:Epoch: 23, Validation loss: 0.0033960792
INFO:root:Epoch: 24, Train loss: 0.0028611713
INFO:root:Epoch: 24, Validation loss: 0.0031448267
INFO:root:Epoch: 25, Train loss: 0.002412734
INFO:root:Epoch: 25, Validation loss: 0.003334442
INFO:root:Epoch: 26, Train loss: 0.0022468443
INFO:root:Epoch: 26, Validation loss: 0.0033467656
INFO:root:Epoch: 27, Train loss: 0.002657904
INFO:root:Epoch: 27, Validation loss: 0.002895162
INFO:root:Epoch: 28, Train loss: 0.0027371128
INFO:root:Epoch: 28, Validation loss: 0.0026078103
INFO:root:Epoch: 29, Train loss: 0.0022416532
INFO:root:Epoch: 29, Validation loss: 0.0056037228
INFO:root:Epoch: 30, Train loss: 0.002508857
INFO:root:Epoch: 30, Validation loss: 0.0038031978
INFO:root:Epoch: 31, Train loss: 0.0017700562
INFO:root:Epoch: 31, Validation loss: 0.0017750041
INFO:root:Epoch: 32, Train loss: 0.0016239973
INFO:root:Epoch: 32, Validation loss: 0.0013455458
INFO:root:Epoch: 33, Train loss: 0.0024047608
INFO:root:Epoch: 33, Validation loss: 0.0012910404
INFO:root:Epoch: 34, Train loss: 0.001782573
INFO:root:Epoch: 34, Validation loss: 0.0011095869
INFO:root:Epoch: 35, Train loss: 0.0014547533
INFO:root:Epoch: 35, Validation loss: 0.0055881036
INFO:root:Epoch: 36, Train loss: 0.0015925119
INFO:root:Epoch: 36, Validation loss: 0.0027762416
INFO:root:Epoch: 37, Train loss: 0.0019236795
INFO:root:Epoch: 37, Validation loss: 0.0060433196
INFO:root:Epoch: 38, Train loss: 0.0027624315
INFO:root:Epoch: 38, Validation loss: 0.0046925745
INFO:root:Epoch: 39, Train loss: 0.002975782
INFO:root:Epoch: 39, Validation loss: 0.002027536
INFO:root:Epoch: 40, Train loss: 0.0029112047
INFO:root:Epoch: 40, Validation loss: 0.0059829713
INFO:root:Epoch: 41, Train loss: 0.002037401
INFO:root:Epoch: 41, Validation loss: 0.0016403774
INFO:root:Epoch: 42, Train loss: 0.0017801826
INFO:root:Epoch: 42, Validation loss: 0.002124317
INFO:root:Epoch: 43, Train loss: 0.0016148646
INFO:root:Epoch: 43, Validation loss: 0.0031190128
INFO:root:Epoch: 44, Train loss: 0.002493988
INFO:root:Epoch: 44, Validation loss: 0.0036469845
INFO:root:Epoch: 45, Train loss: 0.0026705028
INFO:root:Epoch: 45, Validation loss: 0.0044650743
INFO:root:Epoch: 46, Train loss: 0.0029562176
INFO:root:Epoch: 46, Validation loss: 0.0040844413
INFO:root:Epoch: 47, Train loss: 0.0014901126
INFO:root:Epoch: 47, Validation loss: 0.0056556086
INFO:root:Epoch: 48, Train loss: 0.0018778539
INFO:root:Epoch: 48, Validation loss: 0.00459369
INFO:root:Epoch: 49, Train loss: 0.0026446849
INFO:root:Epoch: 49, Validation loss: 0.0051272516
INFO:root:Epoch: 50, Train loss: 0.002723433
INFO:root:Epoch: 50, Validation loss: 0.0041324277
INFO:root:Epoch: 51, Train loss: 0.0021006411
INFO:root:Epoch: 51, Validation loss: 0.0014228965
INFO:root:Epoch: 52, Train loss: 0.0016222046
INFO:root:Epoch: 52, Validation loss: 0.0015081118
INFO:root:Epoch: 53, Train loss: 0.0019194313
INFO:root:Epoch: 53, Validation loss: 0.0013857465
INFO:root:Epoch: 54, Train loss: 0.001229143
INFO:root:Epoch: 54, Validation loss: 0.005202019
INFO:root:Epoch: 55, Train loss: 0.0025820707
INFO:root:Epoch: 55, Validation loss: 0.003863067
INFO:root:Epoch: 56, Train loss: 0.0027771103
INFO:root:Epoch: 56, Validation loss: 0.003482047
INFO:root:Epoch: 57, Train loss: 0.0037539343
INFO:root:Epoch: 57, Validation loss: 0.0056321183
INFO:root:Epoch: 58, Train loss: 0.0040260693
INFO:root:Epoch: 58, Validation loss: 0.004345903
INFO:root:Epoch: 59, Train loss: 0.006000563
INFO:root:Epoch: 59, Validation loss: 0.009714508
INFO:root:Epoch: 60, Train loss: 0.0030915576
INFO:root:Epoch: 60, Validation loss: 0.0025931566
INFO:root:Epoch: 61, Train loss: 0.0031220631
INFO:root:Epoch: 61, Validation loss: 0.005990154
INFO:root:Epoch: 62, Train loss: 0.001995257
INFO:root:Epoch: 62, Validation loss: 0.0018014065
INFO:root:Epoch: 63, Train loss: 0.0019308474
INFO:root:Epoch: 63, Validation loss: 0.0028721346
INFO:root:Epoch: 64, Train loss: 0.0024326898
INFO:root:Epoch: 64, Validation loss: 0.003458254
INFO:root:Epoch: 65, Train loss: 0.004826845
INFO:root:Epoch: 65, Validation loss: 0.004376962
INFO:root:Epoch: 66, Train loss: 0.002725875
INFO:root:Epoch: 66, Validation loss: 0.0023514444
INFO:root:Epoch: 67, Train loss: 0.0025924714
INFO:root:Epoch: 67, Validation loss: 0.0020199048
INFO:root:Epoch: 68, Train loss: 0.0024290427
INFO:root:Epoch: 68, Validation loss: 0.0017818754
INFO:root:Epoch: 69, Train loss: 0.0019068533
INFO:root:Epoch: 69, Validation loss: 0.0065172436
INFO:root:Epoch: 70, Train loss: 0.0024195283
INFO:root:Epoch: 70, Validation loss: 0.0025579962
INFO:root:Epoch: 71, Train loss: 0.0020592758
INFO:root:Epoch: 71, Validation loss: 0.0027048113
INFO:root:Epoch: 72, Train loss: 0.002318483
INFO:root:Epoch: 72, Validation loss: 0.0019911767
INFO:root:Epoch: 73, Train loss: 0.0014224758
INFO:root:Epoch: 73, Validation loss: 0.003547923
INFO:root:Epoch: 74, Train loss: 0.0034559548
INFO:root:Epoch: 74, Validation loss: 0.012385985
INFO:root:Epoch: 75, Train loss: 0.004718479
INFO:root:Epoch: 75, Validation loss: 0.0030925642
INFO:root:Epoch: 76, Train loss: 0.002349823
INFO:root:Epoch: 76, Validation loss: 0.0039501567
INFO:root:Epoch: 77, Train loss: 0.0025255764
INFO:root:Epoch: 77, Validation loss: 0.0055481517
INFO:root:Epoch: 78, Train loss: 0.0018783349
INFO:root:Epoch: 78, Validation loss: 0.0025017275
INFO:root:Epoch: 79, Train loss: 0.0025099094
INFO:root:Epoch: 79, Validation loss: 0.0036614893
INFO:root:Epoch: 80, Train loss: 0.0027061433
INFO:root:Epoch: 80, Validation loss: 0.0058300197
INFO:root:Epoch: 81, Train loss: 0.0024568827
INFO:root:Epoch: 81, Validation loss: 0.004794663
INFO:root:Epoch: 82, Train loss: 0.002525837
INFO:root:Epoch: 82, Validation loss: 0.0074931034
INFO:root:Epoch: 83, Train loss: 0.0054659466
INFO:root:Epoch: 83, Validation loss: 0.0058287634
INFO:root:Epoch: 84, Train loss: 0.005004345
INFO:root:Epoch: 84, Validation loss: 0.007811017
INFO:root:Epoch: 85, Train loss: 0.004315579
INFO:root:Epoch: 85, Validation loss: 0.0043324623
INFO:root:Epoch: 86, Train loss: 0.0034758148
INFO:root:Epoch: 86, Validation loss: 0.003814649
INFO:root:Epoch: 87, Train loss: 0.0026505415
INFO:root:Epoch: 87, Validation loss: 0.0027280042
INFO:root:Epoch: 88, Train loss: 0.0022958564
INFO:root:Epoch: 88, Validation loss: 0.0018499853
INFO:root:Epoch: 89, Train loss: 0.0037385416
INFO:root:Epoch: 89, Validation loss: 0.0064453185
INFO:root:Epoch: 90, Train loss: 0.0029998452
INFO:root:Epoch: 90, Validation loss: 0.00628
INFO:root:Epoch: 91, Train loss: 0.0023085966
INFO:root:Epoch: 91, Validation loss: 0.0020207495
INFO:root:Epoch: 92, Train loss: 0.002768623
INFO:root:Epoch: 92, Validation loss: 0.0034220188
INFO:root:Epoch: 93, Train loss: 0.002330068
INFO:root:Epoch: 93, Validation loss: 0.0031129748
INFO:root:Epoch: 94, Train loss: 0.0025799265
INFO:root:Epoch: 94, Validation loss: 0.0022639593
INFO:root:Epoch: 95, Train loss: 0.0024543537
INFO:root:Epoch: 95, Validation loss: 0.0025605308
INFO:root:Epoch: 96, Train loss: 0.0022798092
INFO:root:Epoch: 96, Validation loss: 0.0036721462
INFO:root:Epoch: 97, Train loss: 0.0050089043
INFO:root:Epoch: 97, Validation loss: 0.0023210358
INFO:root:Epoch: 98, Train loss: 0.0036312637
INFO:root:Epoch: 98, Validation loss: 0.0050751986
INFO:root:Epoch: 99, Train loss: 0.0030609486
INFO:root:Epoch: 99, Validation loss: 0.0018150173
INFO:root:Training from ep 0 to ep 100 finished
INFO:root:Best epoch: 35
