INFO:root:Started
INFO:root:Epoch: 0, Train loss: 3.6902122, Train Acc: 0.05618687
INFO:root:Epoch: 0, Validation loss: 3.5677216, Validation Acc: 0.065104164
INFO:root:Epoch: 1, Train loss: 3.3710096, Train Acc: 0.11647727
INFO:root:Epoch: 1, Validation loss: 3.5350688, Validation Acc: 0.083333336
INFO:root:Epoch: 2, Train loss: 3.1946673, Train Acc: 0.14520203
INFO:root:Epoch: 2, Validation loss: 3.4534864, Validation Acc: 0.106770836
INFO:root:Epoch: 3, Train loss: 3.080335, Train Acc: 0.17613636
INFO:root:Epoch: 3, Validation loss: 3.4383886, Validation Acc: 0.104166664
INFO:root:Epoch: 4, Train loss: 2.93474, Train Acc: 0.21054293
INFO:root:Epoch: 4, Validation loss: 3.4102304, Validation Acc: 0.104166664
INFO:root:Epoch: 5, Train loss: 2.8211796, Train Acc: 0.23674242
INFO:root:Epoch: 5, Validation loss: 3.4698217, Validation Acc: 0.13541667
INFO:root:Epoch: 6, Train loss: 2.727331, Train Acc: 0.26199496
INFO:root:Epoch: 6, Validation loss: 3.4224908, Validation Acc: 0.111979164
INFO:root:Epoch: 7, Train loss: 2.6438975, Train Acc: 0.2777778
INFO:root:Epoch: 7, Validation loss: 3.5051787, Validation Acc: 0.1171875
INFO:root:Epoch: 8, Train loss: 2.5075228, Train Acc: 0.31502524
INFO:root:Epoch: 8, Validation loss: 3.331752, Validation Acc: 0.14583333
INFO:root:Epoch: 9, Train loss: 2.3947086, Train Acc: 0.34375
INFO:root:Epoch: 9, Validation loss: 3.4092033, Validation Acc: 0.14322917
INFO:root:Epoch: 10, Train loss: 2.3153598, Train Acc: 0.3598485
INFO:root:Epoch: 10, Validation loss: 3.3616753, Validation Acc: 0.14322917
INFO:root:Epoch: 11, Train loss: 2.254535, Train Acc: 0.36837122
INFO:root:Epoch: 11, Validation loss: 3.4249537, Validation Acc: 0.17447917
INFO:root:Epoch: 12, Train loss: 2.172625, Train Acc: 0.40214646
INFO:root:Epoch: 12, Validation loss: 3.4564037, Validation Acc: 0.140625
INFO:root:Epoch: 13, Train loss: 2.0607233, Train Acc: 0.42487374
INFO:root:Epoch: 13, Validation loss: 3.385897, Validation Acc: 0.17447917
INFO:root:Epoch: 14, Train loss: 2.017834, Train Acc: 0.4302399
INFO:root:Epoch: 14, Validation loss: 3.4626853, Validation Acc: 0.17708333
INFO:root:Epoch: 15, Train loss: 1.9171, Train Acc: 0.45833334
INFO:root:Epoch: 15, Validation loss: 3.5280397, Validation Acc: 0.17447917
INFO:root:Epoch: 16, Train loss: 1.8469828, Train Acc: 0.47727272
INFO:root:Epoch: 16, Validation loss: 3.4055939, Validation Acc: 0.19010417
INFO:root:Epoch: 17, Train loss: 1.7555251, Train Acc: 0.50978535
INFO:root:Epoch: 17, Validation loss: 3.5657356, Validation Acc: 0.15625
INFO:root:Epoch: 18, Train loss: 1.6832842, Train Acc: 0.52493685
INFO:root:Epoch: 18, Validation loss: 3.6183555, Validation Acc: 0.1796875
INFO:root:Epoch: 19, Train loss: 1.6646479, Train Acc: 0.5243056
INFO:root:Epoch: 19, Validation loss: 3.3517735, Validation Acc: 0.19270833
INFO:root:Epoch: 20, Train loss: 1.5745997, Train Acc: 0.54103535
INFO:root:Epoch: 20, Validation loss: 3.6151774, Validation Acc: 0.1953125
INFO:root:Epoch: 21, Train loss: 1.5177917, Train Acc: 0.56786615
INFO:root:Epoch: 21, Validation loss: 3.5396316, Validation Acc: 0.18489583
INFO:root:Epoch: 22, Train loss: 1.4063694, Train Acc: 0.59090906
INFO:root:Epoch: 22, Validation loss: 3.750701, Validation Acc: 0.16927083
INFO:root:Epoch: 23, Train loss: 1.3780342, Train Acc: 0.6006944
INFO:root:Epoch: 23, Validation loss: 3.6018114, Validation Acc: 0.18229167
INFO:root:Epoch: 24, Train loss: 1.3353329, Train Acc: 0.6114268
INFO:root:Epoch: 24, Validation loss: 3.793372, Validation Acc: 0.18489583
INFO:root:Epoch: 25, Train loss: 1.279699, Train Acc: 0.6306818
INFO:root:Epoch: 25, Validation loss: 3.8148546, Validation Acc: 0.15885417
INFO:root:Epoch: 26, Train loss: 1.2120501, Train Acc: 0.65435606
INFO:root:Epoch: 26, Validation loss: 3.5595942, Validation Acc: 0.21354167
INFO:root:Epoch: 27, Train loss: 1.1669204, Train Acc: 0.6644571
INFO:root:Epoch: 27, Validation loss: 3.815973, Validation Acc: 0.19791667
INFO:root:Epoch: 28, Train loss: 1.1487744, Train Acc: 0.6685606
INFO:root:Epoch: 28, Validation loss: 3.7299547, Validation Acc: 0.17447917
INFO:root:Epoch: 29, Train loss: 1.0796652, Train Acc: 0.6859217
INFO:root:Epoch: 29, Validation loss: 3.891799, Validation Acc: 0.17708333
INFO:root:Epoch: 30, Train loss: 1.0254583, Train Acc: 0.70296717
INFO:root:Epoch: 30, Validation loss: 3.9392107, Validation Acc: 0.17447917
INFO:root:Epoch: 31, Train loss: 0.9827803, Train Acc: 0.7149621
INFO:root:Epoch: 31, Validation loss: 4.0756936, Validation Acc: 0.18489583
INFO:root:Epoch: 32, Train loss: 0.95530546, Train Acc: 0.7247475
INFO:root:Epoch: 32, Validation loss: 3.868368, Validation Acc: 0.18229167
INFO:root:Epoch: 33, Train loss: 0.93108946, Train Acc: 0.72727275
INFO:root:Epoch: 33, Validation loss: 3.8715432, Validation Acc: 0.1875
INFO:root:Epoch: 34, Train loss: 0.8760287, Train Acc: 0.74589646
INFO:root:Epoch: 34, Validation loss: 4.065577, Validation Acc: 0.1875
INFO:root:Epoch: 35, Train loss: 0.854, Train Acc: 0.7484217
INFO:root:Epoch: 35, Validation loss: 3.915985, Validation Acc: 0.21354167
INFO:root:Epoch: 36, Train loss: 0.7731545, Train Acc: 0.7746212
INFO:root:Epoch: 36, Validation loss: 4.185947, Validation Acc: 0.2109375
INFO:root:Epoch: 37, Train loss: 0.7702672, Train Acc: 0.78093433
INFO:root:Epoch: 37, Validation loss: 4.2297606, Validation Acc: 0.20833333
INFO:root:Epoch: 38, Train loss: 0.73432106, Train Acc: 0.7850379
INFO:root:Epoch: 38, Validation loss: 4.1569777, Validation Acc: 0.17708333
INFO:root:Epoch: 39, Train loss: 0.7349381, Train Acc: 0.78188133
INFO:root:Epoch: 39, Validation loss: 4.1488223, Validation Acc: 0.17447917
INFO:root:Epoch: 40, Train loss: 0.6650794, Train Acc: 0.80965906
INFO:root:Epoch: 40, Validation loss: 4.3262954, Validation Acc: 0.20052083
INFO:root:Epoch: 41, Train loss: 0.65266347, Train Acc: 0.8020833
INFO:root:Epoch: 41, Validation loss: 4.4309154, Validation Acc: 0.15885417
INFO:root:Epoch: 42, Train loss: 0.66993743, Train Acc: 0.7986111
INFO:root:Epoch: 42, Validation loss: 4.5148096, Validation Acc: 0.171875
INFO:root:Epoch: 43, Train loss: 0.6168863, Train Acc: 0.8159722
INFO:root:Epoch: 43, Validation loss: 4.4357343, Validation Acc: 0.17447917
INFO:root:Epoch: 44, Train loss: 0.6066933, Train Acc: 0.8229167
INFO:root:Epoch: 44, Validation loss: 4.530449, Validation Acc: 0.1796875
INFO:root:Epoch: 45, Train loss: 0.57346696, Train Acc: 0.834596
INFO:root:Epoch: 45, Validation loss: 4.319594, Validation Acc: 0.1953125
INFO:root:Epoch: 46, Train loss: 0.57010865, Train Acc: 0.8285985
INFO:root:Epoch: 46, Validation loss: 4.3078465, Validation Acc: 0.19791667
INFO:root:Epoch: 47, Train loss: 0.48437384, Train Acc: 0.8582702
INFO:root:Epoch: 47, Validation loss: 4.473378, Validation Acc: 0.19270833
INFO:root:Epoch: 48, Train loss: 0.50936747, Train Acc: 0.84406567
INFO:root:Epoch: 48, Validation loss: 4.369596, Validation Acc: 0.20833333
INFO:root:Epoch: 49, Train loss: 0.47791687, Train Acc: 0.85574496
INFO:root:Epoch: 49, Validation loss: 4.4928093, Validation Acc: 0.21614583
INFO:root:Epoch: 50, Train loss: 0.5043231, Train Acc: 0.8484849
INFO:root:Epoch: 50, Validation loss: 4.570744, Validation Acc: 0.19270833
INFO:root:Epoch: 51, Train loss: 0.45632458, Train Acc: 0.8677399
INFO:root:Epoch: 51, Validation loss: 4.3261275, Validation Acc: 0.20052083
INFO:root:Epoch: 52, Train loss: 0.49033973, Train Acc: 0.8541667
INFO:root:Epoch: 52, Validation loss: 4.5314636, Validation Acc: 0.19270833
INFO:root:Epoch: 53, Train loss: 0.45795003, Train Acc: 0.86742425
INFO:root:Epoch: 53, Validation loss: 4.485894, Validation Acc: 0.19270833
INFO:root:Epoch: 54, Train loss: 0.444593, Train Acc: 0.87247473
INFO:root:Epoch: 54, Validation loss: 4.34325, Validation Acc: 0.1953125
INFO:root:Epoch: 55, Train loss: 0.41374645, Train Acc: 0.87436867
INFO:root:Epoch: 55, Validation loss: 4.6058497, Validation Acc: 0.20572917
INFO:root:Epoch: 56, Train loss: 0.44710782, Train Acc: 0.8715278
INFO:root:Epoch: 56, Validation loss: 4.7044044, Validation Acc: 0.1875
INFO:root:Epoch: 57, Train loss: 0.40573975, Train Acc: 0.87784094
INFO:root:Epoch: 57, Validation loss: 4.5538106, Validation Acc: 0.20572917
INFO:root:Epoch: 58, Train loss: 0.4191939, Train Acc: 0.8762626
INFO:root:Epoch: 58, Validation loss: 4.5056868, Validation Acc: 0.20572917
INFO:root:Epoch: 59, Train loss: 0.4012196, Train Acc: 0.88699496
INFO:root:Epoch: 59, Validation loss: 4.8284245, Validation Acc: 0.18229167
INFO:root:Training from ep 0 to ep 60 finished
INFO:root:Best epoch: 50
