INFO:root:Started
INFO:root:Epoch: 0, Train loss: 5.3115106
INFO:root:Epoch: 0, Validation loss: 3.4514241
INFO:root:Epoch: 1, Train loss: 2.9600637
INFO:root:Epoch: 1, Validation loss: 2.7211807
INFO:root:Epoch: 2, Train loss: 2.5891063
INFO:root:Epoch: 2, Validation loss: 2.5720878
INFO:root:Epoch: 3, Train loss: 2.4670172
INFO:root:Epoch: 3, Validation loss: 2.477311
INFO:root:Epoch: 4, Train loss: 2.4016347
INFO:root:Epoch: 4, Validation loss: 2.3808055
INFO:root:Epoch: 5, Train loss: 2.3537257
INFO:root:Epoch: 5, Validation loss: 2.3850603
INFO:root:Epoch: 6, Train loss: 2.3305802
INFO:root:Epoch: 6, Validation loss: 2.3419569
INFO:root:Epoch: 7, Train loss: 2.2974985
INFO:root:Epoch: 7, Validation loss: 2.3068893
INFO:root:Epoch: 8, Train loss: 2.266285
INFO:root:Epoch: 8, Validation loss: 2.2981563
INFO:root:Epoch: 9, Train loss: 2.254375
INFO:root:Epoch: 9, Validation loss: 2.2844777
INFO:root:Epoch: 10, Train loss: 2.2332823
INFO:root:Epoch: 10, Validation loss: 2.246856
INFO:root:Epoch: 11, Train loss: 2.2341704
INFO:root:Epoch: 11, Validation loss: 2.2405014
INFO:root:Epoch: 12, Train loss: 2.2260797
INFO:root:Epoch: 12, Validation loss: 2.2262254
INFO:root:Epoch: 13, Train loss: 2.218401
INFO:root:Epoch: 13, Validation loss: 2.2340105
INFO:root:Epoch: 14, Train loss: 2.1975064
INFO:root:Epoch: 14, Validation loss: 2.1964104
INFO:root:Epoch: 15, Train loss: 2.1912498
INFO:root:Epoch: 15, Validation loss: 2.2196527
INFO:root:Epoch: 16, Train loss: 2.1930125
INFO:root:Epoch: 16, Validation loss: 2.1976278
INFO:root:Epoch: 17, Train loss: 2.1751513
INFO:root:Epoch: 17, Validation loss: 2.196465
INFO:root:Epoch: 18, Train loss: 2.174314
INFO:root:Epoch: 18, Validation loss: 2.2193332
INFO:root:Epoch: 19, Train loss: 2.1582365
INFO:root:Epoch: 19, Validation loss: 2.1901934
INFO:root:Epoch: 20, Train loss: 2.1613877
INFO:root:Epoch: 20, Validation loss: 2.2081504
INFO:root:Epoch: 21, Train loss: 2.1503794
INFO:root:Epoch: 21, Validation loss: 2.203502
INFO:root:Epoch: 22, Train loss: 2.1507616
INFO:root:Epoch: 22, Validation loss: 2.2089033
INFO:root:Epoch: 23, Train loss: 2.14378
INFO:root:Epoch: 23, Validation loss: 2.197439
INFO:root:Epoch: 24, Train loss: 2.137499
INFO:root:Epoch: 24, Validation loss: 2.1950572
INFO:root:Epoch: 25, Train loss: 2.1448705
INFO:root:Epoch: 25, Validation loss: 2.1521122
INFO:root:Epoch: 26, Train loss: 2.1336606
INFO:root:Epoch: 26, Validation loss: 2.212787
INFO:root:Epoch: 27, Train loss: 2.126582
INFO:root:Epoch: 27, Validation loss: 2.1812446
INFO:root:Epoch: 28, Train loss: 2.1195695
INFO:root:Started
INFO:root:Epoch: 0, Train loss: 5.3121886
INFO:root:Epoch: 0, Validation loss: 3.4558008
INFO:root:Epoch: 1, Train loss: 2.9627223
INFO:root:Epoch: 1, Validation loss: 2.7207496
INFO:root:Epoch: 2, Train loss: 2.5894735
INFO:root:Epoch: 2, Validation loss: 2.5729218
INFO:root:Epoch: 3, Train loss: 2.467907
INFO:root:Started
INFO:root:Epoch: 0, Train loss: 5.314145
INFO:root:Epoch: 0, Validation loss: 3.4604728
INFO:root:Epoch: 1, Train loss: 2.9622898
INFO:root:Epoch: 1, Validation loss: 2.7215612
INFO:root:Epoch: 2, Train loss: 2.5899768
INFO:root:Epoch: 2, Validation loss: 2.5713577
INFO:root:Epoch: 3, Train loss: 2.4677846
INFO:root:Epoch: 3, Validation loss: 2.4792557
INFO:root:Epoch: 4, Train loss: 2.4021235
INFO:root:Epoch: 4, Validation loss: 2.3797724
INFO:root:Epoch: 5, Train loss: 2.3529382
INFO:root:Epoch: 5, Validation loss: 2.3894656
INFO:root:Epoch: 6, Train loss: 2.3300896
INFO:root:Epoch: 6, Validation loss: 2.3406587
INFO:root:Epoch: 7, Train loss: 2.2967713
INFO:root:Epoch: 7, Validation loss: 2.3014045
INFO:root:Epoch: 8, Train loss: 2.266048
INFO:root:Epoch: 8, Validation loss: 2.2988825
INFO:root:Epoch: 9, Train loss: 2.2542624
INFO:root:Started
INFO:root:Epoch: 0, Train loss: 5.312889
INFO:root:Epoch: 0, Validation loss: 3.4559014
INFO:root:Epoch: 1, Train loss: 2.9606562
INFO:root:Epoch: 1, Validation loss: 2.7221563
INFO:root:Epoch: 2, Train loss: 2.5883946
INFO:root:Epoch: 2, Validation loss: 2.5735807
INFO:root:Epoch: 3, Train loss: 2.4661098
INFO:root:Epoch: 3, Validation loss: 2.4757545
INFO:root:Epoch: 4, Train loss: 2.4018388
INFO:root:Epoch: 4, Validation loss: 2.3823438
INFO:root:Epoch: 5, Train loss: 2.3529449
INFO:root:Epoch: 5, Validation loss: 2.3885384
INFO:root:Started
INFO:root:Epoch: 0, Train loss: 5.31188
INFO:root:Epoch: 0, Validation loss: 3.4554763
INFO:root:Epoch: 1, Train loss: 2.96037
INFO:root:Epoch: 1, Validation loss: 2.7197142
INFO:root:Epoch: 2, Train loss: 2.5889866
INFO:root:Epoch: 2, Validation loss: 2.5715716
INFO:root:Epoch: 3, Train loss: 2.4675145
INFO:root:Epoch: 3, Validation loss: 2.4743145
INFO:root:Epoch: 4, Train loss: 2.4020727
INFO:root:Epoch: 4, Validation loss: 2.3805661
INFO:root:Epoch: 5, Train loss: 2.3540962
INFO:root:Epoch: 5, Validation loss: 2.3856132
INFO:root:Epoch: 6, Train loss: 2.3310556
INFO:root:Epoch: 6, Validation loss: 2.3422792
INFO:root:Epoch: 7, Train loss: 2.2977438
INFO:root:Epoch: 7, Validation loss: 2.3036966
INFO:root:Epoch: 8, Train loss: 2.2682486
INFO:root:Epoch: 8, Validation loss: 2.3016264
INFO:root:Epoch: 9, Train loss: 2.2554886
INFO:root:Epoch: 9, Validation loss: 2.2883737
INFO:root:Epoch: 10, Train loss: 2.2349837
INFO:root:Epoch: 10, Validation loss: 2.2468946
INFO:root:Epoch: 11, Train loss: 2.235124
INFO:root:Epoch: 11, Validation loss: 2.2471917
INFO:root:Epoch: 12, Train loss: 2.228164
INFO:root:Epoch: 12, Validation loss: 2.2344103
INFO:root:Epoch: 13, Train loss: 2.2199814
INFO:root:Epoch: 13, Validation loss: 2.2368472
INFO:root:Epoch: 14, Train loss: 2.2011766
INFO:root:Epoch: 14, Validation loss: 2.1967444
INFO:root:Epoch: 15, Train loss: 2.193595
INFO:root:Epoch: 15, Validation loss: 2.2220318
INFO:root:Epoch: 16, Train loss: 2.1953042
INFO:root:Epoch: 16, Validation loss: 2.198028
INFO:root:Epoch: 17, Train loss: 2.1768923
INFO:root:Epoch: 17, Validation loss: 2.2022605
INFO:root:Epoch: 18, Train loss: 2.177354
INFO:root:Epoch: 18, Validation loss: 2.2194664
INFO:root:Epoch: 19, Train loss: 2.1608605
INFO:root:Epoch: 19, Validation loss: 2.1886194
INFO:root:Epoch: 20, Train loss: 2.1646268
INFO:root:Epoch: 20, Validation loss: 2.2083771
INFO:root:Epoch: 21, Train loss: 2.1538367
INFO:root:Epoch: 21, Validation loss: 2.2115948
INFO:root:Epoch: 22, Train loss: 2.1511598
INFO:root:Epoch: 22, Validation loss: 2.2103326
INFO:root:Epoch: 23, Train loss: 2.1465223
INFO:root:Epoch: 23, Validation loss: 2.1993346
INFO:root:Epoch: 24, Train loss: 2.1390448
INFO:root:Epoch: 24, Validation loss: 2.194787
INFO:root:Epoch: 25, Train loss: 2.1462443
INFO:root:Epoch: 25, Validation loss: 2.1521506
INFO:root:Epoch: 26, Train loss: 2.1353714
INFO:root:Epoch: 26, Validation loss: 2.205084
INFO:root:Epoch: 27, Train loss: 2.127362
INFO:root:Epoch: 27, Validation loss: 2.1844547
INFO:root:Epoch: 28, Train loss: 2.1213396
INFO:root:Epoch: 28, Validation loss: 2.1645346
INFO:root:Epoch: 29, Train loss: 2.1079683
INFO:root:Epoch: 29, Validation loss: 2.1649613
INFO:root:Epoch: 30, Train loss: 2.1245635
INFO:root:Epoch: 30, Validation loss: 2.1700628
INFO:root:Epoch: 31, Train loss: 2.104753
INFO:root:Epoch: 31, Validation loss: 2.1360848
INFO:root:Epoch: 32, Train loss: 2.1063585
INFO:root:Epoch: 32, Validation loss: 2.1526473
INFO:root:Epoch: 33, Train loss: 2.0976388
INFO:root:Epoch: 33, Validation loss: 2.1608462
INFO:root:Epoch: 34, Train loss: 2.1025536
INFO:root:Epoch: 34, Validation loss: 2.150265
INFO:root:Epoch: 35, Train loss: 2.0990891
INFO:root:Epoch: 35, Validation loss: 2.1252902
INFO:root:Epoch: 36, Train loss: 2.0955145
INFO:root:Epoch: 36, Validation loss: 2.179696
INFO:root:Epoch: 37, Train loss: 2.0954163
INFO:root:Epoch: 37, Validation loss: 2.1713824
INFO:root:Epoch: 38, Train loss: 2.0952919
INFO:root:Epoch: 38, Validation loss: 2.1097705
INFO:root:Epoch: 39, Train loss: 2.0877123
INFO:root:Epoch: 39, Validation loss: 2.137441
INFO:root:Epoch: 40, Train loss: 2.0747895
INFO:root:Epoch: 40, Validation loss: 2.1442485
INFO:root:Epoch: 41, Train loss: 2.0721717
INFO:root:Epoch: 41, Validation loss: 2.1369948
INFO:root:Epoch: 42, Train loss: 2.0748897
INFO:root:Epoch: 42, Validation loss: 2.1505005
INFO:root:Epoch: 43, Train loss: 2.0735912
INFO:root:Epoch: 43, Validation loss: 2.092817
INFO:root:Epoch: 44, Train loss: 2.064437
INFO:root:Epoch: 44, Validation loss: 2.1212878
INFO:root:Epoch: 45, Train loss: 2.0709832
INFO:root:Epoch: 45, Validation loss: 2.1023824
INFO:root:Epoch: 46, Train loss: 2.0615942
INFO:root:Epoch: 46, Validation loss: 2.1028607
INFO:root:Epoch: 47, Train loss: 2.0521812
INFO:root:Epoch: 47, Validation loss: 2.1369894
INFO:root:Epoch: 48, Train loss: 2.0598829
INFO:root:Epoch: 48, Validation loss: 2.1317575
INFO:root:Epoch: 49, Train loss: 2.0465324
INFO:root:Epoch: 49, Validation loss: 2.0677707
INFO:root:Epoch: 50, Train loss: 2.0500672
INFO:root:Epoch: 50, Validation loss: 2.092152
INFO:root:Epoch: 51, Train loss: 2.0334072
INFO:root:Epoch: 51, Validation loss: 2.0792491
INFO:root:Epoch: 52, Train loss: 2.0323465
INFO:root:Epoch: 52, Validation loss: 2.1236997
INFO:root:Epoch: 53, Train loss: 2.0347097
INFO:root:Epoch: 53, Validation loss: 2.0946481
INFO:root:Epoch: 54, Train loss: 2.032986
INFO:root:Epoch: 54, Validation loss: 2.1277606
INFO:root:Epoch: 55, Train loss: 2.0249336
INFO:root:Epoch: 55, Validation loss: 2.1014245
INFO:root:Epoch: 56, Train loss: 2.0409954
INFO:root:Epoch: 56, Validation loss: 2.0539148
INFO:root:Epoch: 57, Train loss: 2.0207853
INFO:root:Epoch: 57, Validation loss: 2.1034682
INFO:root:Epoch: 58, Train loss: 2.0061011
INFO:root:Epoch: 58, Validation loss: 2.104945
INFO:root:Epoch: 59, Train loss: 2.0061162
INFO:root:Epoch: 59, Validation loss: 2.104182
INFO:root:Epoch: 60, Train loss: 1.9994601
INFO:root:Epoch: 60, Validation loss: 2.072256
INFO:root:Epoch: 61, Train loss: 2.0049665
INFO:root:Epoch: 61, Validation loss: 2.0992994
INFO:root:Epoch: 62, Train loss: 2.0079987
INFO:root:Epoch: 62, Validation loss: 2.063317
INFO:root:Epoch: 63, Train loss: 1.9966906
INFO:root:Epoch: 63, Validation loss: 2.0602114
INFO:root:Epoch: 64, Train loss: 1.983904
INFO:root:Epoch: 64, Validation loss: 2.0751746
INFO:root:Epoch: 65, Train loss: 1.9900436
INFO:root:Epoch: 65, Validation loss: 2.0698137
INFO:root:Epoch: 66, Train loss: 1.9740763
INFO:root:Epoch: 66, Validation loss: 2.0554159
INFO:root:Epoch: 67, Train loss: 1.9612921
INFO:root:Epoch: 67, Validation loss: 2.0653417
INFO:root:Epoch: 68, Train loss: 1.9686503
INFO:root:Epoch: 68, Validation loss: 2.1164522
INFO:root:Epoch: 69, Train loss: 1.9670666
INFO:root:Epoch: 69, Validation loss: 2.0385554
INFO:root:Epoch: 70, Train loss: 1.9593765
INFO:root:Epoch: 70, Validation loss: 2.0753706
INFO:root:Epoch: 71, Train loss: 1.9585509
INFO:root:Epoch: 71, Validation loss: 2.0659668
INFO:root:Epoch: 72, Train loss: 1.9585247
INFO:root:Epoch: 72, Validation loss: 2.0342348
INFO:root:Epoch: 73, Train loss: 1.944324
INFO:root:Epoch: 73, Validation loss: 2.0192237
INFO:root:Epoch: 74, Train loss: 1.943159
INFO:root:Epoch: 74, Validation loss: 2.0069516
INFO:root:Epoch: 75, Train loss: 1.9370992
INFO:root:Epoch: 75, Validation loss: 2.044643
INFO:root:Epoch: 76, Train loss: 1.9406881
INFO:root:Epoch: 76, Validation loss: 2.0475395
INFO:root:Epoch: 77, Train loss: 1.9233509
INFO:root:Epoch: 77, Validation loss: 2.00271
INFO:root:Epoch: 78, Train loss: 1.9262213
INFO:root:Epoch: 78, Validation loss: 2.009131
INFO:root:Epoch: 79, Train loss: 1.9237573
INFO:root:Epoch: 79, Validation loss: 2.1031444
INFO:root:Epoch: 80, Train loss: 1.9217653
INFO:root:Epoch: 80, Validation loss: 2.0571208
INFO:root:Epoch: 81, Train loss: 1.9248958
INFO:root:Epoch: 81, Validation loss: 2.020206
INFO:root:Epoch: 82, Train loss: 1.9133723
INFO:root:Epoch: 82, Validation loss: 1.9906183
INFO:root:Epoch: 83, Train loss: 1.9240844
INFO:root:Epoch: 83, Validation loss: 1.9878615
INFO:root:Epoch: 84, Train loss: 1.913342
INFO:root:Epoch: 84, Validation loss: 2.0135102
INFO:root:Epoch: 85, Train loss: 1.9137635
INFO:root:Epoch: 85, Validation loss: 2.0637167
INFO:root:Epoch: 86, Train loss: 1.9105295
INFO:root:Epoch: 86, Validation loss: 2.0012398
INFO:root:Epoch: 87, Train loss: 1.8865643
INFO:root:Epoch: 87, Validation loss: 2.0352514
INFO:root:Epoch: 88, Train loss: 1.907523
INFO:root:Epoch: 88, Validation loss: 2.1056242
INFO:root:Epoch: 89, Train loss: 1.9052154
INFO:root:Epoch: 89, Validation loss: 2.0521493
INFO:root:Epoch: 90, Train loss: 1.8947295
INFO:root:Epoch: 90, Validation loss: 2.0018418
INFO:root:Epoch: 91, Train loss: 1.894842
INFO:root:Epoch: 91, Validation loss: 2.0419662
INFO:root:Epoch: 92, Train loss: 1.882871
INFO:root:Epoch: 92, Validation loss: 1.9951428
INFO:root:Epoch: 93, Train loss: 1.8860452
INFO:root:Epoch: 93, Validation loss: 2.0032809
INFO:root:Epoch: 94, Train loss: 1.8903749
INFO:root:Epoch: 94, Validation loss: 2.018776
INFO:root:Epoch: 95, Train loss: 1.8926985
INFO:root:Epoch: 95, Validation loss: 1.9879624
INFO:root:Epoch: 96, Train loss: 1.8824977
INFO:root:Epoch: 96, Validation loss: 2.04903
INFO:root:Epoch: 97, Train loss: 1.8808475
INFO:root:Epoch: 97, Validation loss: 2.0425937
INFO:root:Epoch: 98, Train loss: 1.8782421
INFO:root:Epoch: 98, Validation loss: 2.0463018
INFO:root:Epoch: 99, Train loss: 1.8744469
INFO:root:Epoch: 99, Validation loss: 2.043977
INFO:root:Training from ep 0 to ep 100 finished
INFO:root:Best epoch: 84
