INFO:root:Started
INFO:root:Epoch: 0, Train loss: 3.6789312, Train Acc: 0.066287875
INFO:root:Epoch: 0, Validation loss: 3.7051802, Validation Acc: 0.059895832
INFO:root:Epoch: 1, Train loss: 3.4382653, Train Acc: 0.09311869
INFO:root:Epoch: 1, Validation loss: 3.503465, Validation Acc: 0.075520836
INFO:root:Epoch: 2, Train loss: 3.3372064, Train Acc: 0.121527776
INFO:root:Epoch: 2, Validation loss: 3.4677184, Validation Acc: 0.088541664
INFO:root:Epoch: 3, Train loss: 3.2109172, Train Acc: 0.15688132
INFO:root:Epoch: 3, Validation loss: 3.435722, Validation Acc: 0.096354164
INFO:root:Epoch: 4, Train loss: 3.1017342, Train Acc: 0.177399
INFO:root:Epoch: 4, Validation loss: 3.383433, Validation Acc: 0.109375
INFO:root:Epoch: 5, Train loss: 2.9845493, Train Acc: 0.20707071
INFO:root:Epoch: 5, Validation loss: 3.288304, Validation Acc: 0.13020833
INFO:root:Epoch: 6, Train loss: 2.926018, Train Acc: 0.22474748
INFO:root:Epoch: 6, Validation loss: 3.3995345, Validation Acc: 0.1328125
INFO:root:Epoch: 7, Train loss: 2.83279, Train Acc: 0.239899
INFO:root:Epoch: 7, Validation loss: 3.2430708, Validation Acc: 0.14322917
INFO:root:Epoch: 8, Train loss: 2.7198584, Train Acc: 0.2645202
INFO:root:Epoch: 8, Validation loss: 3.238674, Validation Acc: 0.140625
INFO:root:Epoch: 9, Train loss: 2.6643207, Train Acc: 0.28282827
INFO:root:Epoch: 9, Validation loss: 3.291915, Validation Acc: 0.12760417
INFO:root:Epoch: 10, Train loss: 2.5971608, Train Acc: 0.29703283
INFO:root:Epoch: 10, Validation loss: 3.3413775, Validation Acc: 0.13802083
INFO:root:Epoch: 11, Train loss: 2.5079117, Train Acc: 0.31155303
INFO:root:Epoch: 11, Validation loss: 3.3235703, Validation Acc: 0.16145833
INFO:root:Epoch: 12, Train loss: 2.4813707, Train Acc: 0.33049244
INFO:root:Epoch: 12, Validation loss: 3.2502859, Validation Acc: 0.122395836
INFO:root:Epoch: 13, Train loss: 2.4196482, Train Acc: 0.33617425
INFO:root:Epoch: 13, Validation loss: 3.2259133, Validation Acc: 0.1328125
INFO:root:Epoch: 14, Train loss: 2.3064158, Train Acc: 0.3655303
INFO:root:Epoch: 14, Validation loss: 3.2485561, Validation Acc: 0.15104167
INFO:root:Epoch: 15, Train loss: 2.3028524, Train Acc: 0.37310606
INFO:root:Epoch: 15, Validation loss: 3.5862684, Validation Acc: 0.125
INFO:root:Epoch: 16, Train loss: 2.1967506, Train Acc: 0.3866793
INFO:root:Epoch: 16, Validation loss: 3.3521826, Validation Acc: 0.16666667
INFO:root:Epoch: 17, Train loss: 2.149334, Train Acc: 0.4011995
INFO:root:Epoch: 17, Validation loss: 3.2868536, Validation Acc: 0.14322917
INFO:root:Epoch: 18, Train loss: 2.0850205, Train Acc: 0.42455807
INFO:root:Epoch: 18, Validation loss: 3.1005955, Validation Acc: 0.20572917
INFO:root:Epoch: 19, Train loss: 2.0102472, Train Acc: 0.43497476
INFO:root:Epoch: 19, Validation loss: 3.306034, Validation Acc: 0.1640625
INFO:root:Epoch: 20, Train loss: 1.945973, Train Acc: 0.44602272
INFO:root:Epoch: 20, Validation loss: 3.288494, Validation Acc: 0.19270833
INFO:root:Epoch: 21, Train loss: 1.9254782, Train Acc: 0.4665404
INFO:root:Epoch: 21, Validation loss: 3.4040563, Validation Acc: 0.17708333
INFO:root:Epoch: 22, Train loss: 1.8741691, Train Acc: 0.47569445
INFO:root:Epoch: 22, Validation loss: 3.3539531, Validation Acc: 0.1953125
INFO:root:Epoch: 23, Train loss: 1.8129592, Train Acc: 0.4977904
INFO:root:Epoch: 23, Validation loss: 3.4176366, Validation Acc: 0.1875
INFO:root:Epoch: 24, Train loss: 1.7701827, Train Acc: 0.50252527
INFO:root:Epoch: 24, Validation loss: 3.4785135, Validation Acc: 0.18229167
INFO:root:Epoch: 25, Train loss: 1.7450978, Train Acc: 0.50315654
INFO:root:Epoch: 25, Validation loss: 3.4720688, Validation Acc: 0.17447917
INFO:root:Epoch: 26, Train loss: 1.624318, Train Acc: 0.540404
INFO:root:Epoch: 26, Validation loss: 3.5860708, Validation Acc: 0.19270833
INFO:root:Epoch: 27, Train loss: 1.6217064, Train Acc: 0.54103535
INFO:root:Epoch: 27, Validation loss: 3.4042585, Validation Acc: 0.24479167
INFO:root:Epoch: 28, Train loss: 1.5576035, Train Acc: 0.552399
INFO:root:Epoch: 28, Validation loss: 3.6173716, Validation Acc: 0.18489583
INFO:root:Epoch: 29, Train loss: 1.556621, Train Acc: 0.55145204
INFO:root:Epoch: 29, Validation loss: 3.4702055, Validation Acc: 0.20572917
INFO:root:Training from ep 0 to ep 30 finished
INFO:root:Best epoch: 28
