INFO:root:Started
INFO:root:Epoch: 0, Train loss: 11.770738
INFO:root:Epoch: 0, Validation loss: 7.7232957
INFO:root:Epoch: 1, Train loss: 6.2677436
INFO:root:Epoch: 1, Validation loss: 5.334492
INFO:root:Epoch: 2, Train loss: 4.709641
INFO:root:Epoch: 2, Validation loss: 4.2721925
INFO:root:Epoch: 3, Train loss: 3.9620454
INFO:root:Epoch: 3, Validation loss: 3.6439917
INFO:root:Epoch: 4, Train loss: 3.5158465
INFO:root:Epoch: 4, Validation loss: 3.2303262
INFO:root:Epoch: 5, Train loss: 3.2059557
INFO:root:Epoch: 5, Validation loss: 2.9212623
INFO:root:Epoch: 6, Train loss: 2.9854062
INFO:root:Epoch: 6, Validation loss: 2.9164362
INFO:root:Epoch: 7, Train loss: 2.8113525
INFO:root:Epoch: 7, Validation loss: 2.7237513
INFO:root:Epoch: 8, Train loss: 2.7053888
INFO:root:Epoch: 8, Validation loss: 2.5841517
INFO:root:Epoch: 9, Train loss: 2.600376
INFO:root:Epoch: 9, Validation loss: 2.4363306
INFO:root:Epoch: 10, Train loss: 2.484793
INFO:root:Epoch: 10, Validation loss: 2.4484127
INFO:root:Epoch: 11, Train loss: 2.414163
INFO:root:Epoch: 11, Validation loss: 2.3407323
INFO:root:Epoch: 12, Train loss: 2.3585935
INFO:root:Epoch: 12, Validation loss: 2.2551038
INFO:root:Epoch: 13, Train loss: 2.291237
INFO:root:Epoch: 13, Validation loss: 2.2548783
INFO:root:Epoch: 14, Train loss: 2.2390652
INFO:root:Epoch: 14, Validation loss: 2.1844203
INFO:root:Epoch: 15, Train loss: 2.2009618
INFO:root:Epoch: 15, Validation loss: 2.1412866
INFO:root:Epoch: 16, Train loss: 2.1717973
INFO:root:Epoch: 16, Validation loss: 2.1290941
INFO:root:Epoch: 17, Train loss: 2.1470757
INFO:root:Epoch: 17, Validation loss: 2.0893066
INFO:root:Epoch: 18, Train loss: 2.041552
INFO:root:Epoch: 18, Validation loss: 2.0920062
INFO:root:Epoch: 19, Train loss: 1.9914043
INFO:root:Epoch: 19, Validation loss: 1.9489695
INFO:root:Epoch: 20, Train loss: 1.932198
INFO:root:Epoch: 20, Validation loss: 1.8750627
INFO:root:Epoch: 21, Train loss: 1.8982834
INFO:root:Epoch: 21, Validation loss: 1.8648007
INFO:root:Epoch: 22, Train loss: 1.8954446
INFO:root:Epoch: 22, Validation loss: 1.8854789
INFO:root:Epoch: 23, Train loss: 1.8457358
INFO:root:Epoch: 23, Validation loss: 1.8221458
INFO:root:Epoch: 24, Train loss: 1.8498957
INFO:root:Epoch: 24, Validation loss: 1.8258058
INFO:root:Epoch: 25, Train loss: 1.8246673
INFO:root:Epoch: 25, Validation loss: 1.8409917
INFO:root:Epoch: 26, Train loss: 1.8070683
INFO:root:Epoch: 26, Validation loss: 1.855082
INFO:root:Epoch: 27, Train loss: 1.7877792
INFO:root:Epoch: 27, Validation loss: 1.7966754
INFO:root:Epoch: 28, Train loss: 1.7986385
INFO:root:Epoch: 28, Validation loss: 1.8276846
INFO:root:Epoch: 29, Train loss: 1.766321
INFO:root:Epoch: 29, Validation loss: 1.763193
INFO:root:Epoch: 30, Train loss: 1.7681898
INFO:root:Epoch: 30, Validation loss: 1.7971443
INFO:root:Epoch: 31, Train loss: 1.7640659
INFO:root:Epoch: 31, Validation loss: 1.8520064
INFO:root:Epoch: 32, Train loss: 1.7420117
INFO:root:Epoch: 32, Validation loss: 1.7617812
INFO:root:Epoch: 33, Train loss: 1.7575778
INFO:root:Epoch: 33, Validation loss: 1.731582
INFO:root:Epoch: 34, Train loss: 1.723983
INFO:root:Epoch: 34, Validation loss: 1.7330127
INFO:root:Epoch: 35, Train loss: 1.7264947
INFO:root:Epoch: 35, Validation loss: 1.7772864
INFO:root:Epoch: 36, Train loss: 1.7070402
INFO:root:Epoch: 36, Validation loss: 1.7324265
INFO:root:Epoch: 37, Train loss: 1.7215353
INFO:root:Epoch: 37, Validation loss: 1.7379346
INFO:root:Epoch: 38, Train loss: 1.7152141
INFO:root:Epoch: 38, Validation loss: 1.7732468
INFO:root:Epoch: 39, Train loss: 1.7008382
INFO:root:Epoch: 39, Validation loss: 1.6758571
INFO:root:Epoch: 40, Train loss: 1.6800699
INFO:root:Epoch: 40, Validation loss: 1.7421666
INFO:root:Epoch: 41, Train loss: 1.6995479
INFO:root:Epoch: 41, Validation loss: 1.690636
INFO:root:Epoch: 42, Train loss: 1.6606135
INFO:root:Epoch: 42, Validation loss: 1.6837351
INFO:root:Epoch: 43, Train loss: 1.6873937
INFO:root:Epoch: 43, Validation loss: 1.7152613
INFO:root:Epoch: 44, Train loss: 1.6826982
INFO:root:Epoch: 44, Validation loss: 1.7439278
INFO:root:Epoch: 45, Train loss: 1.6553087
INFO:root:Epoch: 45, Validation loss: 1.6834418
INFO:root:Epoch: 46, Train loss: 1.6571301
INFO:root:Epoch: 46, Validation loss: 1.626316
INFO:root:Epoch: 47, Train loss: 1.6360947
INFO:root:Epoch: 47, Validation loss: 1.7240543
INFO:root:Epoch: 48, Train loss: 1.6458625
INFO:root:Epoch: 48, Validation loss: 1.682478
INFO:root:Epoch: 49, Train loss: 1.6385314
INFO:root:Epoch: 49, Validation loss: 1.6642864
INFO:root:Epoch: 50, Train loss: 1.6323475
INFO:root:Epoch: 50, Validation loss: 1.6934755
INFO:root:Epoch: 51, Train loss: 1.6188359
INFO:root:Epoch: 51, Validation loss: 1.6778005
INFO:root:Epoch: 52, Train loss: 1.6280727
INFO:root:Epoch: 52, Validation loss: 1.6093351
INFO:root:Epoch: 53, Train loss: 1.5968773
INFO:root:Epoch: 53, Validation loss: 1.6792808
INFO:root:Epoch: 54, Train loss: 1.596842
INFO:root:Epoch: 54, Validation loss: 1.6521047
INFO:root:Epoch: 55, Train loss: 1.5914847
INFO:root:Epoch: 55, Validation loss: 1.6196501
INFO:root:Epoch: 56, Train loss: 1.5909315
INFO:root:Epoch: 56, Validation loss: 1.632666
INFO:root:Epoch: 57, Train loss: 1.5944664
INFO:root:Epoch: 57, Validation loss: 1.6943263
INFO:root:Epoch: 58, Train loss: 1.5899256
INFO:root:Epoch: 58, Validation loss: 1.6789606
INFO:root:Epoch: 59, Train loss: 1.6016695
INFO:root:Epoch: 59, Validation loss: 1.6305518
INFO:root:Epoch: 60, Train loss: 1.5721314
INFO:root:Epoch: 60, Validation loss: 1.6267039
INFO:root:Epoch: 61, Train loss: 1.5822736
INFO:root:Epoch: 61, Validation loss: 1.6057212
INFO:root:Epoch: 62, Train loss: 1.5809832
INFO:root:Epoch: 62, Validation loss: 1.6504245
INFO:root:Epoch: 63, Train loss: 1.5454364
INFO:root:Epoch: 63, Validation loss: 1.6249396
INFO:root:Epoch: 64, Train loss: 1.5594348
INFO:root:Epoch: 64, Validation loss: 1.5604409
INFO:root:Epoch: 65, Train loss: 1.5333246
INFO:root:Epoch: 65, Validation loss: 1.6992594
INFO:root:Epoch: 66, Train loss: 1.535112
INFO:root:Epoch: 66, Validation loss: 1.6299243
INFO:root:Epoch: 67, Train loss: 1.5235223
INFO:root:Epoch: 67, Validation loss: 1.602848
INFO:root:Epoch: 68, Train loss: 1.5096277
INFO:root:Epoch: 68, Validation loss: 1.5923648
INFO:root:Epoch: 69, Train loss: 1.5000386
INFO:root:Epoch: 69, Validation loss: 1.5420505
INFO:root:Epoch: 70, Train loss: 1.4685793
INFO:root:Epoch: 70, Validation loss: 1.5570105
INFO:root:Epoch: 71, Train loss: 1.4792542
INFO:root:Epoch: 71, Validation loss: 1.4989281
INFO:root:Epoch: 72, Train loss: 1.4598545
INFO:root:Epoch: 72, Validation loss: 1.5570123
INFO:root:Epoch: 73, Train loss: 1.4768128
INFO:root:Epoch: 73, Validation loss: 1.4971725
INFO:root:Epoch: 74, Train loss: 1.474329
INFO:root:Epoch: 74, Validation loss: 1.5628699
INFO:root:Epoch: 75, Train loss: 1.4556396
INFO:root:Epoch: 75, Validation loss: 1.5366275
INFO:root:Epoch: 76, Train loss: 1.4869323
INFO:root:Epoch: 76, Validation loss: 1.5168617
INFO:root:Epoch: 77, Train loss: 1.4580494
INFO:root:Epoch: 77, Validation loss: 1.5965295
INFO:root:Epoch: 78, Train loss: 1.4468863
INFO:root:Epoch: 78, Validation loss: 1.4460387
INFO:root:Epoch: 79, Train loss: 1.4433807
INFO:root:Epoch: 79, Validation loss: 1.5864967
INFO:root:Epoch: 80, Train loss: 1.4242536
INFO:root:Epoch: 80, Validation loss: 1.5702499
INFO:root:Epoch: 81, Train loss: 1.4110707
INFO:root:Epoch: 81, Validation loss: 1.4582715
INFO:root:Epoch: 82, Train loss: 1.4181421
INFO:root:Epoch: 82, Validation loss: 1.5265162
INFO:root:Epoch: 83, Train loss: 1.4192555
INFO:root:Epoch: 83, Validation loss: 1.4005412
INFO:root:Epoch: 84, Train loss: 1.4393375
INFO:root:Epoch: 84, Validation loss: 1.4786361
INFO:root:Epoch: 85, Train loss: 1.4138613
INFO:root:Epoch: 85, Validation loss: 1.5080723
INFO:root:Epoch: 86, Train loss: 1.4227821
INFO:root:Epoch: 86, Validation loss: 1.4761618
INFO:root:Epoch: 87, Train loss: 1.3857253
INFO:root:Epoch: 87, Validation loss: 1.4898224
INFO:root:Epoch: 88, Train loss: 1.4047297
INFO:root:Epoch: 88, Validation loss: 1.4971951
INFO:root:Epoch: 89, Train loss: 1.3975276
INFO:root:Epoch: 89, Validation loss: 1.4982758
INFO:root:Epoch: 90, Train loss: 1.4035195
INFO:root:Epoch: 90, Validation loss: 1.4504327
INFO:root:Epoch: 91, Train loss: 1.3904678
INFO:root:Epoch: 91, Validation loss: 1.4279345
INFO:root:Epoch: 92, Train loss: 1.3659838
INFO:root:Epoch: 92, Validation loss: 1.4698231
INFO:root:Epoch: 93, Train loss: 1.3684721
INFO:root:Epoch: 93, Validation loss: 1.5116599
INFO:root:Epoch: 94, Train loss: 1.3840265
INFO:root:Epoch: 94, Validation loss: 1.4289788
INFO:root:Epoch: 95, Train loss: 1.368026
INFO:root:Epoch: 95, Validation loss: 1.5473351
INFO:root:Epoch: 96, Train loss: 1.3774472
INFO:root:Epoch: 96, Validation loss: 1.5046115
INFO:root:Epoch: 97, Train loss: 1.3428746
INFO:root:Epoch: 97, Validation loss: 1.4044493
INFO:root:Epoch: 98, Train loss: 1.3775358
INFO:root:Epoch: 98, Validation loss: 1.4085505
INFO:root:Epoch: 99, Train loss: 1.3645123
INFO:root:Epoch: 99, Validation loss: 1.5050179
INFO:root:Training from ep 0 to ep 100 finished
INFO:root:Best epoch: 84
