INFO:root:Started
INFO:root:Epoch: 0, Train loss: 3.7008057, Train Acc: 0.06534091
INFO:root:Epoch: 0, Validation loss: 3.739502, Validation Acc: 0.057291668
INFO:root:Epoch: 1, Train loss: 3.39834, Train Acc: 0.11268939
INFO:root:Epoch: 1, Validation loss: 3.488803, Validation Acc: 0.114583336
INFO:root:Epoch: 2, Train loss: 3.2128825, Train Acc: 0.15056819
INFO:root:Epoch: 2, Validation loss: 3.5285444, Validation Acc: 0.109375
INFO:root:Epoch: 3, Train loss: 3.1008015, Train Acc: 0.177399
INFO:root:Epoch: 3, Validation loss: 3.5197642, Validation Acc: 0.1015625
INFO:root:Epoch: 4, Train loss: 2.967751, Train Acc: 0.21875
INFO:root:Epoch: 4, Validation loss: 3.3952248, Validation Acc: 0.1484375
INFO:root:Epoch: 5, Train loss: 2.8371344, Train Acc: 0.23137626
INFO:root:Epoch: 5, Validation loss: 3.5577357, Validation Acc: 0.1015625
INFO:root:Epoch: 6, Train loss: 2.73646, Train Acc: 0.27493685
INFO:root:Epoch: 6, Validation loss: 3.4273062, Validation Acc: 0.09375
INFO:root:Epoch: 7, Train loss: 2.6190426, Train Acc: 0.29766414
INFO:root:Epoch: 7, Validation loss: 3.6523383, Validation Acc: 0.09375
INFO:root:Epoch: 8, Train loss: 2.5106304, Train Acc: 0.32070708
INFO:root:Epoch: 8, Validation loss: 3.5985172, Validation Acc: 0.12760417
INFO:root:Epoch: 9, Train loss: 2.3245046, Train Acc: 0.37878788
INFO:root:Epoch: 9, Validation loss: 3.6214225, Validation Acc: 0.1171875
INFO:root:Epoch: 10, Train loss: 2.254899, Train Acc: 0.3873106
INFO:root:Epoch: 10, Validation loss: 3.586673, Validation Acc: 0.1171875
INFO:root:Epoch: 11, Train loss: 2.1888106, Train Acc: 0.41698232
INFO:root:Epoch: 11, Validation loss: 3.7238216, Validation Acc: 0.12760417
INFO:root:Epoch: 12, Train loss: 2.1026907, Train Acc: 0.43087122
INFO:root:Epoch: 12, Validation loss: 3.666894, Validation Acc: 0.13020833
INFO:root:Epoch: 13, Train loss: 1.9938421, Train Acc: 0.46275252
INFO:root:Epoch: 13, Validation loss: 3.6737363, Validation Acc: 0.1484375
INFO:root:Epoch: 14, Train loss: 1.9466512, Train Acc: 0.4722222
INFO:root:Epoch: 14, Validation loss: 3.662716, Validation Acc: 0.15625
INFO:root:Epoch: 15, Train loss: 1.8238684, Train Acc: 0.49210858
INFO:root:Epoch: 15, Validation loss: 3.8705199, Validation Acc: 0.1171875
INFO:root:Epoch: 16, Train loss: 1.7474066, Train Acc: 0.5186237
INFO:root:Epoch: 16, Validation loss: 3.7066956, Validation Acc: 0.15625
INFO:root:Epoch: 17, Train loss: 1.6591222, Train Acc: 0.5334596
INFO:root:Epoch: 17, Validation loss: 3.7951262, Validation Acc: 0.122395836
INFO:root:Epoch: 18, Train loss: 1.6074911, Train Acc: 0.5489268
INFO:root:Epoch: 18, Validation loss: 3.8070068, Validation Acc: 0.15625
INFO:root:Epoch: 19, Train loss: 1.5503187, Train Acc: 0.57102275
INFO:root:Epoch: 19, Validation loss: 3.8100595, Validation Acc: 0.111979164
INFO:root:Epoch: 20, Train loss: 1.4493986, Train Acc: 0.5921717
INFO:root:Epoch: 20, Validation loss: 3.7907743, Validation Acc: 0.1484375
INFO:root:Epoch: 21, Train loss: 1.3749993, Train Acc: 0.60858583
INFO:root:Epoch: 21, Validation loss: 3.7915862, Validation Acc: 0.17447917
INFO:root:Epoch: 22, Train loss: 1.2887275, Train Acc: 0.6379419
INFO:root:Epoch: 22, Validation loss: 4.104071, Validation Acc: 0.122395836
INFO:root:Epoch: 23, Train loss: 1.2751063, Train Acc: 0.64867425
INFO:root:Epoch: 23, Validation loss: 4.207336, Validation Acc: 0.13020833
INFO:root:Epoch: 24, Train loss: 1.2062143, Train Acc: 0.6641414
INFO:root:Epoch: 24, Validation loss: 4.2089753, Validation Acc: 0.12760417
INFO:root:Epoch: 25, Train loss: 1.1399722, Train Acc: 0.6685606
INFO:root:Epoch: 25, Validation loss: 4.2409863, Validation Acc: 0.13802083
INFO:root:Epoch: 26, Train loss: 1.1381826, Train Acc: 0.6837121
INFO:root:Epoch: 26, Validation loss: 4.021014, Validation Acc: 0.17708333
INFO:root:Epoch: 27, Train loss: 1.0652695, Train Acc: 0.7013889
INFO:root:Epoch: 27, Validation loss: 4.268798, Validation Acc: 0.15885417
INFO:root:Epoch: 28, Train loss: 1.0349286, Train Acc: 0.70896465
INFO:root:Epoch: 28, Validation loss: 4.0928655, Validation Acc: 0.171875
INFO:root:Epoch: 29, Train loss: 1.0182886, Train Acc: 0.7121212
INFO:root:Epoch: 29, Validation loss: 4.312162, Validation Acc: 0.15885417
INFO:root:Epoch: 30, Train loss: 0.94304913, Train Acc: 0.7313763
INFO:root:Epoch: 30, Validation loss: 4.3282676, Validation Acc: 0.1640625
INFO:root:Epoch: 31, Train loss: 0.89046013, Train Acc: 0.749053
INFO:root:Epoch: 31, Validation loss: 4.313614, Validation Acc: 0.18489583
INFO:root:Epoch: 32, Train loss: 0.85263264, Train Acc: 0.75978535
INFO:root:Epoch: 32, Validation loss: 4.4177203, Validation Acc: 0.15885417
INFO:root:Epoch: 33, Train loss: 0.8406722, Train Acc: 0.76546717
INFO:root:Epoch: 33, Validation loss: 4.1230674, Validation Acc: 0.16927083
INFO:root:Epoch: 34, Train loss: 0.78465, Train Acc: 0.7777778
INFO:root:Epoch: 34, Validation loss: 4.421474, Validation Acc: 0.1640625
INFO:root:Epoch: 35, Train loss: 0.80979395, Train Acc: 0.7777778
INFO:root:Epoch: 35, Validation loss: 4.3669434, Validation Acc: 0.16927083
INFO:root:Epoch: 36, Train loss: 0.73896503, Train Acc: 0.78314394
INFO:root:Epoch: 36, Validation loss: 4.5451636, Validation Acc: 0.17447917
INFO:root:Epoch: 37, Train loss: 0.73330224, Train Acc: 0.78661615
INFO:root:Epoch: 37, Validation loss: 4.4951262, Validation Acc: 0.16145833
INFO:root:Epoch: 38, Train loss: 0.66499233, Train Acc: 0.8074495
INFO:root:Epoch: 38, Validation loss: 4.7028174, Validation Acc: 0.1640625
INFO:root:Epoch: 39, Train loss: 0.63736963, Train Acc: 0.81881315
INFO:root:Epoch: 39, Validation loss: 4.464689, Validation Acc: 0.16145833
INFO:root:Epoch: 40, Train loss: 0.62364864, Train Acc: 0.8172349
INFO:root:Epoch: 40, Validation loss: 4.60963, Validation Acc: 0.13802083
INFO:root:Epoch: 41, Train loss: 0.5854568, Train Acc: 0.82891417
INFO:root:Epoch: 41, Validation loss: 4.6984763, Validation Acc: 0.1328125
INFO:root:Epoch: 42, Train loss: 0.62766904, Train Acc: 0.81565654
INFO:root:Epoch: 42, Validation loss: 4.661227, Validation Acc: 0.1484375
INFO:root:Epoch: 43, Train loss: 0.596062, Train Acc: 0.82796717
INFO:root:Epoch: 43, Validation loss: 5.048209, Validation Acc: 0.122395836
INFO:root:Epoch: 44, Train loss: 0.6200174, Train Acc: 0.82354796
INFO:root:Epoch: 44, Validation loss: 4.5957665, Validation Acc: 0.16927083
INFO:root:Epoch: 45, Train loss: 0.54526806, Train Acc: 0.8484849
INFO:root:Epoch: 45, Validation loss: 4.8477664, Validation Acc: 0.15625
INFO:root:Epoch: 46, Train loss: 0.53719753, Train Acc: 0.8453283
INFO:root:Epoch: 46, Validation loss: 4.6051044, Validation Acc: 0.15885417
INFO:root:Epoch: 47, Train loss: 0.4685593, Train Acc: 0.85953283
INFO:root:Epoch: 47, Validation loss: 4.7067294, Validation Acc: 0.15364583
INFO:root:Epoch: 48, Train loss: 0.51004946, Train Acc: 0.8519571
INFO:root:Epoch: 48, Validation loss: 4.874976, Validation Acc: 0.13802083
INFO:root:Epoch: 49, Train loss: 0.48388854, Train Acc: 0.86300504
INFO:root:Epoch: 49, Validation loss: 4.7503524, Validation Acc: 0.15885417
INFO:root:Epoch: 50, Train loss: 0.46779042, Train Acc: 0.8645833
INFO:root:Epoch: 50, Validation loss: 4.9653516, Validation Acc: 0.13541667
INFO:root:Epoch: 51, Train loss: 0.46084833, Train Acc: 0.8667929
INFO:root:Epoch: 51, Validation loss: 4.8600082, Validation Acc: 0.140625
INFO:root:Epoch: 52, Train loss: 0.47361818, Train Acc: 0.865846
INFO:root:Epoch: 52, Validation loss: 4.966813, Validation Acc: 0.17447917
INFO:root:Epoch: 53, Train loss: 0.45399842, Train Acc: 0.8671086
INFO:root:Epoch: 53, Validation loss: 4.9928746, Validation Acc: 0.15104167
INFO:root:Epoch: 54, Train loss: 0.45754915, Train Acc: 0.87468433
INFO:root:Epoch: 54, Validation loss: 4.7238955, Validation Acc: 0.15104167
INFO:root:Epoch: 55, Train loss: 0.40962774, Train Acc: 0.8800505
INFO:root:Epoch: 55, Validation loss: 4.6900063, Validation Acc: 0.18489583
INFO:root:Epoch: 56, Train loss: 0.43949953, Train Acc: 0.87215906
INFO:root:Epoch: 56, Validation loss: 5.1919794, Validation Acc: 0.13020833
INFO:root:Epoch: 57, Train loss: 0.38896918, Train Acc: 0.88825756
INFO:root:Epoch: 57, Validation loss: 4.8635936, Validation Acc: 0.17447917
INFO:root:Epoch: 58, Train loss: 0.40664607, Train Acc: 0.884154
INFO:root:Epoch: 58, Validation loss: 4.7448354, Validation Acc: 0.15885417
INFO:root:Epoch: 59, Train loss: 0.39674497, Train Acc: 0.8888889
INFO:root:Epoch: 59, Validation loss: 5.039641, Validation Acc: 0.15885417
INFO:root:Training from ep 0 to ep 60 finished
INFO:root:Best epoch: 32
