INFO:root:Started
INFO:root:Epoch: 0, Train loss: 18.736412
INFO:root:Epoch: 0, Validation loss: 8.830348
INFO:root:Epoch: 1, Train loss: 6.240501
INFO:root:Epoch: 1, Validation loss: 4.5763946
INFO:root:Epoch: 2, Train loss: 3.6843672
INFO:root:Epoch: 2, Validation loss: 2.979766
INFO:root:Epoch: 3, Train loss: 2.6622813
INFO:root:Epoch: 3, Validation loss: 2.2147248
INFO:root:Epoch: 4, Train loss: 2.0451744
INFO:root:Epoch: 4, Validation loss: 1.8761328
INFO:root:Epoch: 5, Train loss: 1.6666644
INFO:root:Epoch: 5, Validation loss: 1.510544
INFO:root:Epoch: 6, Train loss: 1.4049822
INFO:root:Epoch: 6, Validation loss: 1.280948
INFO:root:Epoch: 7, Train loss: 1.2032944
INFO:root:Epoch: 7, Validation loss: 1.0826162
INFO:root:Epoch: 8, Train loss: 1.0645708
INFO:root:Epoch: 8, Validation loss: 0.9112237
INFO:root:Epoch: 9, Train loss: 0.91455317
INFO:root:Epoch: 9, Validation loss: 0.86614156
INFO:root:Epoch: 10, Train loss: 0.80769885
INFO:root:Epoch: 10, Validation loss: 0.67320365
INFO:root:Epoch: 11, Train loss: 0.71879894
INFO:root:Epoch: 11, Validation loss: 0.68247145
INFO:root:Epoch: 12, Train loss: 0.65290254
INFO:root:Epoch: 12, Validation loss: 0.5861216
INFO:root:Epoch: 13, Train loss: 0.5937145
INFO:root:Epoch: 13, Validation loss: 0.62722015
INFO:root:Epoch: 14, Train loss: 0.5480908
INFO:root:Epoch: 14, Validation loss: 0.46731606
INFO:root:Epoch: 15, Train loss: 0.50425273
INFO:root:Epoch: 15, Validation loss: 0.48659858
INFO:root:Epoch: 16, Train loss: 0.4626667
INFO:root:Epoch: 16, Validation loss: 0.3936119
INFO:root:Epoch: 17, Train loss: 0.42047167
INFO:root:Epoch: 17, Validation loss: 0.44548872
INFO:root:Epoch: 18, Train loss: 0.39846784
INFO:root:Epoch: 18, Validation loss: 0.39299867
INFO:root:Epoch: 19, Train loss: 0.37226903
INFO:root:Epoch: 19, Validation loss: 0.32736662
INFO:root:Epoch: 20, Train loss: 0.34355557
INFO:root:Epoch: 20, Validation loss: 0.33969852
INFO:root:Epoch: 21, Train loss: 0.32908222
INFO:root:Epoch: 21, Validation loss: 0.31909165
INFO:root:Epoch: 22, Train loss: 0.30751646
INFO:root:Epoch: 22, Validation loss: 0.29167107
INFO:root:Epoch: 23, Train loss: 0.29620296
INFO:root:Epoch: 23, Validation loss: 0.28142408
INFO:root:Epoch: 24, Train loss: 0.2815345
INFO:root:Epoch: 24, Validation loss: 0.27070782
INFO:root:Epoch: 25, Train loss: 0.27347726
INFO:root:Epoch: 25, Validation loss: 0.2966369
INFO:root:Epoch: 26, Train loss: 0.2618578
INFO:root:Epoch: 26, Validation loss: 0.23828954
INFO:root:Epoch: 27, Train loss: 0.2506113
INFO:root:Epoch: 27, Validation loss: 0.23219244
INFO:root:Epoch: 28, Train loss: 0.24020107
INFO:root:Epoch: 28, Validation loss: 0.22630906
INFO:root:Epoch: 29, Train loss: 0.23440225
INFO:root:Epoch: 29, Validation loss: 0.21568052
INFO:root:Epoch: 30, Train loss: 0.22550933
INFO:root:Epoch: 30, Validation loss: 0.21347214
INFO:root:Epoch: 31, Train loss: 0.21588321
INFO:root:Epoch: 31, Validation loss: 0.2135355
INFO:root:Epoch: 32, Train loss: 0.20619509
INFO:root:Epoch: 32, Validation loss: 0.21681179
INFO:root:Epoch: 33, Train loss: 0.20920396
INFO:root:Epoch: 33, Validation loss: 0.20234616
INFO:root:Epoch: 34, Train loss: 0.19808643
INFO:root:Epoch: 34, Validation loss: 0.18720181
INFO:root:Epoch: 35, Train loss: 0.19338204
INFO:root:Epoch: 35, Validation loss: 0.18457119
INFO:root:Epoch: 36, Train loss: 0.18900329
INFO:root:Epoch: 36, Validation loss: 0.18048172
INFO:root:Epoch: 37, Train loss: 0.1851177
INFO:root:Epoch: 37, Validation loss: 0.16996133
INFO:root:Epoch: 38, Train loss: 0.17686374
INFO:root:Epoch: 38, Validation loss: 0.17381282
INFO:root:Epoch: 39, Train loss: 0.1741832
INFO:root:Epoch: 39, Validation loss: 0.1733887
INFO:root:Epoch: 40, Train loss: 0.17133996
INFO:root:Epoch: 40, Validation loss: 0.21477091
INFO:root:Epoch: 41, Train loss: 0.23057935
INFO:root:Epoch: 41, Validation loss: 0.3637761
INFO:root:Epoch: 42, Train loss: 0.2251445
INFO:root:Epoch: 42, Validation loss: 0.19323146
INFO:root:Epoch: 43, Train loss: 0.18848506
INFO:root:Epoch: 43, Validation loss: 0.18397826
INFO:root:Epoch: 44, Train loss: 0.17568927
INFO:root:Epoch: 44, Validation loss: 0.16906017
INFO:root:Epoch: 45, Train loss: 0.16564967
INFO:root:Epoch: 45, Validation loss: 0.1564482
INFO:root:Epoch: 46, Train loss: 0.16693753
INFO:root:Epoch: 46, Validation loss: 0.16049778
INFO:root:Epoch: 47, Train loss: 0.15857998
INFO:root:Epoch: 47, Validation loss: 0.15617998
INFO:root:Epoch: 48, Train loss: 0.15474285
INFO:root:Epoch: 48, Validation loss: 0.1403379
INFO:root:Epoch: 49, Train loss: 0.1503382
INFO:root:Epoch: 49, Validation loss: 0.14361078
INFO:root:Epoch: 50, Train loss: 0.14411138
INFO:root:Epoch: 50, Validation loss: 0.13616669
INFO:root:Epoch: 51, Train loss: 0.14259696
INFO:root:Epoch: 51, Validation loss: 0.13658525
INFO:root:Epoch: 52, Train loss: 0.13948707
INFO:root:Epoch: 52, Validation loss: 0.12835224
INFO:root:Epoch: 53, Train loss: 0.13663232
INFO:root:Epoch: 53, Validation loss: 0.14815134
INFO:root:Epoch: 54, Train loss: 0.1358824
INFO:root:Epoch: 54, Validation loss: 0.12714018
INFO:root:Epoch: 55, Train loss: 0.13049722
INFO:root:Epoch: 55, Validation loss: 0.12926707
INFO:root:Epoch: 56, Train loss: 0.12929633
INFO:root:Epoch: 56, Validation loss: 0.121425025
INFO:root:Epoch: 57, Train loss: 0.1266669
INFO:root:Epoch: 57, Validation loss: 0.11793993
INFO:root:Epoch: 58, Train loss: 0.12539327
INFO:root:Epoch: 58, Validation loss: 0.1165153
INFO:root:Epoch: 59, Train loss: 0.12198621
INFO:root:Epoch: 59, Validation loss: 0.11593518
INFO:root:Epoch: 60, Train loss: 0.120897375
INFO:root:Epoch: 60, Validation loss: 0.1138146
INFO:root:Epoch: 61, Train loss: 0.11825923
INFO:root:Epoch: 61, Validation loss: 0.122979075
INFO:root:Epoch: 62, Train loss: 0.1176213
INFO:root:Epoch: 62, Validation loss: 0.11022246
INFO:root:Epoch: 63, Train loss: 0.11549601
INFO:root:Epoch: 63, Validation loss: 0.10604947
INFO:root:Epoch: 64, Train loss: 0.11231232
INFO:root:Epoch: 64, Validation loss: 0.10627702
INFO:root:Epoch: 65, Train loss: 0.110325046
INFO:root:Epoch: 65, Validation loss: 0.11615815
INFO:root:Epoch: 66, Train loss: 0.10991177
INFO:root:Epoch: 66, Validation loss: 0.106910534
INFO:root:Epoch: 67, Train loss: 0.108688794
INFO:root:Epoch: 67, Validation loss: 0.11993285
INFO:root:Epoch: 68, Train loss: 0.10673503
INFO:root:Epoch: 68, Validation loss: 0.099850595
INFO:root:Epoch: 69, Train loss: 0.101425245
INFO:root:Epoch: 69, Validation loss: 0.09423027
INFO:root:Epoch: 70, Train loss: 0.10141135
INFO:root:Epoch: 70, Validation loss: 0.10107266
INFO:root:Epoch: 71, Train loss: 0.10178949
INFO:root:Epoch: 71, Validation loss: 0.09469393
INFO:root:Epoch: 72, Train loss: 0.101365425
INFO:root:Epoch: 72, Validation loss: 0.100797
INFO:root:Epoch: 73, Train loss: 0.0982686
INFO:root:Epoch: 73, Validation loss: 0.09656035
INFO:root:Epoch: 74, Train loss: 0.09654453
INFO:root:Epoch: 74, Validation loss: 0.10293412
INFO:root:Epoch: 75, Train loss: 0.09461989
INFO:root:Epoch: 75, Validation loss: 0.0878512
INFO:root:Epoch: 76, Train loss: 0.09402912
INFO:root:Epoch: 76, Validation loss: 0.09397668
INFO:root:Epoch: 77, Train loss: 0.09255399
INFO:root:Epoch: 77, Validation loss: 0.09031444
INFO:root:Epoch: 78, Train loss: 0.090339385
INFO:root:Epoch: 78, Validation loss: 0.09352854
INFO:root:Epoch: 79, Train loss: 0.09117212
INFO:root:Epoch: 79, Validation loss: 0.08724924
INFO:root:Epoch: 80, Train loss: 0.08900305
INFO:root:Epoch: 80, Validation loss: 0.09574816
INFO:root:Epoch: 81, Train loss: 0.08757335
INFO:root:Epoch: 81, Validation loss: 0.08179903
INFO:root:Epoch: 82, Train loss: 0.086652316
INFO:root:Epoch: 82, Validation loss: 0.084579796
INFO:root:Epoch: 83, Train loss: 0.085853785
INFO:root:Epoch: 83, Validation loss: 0.07856049
INFO:root:Epoch: 84, Train loss: 0.08585385
INFO:root:Epoch: 84, Validation loss: 0.07721127
INFO:root:Epoch: 85, Train loss: 0.0846364
INFO:root:Epoch: 85, Validation loss: 0.1112264
INFO:root:Epoch: 86, Train loss: 0.08501679
INFO:root:Epoch: 86, Validation loss: 0.08047036
INFO:root:Epoch: 87, Train loss: 0.08405468
INFO:root:Epoch: 87, Validation loss: 0.08448089
INFO:root:Epoch: 88, Train loss: 0.08319165
INFO:root:Epoch: 88, Validation loss: 0.07631965
INFO:root:Epoch: 89, Train loss: 0.08133413
INFO:root:Epoch: 89, Validation loss: 0.07464767
INFO:root:Epoch: 90, Train loss: 0.08029263
INFO:root:Epoch: 90, Validation loss: 0.07462918
INFO:root:Epoch: 91, Train loss: 0.078171134
INFO:root:Epoch: 91, Validation loss: 0.0742187
INFO:root:Epoch: 92, Train loss: 0.07610089
INFO:root:Epoch: 92, Validation loss: 0.07343817
INFO:root:Epoch: 93, Train loss: 0.07611325
INFO:root:Epoch: 93, Validation loss: 0.07279804
INFO:root:Epoch: 94, Train loss: 0.07467602
INFO:root:Epoch: 94, Validation loss: 0.07260958
INFO:root:Epoch: 95, Train loss: 0.07430883
INFO:root:Epoch: 95, Validation loss: 0.07384793
INFO:root:Epoch: 96, Train loss: 0.07201179
INFO:root:Epoch: 96, Validation loss: 0.10440027
INFO:root:Epoch: 97, Train loss: 0.07257201
INFO:root:Epoch: 97, Validation loss: 0.06864184
INFO:root:Epoch: 98, Train loss: 0.070545726
INFO:root:Epoch: 98, Validation loss: 0.06726215
INFO:root:Epoch: 99, Train loss: 0.07065189
INFO:root:Epoch: 99, Validation loss: 0.06802487
INFO:root:Training from ep 0 to ep 100 finished
INFO:root:Best epoch: 99
