INFO:root:Started
INFO:root:Epoch: 0, Train loss: 28.271431
INFO:root:Epoch: 0, Validation loss: 12.260586
INFO:root:Epoch: 1, Train loss: 12.180044
INFO:root:Epoch: 1, Validation loss: 10.16807
INFO:root:Epoch: 2, Train loss: 7.907854
INFO:root:Epoch: 2, Validation loss: 6.8176165
INFO:root:Epoch: 3, Train loss: 5.692627
INFO:root:Epoch: 3, Validation loss: 4.890911
INFO:root:Epoch: 4, Train loss: 4.2289743
INFO:root:Epoch: 4, Validation loss: 3.8316689
INFO:root:Epoch: 5, Train loss: 3.3844109
INFO:root:Epoch: 5, Validation loss: 2.9832764
INFO:root:Epoch: 6, Train loss: 2.7967088
INFO:root:Epoch: 6, Validation loss: 2.570839
INFO:root:Epoch: 7, Train loss: 2.3919172
INFO:root:Epoch: 7, Validation loss: 2.2677002
INFO:root:Epoch: 8, Train loss: 2.119896
INFO:root:Epoch: 8, Validation loss: 1.8416445
INFO:root:Epoch: 9, Train loss: 1.8791769
INFO:root:Epoch: 9, Validation loss: 1.8146918
INFO:root:Epoch: 10, Train loss: 1.6640165
INFO:root:Epoch: 10, Validation loss: 1.4756596
INFO:root:Epoch: 11, Train loss: 1.5115619
INFO:root:Epoch: 11, Validation loss: 1.4217827
INFO:root:Epoch: 12, Train loss: 1.4028418
INFO:root:Epoch: 12, Validation loss: 1.5483693
INFO:root:Epoch: 13, Train loss: 1.2684503
INFO:root:Epoch: 13, Validation loss: 1.2311656
INFO:root:Epoch: 14, Train loss: 1.1763083
INFO:root:Epoch: 14, Validation loss: 1.0716149
INFO:root:Epoch: 15, Train loss: 1.0934517
INFO:root:Epoch: 15, Validation loss: 0.9951432
INFO:root:Epoch: 16, Train loss: 1.0152069
INFO:root:Epoch: 16, Validation loss: 0.9495234
INFO:root:Epoch: 17, Train loss: 0.9626054
INFO:root:Epoch: 17, Validation loss: 0.8595918
INFO:root:Epoch: 18, Train loss: 0.8867171
INFO:root:Epoch: 18, Validation loss: 0.7885989
INFO:root:Epoch: 19, Train loss: 0.82044685
INFO:root:Epoch: 19, Validation loss: 0.7265047
INFO:root:Epoch: 20, Train loss: 0.78992957
INFO:root:Epoch: 20, Validation loss: 0.70965594
INFO:root:Epoch: 21, Train loss: 0.74923956
INFO:root:Epoch: 21, Validation loss: 0.6570056
INFO:root:Epoch: 22, Train loss: 0.6876656
INFO:root:Epoch: 22, Validation loss: 0.6230799
INFO:root:Epoch: 23, Train loss: 0.66183376
INFO:root:Epoch: 23, Validation loss: 0.6070571
INFO:root:Epoch: 24, Train loss: 0.61634916
INFO:root:Epoch: 24, Validation loss: 0.6236979
INFO:root:Epoch: 25, Train loss: 0.5848278
INFO:root:Epoch: 25, Validation loss: 0.5557085
INFO:root:Epoch: 26, Train loss: 0.5615889
INFO:root:Epoch: 26, Validation loss: 0.5735341
INFO:root:Epoch: 27, Train loss: 0.53076696
INFO:root:Epoch: 27, Validation loss: 0.5128652
INFO:root:Epoch: 28, Train loss: 0.5059987
INFO:root:Epoch: 28, Validation loss: 0.4659426
INFO:root:Epoch: 29, Train loss: 0.4908573
INFO:root:Epoch: 29, Validation loss: 0.42839685
INFO:root:Epoch: 30, Train loss: 0.47010544
INFO:root:Epoch: 30, Validation loss: 0.4576978
INFO:root:Epoch: 31, Train loss: 0.44891462
INFO:root:Epoch: 31, Validation loss: 0.4287614
INFO:root:Epoch: 32, Train loss: 0.42834246
INFO:root:Epoch: 32, Validation loss: 0.44535968
INFO:root:Epoch: 33, Train loss: 0.42050916
INFO:root:Epoch: 33, Validation loss: 0.43713683
INFO:root:Epoch: 34, Train loss: 0.3992753
INFO:root:Epoch: 34, Validation loss: 0.3559022
INFO:root:Epoch: 35, Train loss: 0.3864828
INFO:root:Epoch: 35, Validation loss: 0.35233378
INFO:root:Epoch: 36, Train loss: 0.3717833
INFO:root:Epoch: 36, Validation loss: 0.37085032
INFO:root:Epoch: 37, Train loss: 0.3601992
INFO:root:Epoch: 37, Validation loss: 0.32389987
INFO:root:Epoch: 38, Train loss: 0.348435
INFO:root:Epoch: 38, Validation loss: 0.3668115
INFO:root:Epoch: 39, Train loss: 0.33862415
INFO:root:Epoch: 39, Validation loss: 0.37091744
INFO:root:Epoch: 40, Train loss: 0.32510343
INFO:root:Epoch: 40, Validation loss: 0.32651103
INFO:root:Epoch: 41, Train loss: 0.3182243
INFO:root:Epoch: 41, Validation loss: 0.2976725
INFO:root:Epoch: 42, Train loss: 0.311017
INFO:root:Epoch: 42, Validation loss: 0.31884196
INFO:root:Epoch: 43, Train loss: 0.2987156
INFO:root:Epoch: 43, Validation loss: 0.2796625
INFO:root:Epoch: 44, Train loss: 0.29467362
INFO:root:Epoch: 44, Validation loss: 0.27831265
INFO:root:Epoch: 45, Train loss: 0.2861302
INFO:root:Epoch: 45, Validation loss: 0.27471358
INFO:root:Epoch: 46, Train loss: 0.28279385
INFO:root:Epoch: 46, Validation loss: 0.25804907
INFO:root:Epoch: 47, Train loss: 0.26989722
INFO:root:Epoch: 47, Validation loss: 0.30865908
INFO:root:Epoch: 48, Train loss: 0.26441082
INFO:root:Epoch: 48, Validation loss: 0.32089078
INFO:root:Epoch: 49, Train loss: 0.25598627
INFO:root:Epoch: 49, Validation loss: 0.24904327
INFO:root:Epoch: 50, Train loss: 0.25258306
INFO:root:Epoch: 50, Validation loss: 0.22732909
INFO:root:Epoch: 51, Train loss: 0.25109452
INFO:root:Epoch: 51, Validation loss: 0.23314577
INFO:root:Epoch: 52, Train loss: 0.24532086
INFO:root:Epoch: 52, Validation loss: 0.23392537
INFO:root:Epoch: 53, Train loss: 0.2371155
INFO:root:Epoch: 53, Validation loss: 0.27861637
INFO:root:Epoch: 54, Train loss: 0.25705177
INFO:root:Epoch: 54, Validation loss: 0.24810123
INFO:root:Epoch: 55, Train loss: 0.28987086
INFO:root:Epoch: 55, Validation loss: 0.27372944
INFO:root:Epoch: 56, Train loss: 0.27781054
INFO:root:Epoch: 56, Validation loss: 0.25885975
INFO:root:Epoch: 57, Train loss: 0.2557143
INFO:root:Epoch: 57, Validation loss: 0.24279487
INFO:root:Epoch: 58, Train loss: 0.2386685
INFO:root:Epoch: 58, Validation loss: 0.22968283
INFO:root:Epoch: 59, Train loss: 0.22815742
INFO:root:Epoch: 59, Validation loss: 0.2215355
INFO:root:Epoch: 60, Train loss: 0.22459567
INFO:root:Epoch: 60, Validation loss: 0.21260896
INFO:root:Epoch: 61, Train loss: 0.21478033
INFO:root:Epoch: 61, Validation loss: 0.2254737
INFO:root:Epoch: 62, Train loss: 0.2182631
INFO:root:Epoch: 62, Validation loss: 0.20361301
INFO:root:Epoch: 63, Train loss: 0.21036981
INFO:root:Epoch: 63, Validation loss: 0.19471863
INFO:root:Epoch: 64, Train loss: 0.20451641
INFO:root:Epoch: 64, Validation loss: 0.20231608
INFO:root:Epoch: 65, Train loss: 0.20245178
INFO:root:Epoch: 65, Validation loss: 0.19697364
INFO:root:Epoch: 66, Train loss: 0.19971108
INFO:root:Epoch: 66, Validation loss: 0.18762857
INFO:root:Epoch: 67, Train loss: 0.19717045
INFO:root:Epoch: 67, Validation loss: 0.21281779
INFO:root:Epoch: 68, Train loss: 0.19324078
INFO:root:Epoch: 68, Validation loss: 0.1826568
INFO:root:Epoch: 69, Train loss: 0.18907917
INFO:root:Epoch: 69, Validation loss: 0.17778933
INFO:root:Epoch: 70, Train loss: 0.18678926
INFO:root:Epoch: 70, Validation loss: 0.16930994
INFO:root:Epoch: 71, Train loss: 0.18391168
INFO:root:Epoch: 71, Validation loss: 0.17688853
INFO:root:Epoch: 72, Train loss: 0.17959076
INFO:root:Epoch: 72, Validation loss: 0.17330945
INFO:root:Epoch: 73, Train loss: 0.17865692
INFO:root:Epoch: 73, Validation loss: 0.1718947
INFO:root:Epoch: 74, Train loss: 0.17612118
INFO:root:Epoch: 74, Validation loss: 0.18608423
INFO:root:Epoch: 75, Train loss: 0.17306624
INFO:root:Epoch: 75, Validation loss: 0.16513255
INFO:root:Epoch: 76, Train loss: 0.167081
INFO:root:Epoch: 76, Validation loss: 0.1699954
INFO:root:Epoch: 77, Train loss: 0.16970056
INFO:root:Epoch: 77, Validation loss: 0.16551702
INFO:root:Epoch: 78, Train loss: 0.16708288
INFO:root:Epoch: 78, Validation loss: 0.16625905
INFO:root:Epoch: 79, Train loss: 0.16559128
INFO:root:Epoch: 79, Validation loss: 0.16402091
INFO:root:Epoch: 80, Train loss: 0.16352764
INFO:root:Epoch: 80, Validation loss: 0.18527275
INFO:root:Epoch: 81, Train loss: 0.16050783
INFO:root:Epoch: 81, Validation loss: 0.15106337
INFO:root:Epoch: 82, Train loss: 0.1614985
INFO:root:Epoch: 82, Validation loss: 0.15312095
INFO:root:Epoch: 83, Train loss: 0.15812291
INFO:root:Epoch: 83, Validation loss: 0.16094376
INFO:root:Epoch: 84, Train loss: 0.15918083
INFO:root:Epoch: 84, Validation loss: 0.14987299
INFO:root:Epoch: 85, Train loss: 0.15646403
INFO:root:Epoch: 85, Validation loss: 0.15903875
INFO:root:Epoch: 86, Train loss: 0.15220912
INFO:root:Epoch: 86, Validation loss: 0.15046537
INFO:root:Epoch: 87, Train loss: 0.15218629
INFO:root:Epoch: 87, Validation loss: 0.14386566
INFO:root:Epoch: 88, Train loss: 0.14816533
INFO:root:Epoch: 88, Validation loss: 0.14232999
INFO:root:Epoch: 89, Train loss: 0.14827201
INFO:root:Epoch: 89, Validation loss: 0.14193738
INFO:root:Epoch: 90, Train loss: 0.14720552
INFO:root:Epoch: 90, Validation loss: 0.13975446
INFO:root:Epoch: 91, Train loss: 0.1468372
INFO:root:Epoch: 91, Validation loss: 0.14518598
INFO:root:Epoch: 92, Train loss: 0.14469096
INFO:root:Epoch: 92, Validation loss: 0.14011714
INFO:root:Epoch: 93, Train loss: 0.14286335
INFO:root:Epoch: 93, Validation loss: 0.14678717
INFO:root:Epoch: 94, Train loss: 0.14117157
INFO:root:Epoch: 94, Validation loss: 0.13743946
INFO:root:Epoch: 95, Train loss: 0.14449275
INFO:root:Epoch: 95, Validation loss: 0.13678673
INFO:root:Epoch: 96, Train loss: 0.14126398
INFO:root:Epoch: 96, Validation loss: 0.13667361
INFO:root:Epoch: 97, Train loss: 0.13845968
INFO:root:Epoch: 97, Validation loss: 0.1325632
INFO:root:Epoch: 98, Train loss: 0.13494644
INFO:root:Epoch: 98, Validation loss: 0.13521618
INFO:root:Epoch: 99, Train loss: 0.13472435
INFO:root:Epoch: 99, Validation loss: 0.13833314
INFO:root:Training from ep 0 to ep 100 finished
INFO:root:Best epoch: 98
