INFO:root:Started
INFO:root:Epoch: 0, Train loss: 4.639884
INFO:root:Epoch: 0, Validation loss: 2.4123955
INFO:root:Epoch: 1, Train loss: 1.8217609
INFO:root:Epoch: 1, Validation loss: 1.4659446
INFO:root:Epoch: 2, Train loss: 1.2934933
INFO:root:Epoch: 2, Validation loss: 1.2433807
INFO:root:Epoch: 3, Train loss: 1.1295934
INFO:root:Epoch: 3, Validation loss: 1.1068935
INFO:root:Epoch: 4, Train loss: 1.0454483
INFO:root:Epoch: 4, Validation loss: 1.0272515
INFO:root:Epoch: 5, Train loss: 0.98071843
INFO:root:Epoch: 5, Validation loss: 0.9836624
INFO:root:Epoch: 6, Train loss: 0.9480034
INFO:root:Epoch: 6, Validation loss: 0.9418757
INFO:root:Epoch: 7, Train loss: 0.9221729
INFO:root:Epoch: 7, Validation loss: 0.8927453
INFO:root:Epoch: 8, Train loss: 0.89572334
INFO:root:Epoch: 8, Validation loss: 0.88561666
INFO:root:Epoch: 9, Train loss: 0.8802288
INFO:root:Epoch: 9, Validation loss: 0.8824231
INFO:root:Epoch: 10, Train loss: 0.8617018
INFO:root:Epoch: 10, Validation loss: 0.8501073
INFO:root:Epoch: 11, Train loss: 0.8578707
INFO:root:Epoch: 11, Validation loss: 0.8537729
INFO:root:Epoch: 12, Train loss: 0.83842313
INFO:root:Epoch: 12, Validation loss: 0.8498582
INFO:root:Epoch: 13, Train loss: 0.8356269
INFO:root:Epoch: 13, Validation loss: 0.83014214
INFO:root:Epoch: 14, Train loss: 0.825187
INFO:root:Epoch: 14, Validation loss: 0.818972
INFO:root:Epoch: 15, Train loss: 0.82063025
INFO:root:Epoch: 15, Validation loss: 0.8284822
INFO:root:Epoch: 16, Train loss: 0.8114474
INFO:root:Epoch: 16, Validation loss: 0.80613434
INFO:root:Epoch: 17, Train loss: 0.80547565
INFO:root:Epoch: 17, Validation loss: 0.7883304
INFO:root:Epoch: 18, Train loss: 0.80929464
INFO:root:Epoch: 18, Validation loss: 0.7871523
INFO:root:Epoch: 19, Train loss: 0.7950973
INFO:root:Epoch: 19, Validation loss: 0.7986872
INFO:root:Epoch: 20, Train loss: 0.79404783
INFO:root:Epoch: 20, Validation loss: 0.8060026
INFO:root:Epoch: 21, Train loss: 0.78275037
INFO:root:Epoch: 21, Validation loss: 0.7942818
INFO:root:Epoch: 22, Train loss: 0.779378
INFO:root:Epoch: 22, Validation loss: 0.8035647
INFO:root:Epoch: 23, Train loss: 0.7879945
INFO:root:Epoch: 23, Validation loss: 0.80538493
INFO:root:Epoch: 24, Train loss: 0.7728651
INFO:root:Epoch: 24, Validation loss: 0.77629185
INFO:root:Epoch: 25, Train loss: 0.7801403
INFO:root:Epoch: 25, Validation loss: 0.7741616
INFO:root:Epoch: 26, Train loss: 0.77148116
INFO:root:Epoch: 26, Validation loss: 0.7737413
INFO:root:Epoch: 27, Train loss: 0.7602356
INFO:root:Epoch: 27, Validation loss: 0.7832023
INFO:root:Epoch: 28, Train loss: 0.7628365
INFO:root:Epoch: 28, Validation loss: 0.7642612
INFO:root:Epoch: 29, Train loss: 0.76090354
INFO:root:Epoch: 29, Validation loss: 0.777965
INFO:root:Epoch: 30, Train loss: 0.7576608
INFO:root:Epoch: 30, Validation loss: 0.7545076
INFO:root:Epoch: 31, Train loss: 0.74844116
INFO:root:Epoch: 31, Validation loss: 0.74768054
INFO:root:Started
INFO:root:Epoch: 0, Train loss: 4.644863
INFO:root:Epoch: 0, Validation loss: 2.4359062
INFO:root:Epoch: 1, Train loss: 1.8328236
INFO:root:Epoch: 1, Validation loss: 1.4690259
INFO:root:Epoch: 2, Train loss: 1.2933656
INFO:root:Epoch: 2, Validation loss: 1.2463934
INFO:root:Epoch: 3, Train loss: 1.1281862
INFO:root:Started
INFO:root:Started
INFO:root:Epoch: 0, Train loss: 4.645233
INFO:root:Epoch: 0, Validation loss: 2.4317086
INFO:root:Epoch: 1, Train loss: 1.8369905
INFO:root:Epoch: 1, Validation loss: 1.4769572
INFO:root:Epoch: 2, Train loss: 1.2967224
INFO:root:Epoch: 2, Validation loss: 1.2478529
INFO:root:Epoch: 3, Train loss: 1.1294577
INFO:root:Epoch: 3, Validation loss: 1.1014537
INFO:root:Epoch: 4, Train loss: 1.0445551
INFO:root:Epoch: 4, Validation loss: 1.0263557
INFO:root:Epoch: 5, Train loss: 0.9807399
INFO:root:Epoch: 5, Validation loss: 0.98399734
INFO:root:Epoch: 6, Train loss: 0.94729817
INFO:root:Epoch: 6, Validation loss: 0.94629693
INFO:root:Epoch: 7, Train loss: 0.9220673
INFO:root:Epoch: 7, Validation loss: 0.8889014
INFO:root:Epoch: 8, Train loss: 0.8957335
INFO:root:Epoch: 8, Validation loss: 0.8867293
INFO:root:Epoch: 9, Train loss: 0.8806784
INFO:root:Started
INFO:root:Epoch: 0, Train loss: 4.6424127
INFO:root:Epoch: 0, Validation loss: 2.426819
INFO:root:Epoch: 1, Train loss: 1.8318384
INFO:root:Epoch: 1, Validation loss: 1.4732193
INFO:root:Epoch: 2, Train loss: 1.295608
INFO:root:Epoch: 2, Validation loss: 1.2480754
INFO:root:Epoch: 3, Train loss: 1.12896
INFO:root:Epoch: 3, Validation loss: 1.1046197
INFO:root:Epoch: 4, Train loss: 1.0448401
INFO:root:Epoch: 4, Validation loss: 1.0270978
INFO:root:Epoch: 5, Train loss: 0.9811816
INFO:root:Epoch: 5, Validation loss: 0.98444843
INFO:root:Started
INFO:root:Epoch: 0, Train loss: 4.646107
INFO:root:Epoch: 0, Validation loss: 2.4406676
INFO:root:Epoch: 1, Train loss: 1.8361795
INFO:root:Epoch: 1, Validation loss: 1.4747473
INFO:root:Epoch: 2, Train loss: 1.2951636
INFO:root:Epoch: 2, Validation loss: 1.2453601
INFO:root:Epoch: 3, Train loss: 1.1296933
INFO:root:Epoch: 3, Validation loss: 1.1013812
INFO:root:Epoch: 4, Train loss: 1.0452584
INFO:root:Epoch: 4, Validation loss: 1.029425
INFO:root:Epoch: 5, Train loss: 0.9808367
INFO:root:Epoch: 5, Validation loss: 0.9860849
INFO:root:Epoch: 6, Train loss: 0.949503
INFO:root:Epoch: 6, Validation loss: 0.9469439
INFO:root:Epoch: 7, Train loss: 0.9231804
INFO:root:Epoch: 7, Validation loss: 0.8903839
INFO:root:Epoch: 8, Train loss: 0.8966136
INFO:root:Epoch: 8, Validation loss: 0.88965565
INFO:root:Epoch: 9, Train loss: 0.88210577
INFO:root:Epoch: 9, Validation loss: 0.88787305
INFO:root:Epoch: 10, Train loss: 0.86330134
INFO:root:Epoch: 10, Validation loss: 0.8538798
INFO:root:Epoch: 11, Train loss: 0.85925126
INFO:root:Epoch: 11, Validation loss: 0.8552672
INFO:root:Epoch: 12, Train loss: 0.84036535
INFO:root:Epoch: 12, Validation loss: 0.84665006
INFO:root:Epoch: 13, Train loss: 0.8362539
INFO:root:Epoch: 13, Validation loss: 0.82771486
INFO:root:Epoch: 14, Train loss: 0.8261272
INFO:root:Epoch: 14, Validation loss: 0.8162972
INFO:root:Epoch: 15, Train loss: 0.82156307
INFO:root:Epoch: 15, Validation loss: 0.825478
INFO:root:Epoch: 16, Train loss: 0.81215537
INFO:root:Epoch: 16, Validation loss: 0.8061949
INFO:root:Epoch: 17, Train loss: 0.80655116
INFO:root:Epoch: 17, Validation loss: 0.78637064
INFO:root:Epoch: 18, Train loss: 0.8093046
INFO:root:Epoch: 18, Validation loss: 0.78773797
INFO:root:Epoch: 19, Train loss: 0.79600346
INFO:root:Epoch: 19, Validation loss: 0.7990325
INFO:root:Epoch: 20, Train loss: 0.7951193
INFO:root:Epoch: 20, Validation loss: 0.804697
INFO:root:Epoch: 21, Train loss: 0.78343415
INFO:root:Epoch: 21, Validation loss: 0.7987846
INFO:root:Epoch: 22, Train loss: 0.780033
INFO:root:Epoch: 22, Validation loss: 0.8103145
INFO:root:Epoch: 23, Train loss: 0.7881409
INFO:root:Epoch: 23, Validation loss: 0.8145913
INFO:root:Epoch: 24, Train loss: 0.773851
INFO:root:Epoch: 24, Validation loss: 0.77675027
INFO:root:Epoch: 25, Train loss: 0.78121096
INFO:root:Epoch: 25, Validation loss: 0.7712352
INFO:root:Epoch: 26, Train loss: 0.7721779
INFO:root:Epoch: 26, Validation loss: 0.7684904
INFO:root:Epoch: 27, Train loss: 0.7631913
INFO:root:Epoch: 27, Validation loss: 0.7840486
INFO:root:Epoch: 28, Train loss: 0.763829
INFO:root:Epoch: 28, Validation loss: 0.77070934
INFO:root:Epoch: 29, Train loss: 0.76205
INFO:root:Epoch: 29, Validation loss: 0.77790934
INFO:root:Epoch: 30, Train loss: 0.7577805
INFO:root:Epoch: 30, Validation loss: 0.7514021
INFO:root:Epoch: 31, Train loss: 0.7491364
INFO:root:Epoch: 31, Validation loss: 0.74879247
INFO:root:Epoch: 32, Train loss: 0.7471823
INFO:root:Epoch: 32, Validation loss: 0.8053799
INFO:root:Epoch: 33, Train loss: 0.7513239
INFO:root:Epoch: 33, Validation loss: 0.7635335
INFO:root:Epoch: 34, Train loss: 0.7446157
INFO:root:Epoch: 34, Validation loss: 0.7449848
INFO:root:Epoch: 35, Train loss: 0.73951316
INFO:root:Epoch: 35, Validation loss: 0.7828579
INFO:root:Epoch: 36, Train loss: 0.7326973
INFO:root:Epoch: 36, Validation loss: 0.7843075
INFO:root:Epoch: 37, Train loss: 0.7424194
INFO:root:Epoch: 37, Validation loss: 0.8124883
INFO:root:Epoch: 38, Train loss: 0.74203604
INFO:root:Epoch: 38, Validation loss: 0.7327002
INFO:root:Epoch: 39, Train loss: 0.72831243
INFO:root:Epoch: 39, Validation loss: 0.7282521
INFO:root:Epoch: 40, Train loss: 0.73359185
INFO:root:Epoch: 40, Validation loss: 0.7705193
INFO:root:Epoch: 41, Train loss: 0.71425194
INFO:root:Epoch: 41, Validation loss: 0.7555283
INFO:root:Epoch: 42, Train loss: 0.7302038
INFO:root:Epoch: 42, Validation loss: 0.7323273
INFO:root:Epoch: 43, Train loss: 0.7180054
INFO:root:Epoch: 43, Validation loss: 0.71893144
INFO:root:Epoch: 44, Train loss: 0.710332
INFO:root:Epoch: 44, Validation loss: 0.71307486
INFO:root:Epoch: 45, Train loss: 0.70513046
INFO:root:Epoch: 45, Validation loss: 0.7080108
INFO:root:Epoch: 46, Train loss: 0.71428674
INFO:root:Epoch: 46, Validation loss: 0.7440984
INFO:root:Epoch: 47, Train loss: 0.7119662
INFO:root:Epoch: 47, Validation loss: 0.7174766
INFO:root:Epoch: 48, Train loss: 0.70432234
INFO:root:Epoch: 48, Validation loss: 0.71866393
INFO:root:Epoch: 49, Train loss: 0.6976287
INFO:root:Epoch: 49, Validation loss: 0.70707864
INFO:root:Epoch: 50, Train loss: 0.71029073
INFO:root:Epoch: 50, Validation loss: 0.709072
INFO:root:Epoch: 51, Train loss: 0.6869771
INFO:root:Epoch: 51, Validation loss: 0.72916216
INFO:root:Epoch: 52, Train loss: 0.6890819
INFO:root:Epoch: 52, Validation loss: 0.7031801
INFO:root:Epoch: 53, Train loss: 0.6862053
INFO:root:Epoch: 53, Validation loss: 0.719617
INFO:root:Epoch: 54, Train loss: 0.6873983
INFO:root:Epoch: 54, Validation loss: 0.7245725
INFO:root:Epoch: 55, Train loss: 0.680793
INFO:root:Epoch: 55, Validation loss: 0.72534543
INFO:root:Epoch: 56, Train loss: 0.69240147
INFO:root:Epoch: 56, Validation loss: 0.695449
INFO:root:Epoch: 57, Train loss: 0.6886808
INFO:root:Epoch: 57, Validation loss: 0.7233886
INFO:root:Epoch: 58, Train loss: 0.6925276
INFO:root:Epoch: 58, Validation loss: 0.70436823
INFO:root:Epoch: 59, Train loss: 0.6804483
INFO:root:Epoch: 59, Validation loss: 0.6934618
INFO:root:Epoch: 60, Train loss: 0.67671376
INFO:root:Epoch: 60, Validation loss: 0.69286853
INFO:root:Epoch: 61, Train loss: 0.67486084
INFO:root:Epoch: 61, Validation loss: 0.71358955
INFO:root:Epoch: 62, Train loss: 0.6782612
INFO:root:Epoch: 62, Validation loss: 0.6820694
INFO:root:Epoch: 63, Train loss: 0.66824216
INFO:root:Epoch: 63, Validation loss: 0.68235576
INFO:root:Epoch: 64, Train loss: 0.6677956
INFO:root:Epoch: 64, Validation loss: 0.7009658
INFO:root:Epoch: 65, Train loss: 0.6858527
INFO:root:Epoch: 65, Validation loss: 0.6949618
INFO:root:Epoch: 66, Train loss: 0.6638358
INFO:root:Epoch: 66, Validation loss: 0.7020377
INFO:root:Epoch: 67, Train loss: 0.6598707
INFO:root:Epoch: 67, Validation loss: 0.71264
INFO:root:Epoch: 68, Train loss: 0.6640091
INFO:root:Epoch: 68, Validation loss: 0.7135321
INFO:root:Epoch: 69, Train loss: 0.66063154
INFO:root:Epoch: 69, Validation loss: 0.66888374
INFO:root:Epoch: 70, Train loss: 0.656255
INFO:root:Epoch: 70, Validation loss: 0.7203434
INFO:root:Epoch: 71, Train loss: 0.6524221
INFO:root:Epoch: 71, Validation loss: 0.71832544
INFO:root:Epoch: 72, Train loss: 0.6574324
INFO:root:Epoch: 72, Validation loss: 0.7008869
INFO:root:Epoch: 73, Train loss: 0.65252304
INFO:root:Epoch: 73, Validation loss: 0.72046185
INFO:root:Epoch: 74, Train loss: 0.6459142
INFO:root:Epoch: 74, Validation loss: 0.7002151
INFO:root:Epoch: 75, Train loss: 0.6481419
INFO:root:Epoch: 75, Validation loss: 0.7012388
INFO:root:Epoch: 76, Train loss: 0.6439321
INFO:root:Epoch: 76, Validation loss: 0.67318916
INFO:root:Epoch: 77, Train loss: 0.64176774
INFO:root:Epoch: 77, Validation loss: 0.6642393
INFO:root:Epoch: 78, Train loss: 0.6483991
INFO:root:Epoch: 78, Validation loss: 0.6804268
INFO:root:Epoch: 79, Train loss: 0.64403147
INFO:root:Epoch: 79, Validation loss: 0.6920402
INFO:root:Epoch: 80, Train loss: 0.64464766
INFO:root:Epoch: 80, Validation loss: 0.68785554
INFO:root:Epoch: 81, Train loss: 0.6501831
INFO:root:Epoch: 81, Validation loss: 0.6816861
INFO:root:Epoch: 82, Train loss: 0.644122
INFO:root:Epoch: 82, Validation loss: 0.703722
INFO:root:Epoch: 83, Train loss: 0.62805897
INFO:root:Epoch: 83, Validation loss: 0.68284607
INFO:root:Epoch: 84, Train loss: 0.63258284
INFO:root:Epoch: 84, Validation loss: 0.6838866
INFO:root:Epoch: 85, Train loss: 0.63351333
INFO:root:Epoch: 85, Validation loss: 0.66152173
INFO:root:Epoch: 86, Train loss: 0.6301511
INFO:root:Epoch: 86, Validation loss: 0.70763165
INFO:root:Epoch: 87, Train loss: 0.6180497
INFO:root:Epoch: 87, Validation loss: 0.7007723
INFO:root:Epoch: 88, Train loss: 0.6267958
INFO:root:Epoch: 88, Validation loss: 0.7044732
INFO:root:Epoch: 89, Train loss: 0.6223605
INFO:root:Epoch: 89, Validation loss: 0.66712856
INFO:root:Epoch: 90, Train loss: 0.61957735
INFO:root:Epoch: 90, Validation loss: 0.67504686
INFO:root:Epoch: 91, Train loss: 0.6092538
INFO:root:Epoch: 91, Validation loss: 0.6697177
INFO:root:Epoch: 92, Train loss: 0.6116032
INFO:root:Epoch: 92, Validation loss: 0.6658466
INFO:root:Epoch: 93, Train loss: 0.6153323
INFO:root:Epoch: 93, Validation loss: 0.6619598
INFO:root:Epoch: 94, Train loss: 0.6078351
INFO:root:Epoch: 94, Validation loss: 0.66117847
INFO:root:Epoch: 95, Train loss: 0.6088604
INFO:root:Epoch: 95, Validation loss: 0.649569
INFO:root:Epoch: 96, Train loss: 0.6120642
INFO:root:Epoch: 96, Validation loss: 0.69440496
INFO:root:Epoch: 97, Train loss: 0.604229
INFO:root:Epoch: 97, Validation loss: 0.69299847
INFO:root:Epoch: 98, Train loss: 0.6144994
INFO:root:Epoch: 98, Validation loss: 0.6448781
INFO:root:Epoch: 99, Train loss: 0.59737265
INFO:root:Epoch: 99, Validation loss: 0.65808797
INFO:root:Training from ep 0 to ep 100 finished
INFO:root:Best epoch: 99
