INFO:root:Started
INFO:root:Epoch: 0, Train loss: 16.574455
INFO:root:Epoch: 0, Validation loss: 11.361655
INFO:root:Epoch: 1, Train loss: 6.8902664
INFO:root:Epoch: 1, Validation loss: 6.967432
INFO:root:Epoch: 2, Train loss: 5.4432855
INFO:root:Epoch: 2, Validation loss: 5.921904
INFO:root:Epoch: 3, Train loss: 4.895764
INFO:root:Epoch: 3, Validation loss: 5.1812806
INFO:root:Epoch: 4, Train loss: 4.4821253
INFO:root:Epoch: 4, Validation loss: 4.847541
INFO:root:Epoch: 5, Train loss: 4.1084185
INFO:root:Epoch: 5, Validation loss: 4.436829
INFO:root:Epoch: 6, Train loss: 3.8045971
INFO:root:Epoch: 6, Validation loss: 4.0944824
INFO:root:Epoch: 7, Train loss: 3.5160878
INFO:root:Epoch: 7, Validation loss: 3.8603058
INFO:root:Epoch: 8, Train loss: 3.2688916
INFO:root:Epoch: 8, Validation loss: 3.4735506
INFO:root:Epoch: 9, Train loss: 3.0942755
INFO:root:Epoch: 9, Validation loss: 3.3274724
INFO:root:Epoch: 10, Train loss: 2.9119601
INFO:root:Epoch: 10, Validation loss: 3.243846
INFO:root:Epoch: 11, Train loss: 2.7841036
INFO:root:Epoch: 11, Validation loss: 3.074982
INFO:root:Epoch: 12, Train loss: 2.6798916
INFO:root:Epoch: 12, Validation loss: 2.886036
INFO:root:Epoch: 13, Train loss: 2.6043673
INFO:root:Epoch: 13, Validation loss: 2.8848593
INFO:root:Epoch: 14, Train loss: 2.5290043
INFO:root:Epoch: 14, Validation loss: 2.773575
INFO:root:Epoch: 15, Train loss: 2.4874952
INFO:root:Epoch: 15, Validation loss: 2.655172
INFO:root:Epoch: 16, Train loss: 2.424783
INFO:root:Epoch: 16, Validation loss: 2.622306
INFO:root:Epoch: 17, Train loss: 2.3823416
INFO:root:Epoch: 17, Validation loss: 2.6354597
INFO:root:Epoch: 18, Train loss: 2.3723679
INFO:root:Epoch: 18, Validation loss: 2.4866471
INFO:root:Epoch: 19, Train loss: 2.3253567
INFO:root:Epoch: 19, Validation loss: 2.4251804
INFO:root:Epoch: 20, Train loss: 2.3006516
INFO:root:Epoch: 20, Validation loss: 2.5372984
INFO:root:Epoch: 21, Train loss: 2.2826855
INFO:root:Epoch: 21, Validation loss: 2.5191379
INFO:root:Epoch: 22, Train loss: 2.2472546
INFO:root:Epoch: 22, Validation loss: 2.3851945
INFO:root:Epoch: 23, Train loss: 2.227973
INFO:root:Epoch: 23, Validation loss: 2.417124
INFO:root:Epoch: 24, Train loss: 2.1891327
INFO:root:Epoch: 24, Validation loss: 2.3633628
INFO:root:Epoch: 25, Train loss: 2.2329733
INFO:root:Epoch: 25, Validation loss: 2.3883913
INFO:root:Epoch: 26, Train loss: 2.1726892
INFO:root:Epoch: 26, Validation loss: 2.3977091
INFO:root:Epoch: 27, Train loss: 2.1542253
INFO:root:Epoch: 27, Validation loss: 2.1991894
INFO:root:Epoch: 28, Train loss: 2.1219172
INFO:root:Epoch: 28, Validation loss: 2.2748907
INFO:root:Epoch: 29, Train loss: 2.1431987
INFO:root:Epoch: 29, Validation loss: 2.2844956
INFO:root:Epoch: 30, Train loss: 2.1163368
INFO:root:Epoch: 30, Validation loss: 2.269326
INFO:root:Epoch: 31, Train loss: 2.1245897
INFO:root:Epoch: 31, Validation loss: 2.2510562
INFO:root:Epoch: 32, Train loss: 2.091475
INFO:root:Epoch: 32, Validation loss: 2.1813974
INFO:root:Epoch: 33, Train loss: 2.091231
INFO:root:Epoch: 33, Validation loss: 2.2572923
INFO:root:Epoch: 34, Train loss: 2.070594
INFO:root:Epoch: 34, Validation loss: 2.1735675
INFO:root:Epoch: 35, Train loss: 2.0796587
INFO:root:Epoch: 35, Validation loss: 2.3239696
INFO:root:Epoch: 36, Train loss: 2.0410373
INFO:root:Epoch: 36, Validation loss: 2.22033
INFO:root:Epoch: 37, Train loss: 2.0451047
INFO:root:Epoch: 37, Validation loss: 2.1785822
INFO:root:Epoch: 38, Train loss: 2.0532508
INFO:root:Epoch: 38, Validation loss: 2.1443043
INFO:root:Epoch: 39, Train loss: 2.063755
INFO:root:Epoch: 39, Validation loss: 2.1706185
INFO:root:Epoch: 40, Train loss: 2.0168185
INFO:root:Epoch: 40, Validation loss: 2.1415756
INFO:root:Epoch: 41, Train loss: 2.0274062
INFO:root:Epoch: 41, Validation loss: 2.1756494
INFO:root:Epoch: 42, Train loss: 2.0272563
INFO:root:Epoch: 42, Validation loss: 2.1093903
INFO:root:Epoch: 43, Train loss: 2.0068166
INFO:root:Epoch: 43, Validation loss: 2.1394033
INFO:root:Epoch: 44, Train loss: 2.014415
INFO:root:Epoch: 44, Validation loss: 2.192447
INFO:root:Epoch: 45, Train loss: 2.0124054
INFO:root:Epoch: 45, Validation loss: 2.0501275
INFO:root:Epoch: 46, Train loss: 1.9888935
INFO:root:Epoch: 46, Validation loss: 2.126241
INFO:root:Epoch: 47, Train loss: 1.9906455
INFO:root:Epoch: 47, Validation loss: 2.1024544
INFO:root:Epoch: 48, Train loss: 1.9769337
INFO:root:Epoch: 48, Validation loss: 2.1750395
INFO:root:Epoch: 49, Train loss: 1.9564648
INFO:root:Epoch: 49, Validation loss: 2.1174486
INFO:root:Epoch: 50, Train loss: 1.9824919
INFO:root:Epoch: 50, Validation loss: 2.0452147
INFO:root:Epoch: 51, Train loss: 1.9933472
INFO:root:Epoch: 51, Validation loss: 2.1003907
INFO:root:Epoch: 52, Train loss: 1.9720625
INFO:root:Epoch: 52, Validation loss: 2.0615065
INFO:root:Epoch: 53, Train loss: 1.9623173
INFO:root:Epoch: 53, Validation loss: 2.0505307
INFO:root:Epoch: 54, Train loss: 1.9566232
INFO:root:Epoch: 54, Validation loss: 2.1391106
INFO:root:Epoch: 55, Train loss: 1.9235388
INFO:root:Epoch: 55, Validation loss: 2.0419264
INFO:root:Epoch: 56, Train loss: 1.9459147
INFO:root:Epoch: 56, Validation loss: 2.0844934
INFO:root:Epoch: 57, Train loss: 1.953618
INFO:root:Epoch: 57, Validation loss: 2.0575387
INFO:root:Epoch: 58, Train loss: 1.9444628
INFO:root:Epoch: 58, Validation loss: 2.0182517
INFO:root:Epoch: 59, Train loss: 1.9409319
INFO:root:Epoch: 59, Validation loss: 2.0903203
INFO:root:Epoch: 60, Train loss: 1.9309866
INFO:root:Epoch: 60, Validation loss: 2.0709221
INFO:root:Epoch: 61, Train loss: 1.9280746
INFO:root:Epoch: 61, Validation loss: 2.0373685
INFO:root:Epoch: 62, Train loss: 1.9153316
INFO:root:Epoch: 62, Validation loss: 2.016681
INFO:root:Epoch: 63, Train loss: 1.9276688
INFO:root:Epoch: 63, Validation loss: 2.0028157
INFO:root:Epoch: 64, Train loss: 1.9160291
INFO:root:Epoch: 64, Validation loss: 2.0720837
INFO:root:Epoch: 65, Train loss: 1.9091926
INFO:root:Epoch: 65, Validation loss: 1.9564304
INFO:root:Epoch: 66, Train loss: 1.912599
INFO:root:Epoch: 66, Validation loss: 2.0101874
INFO:root:Epoch: 67, Train loss: 1.907291
INFO:root:Epoch: 67, Validation loss: 2.0913389
INFO:root:Epoch: 68, Train loss: 1.9180527
INFO:root:Epoch: 68, Validation loss: 1.9799633
INFO:root:Epoch: 69, Train loss: 1.8912371
INFO:root:Epoch: 69, Validation loss: 2.029601
INFO:root:Epoch: 70, Train loss: 1.901459
INFO:root:Epoch: 70, Validation loss: 2.0247912
INFO:root:Epoch: 71, Train loss: 1.8907425
INFO:root:Epoch: 71, Validation loss: 2.0133753
INFO:root:Epoch: 72, Train loss: 1.8949711
INFO:root:Epoch: 72, Validation loss: 2.0614107
INFO:root:Epoch: 73, Train loss: 1.901144
INFO:root:Epoch: 73, Validation loss: 2.0149264
INFO:root:Epoch: 74, Train loss: 1.8890876
INFO:root:Epoch: 74, Validation loss: 1.9999208
INFO:root:Epoch: 75, Train loss: 1.8678676
INFO:root:Epoch: 75, Validation loss: 2.0330172
INFO:root:Epoch: 76, Train loss: 1.8836526
INFO:root:Epoch: 76, Validation loss: 2.0439146
INFO:root:Epoch: 77, Train loss: 1.8936872
INFO:root:Epoch: 77, Validation loss: 2.0344133
INFO:root:Epoch: 78, Train loss: 1.8699954
INFO:root:Epoch: 78, Validation loss: 1.9641123
INFO:root:Epoch: 79, Train loss: 1.8709632
INFO:root:Epoch: 79, Validation loss: 2.0016122
INFO:root:Epoch: 80, Train loss: 1.8710382
INFO:root:Epoch: 80, Validation loss: 2.0198052
INFO:root:Epoch: 81, Train loss: 1.8553153
INFO:root:Epoch: 81, Validation loss: 2.076003
INFO:root:Epoch: 82, Train loss: 1.8632181
INFO:root:Epoch: 82, Validation loss: 1.9819878
INFO:root:Epoch: 83, Train loss: 1.8830909
INFO:root:Epoch: 83, Validation loss: 1.9622005
INFO:root:Epoch: 84, Train loss: 1.8863059
INFO:root:Epoch: 84, Validation loss: 1.9097618
INFO:root:Epoch: 85, Train loss: 1.8749152
INFO:root:Epoch: 85, Validation loss: 1.9992142
INFO:root:Epoch: 86, Train loss: 1.8627096
INFO:root:Epoch: 86, Validation loss: 1.9421588
INFO:root:Epoch: 87, Train loss: 1.8728579
INFO:root:Epoch: 87, Validation loss: 2.0309966
INFO:root:Epoch: 88, Train loss: 1.8504517
INFO:root:Epoch: 88, Validation loss: 1.9633222
INFO:root:Epoch: 89, Train loss: 1.8644775
INFO:root:Epoch: 89, Validation loss: 1.9743371
INFO:root:Epoch: 90, Train loss: 1.8410285
INFO:root:Epoch: 90, Validation loss: 1.9618965
INFO:root:Epoch: 91, Train loss: 1.8405236
INFO:root:Epoch: 91, Validation loss: 2.0261886
INFO:root:Epoch: 92, Train loss: 1.8730069
INFO:root:Epoch: 92, Validation loss: 1.9991632
INFO:root:Epoch: 93, Train loss: 1.8521158
INFO:root:Epoch: 93, Validation loss: 2.0021982
INFO:root:Epoch: 94, Train loss: 1.8399214
INFO:root:Epoch: 94, Validation loss: 1.9134912
INFO:root:Epoch: 95, Train loss: 1.8594947
INFO:root:Epoch: 95, Validation loss: 1.9790335
INFO:root:Epoch: 96, Train loss: 1.8455971
INFO:root:Epoch: 96, Validation loss: 1.9164362
INFO:root:Epoch: 97, Train loss: 1.846327
INFO:root:Epoch: 97, Validation loss: 1.9191328
INFO:root:Epoch: 98, Train loss: 1.8514156
INFO:root:Epoch: 98, Validation loss: 2.0922909
INFO:root:Epoch: 99, Train loss: 1.8313378
INFO:root:Epoch: 99, Validation loss: 1.9643449
INFO:root:Training from ep 0 to ep 100 finished
INFO:root:Best epoch: 85
