INFO:root:Started
INFO:root:Epoch: 0, Train loss: 3.7066648, Train Acc: 0.054608587
INFO:root:Epoch: 0, Validation loss: 3.6362789, Validation Acc: 0.059895832
INFO:root:Epoch: 1, Train loss: 3.4169955, Train Acc: 0.102904044
INFO:root:Epoch: 1, Validation loss: 3.4541242, Validation Acc: 0.09375
INFO:root:Epoch: 2, Train loss: 3.2495024, Train Acc: 0.14204545
INFO:root:Epoch: 2, Validation loss: 3.4022274, Validation Acc: 0.13020833
INFO:root:Epoch: 3, Train loss: 3.1292713, Train Acc: 0.17203283
INFO:root:Epoch: 3, Validation loss: 3.4414084, Validation Acc: 0.111979164
INFO:root:Epoch: 4, Train loss: 3.02369, Train Acc: 0.19286616
INFO:root:Epoch: 4, Validation loss: 3.2388563, Validation Acc: 0.15364583
INFO:root:Epoch: 5, Train loss: 2.9210377, Train Acc: 0.20580809
INFO:root:Epoch: 5, Validation loss: 3.3149507, Validation Acc: 0.14583333
INFO:root:Epoch: 6, Train loss: 2.8198254, Train Acc: 0.2427399
INFO:root:Epoch: 6, Validation loss: 3.2574904, Validation Acc: 0.122395836
INFO:root:Epoch: 7, Train loss: 2.703549, Train Acc: 0.261048
INFO:root:Epoch: 7, Validation loss: 3.2183971, Validation Acc: 0.15885417
INFO:root:Epoch: 8, Train loss: 2.6420765, Train Acc: 0.27872476
INFO:root:Epoch: 8, Validation loss: 3.2211678, Validation Acc: 0.16666667
INFO:root:Epoch: 9, Train loss: 2.505312, Train Acc: 0.30808082
INFO:root:Epoch: 9, Validation loss: 3.3176086, Validation Acc: 0.18489583
INFO:root:Epoch: 10, Train loss: 2.4598503, Train Acc: 0.32386363
INFO:root:Epoch: 10, Validation loss: 3.1306899, Validation Acc: 0.19791667
INFO:root:Epoch: 11, Train loss: 2.35738, Train Acc: 0.34343433
INFO:root:Epoch: 11, Validation loss: 3.3382504, Validation Acc: 0.15885417
INFO:root:Epoch: 12, Train loss: 2.2982364, Train Acc: 0.3611111
INFO:root:Epoch: 12, Validation loss: 3.1559522, Validation Acc: 0.18489583
INFO:root:Epoch: 13, Train loss: 2.2075868, Train Acc: 0.4056187
INFO:root:Epoch: 13, Validation loss: 3.245243, Validation Acc: 0.17708333
INFO:root:Epoch: 14, Train loss: 2.1861842, Train Acc: 0.39330807
INFO:root:Epoch: 14, Validation loss: 3.4951127, Validation Acc: 0.16145833
INFO:root:Epoch: 15, Train loss: 2.0830276, Train Acc: 0.41666666
INFO:root:Epoch: 15, Validation loss: 3.374896, Validation Acc: 0.1875
INFO:root:Epoch: 16, Train loss: 1.9727125, Train Acc: 0.4381313
INFO:root:Epoch: 16, Validation loss: 3.2846563, Validation Acc: 0.19270833
INFO:root:Epoch: 17, Train loss: 1.9287479, Train Acc: 0.46433082
INFO:root:Epoch: 17, Validation loss: 3.2599728, Validation Acc: 0.1875
INFO:root:Epoch: 18, Train loss: 1.8594588, Train Acc: 0.47285354
INFO:root:Epoch: 18, Validation loss: 3.5398958, Validation Acc: 0.15885417
INFO:root:Epoch: 19, Train loss: 1.8105452, Train Acc: 0.4949495
INFO:root:Epoch: 19, Validation loss: 3.6464367, Validation Acc: 0.18229167
INFO:root:Epoch: 20, Train loss: 1.757765, Train Acc: 0.49842173
INFO:root:Epoch: 20, Validation loss: 3.3775747, Validation Acc: 0.21354167
INFO:root:Epoch: 21, Train loss: 1.7313732, Train Acc: 0.5094697
INFO:root:Epoch: 21, Validation loss: 3.42889, Validation Acc: 0.20052083
INFO:root:Epoch: 22, Train loss: 1.6451217, Train Acc: 0.5274621
INFO:root:Epoch: 22, Validation loss: 3.391731, Validation Acc: 0.1875
INFO:root:Epoch: 23, Train loss: 1.5969871, Train Acc: 0.54198235
INFO:root:Epoch: 23, Validation loss: 3.293492, Validation Acc: 0.20052083
INFO:root:Epoch: 24, Train loss: 1.5588354, Train Acc: 0.56502527
INFO:root:Epoch: 24, Validation loss: 3.237933, Validation Acc: 0.21875
INFO:root:Epoch: 25, Train loss: 1.4999484, Train Acc: 0.5763889
INFO:root:Epoch: 25, Validation loss: 3.4148052, Validation Acc: 0.19791667
INFO:root:Epoch: 26, Train loss: 1.4873725, Train Acc: 0.57891417
INFO:root:Epoch: 26, Validation loss: 3.218771, Validation Acc: 0.21875
INFO:root:Epoch: 27, Train loss: 1.417173, Train Acc: 0.5877525
INFO:root:Epoch: 27, Validation loss: 3.4078834, Validation Acc: 0.234375
INFO:root:Epoch: 28, Train loss: 1.4485469, Train Acc: 0.5820707
INFO:root:Epoch: 28, Validation loss: 3.3111076, Validation Acc: 0.22395833
INFO:root:Epoch: 29, Train loss: 1.3526152, Train Acc: 0.6089015
INFO:root:Epoch: 29, Validation loss: 3.2968256, Validation Acc: 0.25
INFO:root:Training from ep 0 to ep 30 finished
INFO:root:Best epoch: 30
INFO:root:Started
INFO:root:Epoch: 30, Train loss: 1.2989324, Train Acc: 0.62752527
INFO:root:Epoch: 30, Validation loss: 3.4377553, Validation Acc: 0.2421875
INFO:root:Epoch: 31, Train loss: 1.1992437, Train Acc: 0.6600379
INFO:root:Epoch: 31, Validation loss: 3.4563649, Validation Acc: 0.22395833
INFO:root:Epoch: 32, Train loss: 1.1564281, Train Acc: 0.65909094
INFO:root:Epoch: 32, Validation loss: 3.6829875, Validation Acc: 0.20052083
INFO:root:Epoch: 33, Train loss: 1.1608288, Train Acc: 0.66729796
INFO:root:Epoch: 33, Validation loss: 3.6925573, Validation Acc: 0.1953125
INFO:root:Epoch: 34, Train loss: 1.091888, Train Acc: 0.6824495
INFO:root:Epoch: 34, Validation loss: 3.5920837, Validation Acc: 0.2109375
INFO:root:Epoch: 35, Train loss: 1.0769111, Train Acc: 0.67992425
INFO:root:Epoch: 35, Validation loss: 3.8066146, Validation Acc: 0.234375
INFO:root:Epoch: 36, Train loss: 1.0327363, Train Acc: 0.6991793
INFO:root:Epoch: 36, Validation loss: 3.6261384, Validation Acc: 0.22135417
INFO:root:Epoch: 37, Train loss: 0.9889692, Train Acc: 0.7070707
INFO:root:Epoch: 37, Validation loss: 3.7202275, Validation Acc: 0.22916667
INFO:root:Epoch: 38, Train loss: 0.98864925, Train Acc: 0.70296717
INFO:root:Epoch: 38, Validation loss: 3.6950529, Validation Acc: 0.20833333
INFO:root:Epoch: 39, Train loss: 0.94411486, Train Acc: 0.72190654
INFO:root:Epoch: 39, Validation loss: 4.0711255, Validation Acc: 0.18229167
INFO:root:Epoch: 40, Train loss: 0.9586729, Train Acc: 0.7203283
INFO:root:Epoch: 40, Validation loss: 3.928806, Validation Acc: 0.20052083
INFO:root:Epoch: 41, Train loss: 0.87151355, Train Acc: 0.7354798
INFO:root:Epoch: 41, Validation loss: 4.0414996, Validation Acc: 0.19791667
INFO:root:Epoch: 42, Train loss: 0.86831594, Train Acc: 0.75063133
INFO:root:Epoch: 42, Validation loss: 4.042081, Validation Acc: 0.22395833
INFO:root:Epoch: 43, Train loss: 0.8342528, Train Acc: 0.74968433
INFO:root:Epoch: 43, Validation loss: 3.9173114, Validation Acc: 0.21875
INFO:root:Epoch: 44, Train loss: 0.84341764, Train Acc: 0.74147725
INFO:root:Epoch: 44, Validation loss: 4.4538016, Validation Acc: 0.1875
INFO:root:Epoch: 45, Train loss: 0.7894377, Train Acc: 0.76704544
INFO:root:Epoch: 45, Validation loss: 4.4668674, Validation Acc: 0.18489583
INFO:root:Epoch: 46, Train loss: 0.7296692, Train Acc: 0.78061867
INFO:root:Epoch: 46, Validation loss: 4.0739884, Validation Acc: 0.21614583
INFO:root:Epoch: 47, Train loss: 0.69404835, Train Acc: 0.7894571
INFO:root:Epoch: 47, Validation loss: 4.0812607, Validation Acc: 0.1953125
INFO:root:Epoch: 48, Train loss: 0.7013757, Train Acc: 0.7878788
INFO:root:Epoch: 48, Validation loss: 4.202885, Validation Acc: 0.21614583
INFO:root:Epoch: 49, Train loss: 0.6840996, Train Acc: 0.7938763
INFO:root:Epoch: 49, Validation loss: 4.5358315, Validation Acc: 0.2109375
INFO:root:Epoch: 50, Train loss: 0.64828885, Train Acc: 0.8090278
INFO:root:Epoch: 50, Validation loss: 3.9686973, Validation Acc: 0.21354167
INFO:root:Epoch: 51, Train loss: 0.6277569, Train Acc: 0.80839646
INFO:root:Epoch: 51, Validation loss: 4.411846, Validation Acc: 0.19791667
INFO:root:Epoch: 52, Train loss: 0.61586726, Train Acc: 0.8147096
INFO:root:Epoch: 52, Validation loss: 4.3111105, Validation Acc: 0.21614583
INFO:root:Epoch: 53, Train loss: 0.5881071, Train Acc: 0.82323235
INFO:root:Epoch: 53, Validation loss: 4.2024803, Validation Acc: 0.20572917
INFO:root:Epoch: 54, Train loss: 0.58168674, Train Acc: 0.8285985
INFO:root:Epoch: 54, Validation loss: 4.296351, Validation Acc: 0.2265625
INFO:root:Epoch: 55, Train loss: 0.57140815, Train Acc: 0.8355429
INFO:root:Epoch: 55, Validation loss: 4.3492594, Validation Acc: 0.22135417
INFO:root:Epoch: 56, Train loss: 0.55336726, Train Acc: 0.82828283
INFO:root:Epoch: 56, Validation loss: 4.027855, Validation Acc: 0.22395833
INFO:root:Epoch: 57, Train loss: 0.5381717, Train Acc: 0.8393308
INFO:root:Epoch: 57, Validation loss: 4.261974, Validation Acc: 0.23697917
INFO:root:Epoch: 58, Train loss: 0.54190665, Train Acc: 0.84059346
INFO:root:Epoch: 58, Validation loss: 4.2581644, Validation Acc: 0.18489583
INFO:root:Epoch: 59, Train loss: 0.52944416, Train Acc: 0.84375
INFO:root:Epoch: 59, Validation loss: 4.273175, Validation Acc: 0.21354167
INFO:root:Training from ep 30 to ep 60 finished
INFO:root:Best epoch: 31
