INFO:root:Started
INFO:root:Epoch: 0, Train loss: 3.7876062, Train Acc: 0.053661615
INFO:root:Epoch: 0, Validation loss: 3.6993515, Validation Acc: 0.083333336
INFO:root:Epoch: 1, Train loss: 3.5643196, Train Acc: 0.09438131
INFO:root:Epoch: 1, Validation loss: 3.6412113, Validation Acc: 0.106770836
INFO:root:Epoch: 2, Train loss: 3.4252036, Train Acc: 0.11142677
INFO:root:Epoch: 2, Validation loss: 3.5941384, Validation Acc: 0.096354164
INFO:root:Epoch: 3, Train loss: 3.3004384, Train Acc: 0.14457071
INFO:root:Epoch: 3, Validation loss: 3.5101745, Validation Acc: 0.122395836
INFO:root:Epoch: 4, Train loss: 3.2145007, Train Acc: 0.16887626
INFO:root:Epoch: 4, Validation loss: 3.522541, Validation Acc: 0.083333336
INFO:root:Epoch: 5, Train loss: 3.0981843, Train Acc: 0.17487374
INFO:root:Epoch: 5, Validation loss: 3.66144, Validation Acc: 0.091145836
INFO:root:Epoch: 6, Train loss: 3.0326273, Train Acc: 0.2042298
INFO:root:Epoch: 6, Validation loss: 3.496816, Validation Acc: 0.114583336
INFO:root:Epoch: 7, Train loss: 2.941958, Train Acc: 0.228851
INFO:root:Epoch: 7, Validation loss: 3.5069206, Validation Acc: 0.111979164
INFO:root:Epoch: 8, Train loss: 2.8404584, Train Acc: 0.24652778
INFO:root:Epoch: 8, Validation loss: 3.482972, Validation Acc: 0.1171875
INFO:root:Epoch: 9, Train loss: 2.7231836, Train Acc: 0.28030303
INFO:root:Epoch: 9, Validation loss: 3.5663986, Validation Acc: 0.13541667
INFO:root:Epoch: 10, Train loss: 2.6245282, Train Acc: 0.30271465
INFO:root:Epoch: 10, Validation loss: 3.412709, Validation Acc: 0.1484375
INFO:root:Epoch: 11, Train loss: 2.5758386, Train Acc: 0.3147096
INFO:root:Epoch: 11, Validation loss: 3.443365, Validation Acc: 0.13802083
INFO:root:Epoch: 12, Train loss: 2.4821234, Train Acc: 0.3270202
INFO:root:Epoch: 12, Validation loss: 3.4306104, Validation Acc: 0.13541667
INFO:root:Epoch: 13, Train loss: 2.3736258, Train Acc: 0.37089646
INFO:root:Epoch: 13, Validation loss: 3.381848, Validation Acc: 0.15364583
INFO:root:Epoch: 14, Train loss: 2.3478236, Train Acc: 0.37184343
INFO:root:Epoch: 14, Validation loss: 3.3767061, Validation Acc: 0.15625
INFO:root:Epoch: 15, Train loss: 2.2557342, Train Acc: 0.3844697
INFO:root:Epoch: 15, Validation loss: 3.5723727, Validation Acc: 0.15364583
INFO:root:Epoch: 16, Train loss: 2.1539552, Train Acc: 0.41035354
INFO:root:Epoch: 16, Validation loss: 3.3610706, Validation Acc: 0.19010417
INFO:root:Epoch: 17, Train loss: 2.1145816, Train Acc: 0.41666666
INFO:root:Epoch: 17, Validation loss: 3.3654225, Validation Acc: 0.15104167
INFO:root:Epoch: 18, Train loss: 2.0185733, Train Acc: 0.44444445
INFO:root:Epoch: 18, Validation loss: 3.377248, Validation Acc: 0.1796875
INFO:root:Epoch: 19, Train loss: 1.9795679, Train Acc: 0.4599116
INFO:root:Epoch: 19, Validation loss: 3.400437, Validation Acc: 0.15625
INFO:root:Epoch: 20, Train loss: 1.882985, Train Acc: 0.48958334
INFO:root:Epoch: 20, Validation loss: 3.3672931, Validation Acc: 0.203125
INFO:root:Epoch: 21, Train loss: 1.8613387, Train Acc: 0.48642677
INFO:root:Epoch: 21, Validation loss: 3.5369856, Validation Acc: 0.171875
INFO:root:Epoch: 22, Train loss: 1.7674276, Train Acc: 0.5082071
INFO:root:Epoch: 22, Validation loss: 3.5700152, Validation Acc: 0.17708333
INFO:root:Epoch: 23, Train loss: 1.715645, Train Acc: 0.5233586
INFO:root:Epoch: 23, Validation loss: 3.5993884, Validation Acc: 0.15364583
INFO:root:Epoch: 24, Train loss: 1.6585393, Train Acc: 0.54229796
INFO:root:Epoch: 24, Validation loss: 3.6814137, Validation Acc: 0.1640625
INFO:root:Epoch: 25, Train loss: 1.6060687, Train Acc: 0.56313133
INFO:root:Epoch: 25, Validation loss: 3.561943, Validation Acc: 0.15104167
INFO:root:Epoch: 26, Train loss: 1.5452292, Train Acc: 0.5691288
INFO:root:Epoch: 26, Validation loss: 3.4050786, Validation Acc: 0.1953125
INFO:root:Epoch: 27, Train loss: 1.5226828, Train Acc: 0.5748106
INFO:root:Epoch: 27, Validation loss: 3.4265022, Validation Acc: 0.2265625
INFO:root:Epoch: 28, Train loss: 1.4924883, Train Acc: 0.5823864
INFO:root:Epoch: 28, Validation loss: 3.5837603, Validation Acc: 0.22395833
INFO:root:Epoch: 29, Train loss: 1.4148504, Train Acc: 0.5997475
INFO:root:Epoch: 29, Validation loss: 3.7372258, Validation Acc: 0.21614583
INFO:root:Training from ep 0 to ep 30 finished
INFO:root:Best epoch: 28
INFO:root:Started
INFO:root:Epoch: 0, Train loss: 3.7591016, Train Acc: 0.057765152
INFO:root:Epoch: 0, Validation loss: 3.7598743, Validation Acc: 0.078125
INFO:root:Epoch: 1, Train loss: 3.5061216, Train Acc: 0.10227273
INFO:root:Epoch: 1, Validation loss: 3.6258986, Validation Acc: 0.104166664
INFO:root:Epoch: 2, Train loss: 3.3591042, Train Acc: 0.11931818
INFO:root:Epoch: 2, Validation loss: 3.5454051, Validation Acc: 0.075520836
INFO:root:Epoch: 3, Train loss: 3.2114246, Train Acc: 0.1657197
INFO:root:Epoch: 3, Validation loss: 3.5420506, Validation Acc: 0.1171875
INFO:root:Epoch: 4, Train loss: 3.1178126, Train Acc: 0.1846591
INFO:root:Epoch: 4, Validation loss: 3.4886522, Validation Acc: 0.114583336
INFO:root:Epoch: 5, Train loss: 3.002574, Train Acc: 0.20296717
INFO:root:Epoch: 5, Validation loss: 3.4975255, Validation Acc: 0.109375
INFO:root:Epoch: 6, Train loss: 2.9287088, Train Acc: 0.22506313
INFO:root:Epoch: 6, Validation loss: 3.526498, Validation Acc: 0.104166664
INFO:root:Epoch: 7, Train loss: 2.847547, Train Acc: 0.24905303
INFO:root:Epoch: 7, Validation loss: 3.5099428, Validation Acc: 0.098958336
INFO:root:Epoch: 8, Train loss: 2.7455006, Train Acc: 0.26704547
INFO:root:Epoch: 8, Validation loss: 3.4994104, Validation Acc: 0.114583336
INFO:root:Epoch: 9, Train loss: 2.6219006, Train Acc: 0.29324496
INFO:root:Epoch: 9, Validation loss: 3.38229, Validation Acc: 0.15625
INFO:root:Epoch: 10, Train loss: 2.5128143, Train Acc: 0.3276515
INFO:root:Epoch: 10, Validation loss: 3.3653517, Validation Acc: 0.122395836
INFO:root:Epoch: 11, Train loss: 2.4585974, Train Acc: 0.35511363
INFO:root:Epoch: 11, Validation loss: 3.588648, Validation Acc: 0.1328125
INFO:root:Epoch: 12, Train loss: 2.3517914, Train Acc: 0.36679292
INFO:root:Epoch: 12, Validation loss: 3.5269213, Validation Acc: 0.14583333
INFO:root:Epoch: 13, Train loss: 2.2476084, Train Acc: 0.39141414
INFO:root:Epoch: 13, Validation loss: 3.4370806, Validation Acc: 0.12760417
INFO:root:Epoch: 14, Train loss: 2.2276797, Train Acc: 0.40467173
INFO:root:Epoch: 14, Validation loss: 3.4613397, Validation Acc: 0.12760417
INFO:root:Epoch: 15, Train loss: 2.095434, Train Acc: 0.4324495
INFO:root:Epoch: 15, Validation loss: 3.5461648, Validation Acc: 0.14583333
INFO:root:Epoch: 16, Train loss: 2.0173843, Train Acc: 0.44128788
INFO:root:Epoch: 16, Validation loss: 3.4642868, Validation Acc: 0.1640625
INFO:root:Epoch: 17, Train loss: 1.9818883, Train Acc: 0.4548611
INFO:root:Epoch: 17, Validation loss: 3.4160585, Validation Acc: 0.15104167
INFO:root:Epoch: 18, Train loss: 1.9093101, Train Acc: 0.47569445
INFO:root:Epoch: 18, Validation loss: 3.4156306, Validation Acc: 0.16666667
INFO:root:Epoch: 19, Train loss: 1.833135, Train Acc: 0.49337122
INFO:root:Epoch: 19, Validation loss: 3.4206293, Validation Acc: 0.1640625
INFO:root:Epoch: 20, Train loss: 1.7424511, Train Acc: 0.5189394
INFO:root:Epoch: 20, Validation loss: 3.3782413, Validation Acc: 0.17708333
INFO:root:Epoch: 21, Train loss: 1.7380013, Train Acc: 0.5123106
INFO:root:Epoch: 21, Validation loss: 3.6718435, Validation Acc: 0.15625
INFO:root:Epoch: 22, Train loss: 1.6209779, Train Acc: 0.55397725
INFO:root:Epoch: 22, Validation loss: 3.6819353, Validation Acc: 0.16927083
INFO:root:Epoch: 23, Train loss: 1.5867101, Train Acc: 0.5552399
INFO:root:Epoch: 23, Validation loss: 3.6207256, Validation Acc: 0.1640625
INFO:root:Epoch: 24, Train loss: 1.5164007, Train Acc: 0.5792298
INFO:root:Epoch: 24, Validation loss: 3.6903899, Validation Acc: 0.16666667
INFO:root:Epoch: 25, Train loss: 1.4454198, Train Acc: 0.5880682
INFO:root:Epoch: 25, Validation loss: 3.6756651, Validation Acc: 0.15364583
INFO:root:Epoch: 26, Train loss: 1.411579, Train Acc: 0.60258836
INFO:root:Epoch: 26, Validation loss: 3.7090957, Validation Acc: 0.15625
INFO:root:Epoch: 27, Train loss: 1.3861988, Train Acc: 0.60258836
INFO:root:Epoch: 27, Validation loss: 3.5176847, Validation Acc: 0.20572917
INFO:root:Epoch: 28, Train loss: 1.3346514, Train Acc: 0.6199495
INFO:root:Epoch: 28, Validation loss: 3.5690444, Validation Acc: 0.19270833
INFO:root:Epoch: 29, Train loss: 1.2988718, Train Acc: 0.63699496
INFO:root:Epoch: 29, Validation loss: 3.7419708, Validation Acc: 0.203125
INFO:root:Training from ep 0 to ep 30 finished
INFO:root:Best epoch: 28
