INFO:root:Started
INFO:root:Epoch: 0, Train loss: 3.9175856, Train Acc: 0.025252525
INFO:root:Epoch: 0, Validation loss: 3.9319665, Validation Acc: 0.03125
INFO:root:Epoch: 1, Train loss: 3.7922974, Train Acc: 0.03945707
INFO:root:Epoch: 1, Validation loss: 3.8729086, Validation Acc: 0.0234375
INFO:root:Epoch: 2, Train loss: 3.7308948, Train Acc: 0.048926767
INFO:root:Epoch: 2, Validation loss: 3.681146, Validation Acc: 0.0625
INFO:root:Epoch: 3, Train loss: 3.6898391, Train Acc: 0.059027776
INFO:root:Epoch: 3, Validation loss: 3.6644802, Validation Acc: 0.0390625
INFO:root:Epoch: 4, Train loss: 3.6566415, Train Acc: 0.056502525
INFO:root:Epoch: 4, Validation loss: 3.6262798, Validation Acc: 0.067708336
INFO:root:Epoch: 5, Train loss: 3.6283126, Train Acc: 0.061237372
INFO:root:Epoch: 5, Validation loss: 3.678729, Validation Acc: 0.0546875
INFO:root:Epoch: 6, Train loss: 3.5852115, Train Acc: 0.07070707
INFO:root:Epoch: 6, Validation loss: 3.6207392, Validation Acc: 0.072916664
INFO:root:Epoch: 7, Train loss: 3.5307372, Train Acc: 0.07607323
INFO:root:Epoch: 7, Validation loss: 3.6928465, Validation Acc: 0.057291668
INFO:root:Epoch: 8, Train loss: 3.4764528, Train Acc: 0.08712121
INFO:root:Epoch: 8, Validation loss: 3.566004, Validation Acc: 0.09375
INFO:root:Epoch: 9, Train loss: 3.3929477, Train Acc: 0.097537875
INFO:root:Epoch: 9, Validation loss: 3.5561035, Validation Acc: 0.067708336
INFO:root:Epoch: 10, Train loss: 3.3112469, Train Acc: 0.1227904
INFO:root:Epoch: 10, Validation loss: 3.5491898, Validation Acc: 0.065104164
INFO:root:Epoch: 11, Train loss: 3.2403839, Train Acc: 0.12815657
INFO:root:Epoch: 11, Validation loss: 3.4818923, Validation Acc: 0.109375
INFO:root:Epoch: 12, Train loss: 3.221451, Train Acc: 0.14520203
INFO:root:Epoch: 12, Validation loss: 3.5071144, Validation Acc: 0.106770836
INFO:root:Epoch: 13, Train loss: 3.167396, Train Acc: 0.16035354
INFO:root:Epoch: 13, Validation loss: 3.3364027, Validation Acc: 0.13020833
INFO:root:Epoch: 14, Train loss: 3.1468067, Train Acc: 0.15877526
INFO:root:Epoch: 14, Validation loss: 3.2911663, Validation Acc: 0.122395836
INFO:root:Epoch: 15, Train loss: 3.1098936, Train Acc: 0.1606692
INFO:root:Epoch: 15, Validation loss: 3.565756, Validation Acc: 0.106770836
INFO:root:Epoch: 16, Train loss: 3.0579789, Train Acc: 0.16982323
INFO:root:Epoch: 16, Validation loss: 3.379565, Validation Acc: 0.122395836
INFO:root:Epoch: 17, Train loss: 3.0477135, Train Acc: 0.1802399
INFO:root:Epoch: 17, Validation loss: 3.334215, Validation Acc: 0.098958336
INFO:root:Epoch: 18, Train loss: 3.0261595, Train Acc: 0.18876262
INFO:root:Epoch: 18, Validation loss: 3.2251647, Validation Acc: 0.122395836
INFO:root:Epoch: 19, Train loss: 3.000248, Train Acc: 0.19381313
INFO:root:Epoch: 19, Validation loss: 3.2194557, Validation Acc: 0.14583333
INFO:root:Epoch: 20, Train loss: 2.9066055, Train Acc: 0.21117425
INFO:root:Epoch: 20, Validation loss: 3.1885579, Validation Acc: 0.140625
INFO:root:Epoch: 21, Train loss: 2.9098048, Train Acc: 0.21527778
INFO:root:Epoch: 21, Validation loss: 3.4174051, Validation Acc: 0.13541667
INFO:root:Epoch: 22, Train loss: 2.8391871, Train Acc: 0.22664142
INFO:root:Epoch: 22, Validation loss: 3.4206474, Validation Acc: 0.122395836
INFO:root:Epoch: 23, Train loss: 2.7921596, Train Acc: 0.23642677
INFO:root:Epoch: 23, Validation loss: 3.4559543, Validation Acc: 0.09375
INFO:root:Epoch: 24, Train loss: 2.7954876, Train Acc: 0.24179293
INFO:root:Epoch: 24, Validation loss: 3.320958, Validation Acc: 0.140625
INFO:root:Epoch: 25, Train loss: 2.7359514, Train Acc: 0.2506313
INFO:root:Epoch: 25, Validation loss: 3.2494297, Validation Acc: 0.1484375
INFO:root:Epoch: 26, Train loss: 2.7319908, Train Acc: 0.24968435
INFO:root:Epoch: 26, Validation loss: 3.2301466, Validation Acc: 0.16666667
INFO:root:Epoch: 27, Train loss: 2.673266, Train Acc: 0.26357323
INFO:root:Epoch: 27, Validation loss: 3.2613342, Validation Acc: 0.17447917
INFO:root:Epoch: 28, Train loss: 2.6780581, Train Acc: 0.28030303
INFO:root:Epoch: 28, Validation loss: 3.1467068, Validation Acc: 0.19270833
INFO:root:Epoch: 29, Train loss: 2.6322625, Train Acc: 0.27683082
INFO:root:Epoch: 29, Validation loss: 3.1146376, Validation Acc: 0.17447917
INFO:root:Training from ep 0 to ep 30 finished
INFO:root:Best epoch: 29
INFO:root:Started
INFO:root:Epoch: 30, Train loss: 2.590494, Train Acc: 0.29482323
INFO:root:Epoch: 30, Validation loss: 3.0714285, Validation Acc: 0.1796875
INFO:root:Epoch: 31, Train loss: 2.5338717, Train Acc: 0.3125
INFO:root:Epoch: 31, Validation loss: 3.223069, Validation Acc: 0.15625
INFO:root:Epoch: 32, Train loss: 2.4726365, Train Acc: 0.32291666
INFO:root:Epoch: 32, Validation loss: 3.2760417, Validation Acc: 0.15625
INFO:root:Epoch: 33, Train loss: 2.4458392, Train Acc: 0.32007575
INFO:root:Epoch: 33, Validation loss: 3.1067674, Validation Acc: 0.18229167
INFO:root:Epoch: 34, Train loss: 2.4763067, Train Acc: 0.3175505
INFO:root:Epoch: 34, Validation loss: 3.0892484, Validation Acc: 0.1796875
INFO:root:Epoch: 35, Train loss: 2.4012792, Train Acc: 0.3298611
INFO:root:Epoch: 35, Validation loss: 3.200629, Validation Acc: 0.2109375
INFO:root:Epoch: 36, Train loss: 2.3965287, Train Acc: 0.3402778
INFO:root:Epoch: 36, Validation loss: 3.0398226, Validation Acc: 0.20052083
INFO:root:Epoch: 37, Train loss: 2.393813, Train Acc: 0.33996212
INFO:root:Epoch: 37, Validation loss: 3.0862827, Validation Acc: 0.16145833
INFO:root:Epoch: 38, Train loss: 2.3572853, Train Acc: 0.34564394
INFO:root:Epoch: 38, Validation loss: 3.036515, Validation Acc: 0.19010417
INFO:root:Epoch: 39, Train loss: 2.3029785, Train Acc: 0.36647728
INFO:root:Epoch: 39, Validation loss: 3.2326984, Validation Acc: 0.15625
INFO:root:Epoch: 40, Train loss: 2.265668, Train Acc: 0.36868685
INFO:root:Epoch: 40, Validation loss: 3.0335028, Validation Acc: 0.21614583
INFO:root:Epoch: 41, Train loss: 2.2442524, Train Acc: 0.3693182
INFO:root:Epoch: 41, Validation loss: 3.0687592, Validation Acc: 0.21354167
INFO:root:Epoch: 42, Train loss: 2.2140439, Train Acc: 0.38320708
INFO:root:Epoch: 42, Validation loss: 3.1261046, Validation Acc: 0.20572917
INFO:root:Epoch: 43, Train loss: 2.1982195, Train Acc: 0.38415405
INFO:root:Epoch: 43, Validation loss: 3.0407078, Validation Acc: 0.22135417
INFO:root:Epoch: 44, Train loss: 2.2100844, Train Acc: 0.3895202
INFO:root:Epoch: 44, Validation loss: 3.2815485, Validation Acc: 0.22135417
INFO:root:Epoch: 45, Train loss: 2.1499093, Train Acc: 0.39772728
INFO:root:Epoch: 45, Validation loss: 3.2456112, Validation Acc: 0.19010417
INFO:root:Epoch: 46, Train loss: 2.115255, Train Acc: 0.4113005
INFO:root:Epoch: 46, Validation loss: 3.0658872, Validation Acc: 0.21875
INFO:root:Epoch: 47, Train loss: 2.0947104, Train Acc: 0.41287878
INFO:root:Epoch: 47, Validation loss: 3.0899894, Validation Acc: 0.203125
INFO:root:Epoch: 48, Train loss: 2.0812843, Train Acc: 0.40309343
INFO:root:Epoch: 48, Validation loss: 3.1268408, Validation Acc: 0.17708333
INFO:root:Epoch: 49, Train loss: 2.0630968, Train Acc: 0.4251894
INFO:root:Epoch: 49, Validation loss: 3.1181412, Validation Acc: 0.20052083
INFO:root:Epoch: 50, Train loss: 2.0106394, Train Acc: 0.43560606
INFO:root:Epoch: 50, Validation loss: 3.1303022, Validation Acc: 0.18489583
INFO:root:Epoch: 51, Train loss: 2.0287213, Train Acc: 0.43781567
INFO:root:Epoch: 51, Validation loss: 3.1128924, Validation Acc: 0.1953125
INFO:root:Epoch: 52, Train loss: 1.954821, Train Acc: 0.45044193
INFO:root:Epoch: 52, Validation loss: 3.0834332, Validation Acc: 0.19010417
INFO:root:Epoch: 53, Train loss: 1.9279702, Train Acc: 0.45233586
INFO:root:Epoch: 53, Validation loss: 3.1161203, Validation Acc: 0.1796875
INFO:root:Epoch: 54, Train loss: 1.9425294, Train Acc: 0.44665405
INFO:root:Epoch: 54, Validation loss: 3.2095678, Validation Acc: 0.19270833
INFO:root:Epoch: 55, Train loss: 1.8874233, Train Acc: 0.47032827
INFO:root:Epoch: 55, Validation loss: 3.2476263, Validation Acc: 0.20572917
INFO:root:Epoch: 56, Train loss: 1.881755, Train Acc: 0.46496212
INFO:root:Epoch: 56, Validation loss: 3.2361507, Validation Acc: 0.21875
INFO:root:Epoch: 57, Train loss: 1.849926, Train Acc: 0.4826389
INFO:root:Epoch: 57, Validation loss: 3.1584911, Validation Acc: 0.2109375
INFO:root:Epoch: 58, Train loss: 1.8668903, Train Acc: 0.47127524
INFO:root:Epoch: 58, Validation loss: 3.0063713, Validation Acc: 0.22395833
INFO:root:Epoch: 59, Train loss: 1.8606783, Train Acc: 0.47064394
INFO:root:Epoch: 59, Validation loss: 3.1947947, Validation Acc: 0.21354167
INFO:root:Training from ep 30 to ep 60 finished
INFO:root:Best epoch: 59
