INFO:root:Started
INFO:root:Epoch: 0, Train loss: 5.11592
INFO:root:Epoch: 0, Validation loss: 3.5078201
INFO:root:Epoch: 1, Train loss: 3.2452147
INFO:root:Epoch: 1, Validation loss: 3.128984
INFO:root:Epoch: 2, Train loss: 3.0341616
INFO:root:Epoch: 2, Validation loss: 3.0601494
INFO:root:Epoch: 3, Train loss: 2.9540334
INFO:root:Epoch: 3, Validation loss: 2.9722636
INFO:root:Epoch: 4, Train loss: 2.9120715
INFO:root:Epoch: 4, Validation loss: 2.9112992
INFO:root:Epoch: 5, Train loss: 2.8798633
INFO:root:Epoch: 5, Validation loss: 2.9443343
INFO:root:Epoch: 6, Train loss: 2.8430066
INFO:root:Epoch: 6, Validation loss: 2.865314
INFO:root:Epoch: 7, Train loss: 2.824558
INFO:root:Epoch: 7, Validation loss: 2.8668933
INFO:root:Epoch: 8, Train loss: 2.806974
INFO:root:Epoch: 8, Validation loss: 2.860199
INFO:root:Epoch: 9, Train loss: 2.7905354
INFO:root:Epoch: 9, Validation loss: 2.8294432
INFO:root:Epoch: 10, Train loss: 2.761189
INFO:root:Epoch: 10, Validation loss: 2.8194025
INFO:root:Epoch: 11, Train loss: 2.7599792
INFO:root:Epoch: 11, Validation loss: 2.8221786
INFO:root:Epoch: 12, Train loss: 2.7690182
INFO:root:Epoch: 12, Validation loss: 2.7894552
INFO:root:Epoch: 13, Train loss: 2.74624
INFO:root:Epoch: 13, Validation loss: 2.7558324
INFO:root:Epoch: 14, Train loss: 2.7303212
INFO:root:Epoch: 14, Validation loss: 2.7911186
INFO:root:Epoch: 15, Train loss: 2.7269185
INFO:root:Epoch: 15, Validation loss: 2.7864907
INFO:root:Epoch: 16, Train loss: 2.7261512
INFO:root:Epoch: 16, Validation loss: 2.7763789
INFO:root:Epoch: 17, Train loss: 2.7093556
INFO:root:Epoch: 17, Validation loss: 2.7558293
INFO:root:Epoch: 18, Train loss: 2.703651
INFO:root:Epoch: 18, Validation loss: 2.7532156
INFO:root:Epoch: 19, Train loss: 2.6950095
INFO:root:Epoch: 19, Validation loss: 2.7620008
INFO:root:Epoch: 20, Train loss: 2.6944401
INFO:root:Epoch: 20, Validation loss: 2.734477
INFO:root:Epoch: 21, Train loss: 2.678229
INFO:root:Epoch: 21, Validation loss: 2.7505002
INFO:root:Epoch: 22, Train loss: 2.6772358
INFO:root:Epoch: 22, Validation loss: 2.7945418
INFO:root:Epoch: 23, Train loss: 2.6872349
INFO:root:Epoch: 23, Validation loss: 2.7442415
INFO:root:Epoch: 24, Train loss: 2.6720939
INFO:root:Epoch: 24, Validation loss: 2.7301786
INFO:root:Epoch: 25, Train loss: 2.6658382
INFO:root:Epoch: 25, Validation loss: 2.7388613
INFO:root:Epoch: 26, Train loss: 2.6673667
INFO:root:Epoch: 26, Validation loss: 2.7530863
INFO:root:Epoch: 27, Train loss: 2.6525502
INFO:root:Epoch: 27, Validation loss: 2.735552
INFO:root:Epoch: 28, Train loss: 2.6451194
INFO:root:Epoch: 28, Validation loss: 2.7056413
INFO:root:Epoch: 29, Train loss: 2.6410453
INFO:root:Epoch: 29, Validation loss: 2.7175329
INFO:root:Epoch: 30, Train loss: 2.6547089
INFO:root:Epoch: 30, Validation loss: 2.6916096
INFO:root:Epoch: 31, Train loss: 2.6266775
INFO:root:Epoch: 31, Validation loss: 2.6973848
INFO:root:Epoch: 32, Train loss: 2.6357396
INFO:root:Epoch: 32, Validation loss: 2.7006721
INFO:root:Epoch: 33, Train loss: 2.6219187
INFO:root:Epoch: 33, Validation loss: 2.705659
INFO:root:Epoch: 34, Train loss: 2.6296678
INFO:root:Epoch: 34, Validation loss: 2.720168
INFO:root:Epoch: 35, Train loss: 2.6130753
INFO:root:Epoch: 35, Validation loss: 2.684608
INFO:root:Epoch: 36, Train loss: 2.606015
INFO:root:Epoch: 36, Validation loss: 2.6857982
INFO:root:Epoch: 37, Train loss: 2.613925
INFO:root:Epoch: 37, Validation loss: 2.7235558
INFO:root:Epoch: 38, Train loss: 2.6093042
INFO:root:Epoch: 38, Validation loss: 2.6902738
INFO:root:Epoch: 39, Train loss: 2.6039774
INFO:root:Epoch: 39, Validation loss: 2.6820745
INFO:root:Epoch: 40, Train loss: 2.5935442
INFO:root:Epoch: 40, Validation loss: 2.654231
INFO:root:Epoch: 41, Train loss: 2.5916026
INFO:root:Epoch: 41, Validation loss: 2.7142498
INFO:root:Epoch: 42, Train loss: 2.5852675
INFO:root:Epoch: 42, Validation loss: 2.696357
INFO:root:Epoch: 43, Train loss: 2.583954
INFO:root:Epoch: 43, Validation loss: 2.6366909
INFO:root:Epoch: 44, Train loss: 2.591071
INFO:root:Epoch: 44, Validation loss: 2.6584327
INFO:root:Epoch: 45, Train loss: 2.581814
INFO:root:Epoch: 45, Validation loss: 2.6264327
INFO:root:Epoch: 46, Train loss: 2.5840113
INFO:root:Epoch: 46, Validation loss: 2.6874645
INFO:root:Epoch: 47, Train loss: 2.5707116
INFO:root:Epoch: 47, Validation loss: 2.685426
INFO:root:Epoch: 48, Train loss: 2.571154
INFO:root:Epoch: 48, Validation loss: 2.6655457
INFO:root:Epoch: 49, Train loss: 2.5673845
INFO:root:Epoch: 49, Validation loss: 2.6113803
INFO:root:Epoch: 50, Train loss: 2.5607405
INFO:root:Epoch: 50, Validation loss: 2.634078
INFO:root:Epoch: 51, Train loss: 2.5566351
INFO:root:Epoch: 51, Validation loss: 2.615195
INFO:root:Epoch: 52, Train loss: 2.5526621
INFO:root:Epoch: 52, Validation loss: 2.6395469
INFO:root:Epoch: 53, Train loss: 2.559353
INFO:root:Epoch: 53, Validation loss: 2.642717
INFO:root:Epoch: 54, Train loss: 2.5487287
INFO:root:Epoch: 54, Validation loss: 2.6574178
INFO:root:Epoch: 55, Train loss: 2.5424163
INFO:root:Epoch: 55, Validation loss: 2.6536741
INFO:root:Epoch: 56, Train loss: 2.5571046
INFO:root:Epoch: 56, Validation loss: 2.6227973
INFO:root:Epoch: 57, Train loss: 2.5486138
INFO:root:Epoch: 57, Validation loss: 2.6581676
INFO:root:Epoch: 58, Train loss: 2.5408435
INFO:root:Epoch: 58, Validation loss: 2.646439
INFO:root:Epoch: 59, Train loss: 2.5428274
INFO:root:Epoch: 59, Validation loss: 2.6163454
INFO:root:Epoch: 60, Train loss: 2.5290003
INFO:root:Epoch: 60, Validation loss: 2.6236453
INFO:root:Epoch: 61, Train loss: 2.5273979
INFO:root:Epoch: 61, Validation loss: 2.6333742
INFO:root:Epoch: 62, Train loss: 2.531957
INFO:root:Epoch: 62, Validation loss: 2.6432738
INFO:root:Epoch: 63, Train loss: 2.5310547
INFO:root:Epoch: 63, Validation loss: 2.6397443
INFO:root:Epoch: 64, Train loss: 2.520843
INFO:root:Epoch: 64, Validation loss: 2.6501315
INFO:root:Epoch: 65, Train loss: 2.5274885
INFO:root:Epoch: 65, Validation loss: 2.6455777
INFO:root:Epoch: 66, Train loss: 2.5213552
INFO:root:Epoch: 66, Validation loss: 2.638437
INFO:root:Epoch: 67, Train loss: 2.5188718
INFO:root:Epoch: 67, Validation loss: 2.6041598
INFO:root:Epoch: 68, Train loss: 2.5164244
INFO:root:Epoch: 68, Validation loss: 2.627094
INFO:root:Epoch: 69, Train loss: 2.5176911
INFO:root:Epoch: 69, Validation loss: 2.633034
INFO:root:Epoch: 70, Train loss: 2.515677
INFO:root:Epoch: 70, Validation loss: 2.6471162
INFO:root:Epoch: 71, Train loss: 2.5028963
INFO:root:Epoch: 71, Validation loss: 2.640885
INFO:root:Epoch: 72, Train loss: 2.4968553
INFO:root:Epoch: 72, Validation loss: 2.6120749
INFO:root:Epoch: 73, Train loss: 2.492127
INFO:root:Epoch: 73, Validation loss: 2.6072237
INFO:root:Epoch: 74, Train loss: 2.5055273
INFO:root:Epoch: 74, Validation loss: 2.58436
INFO:root:Epoch: 75, Train loss: 2.501653
INFO:root:Epoch: 75, Validation loss: 2.6241496
INFO:root:Epoch: 76, Train loss: 2.4903183
INFO:root:Epoch: 76, Validation loss: 2.659009
INFO:root:Epoch: 77, Train loss: 2.4916067
INFO:root:Epoch: 77, Validation loss: 2.5902057
INFO:root:Epoch: 78, Train loss: 2.4860873
INFO:root:Epoch: 78, Validation loss: 2.6036193
INFO:root:Epoch: 79, Train loss: 2.492339
INFO:root:Epoch: 79, Validation loss: 2.621892
INFO:root:Epoch: 80, Train loss: 2.4943788
INFO:root:Epoch: 80, Validation loss: 2.6086986
INFO:root:Epoch: 81, Train loss: 2.4934833
INFO:root:Epoch: 81, Validation loss: 2.6067483
INFO:root:Epoch: 82, Train loss: 2.4756896
INFO:root:Epoch: 82, Validation loss: 2.59102
INFO:root:Epoch: 83, Train loss: 2.48178
INFO:root:Epoch: 83, Validation loss: 2.6010962
INFO:root:Epoch: 84, Train loss: 2.4858868
INFO:root:Epoch: 84, Validation loss: 2.5929568
INFO:root:Epoch: 85, Train loss: 2.4773386
INFO:root:Epoch: 85, Validation loss: 2.592232
INFO:root:Epoch: 86, Train loss: 2.4759936
INFO:root:Epoch: 86, Validation loss: 2.5865495
INFO:root:Epoch: 87, Train loss: 2.4889364
INFO:root:Epoch: 87, Validation loss: 2.6371238
INFO:root:Epoch: 88, Train loss: 2.4678037
INFO:root:Epoch: 88, Validation loss: 2.659144
INFO:root:Epoch: 89, Train loss: 2.4709558
INFO:root:Epoch: 89, Validation loss: 2.5767019
INFO:root:Epoch: 90, Train loss: 2.470822
INFO:root:Epoch: 90, Validation loss: 2.6216748
INFO:root:Epoch: 91, Train loss: 2.4561572
INFO:root:Epoch: 91, Validation loss: 2.6381187
INFO:root:Epoch: 92, Train loss: 2.4621327
INFO:root:Epoch: 92, Validation loss: 2.5743978
INFO:root:Epoch: 93, Train loss: 2.4666727
INFO:root:Epoch: 93, Validation loss: 2.6130931
INFO:root:Epoch: 94, Train loss: 2.463348
INFO:root:Epoch: 94, Validation loss: 2.611177
INFO:root:Epoch: 95, Train loss: 2.4692187
INFO:root:Epoch: 95, Validation loss: 2.6051912
INFO:root:Epoch: 96, Train loss: 2.4543722
INFO:root:Epoch: 96, Validation loss: 2.628837
INFO:root:Epoch: 97, Train loss: 2.4652717
INFO:root:Epoch: 97, Validation loss: 2.5790694
INFO:root:Epoch: 98, Train loss: 2.4498746
INFO:root:Epoch: 98, Validation loss: 2.5942912
INFO:root:Epoch: 99, Train loss: 2.4498062
INFO:root:Epoch: 99, Validation loss: 2.5620296
INFO:root:Training from ep 0 to ep 100 finished
INFO:root:Best epoch: 100
