INFO:root:Started
INFO:root:Epoch: 0, Train loss: 3.8753695, Train Acc: 0.029040404
INFO:root:Epoch: 0, Validation loss: 3.6660795, Validation Acc: 0.03125
INFO:root:Epoch: 1, Train loss: 3.5506237, Train Acc: 0.084280305
INFO:root:Epoch: 1, Validation loss: 3.5202587, Validation Acc: 0.078125
INFO:root:Epoch: 2, Train loss: 3.3896708, Train Acc: 0.0988005
INFO:root:Epoch: 2, Validation loss: 3.4734132, Validation Acc: 0.1015625
INFO:root:Epoch: 3, Train loss: 3.2976913, Train Acc: 0.125
INFO:root:Epoch: 3, Validation loss: 3.4565742, Validation Acc: 0.088541664
INFO:root:Epoch: 4, Train loss: 3.2125993, Train Acc: 0.13636364
INFO:root:Epoch: 4, Validation loss: 3.3641121, Validation Acc: 0.114583336
INFO:root:Epoch: 5, Train loss: 3.1358278, Train Acc: 0.15277778
INFO:root:Epoch: 5, Validation loss: 3.3918333, Validation Acc: 0.114583336
INFO:root:Epoch: 6, Train loss: 3.0838351, Train Acc: 0.16414142
INFO:root:Epoch: 6, Validation loss: 3.3556135, Validation Acc: 0.098958336
INFO:root:Epoch: 7, Train loss: 3.044112, Train Acc: 0.17771465
INFO:root:Epoch: 7, Validation loss: 3.3992927, Validation Acc: 0.13541667
INFO:root:Epoch: 8, Train loss: 2.9725392, Train Acc: 0.1919192
INFO:root:Epoch: 8, Validation loss: 3.3403685, Validation Acc: 0.125
INFO:root:Epoch: 9, Train loss: 2.8762364, Train Acc: 0.21243687
INFO:root:Epoch: 9, Validation loss: 3.3353193, Validation Acc: 0.13020833
INFO:root:Epoch: 10, Train loss: 2.8363974, Train Acc: 0.22537878
INFO:root:Epoch: 10, Validation loss: 3.2951584, Validation Acc: 0.13541667
INFO:root:Epoch: 11, Train loss: 2.787195, Train Acc: 0.24368687
INFO:root:Epoch: 11, Validation loss: 3.3321187, Validation Acc: 0.15364583
INFO:root:Epoch: 12, Train loss: 2.7278233, Train Acc: 0.25126263
INFO:root:Epoch: 12, Validation loss: 3.2485244, Validation Acc: 0.171875
INFO:root:Epoch: 13, Train loss: 2.661074, Train Acc: 0.26925504
INFO:root:Epoch: 13, Validation loss: 3.2611217, Validation Acc: 0.15625
INFO:root:Epoch: 14, Train loss: 2.6012528, Train Acc: 0.2840909
INFO:root:Epoch: 14, Validation loss: 3.2583096, Validation Acc: 0.13802083
INFO:root:Epoch: 15, Train loss: 2.5714962, Train Acc: 0.30208334
INFO:root:Epoch: 15, Validation loss: 3.2412672, Validation Acc: 0.16927083
INFO:root:Epoch: 16, Train loss: 2.5062754, Train Acc: 0.3052399
INFO:root:Epoch: 16, Validation loss: 3.2443602, Validation Acc: 0.15885417
INFO:root:Epoch: 17, Train loss: 2.442949, Train Acc: 0.33017677
INFO:root:Epoch: 17, Validation loss: 3.3297062, Validation Acc: 0.16145833
INFO:root:Epoch: 18, Train loss: 2.3784027, Train Acc: 0.34753788
INFO:root:Epoch: 18, Validation loss: 3.3045285, Validation Acc: 0.16666667
INFO:root:Epoch: 19, Train loss: 2.3632274, Train Acc: 0.3494318
INFO:root:Epoch: 19, Validation loss: 3.2975512, Validation Acc: 0.1640625
INFO:root:Epoch: 20, Train loss: 2.2985973, Train Acc: 0.36300504
INFO:root:Epoch: 20, Validation loss: 3.2436752, Validation Acc: 0.18229167
INFO:root:Epoch: 21, Train loss: 2.2840977, Train Acc: 0.36900252
INFO:root:Epoch: 21, Validation loss: 3.1940415, Validation Acc: 0.1796875
INFO:root:Epoch: 22, Train loss: 2.1879306, Train Acc: 0.39204547
INFO:root:Epoch: 22, Validation loss: 3.3005993, Validation Acc: 0.18229167
INFO:root:Epoch: 23, Train loss: 2.149019, Train Acc: 0.40309343
INFO:root:Epoch: 23, Validation loss: 3.284565, Validation Acc: 0.19270833
INFO:root:Epoch: 24, Train loss: 2.1190124, Train Acc: 0.3989899
INFO:root:Epoch: 24, Validation loss: 3.2528584, Validation Acc: 0.19270833
INFO:root:Epoch: 25, Train loss: 2.0800805, Train Acc: 0.41540405
INFO:root:Epoch: 25, Validation loss: 3.334345, Validation Acc: 0.16927083
INFO:root:Epoch: 26, Train loss: 2.0521712, Train Acc: 0.4302399
INFO:root:Epoch: 26, Validation loss: 3.2468946, Validation Acc: 0.20052083
INFO:root:Epoch: 27, Train loss: 1.9987767, Train Acc: 0.43939394
INFO:root:Epoch: 27, Validation loss: 3.3449905, Validation Acc: 0.1796875
INFO:root:Epoch: 28, Train loss: 1.96569, Train Acc: 0.43560606
INFO:root:Epoch: 28, Validation loss: 3.3132246, Validation Acc: 0.1796875
INFO:root:Epoch: 29, Train loss: 1.9243339, Train Acc: 0.47127524
INFO:root:Epoch: 29, Validation loss: 3.2859614, Validation Acc: 0.1796875
INFO:root:Epoch: 30, Train loss: 1.8799497, Train Acc: 0.47569445
INFO:root:Epoch: 30, Validation loss: 3.4012175, Validation Acc: 0.19270833
INFO:root:Epoch: 31, Train loss: 1.8334965, Train Acc: 0.47537878
INFO:root:Epoch: 31, Validation loss: 3.4582841, Validation Acc: 0.16927083
INFO:root:Epoch: 32, Train loss: 1.7971144, Train Acc: 0.49368685
INFO:root:Epoch: 32, Validation loss: 3.3446157, Validation Acc: 0.1875
INFO:root:Epoch: 33, Train loss: 1.7796448, Train Acc: 0.4949495
INFO:root:Epoch: 33, Validation loss: 3.5038528, Validation Acc: 0.1640625
INFO:root:Epoch: 34, Train loss: 1.7232262, Train Acc: 0.50031567
INFO:root:Epoch: 34, Validation loss: 3.4650257, Validation Acc: 0.19270833
INFO:root:Epoch: 35, Train loss: 1.6823393, Train Acc: 0.522096
INFO:root:Epoch: 35, Validation loss: 3.4650116, Validation Acc: 0.1953125
INFO:root:Epoch: 36, Train loss: 1.6486983, Train Acc: 0.5363005
INFO:root:Epoch: 36, Validation loss: 3.3946362, Validation Acc: 0.17447917
INFO:root:Epoch: 37, Train loss: 1.623209, Train Acc: 0.5464015
INFO:root:Epoch: 37, Validation loss: 3.4346778, Validation Acc: 0.17447917
INFO:root:Epoch: 38, Train loss: 1.5834639, Train Acc: 0.54924244
INFO:root:Epoch: 38, Validation loss: 3.407607, Validation Acc: 0.20572917
INFO:root:Epoch: 39, Train loss: 1.5324332, Train Acc: 0.56660354
INFO:root:Epoch: 39, Validation loss: 3.5745106, Validation Acc: 0.20572917
INFO:root:Epoch: 40, Train loss: 1.498755, Train Acc: 0.5741793
INFO:root:Epoch: 40, Validation loss: 3.529681, Validation Acc: 0.1953125
INFO:root:Epoch: 41, Train loss: 1.4778931, Train Acc: 0.5801768
INFO:root:Epoch: 41, Validation loss: 3.690501, Validation Acc: 0.16145833
INFO:root:Epoch: 42, Train loss: 1.4431274, Train Acc: 0.58838385
INFO:root:Epoch: 42, Validation loss: 3.6054366, Validation Acc: 0.1640625
INFO:root:Epoch: 43, Train loss: 1.436944, Train Acc: 0.59311867
INFO:root:Epoch: 43, Validation loss: 3.5998018, Validation Acc: 0.171875
INFO:root:Epoch: 44, Train loss: 1.4178145, Train Acc: 0.59343433
INFO:root:Epoch: 44, Validation loss: 3.7364576, Validation Acc: 0.15625
INFO:root:Epoch: 45, Train loss: 1.3683401, Train Acc: 0.60858583
INFO:root:Epoch: 45, Validation loss: 3.6665642, Validation Acc: 0.16927083
INFO:root:Epoch: 46, Train loss: 1.3250549, Train Acc: 0.615846
INFO:root:Epoch: 46, Validation loss: 3.7135308, Validation Acc: 0.1640625
INFO:root:Epoch: 47, Train loss: 1.2783644, Train Acc: 0.63036615
INFO:root:Epoch: 47, Validation loss: 3.705348, Validation Acc: 0.15625
INFO:root:Epoch: 48, Train loss: 1.2507213, Train Acc: 0.6366793
INFO:root:Epoch: 48, Validation loss: 3.7624738, Validation Acc: 0.20833333
INFO:root:Epoch: 49, Train loss: 1.2235483, Train Acc: 0.64646465
INFO:root:Epoch: 49, Validation loss: 3.887532, Validation Acc: 0.1640625
INFO:root:Epoch: 50, Train loss: 1.2347875, Train Acc: 0.6433081
INFO:root:Epoch: 50, Validation loss: 3.7903411, Validation Acc: 0.15885417
INFO:root:Epoch: 51, Train loss: 1.1902044, Train Acc: 0.6483586
INFO:root:Epoch: 51, Validation loss: 3.7880304, Validation Acc: 0.1640625
INFO:root:Epoch: 52, Train loss: 1.1827966, Train Acc: 0.6540404
INFO:root:Epoch: 52, Validation loss: 3.8315163, Validation Acc: 0.18229167
INFO:root:Epoch: 53, Train loss: 1.1647785, Train Acc: 0.66256315
INFO:root:Epoch: 53, Validation loss: 3.7446108, Validation Acc: 0.2109375
INFO:root:Epoch: 54, Train loss: 1.0948193, Train Acc: 0.68434346
INFO:root:Epoch: 54, Validation loss: 3.837702, Validation Acc: 0.19010417
INFO:root:Epoch: 55, Train loss: 1.0488718, Train Acc: 0.69065654
INFO:root:Epoch: 55, Validation loss: 3.8647099, Validation Acc: 0.20052083
INFO:root:Epoch: 56, Train loss: 1.0573487, Train Acc: 0.68813133
INFO:root:Epoch: 56, Validation loss: 3.9961946, Validation Acc: 0.1796875
INFO:root:Epoch: 57, Train loss: 1.032429, Train Acc: 0.69507575
INFO:root:Epoch: 57, Validation loss: 3.9562986, Validation Acc: 0.20833333
INFO:root:Epoch: 58, Train loss: 1.0284096, Train Acc: 0.6890783
INFO:root:Epoch: 58, Validation loss: 3.8645933, Validation Acc: 0.19010417
INFO:root:Epoch: 59, Train loss: 0.97438604, Train Acc: 0.72127527
INFO:root:Epoch: 59, Validation loss: 4.040213, Validation Acc: 0.16927083
INFO:root:Training from ep 0 to ep 60 finished
INFO:root:Best epoch: 54
