INFO:root:Started
INFO:root:Epoch: 0, Train loss: 14.992574
INFO:root:Epoch: 0, Validation loss: 11.261649
INFO:root:Epoch: 1, Train loss: 9.97913
INFO:root:Epoch: 1, Validation loss: 9.22787
INFO:root:Epoch: 2, Train loss: 8.803385
INFO:root:Epoch: 2, Validation loss: 8.413252
INFO:root:Epoch: 3, Train loss: 8.111825
INFO:root:Epoch: 3, Validation loss: 7.8176594
INFO:root:Epoch: 4, Train loss: 7.7162743
INFO:root:Epoch: 4, Validation loss: 7.550716
INFO:root:Epoch: 5, Train loss: 7.4760394
INFO:root:Epoch: 5, Validation loss: 7.244112
INFO:root:Epoch: 6, Train loss: 7.2818832
INFO:root:Epoch: 6, Validation loss: 7.225604
INFO:root:Epoch: 7, Train loss: 7.1160564
INFO:root:Epoch: 7, Validation loss: 7.0788813
INFO:root:Epoch: 8, Train loss: 7.024303
INFO:root:Epoch: 8, Validation loss: 6.911983
INFO:root:Epoch: 9, Train loss: 6.954927
INFO:root:Epoch: 9, Validation loss: 6.879453
INFO:root:Epoch: 10, Train loss: 6.870085
INFO:root:Epoch: 10, Validation loss: 6.7726693
INFO:root:Epoch: 11, Train loss: 6.7260623
INFO:root:Epoch: 11, Validation loss: 6.670821
INFO:root:Epoch: 12, Train loss: 6.651088
INFO:root:Epoch: 12, Validation loss: 6.4973507
INFO:root:Epoch: 13, Train loss: 6.506409
INFO:root:Epoch: 13, Validation loss: 6.484271
INFO:root:Epoch: 14, Train loss: 6.4320283
INFO:root:Epoch: 14, Validation loss: 6.500975
INFO:root:Epoch: 15, Train loss: 6.362585
INFO:root:Epoch: 15, Validation loss: 6.4558997
INFO:root:Epoch: 16, Train loss: 6.354889
INFO:root:Epoch: 16, Validation loss: 6.354051
INFO:root:Epoch: 17, Train loss: 6.3607965
INFO:root:Epoch: 17, Validation loss: 6.240491
INFO:root:Epoch: 18, Train loss: 6.2909837
INFO:root:Epoch: 18, Validation loss: 6.3401227
INFO:root:Epoch: 19, Train loss: 6.2641287
INFO:root:Epoch: 19, Validation loss: 6.2729645
INFO:root:Epoch: 20, Train loss: 6.249406
INFO:root:Epoch: 20, Validation loss: 6.266649
INFO:root:Epoch: 21, Train loss: 6.251961
INFO:root:Epoch: 21, Validation loss: 6.309332
INFO:root:Epoch: 22, Train loss: 6.2015038
INFO:root:Epoch: 22, Validation loss: 6.2239623
INFO:root:Epoch: 23, Train loss: 6.2000833
INFO:root:Epoch: 23, Validation loss: 6.1374145
INFO:root:Epoch: 24, Train loss: 6.177484
INFO:root:Epoch: 24, Validation loss: 6.1988344
INFO:root:Epoch: 25, Train loss: 6.093943
INFO:root:Epoch: 25, Validation loss: 6.0841084
INFO:root:Epoch: 26, Train loss: 6.0473375
INFO:root:Epoch: 26, Validation loss: 6.1006947
INFO:root:Epoch: 27, Train loss: 6.039532
INFO:root:Epoch: 27, Validation loss: 6.0728173
INFO:root:Epoch: 28, Train loss: 6.0298405
INFO:root:Epoch: 28, Validation loss: 6.1626816
INFO:root:Epoch: 29, Train loss: 5.978214
INFO:root:Epoch: 29, Validation loss: 5.9542613
INFO:root:Epoch: 30, Train loss: 5.9836264
INFO:root:Epoch: 30, Validation loss: 6.0673513
INFO:root:Epoch: 31, Train loss: 5.9354267
INFO:root:Epoch: 31, Validation loss: 6.1511087
INFO:root:Epoch: 32, Train loss: 5.9209843
INFO:root:Epoch: 32, Validation loss: 6.0201497
INFO:root:Epoch: 33, Train loss: 5.9184723
INFO:root:Epoch: 33, Validation loss: 5.9482555
INFO:root:Epoch: 34, Train loss: 5.910226
INFO:root:Epoch: 34, Validation loss: 6.0569377
INFO:root:Epoch: 35, Train loss: 5.8341312
INFO:root:Epoch: 35, Validation loss: 5.9598317
INFO:root:Epoch: 36, Train loss: 5.870917
INFO:root:Epoch: 36, Validation loss: 5.944762
INFO:root:Epoch: 37, Train loss: 5.849207
INFO:root:Epoch: 37, Validation loss: 5.9680915
INFO:root:Epoch: 38, Train loss: 5.848749
INFO:root:Epoch: 38, Validation loss: 5.940613
INFO:root:Epoch: 39, Train loss: 5.81148
INFO:root:Epoch: 39, Validation loss: 5.8512716
INFO:root:Epoch: 40, Train loss: 5.82322
INFO:root:Epoch: 40, Validation loss: 5.9964557
INFO:root:Epoch: 41, Train loss: 5.817466
INFO:root:Epoch: 41, Validation loss: 5.911295
INFO:root:Epoch: 42, Train loss: 5.7677445
INFO:root:Epoch: 42, Validation loss: 5.9014807
INFO:root:Epoch: 43, Train loss: 5.7735662
INFO:root:Epoch: 43, Validation loss: 5.88904
INFO:root:Epoch: 44, Train loss: 5.770554
INFO:root:Epoch: 44, Validation loss: 5.909493
INFO:root:Epoch: 45, Train loss: 5.7280326
INFO:root:Epoch: 45, Validation loss: 5.809388
INFO:root:Epoch: 46, Train loss: 5.747478
INFO:root:Epoch: 46, Validation loss: 5.736513
INFO:root:Epoch: 47, Train loss: 5.684665
INFO:root:Epoch: 47, Validation loss: 5.825031
INFO:root:Epoch: 48, Train loss: 5.7161136
INFO:root:Epoch: 48, Validation loss: 5.901803
INFO:root:Epoch: 49, Train loss: 5.681434
INFO:root:Epoch: 49, Validation loss: 5.8185167
INFO:root:Epoch: 50, Train loss: 5.67804
INFO:root:Epoch: 50, Validation loss: 5.817703
INFO:root:Epoch: 51, Train loss: 5.6673193
INFO:root:Epoch: 51, Validation loss: 5.8587384
INFO:root:Epoch: 52, Train loss: 5.6613126
INFO:root:Epoch: 52, Validation loss: 5.728937
INFO:root:Epoch: 53, Train loss: 5.6251144
INFO:root:Epoch: 53, Validation loss: 5.7227793
INFO:root:Epoch: 54, Train loss: 5.649986
INFO:root:Epoch: 54, Validation loss: 5.9309897
INFO:root:Epoch: 55, Train loss: 5.6216874
INFO:root:Epoch: 55, Validation loss: 5.7947435
INFO:root:Epoch: 56, Train loss: 5.6213336
INFO:root:Epoch: 56, Validation loss: 5.7481403
INFO:root:Epoch: 57, Train loss: 5.615981
INFO:root:Epoch: 57, Validation loss: 5.66659
INFO:root:Epoch: 58, Train loss: 5.611029
INFO:root:Epoch: 58, Validation loss: 5.7440257
INFO:root:Epoch: 59, Train loss: 5.58454
INFO:root:Epoch: 59, Validation loss: 5.6523676
INFO:root:Epoch: 60, Train loss: 5.552873
INFO:root:Epoch: 60, Validation loss: 5.6784368
INFO:root:Epoch: 61, Train loss: 5.562368
INFO:root:Epoch: 61, Validation loss: 5.6399693
INFO:root:Epoch: 62, Train loss: 5.528922
INFO:root:Epoch: 62, Validation loss: 5.7544575
INFO:root:Epoch: 63, Train loss: 5.516974
INFO:root:Epoch: 63, Validation loss: 5.5164914
INFO:root:Epoch: 64, Train loss: 5.531949
INFO:root:Epoch: 64, Validation loss: 5.53536
INFO:root:Epoch: 65, Train loss: 5.4815006
INFO:root:Epoch: 65, Validation loss: 5.679209
INFO:root:Epoch: 66, Train loss: 5.470715
INFO:root:Epoch: 66, Validation loss: 5.521854
INFO:root:Epoch: 67, Train loss: 5.4794188
INFO:root:Epoch: 67, Validation loss: 5.611256
INFO:root:Epoch: 68, Train loss: 5.4676085
INFO:root:Epoch: 68, Validation loss: 5.5168104
INFO:root:Epoch: 69, Train loss: 5.4628925
INFO:root:Epoch: 69, Validation loss: 5.6241913
INFO:root:Epoch: 70, Train loss: 5.4144545
INFO:root:Epoch: 70, Validation loss: 5.543941
INFO:root:Epoch: 71, Train loss: 5.4060297
INFO:root:Epoch: 71, Validation loss: 5.6022625
INFO:root:Epoch: 72, Train loss: 5.406117
INFO:root:Epoch: 72, Validation loss: 5.610033
INFO:root:Epoch: 73, Train loss: 5.447121
INFO:root:Epoch: 73, Validation loss: 5.6072397
INFO:root:Epoch: 74, Train loss: 5.407945
INFO:root:Epoch: 74, Validation loss: 5.5347443
INFO:root:Epoch: 75, Train loss: 5.359365
INFO:root:Epoch: 75, Validation loss: 5.6222105
INFO:root:Epoch: 76, Train loss: 5.3953557
INFO:root:Epoch: 76, Validation loss: 5.562414
INFO:root:Epoch: 77, Train loss: 5.3782353
INFO:root:Epoch: 77, Validation loss: 5.5244193
INFO:root:Epoch: 78, Train loss: 5.3563924
INFO:root:Epoch: 78, Validation loss: 5.4787297
INFO:root:Epoch: 79, Train loss: 5.326755
INFO:root:Epoch: 79, Validation loss: 5.407085
INFO:root:Epoch: 80, Train loss: 5.3400936
INFO:root:Epoch: 80, Validation loss: 5.645885
INFO:root:Epoch: 81, Train loss: 5.3328996
INFO:root:Epoch: 81, Validation loss: 5.459961
INFO:root:Epoch: 82, Train loss: 5.3245993
INFO:root:Epoch: 82, Validation loss: 5.503824
INFO:root:Epoch: 83, Train loss: 5.312853
INFO:root:Epoch: 83, Validation loss: 5.4259086
INFO:root:Epoch: 84, Train loss: 5.2914467
INFO:root:Epoch: 84, Validation loss: 5.5072355
INFO:root:Epoch: 85, Train loss: 5.2921047
INFO:root:Epoch: 85, Validation loss: 5.4267626
INFO:root:Epoch: 86, Train loss: 5.2821355
INFO:root:Epoch: 86, Validation loss: 5.419731
INFO:root:Epoch: 87, Train loss: 5.273389
INFO:root:Epoch: 87, Validation loss: 5.450919
INFO:root:Epoch: 88, Train loss: 5.2640333
INFO:root:Epoch: 88, Validation loss: 5.3624682
INFO:root:Epoch: 89, Train loss: 5.3047996
INFO:root:Epoch: 89, Validation loss: 5.377522
INFO:root:Epoch: 90, Train loss: 5.2237864
INFO:root:Epoch: 90, Validation loss: 5.368606
INFO:root:Epoch: 91, Train loss: 5.2428446
INFO:root:Epoch: 91, Validation loss: 5.3986607
INFO:root:Epoch: 92, Train loss: 5.2414203
INFO:root:Epoch: 92, Validation loss: 5.433655
INFO:root:Epoch: 93, Train loss: 5.240409
INFO:root:Epoch: 93, Validation loss: 5.4375815
INFO:root:Epoch: 94, Train loss: 5.2116637
INFO:root:Epoch: 94, Validation loss: 5.38366
INFO:root:Epoch: 95, Train loss: 5.2075586
INFO:root:Epoch: 95, Validation loss: 5.45612
INFO:root:Epoch: 96, Train loss: 5.2167535
INFO:root:Epoch: 96, Validation loss: 5.422407
INFO:root:Epoch: 97, Train loss: 5.187191
INFO:root:Epoch: 97, Validation loss: 5.327917
INFO:root:Epoch: 98, Train loss: 5.2327414
INFO:root:Epoch: 98, Validation loss: 5.3434014
INFO:root:Epoch: 99, Train loss: 5.1781435
INFO:root:Epoch: 99, Validation loss: 5.56975
INFO:root:Training from ep 0 to ep 100 finished
INFO:root:Best epoch: 98
