INFO:root:Started
INFO:root:Epoch: 0, Train loss: 3.705796, Train Acc: 0.05587121
INFO:root:Epoch: 0, Validation loss: 3.9920568, Validation Acc: 0.033854168
INFO:root:Epoch: 1, Train loss: 3.4219656, Train Acc: 0.102588385
INFO:root:Epoch: 1, Validation loss: 3.6160288, Validation Acc: 0.088541664
INFO:root:Epoch: 2, Train loss: 3.2509232, Train Acc: 0.14141414
INFO:root:Epoch: 2, Validation loss: 3.5398014, Validation Acc: 0.091145836
INFO:root:Epoch: 3, Train loss: 3.1585844, Train Acc: 0.16603535
INFO:root:Epoch: 3, Validation loss: 3.522547, Validation Acc: 0.1171875
INFO:root:Epoch: 4, Train loss: 3.0380259, Train Acc: 0.197601
INFO:root:Epoch: 4, Validation loss: 3.4856825, Validation Acc: 0.1171875
INFO:root:Epoch: 5, Train loss: 2.9165535, Train Acc: 0.21748738
INFO:root:Epoch: 5, Validation loss: 3.5390317, Validation Acc: 0.125
INFO:root:Epoch: 6, Train loss: 2.8145971, Train Acc: 0.24936868
INFO:root:Epoch: 6, Validation loss: 3.4323628, Validation Acc: 0.111979164
INFO:root:Epoch: 7, Train loss: 2.7020884, Train Acc: 0.27525252
INFO:root:Epoch: 7, Validation loss: 3.6905568, Validation Acc: 0.083333336
INFO:root:Epoch: 8, Train loss: 2.58867, Train Acc: 0.3001894
INFO:root:Epoch: 8, Validation loss: 3.4543817, Validation Acc: 0.109375
INFO:root:Epoch: 9, Train loss: 2.4393158, Train Acc: 0.33964646
INFO:root:Epoch: 9, Validation loss: 3.6623561, Validation Acc: 0.119791664
INFO:root:Epoch: 10, Train loss: 2.35846, Train Acc: 0.36205807
INFO:root:Epoch: 10, Validation loss: 3.544247, Validation Acc: 0.098958336
INFO:root:Epoch: 11, Train loss: 2.2706437, Train Acc: 0.38825756
INFO:root:Epoch: 11, Validation loss: 3.5758097, Validation Acc: 0.13541667
INFO:root:Epoch: 12, Train loss: 2.1958306, Train Acc: 0.4056187
INFO:root:Epoch: 12, Validation loss: 3.6267564, Validation Acc: 0.106770836
INFO:root:Epoch: 13, Train loss: 2.0705626, Train Acc: 0.43560606
INFO:root:Epoch: 13, Validation loss: 3.5455685, Validation Acc: 0.14583333
INFO:root:Epoch: 14, Train loss: 2.0436745, Train Acc: 0.44286618
INFO:root:Epoch: 14, Validation loss: 3.6539612, Validation Acc: 0.14583333
INFO:root:Epoch: 15, Train loss: 1.9180652, Train Acc: 0.47064394
INFO:root:Epoch: 15, Validation loss: 3.6413076, Validation Acc: 0.13541667
INFO:root:Epoch: 16, Train loss: 1.8243502, Train Acc: 0.49905303
INFO:root:Epoch: 16, Validation loss: 3.7927864, Validation Acc: 0.14322917
INFO:root:Epoch: 17, Train loss: 1.7723203, Train Acc: 0.5078914
INFO:root:Epoch: 17, Validation loss: 3.7997916, Validation Acc: 0.13020833
INFO:root:Epoch: 18, Train loss: 1.6863203, Train Acc: 0.53061867
INFO:root:Epoch: 18, Validation loss: 3.840596, Validation Acc: 0.1328125
INFO:root:Epoch: 19, Train loss: 1.678577, Train Acc: 0.53440654
INFO:root:Epoch: 19, Validation loss: 3.7421074, Validation Acc: 0.1328125
INFO:root:Epoch: 20, Train loss: 1.5434574, Train Acc: 0.56881315
INFO:root:Epoch: 20, Validation loss: 3.7489583, Validation Acc: 0.1640625
INFO:root:Epoch: 21, Train loss: 1.4854999, Train Acc: 0.58617425
INFO:root:Epoch: 21, Validation loss: 3.6928005, Validation Acc: 0.17708333
INFO:root:Epoch: 22, Train loss: 1.4011953, Train Acc: 0.60448235
INFO:root:Epoch: 22, Validation loss: 3.9273918, Validation Acc: 0.14583333
INFO:root:Epoch: 23, Train loss: 1.3422568, Train Acc: 0.6265783
INFO:root:Epoch: 23, Validation loss: 4.1357474, Validation Acc: 0.13020833
INFO:root:Epoch: 24, Train loss: 1.2914677, Train Acc: 0.6297349
INFO:root:Epoch: 24, Validation loss: 4.152785, Validation Acc: 0.125
INFO:root:Epoch: 25, Train loss: 1.2454671, Train Acc: 0.6489899
INFO:root:Epoch: 25, Validation loss: 4.1816907, Validation Acc: 0.122395836
INFO:root:Epoch: 26, Train loss: 1.2020028, Train Acc: 0.655303
INFO:root:Epoch: 26, Validation loss: 3.9679615, Validation Acc: 0.15364583
INFO:root:Epoch: 27, Train loss: 1.1336969, Train Acc: 0.6792929
INFO:root:Epoch: 27, Validation loss: 4.18712, Validation Acc: 0.17708333
INFO:root:Epoch: 28, Train loss: 1.1073649, Train Acc: 0.6852904
INFO:root:Epoch: 28, Validation loss: 4.099397, Validation Acc: 0.16145833
INFO:root:Epoch: 29, Train loss: 1.0555503, Train Acc: 0.69949496
INFO:root:Epoch: 29, Validation loss: 4.1414104, Validation Acc: 0.16666667
INFO:root:Epoch: 30, Train loss: 1.0040698, Train Acc: 0.7140151
INFO:root:Epoch: 30, Validation loss: 4.0643983, Validation Acc: 0.16145833
INFO:root:Epoch: 31, Train loss: 0.941473, Train Acc: 0.72853535
INFO:root:Epoch: 31, Validation loss: 4.2234077, Validation Acc: 0.16666667
INFO:root:Epoch: 32, Train loss: 0.9011526, Train Acc: 0.74021465
INFO:root:Epoch: 32, Validation loss: 4.1646943, Validation Acc: 0.15625
INFO:root:Epoch: 33, Train loss: 0.85159874, Train Acc: 0.7534722
INFO:root:Epoch: 33, Validation loss: 4.2181363, Validation Acc: 0.15104167
INFO:root:Epoch: 34, Train loss: 0.84686935, Train Acc: 0.7433712
INFO:root:Epoch: 34, Validation loss: 4.353955, Validation Acc: 0.140625
INFO:root:Epoch: 35, Train loss: 0.82451785, Train Acc: 0.77493685
INFO:root:Epoch: 35, Validation loss: 4.1790986, Validation Acc: 0.19010417
INFO:root:Epoch: 36, Train loss: 0.7313524, Train Acc: 0.7878788
INFO:root:Epoch: 36, Validation loss: 4.4129944, Validation Acc: 0.15364583
INFO:root:Epoch: 37, Train loss: 0.74385655, Train Acc: 0.7891414
INFO:root:Epoch: 37, Validation loss: 4.436932, Validation Acc: 0.15104167
INFO:root:Epoch: 38, Train loss: 0.7006877, Train Acc: 0.7995581
INFO:root:Epoch: 38, Validation loss: 4.473877, Validation Acc: 0.1640625
INFO:root:Epoch: 39, Train loss: 0.6982959, Train Acc: 0.7979798
INFO:root:Epoch: 39, Validation loss: 4.441507, Validation Acc: 0.1796875
INFO:root:Epoch: 40, Train loss: 0.6095829, Train Acc: 0.8229167
INFO:root:Epoch: 40, Validation loss: 4.655405, Validation Acc: 0.15104167
INFO:root:Epoch: 41, Train loss: 0.62960666, Train Acc: 0.81534094
INFO:root:Epoch: 41, Validation loss: 4.840334, Validation Acc: 0.14322917
INFO:root:Epoch: 42, Train loss: 0.64045817, Train Acc: 0.8140783
INFO:root:Epoch: 42, Validation loss: 4.563823, Validation Acc: 0.16145833
INFO:root:Epoch: 43, Train loss: 0.6089793, Train Acc: 0.8276515
INFO:root:Epoch: 43, Validation loss: 4.5244317, Validation Acc: 0.1640625
INFO:root:Epoch: 44, Train loss: 0.5841506, Train Acc: 0.8371212
INFO:root:Epoch: 44, Validation loss: 4.609327, Validation Acc: 0.16666667
INFO:root:Epoch: 45, Train loss: 0.5498682, Train Acc: 0.84122473
INFO:root:Epoch: 45, Validation loss: 4.622351, Validation Acc: 0.171875
INFO:root:Epoch: 46, Train loss: 0.5438786, Train Acc: 0.84564394
INFO:root:Epoch: 46, Validation loss: 4.6787486, Validation Acc: 0.16927083
INFO:root:Epoch: 47, Train loss: 0.48881048, Train Acc: 0.8506944
INFO:root:Epoch: 47, Validation loss: 4.779314, Validation Acc: 0.15625
INFO:root:Epoch: 48, Train loss: 0.4904248, Train Acc: 0.85795456
INFO:root:Epoch: 48, Validation loss: 4.7186737, Validation Acc: 0.1640625
INFO:root:Epoch: 49, Train loss: 0.4505101, Train Acc: 0.8699495
INFO:root:Epoch: 49, Validation loss: 4.8469706, Validation Acc: 0.17708333
INFO:root:Epoch: 50, Train loss: 0.4615093, Train Acc: 0.86868685
INFO:root:Epoch: 50, Validation loss: 4.800776, Validation Acc: 0.1796875
INFO:root:Epoch: 51, Train loss: 0.4231988, Train Acc: 0.88257575
INFO:root:Epoch: 51, Validation loss: 4.6900277, Validation Acc: 0.15885417
INFO:root:Epoch: 52, Train loss: 0.4586474, Train Acc: 0.86742425
INFO:root:Epoch: 52, Validation loss: 4.7318254, Validation Acc: 0.171875
INFO:root:Epoch: 53, Train loss: 0.43972147, Train Acc: 0.874053
INFO:root:Epoch: 53, Validation loss: 4.7167883, Validation Acc: 0.171875
INFO:root:Epoch: 54, Train loss: 0.43161058, Train Acc: 0.88036615
INFO:root:Epoch: 54, Validation loss: 4.4944425, Validation Acc: 0.171875
INFO:root:Epoch: 55, Train loss: 0.39534983, Train Acc: 0.8888889
INFO:root:Epoch: 55, Validation loss: 4.629766, Validation Acc: 0.1640625
INFO:root:Epoch: 56, Train loss: 0.4095964, Train Acc: 0.87184346
INFO:root:Epoch: 56, Validation loss: 4.780147, Validation Acc: 0.171875
INFO:root:Epoch: 57, Train loss: 0.39681152, Train Acc: 0.8876263
INFO:root:Epoch: 57, Validation loss: 4.939671, Validation Acc: 0.15625
INFO:root:Epoch: 58, Train loss: 0.3733451, Train Acc: 0.8917298
INFO:root:Epoch: 58, Validation loss: 4.9498987, Validation Acc: 0.1640625
INFO:root:Epoch: 59, Train loss: 0.36472923, Train Acc: 0.89551765
INFO:root:Epoch: 59, Validation loss: 5.0465336, Validation Acc: 0.1484375
INFO:root:Training from ep 0 to ep 60 finished
INFO:root:Best epoch: 36
