INFO:root:Started
INFO:root:Epoch: 0, Train loss: 0.042498264
INFO:root:Epoch: 0, Validation loss: 0.009413386
INFO:root:Epoch: 1, Train loss: 0.0031825714
INFO:root:Epoch: 1, Validation loss: 0.0012323117
INFO:root:Epoch: 2, Train loss: 0.0005792654
INFO:root:Epoch: 2, Validation loss: 0.00042291605
INFO:root:Epoch: 3, Train loss: 0.00029919232
INFO:root:Epoch: 3, Validation loss: 0.00029145443
INFO:root:Epoch: 4, Train loss: 0.00022801763
INFO:root:Epoch: 4, Validation loss: 0.00020705278
INFO:root:Epoch: 5, Train loss: 0.00016906603
INFO:root:Epoch: 5, Validation loss: 0.00015384133
INFO:root:Epoch: 6, Train loss: 0.00013312438
INFO:root:Epoch: 6, Validation loss: 0.00015262807
INFO:root:Epoch: 7, Train loss: 0.00012016558
INFO:root:Epoch: 7, Validation loss: 0.00011503629
INFO:root:Epoch: 8, Train loss: 0.00010027507
INFO:root:Epoch: 8, Validation loss: 8.205725e-05
INFO:root:Epoch: 9, Train loss: 8.532855e-05
INFO:root:Epoch: 9, Validation loss: 7.818403e-05
INFO:root:Epoch: 10, Train loss: 7.44472e-05
INFO:root:Epoch: 10, Validation loss: 6.484402e-05
INFO:root:Epoch: 11, Train loss: 6.79106e-05
INFO:root:Epoch: 11, Validation loss: 5.5130775e-05
INFO:root:Epoch: 12, Train loss: 5.8676855e-05
INFO:root:Epoch: 12, Validation loss: 5.2907755e-05
INFO:root:Epoch: 13, Train loss: 5.1403298e-05
INFO:root:Epoch: 13, Validation loss: 5.99449e-05
INFO:root:Epoch: 14, Train loss: 4.5393834e-05
INFO:root:Epoch: 14, Validation loss: 4.4911383e-05
INFO:root:Epoch: 15, Train loss: 4.3258635e-05
INFO:root:Epoch: 15, Validation loss: 4.2010575e-05
INFO:root:Epoch: 16, Train loss: 3.5862606e-05
INFO:root:Epoch: 16, Validation loss: 4.0598898e-05
INFO:root:Epoch: 17, Train loss: 3.4859553e-05
INFO:root:Epoch: 17, Validation loss: 3.8754213e-05
INFO:root:Epoch: 18, Train loss: 2.980946e-05
INFO:root:Epoch: 18, Validation loss: 3.135063e-05
INFO:root:Epoch: 19, Train loss: 2.9575e-05
INFO:root:Epoch: 19, Validation loss: 4.23813e-05
INFO:root:Epoch: 20, Train loss: 2.5204417e-05
INFO:root:Epoch: 20, Validation loss: 2.4949075e-05
INFO:root:Epoch: 21, Train loss: 2.368745e-05
INFO:root:Epoch: 21, Validation loss: 2.437115e-05
INFO:root:Epoch: 22, Train loss: 2.1612592e-05
INFO:root:Epoch: 22, Validation loss: 1.9947736e-05
INFO:root:Epoch: 23, Train loss: 2.056014e-05
INFO:root:Epoch: 23, Validation loss: 2.2019804e-05
INFO:root:Epoch: 24, Train loss: 1.9829118e-05
INFO:root:Epoch: 24, Validation loss: 1.7993701e-05
INFO:root:Epoch: 25, Train loss: 1.8273156e-05
INFO:root:Epoch: 25, Validation loss: 1.8374129e-05
INFO:root:Epoch: 26, Train loss: 1.6782491e-05
INFO:root:Epoch: 26, Validation loss: 1.7744662e-05
INFO:root:Epoch: 27, Train loss: 1.6676653e-05
INFO:root:Epoch: 27, Validation loss: 1.5526193e-05
INFO:root:Epoch: 28, Train loss: 1.5440608e-05
INFO:root:Epoch: 28, Validation loss: 1.4788137e-05
INFO:root:Epoch: 29, Train loss: 1.4940955e-05
INFO:root:Epoch: 29, Validation loss: 1.4228622e-05
INFO:root:Epoch: 30, Train loss: 1.4042337e-05
INFO:root:Epoch: 30, Validation loss: 1.3763681e-05
INFO:root:Epoch: 31, Train loss: 1.3561206e-05
INFO:root:Epoch: 31, Validation loss: 1.3813299e-05
INFO:root:Epoch: 32, Train loss: 1.2933961e-05
INFO:root:Epoch: 32, Validation loss: 1.2858974e-05
INFO:root:Epoch: 33, Train loss: 1.2726732e-05
INFO:root:Epoch: 33, Validation loss: 1.3229345e-05
INFO:root:Epoch: 34, Train loss: 1.261292e-05
INFO:root:Epoch: 34, Validation loss: 1.2653135e-05
INFO:root:Epoch: 35, Train loss: 1.2266288e-05
INFO:root:Epoch: 35, Validation loss: 1.4079462e-05
INFO:root:Epoch: 36, Train loss: 1.1437854e-05
INFO:root:Epoch: 36, Validation loss: 1.1257296e-05
INFO:root:Epoch: 37, Train loss: 1.1240917e-05
INFO:root:Epoch: 37, Validation loss: 1.2031829e-05
INFO:root:Epoch: 38, Train loss: 1.0686456e-05
INFO:root:Epoch: 38, Validation loss: 1.1693354e-05
INFO:root:Epoch: 39, Train loss: 1.0652369e-05
INFO:root:Epoch: 39, Validation loss: 1.1317884e-05
INFO:root:Epoch: 40, Train loss: 1.01572905e-05
INFO:root:Epoch: 40, Validation loss: 1.0708933e-05
INFO:root:Epoch: 41, Train loss: 1.0256649e-05
INFO:root:Epoch: 41, Validation loss: 9.345728e-06
INFO:root:Epoch: 42, Train loss: 9.928747e-06
INFO:root:Epoch: 42, Validation loss: 9.148228e-06
INFO:root:Epoch: 43, Train loss: 9.17901e-06
INFO:root:Epoch: 43, Validation loss: 1.0008768e-05
INFO:root:Epoch: 44, Train loss: 9.110474e-06
INFO:root:Epoch: 44, Validation loss: 9.575716e-06
INFO:root:Epoch: 45, Train loss: 9.283613e-06
INFO:root:Epoch: 45, Validation loss: 8.634267e-06
INFO:root:Epoch: 46, Train loss: 8.841336e-06
INFO:root:Epoch: 46, Validation loss: 9.592451e-06
INFO:root:Epoch: 47, Train loss: 8.374007e-06
INFO:root:Epoch: 47, Validation loss: 9.947634e-06
INFO:root:Epoch: 48, Train loss: 8.276701e-06
INFO:root:Epoch: 48, Validation loss: 8.606837e-06
INFO:root:Epoch: 49, Train loss: 8.195378e-06
INFO:root:Epoch: 49, Validation loss: 7.988673e-06
INFO:root:Epoch: 50, Train loss: 8.381782e-06
INFO:root:Epoch: 50, Validation loss: 8.811272e-06
INFO:root:Epoch: 51, Train loss: 8.1930875e-06
INFO:root:Epoch: 51, Validation loss: 8.763341e-06
INFO:root:Epoch: 52, Train loss: 7.830556e-06
INFO:root:Epoch: 52, Validation loss: 8.125103e-06
INFO:root:Epoch: 53, Train loss: 7.853988e-06
INFO:root:Epoch: 53, Validation loss: 9.249101e-06
INFO:root:Epoch: 54, Train loss: 7.724502e-06
INFO:root:Epoch: 54, Validation loss: 7.5590674e-06
INFO:root:Epoch: 55, Train loss: 7.469707e-06
INFO:root:Epoch: 55, Validation loss: 8.359387e-06
INFO:root:Epoch: 56, Train loss: 7.295699e-06
INFO:root:Epoch: 56, Validation loss: 7.659286e-06
INFO:root:Epoch: 57, Train loss: 7.30965e-06
INFO:root:Epoch: 57, Validation loss: 8.431542e-06
INFO:root:Epoch: 58, Train loss: 7.3599936e-06
INFO:root:Epoch: 58, Validation loss: 7.513119e-06
INFO:root:Epoch: 59, Train loss: 6.7771707e-06
INFO:root:Epoch: 59, Validation loss: 7.98676e-06
INFO:root:Epoch: 60, Train loss: 6.7730098e-06
INFO:root:Epoch: 60, Validation loss: 8.058719e-06
INFO:root:Epoch: 61, Train loss: 6.586962e-06
INFO:root:Epoch: 61, Validation loss: 8.653616e-06
INFO:root:Epoch: 62, Train loss: 6.725215e-06
INFO:root:Epoch: 62, Validation loss: 8.749727e-06
INFO:root:Epoch: 63, Train loss: 6.7021247e-06
INFO:root:Epoch: 63, Validation loss: 7.028246e-06
INFO:root:Epoch: 64, Train loss: 6.65764e-06
INFO:root:Epoch: 64, Validation loss: 7.1609575e-06
INFO:root:Epoch: 65, Train loss: 6.277674e-06
INFO:root:Epoch: 65, Validation loss: 6.9273956e-06
INFO:root:Epoch: 66, Train loss: 6.2734675e-06
INFO:root:Epoch: 66, Validation loss: 6.8254326e-06
INFO:root:Epoch: 67, Train loss: 6.3047837e-06
INFO:root:Epoch: 67, Validation loss: 6.9538223e-06
INFO:root:Epoch: 68, Train loss: 6.2226804e-06
INFO:root:Epoch: 68, Validation loss: 7.4301274e-06
INFO:root:Epoch: 69, Train loss: 5.5760493e-06
INFO:root:Epoch: 69, Validation loss: 6.843095e-06
INFO:root:Epoch: 70, Train loss: 5.9222693e-06
INFO:root:Epoch: 70, Validation loss: 7.2248167e-06
INFO:root:Epoch: 71, Train loss: 5.562179e-06
INFO:root:Epoch: 71, Validation loss: 6.255544e-06
INFO:root:Epoch: 72, Train loss: 5.6028302e-06
INFO:root:Epoch: 72, Validation loss: 7.5958906e-06
INFO:root:Epoch: 73, Train loss: 5.859722e-06
INFO:root:Epoch: 73, Validation loss: 7.697064e-06
INFO:root:Epoch: 74, Train loss: 5.452084e-06
INFO:root:Epoch: 74, Validation loss: 7.501851e-06
INFO:root:Epoch: 75, Train loss: 5.5035566e-06
INFO:root:Epoch: 75, Validation loss: 8.019925e-06
INFO:root:Epoch: 76, Train loss: 5.9237404e-06
INFO:root:Epoch: 76, Validation loss: 7.780381e-06
INFO:root:Epoch: 77, Train loss: 5.279611e-06
INFO:root:Epoch: 77, Validation loss: 7.02873e-06
INFO:root:Epoch: 78, Train loss: 4.797941e-06
INFO:root:Epoch: 78, Validation loss: 7.2472085e-06
INFO:root:Epoch: 79, Train loss: 5.377935e-06
INFO:root:Epoch: 79, Validation loss: 7.673935e-06
INFO:root:Epoch: 80, Train loss: 5.1857596e-06
INFO:root:Epoch: 80, Validation loss: 7.1539876e-06
INFO:root:Epoch: 81, Train loss: 4.7017375e-06
INFO:root:Epoch: 81, Validation loss: 6.227982e-06
INFO:root:Epoch: 82, Train loss: 4.6712516e-06
INFO:root:Epoch: 82, Validation loss: 6.710812e-06
INFO:root:Epoch: 83, Train loss: 4.9094915e-06
INFO:root:Epoch: 83, Validation loss: 6.850881e-06
INFO:root:Epoch: 84, Train loss: 4.7058475e-06
INFO:root:Epoch: 84, Validation loss: 6.510301e-06
INFO:root:Epoch: 85, Train loss: 4.9717514e-06
INFO:root:Epoch: 85, Validation loss: 8.579069e-06
INFO:root:Epoch: 86, Train loss: 4.638099e-06
INFO:root:Epoch: 86, Validation loss: 9.628128e-06
INFO:root:Epoch: 87, Train loss: 4.4129915e-06
INFO:root:Epoch: 87, Validation loss: 6.660948e-06
INFO:root:Epoch: 88, Train loss: 4.464995e-06
INFO:root:Epoch: 88, Validation loss: 6.0187417e-06
INFO:root:Epoch: 89, Train loss: 4.2615e-06
INFO:root:Epoch: 89, Validation loss: 7.107914e-06
INFO:root:Epoch: 90, Train loss: 5.197681e-06
INFO:root:Epoch: 90, Validation loss: 9.943121e-06
INFO:root:Epoch: 91, Train loss: 4.635534e-06
INFO:root:Epoch: 91, Validation loss: 6.4413366e-06
INFO:root:Epoch: 92, Train loss: 3.7494456e-06
INFO:root:Epoch: 92, Validation loss: 6.321871e-06
INFO:root:Epoch: 93, Train loss: 5.0383273e-06
INFO:root:Epoch: 93, Validation loss: 5.9586764e-06
INFO:root:Epoch: 94, Train loss: 4.090171e-06
INFO:root:Epoch: 94, Validation loss: 6.083057e-06
INFO:root:Epoch: 95, Train loss: 3.9384913e-06
INFO:root:Epoch: 95, Validation loss: 7.661248e-06
INFO:root:Epoch: 96, Train loss: 4.0212e-06
INFO:root:Epoch: 96, Validation loss: 1.0057423e-05
INFO:root:Epoch: 97, Train loss: 4.4597346e-06
INFO:root:Epoch: 97, Validation loss: 7.992581e-06
INFO:root:Epoch: 98, Train loss: 4.08584e-06
INFO:root:Epoch: 98, Validation loss: 1.020137e-05
INFO:root:Epoch: 99, Train loss: 3.846855e-06
INFO:root:Epoch: 99, Validation loss: 6.9003268e-06
INFO:root:Training from ep 0 to ep 100 finished
INFO:root:Best epoch: 94
