INFO:root:Started
INFO:root:Epoch: 0, Train loss: 6.128805
INFO:root:Epoch: 0, Validation loss: 3.4614496
INFO:root:Epoch: 1, Train loss: 2.758405
INFO:root:Epoch: 1, Validation loss: 2.6604538
INFO:root:Epoch: 2, Train loss: 2.3367639
INFO:root:Epoch: 2, Validation loss: 2.3902361
INFO:root:Epoch: 3, Train loss: 2.1728992
INFO:root:Epoch: 3, Validation loss: 2.2317789
INFO:root:Epoch: 4, Train loss: 2.073798
INFO:root:Epoch: 4, Validation loss: 2.1700308
INFO:root:Epoch: 5, Train loss: 2.0159853
INFO:root:Epoch: 5, Validation loss: 2.1483715
INFO:root:Epoch: 6, Train loss: 1.9572635
INFO:root:Epoch: 6, Validation loss: 2.0816548
INFO:root:Epoch: 7, Train loss: 1.9293737
INFO:root:Epoch: 7, Validation loss: 2.0269704
INFO:root:Epoch: 8, Train loss: 1.9025465
INFO:root:Epoch: 8, Validation loss: 2.0195107
INFO:root:Epoch: 9, Train loss: 1.8847106
INFO:root:Epoch: 9, Validation loss: 1.9647018
INFO:root:Epoch: 10, Train loss: 1.8686672
INFO:root:Epoch: 10, Validation loss: 1.9957448
INFO:root:Epoch: 11, Train loss: 1.8610753
INFO:root:Epoch: 11, Validation loss: 1.9556245
INFO:root:Epoch: 12, Train loss: 1.8492956
INFO:root:Epoch: 12, Validation loss: 1.9024549
INFO:root:Epoch: 13, Train loss: 1.8306748
INFO:root:Epoch: 13, Validation loss: 1.9324309
INFO:root:Epoch: 14, Train loss: 1.8265978
INFO:root:Epoch: 14, Validation loss: 1.942351
INFO:root:Epoch: 15, Train loss: 1.8290505
INFO:root:Epoch: 15, Validation loss: 1.917041
INFO:root:Epoch: 16, Train loss: 1.8065912
INFO:root:Epoch: 16, Validation loss: 1.8511214
INFO:root:Epoch: 17, Train loss: 1.8007343
INFO:root:Epoch: 17, Validation loss: 1.8925618
INFO:root:Epoch: 18, Train loss: 1.7911434
INFO:root:Epoch: 18, Validation loss: 1.9001335
INFO:root:Epoch: 19, Train loss: 1.7966466
INFO:root:Epoch: 19, Validation loss: 1.9003093
INFO:root:Epoch: 20, Train loss: 1.7901989
INFO:root:Epoch: 20, Validation loss: 1.8695941
INFO:root:Epoch: 21, Train loss: 1.781929
INFO:root:Epoch: 21, Validation loss: 1.8404514
INFO:root:Epoch: 22, Train loss: 1.7748731
INFO:root:Epoch: 22, Validation loss: 1.9105546
INFO:root:Epoch: 23, Train loss: 1.7772927
INFO:root:Epoch: 23, Validation loss: 1.8286822
INFO:root:Epoch: 24, Train loss: 1.7725579
INFO:root:Epoch: 24, Validation loss: 1.8566883
INFO:root:Epoch: 25, Train loss: 1.7569548
INFO:root:Epoch: 25, Validation loss: 1.8354279
INFO:root:Epoch: 26, Train loss: 1.7558419
INFO:root:Epoch: 26, Validation loss: 1.8415679
INFO:root:Epoch: 27, Train loss: 1.7549454
INFO:root:Epoch: 27, Validation loss: 1.8382313
INFO:root:Epoch: 28, Train loss: 1.7540126
INFO:root:Epoch: 28, Validation loss: 1.8317413
INFO:root:Epoch: 29, Train loss: 1.7373874
INFO:root:Epoch: 29, Validation loss: 1.8030106
INFO:root:Epoch: 30, Train loss: 1.7379595
INFO:root:Epoch: 30, Validation loss: 1.8259336
INFO:root:Epoch: 31, Train loss: 1.7514572
INFO:root:Epoch: 31, Validation loss: 1.8482147
INFO:root:Epoch: 32, Train loss: 1.7380924
INFO:root:Epoch: 32, Validation loss: 1.8096116
INFO:root:Epoch: 33, Train loss: 1.7376243
INFO:root:Epoch: 33, Validation loss: 1.862307
INFO:root:Epoch: 34, Train loss: 1.7224202
INFO:root:Epoch: 34, Validation loss: 1.798541
INFO:root:Epoch: 35, Train loss: 1.7216562
INFO:root:Epoch: 35, Validation loss: 1.8143628
INFO:root:Epoch: 36, Train loss: 1.7188519
INFO:root:Epoch: 36, Validation loss: 1.805313
INFO:root:Epoch: 37, Train loss: 1.7042084
INFO:root:Epoch: 37, Validation loss: 1.7902921
INFO:root:Epoch: 38, Train loss: 1.711604
INFO:root:Epoch: 38, Validation loss: 1.8171246
INFO:root:Epoch: 39, Train loss: 1.7105718
INFO:root:Epoch: 39, Validation loss: 1.7925416
INFO:root:Epoch: 40, Train loss: 1.6994302
INFO:root:Epoch: 40, Validation loss: 1.7955626
INFO:root:Epoch: 41, Train loss: 1.6984938
INFO:root:Epoch: 41, Validation loss: 1.8245744
INFO:root:Epoch: 42, Train loss: 1.689141
INFO:root:Epoch: 42, Validation loss: 1.7578111
INFO:root:Epoch: 43, Train loss: 1.6993761
INFO:root:Epoch: 43, Validation loss: 1.803522
INFO:root:Epoch: 44, Train loss: 1.6945612
INFO:root:Epoch: 44, Validation loss: 1.8318439
INFO:root:Epoch: 45, Train loss: 1.6819884
INFO:root:Epoch: 45, Validation loss: 1.7382475
INFO:root:Epoch: 46, Train loss: 1.6892581
INFO:root:Epoch: 46, Validation loss: 1.7363416
INFO:root:Epoch: 47, Train loss: 1.694604
INFO:root:Epoch: 47, Validation loss: 1.8075657
INFO:root:Epoch: 48, Train loss: 1.68849
INFO:root:Epoch: 48, Validation loss: 1.7647456
INFO:root:Epoch: 49, Train loss: 1.6658479
INFO:root:Epoch: 49, Validation loss: 1.8036188
INFO:root:Epoch: 50, Train loss: 1.6722277
INFO:root:Epoch: 50, Validation loss: 1.7335843
INFO:root:Epoch: 51, Train loss: 1.6743766
INFO:root:Epoch: 51, Validation loss: 1.738301
INFO:root:Epoch: 52, Train loss: 1.65819
INFO:root:Epoch: 52, Validation loss: 1.7962823
INFO:root:Epoch: 53, Train loss: 1.6670791
INFO:root:Epoch: 53, Validation loss: 1.8009665
INFO:root:Epoch: 54, Train loss: 1.6588405
INFO:root:Epoch: 54, Validation loss: 1.7634584
INFO:root:Epoch: 55, Train loss: 1.6604422
INFO:root:Epoch: 55, Validation loss: 1.8105582
INFO:root:Epoch: 56, Train loss: 1.6733708
INFO:root:Epoch: 56, Validation loss: 1.8338249
INFO:root:Epoch: 57, Train loss: 1.6503078
INFO:root:Epoch: 57, Validation loss: 1.8352958
INFO:root:Epoch: 58, Train loss: 1.6561214
INFO:root:Epoch: 58, Validation loss: 1.7720029
INFO:root:Epoch: 59, Train loss: 1.645633
INFO:root:Epoch: 59, Validation loss: 1.7649274
INFO:root:Epoch: 60, Train loss: 1.6513209
INFO:root:Epoch: 60, Validation loss: 1.7169011
INFO:root:Epoch: 61, Train loss: 1.64501
INFO:root:Epoch: 61, Validation loss: 1.7663848
INFO:root:Epoch: 62, Train loss: 1.6452776
INFO:root:Epoch: 62, Validation loss: 1.8334783
INFO:root:Epoch: 63, Train loss: 1.6459707
INFO:root:Epoch: 63, Validation loss: 1.7228421
INFO:root:Epoch: 64, Train loss: 1.6211045
INFO:root:Epoch: 64, Validation loss: 1.7793155
INFO:root:Epoch: 65, Train loss: 1.6345394
INFO:root:Epoch: 65, Validation loss: 1.7763432
INFO:root:Epoch: 66, Train loss: 1.6264591
INFO:root:Epoch: 66, Validation loss: 1.8185201
INFO:root:Epoch: 67, Train loss: 1.6293728
INFO:root:Epoch: 67, Validation loss: 1.8405772
INFO:root:Epoch: 68, Train loss: 1.6313533
INFO:root:Epoch: 68, Validation loss: 1.7523379
INFO:root:Epoch: 69, Train loss: 1.6215886
INFO:root:Epoch: 69, Validation loss: 1.9005096
INFO:root:Epoch: 70, Train loss: 1.6066749
INFO:root:Epoch: 70, Validation loss: 1.7728885
INFO:root:Epoch: 71, Train loss: 1.6195551
INFO:root:Epoch: 71, Validation loss: 1.8559201
INFO:root:Epoch: 72, Train loss: 1.6165005
INFO:root:Epoch: 72, Validation loss: 1.8678516
INFO:root:Epoch: 73, Train loss: 1.606956
INFO:root:Epoch: 73, Validation loss: 1.8497326
INFO:root:Epoch: 74, Train loss: 1.6044021
INFO:root:Epoch: 74, Validation loss: 1.8206403
INFO:root:Epoch: 75, Train loss: 1.6274216
INFO:root:Epoch: 75, Validation loss: 1.8321623
INFO:root:Epoch: 76, Train loss: 1.6020169
INFO:root:Epoch: 76, Validation loss: 1.7649184
INFO:root:Epoch: 77, Train loss: 1.5970018
INFO:root:Epoch: 77, Validation loss: 1.750045
INFO:root:Epoch: 78, Train loss: 1.6014402
INFO:root:Epoch: 78, Validation loss: 1.8188001
INFO:root:Epoch: 79, Train loss: 1.5928005
INFO:root:Epoch: 79, Validation loss: 1.7585032
INFO:root:Epoch: 80, Train loss: 1.5933957
INFO:root:Epoch: 80, Validation loss: 1.8171929
INFO:root:Epoch: 81, Train loss: 1.5830505
INFO:root:Epoch: 81, Validation loss: 1.8197578
INFO:root:Epoch: 82, Train loss: 1.5774851
INFO:root:Epoch: 82, Validation loss: 1.7953354
INFO:root:Epoch: 83, Train loss: 1.5861161
INFO:root:Epoch: 83, Validation loss: 1.72203
INFO:root:Epoch: 84, Train loss: 1.5721226
INFO:root:Epoch: 84, Validation loss: 1.6968161
INFO:root:Epoch: 85, Train loss: 1.5802091
INFO:root:Epoch: 85, Validation loss: 1.7275218
INFO:root:Epoch: 86, Train loss: 1.5648105
INFO:root:Epoch: 86, Validation loss: 1.7634945
INFO:root:Epoch: 87, Train loss: 1.5593916
INFO:root:Epoch: 87, Validation loss: 1.8369335
INFO:root:Epoch: 88, Train loss: 1.575689
INFO:root:Epoch: 88, Validation loss: 1.7580179
INFO:root:Epoch: 89, Train loss: 1.5745633
INFO:root:Epoch: 89, Validation loss: 1.7547452
INFO:root:Epoch: 90, Train loss: 1.5738918
INFO:root:Epoch: 90, Validation loss: 1.934812
INFO:root:Epoch: 91, Train loss: 1.5818557
INFO:root:Epoch: 91, Validation loss: 1.7362415
INFO:root:Epoch: 92, Train loss: 1.5595373
INFO:root:Epoch: 92, Validation loss: 1.8023242
INFO:root:Epoch: 93, Train loss: 1.5606452
INFO:root:Epoch: 93, Validation loss: 1.7191792
INFO:root:Epoch: 94, Train loss: 1.5536482
INFO:root:Epoch: 94, Validation loss: 1.8220139
INFO:root:Epoch: 95, Train loss: 1.5601375
INFO:root:Epoch: 95, Validation loss: 1.7076849
INFO:root:Epoch: 96, Train loss: 1.5665537
INFO:root:Epoch: 96, Validation loss: 1.712954
INFO:root:Epoch: 97, Train loss: 1.5609943
INFO:root:Epoch: 97, Validation loss: 1.7726599
INFO:root:Epoch: 98, Train loss: 1.5598241
INFO:root:Epoch: 98, Validation loss: 1.8066598
INFO:root:Epoch: 99, Train loss: 1.5434966
INFO:root:Epoch: 99, Validation loss: 1.7338738
INFO:root:Training from ep 0 to ep 100 finished
INFO:root:Best epoch: 85
