INFO:root:Started
INFO:root:Epoch: 0, Train loss: 6.051017
INFO:root:Epoch: 0, Validation loss: 3.4257848
INFO:root:Epoch: 1, Train loss: 2.6694977
INFO:root:Epoch: 1, Validation loss: 2.7530928
INFO:root:Epoch: 2, Train loss: 2.297814
INFO:root:Epoch: 2, Validation loss: 2.3181796
INFO:root:Epoch: 3, Train loss: 2.1408458
INFO:root:Epoch: 3, Validation loss: 2.2622855
INFO:root:Epoch: 4, Train loss: 2.0559218
INFO:root:Epoch: 4, Validation loss: 2.1340182
INFO:root:Epoch: 5, Train loss: 2.00393
INFO:root:Epoch: 5, Validation loss: 2.1489296
INFO:root:Epoch: 6, Train loss: 1.9500438
INFO:root:Epoch: 6, Validation loss: 2.0607865
INFO:root:Epoch: 7, Train loss: 1.9201382
INFO:root:Epoch: 7, Validation loss: 2.081355
INFO:root:Epoch: 8, Train loss: 1.9028885
INFO:root:Epoch: 8, Validation loss: 2.0130768
INFO:root:Epoch: 9, Train loss: 1.8848102
INFO:root:Epoch: 9, Validation loss: 1.9631481
INFO:root:Epoch: 10, Train loss: 1.86245
INFO:root:Epoch: 10, Validation loss: 1.951125
INFO:root:Epoch: 11, Train loss: 1.8635554
INFO:root:Epoch: 11, Validation loss: 1.9367484
INFO:root:Epoch: 12, Train loss: 1.8463275
INFO:root:Epoch: 12, Validation loss: 1.8679545
INFO:root:Epoch: 13, Train loss: 1.8321141
INFO:root:Epoch: 13, Validation loss: 1.8824531
INFO:root:Epoch: 14, Train loss: 1.8169377
INFO:root:Epoch: 14, Validation loss: 1.9026779
INFO:root:Epoch: 15, Train loss: 1.8297883
INFO:root:Epoch: 15, Validation loss: 1.9145954
INFO:root:Epoch: 16, Train loss: 1.7991387
INFO:root:Epoch: 16, Validation loss: 1.8521686
INFO:root:Epoch: 17, Train loss: 1.7856224
INFO:root:Epoch: 17, Validation loss: 1.8638798
INFO:root:Epoch: 18, Train loss: 1.7898741
INFO:root:Epoch: 18, Validation loss: 1.8866309
INFO:root:Epoch: 19, Train loss: 1.7855408
INFO:root:Epoch: 19, Validation loss: 1.8309591
INFO:root:Epoch: 20, Train loss: 1.782234
INFO:root:Epoch: 20, Validation loss: 1.8528972
INFO:root:Epoch: 21, Train loss: 1.7810054
INFO:root:Epoch: 21, Validation loss: 1.8350202
INFO:root:Epoch: 22, Train loss: 1.7743174
INFO:root:Epoch: 22, Validation loss: 1.9227856
INFO:root:Epoch: 23, Train loss: 1.7677065
INFO:root:Epoch: 23, Validation loss: 1.8393508
INFO:root:Epoch: 24, Train loss: 1.7597921
INFO:root:Epoch: 24, Validation loss: 1.8750587
INFO:root:Epoch: 25, Train loss: 1.7559634
INFO:root:Epoch: 25, Validation loss: 1.8117187
INFO:root:Epoch: 26, Train loss: 1.7603728
INFO:root:Epoch: 26, Validation loss: 1.8205317
INFO:root:Epoch: 27, Train loss: 1.7609926
INFO:root:Epoch: 27, Validation loss: 1.8350177
INFO:root:Epoch: 28, Train loss: 1.7447312
INFO:root:Epoch: 28, Validation loss: 1.8285204
INFO:root:Epoch: 29, Train loss: 1.7328143
INFO:root:Epoch: 29, Validation loss: 1.8058614
INFO:root:Epoch: 30, Train loss: 1.7248584
INFO:root:Epoch: 30, Validation loss: 1.8783659
INFO:root:Epoch: 31, Train loss: 1.7369471
INFO:root:Epoch: 31, Validation loss: 1.9481847
INFO:root:Epoch: 32, Train loss: 1.7315485
INFO:root:Epoch: 32, Validation loss: 1.8589215
INFO:root:Epoch: 33, Train loss: 1.7299789
INFO:root:Epoch: 33, Validation loss: 1.9657481
INFO:root:Epoch: 34, Train loss: 1.7158026
INFO:root:Epoch: 34, Validation loss: 1.9594213
INFO:root:Epoch: 35, Train loss: 1.72345
INFO:root:Epoch: 35, Validation loss: 2.0079029
INFO:root:Epoch: 36, Train loss: 1.7177035
INFO:root:Epoch: 36, Validation loss: 1.9963139
INFO:root:Epoch: 37, Train loss: 1.7145741
INFO:root:Epoch: 37, Validation loss: 1.9581397
INFO:root:Epoch: 38, Train loss: 1.709504
INFO:root:Epoch: 38, Validation loss: 2.142405
INFO:root:Epoch: 39, Train loss: 1.6993666
INFO:root:Epoch: 39, Validation loss: 2.2149918
INFO:root:Epoch: 40, Train loss: 1.7015213
INFO:root:Epoch: 40, Validation loss: 2.3890898
INFO:root:Epoch: 41, Train loss: 1.7037871
INFO:root:Epoch: 41, Validation loss: 1.9333721
INFO:root:Epoch: 42, Train loss: 1.690918
INFO:root:Epoch: 42, Validation loss: 2.170707
INFO:root:Epoch: 43, Train loss: 1.7054217
INFO:root:Epoch: 43, Validation loss: 2.3447862
INFO:root:Epoch: 44, Train loss: 1.6973066
INFO:root:Epoch: 44, Validation loss: 2.3516057
INFO:root:Epoch: 45, Train loss: 1.6861126
INFO:root:Epoch: 45, Validation loss: 2.4457712
INFO:root:Epoch: 46, Train loss: 1.6913121
INFO:root:Epoch: 46, Validation loss: 2.3204787
INFO:root:Epoch: 47, Train loss: 1.6885632
INFO:root:Epoch: 47, Validation loss: 2.2254474
INFO:root:Epoch: 48, Train loss: 1.6966852
INFO:root:Epoch: 48, Validation loss: 2.2504957
INFO:root:Epoch: 49, Train loss: 1.6707993
INFO:root:Epoch: 49, Validation loss: 2.1314335
INFO:root:Epoch: 50, Train loss: 1.6761317
INFO:root:Epoch: 50, Validation loss: 2.7309892
INFO:root:Epoch: 51, Train loss: 1.6748819
INFO:root:Epoch: 51, Validation loss: 2.0016496
INFO:root:Epoch: 52, Train loss: 1.6518153
INFO:root:Epoch: 52, Validation loss: 2.3029323
INFO:root:Epoch: 53, Train loss: 1.666411
INFO:root:Epoch: 53, Validation loss: 3.0544965
INFO:root:Epoch: 54, Train loss: 1.6536473
INFO:root:Epoch: 54, Validation loss: 2.2490764
INFO:root:Epoch: 55, Train loss: 1.6616114
INFO:root:Epoch: 55, Validation loss: 2.055133
INFO:root:Epoch: 56, Train loss: 1.6661069
INFO:root:Epoch: 56, Validation loss: 2.1666713
INFO:root:Epoch: 57, Train loss: 1.6528457
INFO:root:Epoch: 57, Validation loss: 2.8497996
INFO:root:Epoch: 58, Train loss: 1.655752
INFO:root:Epoch: 58, Validation loss: 2.3275638
INFO:root:Epoch: 59, Train loss: 1.6462977
INFO:root:Epoch: 59, Validation loss: 2.61808
INFO:root:Epoch: 60, Train loss: 1.6501046
INFO:root:Epoch: 60, Validation loss: 2.3674119
INFO:root:Epoch: 61, Train loss: 1.6490326
INFO:root:Epoch: 61, Validation loss: 2.4942517
INFO:root:Epoch: 62, Train loss: 1.641605
INFO:root:Epoch: 62, Validation loss: 2.6194081
INFO:root:Epoch: 63, Train loss: 1.6447424
INFO:root:Epoch: 63, Validation loss: 2.0179424
INFO:root:Epoch: 64, Train loss: 1.6254207
INFO:root:Epoch: 64, Validation loss: 2.5005667
INFO:root:Epoch: 65, Train loss: 1.633483
INFO:root:Epoch: 65, Validation loss: 2.5421638
INFO:root:Epoch: 66, Train loss: 1.622759
INFO:root:Epoch: 66, Validation loss: 2.968706
INFO:root:Epoch: 67, Train loss: 1.6218419
INFO:root:Epoch: 67, Validation loss: 2.8759847
INFO:root:Epoch: 68, Train loss: 1.6411932
INFO:root:Epoch: 68, Validation loss: 2.3724902
INFO:root:Epoch: 69, Train loss: 1.625006
INFO:root:Epoch: 69, Validation loss: 2.43685
INFO:root:Epoch: 70, Train loss: 1.6068903
INFO:root:Epoch: 70, Validation loss: 3.0637648
INFO:root:Epoch: 71, Train loss: 1.6282203
INFO:root:Epoch: 71, Validation loss: 2.8635163
INFO:root:Epoch: 72, Train loss: 1.6098963
INFO:root:Epoch: 72, Validation loss: 2.5907547
INFO:root:Epoch: 73, Train loss: 1.61585
INFO:root:Epoch: 73, Validation loss: 2.3239257
INFO:root:Epoch: 74, Train loss: 1.6015623
INFO:root:Epoch: 74, Validation loss: 3.6134837
INFO:root:Epoch: 75, Train loss: 1.6225587
INFO:root:Epoch: 75, Validation loss: 3.34227
INFO:root:Epoch: 76, Train loss: 1.6100386
INFO:root:Epoch: 76, Validation loss: 3.343293
INFO:root:Epoch: 77, Train loss: 1.5958495
INFO:root:Epoch: 77, Validation loss: 2.1093423
INFO:root:Epoch: 78, Train loss: 1.5981338
INFO:root:Epoch: 78, Validation loss: 2.7486565
INFO:root:Epoch: 79, Train loss: 1.5888783
INFO:root:Epoch: 79, Validation loss: 3.0522492
INFO:root:Epoch: 80, Train loss: 1.6002173
INFO:root:Epoch: 80, Validation loss: 2.7895188
INFO:root:Epoch: 81, Train loss: 1.5859472
INFO:root:Epoch: 81, Validation loss: 2.531224
INFO:root:Epoch: 82, Train loss: 1.5805615
INFO:root:Epoch: 82, Validation loss: 2.1781325
INFO:root:Epoch: 83, Train loss: 1.5907886
INFO:root:Epoch: 83, Validation loss: 2.3251169
INFO:root:Epoch: 84, Train loss: 1.5763263
INFO:root:Epoch: 84, Validation loss: 3.1794002
INFO:root:Epoch: 85, Train loss: 1.5739431
INFO:root:Epoch: 85, Validation loss: 2.7386596
INFO:root:Epoch: 86, Train loss: 1.5641726
INFO:root:Epoch: 86, Validation loss: 3.5512247
INFO:root:Epoch: 87, Train loss: 1.5632956
INFO:root:Epoch: 87, Validation loss: 3.5632312
INFO:root:Epoch: 88, Train loss: 1.5749087
INFO:root:Epoch: 88, Validation loss: 3.1080968
INFO:root:Epoch: 89, Train loss: 1.5720409
INFO:root:Epoch: 89, Validation loss: 3.6904118
INFO:root:Epoch: 90, Train loss: 1.5696326
INFO:root:Epoch: 90, Validation loss: 5.0542436
INFO:root:Epoch: 91, Train loss: 1.5714043
INFO:root:Epoch: 91, Validation loss: 4.7190037
INFO:root:Epoch: 92, Train loss: 1.56099
INFO:root:Epoch: 92, Validation loss: 3.9934337
INFO:root:Epoch: 93, Train loss: 1.5596327
INFO:root:Epoch: 93, Validation loss: 4.290833
INFO:root:Epoch: 94, Train loss: 1.5532572
INFO:root:Epoch: 94, Validation loss: 4.806077
INFO:root:Epoch: 95, Train loss: 1.5587326
INFO:root:Epoch: 95, Validation loss: 2.9602094
INFO:root:Epoch: 96, Train loss: 1.5615357
INFO:root:Epoch: 96, Validation loss: 2.8954947
INFO:root:Epoch: 97, Train loss: 1.5586208
INFO:root:Epoch: 97, Validation loss: 3.486172
INFO:root:Epoch: 98, Train loss: 1.5576022
INFO:root:Epoch: 98, Validation loss: 3.4591508
INFO:root:Epoch: 99, Train loss: 1.5444878
INFO:root:Epoch: 99, Validation loss: 3.9595463
INFO:root:Training from ep 0 to ep 100 finished
INFO:root:Best epoch: 30
