INFO:root:Started
INFO:root:Epoch: 0, Train loss: 3.9989216
INFO:root:Epoch: 0, Validation loss: 3.2632945
INFO:root:Epoch: 1, Train loss: 2.30831
INFO:root:Epoch: 1, Validation loss: 2.0424442
INFO:root:Epoch: 2, Train loss: 1.8062224
INFO:root:Epoch: 2, Validation loss: 1.7150607
INFO:root:Epoch: 3, Train loss: 1.6490583
INFO:root:Epoch: 3, Validation loss: 1.6125729
INFO:root:Epoch: 4, Train loss: 1.549428
INFO:root:Epoch: 4, Validation loss: 1.5212225
INFO:root:Epoch: 5, Train loss: 1.4822406
INFO:root:Epoch: 5, Validation loss: 1.4665315
INFO:root:Epoch: 6, Train loss: 1.4222947
INFO:root:Epoch: 6, Validation loss: 1.3801303
INFO:root:Epoch: 7, Train loss: 1.3502578
INFO:root:Epoch: 7, Validation loss: 1.3210144
INFO:root:Epoch: 8, Train loss: 1.2496372
INFO:root:Epoch: 8, Validation loss: 1.1715374
INFO:root:Epoch: 9, Train loss: 1.0992783
INFO:root:Epoch: 9, Validation loss: 1.0166438
INFO:root:Epoch: 10, Train loss: 0.89950264
INFO:root:Epoch: 10, Validation loss: 0.78500247
INFO:root:Epoch: 11, Train loss: 0.5990735
INFO:root:Epoch: 11, Validation loss: 0.4272164
INFO:root:Epoch: 12, Train loss: 0.18493834
INFO:root:Epoch: 12, Validation loss: 0.068711415
INFO:root:Epoch: 13, Train loss: 0.0343894
INFO:root:Epoch: 13, Validation loss: 0.022204451
INFO:root:Epoch: 14, Train loss: 0.01602423
INFO:root:Epoch: 14, Validation loss: 0.010635953
INFO:root:Epoch: 15, Train loss: 0.010787008
INFO:root:Epoch: 15, Validation loss: 0.016542874
INFO:root:Epoch: 16, Train loss: 0.00813046
INFO:root:Epoch: 16, Validation loss: 0.008495133
INFO:root:Epoch: 17, Train loss: 0.0067226747
INFO:root:Epoch: 17, Validation loss: 0.008399906
INFO:root:Epoch: 18, Train loss: 0.0062058796
INFO:root:Epoch: 18, Validation loss: 0.0063576302
INFO:root:Epoch: 19, Train loss: 0.0049075037
INFO:root:Epoch: 19, Validation loss: 0.00498036
INFO:root:Epoch: 20, Train loss: 0.004754696
INFO:root:Epoch: 20, Validation loss: 0.004963528
INFO:root:Epoch: 21, Train loss: 0.004323818
INFO:root:Epoch: 21, Validation loss: 0.004722886
INFO:root:Epoch: 22, Train loss: 0.0036390813
INFO:root:Epoch: 22, Validation loss: 0.0032905806
INFO:root:Epoch: 23, Train loss: 0.0031654697
INFO:root:Epoch: 23, Validation loss: 0.0037994413
INFO:root:Epoch: 24, Train loss: 0.0030631472
INFO:root:Epoch: 24, Validation loss: 0.0035059475
INFO:root:Epoch: 25, Train loss: 0.0028769025
INFO:root:Epoch: 25, Validation loss: 0.0028795025
INFO:root:Epoch: 26, Train loss: 0.0026495534
INFO:root:Epoch: 26, Validation loss: 0.0037782562
INFO:root:Epoch: 27, Train loss: 0.0025015958
INFO:root:Epoch: 27, Validation loss: 0.0029237345
INFO:root:Epoch: 28, Train loss: 0.0022169617
INFO:root:Epoch: 28, Validation loss: 0.0071637444
INFO:root:Epoch: 29, Train loss: 0.0024623866
INFO:root:Epoch: 29, Validation loss: 0.0017510178
INFO:root:Epoch: 30, Train loss: 0.0019148578
INFO:root:Epoch: 30, Validation loss: 0.0021597508
INFO:root:Epoch: 31, Train loss: 0.0019459494
INFO:root:Epoch: 31, Validation loss: 0.0020926236
INFO:root:Epoch: 32, Train loss: 0.0015971132
INFO:root:Epoch: 32, Validation loss: 0.0031550652
INFO:root:Epoch: 33, Train loss: 0.0016792367
INFO:root:Epoch: 33, Validation loss: 0.002275091
INFO:root:Epoch: 34, Train loss: 0.0014218848
INFO:root:Epoch: 34, Validation loss: 0.0014251389
INFO:root:Epoch: 35, Train loss: 0.001394352
INFO:root:Epoch: 35, Validation loss: 0.0019761827
INFO:root:Epoch: 36, Train loss: 0.0013581074
INFO:root:Epoch: 36, Validation loss: 0.0012017693
INFO:root:Epoch: 37, Train loss: 0.0014526712
INFO:root:Epoch: 37, Validation loss: 0.0017244855
INFO:root:Epoch: 38, Train loss: 0.0012851468
INFO:root:Epoch: 38, Validation loss: 0.0014081418
INFO:root:Epoch: 39, Train loss: 0.0011637682
INFO:root:Epoch: 39, Validation loss: 0.0016457441
INFO:root:Epoch: 40, Train loss: 0.0010396981
INFO:root:Epoch: 40, Validation loss: 0.0010961377
INFO:root:Epoch: 41, Train loss: 0.0010399269
INFO:root:Epoch: 41, Validation loss: 0.00129414
INFO:root:Epoch: 42, Train loss: 0.0010492048
INFO:root:Epoch: 42, Validation loss: 0.0009798354
INFO:root:Epoch: 43, Train loss: 0.0009192089
INFO:root:Epoch: 43, Validation loss: 0.0013943648
INFO:root:Epoch: 44, Train loss: 0.0010426664
INFO:root:Epoch: 44, Validation loss: 0.0015499266
INFO:root:Epoch: 45, Train loss: 0.00090807787
INFO:root:Epoch: 45, Validation loss: 0.00082544365
INFO:root:Epoch: 46, Train loss: 0.000977045
INFO:root:Epoch: 46, Validation loss: 0.0010539815
INFO:root:Epoch: 47, Train loss: 0.00081588
INFO:root:Epoch: 47, Validation loss: 0.0014067275
INFO:root:Epoch: 48, Train loss: 0.00085661357
INFO:root:Epoch: 48, Validation loss: 0.0013203924
INFO:root:Epoch: 49, Train loss: 0.0007863683
INFO:root:Epoch: 49, Validation loss: 0.0015789241
INFO:root:Epoch: 50, Train loss: 0.0006715764
INFO:root:Epoch: 50, Validation loss: 0.0009377493
INFO:root:Epoch: 51, Train loss: 0.00073036173
INFO:root:Epoch: 51, Validation loss: 0.0006209721
INFO:root:Epoch: 52, Train loss: 0.0006961626
INFO:root:Epoch: 52, Validation loss: 0.000692516
INFO:root:Epoch: 53, Train loss: 0.0006297785
INFO:root:Epoch: 53, Validation loss: 0.001566053
INFO:root:Epoch: 54, Train loss: 0.00057999435
INFO:root:Epoch: 54, Validation loss: 0.00082361675
INFO:root:Epoch: 55, Train loss: 0.00062215654
INFO:root:Epoch: 55, Validation loss: 0.00060601736
INFO:root:Epoch: 56, Train loss: 0.0006091803
INFO:root:Epoch: 56, Validation loss: 0.00071436644
INFO:root:Epoch: 57, Train loss: 0.0005313168
INFO:root:Epoch: 57, Validation loss: 0.00074863556
INFO:root:Epoch: 58, Train loss: 0.00063496333
INFO:root:Epoch: 58, Validation loss: 0.00051373383
INFO:root:Epoch: 59, Train loss: 0.0004884037
INFO:root:Epoch: 59, Validation loss: 0.0010507111
INFO:root:Epoch: 60, Train loss: 0.0005106333
INFO:root:Epoch: 60, Validation loss: 0.0011750848
INFO:root:Epoch: 61, Train loss: 0.00048452418
INFO:root:Epoch: 61, Validation loss: 0.0005654747
INFO:root:Epoch: 62, Train loss: 0.0005011144
INFO:root:Epoch: 62, Validation loss: 0.00064045825
INFO:root:Epoch: 63, Train loss: 0.00046953702
INFO:root:Epoch: 63, Validation loss: 0.00041705172
INFO:root:Epoch: 64, Train loss: 0.00055788516
INFO:root:Epoch: 64, Validation loss: 0.0004644413
INFO:root:Epoch: 65, Train loss: 0.00058336806
INFO:root:Epoch: 65, Validation loss: 0.0004757612
INFO:root:Epoch: 66, Train loss: 0.00043351128
INFO:root:Epoch: 66, Validation loss: 0.001135328
INFO:root:Epoch: 67, Train loss: 0.0004627537
INFO:root:Epoch: 67, Validation loss: 0.00064451044
INFO:root:Epoch: 68, Train loss: 0.0004323225
INFO:root:Epoch: 68, Validation loss: 0.00038758304
INFO:root:Epoch: 69, Train loss: 0.0004881004
INFO:root:Epoch: 69, Validation loss: 0.0006116631
INFO:root:Epoch: 70, Train loss: 0.0005176845
INFO:root:Epoch: 70, Validation loss: 0.00072103366
INFO:root:Epoch: 71, Train loss: 0.0004165472
INFO:root:Epoch: 71, Validation loss: 0.00048510265
INFO:root:Epoch: 72, Train loss: 0.00037303386
INFO:root:Epoch: 72, Validation loss: 0.00045504572
INFO:root:Epoch: 73, Train loss: 0.00043014972
INFO:root:Epoch: 73, Validation loss: 0.0004156633
INFO:root:Epoch: 74, Train loss: 0.00042823807
INFO:root:Epoch: 74, Validation loss: 0.00051528314
INFO:root:Epoch: 75, Train loss: 0.00038302224
INFO:root:Epoch: 75, Validation loss: 0.0005701025
INFO:root:Epoch: 76, Train loss: 0.0003044957
INFO:root:Epoch: 76, Validation loss: 0.00047066162
INFO:root:Epoch: 77, Train loss: 0.00040721282
INFO:root:Epoch: 77, Validation loss: 0.00055942306
INFO:root:Epoch: 78, Train loss: 0.00036421418
INFO:root:Epoch: 78, Validation loss: 0.00039094983
INFO:root:Epoch: 79, Train loss: 0.00033460627
INFO:root:Epoch: 79, Validation loss: 0.0006739268
INFO:root:Epoch: 80, Train loss: 0.00034851208
INFO:root:Epoch: 80, Validation loss: 0.0002746729
INFO:root:Epoch: 81, Train loss: 0.00033990692
INFO:root:Epoch: 81, Validation loss: 0.00052190124
INFO:root:Epoch: 82, Train loss: 0.000271812
INFO:root:Epoch: 82, Validation loss: 0.0004897862
INFO:root:Epoch: 83, Train loss: 0.00036215488
INFO:root:Epoch: 83, Validation loss: 0.000399615
INFO:root:Epoch: 84, Train loss: 0.00027565338
INFO:root:Epoch: 84, Validation loss: 0.0003064421
INFO:root:Epoch: 85, Train loss: 0.0003245711
INFO:root:Epoch: 85, Validation loss: 0.00039819092
INFO:root:Epoch: 86, Train loss: 0.00023998394
INFO:root:Epoch: 86, Validation loss: 0.00035652143
INFO:root:Epoch: 87, Train loss: 0.00026907196
INFO:root:Epoch: 87, Validation loss: 0.0003317772
INFO:root:Epoch: 88, Train loss: 0.00028099804
INFO:root:Epoch: 88, Validation loss: 0.0003121883
INFO:root:Epoch: 89, Train loss: 0.00026621597
INFO:root:Epoch: 89, Validation loss: 0.00033957703
INFO:root:Epoch: 90, Train loss: 0.00027296145
INFO:root:Epoch: 90, Validation loss: 0.00040996424
INFO:root:Epoch: 91, Train loss: 0.00022119132
INFO:root:Epoch: 91, Validation loss: 0.00029760413
INFO:root:Epoch: 92, Train loss: 0.00026319316
INFO:root:Epoch: 92, Validation loss: 0.0002463535
INFO:root:Epoch: 93, Train loss: 0.00023741653
INFO:root:Epoch: 93, Validation loss: 0.00022645727
INFO:root:Epoch: 94, Train loss: 0.0002512969
INFO:root:Epoch: 94, Validation loss: 0.0002883927
INFO:root:Epoch: 95, Train loss: 0.00023915421
INFO:root:Epoch: 95, Validation loss: 0.00028584077
INFO:root:Epoch: 96, Train loss: 0.00028681438
INFO:root:Epoch: 96, Validation loss: 0.00026648457
INFO:root:Epoch: 97, Train loss: 0.00024974742
INFO:root:Epoch: 97, Validation loss: 0.00022416165
INFO:root:Epoch: 98, Train loss: 0.00024210081
INFO:root:Epoch: 98, Validation loss: 0.00036733993
INFO:root:Epoch: 99, Train loss: 0.00020948848
INFO:root:Epoch: 99, Validation loss: 0.000518961
INFO:root:Training from ep 0 to ep 100 finished
INFO:root:Best epoch: 98
