INFO:root:Started
INFO:root:Started
INFO:root:Epoch: 0, Train loss: 12.232209
INFO:root:Epoch: 0, Validation loss: 4.318695
INFO:root:Epoch: 1, Train loss: 2.5495603
INFO:root:Epoch: 1, Validation loss: 1.6210202
INFO:root:Epoch: 2, Train loss: 1.0856172
INFO:root:Epoch: 2, Validation loss: 0.7400765
INFO:root:Epoch: 3, Train loss: 0.55468106
INFO:root:Epoch: 3, Validation loss: 0.46891573
INFO:root:Epoch: 4, Train loss: 0.34814698
INFO:root:Epoch: 4, Validation loss: 0.28866825
INFO:root:Epoch: 5, Train loss: 0.24339929
INFO:root:Epoch: 5, Validation loss: 0.22607787
INFO:root:Epoch: 6, Train loss: 0.19102973
INFO:root:Epoch: 6, Validation loss: 0.16190022
INFO:root:Epoch: 7, Train loss: 0.15147169
INFO:root:Epoch: 7, Validation loss: 0.119494505
INFO:root:Epoch: 8, Train loss: 0.12746476
INFO:root:Epoch: 8, Validation loss: 0.11021034
INFO:root:Epoch: 9, Train loss: 0.10304066
INFO:root:Epoch: 9, Validation loss: 0.101818986
INFO:root:Epoch: 10, Train loss: 0.0896877
INFO:root:Epoch: 10, Validation loss: 0.08593469
INFO:root:Epoch: 11, Train loss: 0.073738724
INFO:root:Epoch: 11, Validation loss: 0.07200251
INFO:root:Epoch: 12, Train loss: 0.06738562
INFO:root:Epoch: 12, Validation loss: 0.07077181
INFO:root:Epoch: 13, Train loss: 0.061564215
INFO:root:Epoch: 13, Validation loss: 0.060047895
INFO:root:Epoch: 14, Train loss: 0.051741257
INFO:root:Epoch: 14, Validation loss: 0.05176458
INFO:root:Epoch: 15, Train loss: 0.045911822
INFO:root:Epoch: 15, Validation loss: 0.03996596
INFO:root:Epoch: 16, Train loss: 0.04261993
INFO:root:Epoch: 16, Validation loss: 0.042543035
INFO:root:Epoch: 17, Train loss: 0.0396172
INFO:root:Epoch: 17, Validation loss: 0.040080186
INFO:root:Epoch: 18, Train loss: 0.03458022
INFO:root:Epoch: 18, Validation loss: 0.032902572
INFO:root:Epoch: 19, Train loss: 0.029833637
INFO:root:Epoch: 19, Validation loss: 0.025987716
INFO:root:Epoch: 20, Train loss: 0.028308442
INFO:root:Epoch: 20, Validation loss: 0.03333053
INFO:root:Epoch: 21, Train loss: 0.027712798
INFO:root:Epoch: 21, Validation loss: 0.024134323
INFO:root:Epoch: 22, Train loss: 0.02395375
INFO:root:Epoch: 22, Validation loss: 0.023876397
INFO:root:Epoch: 23, Train loss: 0.021778526
INFO:root:Epoch: 23, Validation loss: 0.025865117
INFO:root:Epoch: 24, Train loss: 0.022521075
INFO:root:Epoch: 24, Validation loss: 0.019237526
INFO:root:Epoch: 25, Train loss: 0.019967236
INFO:root:Epoch: 25, Validation loss: 0.018371003
INFO:root:Epoch: 26, Train loss: 0.01811647
INFO:root:Epoch: 26, Validation loss: 0.01687716
INFO:root:Epoch: 27, Train loss: 0.016521817
INFO:root:Epoch: 27, Validation loss: 0.014017106
INFO:root:Epoch: 28, Train loss: 0.015029361
INFO:root:Epoch: 28, Validation loss: 0.014871426
INFO:root:Epoch: 29, Train loss: 0.01425802
INFO:root:Epoch: 29, Validation loss: 0.011501339
INFO:root:Epoch: 30, Train loss: 0.012794915
INFO:root:Epoch: 30, Validation loss: 0.014957261
INFO:root:Epoch: 31, Train loss: 0.012656537
INFO:root:Epoch: 31, Validation loss: 0.012874615
INFO:root:Epoch: 32, Train loss: 0.012041302
INFO:root:Epoch: 32, Validation loss: 0.012248852
INFO:root:Epoch: 33, Train loss: 0.012416755
INFO:root:Epoch: 33, Validation loss: 0.009028819
INFO:root:Epoch: 34, Train loss: 0.010762189
INFO:root:Epoch: 34, Validation loss: 0.014205935
INFO:root:Epoch: 35, Train loss: 0.00976736
INFO:root:Epoch: 35, Validation loss: 0.011357947
INFO:root:Epoch: 36, Train loss: 0.009281629
INFO:root:Epoch: 36, Validation loss: 0.0091805
INFO:root:Epoch: 37, Train loss: 0.009727969
INFO:root:Epoch: 37, Validation loss: 0.0101011405
INFO:root:Epoch: 38, Train loss: 0.007535813
INFO:root:Epoch: 38, Validation loss: 0.006064115
INFO:root:Epoch: 39, Train loss: 0.007722756
INFO:root:Epoch: 39, Validation loss: 0.006455861
INFO:root:Epoch: 40, Train loss: 0.007178183
INFO:root:Epoch: 40, Validation loss: 0.008995436
INFO:root:Epoch: 41, Train loss: 0.0074009164
INFO:root:Epoch: 41, Validation loss: 0.0055516274
INFO:root:Epoch: 42, Train loss: 0.0067764637
INFO:root:Epoch: 42, Validation loss: 0.007352932
INFO:root:Epoch: 43, Train loss: 0.006832083
INFO:root:Epoch: 43, Validation loss: 0.005471906
INFO:root:Epoch: 44, Train loss: 0.006010508
INFO:root:Epoch: 44, Validation loss: 0.0063125375
INFO:root:Epoch: 45, Train loss: 0.005925266
INFO:root:Epoch: 45, Validation loss: 0.005744279
INFO:root:Epoch: 46, Train loss: 0.005280726
INFO:root:Epoch: 46, Validation loss: 0.005955387
INFO:root:Epoch: 47, Train loss: 0.0053505846
INFO:root:Epoch: 47, Validation loss: 0.0068640667
INFO:root:Epoch: 48, Train loss: 0.0056453124
INFO:root:Epoch: 48, Validation loss: 0.004853293
INFO:root:Epoch: 49, Train loss: 0.005105268
INFO:root:Epoch: 49, Validation loss: 0.0047882074
INFO:root:Epoch: 50, Train loss: 0.0054740477
INFO:root:Epoch: 50, Validation loss: 0.0045924704
INFO:root:Epoch: 51, Train loss: 0.005101478
INFO:root:Epoch: 51, Validation loss: 0.004562013
INFO:root:Epoch: 52, Train loss: 0.004395259
INFO:root:Epoch: 52, Validation loss: 0.0040318915
INFO:root:Epoch: 53, Train loss: 0.0040016174
INFO:root:Epoch: 53, Validation loss: 0.0029468683
INFO:root:Epoch: 54, Train loss: 0.0039212494
INFO:root:Epoch: 54, Validation loss: 0.0028336442
INFO:root:Epoch: 55, Train loss: 0.0034817823
INFO:root:Epoch: 55, Validation loss: 0.002723838
INFO:root:Epoch: 56, Train loss: 0.0033371078
INFO:root:Epoch: 56, Validation loss: 0.0027986125
INFO:root:Epoch: 57, Train loss: 0.0025828867
INFO:root:Epoch: 57, Validation loss: 0.0030757452
INFO:root:Epoch: 58, Train loss: 0.0028600087
INFO:root:Epoch: 58, Validation loss: 0.003377035
INFO:root:Epoch: 59, Train loss: 0.0031543614
INFO:root:Epoch: 59, Validation loss: 0.0022694066
INFO:root:Epoch: 60, Train loss: 0.002665218
INFO:root:Epoch: 60, Validation loss: 0.0024927626
INFO:root:Epoch: 61, Train loss: 0.0026852365
INFO:root:Epoch: 61, Validation loss: 0.0024370186
INFO:root:Epoch: 62, Train loss: 0.0028584
INFO:root:Epoch: 62, Validation loss: 0.0041393186
INFO:root:Epoch: 63, Train loss: 0.0027866708
INFO:root:Epoch: 63, Validation loss: 0.0022040831
INFO:root:Epoch: 64, Train loss: 0.002802162
INFO:root:Epoch: 64, Validation loss: 0.0029271443
INFO:root:Epoch: 65, Train loss: 0.002885772
INFO:root:Epoch: 65, Validation loss: 0.0039986684
INFO:root:Epoch: 66, Train loss: 0.0027049677
INFO:root:Epoch: 66, Validation loss: 0.0023673829
INFO:root:Epoch: 67, Train loss: 0.0026801932
INFO:root:Epoch: 67, Validation loss: 0.002187358
INFO:root:Epoch: 68, Train loss: 0.0029872144
INFO:root:Epoch: 68, Validation loss: 0.0020828175
INFO:root:Epoch: 69, Train loss: 0.0024165085
INFO:root:Epoch: 69, Validation loss: 0.0022882016
INFO:root:Epoch: 70, Train loss: 0.0023323905
INFO:root:Epoch: 70, Validation loss: 0.002031262
INFO:root:Epoch: 71, Train loss: 0.0024581638
INFO:root:Epoch: 71, Validation loss: 0.0021417902
INFO:root:Epoch: 72, Train loss: 0.0020398742
INFO:root:Epoch: 72, Validation loss: 0.0014517739
INFO:root:Epoch: 73, Train loss: 0.0023512288
INFO:root:Epoch: 73, Validation loss: 0.0021069923
INFO:root:Epoch: 74, Train loss: 0.0028320265
INFO:root:Epoch: 74, Validation loss: 0.0012989185
INFO:root:Epoch: 75, Train loss: 0.0023111342
INFO:root:Epoch: 75, Validation loss: 0.0017734831
INFO:root:Epoch: 76, Train loss: 0.0020758577
INFO:root:Epoch: 76, Validation loss: 0.0013015188
INFO:root:Epoch: 77, Train loss: 0.0018401629
INFO:root:Epoch: 77, Validation loss: 0.0019693126
INFO:root:Epoch: 78, Train loss: 0.0017069558
INFO:root:Epoch: 78, Validation loss: 0.0014084302
INFO:root:Epoch: 79, Train loss: 0.0018617745
INFO:root:Epoch: 79, Validation loss: 0.0013172975
INFO:root:Epoch: 80, Train loss: 0.0015108354
INFO:root:Epoch: 80, Validation loss: 0.0015280871
INFO:root:Epoch: 81, Train loss: 0.0014819977
INFO:root:Epoch: 81, Validation loss: 0.0015285886
INFO:root:Epoch: 82, Train loss: 0.002243216
INFO:root:Epoch: 82, Validation loss: 0.0015585916
INFO:root:Epoch: 83, Train loss: 0.0014167993
INFO:root:Epoch: 83, Validation loss: 0.0008400756
INFO:root:Epoch: 84, Train loss: 0.001360919
INFO:root:Epoch: 84, Validation loss: 0.00057242264
INFO:root:Epoch: 85, Train loss: 0.0014776951
INFO:root:Epoch: 85, Validation loss: 0.0008194875
INFO:root:Epoch: 86, Train loss: 0.0017289785
INFO:root:Epoch: 86, Validation loss: 0.0013637313
INFO:root:Epoch: 87, Train loss: 0.0013359172
INFO:root:Epoch: 87, Validation loss: 0.0015868157
INFO:root:Epoch: 88, Train loss: 0.0021110254
INFO:root:Epoch: 88, Validation loss: 0.0005631762
INFO:root:Epoch: 89, Train loss: 0.0016266396
INFO:root:Epoch: 89, Validation loss: 0.0024883107
INFO:root:Epoch: 90, Train loss: 0.0012575375
INFO:root:Epoch: 90, Validation loss: 0.00069532794
INFO:root:Epoch: 91, Train loss: 0.0014499186
INFO:root:Epoch: 91, Validation loss: 0.00087508356
INFO:root:Epoch: 92, Train loss: 0.0014414681
INFO:root:Epoch: 92, Validation loss: 0.0014079134
INFO:root:Epoch: 93, Train loss: 0.0013584835
INFO:root:Epoch: 93, Validation loss: 0.0016669659
INFO:root:Epoch: 94, Train loss: 0.0010858309
INFO:root:Epoch: 94, Validation loss: 0.0012317544
INFO:root:Epoch: 95, Train loss: 0.001526711
INFO:root:Epoch: 95, Validation loss: 0.00090938044
INFO:root:Epoch: 96, Train loss: 0.0017567124
INFO:root:Epoch: 96, Validation loss: 0.0012532538
INFO:root:Epoch: 97, Train loss: 0.0015256223
INFO:root:Epoch: 97, Validation loss: 0.00022152468
INFO:root:Epoch: 98, Train loss: 0.0012310966
INFO:root:Epoch: 98, Validation loss: 0.0013117888
INFO:root:Epoch: 99, Train loss: 0.0011235808
INFO:root:Epoch: 99, Validation loss: 0.00064268056
INFO:root:Training from ep 0 to ep 100 finished
INFO:root:Best epoch: 98
