INFO:root:Started
INFO:root:Epoch: 0, Train loss: 3.8660896, Train Acc: 0.028093435
INFO:root:Epoch: 0, Validation loss: 3.819083, Validation Acc: 0.028645834
INFO:root:Epoch: 1, Train loss: 3.7368238, Train Acc: 0.041035354
INFO:root:Epoch: 1, Validation loss: 3.6811602, Validation Acc: 0.046875
INFO:root:Epoch: 2, Train loss: 3.5770602, Train Acc: 0.07670455
INFO:root:Epoch: 2, Validation loss: 3.6126366, Validation Acc: 0.0703125
INFO:root:Epoch: 3, Train loss: 3.4752207, Train Acc: 0.09848485
INFO:root:Epoch: 3, Validation loss: 3.7320454, Validation Acc: 0.065104164
INFO:root:Epoch: 4, Train loss: 3.3645325, Train Acc: 0.122474745
INFO:root:Epoch: 4, Validation loss: 3.4782083, Validation Acc: 0.098958336
INFO:root:Epoch: 5, Train loss: 3.27988, Train Acc: 0.13667929
INFO:root:Epoch: 5, Validation loss: 3.5392401, Validation Acc: 0.109375
INFO:root:Epoch: 6, Train loss: 3.184557, Train Acc: 0.16256313
INFO:root:Epoch: 6, Validation loss: 3.4614382, Validation Acc: 0.065104164
INFO:root:Epoch: 7, Train loss: 3.1113005, Train Acc: 0.17203283
INFO:root:Epoch: 7, Validation loss: 3.5796585, Validation Acc: 0.091145836
INFO:root:Epoch: 8, Train loss: 3.0333083, Train Acc: 0.19854797
INFO:root:Epoch: 8, Validation loss: 3.5041473, Validation Acc: 0.111979164
INFO:root:Epoch: 9, Train loss: 2.9041445, Train Acc: 0.23106061
INFO:root:Epoch: 9, Validation loss: 3.4674003, Validation Acc: 0.114583336
INFO:root:Epoch: 10, Train loss: 2.8202033, Train Acc: 0.24589646
INFO:root:Epoch: 10, Validation loss: 3.542016, Validation Acc: 0.1171875
INFO:root:Epoch: 11, Train loss: 2.7277012, Train Acc: 0.270202
INFO:root:Epoch: 11, Validation loss: 3.5303907, Validation Acc: 0.078125
INFO:root:Epoch: 12, Train loss: 2.667889, Train Acc: 0.27430555
INFO:root:Epoch: 12, Validation loss: 3.3736851, Validation Acc: 0.106770836
INFO:root:Epoch: 13, Train loss: 2.5543816, Train Acc: 0.30713382
INFO:root:Epoch: 13, Validation loss: 3.3709347, Validation Acc: 0.13802083
INFO:root:Epoch: 14, Train loss: 2.484016, Train Acc: 0.33333334
INFO:root:Epoch: 14, Validation loss: 3.4312344, Validation Acc: 0.114583336
INFO:root:Epoch: 15, Train loss: 2.3992307, Train Acc: 0.3386995
INFO:root:Epoch: 15, Validation loss: 3.420317, Validation Acc: 0.13020833
INFO:root:Epoch: 16, Train loss: 2.3136106, Train Acc: 0.36805555
INFO:root:Epoch: 16, Validation loss: 3.5301573, Validation Acc: 0.140625
INFO:root:Epoch: 17, Train loss: 2.2698417, Train Acc: 0.3806818
INFO:root:Epoch: 17, Validation loss: 3.497575, Validation Acc: 0.140625
INFO:root:Epoch: 18, Train loss: 2.1689541, Train Acc: 0.41382575
INFO:root:Epoch: 18, Validation loss: 3.4712117, Validation Acc: 0.15885417
INFO:root:Epoch: 19, Train loss: 2.0959423, Train Acc: 0.42171717
INFO:root:Epoch: 19, Validation loss: 3.4007673, Validation Acc: 0.13802083
INFO:root:Epoch: 20, Train loss: 1.9936277, Train Acc: 0.44160354
INFO:root:Epoch: 20, Validation loss: 3.646842, Validation Acc: 0.122395836
INFO:root:Epoch: 21, Train loss: 1.9722893, Train Acc: 0.44791666
INFO:root:Epoch: 21, Validation loss: 3.4336193, Validation Acc: 0.18489583
INFO:root:Epoch: 22, Train loss: 1.8543521, Train Acc: 0.4826389
INFO:root:Epoch: 22, Validation loss: 3.6362307, Validation Acc: 0.140625
INFO:root:Epoch: 23, Train loss: 1.7976927, Train Acc: 0.50536615
INFO:root:Epoch: 23, Validation loss: 3.4887016, Validation Acc: 0.1171875
INFO:root:Epoch: 24, Train loss: 1.7328724, Train Acc: 0.51325756
INFO:root:Epoch: 24, Validation loss: 3.8983803, Validation Acc: 0.140625
INFO:root:Epoch: 25, Train loss: 1.672548, Train Acc: 0.5391414
INFO:root:Epoch: 25, Validation loss: 3.8530471, Validation Acc: 0.12760417
INFO:root:Epoch: 26, Train loss: 1.631164, Train Acc: 0.5498737
INFO:root:Epoch: 26, Validation loss: 3.5154562, Validation Acc: 0.20052083
INFO:root:Epoch: 27, Train loss: 1.5483462, Train Acc: 0.5681818
INFO:root:Epoch: 27, Validation loss: 3.6302538, Validation Acc: 0.17708333
INFO:root:Epoch: 28, Train loss: 1.5326523, Train Acc: 0.5729167
INFO:root:Epoch: 28, Validation loss: 3.6000478, Validation Acc: 0.1484375
INFO:root:Epoch: 29, Train loss: 1.4532642, Train Acc: 0.58522725
INFO:root:Epoch: 29, Validation loss: 3.6833782, Validation Acc: 0.16927083
INFO:root:Epoch: 30, Train loss: 1.4096538, Train Acc: 0.6019571
INFO:root:Epoch: 30, Validation loss: 3.6499557, Validation Acc: 0.1640625
INFO:root:Epoch: 31, Train loss: 1.3499072, Train Acc: 0.6155303
INFO:root:Epoch: 31, Validation loss: 3.9608498, Validation Acc: 0.15625
INFO:root:Epoch: 32, Train loss: 1.321838, Train Acc: 0.6287879
INFO:root:Epoch: 32, Validation loss: 4.013992, Validation Acc: 0.1796875
INFO:root:Epoch: 33, Train loss: 1.2700336, Train Acc: 0.6385732
INFO:root:Epoch: 33, Validation loss: 3.7725449, Validation Acc: 0.1640625
INFO:root:Epoch: 34, Train loss: 1.2392882, Train Acc: 0.6493056
INFO:root:Epoch: 34, Validation loss: 3.8313208, Validation Acc: 0.17708333
INFO:root:Epoch: 35, Train loss: 1.1934081, Train Acc: 0.66161615
INFO:root:Epoch: 35, Validation loss: 4.0075326, Validation Acc: 0.18229167
INFO:root:Epoch: 36, Train loss: 1.1008168, Train Acc: 0.6890783
INFO:root:Epoch: 36, Validation loss: 4.0500703, Validation Acc: 0.15625
INFO:root:Epoch: 37, Train loss: 1.0950903, Train Acc: 0.686553
INFO:root:Epoch: 37, Validation loss: 4.017256, Validation Acc: 0.1484375
INFO:root:Epoch: 38, Train loss: 1.0144987, Train Acc: 0.70675504
INFO:root:Epoch: 38, Validation loss: 4.192463, Validation Acc: 0.1484375
INFO:root:Epoch: 39, Train loss: 1.0111593, Train Acc: 0.7092803
INFO:root:Epoch: 39, Validation loss: 4.1164417, Validation Acc: 0.14583333
INFO:root:Epoch: 40, Train loss: 0.9605292, Train Acc: 0.7234849
INFO:root:Epoch: 40, Validation loss: 4.1889567, Validation Acc: 0.19010417
INFO:root:Epoch: 41, Train loss: 0.95307654, Train Acc: 0.7247475
INFO:root:Epoch: 41, Validation loss: 4.3429146, Validation Acc: 0.14322917
INFO:root:Epoch: 42, Train loss: 0.920819, Train Acc: 0.7313763
INFO:root:Epoch: 42, Validation loss: 4.238757, Validation Acc: 0.1796875
INFO:root:Epoch: 43, Train loss: 0.8929049, Train Acc: 0.7430556
INFO:root:Epoch: 43, Validation loss: 4.227856, Validation Acc: 0.16927083
INFO:root:Epoch: 44, Train loss: 0.85615355, Train Acc: 0.7534722
INFO:root:Epoch: 44, Validation loss: 4.389252, Validation Acc: 0.15885417
INFO:root:Epoch: 45, Train loss: 0.8056073, Train Acc: 0.7667298
INFO:root:Epoch: 45, Validation loss: 4.677151, Validation Acc: 0.125
INFO:root:Epoch: 46, Train loss: 0.81163293, Train Acc: 0.76199496
INFO:root:Epoch: 46, Validation loss: 4.3062954, Validation Acc: 0.16666667
INFO:root:Epoch: 47, Train loss: 0.73011905, Train Acc: 0.78440654
INFO:root:Epoch: 47, Validation loss: 4.350763, Validation Acc: 0.16927083
INFO:root:Epoch: 48, Train loss: 0.71286696, Train Acc: 0.78977275
INFO:root:Epoch: 48, Validation loss: 4.4790382, Validation Acc: 0.16927083
INFO:root:Epoch: 49, Train loss: 0.72278863, Train Acc: 0.78756315
INFO:root:Epoch: 49, Validation loss: 4.6665106, Validation Acc: 0.15364583
INFO:root:Epoch: 50, Train loss: 0.6996962, Train Acc: 0.79450756
INFO:root:Epoch: 50, Validation loss: 4.4000354, Validation Acc: 0.13541667
INFO:root:Epoch: 51, Train loss: 0.62349564, Train Acc: 0.81565654
INFO:root:Epoch: 51, Validation loss: 4.607428, Validation Acc: 0.171875
INFO:root:Epoch: 52, Train loss: 0.6451218, Train Acc: 0.8068182
INFO:root:Epoch: 52, Validation loss: 4.552702, Validation Acc: 0.16666667
INFO:root:Epoch: 53, Train loss: 0.6285325, Train Acc: 0.8125
INFO:root:Epoch: 53, Validation loss: 4.5285697, Validation Acc: 0.16666667
INFO:root:Epoch: 54, Train loss: 0.5972462, Train Acc: 0.82575756
INFO:root:Epoch: 54, Validation loss: 4.3685126, Validation Acc: 0.15625
INFO:root:Epoch: 55, Train loss: 0.5420083, Train Acc: 0.8472222
INFO:root:Epoch: 55, Validation loss: 4.4443693, Validation Acc: 0.18229167
INFO:root:Epoch: 56, Train loss: 0.5553784, Train Acc: 0.8358586
INFO:root:Epoch: 56, Validation loss: 4.4195027, Validation Acc: 0.1640625
INFO:root:Epoch: 57, Train loss: 0.55635566, Train Acc: 0.8402778
INFO:root:Epoch: 57, Validation loss: 4.4190273, Validation Acc: 0.15104167
INFO:root:Epoch: 58, Train loss: 0.5558664, Train Acc: 0.83838385
INFO:root:Epoch: 58, Validation loss: 4.4266315, Validation Acc: 0.203125
INFO:root:Epoch: 59, Train loss: 0.5097078, Train Acc: 0.85700756
INFO:root:Epoch: 59, Validation loss: 4.608913, Validation Acc: 0.17447917
INFO:root:Training from ep 0 to ep 60 finished
INFO:root:Best epoch: 59
