INFO:root:Started
INFO:root:Epoch: 0, Train loss: 3.7510998, Train Acc: 0.047348484
INFO:root:Epoch: 0, Validation loss: 3.6312819, Validation Acc: 0.072916664
INFO:root:Epoch: 1, Train loss: 3.4877267, Train Acc: 0.08112374
INFO:root:Epoch: 1, Validation loss: 3.5105422, Validation Acc: 0.0625
INFO:root:Epoch: 2, Train loss: 3.3599935, Train Acc: 0.11647727
INFO:root:Epoch: 2, Validation loss: 3.481891, Validation Acc: 0.078125
INFO:root:Epoch: 3, Train loss: 3.2507226, Train Acc: 0.1395202
INFO:root:Epoch: 3, Validation loss: 3.5677068, Validation Acc: 0.067708336
INFO:root:Epoch: 4, Train loss: 3.1459053, Train Acc: 0.1657197
INFO:root:Epoch: 4, Validation loss: 3.4803045, Validation Acc: 0.096354164
INFO:root:Epoch: 5, Train loss: 3.035935, Train Acc: 0.1830808
INFO:root:Epoch: 5, Validation loss: 3.537855, Validation Acc: 0.096354164
INFO:root:Epoch: 6, Train loss: 2.9448566, Train Acc: 0.2143308
INFO:root:Epoch: 6, Validation loss: 3.363784, Validation Acc: 0.1171875
INFO:root:Epoch: 7, Train loss: 2.8360639, Train Acc: 0.23453283
INFO:root:Epoch: 7, Validation loss: 3.2249634, Validation Acc: 0.14583333
INFO:root:Epoch: 8, Train loss: 2.7585952, Train Acc: 0.2588384
INFO:root:Epoch: 8, Validation loss: 3.277482, Validation Acc: 0.16145833
INFO:root:Epoch: 9, Train loss: 2.6882763, Train Acc: 0.26325756
INFO:root:Epoch: 9, Validation loss: 3.1955054, Validation Acc: 0.1484375
INFO:root:Epoch: 10, Train loss: 2.576656, Train Acc: 0.29924244
INFO:root:Epoch: 10, Validation loss: 3.2210064, Validation Acc: 0.15885417
INFO:root:Epoch: 11, Train loss: 2.4909017, Train Acc: 0.31502524
INFO:root:Epoch: 11, Validation loss: 3.1592407, Validation Acc: 0.17447917
INFO:root:Epoch: 12, Train loss: 2.426271, Train Acc: 0.3431187
INFO:root:Epoch: 12, Validation loss: 3.2880604, Validation Acc: 0.15885417
INFO:root:Epoch: 13, Train loss: 2.3900537, Train Acc: 0.3459596
INFO:root:Epoch: 13, Validation loss: 3.2594435, Validation Acc: 0.1484375
INFO:root:Epoch: 14, Train loss: 2.249213, Train Acc: 0.38289142
INFO:root:Epoch: 14, Validation loss: 3.383507, Validation Acc: 0.17708333
INFO:root:Epoch: 15, Train loss: 2.250687, Train Acc: 0.37910354
INFO:root:Epoch: 15, Validation loss: 3.2221193, Validation Acc: 0.1875
INFO:root:Epoch: 16, Train loss: 2.14453, Train Acc: 0.40719697
INFO:root:Epoch: 16, Validation loss: 3.3927052, Validation Acc: 0.16666667
INFO:root:Epoch: 17, Train loss: 2.1221957, Train Acc: 0.4113005
INFO:root:Epoch: 17, Validation loss: 3.2124186, Validation Acc: 0.18489583
INFO:root:Epoch: 18, Train loss: 2.051451, Train Acc: 0.43055555
INFO:root:Epoch: 18, Validation loss: 3.048796, Validation Acc: 0.1953125
INFO:root:Epoch: 19, Train loss: 1.9611018, Train Acc: 0.44444445
INFO:root:Epoch: 19, Validation loss: 3.3690119, Validation Acc: 0.18489583
INFO:root:Epoch: 20, Train loss: 1.8854358, Train Acc: 0.4722222
INFO:root:Epoch: 20, Validation loss: 3.4515474, Validation Acc: 0.140625
INFO:root:Epoch: 21, Train loss: 1.8690218, Train Acc: 0.4804293
INFO:root:Epoch: 21, Validation loss: 3.4627085, Validation Acc: 0.1875
INFO:root:Epoch: 22, Train loss: 1.8155259, Train Acc: 0.49084595
INFO:root:Epoch: 22, Validation loss: 3.4191682, Validation Acc: 0.18489583
INFO:root:Epoch: 23, Train loss: 1.7905589, Train Acc: 0.4993687
INFO:root:Epoch: 23, Validation loss: 3.3097718, Validation Acc: 0.1796875
INFO:root:Epoch: 24, Train loss: 1.7013493, Train Acc: 0.52020204
INFO:root:Epoch: 24, Validation loss: 3.4946167, Validation Acc: 0.171875
INFO:root:Epoch: 25, Train loss: 1.688024, Train Acc: 0.5268308
INFO:root:Epoch: 25, Validation loss: 3.3106477, Validation Acc: 0.19270833
INFO:root:Epoch: 26, Train loss: 1.5935231, Train Acc: 0.5508207
INFO:root:Epoch: 26, Validation loss: 3.4292715, Validation Acc: 0.1875
INFO:root:Epoch: 27, Train loss: 1.5801172, Train Acc: 0.55492425
INFO:root:Epoch: 27, Validation loss: 3.43307, Validation Acc: 0.21354167
INFO:root:Epoch: 28, Train loss: 1.5059676, Train Acc: 0.57102275
INFO:root:Epoch: 28, Validation loss: 3.4166944, Validation Acc: 0.1796875
INFO:root:Epoch: 29, Train loss: 1.4730061, Train Acc: 0.58743685
INFO:root:Epoch: 29, Validation loss: 3.6168153, Validation Acc: 0.18229167
INFO:root:Training from ep 0 to ep 30 finished
INFO:root:Best epoch: 28
