INFO:root:Started
INFO:root:Epoch: 0, Train loss: 5.0101852
INFO:root:Epoch: 0, Validation loss: 3.0400596
INFO:root:Epoch: 1, Train loss: 2.5096567
INFO:root:Epoch: 1, Validation loss: 2.2557213
INFO:root:Epoch: 2, Train loss: 2.1142051
INFO:root:Epoch: 2, Validation loss: 2.0758145
INFO:root:Epoch: 3, Train loss: 1.9631491
INFO:root:Epoch: 3, Validation loss: 1.9369485
INFO:root:Epoch: 4, Train loss: 1.873304
INFO:root:Epoch: 4, Validation loss: 1.8322107
INFO:root:Epoch: 5, Train loss: 1.803964
INFO:root:Epoch: 5, Validation loss: 1.798186
INFO:root:Epoch: 6, Train loss: 1.7538834
INFO:root:Epoch: 6, Validation loss: 1.768059
INFO:root:Epoch: 7, Train loss: 1.7066245
INFO:root:Epoch: 7, Validation loss: 1.7016093
INFO:root:Epoch: 8, Train loss: 1.6807604
INFO:root:Epoch: 8, Validation loss: 1.6827277
INFO:root:Epoch: 9, Train loss: 1.6487702
INFO:root:Epoch: 9, Validation loss: 1.6444919
INFO:root:Epoch: 10, Train loss: 1.6154546
INFO:root:Epoch: 10, Validation loss: 1.608796
INFO:root:Epoch: 11, Train loss: 1.6023139
INFO:root:Epoch: 11, Validation loss: 1.6208674
INFO:root:Epoch: 12, Train loss: 1.5707237
INFO:root:Epoch: 12, Validation loss: 1.6145543
INFO:root:Epoch: 13, Train loss: 1.5617813
INFO:root:Epoch: 13, Validation loss: 1.5912904
INFO:root:Epoch: 14, Train loss: 1.5509602
INFO:root:Epoch: 14, Validation loss: 1.6106682
INFO:root:Epoch: 15, Train loss: 1.5270778
INFO:root:Epoch: 15, Validation loss: 1.5727103
INFO:root:Epoch: 16, Train loss: 1.5225377
INFO:root:Epoch: 16, Validation loss: 1.6049281
INFO:root:Epoch: 17, Train loss: 1.4935226
INFO:root:Epoch: 17, Validation loss: 1.5491946
INFO:root:Epoch: 18, Train loss: 1.5011253
INFO:root:Epoch: 18, Validation loss: 1.545523
INFO:root:Epoch: 19, Train loss: 1.4775532
INFO:root:Epoch: 19, Validation loss: 1.5303003
INFO:root:Epoch: 20, Train loss: 1.485147
INFO:root:Epoch: 20, Validation loss: 1.5722282
INFO:root:Epoch: 21, Train loss: 1.4575814
INFO:root:Epoch: 21, Validation loss: 1.5773311
INFO:root:Epoch: 22, Train loss: 1.456677
INFO:root:Epoch: 22, Validation loss: 1.5354116
INFO:root:Epoch: 23, Train loss: 1.4375294
INFO:root:Epoch: 23, Validation loss: 1.5298375
INFO:root:Epoch: 24, Train loss: 1.4354653
INFO:root:Epoch: 24, Validation loss: 1.4607295
INFO:root:Epoch: 25, Train loss: 1.4266058
INFO:root:Epoch: 25, Validation loss: 1.4779699
INFO:root:Epoch: 26, Train loss: 1.4115158
INFO:root:Epoch: 26, Validation loss: 1.4563059
INFO:root:Epoch: 27, Train loss: 1.3878509
INFO:root:Epoch: 27, Validation loss: 1.473107
INFO:root:Epoch: 28, Train loss: 1.3836002
INFO:root:Epoch: 28, Validation loss: 1.441888
INFO:root:Epoch: 29, Train loss: 1.371104
INFO:root:Epoch: 29, Validation loss: 1.4774015
INFO:root:Epoch: 30, Train loss: 1.3672761
INFO:root:Epoch: 30, Validation loss: 1.4348315
INFO:root:Epoch: 31, Train loss: 1.3497359
INFO:root:Epoch: 31, Validation loss: 1.4346396
INFO:root:Epoch: 32, Train loss: 1.3500564
INFO:root:Epoch: 32, Validation loss: 1.4530339
INFO:root:Epoch: 33, Train loss: 1.3352076
INFO:root:Epoch: 33, Validation loss: 1.4104224
INFO:root:Epoch: 34, Train loss: 1.3278362
INFO:root:Epoch: 34, Validation loss: 1.3718909
INFO:root:Epoch: 35, Train loss: 1.3183086
INFO:root:Epoch: 35, Validation loss: 1.4202958
INFO:root:Epoch: 36, Train loss: 1.3205613
INFO:root:Epoch: 36, Validation loss: 1.4228245
INFO:root:Epoch: 37, Train loss: 1.3026925
INFO:root:Epoch: 37, Validation loss: 1.3757964
INFO:root:Epoch: 38, Train loss: 1.3105228
INFO:root:Epoch: 38, Validation loss: 1.3947498
INFO:root:Epoch: 39, Train loss: 1.2831408
INFO:root:Epoch: 39, Validation loss: 1.3515581
INFO:root:Epoch: 40, Train loss: 1.2797259
INFO:root:Epoch: 40, Validation loss: 1.4020878
INFO:root:Epoch: 41, Train loss: 1.2470756
INFO:root:Epoch: 41, Validation loss: 1.395363
INFO:root:Epoch: 42, Train loss: 1.2550715
INFO:root:Epoch: 42, Validation loss: 1.3243765
INFO:root:Epoch: 43, Train loss: 1.252759
INFO:root:Epoch: 43, Validation loss: 1.3479398
INFO:root:Epoch: 44, Train loss: 1.2418061
INFO:root:Epoch: 44, Validation loss: 1.3944707
INFO:root:Epoch: 45, Train loss: 1.2366673
INFO:root:Epoch: 45, Validation loss: 1.2764583
INFO:root:Epoch: 46, Train loss: 1.2376643
INFO:root:Epoch: 46, Validation loss: 1.3146926
INFO:root:Epoch: 47, Train loss: 1.2276417
INFO:root:Epoch: 47, Validation loss: 1.2907931
INFO:root:Epoch: 48, Train loss: 1.2332162
INFO:root:Epoch: 48, Validation loss: 1.4229296
INFO:root:Epoch: 49, Train loss: 1.2020193
INFO:root:Epoch: 49, Validation loss: 1.2305615
INFO:root:Epoch: 50, Train loss: 1.210999
INFO:root:Epoch: 50, Validation loss: 1.301761
INFO:root:Epoch: 51, Train loss: 1.1932868
INFO:root:Epoch: 51, Validation loss: 1.2650142
INFO:root:Epoch: 52, Train loss: 1.1656837
INFO:root:Epoch: 52, Validation loss: 1.3399185
INFO:root:Epoch: 53, Train loss: 1.1671215
INFO:root:Epoch: 53, Validation loss: 1.2790039
INFO:root:Epoch: 54, Train loss: 1.1742232
INFO:root:Epoch: 54, Validation loss: 1.2555641
INFO:root:Epoch: 55, Train loss: 1.1634517
INFO:root:Epoch: 55, Validation loss: 1.231869
INFO:root:Epoch: 56, Train loss: 1.1652505
INFO:root:Epoch: 56, Validation loss: 1.2752281
INFO:root:Epoch: 57, Train loss: 1.1587127
INFO:root:Epoch: 57, Validation loss: 1.3129731
INFO:root:Epoch: 58, Train loss: 1.1611247
INFO:root:Epoch: 58, Validation loss: 1.2222868
INFO:root:Epoch: 59, Train loss: 1.1405648
INFO:root:Epoch: 59, Validation loss: 1.2725123
INFO:root:Epoch: 60, Train loss: 1.1355151
INFO:root:Epoch: 60, Validation loss: 1.1733983
INFO:root:Epoch: 61, Train loss: 1.1410133
INFO:root:Epoch: 61, Validation loss: 1.2382892
INFO:root:Epoch: 62, Train loss: 1.1358638
INFO:root:Epoch: 62, Validation loss: 1.1701167
INFO:root:Epoch: 63, Train loss: 1.1123182
INFO:root:Epoch: 63, Validation loss: 1.1927009
INFO:root:Epoch: 64, Train loss: 1.1248837
INFO:root:Epoch: 64, Validation loss: 1.230006
INFO:root:Epoch: 65, Train loss: 1.1134086
INFO:root:Epoch: 65, Validation loss: 1.1848983
INFO:root:Epoch: 66, Train loss: 1.083587
INFO:root:Epoch: 66, Validation loss: 1.2138991
INFO:root:Epoch: 67, Train loss: 1.0760385
INFO:root:Epoch: 67, Validation loss: 1.1985359
INFO:root:Epoch: 68, Train loss: 1.0858674
INFO:root:Epoch: 68, Validation loss: 1.2545466
INFO:root:Epoch: 69, Train loss: 1.0815057
INFO:root:Epoch: 69, Validation loss: 1.1852984
INFO:root:Epoch: 70, Train loss: 1.0695503
INFO:root:Epoch: 70, Validation loss: 1.2226315
INFO:root:Epoch: 71, Train loss: 1.0684944
INFO:root:Epoch: 71, Validation loss: 1.1942629
INFO:root:Epoch: 72, Train loss: 1.064037
INFO:root:Epoch: 72, Validation loss: 1.1773907
INFO:root:Epoch: 73, Train loss: 1.0580807
INFO:root:Epoch: 73, Validation loss: 1.1513273
INFO:root:Epoch: 74, Train loss: 1.0495905
INFO:root:Epoch: 74, Validation loss: 1.1362435
INFO:root:Epoch: 75, Train loss: 1.0381575
INFO:root:Epoch: 75, Validation loss: 1.1418554
INFO:root:Epoch: 76, Train loss: 1.0366111
INFO:root:Epoch: 76, Validation loss: 1.1351327
INFO:root:Epoch: 77, Train loss: 1.0319829
INFO:root:Epoch: 77, Validation loss: 1.1310164
INFO:root:Epoch: 78, Train loss: 1.0152191
INFO:root:Epoch: 78, Validation loss: 1.1262181
INFO:root:Epoch: 79, Train loss: 1.0055391
INFO:root:Epoch: 79, Validation loss: 1.1241068
INFO:root:Epoch: 80, Train loss: 1.0159205
INFO:root:Epoch: 80, Validation loss: 1.1323458
INFO:root:Epoch: 81, Train loss: 1.0159925
INFO:root:Epoch: 81, Validation loss: 1.1297108
INFO:root:Epoch: 82, Train loss: 1.0073751
INFO:root:Epoch: 82, Validation loss: 1.0915716
INFO:root:Epoch: 83, Train loss: 1.005487
INFO:root:Epoch: 83, Validation loss: 1.170323
INFO:root:Epoch: 84, Train loss: 1.0055699
INFO:root:Epoch: 84, Validation loss: 1.1152209
INFO:root:Epoch: 85, Train loss: 0.9947333
INFO:root:Epoch: 85, Validation loss: 1.1171414
INFO:root:Epoch: 86, Train loss: 0.9754354
INFO:root:Epoch: 86, Validation loss: 1.1187624
INFO:root:Epoch: 87, Train loss: 0.98316616
INFO:root:Epoch: 87, Validation loss: 1.0703562
INFO:root:Epoch: 88, Train loss: 0.9774213
INFO:root:Epoch: 88, Validation loss: 1.1812518
INFO:root:Epoch: 89, Train loss: 0.97260106
INFO:root:Epoch: 89, Validation loss: 1.153574
INFO:root:Epoch: 90, Train loss: 0.9712072
INFO:root:Epoch: 90, Validation loss: 1.0975454
INFO:root:Epoch: 91, Train loss: 0.9703845
INFO:root:Epoch: 91, Validation loss: 1.0856985
INFO:root:Epoch: 92, Train loss: 0.9506111
INFO:root:Epoch: 92, Validation loss: 1.0102671
INFO:root:Epoch: 93, Train loss: 0.9379255
INFO:root:Epoch: 93, Validation loss: 0.9967362
INFO:root:Epoch: 94, Train loss: 0.9421948
INFO:root:Epoch: 94, Validation loss: 1.0704707
INFO:root:Epoch: 95, Train loss: 0.9522067
INFO:root:Epoch: 95, Validation loss: 0.98724884
INFO:root:Epoch: 96, Train loss: 0.9283472
INFO:root:Epoch: 96, Validation loss: 1.0889833
INFO:root:Epoch: 97, Train loss: 0.93844265
INFO:root:Epoch: 97, Validation loss: 1.0405221
INFO:root:Epoch: 98, Train loss: 0.93085015
INFO:root:Epoch: 98, Validation loss: 1.0328603
INFO:root:Epoch: 99, Train loss: 0.9278004
INFO:root:Epoch: 99, Validation loss: 1.0506233
INFO:root:Training from ep 0 to ep 100 finished
INFO:root:Best epoch: 96
