INFO:root:Started
INFO:root:Epoch: 0, Train loss: 3.7214482, Train Acc: 0.057449494
INFO:root:Epoch: 0, Validation loss: 3.6150157, Validation Acc: 0.072916664
INFO:root:Epoch: 1, Train loss: 3.3730767, Train Acc: 0.10858586
INFO:root:Epoch: 1, Validation loss: 3.4595616, Validation Acc: 0.111979164
INFO:root:Epoch: 2, Train loss: 3.1940567, Train Acc: 0.14772727
INFO:root:Epoch: 2, Validation loss: 3.4052784, Validation Acc: 0.13020833
INFO:root:Epoch: 3, Train loss: 3.0450978, Train Acc: 0.18434343
INFO:root:Epoch: 3, Validation loss: 3.1982086, Validation Acc: 0.15625
INFO:root:Epoch: 4, Train loss: 2.9539342, Train Acc: 0.20454545
INFO:root:Epoch: 4, Validation loss: 3.1274383, Validation Acc: 0.15625
INFO:root:Epoch: 5, Train loss: 2.8425457, Train Acc: 0.22253788
INFO:root:Epoch: 5, Validation loss: 3.2486317, Validation Acc: 0.20572917
INFO:root:Epoch: 6, Train loss: 2.7519264, Train Acc: 0.25189394
INFO:root:Epoch: 6, Validation loss: 3.2267969, Validation Acc: 0.16666667
INFO:root:Epoch: 7, Train loss: 2.670242, Train Acc: 0.26830807
INFO:root:Epoch: 7, Validation loss: 3.349556, Validation Acc: 0.140625
INFO:root:Epoch: 8, Train loss: 2.609953, Train Acc: 0.28756315
INFO:root:Epoch: 8, Validation loss: 3.14874, Validation Acc: 0.17708333
INFO:root:Epoch: 9, Train loss: 2.4718952, Train Acc: 0.3181818
INFO:root:Epoch: 9, Validation loss: 3.2160132, Validation Acc: 0.20572917
INFO:root:Epoch: 10, Train loss: 2.4170828, Train Acc: 0.32386363
INFO:root:Epoch: 10, Validation loss: 3.2524881, Validation Acc: 0.1875
INFO:root:Epoch: 11, Train loss: 2.3355742, Train Acc: 0.3494318
INFO:root:Epoch: 11, Validation loss: 3.2786674, Validation Acc: 0.15364583
INFO:root:Epoch: 12, Train loss: 2.2705085, Train Acc: 0.37468433
INFO:root:Epoch: 12, Validation loss: 3.1958277, Validation Acc: 0.18229167
INFO:root:Epoch: 13, Train loss: 2.197256, Train Acc: 0.3910985
INFO:root:Epoch: 13, Validation loss: 3.0143197, Validation Acc: 0.21614583
INFO:root:Epoch: 14, Train loss: 2.1827006, Train Acc: 0.3910985
INFO:root:Epoch: 14, Validation loss: 3.2768564, Validation Acc: 0.21354167
INFO:root:Epoch: 15, Train loss: 2.0803719, Train Acc: 0.41824496
INFO:root:Epoch: 15, Validation loss: 3.19015, Validation Acc: 0.16145833
INFO:root:Epoch: 16, Train loss: 2.004822, Train Acc: 0.43371212
INFO:root:Epoch: 16, Validation loss: 3.2240846, Validation Acc: 0.19010417
INFO:root:Epoch: 17, Train loss: 1.9418467, Train Acc: 0.4520202
INFO:root:Epoch: 17, Validation loss: 3.2238953, Validation Acc: 0.203125
INFO:root:Epoch: 18, Train loss: 1.9090898, Train Acc: 0.45864898
INFO:root:Epoch: 18, Validation loss: 3.239261, Validation Acc: 0.18489583
INFO:root:Epoch: 19, Train loss: 1.8415779, Train Acc: 0.47853535
INFO:root:Epoch: 19, Validation loss: 3.118868, Validation Acc: 0.22395833
INFO:root:Epoch: 20, Train loss: 1.8139092, Train Acc: 0.488952
INFO:root:Epoch: 20, Validation loss: 3.0537903, Validation Acc: 0.21614583
INFO:root:Epoch: 21, Train loss: 1.7863684, Train Acc: 0.48705807
INFO:root:Epoch: 21, Validation loss: 3.1372554, Validation Acc: 0.1953125
INFO:root:Epoch: 22, Train loss: 1.6895, Train Acc: 0.5176768
INFO:root:Epoch: 22, Validation loss: 3.4363177, Validation Acc: 0.20052083
INFO:root:Epoch: 23, Train loss: 1.6509595, Train Acc: 0.52714646
INFO:root:Epoch: 23, Validation loss: 3.207469, Validation Acc: 0.22395833
INFO:root:Epoch: 24, Train loss: 1.6075101, Train Acc: 0.540404
INFO:root:Epoch: 24, Validation loss: 3.226361, Validation Acc: 0.24739583
INFO:root:Epoch: 25, Train loss: 1.5671808, Train Acc: 0.5565025
INFO:root:Epoch: 25, Validation loss: 3.197366, Validation Acc: 0.2265625
INFO:root:Epoch: 26, Train loss: 1.5496, Train Acc: 0.5508207
INFO:root:Epoch: 26, Validation loss: 3.0550635, Validation Acc: 0.2734375
INFO:root:Epoch: 27, Train loss: 1.453463, Train Acc: 0.5814394
INFO:root:Epoch: 27, Validation loss: 3.3849723, Validation Acc: 0.203125
INFO:root:Epoch: 28, Train loss: 1.4982716, Train Acc: 0.56565654
INFO:root:Epoch: 28, Validation loss: 3.1871576, Validation Acc: 0.234375
INFO:root:Epoch: 29, Train loss: 1.3979167, Train Acc: 0.5997475
INFO:root:Epoch: 29, Validation loss: 3.2533514, Validation Acc: 0.2421875
INFO:root:Training from ep 0 to ep 30 finished
INFO:root:Best epoch: 27
