INFO:root:Started
INFO:root:Epoch: 0, Train loss: 12.928763
INFO:root:Epoch: 0, Validation loss: 9.60753
INFO:root:Epoch: 1, Train loss: 8.621476
INFO:root:Epoch: 1, Validation loss: 7.961652
INFO:root:Epoch: 2, Train loss: 7.5287857
INFO:root:Epoch: 2, Validation loss: 7.257588
INFO:root:Epoch: 3, Train loss: 7.0137453
INFO:root:Epoch: 3, Validation loss: 6.83535
INFO:root:Epoch: 4, Train loss: 6.6203566
INFO:root:Epoch: 4, Validation loss: 6.627457
INFO:root:Epoch: 5, Train loss: 6.3537984
INFO:root:Epoch: 5, Validation loss: 6.2560415
INFO:root:Epoch: 6, Train loss: 6.238112
INFO:root:Epoch: 6, Validation loss: 6.318283
INFO:root:Epoch: 7, Train loss: 6.165127
INFO:root:Epoch: 7, Validation loss: 6.1900325
INFO:root:Epoch: 8, Train loss: 6.1334705
INFO:root:Epoch: 8, Validation loss: 6.188449
INFO:root:Epoch: 9, Train loss: 6.0865035
INFO:root:Epoch: 9, Validation loss: 6.08155
INFO:root:Epoch: 10, Train loss: 6.036472
INFO:root:Epoch: 10, Validation loss: 6.258865
INFO:root:Epoch: 11, Train loss: 6.0055375
INFO:root:Epoch: 11, Validation loss: 6.031197
INFO:root:Epoch: 12, Train loss: 5.95537
INFO:root:Epoch: 12, Validation loss: 5.9933934
INFO:root:Epoch: 13, Train loss: 5.9283834
INFO:root:Epoch: 13, Validation loss: 5.9815016
INFO:root:Epoch: 14, Train loss: 5.907279
INFO:root:Epoch: 14, Validation loss: 5.957641
INFO:root:Epoch: 15, Train loss: 5.8893743
INFO:root:Epoch: 15, Validation loss: 6.029984
INFO:root:Epoch: 16, Train loss: 5.8630557
INFO:root:Epoch: 16, Validation loss: 5.956411
INFO:root:Epoch: 17, Train loss: 5.853868
INFO:root:Epoch: 17, Validation loss: 5.969806
INFO:root:Epoch: 18, Train loss: 5.836396
INFO:root:Epoch: 18, Validation loss: 6.00455
INFO:root:Epoch: 19, Train loss: 5.8273916
INFO:root:Epoch: 19, Validation loss: 5.9048243
INFO:root:Epoch: 20, Train loss: 5.808137
INFO:root:Epoch: 20, Validation loss: 5.9226775
INFO:root:Epoch: 21, Train loss: 5.822048
INFO:root:Epoch: 21, Validation loss: 5.9550905
INFO:root:Epoch: 22, Train loss: 5.7910933
INFO:root:Epoch: 22, Validation loss: 5.9166327
INFO:root:Epoch: 23, Train loss: 5.7891784
INFO:root:Epoch: 23, Validation loss: 5.8696947
INFO:root:Epoch: 24, Train loss: 5.7909265
INFO:root:Epoch: 24, Validation loss: 5.8624825
INFO:root:Epoch: 25, Train loss: 5.771381
INFO:root:Epoch: 25, Validation loss: 5.8407264
INFO:root:Epoch: 26, Train loss: 5.7312818
INFO:root:Epoch: 26, Validation loss: 5.8610454
INFO:root:Epoch: 27, Train loss: 5.728917
INFO:root:Epoch: 27, Validation loss: 5.8150806
INFO:root:Epoch: 28, Train loss: 5.703288
INFO:root:Epoch: 28, Validation loss: 5.804912
INFO:root:Epoch: 29, Train loss: 5.7071185
INFO:root:Epoch: 29, Validation loss: 5.748438
INFO:root:Epoch: 30, Train loss: 5.671525
INFO:root:Epoch: 30, Validation loss: 5.7887716
INFO:root:Epoch: 31, Train loss: 5.646572
INFO:root:Epoch: 31, Validation loss: 5.7440295
INFO:root:Epoch: 32, Train loss: 5.586619
INFO:root:Epoch: 32, Validation loss: 5.649028
INFO:root:Epoch: 33, Train loss: 5.5280395
INFO:root:Epoch: 33, Validation loss: 5.6133485
INFO:root:Epoch: 34, Train loss: 5.4795613
INFO:root:Epoch: 34, Validation loss: 5.694119
INFO:root:Epoch: 35, Train loss: 5.4561706
INFO:root:Epoch: 35, Validation loss: 5.5773897
INFO:root:Epoch: 36, Train loss: 5.439146
INFO:root:Epoch: 36, Validation loss: 5.517176
INFO:root:Epoch: 37, Train loss: 5.4323225
INFO:root:Epoch: 37, Validation loss: 5.5384607
INFO:root:Epoch: 38, Train loss: 5.4456897
INFO:root:Epoch: 38, Validation loss: 5.550478
INFO:root:Epoch: 39, Train loss: 5.4254513
INFO:root:Epoch: 39, Validation loss: 5.547746
INFO:root:Epoch: 40, Train loss: 5.4165754
INFO:root:Epoch: 40, Validation loss: 5.512456
INFO:root:Epoch: 41, Train loss: 5.413501
INFO:root:Epoch: 41, Validation loss: 5.545049
INFO:root:Epoch: 42, Train loss: 5.3844576
INFO:root:Epoch: 42, Validation loss: 5.5078144
INFO:root:Epoch: 43, Train loss: 5.378929
INFO:root:Epoch: 43, Validation loss: 5.4682794
INFO:root:Epoch: 44, Train loss: 5.3751965
INFO:root:Epoch: 44, Validation loss: 5.5484424
INFO:root:Epoch: 45, Train loss: 5.367175
INFO:root:Epoch: 45, Validation loss: 5.448667
INFO:root:Epoch: 46, Train loss: 5.3852444
INFO:root:Epoch: 46, Validation loss: 5.5906096
INFO:root:Epoch: 47, Train loss: 5.367963
INFO:root:Epoch: 47, Validation loss: 5.51011
INFO:root:Epoch: 48, Train loss: 5.3509974
INFO:root:Epoch: 48, Validation loss: 5.507696
INFO:root:Epoch: 49, Train loss: 5.352983
INFO:root:Epoch: 49, Validation loss: 5.490326
INFO:root:Epoch: 50, Train loss: 5.334634
INFO:root:Epoch: 50, Validation loss: 5.5450788
INFO:root:Epoch: 51, Train loss: 5.357084
INFO:root:Epoch: 51, Validation loss: 5.468373
INFO:root:Epoch: 52, Train loss: 5.346608
INFO:root:Epoch: 52, Validation loss: 5.485309
INFO:root:Epoch: 53, Train loss: 5.35189
INFO:root:Epoch: 53, Validation loss: 5.4447703
INFO:root:Epoch: 54, Train loss: 5.315064
INFO:root:Epoch: 54, Validation loss: 5.4251156
INFO:root:Epoch: 55, Train loss: 5.318958
INFO:root:Epoch: 55, Validation loss: 5.4815917
INFO:root:Epoch: 56, Train loss: 5.3383007
INFO:root:Epoch: 56, Validation loss: 5.450704
INFO:root:Epoch: 57, Train loss: 5.3157754
INFO:root:Epoch: 57, Validation loss: 5.5031962
INFO:root:Epoch: 58, Train loss: 5.2976723
INFO:root:Epoch: 58, Validation loss: 5.42933
INFO:root:Epoch: 59, Train loss: 5.303466
INFO:root:Epoch: 59, Validation loss: 5.4331927
INFO:root:Epoch: 60, Train loss: 5.2911844
INFO:root:Epoch: 60, Validation loss: 5.407961
INFO:root:Epoch: 61, Train loss: 5.2860546
INFO:root:Epoch: 61, Validation loss: 5.4124866
INFO:root:Epoch: 62, Train loss: 5.2797494
INFO:root:Epoch: 62, Validation loss: 5.4537625
INFO:root:Epoch: 63, Train loss: 5.2828403
INFO:root:Epoch: 63, Validation loss: 5.3816123
INFO:root:Epoch: 64, Train loss: 5.279698
INFO:root:Epoch: 64, Validation loss: 5.415616
INFO:root:Epoch: 65, Train loss: 5.271744
INFO:root:Epoch: 65, Validation loss: 5.4320774
INFO:root:Epoch: 66, Train loss: 5.2754498
INFO:root:Epoch: 66, Validation loss: 5.4055257
INFO:root:Epoch: 67, Train loss: 5.2721395
INFO:root:Epoch: 67, Validation loss: 5.4209833
INFO:root:Epoch: 68, Train loss: 5.2317543
INFO:root:Epoch: 68, Validation loss: 5.33644
INFO:root:Epoch: 69, Train loss: 5.255412
INFO:root:Epoch: 69, Validation loss: 5.442391
INFO:root:Epoch: 70, Train loss: 5.249677
INFO:root:Epoch: 70, Validation loss: 5.4543076
INFO:root:Epoch: 71, Train loss: 5.2352595
INFO:root:Epoch: 71, Validation loss: 5.412085
INFO:root:Epoch: 72, Train loss: 5.2434883
INFO:root:Epoch: 72, Validation loss: 5.393852
INFO:root:Epoch: 73, Train loss: 5.236625
INFO:root:Epoch: 73, Validation loss: 5.376962
INFO:root:Epoch: 74, Train loss: 5.240994
INFO:root:Epoch: 74, Validation loss: 5.382852
INFO:root:Epoch: 75, Train loss: 5.199646
INFO:root:Epoch: 75, Validation loss: 5.392484
INFO:root:Epoch: 76, Train loss: 5.22123
INFO:root:Epoch: 76, Validation loss: 5.402014
INFO:root:Epoch: 77, Train loss: 5.2175517
INFO:root:Epoch: 77, Validation loss: 5.3988967
INFO:root:Epoch: 78, Train loss: 5.225952
INFO:root:Epoch: 78, Validation loss: 5.372742
INFO:root:Epoch: 79, Train loss: 5.213101
INFO:root:Epoch: 79, Validation loss: 5.3503466
INFO:root:Epoch: 80, Train loss: 5.1988707
INFO:root:Epoch: 80, Validation loss: 5.403738
INFO:root:Epoch: 81, Train loss: 5.212172
INFO:root:Epoch: 81, Validation loss: 5.3649783
INFO:root:Epoch: 82, Train loss: 5.2106934
INFO:root:Epoch: 82, Validation loss: 5.451894
INFO:root:Epoch: 83, Train loss: 5.1935816
INFO:root:Epoch: 83, Validation loss: 5.3477283
INFO:root:Epoch: 84, Train loss: 5.1772923
INFO:root:Epoch: 84, Validation loss: 5.3727617
INFO:root:Epoch: 85, Train loss: 5.188043
INFO:root:Epoch: 85, Validation loss: 5.314321
INFO:root:Epoch: 86, Train loss: 5.163566
INFO:root:Epoch: 86, Validation loss: 5.334113
INFO:root:Epoch: 87, Train loss: 5.1825047
INFO:root:Epoch: 87, Validation loss: 5.413692
INFO:root:Epoch: 88, Train loss: 5.188767
INFO:root:Epoch: 88, Validation loss: 5.404733
INFO:root:Epoch: 89, Train loss: 5.208508
INFO:root:Epoch: 89, Validation loss: 5.4291058
INFO:root:Epoch: 90, Train loss: 5.161862
INFO:root:Epoch: 90, Validation loss: 5.258146
INFO:root:Epoch: 91, Train loss: 5.157942
INFO:root:Epoch: 91, Validation loss: 5.3679647
INFO:root:Epoch: 92, Train loss: 5.165239
INFO:root:Epoch: 92, Validation loss: 5.302968
INFO:root:Epoch: 93, Train loss: 5.145427
INFO:root:Epoch: 93, Validation loss: 5.340072
INFO:root:Epoch: 94, Train loss: 5.154365
INFO:root:Epoch: 94, Validation loss: 5.3346543
INFO:root:Epoch: 95, Train loss: 5.147642
INFO:root:Epoch: 95, Validation loss: 5.323718
INFO:root:Epoch: 96, Train loss: 5.1477957
INFO:root:Epoch: 96, Validation loss: 5.397649
INFO:root:Epoch: 97, Train loss: 5.159233
INFO:root:Epoch: 97, Validation loss: 5.28953
INFO:root:Epoch: 98, Train loss: 5.160636
INFO:root:Epoch: 98, Validation loss: 5.354209
INFO:root:Epoch: 99, Train loss: 5.140263
INFO:root:Epoch: 99, Validation loss: 5.330269
INFO:root:Training from ep 0 to ep 100 finished
INFO:root:Best epoch: 91
