INFO:root:Started
INFO:root:Epoch: 0, Train loss: 0.14493524
INFO:root:Epoch: 0, Validation loss: 0.011698901
INFO:root:Epoch: 1, Train loss: 0.004934264
INFO:root:Epoch: 1, Validation loss: 0.003560438
INFO:root:Epoch: 2, Train loss: 0.0022307753
INFO:root:Epoch: 2, Validation loss: 0.0016177153
INFO:root:Epoch: 3, Train loss: 0.0013100688
INFO:root:Epoch: 3, Validation loss: 0.002121756
INFO:root:Epoch: 4, Train loss: 0.0008303175
INFO:root:Epoch: 4, Validation loss: 0.017806908
INFO:root:Epoch: 5, Train loss: 0.0006100519
INFO:root:Epoch: 5, Validation loss: 0.0008107658
INFO:root:Epoch: 6, Train loss: 0.00046506163
INFO:root:Epoch: 6, Validation loss: 0.0005491491
INFO:root:Epoch: 7, Train loss: 0.00040035474
INFO:root:Epoch: 7, Validation loss: 0.00065324013
INFO:root:Epoch: 8, Train loss: 0.00033476768
INFO:root:Epoch: 8, Validation loss: 0.0013338962
INFO:root:Epoch: 9, Train loss: 0.00027684748
INFO:root:Epoch: 9, Validation loss: 0.0010102588
INFO:root:Epoch: 10, Train loss: 0.0002487017
INFO:root:Epoch: 10, Validation loss: 0.00030249372
INFO:root:Epoch: 11, Train loss: 0.00022406188
INFO:root:Epoch: 11, Validation loss: 0.0016039581
INFO:root:Epoch: 12, Train loss: 0.00021863458
INFO:root:Epoch: 12, Validation loss: 0.0006162155
INFO:root:Epoch: 13, Train loss: 0.0001814147
INFO:root:Epoch: 13, Validation loss: 0.0011261553
INFO:root:Epoch: 14, Train loss: 0.0001955896
INFO:root:Epoch: 14, Validation loss: 0.00051832787
INFO:root:Epoch: 15, Train loss: 0.00017010058
INFO:root:Epoch: 15, Validation loss: 0.00046240113
INFO:root:Epoch: 16, Train loss: 0.00014157155
INFO:root:Epoch: 16, Validation loss: 0.00029898048
INFO:root:Epoch: 17, Train loss: 0.0001447924
INFO:root:Epoch: 17, Validation loss: 0.0009206906
INFO:root:Epoch: 18, Train loss: 0.00014288648
INFO:root:Epoch: 18, Validation loss: 0.0028833859
INFO:root:Epoch: 19, Train loss: 0.00012598273
INFO:root:Epoch: 19, Validation loss: 0.0056218943
INFO:root:Epoch: 20, Train loss: 0.0001187687
INFO:root:Epoch: 20, Validation loss: 0.001219843
INFO:root:Epoch: 21, Train loss: 0.000102776816
INFO:root:Epoch: 21, Validation loss: 0.0002625551
INFO:root:Epoch: 22, Train loss: 0.00013875183
INFO:root:Epoch: 22, Validation loss: 0.0008231984
INFO:root:Epoch: 23, Train loss: 9.797546e-05
INFO:root:Epoch: 23, Validation loss: 0.000293033
INFO:root:Epoch: 24, Train loss: 0.000101195496
INFO:root:Epoch: 24, Validation loss: 0.0005828291
INFO:root:Epoch: 25, Train loss: 9.4939795e-05
INFO:root:Epoch: 25, Validation loss: 0.0011335374
INFO:root:Epoch: 26, Train loss: 8.555421e-05
INFO:root:Epoch: 26, Validation loss: 0.0013915227
INFO:root:Epoch: 27, Train loss: 7.656465e-05
INFO:root:Epoch: 27, Validation loss: 0.0014054831
INFO:root:Epoch: 28, Train loss: 7.653759e-05
INFO:root:Epoch: 28, Validation loss: 0.00080533646
INFO:root:Epoch: 29, Train loss: 7.452973e-05
INFO:root:Epoch: 29, Validation loss: 0.0042890203
INFO:root:Epoch: 30, Train loss: 7.936469e-05
INFO:root:Epoch: 30, Validation loss: 0.003569649
INFO:root:Epoch: 31, Train loss: 8.180792e-05
INFO:root:Epoch: 31, Validation loss: 0.0005001623
INFO:root:Epoch: 32, Train loss: 6.4511936e-05
INFO:root:Epoch: 32, Validation loss: 0.00030768578
INFO:root:Epoch: 33, Train loss: 6.343237e-05
INFO:root:Epoch: 33, Validation loss: 0.00030006992
INFO:root:Epoch: 34, Train loss: 7.2216644e-05
INFO:root:Epoch: 34, Validation loss: 0.0072706374
INFO:root:Epoch: 35, Train loss: 9.562381e-05
INFO:root:Epoch: 35, Validation loss: 0.0013423007
INFO:root:Epoch: 36, Train loss: 7.0465765e-05
INFO:root:Epoch: 36, Validation loss: 0.0035659096
INFO:root:Epoch: 37, Train loss: 7.249356e-05
INFO:root:Epoch: 37, Validation loss: 0.00079654605
INFO:root:Epoch: 38, Train loss: 5.5921464e-05
INFO:root:Epoch: 38, Validation loss: 0.0034015998
INFO:root:Epoch: 39, Train loss: 6.10951e-05
INFO:root:Epoch: 39, Validation loss: 0.0036827042
INFO:root:Epoch: 40, Train loss: 4.23587e-05
INFO:root:Epoch: 40, Validation loss: 0.0013978847
INFO:root:Epoch: 41, Train loss: 5.506969e-05
INFO:root:Epoch: 41, Validation loss: 0.00039046124
INFO:root:Epoch: 42, Train loss: 5.6068133e-05
INFO:root:Epoch: 42, Validation loss: 0.001026122
INFO:root:Epoch: 43, Train loss: 5.2818104e-05
INFO:root:Epoch: 43, Validation loss: 0.0029671048
INFO:root:Epoch: 44, Train loss: 4.730083e-05
INFO:root:Epoch: 44, Validation loss: 0.0021693797
INFO:root:Epoch: 45, Train loss: 9.145676e-05
INFO:root:Epoch: 45, Validation loss: 0.0025213433
INFO:root:Epoch: 46, Train loss: 5.2563086e-05
INFO:root:Epoch: 46, Validation loss: 0.0019129888
INFO:root:Epoch: 47, Train loss: 3.0759657e-05
INFO:root:Epoch: 47, Validation loss: 0.0021834637
INFO:root:Epoch: 48, Train loss: 3.5350804e-05
INFO:root:Epoch: 48, Validation loss: 0.0029403444
INFO:root:Epoch: 49, Train loss: 4.867196e-05
INFO:root:Epoch: 49, Validation loss: 0.00086387055
INFO:root:Epoch: 50, Train loss: 4.3520067e-05
INFO:root:Epoch: 50, Validation loss: 0.00089986116
INFO:root:Epoch: 51, Train loss: 2.8108136e-05
INFO:root:Epoch: 51, Validation loss: 0.003586705
INFO:root:Epoch: 52, Train loss: 3.237808e-05
INFO:root:Epoch: 52, Validation loss: 0.0009050542
INFO:root:Epoch: 53, Train loss: 3.4592344e-05
INFO:root:Epoch: 53, Validation loss: 0.0010303061
INFO:root:Epoch: 54, Train loss: 3.644654e-05
INFO:root:Epoch: 54, Validation loss: 0.0013559548
INFO:root:Epoch: 55, Train loss: 3.331751e-05
INFO:root:Epoch: 55, Validation loss: 0.0012983046
INFO:root:Epoch: 56, Train loss: 3.5446832e-05
INFO:root:Epoch: 56, Validation loss: 0.007338182
INFO:root:Epoch: 57, Train loss: 3.6086076e-05
INFO:root:Epoch: 57, Validation loss: 0.0022646738
INFO:root:Epoch: 58, Train loss: 3.690462e-05
INFO:root:Epoch: 58, Validation loss: 0.00043050587
INFO:root:Epoch: 59, Train loss: 2.4631816e-05
INFO:root:Epoch: 59, Validation loss: 0.0013104674
INFO:root:Epoch: 60, Train loss: 0.00026357602
INFO:root:Epoch: 60, Validation loss: 0.0007286665
INFO:root:Epoch: 61, Train loss: 7.152157e-05
INFO:root:Epoch: 61, Validation loss: 0.00020420107
INFO:root:Epoch: 62, Train loss: 3.636925e-05
INFO:root:Epoch: 62, Validation loss: 0.0010027483
INFO:root:Epoch: 63, Train loss: 3.4917277e-05
INFO:root:Epoch: 63, Validation loss: 0.00034721105
INFO:root:Epoch: 64, Train loss: 2.833211e-05
INFO:root:Epoch: 64, Validation loss: 0.0023083144
INFO:root:Epoch: 65, Train loss: 3.256327e-05
INFO:root:Epoch: 65, Validation loss: 0.00017405448
INFO:root:Epoch: 66, Train loss: 1.942116e-05
INFO:root:Epoch: 66, Validation loss: 0.00018447725
INFO:root:Epoch: 67, Train loss: 4.3254204e-05
INFO:root:Epoch: 67, Validation loss: 0.0016683973
INFO:root:Epoch: 68, Train loss: 2.6549898e-05
INFO:root:Epoch: 68, Validation loss: 0.0004619931
INFO:root:Epoch: 69, Train loss: 2.5412639e-05
INFO:root:Epoch: 69, Validation loss: 0.0007697662
INFO:root:Epoch: 70, Train loss: 1.7852157e-05
INFO:root:Epoch: 70, Validation loss: 3.5261208e-05
INFO:root:Epoch: 71, Train loss: 1.670885e-05
INFO:root:Epoch: 71, Validation loss: 0.00028789855
INFO:root:Epoch: 72, Train loss: 1.555655e-05
INFO:root:Epoch: 72, Validation loss: 9.582789e-05
INFO:root:Epoch: 73, Train loss: 2.3133032e-05
INFO:root:Epoch: 73, Validation loss: 0.005235408
INFO:root:Epoch: 74, Train loss: 9.368857e-05
INFO:root:Epoch: 74, Validation loss: 0.00010769349
INFO:root:Epoch: 75, Train loss: 3.5671324e-05
INFO:root:Epoch: 75, Validation loss: 0.00011247791
INFO:root:Epoch: 76, Train loss: 1.8046127e-05
INFO:root:Epoch: 76, Validation loss: 0.000517094
INFO:root:Epoch: 77, Train loss: 2.8755047e-05
INFO:root:Epoch: 77, Validation loss: 0.00043649194
INFO:root:Epoch: 78, Train loss: 1.5970909e-05
INFO:root:Epoch: 78, Validation loss: 0.000104448445
INFO:root:Epoch: 79, Train loss: 3.3624343e-05
INFO:root:Epoch: 79, Validation loss: 0.0010583844
INFO:root:Epoch: 80, Train loss: 2.7721253e-05
INFO:root:Epoch: 80, Validation loss: 0.0003057876
INFO:root:Epoch: 81, Train loss: 2.8220553e-05
INFO:root:Epoch: 81, Validation loss: 0.0008205801
INFO:root:Epoch: 82, Train loss: 2.426711e-05
INFO:root:Epoch: 82, Validation loss: 0.0013288113
INFO:root:Epoch: 83, Train loss: 1.42292265e-05
INFO:root:Epoch: 83, Validation loss: 0.00018778056
INFO:root:Epoch: 84, Train loss: 1.6168427e-05
INFO:root:Epoch: 84, Validation loss: 0.00013143657
INFO:root:Epoch: 85, Train loss: 2.0259587e-05
INFO:root:Epoch: 85, Validation loss: 6.7576584e-05
INFO:root:Epoch: 86, Train loss: 8.4356565e-05
INFO:root:Epoch: 86, Validation loss: 0.0002329336
INFO:root:Epoch: 87, Train loss: 2.7146843e-05
INFO:root:Epoch: 87, Validation loss: 0.0004036538
INFO:root:Epoch: 88, Train loss: 2.0316704e-05
INFO:root:Epoch: 88, Validation loss: 2.8685597e-05
INFO:root:Epoch: 89, Train loss: 2.02187e-05
INFO:root:Epoch: 89, Validation loss: 0.0016026988
INFO:root:Epoch: 90, Train loss: 1.5581698e-05
INFO:root:Epoch: 90, Validation loss: 0.00018504904
INFO:root:Epoch: 91, Train loss: 1.822138e-05
INFO:root:Epoch: 91, Validation loss: 0.000841489
INFO:root:Epoch: 92, Train loss: 1.6434125e-05
INFO:root:Epoch: 92, Validation loss: 4.1171683e-05
INFO:root:Epoch: 93, Train loss: 1.2858758e-05
INFO:root:Epoch: 93, Validation loss: 0.0002187664
INFO:root:Epoch: 94, Train loss: 3.4485358e-05
INFO:root:Epoch: 94, Validation loss: 0.0011598312
INFO:root:Epoch: 95, Train loss: 1.9679677e-05
INFO:root:Epoch: 95, Validation loss: 2.1095355e-05
INFO:root:Epoch: 96, Train loss: 1.4502345e-05
INFO:root:Epoch: 96, Validation loss: 0.00021000077
INFO:root:Epoch: 97, Train loss: 1.8806782e-05
INFO:root:Epoch: 97, Validation loss: 0.00020684145
INFO:root:Epoch: 98, Train loss: 1.859748e-05
INFO:root:Epoch: 98, Validation loss: 0.0005434348
INFO:root:Epoch: 99, Train loss: 1.5474749e-05
INFO:root:Epoch: 99, Validation loss: 0.0006090712
INFO:root:Training from ep 0 to ep 100 finished
INFO:root:Best epoch: 96
