INFO:root:Started
INFO:root:Epoch: 0, Train loss: 3.8257573, Train Acc: 0.041666668
INFO:root:Epoch: 0, Validation loss: 3.7631836, Validation Acc: 0.052083332
INFO:root:Epoch: 1, Train loss: 3.6117082, Train Acc: 0.072916664
INFO:root:Epoch: 1, Validation loss: 3.6810963, Validation Acc: 0.0703125
INFO:root:Epoch: 2, Train loss: 3.4931521, Train Acc: 0.08364899
INFO:root:Epoch: 2, Validation loss: 3.591772, Validation Acc: 0.078125
INFO:root:Epoch: 3, Train loss: 3.4110684, Train Acc: 0.109532826
INFO:root:Epoch: 3, Validation loss: 3.5630333, Validation Acc: 0.09375
INFO:root:Epoch: 4, Train loss: 3.330581, Train Acc: 0.12215909
INFO:root:Epoch: 4, Validation loss: 3.4363768, Validation Acc: 0.111979164
INFO:root:Epoch: 5, Train loss: 3.2503386, Train Acc: 0.14488636
INFO:root:Epoch: 5, Validation loss: 3.496474, Validation Acc: 0.1015625
INFO:root:Epoch: 6, Train loss: 3.1740534, Train Acc: 0.15845959
INFO:root:Epoch: 6, Validation loss: 3.5250137, Validation Acc: 0.080729164
INFO:root:Epoch: 7, Train loss: 3.0938108, Train Acc: 0.17487374
INFO:root:Epoch: 7, Validation loss: 3.483985, Validation Acc: 0.1171875
INFO:root:Epoch: 8, Train loss: 3.027902, Train Acc: 0.18718435
INFO:root:Epoch: 8, Validation loss: 3.5780842, Validation Acc: 0.114583336
INFO:root:Epoch: 9, Train loss: 2.9137354, Train Acc: 0.21748738
INFO:root:Epoch: 9, Validation loss: 3.5317516, Validation Acc: 0.1328125
INFO:root:Epoch: 10, Train loss: 2.8627887, Train Acc: 0.23484848
INFO:root:Epoch: 10, Validation loss: 3.6180906, Validation Acc: 0.104166664
INFO:root:Epoch: 11, Train loss: 2.7963517, Train Acc: 0.2588384
INFO:root:Epoch: 11, Validation loss: 3.530758, Validation Acc: 0.09375
INFO:root:Epoch: 12, Train loss: 2.7424328, Train Acc: 0.26010102
INFO:root:Epoch: 12, Validation loss: 3.4846394, Validation Acc: 0.096354164
INFO:root:Epoch: 13, Train loss: 2.6494234, Train Acc: 0.2869318
INFO:root:Epoch: 13, Validation loss: 3.484094, Validation Acc: 0.125
INFO:root:Epoch: 14, Train loss: 2.6032128, Train Acc: 0.29482323
INFO:root:Epoch: 14, Validation loss: 3.455385, Validation Acc: 0.122395836
INFO:root:Epoch: 15, Train loss: 2.5406892, Train Acc: 0.3068182
INFO:root:Epoch: 15, Validation loss: 3.5090878, Validation Acc: 0.119791664
INFO:root:Epoch: 16, Train loss: 2.4720328, Train Acc: 0.33112374
INFO:root:Epoch: 16, Validation loss: 3.4428864, Validation Acc: 0.1171875
INFO:root:Epoch: 17, Train loss: 2.4105062, Train Acc: 0.35511363
INFO:root:Epoch: 17, Validation loss: 3.5176973, Validation Acc: 0.122395836
INFO:root:Epoch: 18, Train loss: 2.303721, Train Acc: 0.3806818
INFO:root:Epoch: 18, Validation loss: 3.4877527, Validation Acc: 0.111979164
INFO:root:Epoch: 19, Train loss: 2.2710457, Train Acc: 0.37657827
INFO:root:Epoch: 19, Validation loss: 3.611311, Validation Acc: 0.122395836
INFO:root:Epoch: 20, Train loss: 2.1516986, Train Acc: 0.41477272
INFO:root:Epoch: 20, Validation loss: 3.4584446, Validation Acc: 0.16145833
INFO:root:Epoch: 21, Train loss: 2.1411335, Train Acc: 0.4179293
INFO:root:Epoch: 21, Validation loss: 3.5486248, Validation Acc: 0.13802083
INFO:root:Epoch: 22, Train loss: 2.0389853, Train Acc: 0.4409722
INFO:root:Epoch: 22, Validation loss: 3.684883, Validation Acc: 0.104166664
INFO:root:Epoch: 23, Train loss: 1.9925686, Train Acc: 0.44760102
INFO:root:Epoch: 23, Validation loss: 3.443919, Validation Acc: 0.1640625
INFO:root:Epoch: 24, Train loss: 1.946497, Train Acc: 0.46117425
INFO:root:Epoch: 24, Validation loss: 3.746381, Validation Acc: 0.119791664
INFO:root:Epoch: 25, Train loss: 1.8679445, Train Acc: 0.4943182
INFO:root:Epoch: 25, Validation loss: 3.9021337, Validation Acc: 0.109375
INFO:root:Epoch: 26, Train loss: 1.8689032, Train Acc: 0.49147728
INFO:root:Epoch: 26, Validation loss: 3.5708458, Validation Acc: 0.15364583
INFO:root:Epoch: 27, Train loss: 1.7568293, Train Acc: 0.5173611
INFO:root:Epoch: 27, Validation loss: 3.6867578, Validation Acc: 0.15104167
INFO:root:Epoch: 28, Train loss: 1.710961, Train Acc: 0.53125
INFO:root:Epoch: 28, Validation loss: 3.6962159, Validation Acc: 0.13541667
INFO:root:Epoch: 29, Train loss: 1.680219, Train Acc: 0.541351
INFO:root:Epoch: 29, Validation loss: 3.8269327, Validation Acc: 0.125
INFO:root:Epoch: 30, Train loss: 1.6429517, Train Acc: 0.55050504
INFO:root:Epoch: 30, Validation loss: 3.8256977, Validation Acc: 0.106770836
INFO:root:Epoch: 31, Train loss: 1.5163981, Train Acc: 0.57228535
INFO:root:Epoch: 31, Validation loss: 3.8902378, Validation Acc: 0.1484375
INFO:root:Epoch: 32, Train loss: 1.5077436, Train Acc: 0.5833333
INFO:root:Epoch: 32, Validation loss: 3.850298, Validation Acc: 0.140625
INFO:root:Epoch: 33, Train loss: 1.469286, Train Acc: 0.5864899
INFO:root:Epoch: 33, Validation loss: 3.7576826, Validation Acc: 0.15625
INFO:root:Epoch: 34, Train loss: 1.4284449, Train Acc: 0.60258836
INFO:root:Epoch: 34, Validation loss: 3.8853495, Validation Acc: 0.15104167
INFO:root:Epoch: 35, Train loss: 1.4164325, Train Acc: 0.6063763
INFO:root:Epoch: 35, Validation loss: 3.924759, Validation Acc: 0.13541667
INFO:root:Epoch: 36, Train loss: 1.2932044, Train Acc: 0.6309975
INFO:root:Epoch: 36, Validation loss: 3.8711264, Validation Acc: 0.140625
INFO:root:Epoch: 37, Train loss: 1.269551, Train Acc: 0.6483586
INFO:root:Epoch: 37, Validation loss: 4.05049, Validation Acc: 0.13020833
INFO:root:Epoch: 38, Train loss: 1.230587, Train Acc: 0.657197
INFO:root:Epoch: 38, Validation loss: 3.9673908, Validation Acc: 0.13541667
INFO:root:Epoch: 39, Train loss: 1.2257051, Train Acc: 0.65593433
INFO:root:Epoch: 39, Validation loss: 4.084209, Validation Acc: 0.12760417
INFO:root:Epoch: 40, Train loss: 1.1293701, Train Acc: 0.6830808
INFO:root:Epoch: 40, Validation loss: 4.2069755, Validation Acc: 0.14583333
INFO:root:Epoch: 41, Train loss: 1.1202601, Train Acc: 0.6824495
INFO:root:Epoch: 41, Validation loss: 4.1460586, Validation Acc: 0.14583333
INFO:root:Epoch: 42, Train loss: 1.1096697, Train Acc: 0.6852904
INFO:root:Epoch: 42, Validation loss: 3.9934695, Validation Acc: 0.1640625
INFO:root:Epoch: 43, Train loss: 1.0671648, Train Acc: 0.6931818
INFO:root:Epoch: 43, Validation loss: 4.118887, Validation Acc: 0.13802083
INFO:root:Epoch: 44, Train loss: 1.0372481, Train Acc: 0.7061237
INFO:root:Epoch: 44, Validation loss: 4.0811934, Validation Acc: 0.1328125
INFO:root:Epoch: 45, Train loss: 0.9992605, Train Acc: 0.7222222
INFO:root:Epoch: 45, Validation loss: 4.2036448, Validation Acc: 0.14583333
INFO:root:Epoch: 46, Train loss: 0.9824971, Train Acc: 0.7234849
INFO:root:Epoch: 46, Validation loss: 4.164491, Validation Acc: 0.14322917
INFO:root:Epoch: 47, Train loss: 0.9253913, Train Acc: 0.72758836
INFO:root:Epoch: 47, Validation loss: 4.2327266, Validation Acc: 0.1484375
INFO:root:Epoch: 48, Train loss: 0.8315756, Train Acc: 0.76925504
INFO:root:Epoch: 48, Validation loss: 4.155582, Validation Acc: 0.16666667
INFO:root:Epoch: 49, Train loss: 0.84386134, Train Acc: 0.7638889
INFO:root:Epoch: 49, Validation loss: 4.227897, Validation Acc: 0.15364583
INFO:root:Epoch: 50, Train loss: 0.8381635, Train Acc: 0.760101
INFO:root:Epoch: 50, Validation loss: 4.4580483, Validation Acc: 0.1484375
INFO:root:Epoch: 51, Train loss: 0.8031472, Train Acc: 0.77588385
INFO:root:Epoch: 51, Validation loss: 4.2223454, Validation Acc: 0.14322917
INFO:root:Epoch: 52, Train loss: 0.7784647, Train Acc: 0.7834596
INFO:root:Epoch: 52, Validation loss: 4.363257, Validation Acc: 0.14322917
INFO:root:Epoch: 53, Train loss: 0.76588315, Train Acc: 0.78409094
INFO:root:Epoch: 53, Validation loss: 4.4200563, Validation Acc: 0.109375
INFO:root:Epoch: 54, Train loss: 0.74609655, Train Acc: 0.78188133
INFO:root:Epoch: 54, Validation loss: 4.198815, Validation Acc: 0.1640625
INFO:root:Epoch: 55, Train loss: 0.6914892, Train Acc: 0.81060606
INFO:root:Epoch: 55, Validation loss: 4.3499894, Validation Acc: 0.20572917
INFO:root:Epoch: 56, Train loss: 0.7188658, Train Acc: 0.7935606
INFO:root:Epoch: 56, Validation loss: 4.346473, Validation Acc: 0.13802083
INFO:root:Epoch: 57, Train loss: 0.6703397, Train Acc: 0.81281567
INFO:root:Epoch: 57, Validation loss: 4.4562263, Validation Acc: 0.140625
INFO:root:Epoch: 58, Train loss: 0.63911915, Train Acc: 0.81881315
INFO:root:Epoch: 58, Validation loss: 4.4656577, Validation Acc: 0.1484375
INFO:root:Epoch: 59, Train loss: 0.6344969, Train Acc: 0.8251263
INFO:root:Epoch: 59, Validation loss: 4.548489, Validation Acc: 0.15625
INFO:root:Training from ep 0 to ep 60 finished
INFO:root:Best epoch: 56
