INFO:root:Started
INFO:root:Epoch: 0, Train loss: 3.7385862, Train Acc: 0.053661615
INFO:root:Epoch: 0, Validation loss: 3.5213063, Validation Acc: 0.09375
INFO:root:Epoch: 1, Train loss: 3.341478, Train Acc: 0.12720959
INFO:root:Epoch: 1, Validation loss: 3.3942049, Validation Acc: 0.106770836
INFO:root:Epoch: 2, Train loss: 3.1507728, Train Acc: 0.15719697
INFO:root:Epoch: 2, Validation loss: 3.292648, Validation Acc: 0.12760417
INFO:root:Epoch: 3, Train loss: 3.0220203, Train Acc: 0.18655303
INFO:root:Epoch: 3, Validation loss: 3.2331934, Validation Acc: 0.1328125
INFO:root:Epoch: 4, Train loss: 2.8940065, Train Acc: 0.21938132
INFO:root:Epoch: 4, Validation loss: 3.1672897, Validation Acc: 0.15885417
INFO:root:Epoch: 5, Train loss: 2.805207, Train Acc: 0.22411616
INFO:root:Epoch: 5, Validation loss: 3.1890237, Validation Acc: 0.15625
INFO:root:Epoch: 6, Train loss: 2.7266374, Train Acc: 0.2550505
INFO:root:Epoch: 6, Validation loss: 3.1360042, Validation Acc: 0.17447917
INFO:root:Epoch: 7, Train loss: 2.6394157, Train Acc: 0.2790404
INFO:root:Epoch: 7, Validation loss: 3.2180336, Validation Acc: 0.17447917
INFO:root:Epoch: 8, Train loss: 2.5512898, Train Acc: 0.292298
INFO:root:Epoch: 8, Validation loss: 3.1747227, Validation Acc: 0.1640625
INFO:root:Epoch: 9, Train loss: 2.4405546, Train Acc: 0.3175505
INFO:root:Epoch: 9, Validation loss: 3.1741183, Validation Acc: 0.171875
INFO:root:Epoch: 10, Train loss: 2.401642, Train Acc: 0.3276515
INFO:root:Epoch: 10, Validation loss: 3.1819859, Validation Acc: 0.15885417
INFO:root:Epoch: 11, Train loss: 2.3418694, Train Acc: 0.35069445
INFO:root:Epoch: 11, Validation loss: 3.2356253, Validation Acc: 0.1484375
INFO:root:Epoch: 12, Train loss: 2.3066542, Train Acc: 0.3525884
INFO:root:Epoch: 12, Validation loss: 3.1455772, Validation Acc: 0.19270833
INFO:root:Epoch: 13, Train loss: 2.1981072, Train Acc: 0.38573232
INFO:root:Epoch: 13, Validation loss: 3.249504, Validation Acc: 0.17708333
INFO:root:Epoch: 14, Train loss: 2.1832418, Train Acc: 0.3910985
INFO:root:Epoch: 14, Validation loss: 3.151738, Validation Acc: 0.18489583
INFO:root:Epoch: 15, Train loss: 2.0973787, Train Acc: 0.4185606
INFO:root:Epoch: 15, Validation loss: 3.303335, Validation Acc: 0.17708333
INFO:root:Epoch: 16, Train loss: 2.042043, Train Acc: 0.4286616
INFO:root:Epoch: 16, Validation loss: 3.261115, Validation Acc: 0.1953125
INFO:root:Epoch: 17, Train loss: 1.9656497, Train Acc: 0.448548
INFO:root:Epoch: 17, Validation loss: 3.432027, Validation Acc: 0.1484375
INFO:root:Epoch: 18, Train loss: 1.904814, Train Acc: 0.46180555
INFO:root:Epoch: 18, Validation loss: 3.3472126, Validation Acc: 0.18489583
INFO:root:Epoch: 19, Train loss: 1.8820165, Train Acc: 0.47411618
INFO:root:Epoch: 19, Validation loss: 3.3208551, Validation Acc: 0.1875
INFO:root:Epoch: 20, Train loss: 1.8326247, Train Acc: 0.48421717
INFO:root:Epoch: 20, Validation loss: 3.31059, Validation Acc: 0.20572917
INFO:root:Epoch: 21, Train loss: 1.8010089, Train Acc: 0.48674244
INFO:root:Epoch: 21, Validation loss: 3.317725, Validation Acc: 0.19010417
INFO:root:Epoch: 22, Train loss: 1.7063044, Train Acc: 0.5116793
INFO:root:Epoch: 22, Validation loss: 3.5046768, Validation Acc: 0.15364583
INFO:root:Epoch: 23, Train loss: 1.6708218, Train Acc: 0.5325126
INFO:root:Epoch: 23, Validation loss: 3.5757577, Validation Acc: 0.15885417
INFO:root:Epoch: 24, Train loss: 1.6522231, Train Acc: 0.532197
INFO:root:Epoch: 24, Validation loss: 3.414533, Validation Acc: 0.20833333
INFO:root:Epoch: 25, Train loss: 1.5888556, Train Acc: 0.54545456
INFO:root:Epoch: 25, Validation loss: 3.4390345, Validation Acc: 0.1875
INFO:root:Epoch: 26, Train loss: 1.5529108, Train Acc: 0.5542929
INFO:root:Epoch: 26, Validation loss: 3.4223588, Validation Acc: 0.18229167
INFO:root:Epoch: 27, Train loss: 1.4920354, Train Acc: 0.571654
INFO:root:Epoch: 27, Validation loss: 3.604662, Validation Acc: 0.19791667
INFO:root:Epoch: 28, Train loss: 1.4810276, Train Acc: 0.57007575
INFO:root:Epoch: 28, Validation loss: 3.5751114, Validation Acc: 0.16927083
INFO:root:Epoch: 29, Train loss: 1.4322264, Train Acc: 0.5823864
INFO:root:Epoch: 29, Validation loss: 3.576209, Validation Acc: 0.17447917
INFO:root:Epoch: 30, Train loss: 1.3756273, Train Acc: 0.6155303
INFO:root:Epoch: 30, Validation loss: 3.5121744, Validation Acc: 0.1796875
INFO:root:Epoch: 31, Train loss: 1.3292859, Train Acc: 0.6177399
INFO:root:Epoch: 31, Validation loss: 3.65011, Validation Acc: 0.20572917
INFO:root:Epoch: 32, Train loss: 1.2865946, Train Acc: 0.625
INFO:root:Epoch: 32, Validation loss: 3.6444588, Validation Acc: 0.1796875
INFO:root:Epoch: 33, Train loss: 1.2491798, Train Acc: 0.6366793
INFO:root:Epoch: 33, Validation loss: 3.806833, Validation Acc: 0.15885417
INFO:root:Epoch: 34, Train loss: 1.2399385, Train Acc: 0.6319444
INFO:root:Epoch: 34, Validation loss: 3.7532065, Validation Acc: 0.19791667
INFO:root:Epoch: 35, Train loss: 1.185917, Train Acc: 0.65593433
INFO:root:Epoch: 35, Validation loss: 3.7637517, Validation Acc: 0.18229167
INFO:root:Epoch: 36, Train loss: 1.1472415, Train Acc: 0.6584596
INFO:root:Epoch: 36, Validation loss: 3.7932117, Validation Acc: 0.17447917
INFO:root:Epoch: 37, Train loss: 1.1228338, Train Acc: 0.67550504
INFO:root:Epoch: 37, Validation loss: 3.8666344, Validation Acc: 0.1875
INFO:root:Epoch: 38, Train loss: 1.0461801, Train Acc: 0.7004419
INFO:root:Epoch: 38, Validation loss: 3.8389337, Validation Acc: 0.17447917
INFO:root:Epoch: 39, Train loss: 1.0458406, Train Acc: 0.6862374
INFO:root:Epoch: 39, Validation loss: 3.940544, Validation Acc: 0.19010417
INFO:root:Epoch: 40, Train loss: 0.970675, Train Acc: 0.72064394
INFO:root:Epoch: 40, Validation loss: 3.939687, Validation Acc: 0.1953125
INFO:root:Epoch: 41, Train loss: 0.9581873, Train Acc: 0.71559346
INFO:root:Epoch: 41, Validation loss: 4.172718, Validation Acc: 0.1875
INFO:root:Epoch: 42, Train loss: 0.93722516, Train Acc: 0.7244318
INFO:root:Epoch: 42, Validation loss: 3.9911377, Validation Acc: 0.1796875
INFO:root:Epoch: 43, Train loss: 0.900163, Train Acc: 0.73453283
INFO:root:Epoch: 43, Validation loss: 4.024406, Validation Acc: 0.203125
INFO:root:Epoch: 44, Train loss: 0.9087478, Train Acc: 0.7361111
INFO:root:Epoch: 44, Validation loss: 4.2692657, Validation Acc: 0.18489583
INFO:root:Epoch: 45, Train loss: 0.88743335, Train Acc: 0.73800504
INFO:root:Epoch: 45, Validation loss: 4.2307487, Validation Acc: 0.203125
INFO:root:Epoch: 46, Train loss: 0.83917785, Train Acc: 0.7616793
INFO:root:Epoch: 46, Validation loss: 4.3272877, Validation Acc: 0.18229167
INFO:root:Epoch: 47, Train loss: 0.7644472, Train Acc: 0.77241164
INFO:root:Epoch: 47, Validation loss: 4.1799645, Validation Acc: 0.16927083
INFO:root:Epoch: 48, Train loss: 0.75279784, Train Acc: 0.77809346
INFO:root:Epoch: 48, Validation loss: 4.4095654, Validation Acc: 0.18489583
INFO:root:Epoch: 49, Train loss: 0.73294824, Train Acc: 0.7885101
INFO:root:Epoch: 49, Validation loss: 4.185395, Validation Acc: 0.20572917
INFO:root:Epoch: 50, Train loss: 0.72883844, Train Acc: 0.78661615
INFO:root:Epoch: 50, Validation loss: 4.0227256, Validation Acc: 0.21614583
INFO:root:Epoch: 51, Train loss: 0.70658296, Train Acc: 0.79008836
INFO:root:Epoch: 51, Validation loss: 4.2499804, Validation Acc: 0.20052083
INFO:root:Epoch: 52, Train loss: 0.70019245, Train Acc: 0.79924244
INFO:root:Epoch: 52, Validation loss: 4.20696, Validation Acc: 0.20052083
INFO:root:Epoch: 53, Train loss: 0.69335103, Train Acc: 0.80145204
INFO:root:Epoch: 53, Validation loss: 4.139966, Validation Acc: 0.20572917
INFO:root:Epoch: 54, Train loss: 0.6435574, Train Acc: 0.81439394
INFO:root:Epoch: 54, Validation loss: 4.2031956, Validation Acc: 0.22916667
INFO:root:Epoch: 55, Train loss: 0.61294734, Train Acc: 0.82133836
INFO:root:Epoch: 55, Validation loss: 4.3366265, Validation Acc: 0.20572917
INFO:root:Epoch: 56, Train loss: 0.6194669, Train Acc: 0.821654
INFO:root:Epoch: 56, Validation loss: 4.225711, Validation Acc: 0.19010417
INFO:root:Epoch: 57, Train loss: 0.6106822, Train Acc: 0.8207071
INFO:root:Epoch: 57, Validation loss: 4.380421, Validation Acc: 0.1796875
INFO:root:Epoch: 58, Train loss: 0.59261173, Train Acc: 0.8238636
INFO:root:Epoch: 58, Validation loss: 4.4785304, Validation Acc: 0.18489583
INFO:root:Epoch: 59, Train loss: 0.5485862, Train Acc: 0.8368056
INFO:root:Epoch: 59, Validation loss: 4.5138345, Validation Acc: 0.18489583
INFO:root:Training from ep 0 to ep 60 finished
INFO:root:Best epoch: 55
