INFO:root:Started
INFO:root:Epoch: 0, Train loss: 3.6886587, Train Acc: 0.059343435
INFO:root:Epoch: 0, Validation loss: 3.9071047, Validation Acc: 0.03125
INFO:root:Epoch: 1, Train loss: 3.4275851, Train Acc: 0.108901516
INFO:root:Epoch: 1, Validation loss: 3.5790212, Validation Acc: 0.0859375
INFO:root:Epoch: 2, Train loss: 3.2702787, Train Acc: 0.13825758
INFO:root:Epoch: 2, Validation loss: 3.6155128, Validation Acc: 0.1015625
INFO:root:Epoch: 3, Train loss: 3.1613076, Train Acc: 0.15972222
INFO:root:Epoch: 3, Validation loss: 3.5592453, Validation Acc: 0.083333336
INFO:root:Epoch: 4, Train loss: 3.0459998, Train Acc: 0.19444445
INFO:root:Epoch: 4, Validation loss: 3.4449542, Validation Acc: 0.104166664
INFO:root:Epoch: 5, Train loss: 2.9073977, Train Acc: 0.22380051
INFO:root:Epoch: 5, Validation loss: 3.6101494, Validation Acc: 0.104166664
INFO:root:Epoch: 6, Train loss: 2.8078036, Train Acc: 0.24621212
INFO:root:Epoch: 6, Validation loss: 3.520631, Validation Acc: 0.098958336
INFO:root:Epoch: 7, Train loss: 2.6881826, Train Acc: 0.28756315
INFO:root:Epoch: 7, Validation loss: 3.5114725, Validation Acc: 0.111979164
INFO:root:Epoch: 8, Train loss: 2.562525, Train Acc: 0.3125
INFO:root:Epoch: 8, Validation loss: 3.420386, Validation Acc: 0.111979164
INFO:root:Epoch: 9, Train loss: 2.4139602, Train Acc: 0.3554293
INFO:root:Epoch: 9, Validation loss: 3.6064053, Validation Acc: 0.13802083
INFO:root:Epoch: 10, Train loss: 2.3273826, Train Acc: 0.37815657
INFO:root:Epoch: 10, Validation loss: 3.5355475, Validation Acc: 0.13020833
INFO:root:Epoch: 11, Train loss: 2.2535129, Train Acc: 0.38478535
INFO:root:Epoch: 11, Validation loss: 3.6875741, Validation Acc: 0.119791664
INFO:root:Epoch: 12, Train loss: 2.1765082, Train Acc: 0.4068813
INFO:root:Epoch: 12, Validation loss: 3.5619981, Validation Acc: 0.12760417
INFO:root:Epoch: 13, Train loss: 2.063165, Train Acc: 0.42771465
INFO:root:Epoch: 13, Validation loss: 3.6224499, Validation Acc: 0.14583333
INFO:root:Epoch: 14, Train loss: 1.991785, Train Acc: 0.4469697
INFO:root:Epoch: 14, Validation loss: 3.5557537, Validation Acc: 0.14322917
INFO:root:Epoch: 15, Train loss: 1.8937258, Train Acc: 0.49084595
INFO:root:Epoch: 15, Validation loss: 3.758702, Validation Acc: 0.13020833
INFO:root:Epoch: 16, Train loss: 1.8166624, Train Acc: 0.4965278
INFO:root:Epoch: 16, Validation loss: 3.661557, Validation Acc: 0.15104167
INFO:root:Epoch: 17, Train loss: 1.7438897, Train Acc: 0.5261995
INFO:root:Epoch: 17, Validation loss: 3.7419841, Validation Acc: 0.122395836
INFO:root:Epoch: 18, Train loss: 1.6737552, Train Acc: 0.54008836
INFO:root:Epoch: 18, Validation loss: 3.6642764, Validation Acc: 0.13020833
INFO:root:Epoch: 19, Train loss: 1.6450269, Train Acc: 0.5438763
INFO:root:Epoch: 19, Validation loss: 3.8292034, Validation Acc: 0.12760417
INFO:root:Epoch: 20, Train loss: 1.515813, Train Acc: 0.5748106
INFO:root:Epoch: 20, Validation loss: 3.6353922, Validation Acc: 0.15104167
INFO:root:Epoch: 21, Train loss: 1.4552996, Train Acc: 0.59375
INFO:root:Epoch: 21, Validation loss: 3.7053702, Validation Acc: 0.18489583
INFO:root:Epoch: 22, Train loss: 1.3871981, Train Acc: 0.6155303
INFO:root:Epoch: 22, Validation loss: 3.96002, Validation Acc: 0.12760417
INFO:root:Epoch: 23, Train loss: 1.3202834, Train Acc: 0.62247473
INFO:root:Epoch: 23, Validation loss: 4.265478, Validation Acc: 0.114583336
INFO:root:Epoch: 24, Train loss: 1.2980593, Train Acc: 0.62910354
INFO:root:Epoch: 24, Validation loss: 4.0335584, Validation Acc: 0.119791664
INFO:root:Epoch: 25, Train loss: 1.2086599, Train Acc: 0.6631944
INFO:root:Epoch: 25, Validation loss: 3.9753149, Validation Acc: 0.140625
INFO:root:Epoch: 26, Train loss: 1.1811006, Train Acc: 0.67329544
INFO:root:Epoch: 26, Validation loss: 3.9818277, Validation Acc: 0.18229167
INFO:root:Epoch: 27, Train loss: 1.114823, Train Acc: 0.6931818
INFO:root:Epoch: 27, Validation loss: 4.0738206, Validation Acc: 0.171875
INFO:root:Epoch: 28, Train loss: 1.1031325, Train Acc: 0.68718433
INFO:root:Epoch: 28, Validation loss: 4.204933, Validation Acc: 0.13802083
INFO:root:Epoch: 29, Train loss: 1.0280814, Train Acc: 0.7203283
INFO:root:Epoch: 29, Validation loss: 4.09145, Validation Acc: 0.14322917
INFO:root:Epoch: 30, Train loss: 1.0052345, Train Acc: 0.71243685
INFO:root:Epoch: 30, Validation loss: 4.0714116, Validation Acc: 0.1640625
INFO:root:Epoch: 31, Train loss: 0.9311051, Train Acc: 0.728851
INFO:root:Epoch: 31, Validation loss: 4.0983024, Validation Acc: 0.1796875
INFO:root:Epoch: 32, Train loss: 0.9054657, Train Acc: 0.7462121
INFO:root:Epoch: 32, Validation loss: 4.4251714, Validation Acc: 0.122395836
INFO:root:Epoch: 33, Train loss: 0.86723137, Train Acc: 0.76073235
INFO:root:Epoch: 33, Validation loss: 4.063655, Validation Acc: 0.14322917
INFO:root:Epoch: 34, Train loss: 0.8524852, Train Acc: 0.7522096
INFO:root:Epoch: 34, Validation loss: 4.199117, Validation Acc: 0.17447917
INFO:root:Epoch: 35, Train loss: 0.82683223, Train Acc: 0.7676768
INFO:root:Epoch: 35, Validation loss: 4.2980666, Validation Acc: 0.1484375
INFO:root:Epoch: 36, Train loss: 0.7443324, Train Acc: 0.78125
INFO:root:Epoch: 36, Validation loss: 4.4031987, Validation Acc: 0.14583333
INFO:root:Epoch: 37, Train loss: 0.7526245, Train Acc: 0.77935606
INFO:root:Epoch: 37, Validation loss: 4.44307, Validation Acc: 0.16145833
INFO:root:Epoch: 38, Train loss: 0.6981821, Train Acc: 0.80145204
INFO:root:Epoch: 38, Validation loss: 4.6206083, Validation Acc: 0.13541667
INFO:root:Epoch: 39, Train loss: 0.7035412, Train Acc: 0.80050504
INFO:root:Epoch: 39, Validation loss: 4.5185924, Validation Acc: 0.13020833
INFO:root:Epoch: 40, Train loss: 0.6400072, Train Acc: 0.81439394
INFO:root:Epoch: 40, Validation loss: 4.3328853, Validation Acc: 0.1640625
INFO:root:Epoch: 41, Train loss: 0.6629328, Train Acc: 0.79766417
INFO:root:Epoch: 41, Validation loss: 4.5988436, Validation Acc: 0.1328125
INFO:root:Epoch: 42, Train loss: 0.6509695, Train Acc: 0.8137626
INFO:root:Epoch: 42, Validation loss: 4.488142, Validation Acc: 0.15104167
INFO:root:Epoch: 43, Train loss: 0.6237484, Train Acc: 0.8184975
INFO:root:Epoch: 43, Validation loss: 4.6155024, Validation Acc: 0.140625
INFO:root:Epoch: 44, Train loss: 0.6093935, Train Acc: 0.8251263
INFO:root:Epoch: 44, Validation loss: 4.7357783, Validation Acc: 0.13802083
INFO:root:Epoch: 45, Train loss: 0.56642103, Train Acc: 0.8390151
INFO:root:Epoch: 45, Validation loss: 4.5682964, Validation Acc: 0.15104167
INFO:root:Epoch: 46, Train loss: 0.5525092, Train Acc: 0.84438133
INFO:root:Epoch: 46, Validation loss: 4.638746, Validation Acc: 0.16145833
INFO:root:Epoch: 47, Train loss: 0.5177562, Train Acc: 0.8459596
INFO:root:Epoch: 47, Validation loss: 4.6725473, Validation Acc: 0.18489583
INFO:root:Epoch: 48, Train loss: 0.4896014, Train Acc: 0.85921717
INFO:root:Epoch: 48, Validation loss: 4.701896, Validation Acc: 0.1640625
INFO:root:Epoch: 49, Train loss: 0.47016415, Train Acc: 0.8636364
INFO:root:Epoch: 49, Validation loss: 4.955089, Validation Acc: 0.15625
INFO:root:Epoch: 50, Train loss: 0.476009, Train Acc: 0.8620581
INFO:root:Epoch: 50, Validation loss: 4.7808647, Validation Acc: 0.13802083
INFO:root:Epoch: 51, Train loss: 0.47209388, Train Acc: 0.865846
INFO:root:Epoch: 51, Validation loss: 4.9369807, Validation Acc: 0.14583333
INFO:root:Epoch: 52, Train loss: 0.45347255, Train Acc: 0.8677399
INFO:root:Epoch: 52, Validation loss: 4.9135127, Validation Acc: 0.17708333
INFO:root:Epoch: 53, Train loss: 0.4797463, Train Acc: 0.8589015
INFO:root:Epoch: 53, Validation loss: 4.6807733, Validation Acc: 0.14583333
INFO:root:Epoch: 54, Train loss: 0.43988916, Train Acc: 0.8772096
INFO:root:Epoch: 54, Validation loss: 4.6907, Validation Acc: 0.13802083
INFO:root:Epoch: 55, Train loss: 0.40422517, Train Acc: 0.88478535
INFO:root:Epoch: 55, Validation loss: 4.66686, Validation Acc: 0.16666667
INFO:root:Epoch: 56, Train loss: 0.44583264, Train Acc: 0.8715278
INFO:root:Epoch: 56, Validation loss: 4.7741923, Validation Acc: 0.1484375
INFO:root:Epoch: 57, Train loss: 0.41091695, Train Acc: 0.88257575
INFO:root:Epoch: 57, Validation loss: 4.5898232, Validation Acc: 0.16145833
INFO:root:Epoch: 58, Train loss: 0.4023244, Train Acc: 0.8895202
INFO:root:Epoch: 58, Validation loss: 4.81358, Validation Acc: 0.1328125
INFO:root:Epoch: 59, Train loss: 0.39994732, Train Acc: 0.88478535
INFO:root:Epoch: 59, Validation loss: 5.0413866, Validation Acc: 0.15364583
INFO:root:Training from ep 0 to ep 60 finished
INFO:root:Best epoch: 22
