INFO:root:Started
INFO:root:Epoch: 0, Train loss: 3.7743413, Train Acc: 0.055239897
INFO:root:Epoch: 0, Validation loss: 3.7945223, Validation Acc: 0.075520836
INFO:root:Epoch: 1, Train loss: 3.5502338, Train Acc: 0.09848485
INFO:root:Epoch: 1, Validation loss: 3.6106699, Validation Acc: 0.083333336
INFO:root:Epoch: 2, Train loss: 3.3898044, Train Acc: 0.1227904
INFO:root:Epoch: 2, Validation loss: 3.592199, Validation Acc: 0.104166664
INFO:root:Epoch: 3, Train loss: 3.2915916, Train Acc: 0.13731061
INFO:root:Epoch: 3, Validation loss: 3.523795, Validation Acc: 0.114583336
INFO:root:Epoch: 4, Train loss: 3.1717696, Train Acc: 0.16982323
INFO:root:Epoch: 4, Validation loss: 3.4946868, Validation Acc: 0.13020833
INFO:root:Epoch: 5, Train loss: 3.0486546, Train Acc: 0.18907829
INFO:root:Epoch: 5, Validation loss: 3.6648324, Validation Acc: 0.0703125
INFO:root:Epoch: 6, Train loss: 2.936479, Train Acc: 0.22506313
INFO:root:Epoch: 6, Validation loss: 3.4059064, Validation Acc: 0.111979164
INFO:root:Epoch: 7, Train loss: 2.838931, Train Acc: 0.24936868
INFO:root:Epoch: 7, Validation loss: 3.5739815, Validation Acc: 0.106770836
INFO:root:Epoch: 8, Train loss: 2.7161546, Train Acc: 0.27809343
INFO:root:Epoch: 8, Validation loss: 3.4494345, Validation Acc: 0.125
INFO:root:Epoch: 9, Train loss: 2.5559337, Train Acc: 0.32260102
INFO:root:Epoch: 9, Validation loss: 3.6257055, Validation Acc: 0.109375
INFO:root:Epoch: 10, Train loss: 2.4719179, Train Acc: 0.32891414
INFO:root:Epoch: 10, Validation loss: 3.5259001, Validation Acc: 0.109375
INFO:root:Epoch: 11, Train loss: 2.3907373, Train Acc: 0.37626263
INFO:root:Epoch: 11, Validation loss: 3.6981688, Validation Acc: 0.098958336
INFO:root:Epoch: 12, Train loss: 2.312044, Train Acc: 0.3778409
INFO:root:Epoch: 12, Validation loss: 3.5930808, Validation Acc: 0.15104167
INFO:root:Epoch: 13, Train loss: 2.2066884, Train Acc: 0.39646465
INFO:root:Epoch: 13, Validation loss: 3.4700203, Validation Acc: 0.122395836
INFO:root:Epoch: 14, Train loss: 2.1606038, Train Acc: 0.41445708
INFO:root:Epoch: 14, Validation loss: 3.6301553, Validation Acc: 0.114583336
INFO:root:Epoch: 15, Train loss: 2.0305264, Train Acc: 0.44602272
INFO:root:Epoch: 15, Validation loss: 3.833233, Validation Acc: 0.114583336
INFO:root:Epoch: 16, Train loss: 1.9539528, Train Acc: 0.4665404
INFO:root:Epoch: 16, Validation loss: 3.703675, Validation Acc: 0.1484375
INFO:root:Epoch: 17, Train loss: 1.8904189, Train Acc: 0.48516414
INFO:root:Epoch: 17, Validation loss: 3.6272671, Validation Acc: 0.140625
INFO:root:Epoch: 18, Train loss: 1.8012531, Train Acc: 0.5056818
INFO:root:Epoch: 18, Validation loss: 3.6877573, Validation Acc: 0.140625
INFO:root:Epoch: 19, Train loss: 1.7685322, Train Acc: 0.5123106
INFO:root:Epoch: 19, Validation loss: 3.7508676, Validation Acc: 0.1328125
INFO:root:Epoch: 20, Train loss: 1.6397711, Train Acc: 0.5489268
INFO:root:Epoch: 20, Validation loss: 3.7993863, Validation Acc: 0.13802083
INFO:root:Epoch: 21, Train loss: 1.5975361, Train Acc: 0.552399
INFO:root:Epoch: 21, Validation loss: 3.8020868, Validation Acc: 0.15885417
INFO:root:Epoch: 22, Train loss: 1.48711, Train Acc: 0.58049244
INFO:root:Epoch: 22, Validation loss: 4.0092783, Validation Acc: 0.15104167
INFO:root:Epoch: 23, Train loss: 1.4521943, Train Acc: 0.6016414
INFO:root:Epoch: 23, Validation loss: 4.031023, Validation Acc: 0.14322917
INFO:root:Epoch: 24, Train loss: 1.3781174, Train Acc: 0.61300504
INFO:root:Epoch: 24, Validation loss: 3.9711885, Validation Acc: 0.1328125
INFO:root:Epoch: 25, Train loss: 1.3116672, Train Acc: 0.6300505
INFO:root:Epoch: 25, Validation loss: 4.1542196, Validation Acc: 0.13541667
INFO:root:Epoch: 26, Train loss: 1.2928754, Train Acc: 0.6423611
INFO:root:Epoch: 26, Validation loss: 3.9347355, Validation Acc: 0.15885417
INFO:root:Epoch: 27, Train loss: 1.2287643, Train Acc: 0.65688133
INFO:root:Epoch: 27, Validation loss: 3.9483726, Validation Acc: 0.16145833
INFO:root:Epoch: 28, Train loss: 1.171565, Train Acc: 0.67645204
INFO:root:Epoch: 28, Validation loss: 4.0771537, Validation Acc: 0.15364583
INFO:root:Epoch: 29, Train loss: 1.1224244, Train Acc: 0.68813133
INFO:root:Epoch: 29, Validation loss: 4.108462, Validation Acc: 0.15364583
INFO:root:Epoch: 30, Train loss: 1.0946434, Train Acc: 0.69286615
INFO:root:Epoch: 30, Validation loss: 4.2188344, Validation Acc: 0.14322917
INFO:root:Epoch: 31, Train loss: 1.0115489, Train Acc: 0.7203283
INFO:root:Epoch: 31, Validation loss: 4.176416, Validation Acc: 0.125
INFO:root:Epoch: 32, Train loss: 1.0363759, Train Acc: 0.69823235
INFO:root:Epoch: 32, Validation loss: 4.330733, Validation Acc: 0.140625
INFO:root:Epoch: 33, Train loss: 0.9403379, Train Acc: 0.73295456
INFO:root:Epoch: 33, Validation loss: 4.0813375, Validation Acc: 0.1640625
INFO:root:Epoch: 34, Train loss: 0.89806706, Train Acc: 0.7427399
INFO:root:Epoch: 34, Validation loss: 4.2834725, Validation Acc: 0.16927083
INFO:root:Epoch: 35, Train loss: 0.9074065, Train Acc: 0.73800504
INFO:root:Epoch: 35, Validation loss: 4.2298474, Validation Acc: 0.1640625
INFO:root:Epoch: 36, Train loss: 0.82608765, Train Acc: 0.7594697
INFO:root:Epoch: 36, Validation loss: 4.422214, Validation Acc: 0.16666667
INFO:root:Epoch: 37, Train loss: 0.8209213, Train Acc: 0.7635732
INFO:root:Epoch: 37, Validation loss: 4.4225745, Validation Acc: 0.16927083
INFO:root:Epoch: 38, Train loss: 0.7515445, Train Acc: 0.7891414
INFO:root:Epoch: 38, Validation loss: 4.615608, Validation Acc: 0.140625
INFO:root:Epoch: 39, Train loss: 0.77139485, Train Acc: 0.7777778
INFO:root:Epoch: 39, Validation loss: 4.4948854, Validation Acc: 0.171875
INFO:root:Epoch: 40, Train loss: 0.6952939, Train Acc: 0.81186867
INFO:root:Epoch: 40, Validation loss: 4.332585, Validation Acc: 0.17708333
INFO:root:Epoch: 41, Train loss: 0.68085945, Train Acc: 0.80618685
INFO:root:Epoch: 41, Validation loss: 4.615179, Validation Acc: 0.15625
INFO:root:Epoch: 42, Train loss: 0.70086706, Train Acc: 0.79450756
INFO:root:Epoch: 42, Validation loss: 4.46993, Validation Acc: 0.1484375
INFO:root:Epoch: 43, Train loss: 0.66050196, Train Acc: 0.8181818
INFO:root:Epoch: 43, Validation loss: 4.361342, Validation Acc: 0.1640625
INFO:root:Epoch: 44, Train loss: 0.6738092, Train Acc: 0.8046086
INFO:root:Epoch: 44, Validation loss: 4.6643786, Validation Acc: 0.15364583
INFO:root:Epoch: 45, Train loss: 0.647494, Train Acc: 0.811553
INFO:root:Epoch: 45, Validation loss: 4.5959344, Validation Acc: 0.15364583
INFO:root:Epoch: 46, Train loss: 0.58673584, Train Acc: 0.8298611
INFO:root:Epoch: 46, Validation loss: 4.6702595, Validation Acc: 0.171875
INFO:root:Epoch: 47, Train loss: 0.56394464, Train Acc: 0.8314394
INFO:root:Epoch: 47, Validation loss: 4.6431746, Validation Acc: 0.15885417
INFO:root:Epoch: 48, Train loss: 0.5459376, Train Acc: 0.8377525
INFO:root:Epoch: 48, Validation loss: 4.702414, Validation Acc: 0.18229167
INFO:root:Epoch: 49, Train loss: 0.5615535, Train Acc: 0.83838385
INFO:root:Epoch: 49, Validation loss: 4.6453853, Validation Acc: 0.17447917
INFO:root:Epoch: 50, Train loss: 0.537669, Train Acc: 0.8424874
INFO:root:Epoch: 50, Validation loss: 4.6767297, Validation Acc: 0.16666667
INFO:root:Epoch: 51, Train loss: 0.48585752, Train Acc: 0.8626894
INFO:root:Epoch: 51, Validation loss: 4.694938, Validation Acc: 0.1796875
INFO:root:Epoch: 52, Train loss: 0.50039196, Train Acc: 0.8589015
INFO:root:Epoch: 52, Validation loss: 4.831388, Validation Acc: 0.16927083
INFO:root:Epoch: 53, Train loss: 0.51267916, Train Acc: 0.84564394
INFO:root:Epoch: 53, Validation loss: 4.9175777, Validation Acc: 0.14583333
INFO:root:Epoch: 54, Train loss: 0.48971224, Train Acc: 0.8598485
INFO:root:Epoch: 54, Validation loss: 4.628446, Validation Acc: 0.17708333
INFO:root:Epoch: 55, Train loss: 0.46807903, Train Acc: 0.8667929
INFO:root:Epoch: 55, Validation loss: 4.6479545, Validation Acc: 0.19010417
INFO:root:Epoch: 56, Train loss: 0.4609246, Train Acc: 0.8677399
INFO:root:Epoch: 56, Validation loss: 4.9319344, Validation Acc: 0.12760417
INFO:root:Epoch: 57, Train loss: 0.4425234, Train Acc: 0.875947
INFO:root:Epoch: 57, Validation loss: 4.620487, Validation Acc: 0.16927083
INFO:root:Epoch: 58, Train loss: 0.41700447, Train Acc: 0.88352275
INFO:root:Epoch: 58, Validation loss: 4.766061, Validation Acc: 0.1875
INFO:root:Epoch: 59, Train loss: 0.41606453, Train Acc: 0.88131315
INFO:root:Epoch: 59, Validation loss: 4.742408, Validation Acc: 0.15885417
INFO:root:Training from ep 0 to ep 60 finished
INFO:root:Best epoch: 56
